{"target": 29.083826457040924, "params": {"frequency_log": 2.0, "magnitude": 0.0002, "magnitude_min": -0.00035}, "datetime": {"datetime": "2024-04-07 20:25:08", "elapsed": 0.0, "delta": 0.0}}
{"target": 38.24238238862771, "params": {"frequency_log": 2.417777310057465, "magnitude": 0.00016025533843842045, "magnitude_min": -0.0005570160803514432}, "datetime": {"datetime": "2024-04-07 20:25:16", "elapsed": 8.424404, "delta": 8.424404}}
{"target": 20.323634205162115, "params": {"frequency_log": 4.985853337234232, "magnitude": 0.00034699522979316985, "magnitude_min": -0.00031121329294084814}, "datetime": {"datetime": "2024-04-07 20:25:23", "elapsed": 14.992956, "delta": 6.568552}}
{"target": 25.295291669940166, "params": {"frequency_log": 3.0488076235289077, "magnitude": 0.0006396000166706838, "magnitude_min": -0.000564427607792827}, "datetime": {"datetime": "2024-04-07 20:25:34", "elapsed": 26.016729, "delta": 11.023773}}
{"target": 34.768004737796815, "params": {"frequency_log": 2.753900720236416, "magnitude": 5.610154814842445e-05, "magnitude_min": -0.0006008052359503919}, "datetime": {"datetime": "2024-04-07 20:25:40", "elapsed": 32.586838, "delta": 6.570109}}
{"target": 22.343219541951207, "params": {"frequency_log": 2.4218093027560994, "magnitude": 0.0006709962248098691, "magnitude_min": -0.00033913858468488184}, "datetime": {"datetime": "2024-04-07 20:25:52", "elapsed": 44.131209, "delta": 11.544371}}
{"target": 27.41697591275955, "params": {"frequency_log": 4.775426605139247, "magnitude": 0.00044482017828215864, "magnitude_min": -0.0006712322635417012}, "datetime": {"datetime": "2024-04-07 20:26:04", "elapsed": 56.270784, "delta": 12.139575}}
{"target": 27.490766710115416, "params": {"frequency_log": 2.3685384448072546, "magnitude": 0.00039606883736732805, "magnitude_min": -0.00011993257169174972}, "datetime": {"datetime": "2024-04-07 20:26:13", "elapsed": 65.707561, "delta": 9.436777}}
{"target": 18.378022113358373, "params": {"frequency_log": 2.547361369274509, "magnitude": 0.0006563062655928461, "magnitude_min": -0.00011760514192211101}, "datetime": {"datetime": "2024-04-07 20:26:21", "elapsed": 73.74556, "delta": 8.037999}}
{"target": 26.605127320778898, "params": {"frequency_log": 4.864504838131132, "magnitude": 0.00046142930396928373, "magnitude_min": -0.0006785613585230717}, "datetime": {"datetime": "2024-04-07 20:26:34", "elapsed": 86.294647, "delta": 12.549087}}
{"target": 35.94005506334874, "params": {"frequency_log": 2.753888383799959, "magnitude": 7.9223580672109e-05, "magnitude_min": -0.0005979815497279821}, "datetime": {"datetime": "2024-04-07 20:26:42", "elapsed": 94.770467, "delta": 8.47582}}
{"target": 33.60872694282537, "params": {"frequency_log": 2.7540950356484233, "magnitude": 0.0002955653926274093, "magnitude_min": -0.0005633603568602493}, "datetime": {"datetime": "2024-04-07 20:26:55", "elapsed": 107.708848, "delta": 12.938381}}
{"target": 27.046274719645318, "params": {"frequency_log": 2.7536504938810458, "magnitude": 0.00044603893603697514, "magnitude_min": -0.0005759772810355452}, "datetime": {"datetime": "2024-04-07 20:27:10", "elapsed": 121.993824, "delta": 14.284976}}
{"target": 31.68743465766413, "params": {"frequency_log": 2.4178339105518827, "magnitude": 0.0004778921719428775, "magnitude_min": -0.0006808534226709032}, "datetime": {"datetime": "2024-04-07 20:27:25", "elapsed": 137.44972, "delta": 15.455896}}
{"target": 41.79100949884187, "params": {"frequency_log": 2.4180552322310818, "magnitude": 0.00017772369919769922, "magnitude_min": -0.0006861323464561798}, "datetime": {"datetime": "2024-04-07 20:27:36", "elapsed": 148.678814, "delta": 11.229094}}
{"target": 23.604721926133745, "params": {"frequency_log": 2.417713721886049, "magnitude": 0.00033198930544784175, "magnitude_min": -0.000347034956012544}, "datetime": {"datetime": "2024-04-07 20:27:50", "elapsed": 162.497898, "delta": 13.819084}}
{"target": 23.710624033919487, "params": {"frequency_log": 2.7541994532523355, "magnitude": 0.00025853957948673747, "magnitude_min": -0.00032139883809597654}, "datetime": {"datetime": "2024-04-07 20:28:02", "elapsed": 174.381219, "delta": 11.883321}}
{"target": 37.92773873025843, "params": {"frequency_log": 2.4177351285831934, "magnitude": 0.0002875640225168575, "magnitude_min": -0.0006455329148297599}, "datetime": {"datetime": "2024-04-07 20:28:16", "elapsed": 188.196169, "delta": 13.81495}}
{"target": 25.358117061075063, "params": {"frequency_log": 2.418098365566382, "magnitude": 0.0003121736728202155, "magnitude_min": -0.00037488265970466323}, "datetime": {"datetime": "2024-04-07 20:28:30", "elapsed": 202.66903, "delta": 14.472861}}
{"target": 38.326419419399315, "params": {"frequency_log": 2.417111082996376, "magnitude": 0.00023384874547223067, "magnitude_min": -0.000619719857174065}, "datetime": {"datetime": "2024-04-07 20:28:44", "elapsed": 216.094708, "delta": 13.425678}}
{"target": 37.14158569535301, "params": {"frequency_log": 2.4176054679021215, "magnitude": 3.5329332157934126e-05, "magnitude_min": -0.0006330236062247593}, "datetime": {"datetime": "2024-04-07 20:28:51", "elapsed": 222.836633, "delta": 6.741925}}
{"target": 25.83938850678933, "params": {"frequency_log": 2.417324892604119, "magnitude": 0.0006742451894074775, "magnitude_min": -0.0005688556365661524}, "datetime": {"datetime": "2024-04-07 20:29:03", "elapsed": 235.1312, "delta": 12.294567}}
{"target": 19.77275306525612, "params": {"frequency_log": 2.416903730901101, "magnitude": 0.0006309584253567296, "magnitude_min": -0.00020499229823046656}, "datetime": {"datetime": "2024-04-07 20:29:11", "elapsed": 243.497681, "delta": 8.366481}}
{"target": 34.33400574499096, "params": {"frequency_log": 2.416790366470026, "magnitude": 0.0002992299782856799, "magnitude_min": -0.0005073367981223667}, "datetime": {"datetime": "2024-04-07 20:29:22", "elapsed": 254.652879, "delta": 11.155198}}
{"target": 36.56123302618194, "params": {"frequency_log": 2.41832054045603, "magnitude": 1.6542376090020948e-05, "magnitude_min": -0.0006741079059077299}, "datetime": {"datetime": "2024-04-07 20:29:28", "elapsed": 260.611989, "delta": 5.95911}}
{"target": 36.47257580222313, "params": {"frequency_log": 2.4168187676270296, "magnitude": 1.3078939536942047e-05, "magnitude_min": -0.0006499820710987006}, "datetime": {"datetime": "2024-04-07 20:29:34", "elapsed": 266.625391, "delta": 6.013402}}
{"target": 34.77219607551325, "params": {"frequency_log": 2.4162770861548233, "magnitude": 0.0001673909501814243, "magnitude_min": -0.00048453526390168124}, "datetime": {"datetime": "2024-04-07 20:29:43", "elapsed": 275.512124, "delta": 8.886733}}
{"target": 26.522479088253995, "params": {"frequency_log": 2.415047167198253, "magnitude": 0.0002754226437126699, "magnitude_min": -0.0003656309759236472}, "datetime": {"datetime": "2024-04-07 20:29:53", "elapsed": 285.601301, "delta": 10.089177}}
{"target": 36.891902834130015, "params": {"frequency_log": 2.418797130506266, "magnitude": 7.09657932126994e-05, "magnitude_min": -0.0005473884751781579}, "datetime": {"datetime": "2024-04-07 20:30:00", "elapsed": 292.755765, "delta": 7.154464}}
{"target": 34.595468188505, "params": {"frequency_log": 2.4171800675907895, "magnitude": 1.8616313483449166e-06, "magnitude_min": -0.000467297330636667}, "datetime": {"datetime": "2024-04-07 20:30:07", "elapsed": 299.097007, "delta": 6.341242}}
{"target": 24.057124668651394, "params": {"frequency_log": 2.419021337500829, "magnitude": 0.00034157140278022057, "magnitude_min": -0.0003128945225227299}, "datetime": {"datetime": "2024-04-07 20:30:17", "elapsed": 309.750673, "delta": 10.653666}}
{"target": 26.099244953926075, "params": {"frequency_log": 2.4161746270769195, "magnitude": 0.0006639889228147343, "magnitude_min": -0.00068893850800898}, "datetime": {"datetime": "2024-04-07 20:30:30", "elapsed": 322.335438, "delta": 12.584765}}
{"target": 38.998256862291356, "params": {"frequency_log": 2.4178363370836684, "magnitude": 2.1614581577973514e-05, "magnitude_min": -0.0005940167139511099}, "datetime": {"datetime": "2024-04-07 20:30:37", "elapsed": 328.785988, "delta": 6.45055}}
{"target": 39.334172588783964, "params": {"frequency_log": 2.4185336836370497, "magnitude": 0.0003132697336634984, "magnitude_min": -0.0006582601923378166}, "datetime": {"datetime": "2024-04-07 20:30:47", "elapsed": 339.635174, "delta": 10.849186}}
{"target": 23.321995415933614, "params": {"frequency_log": 2.4167198335569626, "magnitude": 5.013825689452319e-05, "magnitude_min": -0.0002777836982939226}, "datetime": {"datetime": "2024-04-07 20:30:54", "elapsed": 346.524148, "delta": 6.888974}}
{"target": 42.849547184871355, "params": {"frequency_log": 2.4178598263425095, "magnitude": 0.0001624793087243868, "magnitude_min": -0.000697035173528017}, "datetime": {"datetime": "2024-04-07 20:31:04", "elapsed": 355.797627, "delta": 9.273479}}
{"target": 21.400025832790416, "params": {"frequency_log": 2.4159146231605897, "magnitude": 0.00011022027292848318, "magnitude_min": -2.566325588157568e-05}, "datetime": {"datetime": "2024-04-07 20:31:10", "elapsed": 361.972161, "delta": 6.174534}}
{"target": 20.790857728161757, "params": {"frequency_log": 3.77795158535859, "magnitude": 0.0003384207817423401, "magnitude_min": -0.00012813029956598374}, "datetime": {"datetime": "2024-04-07 20:31:18", "elapsed": 369.787417, "delta": 7.815256}}
{"target": 19.546977345363704, "params": {"frequency_log": 3.1901875019300907, "magnitude": 6.859767010622913e-05, "magnitude_min": -0.00012141670942583302}, "datetime": {"datetime": "2024-04-07 20:31:22", "elapsed": 374.334255, "delta": 4.546838}}
{"target": 24.976061127838904, "params": {"frequency_log": 2.33096556826422, "magnitude": 0.0006584888636493731, "magnitude_min": -0.00043442411246707275}, "datetime": {"datetime": "2024-04-07 20:31:34", "elapsed": 386.140591, "delta": 11.806336}}
{"target": 20.56068661166679, "params": {"frequency_log": 3.8679277641321517, "magnitude": 0.00045907211659618105, "magnitude_min": -6.831564938559965e-05}, "datetime": {"datetime": "2024-04-07 20:31:40", "elapsed": 392.503262, "delta": 6.362671}}
{"target": 22.493675703135388, "params": {"frequency_log": 4.380215306076719, "magnitude": 0.0003982468515955022, "magnitude_min": -0.0004312412443249021}, "datetime": {"datetime": "2024-04-07 20:31:51", "elapsed": 402.805804, "delta": 10.302542}}
{"target": 24.503419266628615, "params": {"frequency_log": 2.2933958922824864, "magnitude": 0.0002925419710230771, "magnitude_min": -0.0003265186095564759}, "datetime": {"datetime": "2024-04-07 20:32:02", "elapsed": 413.884654, "delta": 11.07885}}
{"target": 19.74774288500962, "params": {"frequency_log": 3.983014651024962, "magnitude": 0.000668358587867795, "magnitude_min": -0.00020982492575080387}, "datetime": {"datetime": "2024-04-07 20:32:09", "elapsed": 421.214268, "delta": 7.329614}}
{"target": 21.842403657716225, "params": {"frequency_log": 4.91977761047225, "magnitude": 0.0006976465272192056, "magnitude_min": -0.0003798761374921184}, "datetime": {"datetime": "2024-04-07 20:32:18", "elapsed": 430.23352, "delta": 9.019252}}
{"target": 27.169535041935685, "params": {"frequency_log": 2.0013603831121287, "magnitude": 0.0005460523603670785, "magnitude_min": -0.00030032185090822446}, "datetime": {"datetime": "2024-04-07 20:32:29", "elapsed": 441.283793, "delta": 11.050273}}
{"target": 24.801874356768895, "params": {"frequency_log": 2.7849722811537605, "magnitude": 0.0004314165179074572, "magnitude_min": -0.00038302149252172213}, "datetime": {"datetime": "2024-04-07 20:32:40", "elapsed": 452.271295, "delta": 10.987502}}
{"target": 23.44460140598573, "params": {"frequency_log": 3.0766250029769187, "magnitude": 0.00040812023672677787, "magnitude_min": -0.00011563935779527383}, "datetime": {"datetime": "2024-04-07 20:32:47", "elapsed": 459.645989, "delta": 7.374694}}
{"target": 25.87546312716123, "params": {"frequency_log": 2.418675262764223, "magnitude": 0.0006595635652927698, "magnitude_min": -0.000568729710839492}, "datetime": {"datetime": "2024-04-07 20:33:02", "elapsed": 473.83958, "delta": 14.193591}}
{"target": 20.94949034467932, "params": {"frequency_log": 4.09757962900292, "magnitude": 0.0004876141926857324, "magnitude_min": -0.00013429670466864616}, "datetime": {"datetime": "2024-04-07 20:33:09", "elapsed": 481.659047, "delta": 7.819467}}
{"target": 26.073532254367233, "params": {"frequency_log": 2.9602350392518373, "magnitude": 0.0006587550013129879, "magnitude_min": -0.0006774139905214399}, "datetime": {"datetime": "2024-04-07 20:33:24", "elapsed": 496.68388, "delta": 15.024833}}
{"target": 25.082485476272883, "params": {"frequency_log": 2.753471818682145, "magnitude": 6.573348367027452e-05, "magnitude_min": -0.00032736480940633554}, "datetime": {"datetime": "2024-04-07 20:33:33", "elapsed": 505.450785, "delta": 8.766905}}
{"target": 38.378250710690764, "params": {"frequency_log": 2.4164370666318606, "magnitude": 7.037267066488673e-06, "magnitude_min": -0.0006333069210464655}, "datetime": {"datetime": "2024-04-07 20:33:41", "elapsed": 513.014061, "delta": 7.563276}}
{"target": 22.241421370602616, "params": {"frequency_log": 4.365898174146386, "magnitude": 0.00037184047279235487, "magnitude_min": -0.0004992082420709745}, "datetime": {"datetime": "2024-04-07 20:33:53", "elapsed": 525.397051, "delta": 12.38299}}
{"target": 20.302127457987186, "params": {"frequency_log": 4.660096101269771, "magnitude": 4.329975110743212e-05, "magnitude_min": -0.0005261884085929893}, "datetime": {"datetime": "2024-04-07 20:34:00", "elapsed": 532.097898, "delta": 6.700847}}
{"target": 41.12530824655865, "params": {"frequency_log": 2.416215328912233, "magnitude": 6.042230107141533e-05, "magnitude_min": -0.0006839254370130179}, "datetime": {"datetime": "2024-04-07 20:34:08", "elapsed": 540.631958, "delta": 8.53406}}
{"target": 17.841013073711913, "params": {"frequency_log": 4.613870096726394, "magnitude": 0.0007, "magnitude_min": 0.0}, "datetime": {"datetime": "2024-04-07 20:34:14", "elapsed": 545.968638, "delta": 5.33668}}
{"target": 23.231576001489557, "params": {"frequency_log": 3.2817982541563975, "magnitude": 5.1482740437789945e-05, "magnitude_min": -0.00038316203067193227}, "datetime": {"datetime": "2024-04-07 20:34:22", "elapsed": 554.081241, "delta": 8.112603}}
{"target": 24.152833864689804, "params": {"frequency_log": 3.484878147246402, "magnitude": 0.0003595104118545631, "magnitude_min": -0.0004594121809620976}, "datetime": {"datetime": "2024-04-07 20:34:35", "elapsed": 566.928374, "delta": 12.847133}}
{"target": 17.561803203431992, "params": {"frequency_log": 5.0, "magnitude": 0.0, "magnitude_min": 0.0}, "datetime": {"datetime": "2024-04-07 20:34:39", "elapsed": 571.637124, "delta": 4.70875}}
{"target": 33.868393051290326, "params": {"frequency_log": 2.1325610788033984, "magnitude": 1.2860575268997964e-05, "magnitude_min": -0.00042660855623972196}, "datetime": {"datetime": "2024-04-07 20:34:48", "elapsed": 580.728949, "delta": 9.091825}}
{"target": 25.980141419360987, "params": {"frequency_log": 2.1326122600873334, "magnitude": 0.0005126780974325413, "magnitude_min": -0.0006078208577448586}, "datetime": {"datetime": "2024-04-07 20:35:05", "elapsed": 596.824028, "delta": 16.095079}}
{"target": 22.13701072091036, "params": {"frequency_log": 2.1319410558604517, "magnitude": 0.00010653249475502589, "magnitude_min": -0.00022598238840915933}, "datetime": {"datetime": "2024-04-07 20:35:14", "elapsed": 605.899255, "delta": 9.075227}}
{"target": 34.769793935516056, "params": {"frequency_log": 2.134049374314278, "magnitude": 0.0003902628125320173, "magnitude_min": -0.000644894331819481}, "datetime": {"datetime": "2024-04-07 20:35:29", "elapsed": 621.465893, "delta": 15.566638}}
{"target": 26.8259305151254, "params": {"frequency_log": 2.134144953952253, "magnitude": 0.00029896513801138823, "magnitude_min": -0.00024333498277740633}, "datetime": {"datetime": "2024-04-07 20:35:39", "elapsed": 631.617456, "delta": 10.151563}}
{"target": 23.126615723392725, "params": {"frequency_log": 2.132785444396099, "magnitude": 0.0001043680342659347, "magnitude_min": -8.074116117119342e-06}, "datetime": {"datetime": "2024-04-07 20:35:45", "elapsed": 636.90183, "delta": 5.284374}}
{"target": 43.32216714341765, "params": {"frequency_log": 2.133053607964532, "magnitude": 1.547289657673474e-05, "magnitude_min": -0.0005877199424790414}, "datetime": {"datetime": "2024-04-07 20:35:51", "elapsed": 643.333964, "delta": 6.432134}}
{"target": 35.189275399948194, "params": {"frequency_log": 2.1335757134751256, "magnitude": 3.6503983117044966e-05, "magnitude_min": -0.0004115934200951251}, "datetime": {"datetime": "2024-04-07 20:36:01", "elapsed": 652.918067, "delta": 9.584103}}
{"target": 29.640148896852494, "params": {"frequency_log": 2.1330386234517533, "magnitude": 7.980379157900553e-05, "magnitude_min": -0.0003198497395367474}, "datetime": {"datetime": "2024-04-07 20:36:11", "elapsed": 663.321581, "delta": 10.403514}}
{"target": 25.29356861673968, "params": {"frequency_log": 2.133757718529121, "magnitude": 0.0006931688960410064, "magnitude_min": -0.0005645483131722135}, "datetime": {"datetime": "2024-04-07 20:36:26", "elapsed": 678.315992, "delta": 14.994411}}
{"target": 36.14202540724536, "params": {"frequency_log": 2.1329964449981373, "magnitude": 0.0002742227021871625, "magnitude_min": -0.0005287961941031095}, "datetime": {"datetime": "2024-04-07 20:36:40", "elapsed": 692.065799, "delta": 13.749807}}
{"target": 41.322905354836784, "params": {"frequency_log": 2.1336331840937475, "magnitude": 0.0002683029952026346, "magnitude_min": -0.000585656428609625}, "datetime": {"datetime": "2024-04-07 20:36:53", "elapsed": 705.578064, "delta": 13.512265}}
{"target": 39.07493658911234, "params": {"frequency_log": 2.4166800147907415, "magnitude": 0.0003262866403409034, "magnitude_min": -0.0006833943844838348}, "datetime": {"datetime": "2024-04-07 20:37:07", "elapsed": 719.324401, "delta": 13.746337}}
{"target": 39.44318501175248, "params": {"frequency_log": 2.1333819338299165, "magnitude": 0.00033708131119342507, "magnitude_min": -0.000642209770831315}, "datetime": {"datetime": "2024-04-07 20:37:21", "elapsed": 733.630764, "delta": 14.306363}}
{"target": 19.084034618651497, "params": {"frequency_log": 2.6785243652746393, "magnitude": 0.0006418032993208261, "magnitude_min": -0.00018059583120435846}, "datetime": {"datetime": "2024-04-07 20:37:31", "elapsed": 742.906046, "delta": 9.275282}}
{"target": 43.66674134456517, "params": {"frequency_log": 2.1354495344913955, "magnitude": 6.011136773529806e-05, "magnitude_min": -0.0006470221453570436}, "datetime": {"datetime": "2024-04-07 20:37:40", "elapsed": 751.839385, "delta": 8.933339}}
{"target": 24.342976436208755, "params": {"frequency_log": 2.135560135195451, "magnitude": 0.0006419112505844527, "magnitude_min": -0.00038315570593696127}, "datetime": {"datetime": "2024-04-07 20:37:53", "elapsed": 765.237112, "delta": 13.397727}}
{"target": 42.2787880281759, "params": {"frequency_log": 2.1348072466166395, "magnitude": 0.00022934408326656566, "magnitude_min": -0.0006418337575389127}, "datetime": {"datetime": "2024-04-07 20:38:06", "elapsed": 778.077041, "delta": 12.839929}}
{"target": 27.63014684868013, "params": {"frequency_log": 2.135164518758269, "magnitude": 0.00030913617108534457, "magnitude_min": -0.00041255048150958565}, "datetime": {"datetime": "2024-04-07 20:38:20", "elapsed": 792.014369, "delta": 13.937328}}
{"target": 23.545724026572955, "params": {"frequency_log": 2.13560667094573, "magnitude": 8.11528721010261e-05, "magnitude_min": -0.00023939839281236894}, "datetime": {"datetime": "2024-04-07 20:38:29", "elapsed": 801.354312, "delta": 9.339943}}
{"target": 26.09098402245438, "params": {"frequency_log": 2.1348515156235153, "magnitude": 0.0006142459580831215, "magnitude_min": -0.0006821733142555305}, "datetime": {"datetime": "2024-04-07 20:38:44", "elapsed": 816.580931, "delta": 15.226619}}
{"target": 42.295712808031965, "params": {"frequency_log": 2.1333835137457138, "magnitude": 8.745642512107616e-05, "magnitude_min": -0.0006902683232549803}, "datetime": {"datetime": "2024-04-07 20:38:53", "elapsed": 825.494762, "delta": 8.913831}}
{"target": 22.66237684007528, "params": {"frequency_log": 2.8181409115797775, "magnitude": 0.0004376763673350785, "magnitude_min": -8.362342410709721e-05}, "datetime": {"datetime": "2024-04-07 20:39:01", "elapsed": 833.225151, "delta": 7.730389}}
{"target": 41.29145579497272, "params": {"frequency_log": 2.133173693663568, "magnitude": 6.004526276763243e-05, "magnitude_min": -0.0006583983494638098}, "datetime": {"datetime": "2024-04-07 20:39:09", "elapsed": 841.778518, "delta": 8.553367}}
{"target": 41.532178806831354, "params": {"frequency_log": 2.134874299094838, "magnitude": 6.095991564316806e-05, "magnitude_min": -0.0005608561684895511}, "datetime": {"datetime": "2024-04-07 20:39:18", "elapsed": 850.577877, "delta": 8.799359}}
{"target": 41.226435573903686, "params": {"frequency_log": 2.136311510009461, "magnitude": 0.0002935831999502412, "magnitude_min": -0.0006816681915252454}, "datetime": {"datetime": "2024-04-07 20:39:32", "elapsed": 863.849199, "delta": 13.271322}}
{"target": 38.42519916157471, "params": {"frequency_log": 2.1344239202672783, "magnitude": 0.0001259392922608776, "magnitude_min": -0.0005346985781284281}, "datetime": {"datetime": "2024-04-07 20:39:42", "elapsed": 874.361099, "delta": 10.5119}}
{"target": 30.606427278390452, "params": {"frequency_log": 2.136700532221628, "magnitude": 4.45971282655898e-05, "magnitude_min": -0.0003866865857026243}, "datetime": {"datetime": "2024-04-07 20:39:51", "elapsed": 883.468513, "delta": 9.107414}}
{"target": 44.66796632232066, "params": {"frequency_log": 2.134753808541471, "magnitude": 0.00013585283472496805, "magnitude_min": -0.0006891782960908913}, "datetime": {"datetime": "2024-04-07 20:40:01", "elapsed": 893.301945, "delta": 9.833432}}
