{"target": 35.60141962919768, "params": {"frequency_log": 2.4158528417008625, "magnitude": 1.4833766958388939e-05, "magnitude_min": -0.0006834608098503713}, "datetime": {"datetime": "2024-04-07 20:40:08", "elapsed": 900.470276, "delta": 7.168331}}
{"target": 41.620449387506625, "params": {"frequency_log": 2.1337061852684283, "magnitude": 7.587500477936054e-05, "magnitude_min": -0.0006677152525598974}, "datetime": {"datetime": "2024-04-07 20:40:17", "elapsed": 909.37605, "delta": 8.905774}}
{"target": 26.26131080392708, "params": {"frequency_log": 2.13708154101095, "magnitude": 0.00060916466534282, "magnitude_min": -0.0006956548221139034}, "datetime": {"datetime": "2024-04-07 20:40:32", "elapsed": 924.420491, "delta": 15.044441}}
{"target": 20.15114248667696, "params": {"frequency_log": 2.935625704138321, "magnitude": 0.0006220357484256778, "magnitude_min": -0.00020750908788808628}, "datetime": {"datetime": "2024-04-07 20:40:42", "elapsed": 934.13765, "delta": 9.717159}}
{"target": 43.53792745688903, "params": {"frequency_log": 2.136024035793553, "magnitude": 0.0002619865082368031, "magnitude_min": -0.0006680385554212628}, "datetime": {"datetime": "2024-04-07 20:40:55", "elapsed": 946.817888, "delta": 12.680238}}
{"target": 39.49664643843199, "params": {"frequency_log": 2.1352627652086187, "magnitude": 2.2564719138713517e-05, "magnitude_min": -0.0006709149041296748}, "datetime": {"datetime": "2024-04-07 20:41:02", "elapsed": 954.446758, "delta": 7.62887}}
{"target": 22.25403339792588, "params": {"frequency_log": 4.5594749583670495, "magnitude": 0.00046960290830380013, "magnitude_min": -0.00037095572169966337}, "datetime": {"datetime": "2024-04-07 20:41:13", "elapsed": 965.4619, "delta": 11.015142}}
{"target": 43.97796859262123, "params": {"frequency_log": 2.135936334932795, "magnitude": 8.866112661280663e-05, "magnitude_min": -0.000678960034768905}, "datetime": {"datetime": "2024-04-07 20:41:22", "elapsed": 974.293054, "delta": 8.831154}}
{"target": 25.74731151886205, "params": {"frequency_log": 2.136388511827109, "magnitude": 0.0005756241331900016, "magnitude_min": -0.0003085110892236243}, "datetime": {"datetime": "2024-04-07 20:41:34", "elapsed": 986.734256, "delta": 12.441202}}
{"target": 24.119475648456408, "params": {"frequency_log": 3.3895684423067918, "magnitude": 0.0004905669737464823, "magnitude_min": -0.00039435143000939564}, "datetime": {"datetime": "2024-04-07 20:41:47", "elapsed": 999.214988, "delta": 12.480732}}
{"target": 27.094897342501312, "params": {"frequency_log": 4.34778889331737, "magnitude": 0.00026631295756489917, "magnitude_min": -0.0006008636331863431}, "datetime": {"datetime": "2024-04-07 20:41:57", "elapsed": 1008.930932, "delta": 9.715944}}
{"target": 32.39886796378805, "params": {"frequency_log": 2.8084413210196537, "magnitude": 0.00020659561025290884, "magnitude_min": -0.00048158976133845494}, "datetime": {"datetime": "2024-04-07 20:42:06", "elapsed": 1018.601244, "delta": 9.670312}}
{"target": 44.70068330265918, "params": {"frequency_log": 2.1363124717671873, "magnitude": 7.473835003243271e-05, "magnitude_min": -0.0006714307815590321}, "datetime": {"datetime": "2024-04-07 20:42:14", "elapsed": 1026.660664, "delta": 8.05942}}
{"target": 25.94707548964174, "params": {"frequency_log": 2.8092760468926277, "magnitude": 0.0005098682088619836, "magnitude_min": -0.000364157142515048}, "datetime": {"datetime": "2024-04-07 20:42:26", "elapsed": 1038.00259, "delta": 11.341926}}
{"target": 24.135752396163866, "params": {"frequency_log": 2.807528980320786, "magnitude": 0.0004929540094554233, "magnitude_min": -0.00046261325555568735}, "datetime": {"datetime": "2024-04-07 20:42:38", "elapsed": 1050.219459, "delta": 12.216869}}
{"target": 24.317551102160962, "params": {"frequency_log": 3.6326340850131813, "magnitude": 0.0006493031955000948, "magnitude_min": -0.0006662093214396724}, "datetime": {"datetime": "2024-04-07 20:42:51", "elapsed": 1063.049414, "delta": 12.829955}}
{"target": 31.869655481327637, "params": {"frequency_log": 2.115370769638016, "magnitude": 0.0001264526557918328, "magnitude_min": -0.00039438663183191436}, "datetime": {"datetime": "2024-04-07 20:43:00", "elapsed": 1072.767387, "delta": 9.717973}}
