{"target": -100.0, "params": {"E_EA": 76.83826433678834, "E_MC": 20.06838144289498, "J": -3.2429721644044633}, "datetime": {"datetime": "2024-05-07 22:48:57", "elapsed": 143.23141, "delta": 19.217763}}
{"target": -100.0, "params": {"E_EA": 34.84816624356909, "E_MC": 17.671159546348107, "J": 11.571631919557088}, "datetime": {"datetime": "2024-05-07 22:49:14", "elapsed": 211.533, "delta": 61.307712}}
{"target": -100.0, "params": {"E_EA": 129.6386961720184, "E_MC": 9.692109195325706, "J": 17.896640573123925}, "datetime": {"datetime": "2024-05-07 22:49:16", "elapsed": 67.340428, "delta": 23.665607}}
{"target": -100.0, "params": {"E_EA": 72.20588380715674, "E_MC": 24.347229092098083, "J": -10.232832822227898}, "datetime": {"datetime": "2024-05-07 22:49:22", "elapsed": 168.137583, "delta": 24.906173}}
{"target": -100.0, "params": {"E_EA": 129.13193460444054, "E_MC": 25.941029368284543, "J": -18.994672568007314}, "datetime": {"datetime": "2024-05-07 22:49:38", "elapsed": 89.705052, "delta": 22.364624}}
{"target": -100.0, "params": {"E_EA": 144.44719895541866, "E_MC": 7.2370478220356445, "J": -17.9423463648949}, "datetime": {"datetime": "2024-05-07 22:49:39", "elapsed": 236.376043, "delta": 24.843043}}
{"target": -80.04752368810388, "params": {"E_EA": 75.25030765373391, "E_MC": 10.708866450401395, "J": -6.795420219287166}, "datetime": {"datetime": "2024-05-07 22:49:45", "elapsed": 190.841015, "delta": 22.703432}}
{"target": -100.0, "params": {"E_EA": 89.76692388557181, "E_MC": 4.435750306854308, "J": 16.13775452570532}, "datetime": {"datetime": "2024-05-07 22:49:55", "elapsed": 106.370785, "delta": 16.665733}}
{"target": -5.677649533465182, "params": {"E_EA": 90.40671144602514, "E_MC": 9.09707997998534, "J": -6.4817344630111595}, "datetime": {"datetime": "2024-05-07 22:49:58", "elapsed": 255.215842, "delta": 18.839799}}
{"target": -100.0, "params": {"E_EA": 73.68117644095565, "E_MC": 19.149565779394386, "J": -19.805907460311374}, "datetime": {"datetime": "2024-05-07 22:50:02", "elapsed": 0.0, "delta": 0.0}}
{"target": -100.0, "params": {"E_EA": 43.622336917123945, "E_MC": 18.343663103799685, "J": 4.646151933731694}, "datetime": {"datetime": "2024-05-07 22:50:07", "elapsed": 212.607077, "delta": 21.766062}}
{"target": -100.0, "params": {"E_EA": 29.319925814718374, "E_MC": 7.430284916414085, "J": 14.915524017656182}, "datetime": {"datetime": "2024-05-07 22:50:15", "elapsed": 126.049252, "delta": 19.678467}}
{"target": -28.290463394993477, "params": {"E_EA": 69.19747501229638, "E_MC": 25.570018605925554, "J": 13.984805381861506}, "datetime": {"datetime": "2024-05-07 22:50:22", "elapsed": 19.866319, "delta": 19.866319}}
{"target": -100.0, "params": {"E_EA": 143.25576092546535, "E_MC": 10.247121465428588, "J": -8.757192495870205}, "datetime": {"datetime": "2024-05-07 22:50:23", "elapsed": 229.141055, "delta": 16.533978}}
{"target": -100.0, "params": {"E_EA": 130.65644585704734, "E_MC": 16.63394998130883, "J": 0.8282535582438371}, "datetime": {"datetime": "2024-05-07 22:50:33", "elapsed": 144.486981, "delta": 18.437729}}
{"target": -53.95047451064396, "params": {"E_EA": 133.69022983044692, "E_MC": 21.496833072891405, "J": -13.706241984817439}, "datetime": {"datetime": "2024-05-07 22:50:46", "elapsed": 43.621807, "delta": 23.755488}}
{"target": -65.89886271600209, "params": {"E_EA": 49.0866236292604, "E_MC": 7.642490438963382, "J": 1.122723567351617}, "datetime": {"datetime": "2024-05-07 22:50:58", "elapsed": 169.318907, "delta": 24.831926}}
{"target": -100.0, "params": {"E_EA": 63.82138109230057, "E_MC": 7.790452428038736, "J": -7.731829684827559}, "datetime": {"datetime": "2024-05-07 22:51:06", "elapsed": 0.0, "delta": 0.0}}
{"target": -100.0, "params": {"E_EA": 118.25865727651237, "E_MC": 23.957234833391073, "J": 14.053430708762946}, "datetime": {"datetime": "2024-05-07 22:51:10", "elapsed": 68.099689, "delta": 24.477882}}
{"target": -91.29096978456742, "params": {"E_EA": 103.03448997288638, "E_MC": 15.943826651656781, "J": -1.6803387898294773}, "datetime": {"datetime": "2024-05-07 22:51:20", "elapsed": 191.597847, "delta": 22.27894}}
{"target": -100.0, "params": {"E_EA": 140.35154376260482, "E_MC": 11.025320362851188, "J": 6.851487552449186}, "datetime": {"datetime": "2024-05-07 22:51:31", "elapsed": 88.274697, "delta": 20.175008}}
{"target": -100.0, "params": {"E_EA": 37.949026395810684, "E_MC": 5.729453150295372, "J": -19.2455904420601}, "datetime": {"datetime": "2024-05-07 22:51:50", "elapsed": 43.571589, "delta": 43.571589}}
{"target": -86.49928298309736, "params": {"E_EA": 40.13776728254314, "E_MC": 17.58176605500067, "J": 17.206179861668403}, "datetime": {"datetime": "2024-05-07 22:51:57", "elapsed": 114.976058, "delta": 26.701361}}
{"target": -100.0, "params": {"E_EA": 67.37965340613543, "E_MC": 18.291913934760984, "J": -1.6249100859201704}, "datetime": {"datetime": "2024-05-07 22:52:23", "elapsed": 77.12708, "delta": 33.555491}}
{"target": -100.0, "params": {"E_EA": 34.81608627843444, "E_MC": 26.336877035975185, "J": -12.36431209213877}, "datetime": {"datetime": "2024-05-07 22:52:37", "elapsed": 154.386216, "delta": 39.410158}}
{"target": -100.0, "params": {"E_EA": 41.227294194272176, "E_MC": 16.443388781796468, "J": -4.546179779462459}, "datetime": {"datetime": "2024-05-07 22:52:46", "elapsed": 100.074402, "delta": 22.947322}}
{"target": -100.0, "params": {"E_EA": 124.0773412634381, "E_MC": 9.175276292632253, "J": -11.819549830441263}, "datetime": {"datetime": "2024-05-07 22:52:54", "elapsed": 171.683712, "delta": 17.297496}}
{"target": -100.0, "params": {"E_EA": 133.21160896806492, "E_MC": 21.37572602870329, "J": 7.240000830340708}, "datetime": {"datetime": "2024-05-07 22:53:05", "elapsed": 0.0, "delta": 0.0}}
{"target": -100.0, "params": {"E_EA": 121.19139725506284, "E_MC": 9.79831684039024, "J": 13.842013059823763}, "datetime": {"datetime": "2024-05-07 22:53:10", "elapsed": 187.71255, "delta": 16.028838}}
{"target": -84.36557895125883, "params": {"E_EA": 113.219418438182, "E_MC": 28.60996780426699, "J": -7.011498534349423}, "datetime": {"datetime": "2024-05-07 22:53:12", "elapsed": 126.310493, "delta": 26.236091}}
{"target": -25.49961600310046, "params": {"E_EA": 86.90921878121154, "E_MC": 8.547873888238202, "J": -5.11018142910444}, "datetime": {"datetime": "2024-05-07 22:53:30", "elapsed": 25.178188, "delta": 25.178188}}
{"target": -100.0, "params": {"E_EA": 45.6364710831211, "E_MC": 13.506749442318199, "J": 12.408093119137696}, "datetime": {"datetime": "2024-05-07 22:53:33", "elapsed": 147.394498, "delta": 21.084005}}
{"target": -100.0, "params": {"E_EA": 66.88749980189513, "E_MC": 8.669024224182806, "J": -16.26120732202412}, "datetime": {"datetime": "2024-05-07 22:53:38", "elapsed": 215.970531, "delta": 28.257981}}
{"target": -100.0, "params": {"E_EA": 95.04161262200839, "E_MC": 10.117562906605333, "J": 13.514757747636573}, "datetime": {"datetime": "2024-05-07 22:53:57", "elapsed": 171.261446, "delta": 23.866948}}
{"target": -100.0, "params": {"E_EA": 108.72210888207864, "E_MC": 28.897560992799296, "J": 10.263438967589067}, "datetime": {"datetime": "2024-05-07 22:54:17", "elapsed": 191.401148, "delta": 20.139702}}
{"target": -100.0, "params": {"E_EA": 34.72099528537473, "E_MC": 6.342050834582755, "J": -5.516088416140207}, "datetime": {"datetime": "2024-05-07 22:54:22", "elapsed": 77.204324, "delta": 52.026136}}
{"target": -64.92711240494789, "params": {"E_EA": 104.23559501103982, "E_MC": 10.476598237300674, "J": -16.31738500074382}, "datetime": {"datetime": "2024-05-07 22:54:41", "elapsed": 214.828629, "delta": 23.427481}}
{"target": -65.42134816740116, "params": {"E_EA": 91.72448439906536, "E_MC": 19.283379162777504, "J": -2.839822838173621}, "datetime": {"datetime": "2024-05-07 22:54:42", "elapsed": 0.0, "delta": 0.0}}
{"target": -100.0, "params": {"E_EA": 65.64618225219303, "E_MC": 3.3428119649733947, "J": 13.368355966575216}, "datetime": {"datetime": "2024-05-07 22:54:48", "elapsed": 102.752327, "delta": 25.548003}}
{"target": -100.0, "params": {"E_EA": 72.66899128064468, "E_MC": 8.76510001563437, "J": -18.68730644521625}, "datetime": {"datetime": "2024-05-07 22:55:11", "elapsed": 29.085117, "delta": 29.085117}}
{"target": -100.0, "params": {"E_EA": 45.47816923563082, "E_MC": 4.532719020540287, "J": -2.305240108087059}, "datetime": {"datetime": "2024-05-07 22:55:21", "elapsed": 135.986773, "delta": 33.234446}}
{"target": -100.0, "params": {"E_EA": 48.09576479924136, "E_MC": 12.437997426529918, "J": -16.61016344062974}, "datetime": {"datetime": "2024-05-07 22:55:39", "elapsed": 57.561877, "delta": 28.47676}}
{"target": -84.48866252841627, "params": {"E_EA": 22.121143373840464, "E_MC": 7.252244495609926, "J": 6.593052731237439}, "datetime": {"datetime": "2024-05-07 22:55:42", "elapsed": 276.292044, "delta": 61.463415}}
{"target": -32.235158346792474, "params": {"E_EA": 91.0730334500376, "E_MC": 8.248445165633715, "J": -6.203230776396449}, "datetime": {"datetime": "2024-05-07 22:55:44", "elapsed": 158.730499, "delta": 22.743726}}
{"target": -85.99586321866919, "params": {"E_EA": 87.6908431191381, "E_MC": 8.822481308835037, "J": -14.711556579911601}, "datetime": {"datetime": "2024-05-07 22:56:01", "elapsed": 79.678311, "delta": 22.116434}}
{"target": -100.0, "params": {"E_EA": 91.65785572471749, "E_MC": 27.1178723345096, "J": -12.507885579123862}, "datetime": {"datetime": "2024-05-07 22:56:10", "elapsed": 184.939779, "delta": 26.20928}}
{"target": -100.0, "params": {"E_EA": 136.75028383064046, "E_MC": 13.938978192723246, "J": 4.554218953969581}, "datetime": {"datetime": "2024-05-07 22:56:25", "elapsed": 102.772597, "delta": 23.094286}}
{"target": -100.0, "params": {"E_EA": 145.9076527929227, "E_MC": 3.0645341428981157, "J": 14.644661940718933}, "datetime": {"datetime": "2024-05-07 22:56:30", "elapsed": 204.725853, "delta": 19.786074}}
{"target": -100.0, "params": {"E_EA": 60.18889521088943, "E_MC": 16.599779117091593, "J": 14.746645934496271}, "datetime": {"datetime": "2024-05-07 22:56:45", "elapsed": 123.700148, "delta": 20.927551}}
{"target": -100.0, "params": {"E_EA": 57.93953523400829, "E_MC": 17.891965355689823, "J": -15.258775726872233}, "datetime": {"datetime": "2024-05-07 22:56:58", "elapsed": 0.0, "delta": 0.0}}
{"target": -7.248114634519159, "params": {"E_EA": 64.34031970637682, "E_MC": 10.859776634566934, "J": 0.6657427925289348}, "datetime": {"datetime": "2024-05-07 22:57:00", "elapsed": 234.790905, "delta": 30.065052}}
{"target": -100.0, "params": {"E_EA": 147.1939514711209, "E_MC": 27.29445269303633, "J": 8.728728287424676}, "datetime": {"datetime": "2024-05-07 22:57:12", "elapsed": 150.095459, "delta": 26.395311}}
{"target": -99.53027727288695, "params": {"E_EA": 104.53195362910044, "E_MC": 28.390678940359944, "J": -6.99621780259076}, "datetime": {"datetime": "2024-05-07 22:57:31", "elapsed": 32.909826, "delta": 32.909826}}
{"target": -100.0, "params": {"E_EA": 71.30681804993985, "E_MC": 7.993428530063868, "J": 1.7213448388148578}, "datetime": {"datetime": "2024-05-07 22:57:41", "elapsed": 179.061156, "delta": 28.965697}}
{"target": -96.49264329535723, "params": {"E_EA": 121.34599574415064, "E_MC": 25.845755668803342, "J": -19.49349339020417}, "datetime": {"datetime": "2024-05-07 22:57:56", "elapsed": 58.360095, "delta": 25.450269}}
{"target": -62.99102358306463, "params": {"E_EA": 32.858010614714075, "E_MC": 23.50477231700685, "J": 18.81906965546945}, "datetime": {"datetime": "2024-05-07 22:58:06", "elapsed": 300.828274, "delta": 66.037369}}
{"target": -100.0, "params": {"E_EA": 55.35821649005458, "E_MC": 12.921770979341579, "J": -7.03694286676971}, "datetime": {"datetime": "2024-05-07 22:58:17", "elapsed": 78.979255, "delta": 20.61916}}
{"target": -100.0, "params": {"E_EA": 23.79954796093845, "E_MC": 22.210822626295755, "J": 7.847881069027068}, "datetime": {"datetime": "2024-05-07 22:58:40", "elapsed": 238.350134, "delta": 59.288978}}
{"target": -94.30049696916294, "params": {"E_EA": 129.83249712614506, "E_MC": 26.672571483764617, "J": -18.60977490973948}, "datetime": {"datetime": "2024-05-07 22:58:43", "elapsed": 104.816609, "delta": 25.837354}}
{"target": -100.0, "params": {"E_EA": 43.42237415957952, "E_MC": 16.688587632586835, "J": -18.16304682232616}, "datetime": {"datetime": "2024-05-07 22:58:55", "elapsed": 0.0, "delta": 0.0}}
{"target": -90.22187933901661, "params": {"E_EA": 95.47371773319774, "E_MC": 19.58189819797353, "J": 3.2015211530605505}, "datetime": {"datetime": "2024-05-07 22:59:13", "elapsed": 134.944334, "delta": 30.127725}}
{"target": -100.0, "params": {"E_EA": 39.692105925769326, "E_MC": 21.443950480715003, "J": -11.752691737475711}, "datetime": {"datetime": "2024-05-07 22:59:21", "elapsed": 279.193581, "delta": 40.843447}}
{"target": -100.0, "params": {"E_EA": 119.12116656795436, "E_MC": 22.0815436078545, "J": 4.233923653301996}, "datetime": {"datetime": "2024-05-07 22:59:25", "elapsed": 30.125102, "delta": 30.125102}}
{"target": -100.0, "params": {"E_EA": 89.45433813718722, "E_MC": 3.8753067110436517, "J": 3.481475589316215}, "datetime": {"datetime": "2024-05-07 22:59:36", "elapsed": 158.307514, "delta": 23.36318}}
{"target": -100.0, "params": {"E_EA": 116.63988922390291, "E_MC": 3.7708897923198323, "J": 0.1770286782208217}, "datetime": {"datetime": "2024-05-07 22:59:52", "elapsed": 174.429898, "delta": 16.122384}}
{"target": -100.0, "params": {"E_EA": 32.76586024248644, "E_MC": 12.051954374006431, "J": -1.2207079784720243}, "datetime": {"datetime": "2024-05-07 23:00:14", "elapsed": 78.864432, "delta": 48.73933}}
{"target": -100.0, "params": {"E_EA": 145.90230059399354, "E_MC": 28.451320053278664, "J": 3.108009613885958}, "datetime": {"datetime": "2024-05-07 23:00:14", "elapsed": 195.811789, "delta": 21.381891}}
{"target": -100.0, "params": {"E_EA": 106.77032521330013, "E_MC": 3.28704681668043, "J": 6.35469123611481}, "datetime": {"datetime": "2024-05-07 23:00:18", "elapsed": 0.0, "delta": 0.0}}
{"target": -100.0, "params": {"E_EA": 124.880209065515, "E_MC": 26.799810966786715, "J": 6.836480826865213}, "datetime": {"datetime": "2024-05-07 23:00:45", "elapsed": 110.138788, "delta": 31.274356}}
{"target": -100.0, "params": {"E_EA": 138.0343392874261, "E_MC": 7.333153685109526, "J": -1.408604861283365}, "datetime": {"datetime": "2024-05-07 23:00:46", "elapsed": 27.624512, "delta": 27.624512}}
{"target": -100.0, "params": {"E_EA": 82.72441486929164, "E_MC": 23.89432367846872, "J": -11.234940757932073}, "datetime": {"datetime": "2024-05-07 23:00:49", "elapsed": 230.55625, "delta": 34.744461}}
{"target": -100.0, "params": {"E_EA": 53.872387663188405, "E_MC": 16.923451204643754, "J": 1.514222792734742}, "datetime": {"datetime": "2024-05-07 23:01:16", "elapsed": 140.945078, "delta": 30.80629}}
{"target": -100.0, "params": {"E_EA": 38.57530299947836, "E_MC": 21.303642661985005, "J": -15.788410200875948}, "datetime": {"datetime": "2024-05-07 23:01:19", "elapsed": 61.310977, "delta": 33.686465}}
{"target": -20.364246847154238, "params": {"E_EA": 134.30229608430244, "E_MC": 22.45478162943577, "J": -7.921663772326784}, "datetime": {"datetime": "2024-05-07 23:01:39", "elapsed": 164.547857, "delta": 23.602779}}
{"target": -100.0, "params": {"E_EA": 61.579761232851254, "E_MC": 4.105113047479069, "J": -16.683055381221564}, "datetime": {"datetime": "2024-05-07 23:01:44", "elapsed": 85.559448, "delta": 24.248471}}
{"target": -100.0, "params": {"E_EA": 80.19835524355517, "E_MC": 17.256923538752474, "J": 14.557855237416156}, "datetime": {"datetime": "2024-05-07 23:02:08", "elapsed": 192.719386, "delta": 28.171529}}
{"target": -100.0, "params": {"E_EA": 141.77635057351057, "E_MC": 9.804823933721236, "J": -9.777012482581874}, "datetime": {"datetime": "2024-05-07 23:02:09", "elapsed": 0.0, "delta": 0.0}}
{"target": -100.0, "params": {"E_EA": 56.407186352723095, "E_MC": 12.077811249946649, "J": 9.973508558546875}, "datetime": {"datetime": "2024-05-07 23:02:10", "elapsed": 111.937646, "delta": 26.378198}}
{"target": -46.06426427582539, "params": {"E_EA": 96.42661707205195, "E_MC": 4.279001773811647, "J": -10.522953130967615}, "datetime": {"datetime": "2024-05-07 23:02:34", "elapsed": 136.139668, "delta": 24.202022}}
{"target": -100.0, "params": {"E_EA": 83.1508274489628, "E_MC": 23.822360435986358, "J": -13.767896199616946}, "datetime": {"datetime": "2024-05-07 23:02:43", "elapsed": 34.422156, "delta": 34.422156}}
{"target": -87.27102235651033, "params": {"E_EA": 89.01592176459016, "E_MC": 3.80898890046368, "J": -18.055212353622714}, "datetime": {"datetime": "2024-05-07 23:03:06", "elapsed": 57.48222, "delta": 23.060064}}
{"target": -100.0, "params": {"E_EA": 32.53132413922949, "E_MC": 22.596801308814364, "J": 16.38441619816829}, "datetime": {"datetime": "2024-05-07 23:03:07", "elapsed": 251.840494, "delta": 59.121108}}
{"target": -100.0, "params": {"E_EA": 37.51691684829136, "E_MC": 27.959463578149776, "J": 7.000627118966488}, "datetime": {"datetime": "2024-05-07 23:03:10", "elapsed": 171.960818, "delta": 35.82115}}
{"target": -6.1137710675945165, "params": {"E_EA": 91.18031097408857, "E_MC": 8.832939559630653, "J": -6.72350259529634}, "datetime": {"datetime": "2024-05-07 23:03:31", "elapsed": 275.701832, "delta": 23.861338}}
{"target": -100.0, "params": {"E_EA": 140.3544161033663, "E_MC": 9.518196706657669, "J": 4.71033428484656}, "datetime": {"datetime": "2024-05-07 23:03:34", "elapsed": 84.924703, "delta": 27.442483}}
{"target": -90.4757796943112, "params": {"E_EA": 110.5739300901451, "E_MC": 19.64406772435877, "J": -17.46081088468727}, "datetime": {"datetime": "2024-05-07 23:03:37", "elapsed": 198.526241, "delta": 26.565423}}
{"target": -100.0, "params": {"E_EA": 92.63575130011195, "E_MC": 28.887786242646012, "J": -16.933897978242094}, "datetime": {"datetime": "2024-05-07 23:03:55", "elapsed": 299.706251, "delta": 24.004419}}
{"target": -68.19132440749405, "params": {"E_EA": 124.08660037586392, "E_MC": 28.712486793091493, "J": -6.333116719234608}, "datetime": {"datetime": "2024-05-07 23:03:58", "elapsed": 109.235793, "delta": 24.31109}}
{"target": -15.876047108538623, "params": {"E_EA": 133.52364106631217, "E_MC": 14.736882172836154, "J": -13.96385330900253}, "datetime": {"datetime": "2024-05-07 23:04:05", "elapsed": 226.782951, "delta": 28.25671}}
{"target": -100.0, "params": {"E_EA": 110.90980915870372, "E_MC": 28.198404368668243, "J": 6.8103598069968925}, "datetime": {"datetime": "2024-05-07 23:04:16", "elapsed": 126.817743, "delta": 17.58195}}
{"target": -100.0, "params": {"E_EA": 107.43819131680861, "E_MC": 28.848674887137516, "J": -17.408995808576115}, "datetime": {"datetime": "2024-05-07 23:04:25", "elapsed": 247.285635, "delta": 20.502684}}
{"target": -53.68411409492432, "params": {"E_EA": 133.46977695854713, "E_MC": 21.825838284668745, "J": -5.104361839409632}, "datetime": {"datetime": "2024-05-07 23:04:33", "elapsed": 0.0, "delta": 0.0}}
{"target": -100.0, "params": {"E_EA": 75.09200318823842, "E_MC": 8.96417526270513, "J": -18.060326881164023}, "datetime": {"datetime": "2024-05-07 23:04:39", "elapsed": 150.492613, "delta": 23.67487}}
{"target": -4.667540808553828, "params": {"E_EA": 68.72156980315151, "E_MC": 11.876753923303697, "J": 0.6688008922295268}, "datetime": {"datetime": "2024-05-07 23:05:01", "elapsed": 28.126487, "delta": 28.126487}}
{"target": -100.0, "params": {"E_EA": 130.21983229567428, "E_MC": 20.29942553640544, "J": 18.997449903785153}, "datetime": {"datetime": "2024-05-07 23:05:23", "elapsed": 49.362319, "delta": 21.235832}}
{"target": -62.805275907683736, "params": {"E_EA": 36.94711261054198, "E_MC": 11.309049914671396, "J": 8.534495487335985}, "datetime": {"datetime": "2024-05-07 23:05:32", "elapsed": 203.300407, "delta": 52.807794}}
{"target": -100.0, "params": {"E_EA": 81.97762911100477, "E_MC": 20.12632612375004, "J": 11.937724479279616}, "datetime": {"datetime": "2024-05-07 23:05:43", "elapsed": 0.0, "delta": 0.0}}
{"target": -100.0, "params": {"E_EA": 91.54284166896055, "E_MC": 18.78573985982328, "J": 13.944284195479042}, "datetime": {"datetime": "2024-05-07 23:05:46", "elapsed": 73.089682, "delta": 23.727363}}
{"target": -64.89679679809463, "params": {"E_EA": 87.83594046665004, "E_MC": 20.966390096903343, "J": -1.1506299763246766}, "datetime": {"datetime": "2024-05-07 23:06:07", "elapsed": 237.596402, "delta": 34.295995}}
{"target": -100.0, "params": {"E_EA": 104.46904447032418, "E_MC": 8.197472291288133, "J": 5.983532873329661}, "datetime": {"datetime": "2024-05-07 23:06:09", "elapsed": 25.855065, "delta": 25.855065}}
{"target": -100.0, "params": {"E_EA": 127.20539618252367, "E_MC": 29.36596558648744, "J": 18.897921765405663}, "datetime": {"datetime": "2024-05-07 23:06:38", "elapsed": 54.648085, "delta": 28.79302}}
{"target": -100.0, "params": {"E_EA": 31.35602127673877, "E_MC": 20.13562207955182, "J": -3.0121291057041866}, "datetime": {"datetime": "2024-05-07 23:06:45", "elapsed": 131.185884, "delta": 58.096202}}
{"target": -100.0, "params": {"E_EA": 89.3831223690898, "E_MC": 12.219148893986004, "J": 3.3499772009292883}, "datetime": {"datetime": "2024-05-07 23:07:04", "elapsed": 80.404978, "delta": 25.756893}}
{"target": -56.39707730801028, "params": {"E_EA": 21.35240099230171, "E_MC": 14.351335741026176, "J": 15.201169879540743}, "datetime": {"datetime": "2024-05-07 23:07:05", "elapsed": 296.15856, "delta": 58.562158}}
{"target": -100.0, "params": {"E_EA": 52.17122906298207, "E_MC": 18.71994423291071, "J": -1.8153150847472546}, "datetime": {"datetime": "2024-05-07 23:07:14", "elapsed": 160.197286, "delta": 29.011402}}
{"target": -100.0, "params": {"E_EA": 97.32972003967184, "E_MC": 7.504133894927642, "J": 2.7104723261182144}, "datetime": {"datetime": "2024-05-07 23:07:32", "elapsed": 108.03723, "delta": 27.632252}}
{"target": -100.0, "params": {"E_EA": 43.09529379457621, "E_MC": 17.988042787827673, "J": -0.8256131332029959}, "datetime": {"datetime": "2024-05-07 23:07:45", "elapsed": 191.89718, "delta": 31.699894}}
