{"target": -3.6678468258197543, "params": {"E_EA": 65.0, "E_MC": 9.0, "J": 0.0}, "datetime": {"datetime": "2024-05-07 21:36:58", "elapsed": 0.0, "delta": 0.0}}
{"target": -100.0, "params": {"E_EA": 62.926590450629746, "E_MC": 5.933279631353766, "J": 10.179232015432405}, "datetime": {"datetime": "2024-05-07 21:36:59", "elapsed": 0.557994, "delta": 0.557994}}
{"target": -100.0, "params": {"E_EA": 120.47189488158658, "E_MC": 12.106391742194667, "J": 2.263959709975918}, "datetime": {"datetime": "2024-05-07 21:37:00", "elapsed": 1.690595, "delta": 1.132601}}
{"target": -66.43488969183717, "params": {"E_EA": 125.17533920806115, "E_MC": 9.06492526039192, "J": -12.938469676169756}, "datetime": {"datetime": "2024-05-07 21:37:01", "elapsed": 3.251041, "delta": 1.560446}}
{"target": -90.94452016289927, "params": {"E_EA": 64.52305250434334, "E_MC": 20.13193424792486, "J": 4.596545911607592}, "datetime": {"datetime": "2024-05-07 21:37:02", "elapsed": 3.410912, "delta": 3.410912}}
{"target": -100.0, "params": {"E_EA": 81.32915583604287, "E_MC": 4.567059953283367, "J": 14.731529078605043}, "datetime": {"datetime": "2024-05-07 21:37:02", "elapsed": 3.710102, "delta": 0.459061}}
{"target": -100.0, "params": {"E_EA": 111.45176332395948, "E_MC": 23.097160175799704, "J": 15.437359196790233}, "datetime": {"datetime": "2024-05-07 21:37:02", "elapsed": 3.937372, "delta": 0.52646}}
{"target": -71.98500557662324, "params": {"E_EA": 62.02409129589222, "E_MC": 25.22959909171467, "J": 17.579908874595795}, "datetime": {"datetime": "2024-05-07 21:37:04", "elapsed": 5.859402, "delta": 1.92203}}
{"target": -100.0, "params": {"E_EA": 68.77320853734366, "E_MC": 17.704308778748704, "J": -11.242408065657434}, "datetime": {"datetime": "2024-05-07 21:37:05", "elapsed": 7.222333, "delta": 3.512231}}
{"target": -100.0, "params": {"E_EA": 115.58409405021753, "E_MC": 16.729219368701536, "J": 19.966779233129508}, "datetime": {"datetime": "2024-05-07 21:37:06", "elapsed": 7.827154, "delta": 0.604821}}
{"target": -87.22657891741757, "params": {"E_EA": 114.22741569433663, "E_MC": 16.559137970897293, "J": -18.286474712470593}, "datetime": {"datetime": "2024-05-07 21:37:07", "elapsed": 9.345246, "delta": 3.485844}}
{"target": -4.777000289838134, "params": {"E_EA": 96.87978845836231, "E_MC": 6.169488869949216, "J": -10.85155858872315}, "datetime": {"datetime": "2024-05-07 21:37:10", "elapsed": 12.125584, "delta": 2.780338}}
{"target": -100.0, "params": {"E_EA": 62.757060378757686, "E_MC": 19.433937816631083, "J": -0.6420639328492719}, "datetime": {"datetime": "2024-05-07 21:37:10", "elapsed": 12.371742, "delta": 4.544588}}
{"target": -100.0, "params": {"E_EA": 56.818351643396994, "E_MC": 6.722605352117852, "J": 14.840579019984695}, "datetime": {"datetime": "2024-05-07 21:37:11", "elapsed": 13.008894, "delta": 0.637152}}
{"target": -1.9028997141849475, "params": {"E_EA": 65.44972672211723, "E_MC": 8.745461091143294, "J": -0.8059441075808067}, "datetime": {"datetime": "2024-05-07 21:37:14", "elapsed": 15.851276, "delta": 2.842382}}
{"target": -100.0, "params": {"E_EA": 46.502531363416686, "E_MC": 4.229732536384016, "J": -8.894468731815032}, "datetime": {"datetime": "2024-05-07 21:37:15", "elapsed": 17.185014, "delta": 5.05943}}
{"target": -5.608655015359102, "params": {"E_EA": 62.03653843277329, "E_MC": 5.674786226731966, "J": -2.103525617188019}, "datetime": {"datetime": "2024-05-07 21:37:17", "elapsed": 19.115051, "delta": 3.263775}}
{"target": -100.0, "params": {"E_EA": 69.0057154731015, "E_MC": 3.0, "J": -0.8980578141879235}, "datetime": {"datetime": "2024-05-07 21:37:18", "elapsed": 19.924066, "delta": 0.809015}}
{"target": -32.334417980803124, "params": {"E_EA": 64.91418389464255, "E_MC": 9.967757769134492, "J": -1.1595621272692185}, "datetime": {"datetime": "2024-05-07 21:37:19", "elapsed": 20.492864, "delta": 3.30785}}
{"target": -100.0, "params": {"E_EA": 65.1528723058676, "E_MC": 6.555788602336163, "J": 0.3817141065976009}, "datetime": {"datetime": "2024-05-07 21:37:21", "elapsed": 22.482073, "delta": 1.989209}}
{"target": -95.37342041812862, "params": {"E_EA": 61.94594034406941, "E_MC": 9.811228137241958, "J": -3.2847505699204023}, "datetime": {"datetime": "2024-05-07 21:37:22", "elapsed": 24.403316, "delta": 4.47925}}
{"target": -39.39507315970151, "params": {"E_EA": 98.15308434339453, "E_MC": 4.829134105057518, "J": -10.514805645972292}, "datetime": {"datetime": "2024-05-07 21:37:23", "elapsed": 24.967109, "delta": 2.485036}}
{"target": -100.0, "params": {"E_EA": 63.389663247787674, "E_MC": 7.195074917710897, "J": 0.7091380448429163}, "datetime": {"datetime": "2024-05-07 21:37:25", "elapsed": 26.681967, "delta": 2.278651}}
{"target": -3.054288611314991, "params": {"E_EA": 65.14047714667473, "E_MC": 9.558672690970685, "J": 0.37330673100508704}, "datetime": {"datetime": "2024-05-07 21:37:26", "elapsed": 27.837915, "delta": 2.870806}}
{"target": -21.858356703619485, "params": {"E_EA": 60.87130827005777, "E_MC": 5.758300642878531, "J": -2.857855782515003}, "datetime": {"datetime": "2024-05-07 21:37:28", "elapsed": 30.213357, "delta": 3.53139}}
{"target": -49.48909036522086, "params": {"E_EA": 95.59361122047382, "E_MC": 6.7622017331608335, "J": -12.770981707213416}, "datetime": {"datetime": "2024-05-07 21:37:29", "elapsed": 31.272411, "delta": 3.434496}}
{"target": -30.73832838231346, "params": {"E_EA": 66.18721274357597, "E_MC": 10.370134564578427, "J": -1.03619179235573}, "datetime": {"datetime": "2024-05-07 21:37:32", "elapsed": 33.491017, "delta": 3.27766}}
{"target": -6.868789718051842, "params": {"E_EA": 96.70089402548507, "E_MC": 7.059578936284446, "J": -9.44341211118672}, "datetime": {"datetime": "2024-05-07 21:37:32", "elapsed": 33.951386, "delta": 2.678975}}
{"target": -19.256526051444812, "params": {"E_EA": 96.8427585893498, "E_MC": 8.101154991986505, "J": -10.472389201078197}, "datetime": {"datetime": "2024-05-07 21:37:35", "elapsed": 36.895795, "delta": 2.944409}}
{"target": -1.5357567327853006, "params": {"E_EA": 63.139246740162235, "E_MC": 9.661689332494314, "J": 0.8158600944320896}, "datetime": {"datetime": "2024-05-07 21:37:38", "elapsed": 39.8328, "delta": 2.937005}}
{"target": -31.37220040178695, "params": {"E_EA": 94.82461801778112, "E_MC": 5.401392667117734, "J": -9.49196922905103}, "datetime": {"datetime": "2024-05-07 21:37:41", "elapsed": 42.495812, "delta": 2.663012}}
{"target": -2.479484198756128, "params": {"E_EA": 63.36392315904207, "E_MC": 11.313954396361357, "J": 2.2020676185128063}, "datetime": {"datetime": "2024-05-07 21:37:51", "elapsed": 0.0, "delta": 0.0}}
{"target": -11.983001251931318, "params": {"E_EA": 62.72867877180853, "E_MC": 3.8978702779109904, "J": -3.5185865713676345}, "datetime": {"datetime": "2024-05-07 21:37:54", "elapsed": 3.624733, "delta": 3.624733}}
{"target": -5.29918115220745, "params": {"E_EA": 60.02451424685857, "E_MC": 10.783843173106865, "J": 1.9220879977878695}, "datetime": {"datetime": "2024-05-07 21:37:58", "elapsed": 7.079391, "delta": 3.454658}}
{"target": -100.0, "params": {"E_EA": 60.59207289564154, "E_MC": 10.2180451435811, "J": 3.8362612756642775}, "datetime": {"datetime": "2024-05-07 21:38:01", "elapsed": 9.713905, "delta": 2.634514}}
{"target": -100.0, "params": {"E_EA": 58.50740974332883, "E_MC": 11.623358456783407, "J": -0.508838693093054}, "datetime": {"datetime": "2024-05-07 21:38:05", "elapsed": 14.044423, "delta": 4.330518}}
{"target": -59.33415081663222, "params": {"E_EA": 60.86308605953619, "E_MC": 11.60973692869787, "J": 0.7079587318978682}, "datetime": {"datetime": "2024-05-07 21:38:09", "elapsed": 17.723161, "delta": 3.678738}}
{"target": -92.48792417444675, "params": {"E_EA": 66.43754105809423, "E_MC": 11.34488433041384, "J": 3.128233856752516}, "datetime": {"datetime": "2024-05-07 21:38:11", "elapsed": 19.901454, "delta": 2.178293}}
{"target": -5.583739971132597, "params": {"E_EA": 98.61547058656966, "E_MC": 7.196055924101839, "J": -9.993622121247988}, "datetime": {"datetime": "2024-05-07 21:38:13", "elapsed": 22.493437, "delta": 2.591983}}
{"target": -32.53041105384282, "params": {"E_EA": 98.3712925293982, "E_MC": 8.02849726388946, "J": -8.032769834620288}, "datetime": {"datetime": "2024-05-07 21:38:16", "elapsed": 24.855025, "delta": 2.361588}}
{"target": -16.24728132094707, "params": {"E_EA": 98.20882504198254, "E_MC": 6.7759117319069935, "J": -11.77034711666697}, "datetime": {"datetime": "2024-05-07 21:38:19", "elapsed": 27.855151, "delta": 3.000126}}
{"target": -30.576523865025738, "params": {"E_EA": 63.32199721377142, "E_MC": 5.895586456369481, "J": -3.7724303778995276}, "datetime": {"datetime": "2024-05-07 21:38:25", "elapsed": 0.0, "delta": 0.0}}
{"target": -26.432520291862666, "params": {"E_EA": 99.89812278776692, "E_MC": 8.919238470324355, "J": -11.023358647596783}, "datetime": {"datetime": "2024-05-07 21:38:28", "elapsed": 2.888694, "delta": 2.888694}}
{"target": -100.0, "params": {"E_EA": 59.87602327650638, "E_MC": 3.5123886373209956, "J": -2.14383875974546}, "datetime": {"datetime": "2024-05-07 21:38:31", "elapsed": 5.242816, "delta": 2.354122}}
{"target": -100.0, "params": {"E_EA": 97.19232375230453, "E_MC": 5.469820710392874, "J": -7.85072015581121}, "datetime": {"datetime": "2024-05-07 21:38:32", "elapsed": 6.580164, "delta": 1.337348}}
{"target": -11.627025065438085, "params": {"E_EA": 94.63213119575451, "E_MC": 7.712235431765048, "J": -9.721898765016705}, "datetime": {"datetime": "2024-05-07 21:38:35", "elapsed": 9.475795, "delta": 2.895631}}
{"target": -17.548103718437556, "params": {"E_EA": 95.10583380586445, "E_MC": 9.938170288570863, "J": -8.513232441703607}, "datetime": {"datetime": "2024-05-07 21:38:37", "elapsed": 12.041535, "delta": 2.56574}}
{"target": -6.326394762611123, "params": {"E_EA": 93.60958932057412, "E_MC": 8.287414586440054, "J": -7.713445814915165}, "datetime": {"datetime": "2024-05-07 21:38:40", "elapsed": 14.561782, "delta": 2.520247}}
{"target": -34.25482532259554, "params": {"E_EA": 92.70287543786024, "E_MC": 9.409710855437076, "J": -9.246501133472663}, "datetime": {"datetime": "2024-05-07 21:38:42", "elapsed": 17.13023, "delta": 2.568448}}
{"target": -11.020725334534566, "params": {"E_EA": 100.6655314801919, "E_MC": 6.351287577705133, "J": -10.607963968226217}, "datetime": {"datetime": "2024-05-07 21:38:45", "elapsed": 19.766922, "delta": 2.636692}}
{"target": -8.622763819339852, "params": {"E_EA": 100.87357414381945, "E_MC": 6.582265365339241, "J": -10.727037370953067}, "datetime": {"datetime": "2024-05-07 21:38:46", "elapsed": 0.0, "delta": 0.0}}
{"target": -4.48025053853716, "params": {"E_EA": 102.37229824440632, "E_MC": 7.404608831970875, "J": -10.861355620702717}, "datetime": {"datetime": "2024-05-07 21:38:47", "elapsed": 22.058771, "delta": 2.291849}}
{"target": -15.660415132304639, "params": {"E_EA": 93.79714926772269, "E_MC": 10.011782073876308, "J": -5.931346703583337}, "datetime": {"datetime": "2024-05-07 21:38:48", "elapsed": 2.021948, "delta": 2.021948}}
{"target": -7.946572408346182, "params": {"E_EA": 102.58056217056277, "E_MC": 8.084264394205842, "J": -10.054823371306853}, "datetime": {"datetime": "2024-05-07 21:38:51", "elapsed": 4.228418, "delta": 2.20647}}
{"target": -67.5293303992303, "params": {"E_EA": 101.2486921912799, "E_MC": 7.484941472226033, "J": -8.565743970570795}, "datetime": {"datetime": "2024-05-07 21:38:53", "elapsed": 6.36983, "delta": 2.141412}}
{"target": -6.337464041344768, "params": {"E_EA": 103.99157275666357, "E_MC": 6.5953621759677805, "J": -11.691957628420372}, "datetime": {"datetime": "2024-05-07 21:38:55", "elapsed": 8.786941, "delta": 2.417111}}
{"target": -85.50623799040832, "params": {"E_EA": 103.28110593571799, "E_MC": 4.39294724060194, "J": -11.58998442022729}, "datetime": {"datetime": "2024-05-07 21:38:57", "elapsed": 11.023208, "delta": 2.236267}}
{"target": -43.98962053437518, "params": {"E_EA": 102.84818311736066, "E_MC": 8.445801084720554, "J": -13.422780765535869}, "datetime": {"datetime": "2024-05-07 21:38:58", "elapsed": 0.0, "delta": 0.0}}
{"target": -92.86008322556447, "params": {"E_EA": 92.00091518326653, "E_MC": 7.931081930050149, "J": -5.720564956200153}, "datetime": {"datetime": "2024-05-07 21:39:00", "elapsed": 2.17574, "delta": 2.17574}}
{"target": -12.012666449295962, "params": {"E_EA": 102.80332205931865, "E_MC": 7.617125310116718, "J": -11.894949251752918}, "datetime": {"datetime": "2024-05-07 21:39:00", "elapsed": 13.903714, "delta": 2.880506}}
{"target": -14.741453082748135, "params": {"E_EA": 104.73560916091712, "E_MC": 7.602821323318595, "J": -10.494735331506543}, "datetime": {"datetime": "2024-05-07 21:39:02", "elapsed": 4.230103, "delta": 2.054363}}
{"target": -11.216501616572337, "params": {"E_EA": 104.28690843757906, "E_MC": 8.775484730318302, "J": -11.29429819679185}, "datetime": {"datetime": "2024-05-07 21:39:03", "elapsed": 16.311879, "delta": 2.408165}}
{"target": -3.7791581580642615, "params": {"E_EA": 102.184110454151, "E_MC": 5.574578352248178, "J": -12.29865039363316}, "datetime": {"datetime": "2024-05-07 21:39:05", "elapsed": 6.719873, "delta": 2.48977}}
{"target": -43.63341671546158, "params": {"E_EA": 95.526101667113, "E_MC": 8.695695950102305, "J": -6.631025590034665}, "datetime": {"datetime": "2024-05-07 21:39:05", "elapsed": 18.410612, "delta": 2.098733}}
{"target": -46.09090606000706, "params": {"E_EA": 104.8474503863629, "E_MC": 7.310221448650352, "J": -9.858578412871822}, "datetime": {"datetime": "2024-05-07 21:39:07", "elapsed": 20.781252, "delta": 2.37064}}
{"target": -33.94397712257427, "params": {"E_EA": 95.66679449572197, "E_MC": 8.92355876434661, "J": -6.575985952091989}, "datetime": {"datetime": "2024-05-07 21:39:07", "elapsed": 9.160991, "delta": 2.441118}}
{"target": -100.0, "params": {"E_EA": 103.4073878103648, "E_MC": 3.3990810316226607, "J": -10.66535333813681}, "datetime": {"datetime": "2024-05-07 21:39:09", "elapsed": 10.9875, "delta": 1.826509}}
{"target": -18.895095815737143, "params": {"E_EA": 100.17533199294253, "E_MC": 6.479428218841739, "J": -12.370198670503015}, "datetime": {"datetime": "2024-05-07 21:39:12", "elapsed": 13.438557, "delta": 2.451057}}
{"target": -9.45868262410129, "params": {"E_EA": 105.08312276403005, "E_MC": 10.130314091765385, "J": -9.169956744884985}, "datetime": {"datetime": "2024-05-07 21:39:14", "elapsed": 15.464493, "delta": 2.025936}}
{"target": -23.016686852463575, "params": {"E_EA": 103.5209491642619, "E_MC": 10.16121748133509, "J": -10.787691990218994}, "datetime": {"datetime": "2024-05-07 21:39:16", "elapsed": 17.72887, "delta": 2.264377}}
{"target": -14.477514752937072, "params": {"E_EA": 96.12282413894195, "E_MC": 11.67993638405501, "J": -7.021553302015629}, "datetime": {"datetime": "2024-05-07 21:39:17", "elapsed": 0.0, "delta": 0.0}}
{"target": -100.0, "params": {"E_EA": 106.15842386592196, "E_MC": 8.54336234585494, "J": -7.121296122461885}, "datetime": {"datetime": "2024-05-07 21:39:18", "elapsed": 19.708321, "delta": 1.979451}}
{"target": -13.153649311608525, "params": {"E_EA": 102.55650600387791, "E_MC": 11.087085604318283, "J": -9.04502857264346}, "datetime": {"datetime": "2024-05-07 21:39:20", "elapsed": 2.575242, "delta": 2.575242}}
{"target": -34.25110906089929, "params": {"E_EA": 104.54727198807926, "E_MC": 12.197742646319849, "J": -10.327163940098709}, "datetime": {"datetime": "2024-05-07 21:39:22", "elapsed": 5.335109, "delta": 2.759867}}
{"target": -27.403654865787203, "params": {"E_EA": 93.6438524897115, "E_MC": 12.34437668718009, "J": -6.694286765931172}, "datetime": {"datetime": "2024-05-07 21:39:25", "elapsed": 8.156179, "delta": 2.82107}}
{"target": -13.997585879534792, "params": {"E_EA": 98.70596636646928, "E_MC": 11.193809149599776, "J": -7.987792886542264}, "datetime": {"datetime": "2024-05-07 21:39:28", "elapsed": 10.59898, "delta": 2.442801}}
{"target": -94.08658236883679, "params": {"E_EA": 96.52242190153038, "E_MC": 10.379548387097646, "J": -4.841678473915415}, "datetime": {"datetime": "2024-05-07 21:39:30", "elapsed": 12.780843, "delta": 2.181863}}
{"target": -55.29995335016643, "params": {"E_EA": 97.41732610003582, "E_MC": 11.845761316841019, "J": -9.606945759964042}, "datetime": {"datetime": "2024-05-07 21:39:33", "elapsed": 15.707623, "delta": 2.92678}}
{"target": -8.884615880114263, "params": {"E_EA": 106.04403034577531, "E_MC": 7.577565253028888, "J": -12.421855577968893}, "datetime": {"datetime": "2024-05-07 21:39:35", "elapsed": 18.429704, "delta": 2.722081}}
{"target": -74.17367620748489, "params": {"E_EA": 105.20744545885105, "E_MC": 10.927244145674221, "J": -6.699321238782581}, "datetime": {"datetime": "2024-05-07 21:39:38", "elapsed": 20.700483, "delta": 2.270779}}
{"target": -13.54099196913663, "params": {"E_EA": 107.92822466965639, "E_MC": 10.297285798495505, "J": -11.128804593465365}, "datetime": {"datetime": "2024-05-07 21:39:40", "elapsed": 22.919194, "delta": 2.218711}}
{"target": -19.954870414044052, "params": {"E_EA": 106.60068629968764, "E_MC": 9.29304247158397, "J": -11.930799154798848}, "datetime": {"datetime": "2024-05-07 21:39:43", "elapsed": 0.0, "delta": 0.0}}
{"target": -38.813733593352865, "params": {"E_EA": 101.27132943206249, "E_MC": 6.004137779505198, "J": -14.787538597694581}, "datetime": {"datetime": "2024-05-07 21:39:46", "elapsed": 2.727999, "delta": 2.727999}}
{"target": -19.917674353262722, "params": {"E_EA": 108.86811512063439, "E_MC": 7.796517456626698, "J": -13.772728769854803}, "datetime": {"datetime": "2024-05-07 21:39:48", "elapsed": 5.490195, "delta": 2.762196}}
{"target": -8.54640490110241, "params": {"E_EA": 107.7944751312671, "E_MC": 5.297009082466992, "J": -13.39230297062771}, "datetime": {"datetime": "2024-05-07 21:39:51", "elapsed": 8.398695, "delta": 2.9085}}
{"target": -8.587823340012537, "params": {"E_EA": 109.06147017991236, "E_MC": 4.862483360818256, "J": -15.402639068004333}, "datetime": {"datetime": "2024-05-07 21:39:54", "elapsed": 10.918435, "delta": 2.51974}}
{"target": -14.777196706215916, "params": {"E_EA": 105.91221975856068, "E_MC": 5.021486947376237, "J": -15.064817827981631}, "datetime": {"datetime": "2024-05-07 21:39:57", "elapsed": 13.811376, "delta": 2.892941}}
{"target": -49.289205595630065, "params": {"E_EA": 107.01050313958504, "E_MC": 7.559859512489146, "J": -17.048933559371807}, "datetime": {"datetime": "2024-05-07 21:40:00", "elapsed": 17.342067, "delta": 3.530691}}
{"target": -12.610014999669001, "params": {"E_EA": 109.73485634630023, "E_MC": 5.269047464148933, "J": -13.674046513906642}, "datetime": {"datetime": "2024-05-07 21:40:03", "elapsed": 20.238922, "delta": 2.896855}}
{"target": -39.93515629928843, "params": {"E_EA": 108.18550047666747, "E_MC": 7.100539349976507, "J": -15.689773247012608}, "datetime": {"datetime": "2024-05-07 21:40:03", "elapsed": 0.0, "delta": 0.0}}
{"target": -5.677875598917, "params": {"E_EA": 112.5329857870395, "E_MC": 5.3370706742017635, "J": -14.947934711144008}, "datetime": {"datetime": "2024-05-07 21:40:06", "elapsed": 23.022822, "delta": 2.7839}}
{"target": -20.197334717930826, "params": {"E_EA": 107.83214358561986, "E_MC": 3.0019666876755333, "J": -14.734645278781237}, "datetime": {"datetime": "2024-05-07 21:40:06", "elapsed": 2.797086, "delta": 2.797086}}
{"target": -100.0, "params": {"E_EA": 110.41822975751181, "E_MC": 4.477861699518515, "J": -12.03504932345474}, "datetime": {"datetime": "2024-05-07 21:40:08", "elapsed": 4.489874, "delta": 1.692788}}
{"target": -32.67602426987328, "params": {"E_EA": 112.18483531008074, "E_MC": 6.706442697980956, "J": -16.49530991827922}, "datetime": {"datetime": "2024-05-07 21:40:09", "elapsed": 25.791649, "delta": 2.768827}}
{"target": -23.803398666242842, "params": {"E_EA": 100.86124709909134, "E_MC": 12.982502199983903, "J": -7.701474556956569}, "datetime": {"datetime": "2024-05-07 21:40:10", "elapsed": 7.090411, "delta": 2.600537}}
{"target": -33.26787219956771, "params": {"E_EA": 106.2325989628608, "E_MC": 3.4323291652470647, "J": -17.711867710387722}, "datetime": {"datetime": "2024-05-07 21:40:13", "elapsed": 9.831356, "delta": 2.740945}}
{"target": -49.431899256923806, "params": {"E_EA": 107.69535983362188, "E_MC": 11.548811256393234, "J": -13.972049092663452}, "datetime": {"datetime": "2024-05-07 21:40:17", "elapsed": 13.472331, "delta": 3.640975}}
{"target": -33.55212777086262, "params": {"E_EA": 110.05064223267054, "E_MC": 4.102161014640346, "J": -18.168492892028357}, "datetime": {"datetime": "2024-05-07 21:40:19", "elapsed": 16.115727, "delta": 2.643396}}
{"target": -5.380372211457145, "params": {"E_EA": 114.70782759885999, "E_MC": 4.585843171722906, "J": -16.41510314684684}, "datetime": {"datetime": "2024-05-07 21:40:21", "elapsed": 0.0, "delta": 0.0}}
{"target": -22.642756791332978, "params": {"E_EA": 104.87055720958865, "E_MC": 6.8114701180725366, "J": -13.820881112740837}, "datetime": {"datetime": "2024-05-07 21:40:22", "elapsed": 18.735954, "delta": 2.620227}}
{"target": -8.216250943603216, "params": {"E_EA": 114.82124487511098, "E_MC": 6.31798308209636, "J": -15.55503179019511}, "datetime": {"datetime": "2024-05-07 21:40:23", "elapsed": 2.485477, "delta": 2.485477}}
{"target": -87.8899769350849, "params": {"E_EA": 114.8408749766832, "E_MC": 4.407454120710767, "J": -14.236022988201583}, "datetime": {"datetime": "2024-05-07 21:40:25", "elapsed": 4.42701, "delta": 1.941533}}
{"target": -18.897186980363983, "params": {"E_EA": 64.68802197999051, "E_MC": 3.828531824964961, "J": -5.381552541006833}, "datetime": {"datetime": "2024-05-07 21:40:25", "elapsed": 22.110062, "delta": 3.374108}}
{"target": -8.70998297462675, "params": {"E_EA": 63.879783696400466, "E_MC": 10.840268071388248, "J": 0.6763677592445347}, "datetime": {"datetime": "2024-05-07 21:40:28", "elapsed": 24.542039, "delta": 2.431977}}
{"target": -42.757020675112805, "params": {"E_EA": 114.37071584627348, "E_MC": 5.50794984718842, "J": -18.719278877539175}, "datetime": {"datetime": "2024-05-07 21:40:28", "elapsed": 6.937295, "delta": 2.510285}}
