{"target": -100.0, "params": {"E_EA": 68.39612366127136, "E_MC": 13.677105510909849, "J": -5.891676638156881}, "datetime": {"datetime": "2024-05-07 22:17:50", "elapsed": 12.498941, "delta": 12.498941}}
{"target": -100.0, "params": {"E_EA": 47.781808409613234, "E_MC": 5.142924716140631, "J": 12.79574283044547}, "datetime": {"datetime": "2024-05-07 22:17:56", "elapsed": 87.396911, "delta": 7.897011}}
{"target": -100.0, "params": {"E_EA": 95.20668612133977, "E_MC": 13.735644644766579, "J": -19.155843448081843}, "datetime": {"datetime": "2024-05-07 22:18:01", "elapsed": 23.496388, "delta": 10.997447}}
{"target": -100.0, "params": {"E_EA": 59.02693171918098, "E_MC": 22.653778011555254, "J": 18.90330601619239}, "datetime": {"datetime": "2024-05-07 22:18:11", "elapsed": 33.766831, "delta": 10.270443}}
{"target": -100.0, "params": {"E_EA": 68.86845622639997, "E_MC": 17.83372639791864, "J": -7.1037809491010595}, "datetime": {"datetime": "2024-05-07 22:18:25", "elapsed": 48.430496, "delta": 14.663665}}
{"target": -100.0, "params": {"E_EA": 94.06474356070781, "E_MC": 28.61275443732275, "J": -19.714539647559963}, "datetime": {"datetime": "2024-05-07 22:18:30", "elapsed": 0.0, "delta": 0.0}}
{"target": -100.0, "params": {"E_EA": 62.479107149544014, "E_MC": 23.99774083296412, "J": -9.686541376434601}, "datetime": {"datetime": "2024-05-07 22:18:38", "elapsed": 61.103825, "delta": 12.673329}}
{"target": -12.577347263664443, "params": {"E_EA": 136.66259000968006, "E_MC": 8.932328130271824, "J": -17.540547439831347}, "datetime": {"datetime": "2024-05-07 22:18:41", "elapsed": 10.688631, "delta": 10.688631}}
{"target": -100.0, "params": {"E_EA": 136.34641091003385, "E_MC": 25.228238417550585, "J": 4.682967858110025}, "datetime": {"datetime": "2024-05-07 22:18:51", "elapsed": 20.929613, "delta": 10.240982}}
{"target": -33.21181380083374, "params": {"E_EA": 80.71021665772632, "E_MC": 12.096339173705926, "J": -3.801827145451444}, "datetime": {"datetime": "2024-05-07 22:18:52", "elapsed": 75.147016, "delta": 14.043191}}
{"target": -100.0, "params": {"E_EA": 94.78866645717741, "E_MC": 7.22837669788488, "J": 4.0651888871027495}, "datetime": {"datetime": "2024-05-07 22:19:00", "elapsed": 83.245661, "delta": 8.098645}}
{"target": -45.88122093239645, "params": {"E_EA": 120.38786744205031, "E_MC": 12.46187367536729, "J": -9.486316298640155}, "datetime": {"datetime": "2024-05-07 22:19:01", "elapsed": 31.191953, "delta": 10.26234}}
{"target": -100.0, "params": {"E_EA": 126.99109689080892, "E_MC": 16.34704514856268, "J": 1.111085097033019}, "datetime": {"datetime": "2024-05-07 22:19:10", "elapsed": 40.206149, "delta": 9.014196}}
{"target": -100.0, "params": {"E_EA": 91.3502942736673, "E_MC": 4.941748843819363, "J": 15.495499161703954}, "datetime": {"datetime": "2024-05-07 22:19:17", "elapsed": 47.499546, "delta": 7.293397}}
{"target": -100.0, "params": {"E_EA": 25.255271136621435, "E_MC": 4.073341982973778, "J": -13.41409871123469}, "datetime": {"datetime": "2024-05-07 22:19:27", "elapsed": 109.757523, "delta": 26.511862}}
{"target": -100.0, "params": {"E_EA": 79.49314629824767, "E_MC": 16.81788308677619, "J": -8.70091650699925}, "datetime": {"datetime": "2024-05-07 22:19:28", "elapsed": 57.865305, "delta": 10.365759}}
{"target": -65.61018529558771, "params": {"E_EA": 95.58203971634393, "E_MC": 25.281707841890636, "J": -0.7008621559975872}, "datetime": {"datetime": "2024-05-07 22:19:41", "elapsed": 0.0, "delta": 0.0}}
{"target": -100.0, "params": {"E_EA": 80.56419917942799, "E_MC": 27.52723702624809, "J": -0.568440324355926}, "datetime": {"datetime": "2024-05-07 22:19:42", "elapsed": 72.299511, "delta": 14.434206}}
{"target": -100.0, "params": {"E_EA": 100.89425133606436, "E_MC": 3.917196448908898, "J": 11.313178427846626}, "datetime": {"datetime": "2024-05-07 22:19:49", "elapsed": 79.56228, "delta": 7.262769}}
{"target": -100.0, "params": {"E_EA": 72.50056660704539, "E_MC": 14.884930168279638, "J": 16.319529849858498}, "datetime": {"datetime": "2024-05-07 22:19:52", "elapsed": 10.554835, "delta": 10.554835}}
{"target": -100.0, "params": {"E_EA": 103.45544787350796, "E_MC": 17.664978840739238, "J": 14.661509978667738}, "datetime": {"datetime": "2024-05-07 22:20:02", "elapsed": 91.725191, "delta": 12.162911}}
{"target": -100.0, "params": {"E_EA": 29.298151559605905, "E_MC": 11.855660133642829, "J": -5.957625547174658}, "datetime": {"datetime": "2024-05-07 22:20:04", "elapsed": 146.501067, "delta": 36.743544}}
{"target": -100.0, "params": {"E_EA": 26.277519640008865, "E_MC": 6.694205496114575, "J": 9.880366968185555}, "datetime": {"datetime": "2024-05-07 22:20:27", "elapsed": 45.96674, "delta": 35.411905}}
{"target": -100.0, "params": {"E_EA": 56.742264766412, "E_MC": 6.1815161716831515, "J": 4.271626126500678}, "datetime": {"datetime": "2024-05-07 22:20:35", "elapsed": 0.0, "delta": 0.0}}
{"target": -100.0, "params": {"E_EA": 46.472024400645694, "E_MC": 3.322592682638927, "J": 16.07216541286393}, "datetime": {"datetime": "2024-05-07 22:20:37", "elapsed": 55.642726, "delta": 9.675986}}
{"target": -100.0, "params": {"E_EA": 118.24228547132384, "E_MC": 4.150095527388217, "J": -9.64376820487724}, "datetime": {"datetime": "2024-05-07 22:20:46", "elapsed": 10.942582, "delta": 10.942582}}
{"target": -100.0, "params": {"E_EA": 22.158714514315307, "E_MC": 18.812680070246742, "J": -19.891894058906562}, "datetime": {"datetime": "2024-05-07 22:21:12", "elapsed": 90.401797, "delta": 34.759071}}
{"target": -100.0, "params": {"E_EA": 20.647551710781276, "E_MC": 6.713364130321749, "J": 14.638582853015123}, "datetime": {"datetime": "2024-05-07 22:21:18", "elapsed": 42.566214, "delta": 31.623632}}
{"target": -67.28417089325092, "params": {"E_EA": 136.76959074991916, "E_MC": 26.261247983921006, "J": -1.6329995678688114}, "datetime": {"datetime": "2024-05-07 22:21:23", "elapsed": 101.381761, "delta": 10.979964}}
{"target": -100.0, "params": {"E_EA": 88.80438596725047, "E_MC": 4.044078827117115, "J": -1.194264586062804}, "datetime": {"datetime": "2024-05-07 22:21:49", "elapsed": 0.0, "delta": 0.0}}
{"target": -100.0, "params": {"E_EA": 94.93990716793084, "E_MC": 26.603980092510955, "J": -19.879201068838842}, "datetime": {"datetime": "2024-05-07 22:22:04", "elapsed": 15.296318, "delta": 15.296318}}
{"target": -78.66690146766837, "params": {"E_EA": 38.190950481750484, "E_MC": 16.4531915250846, "J": 11.847229566853194}, "datetime": {"datetime": "2024-05-07 22:22:06", "elapsed": 90.328645, "delta": 47.762431}}
{"target": -100.0, "params": {"E_EA": 37.23583110842796, "E_MC": 11.584700996272034, "J": 3.1267467574821772}, "datetime": {"datetime": "2024-05-07 22:22:11", "elapsed": 149.996356, "delta": 48.614595}}
{"target": -100.0, "params": {"E_EA": 125.95239958008459, "E_MC": 6.8746973260116855, "J": 10.199501143069554}, "datetime": {"datetime": "2024-05-07 22:22:17", "elapsed": 28.741311, "delta": 13.444993}}
{"target": -25.535558827091776, "params": {"E_EA": 135.18757143852224, "E_MC": 25.643881052283337, "J": -6.169153286535774}, "datetime": {"datetime": "2024-05-07 22:22:18", "elapsed": 102.421679, "delta": 12.093034}}
{"target": -82.03155932452653, "params": {"E_EA": 62.01949882006397, "E_MC": 9.505198807059099, "J": -2.665999600115917}, "datetime": {"datetime": "2024-05-07 22:22:30", "elapsed": 168.73056, "delta": 18.734204}}
{"target": -100.0, "params": {"E_EA": 127.97149504383196, "E_MC": 12.328309537912755, "J": 4.915005019186438}, "datetime": {"datetime": "2024-05-07 22:22:32", "elapsed": 116.730274, "delta": 14.308595}}
{"target": -100.0, "params": {"E_EA": 63.31941913216538, "E_MC": 17.244338258806856, "J": -16.199466723057775}, "datetime": {"datetime": "2024-05-07 22:22:45", "elapsed": 184.13281, "delta": 15.40225}}
{"target": -72.8609697251788, "params": {"E_EA": 80.07127962066815, "E_MC": 12.948885770371575, "J": -6.050563827805719}, "datetime": {"datetime": "2024-05-07 22:22:48", "elapsed": 133.008528, "delta": 16.278254}}
{"target": -100.0, "params": {"E_EA": 57.99529498988745, "E_MC": 3.537096368919471, "J": -14.445973603249751}, "datetime": {"datetime": "2024-05-07 22:22:57", "elapsed": 195.946519, "delta": 11.813709}}
{"target": -100.0, "params": {"E_EA": 21.267254711199158, "E_MC": 15.592700106404772, "J": -11.454573005148866}, "datetime": {"datetime": "2024-05-07 22:23:04", "elapsed": 75.037191, "delta": 46.29588}}
{"target": -100.0, "params": {"E_EA": 43.79845601631457, "E_MC": 8.810090180610509, "J": -0.47011878392462236}, "datetime": {"datetime": "2024-05-07 22:23:16", "elapsed": 0.0, "delta": 0.0}}
{"target": -100.0, "params": {"E_EA": 43.32093153763574, "E_MC": 26.980222570602383, "J": -17.38205381269557}, "datetime": {"datetime": "2024-05-07 22:23:19", "elapsed": 90.100136, "delta": 15.062945}}
{"target": -100.0, "params": {"E_EA": 62.96079554467532, "E_MC": 9.86429981053453, "J": 9.320892708702981}, "datetime": {"datetime": "2024-05-07 22:23:32", "elapsed": 103.235569, "delta": 13.135433}}
{"target": -100.0, "params": {"E_EA": 31.04253484027008, "E_MC": 13.780693134728137, "J": 9.653095422773742}, "datetime": {"datetime": "2024-05-07 22:23:32", "elapsed": 176.59997, "delta": 43.591442}}
{"target": -34.73637777649447, "params": {"E_EA": 39.21872830295148, "E_MC": 17.258687236359812, "J": 15.693467996549003}, "datetime": {"datetime": "2024-05-07 22:23:41", "elapsed": 25.390146, "delta": 25.390146}}
{"target": -100.0, "params": {"E_EA": 63.175140139221575, "E_MC": 7.205344983259998, "J": -11.799672420760693}, "datetime": {"datetime": "2024-05-07 22:23:46", "elapsed": 117.870175, "delta": 14.634606}}
{"target": -100.0, "params": {"E_EA": 123.34640680874861, "E_MC": 19.66806601235501, "J": 4.881129665474372}, "datetime": {"datetime": "2024-05-07 22:23:47", "elapsed": 191.603983, "delta": 15.004013}}
{"target": -100.0, "params": {"E_EA": 87.27834273108564, "E_MC": 21.838342186058497, "J": 13.784922080258887}, "datetime": {"datetime": "2024-05-07 22:23:58", "elapsed": 42.267209, "delta": 16.877063}}
{"target": -100.0, "params": {"E_EA": 62.332364617333674, "E_MC": 10.805037922038984, "J": -10.057925501007574}, "datetime": {"datetime": "2024-05-07 22:24:03", "elapsed": 207.783829, "delta": 16.179846}}
{"target": -100.0, "params": {"E_EA": 63.97385886932273, "E_MC": 12.642926834950138, "J": 17.980662262576516}, "datetime": {"datetime": "2024-05-07 22:24:03", "elapsed": 134.657931, "delta": 16.787756}}
{"target": -100.0, "params": {"E_EA": 88.01988987137648, "E_MC": 27.260347515488007, "J": -7.783654255004894}, "datetime": {"datetime": "2024-05-07 22:24:15", "elapsed": 59.377262, "delta": 17.110053}}
{"target": -100.0, "params": {"E_EA": 134.09964224424687, "E_MC": 3.656568141463851, "J": -18.49743795805621}, "datetime": {"datetime": "2024-05-07 22:24:16", "elapsed": 0.0, "delta": 0.0}}
{"target": -100.0, "params": {"E_EA": 61.59328615360858, "E_MC": 29.73415559459781, "J": -8.043816507191565}, "datetime": {"datetime": "2024-05-07 22:24:32", "elapsed": 76.750042, "delta": 17.37278}}
{"target": -100.0, "params": {"E_EA": 60.67832014849527, "E_MC": 8.190027426840086, "J": 14.536546280567372}, "datetime": {"datetime": "2024-05-07 22:24:33", "elapsed": 16.83544, "delta": 16.83544}}
{"target": -100.0, "params": {"E_EA": 53.10077817094771, "E_MC": 20.343722513297575, "J": 19.302416236856864}, "datetime": {"datetime": "2024-05-07 22:24:45", "elapsed": 28.983327, "delta": 12.147887}}
{"target": -100.0, "params": {"E_EA": 24.32952354329091, "E_MC": 20.282545964036597, "J": -15.289940580262943}, "datetime": {"datetime": "2024-05-07 22:24:52", "elapsed": 182.995148, "delta": 48.337217}}
{"target": -100.0, "params": {"E_EA": 42.08507780277405, "E_MC": 7.063861785587859, "J": -10.870199582013363}, "datetime": {"datetime": "2024-05-07 22:24:52", "elapsed": 96.797869, "delta": 20.047827}}
{"target": -100.0, "params": {"E_EA": 140.02031902590954, "E_MC": 19.423550772021695, "J": 13.925803794884395}, "datetime": {"datetime": "2024-05-07 22:25:03", "elapsed": 194.660388, "delta": 11.66524}}
{"target": -50.67325373967871, "params": {"E_EA": 146.41274994108176, "E_MC": 24.951051809919957, "J": -16.787290891277614}, "datetime": {"datetime": "2024-05-07 22:25:06", "elapsed": 110.679325, "delta": 13.881456}}
{"target": -100.0, "params": {"E_EA": 94.70585566822336, "E_MC": 12.97784678796677, "J": 14.534263008994131}, "datetime": {"datetime": "2024-05-07 22:25:16", "elapsed": 120.519637, "delta": 9.840312}}
{"target": -100.0, "params": {"E_EA": 34.564726624469465, "E_MC": 17.829830043329004, "J": 11.09407910287237}, "datetime": {"datetime": "2024-05-07 22:25:30", "elapsed": 73.511051, "delta": 44.527724}}
{"target": -100.0, "params": {"E_EA": 130.5778972218506, "E_MC": 8.669027577367327, "J": -11.204837247552062}, "datetime": {"datetime": "2024-05-07 22:25:39", "elapsed": 83.109084, "delta": 9.598033}}
{"target": -100.0, "params": {"E_EA": 79.48039813953224, "E_MC": 17.663663373594062, "J": -8.249994513740845}, "datetime": {"datetime": "2024-05-07 22:25:46", "elapsed": 0.0, "delta": 0.0}}
{"target": -100.0, "params": {"E_EA": 44.32163067390946, "E_MC": 28.61615179473783, "J": -16.673159424686524}, "datetime": {"datetime": "2024-05-07 22:25:56", "elapsed": 99.580022, "delta": 16.470938}}
{"target": -100.0, "params": {"E_EA": 93.67948965476285, "E_MC": 18.695039607621183, "J": 12.790786338298126}, "datetime": {"datetime": "2024-05-07 22:25:59", "elapsed": 12.501204, "delta": 12.501204}}
{"target": -100.0, "params": {"E_EA": 23.961056843026803, "E_MC": 20.66585221242406, "J": 3.9801422895565928}, "datetime": {"datetime": "2024-05-07 22:26:02", "elapsed": 166.575476, "delta": 46.055839}}
{"target": -100.0, "params": {"E_EA": 107.94795818643824, "E_MC": 15.502749929709386, "J": -2.4356864552184945}, "datetime": {"datetime": "2024-05-07 22:26:09", "elapsed": 112.567943, "delta": 12.987921}}
{"target": -100.0, "params": {"E_EA": 114.86903486309143, "E_MC": 28.347928354170154, "J": -11.491586470772944}, "datetime": {"datetime": "2024-05-07 22:26:16", "elapsed": 180.446844, "delta": 13.871368}}
{"target": -100.0, "params": {"E_EA": 59.9847444596413, "E_MC": 3.2193422890473036, "J": 12.583785069930912}, "datetime": {"datetime": "2024-05-07 22:26:19", "elapsed": 122.559614, "delta": 9.991671}}
{"target": -100.0, "params": {"E_EA": 31.175298713789672, "E_MC": 3.3228612627909904, "J": -14.865941674951596}, "datetime": {"datetime": "2024-05-07 22:26:37", "elapsed": 51.118322, "delta": 38.617118}}
{"target": -23.476955575463418, "params": {"E_EA": 71.8543736823045, "E_MC": 16.25754281118295, "J": 1.9305197219434262}, "datetime": {"datetime": "2024-05-07 22:27:01", "elapsed": 0.0, "delta": 0.0}}
{"target": -100.0, "params": {"E_EA": 32.922993308850465, "E_MC": 19.25663814428666, "J": 13.06028581415135}, "datetime": {"datetime": "2024-05-07 22:27:09", "elapsed": 172.298099, "delta": 49.738485}}
{"target": -100.0, "params": {"E_EA": 101.44345875393479, "E_MC": 12.559790340994853, "J": 5.802880838138712}, "datetime": {"datetime": "2024-05-07 22:27:10", "elapsed": 9.029416, "delta": 9.029416}}
{"target": -100.0, "params": {"E_EA": 118.07261122978832, "E_MC": 15.916470585426895, "J": 11.919806922280031}, "datetime": {"datetime": "2024-05-07 22:27:18", "elapsed": 181.624716, "delta": 9.326617}}
{"target": -100.0, "params": {"E_EA": 59.83614522160844, "E_MC": 3.624566796886192, "J": 15.568980909243045}, "datetime": {"datetime": "2024-05-07 22:27:23", "elapsed": 22.407109, "delta": 13.377693}}
{"target": -100.0, "params": {"E_EA": 33.37042313353627, "E_MC": 29.091319420987478, "J": 8.105201017153163}, "datetime": {"datetime": "2024-05-07 22:27:29", "elapsed": 103.178161, "delta": 52.059839}}
{"target": -100.0, "params": {"E_EA": 134.99816935568737, "E_MC": 4.961693507325396, "J": 9.254978552681138}, "datetime": {"datetime": "2024-05-07 22:27:35", "elapsed": 34.136528, "delta": 11.729419}}
{"target": -100.0, "params": {"E_EA": 47.492315172110544, "E_MC": 4.666927963184736, "J": 17.714413449473867}, "datetime": {"datetime": "2024-05-07 22:27:46", "elapsed": 45.328812, "delta": 11.192284}}
{"target": -100.0, "params": {"E_EA": 97.34597342168895, "E_MC": 12.991888280330844, "J": 3.384755805416386}, "datetime": {"datetime": "2024-05-07 22:27:55", "elapsed": 53.797471, "delta": 8.468659}}
{"target": -100.0, "params": {"E_EA": 61.17114353748826, "E_MC": 11.024731981582393, "J": 12.331858089899661}, "datetime": {"datetime": "2024-05-07 22:28:04", "elapsed": 62.927721, "delta": 9.13025}}
{"target": -51.49424087108633, "params": {"E_EA": 34.082249961134586, "E_MC": 16.84882948728783, "J": 17.58441390412021}, "datetime": {"datetime": "2024-05-07 22:28:04", "elapsed": 138.345943, "delta": 35.167782}}
{"target": -89.24149326494609, "params": {"E_EA": 101.95176670269282, "E_MC": 22.99099250768562, "J": -10.399638806590193}, "datetime": {"datetime": "2024-05-07 22:28:24", "elapsed": 157.974455, "delta": 19.628512}}
{"target": -100.0, "params": {"E_EA": 57.40207118960809, "E_MC": 29.214959991266323, "J": -6.6743112396124715}, "datetime": {"datetime": "2024-05-07 22:28:27", "elapsed": 86.110447, "delta": 23.182726}}
{"target": -100.0, "params": {"E_EA": 72.58141431029713, "E_MC": 14.291676725459723, "J": -8.427492135922643}, "datetime": {"datetime": "2024-05-07 22:28:27", "elapsed": 0.0, "delta": 0.0}}
{"target": -100.0, "params": {"E_EA": 118.99371707130925, "E_MC": 7.419849934400728, "J": 13.000012844239173}, "datetime": {"datetime": "2024-05-07 22:28:38", "elapsed": 172.238318, "delta": 14.263863}}
{"target": -58.399550763497544, "params": {"E_EA": 72.00673775409075, "E_MC": 14.073636564053745, "J": -1.0451998292815716}, "datetime": {"datetime": "2024-05-07 22:28:44", "elapsed": 17.104071, "delta": 17.104071}}
{"target": -100.0, "params": {"E_EA": 45.27218230363227, "E_MC": 11.033201898450113, "J": -12.028713738397379}, "datetime": {"datetime": "2024-05-07 22:28:53", "elapsed": 187.199914, "delta": 14.961596}}
{"target": -100.0, "params": {"E_EA": 39.86941215690474, "E_MC": 16.578312022223535, "J": -7.570428920884833}, "datetime": {"datetime": "2024-05-07 22:29:04", "elapsed": 36.474943, "delta": 19.370872}}
{"target": -19.468582921421678, "params": {"E_EA": 119.47788416192984, "E_MC": 20.5631282644374, "J": -4.82030901557231}, "datetime": {"datetime": "2024-05-07 22:29:11", "elapsed": 205.043665, "delta": 17.843751}}
{"target": -100.0, "params": {"E_EA": 37.5948872386498, "E_MC": 17.056307972995338, "J": 8.675160680909563}, "datetime": {"datetime": "2024-05-07 22:29:17", "elapsed": 135.886892, "delta": 49.776445}}
{"target": -100.0, "params": {"E_EA": 62.466000836726884, "E_MC": 15.090757181294464, "J": 0.25714449275302087}, "datetime": {"datetime": "2024-05-07 22:29:21", "elapsed": 54.327041, "delta": 17.852098}}
{"target": -17.16590284356358, "params": {"E_EA": 58.25404266139496, "E_MC": 19.583400914185816, "J": 11.208887366755107}, "datetime": {"datetime": "2024-05-07 22:29:29", "elapsed": 222.751795, "delta": 17.70813}}
{"target": -100.0, "params": {"E_EA": 144.83914179817356, "E_MC": 7.868426082568572, "J": 9.853179865521472}, "datetime": {"datetime": "2024-05-07 22:29:30", "elapsed": 149.240785, "delta": 13.353893}}
{"target": -60.8484321780626, "params": {"E_EA": 111.09513985665068, "E_MC": 17.453005688736667, "J": -13.151668734723273}, "datetime": {"datetime": "2024-05-07 22:29:38", "elapsed": 70.987006, "delta": 16.659965}}
{"target": -100.0, "params": {"E_EA": 148.48004460922664, "E_MC": 28.377571046166683, "J": 6.7543245837727355}, "datetime": {"datetime": "2024-05-07 22:29:49", "elapsed": 82.009484, "delta": 11.022478}}
{"target": -100.0, "params": {"E_EA": 89.21201531809614, "E_MC": 12.021223971186057, "J": 12.957718913849462}, "datetime": {"datetime": "2024-05-07 22:30:04", "elapsed": 96.743206, "delta": 14.733722}}
{"target": -100.0, "params": {"E_EA": 66.91151578448968, "E_MC": 25.378931207012698, "J": -7.718660707564581}, "datetime": {"datetime": "2024-05-07 22:30:11", "elapsed": 0.0, "delta": 0.0}}
{"target": -100.0, "params": {"E_EA": 72.78468556657447, "E_MC": 20.92707930294779, "J": -17.24155061039715}, "datetime": {"datetime": "2024-05-07 22:30:21", "elapsed": 113.936768, "delta": 17.193562}}
{"target": -100.0, "params": {"E_EA": 63.99198375703252, "E_MC": 19.7469495992585, "J": -10.064988581129546}, "datetime": {"datetime": "2024-05-07 22:30:30", "elapsed": 18.716918, "delta": 18.716918}}
{"target": -100.0, "params": {"E_EA": 71.69622253339546, "E_MC": 20.28818439603168, "J": -5.362423249523474}, "datetime": {"datetime": "2024-05-07 22:30:41", "elapsed": 133.461607, "delta": 19.524839}}
{"target": -100.0, "params": {"E_EA": 25.698211371884117, "E_MC": 8.500026204496491, "J": 6.485793116890164}, "datetime": {"datetime": "2024-05-07 22:31:18", "elapsed": 66.902861, "delta": 48.185943}}
{"target": -100.0, "params": {"E_EA": 27.4117546915433, "E_MC": 22.32398295899741, "J": 2.2590194080348027}, "datetime": {"datetime": "2024-05-07 22:31:31", "elapsed": 184.00172, "delta": 50.540113}}
{"target": -89.10327220364634, "params": {"E_EA": 105.12068123770617, "E_MC": 4.848137158993965, "J": -11.457546533876691}, "datetime": {"datetime": "2024-05-07 22:31:33", "elapsed": 81.680681, "delta": 14.77782}}
{"target": -100.0, "params": {"E_EA": 52.188720765281104, "E_MC": 22.908620314544606, "J": 7.632806984884507}, "datetime": {"datetime": "2024-05-07 22:31:35", "elapsed": 0.0, "delta": 0.0}}
{"target": -100.0, "params": {"E_EA": 83.94897012270059, "E_MC": 17.961053027801356, "J": 9.875858994496536}, "datetime": {"datetime": "2024-05-07 22:31:51", "elapsed": 15.606121, "delta": 15.606121}}
{"target": -100.0, "params": {"E_EA": 37.40746227896736, "E_MC": 27.957929014997596, "J": -10.978471834547513}, "datetime": {"datetime": "2024-05-07 22:31:58", "elapsed": 106.610308, "delta": 24.929627}}
{"target": -100.0, "params": {"E_EA": 108.84538451142674, "E_MC": 10.676022833874715, "J": 3.9767392414362632}, "datetime": {"datetime": "2024-05-07 22:32:05", "elapsed": 30.116016, "delta": 14.509895}}
