{"target": -100.0, "params": {"E_EA": 62.11786722274044, "E_MC": 22.01108520036337, "J": -12.1945243907148}, "datetime": {"datetime": "2024-05-07 21:44:37", "elapsed": 17.743715, "delta": 5.431358}}
{"target": -48.35524628813666, "params": {"E_EA": 140.77435508050462, "E_MC": 22.46732720751849, "J": -18.459588185254834}, "datetime": {"datetime": "2024-05-07 21:44:38", "elapsed": 40.827056, "delta": 3.878864}}
{"target": -100.0, "params": {"E_EA": 143.1741314393131, "E_MC": 6.616962308454282, "J": 7.978374779637871}, "datetime": {"datetime": "2024-05-07 21:44:40", "elapsed": 42.094898, "delta": 1.267842}}
{"target": -100.0, "params": {"E_EA": 94.31387860416957, "E_MC": 9.215464942306943, "J": 5.498280581711832}, "datetime": {"datetime": "2024-05-07 21:44:41", "elapsed": 43.329619, "delta": 1.234721}}
{"target": -100.0, "params": {"E_EA": 79.49866598950706, "E_MC": 6.1283156049871685, "J": 9.954539755719239}, "datetime": {"datetime": "2024-05-07 21:44:42", "elapsed": 44.597379, "delta": 1.26776}}
{"target": -100.0, "params": {"E_EA": 76.17693433511232, "E_MC": 6.643054568624125, "J": -15.970217552571029}, "datetime": {"datetime": "2024-05-07 21:44:42", "elapsed": 23.139111, "delta": 5.395396}}
{"target": -100.0, "params": {"E_EA": 66.60879206307378, "E_MC": 16.05165725909255, "J": 8.701684818758615}, "datetime": {"datetime": "2024-05-07 21:44:45", "elapsed": 25.671368, "delta": 2.532257}}
{"target": -100.0, "params": {"E_EA": 135.69920007337646, "E_MC": 7.4203034276392, "J": -3.586615120215207}, "datetime": {"datetime": "2024-05-07 21:44:46", "elapsed": 26.926222, "delta": 1.254854}}
{"target": -100.0, "params": {"E_EA": 141.846833681897, "E_MC": 5.2181746716932365, "J": 4.727728272276618}, "datetime": {"datetime": "2024-05-07 21:44:47", "elapsed": 0.0, "delta": 0.0}}
{"target": -100.0, "params": {"E_EA": 59.665819134495464, "E_MC": 5.817679334731279, "J": 5.311476885319312}, "datetime": {"datetime": "2024-05-07 21:44:48", "elapsed": 1.12848, "delta": 1.12848}}
{"target": -35.24744116794509, "params": {"E_EA": 117.4141485324028, "E_MC": 28.146194947171022, "J": 2.8908079380425775}, "datetime": {"datetime": "2024-05-07 21:44:51", "elapsed": 3.864507, "delta": 2.736027}}
{"target": -100.0, "params": {"E_EA": 69.55916486798284, "E_MC": 4.058384163415174, "J": -12.840088021204622}, "datetime": {"datetime": "2024-05-07 21:44:51", "elapsed": 31.987604, "delta": 5.061382}}
{"target": -39.73635646376577, "params": {"E_EA": 103.56999859035088, "E_MC": 13.593344155142551, "J": -4.66526682196819}, "datetime": {"datetime": "2024-05-07 21:44:54", "elapsed": 6.708421, "delta": 2.843914}}
{"target": -70.92991547735355, "params": {"E_EA": 98.86200965325693, "E_MC": 17.04157390002107, "J": -10.794558269159946}, "datetime": {"datetime": "2024-05-07 21:44:56", "elapsed": 36.310232, "delta": 4.322628}}
{"target": -100.0, "params": {"E_EA": 25.306958202848758, "E_MC": 21.614201324736623, "J": -4.2647222484364775}, "datetime": {"datetime": "2024-05-07 21:45:16", "elapsed": 78.214218, "delta": 33.616839}}
{"target": -100.0, "params": {"E_EA": 58.93915910541948, "E_MC": 23.1766838090266, "J": -9.533199094899278}, "datetime": {"datetime": "2024-05-07 21:45:22", "elapsed": 84.375691, "delta": 6.161473}}
{"target": -100.0, "params": {"E_EA": 63.874519026743506, "E_MC": 8.300555469051677, "J": 18.909649328725422}, "datetime": {"datetime": "2024-05-07 21:45:26", "elapsed": 0.0, "delta": 0.0}}
{"target": -100.0, "params": {"E_EA": 31.39214298027055, "E_MC": 26.03297398777701, "J": 13.12840761821554}, "datetime": {"datetime": "2024-05-07 21:45:30", "elapsed": 43.264803, "delta": 36.556382}}
{"target": -63.52291344765067, "params": {"E_EA": 123.38690854205139, "E_MC": 17.77301642008546, "J": -18.05893656989973}, "datetime": {"datetime": "2024-05-07 21:45:31", "elapsed": 4.505706, "delta": 4.505706}}
{"target": -100.0, "params": {"E_EA": 61.89361481297964, "E_MC": 4.734686938063602, "J": 1.697833643124195}, "datetime": {"datetime": "2024-05-07 21:45:32", "elapsed": 5.918094, "delta": 1.412388}}
{"target": -100.0, "params": {"E_EA": 124.30280123099243, "E_MC": 15.574064090748337, "J": 0.678270805607319}, "datetime": {"datetime": "2024-05-07 21:45:34", "elapsed": 7.658977, "delta": 1.740883}}
{"target": -100.0, "params": {"E_EA": 124.31208838314657, "E_MC": 3.1395622949376, "J": -5.917555979056424}, "datetime": {"datetime": "2024-05-07 21:45:35", "elapsed": 9.050313, "delta": 1.391336}}
{"target": -100.0, "params": {"E_EA": 47.81562202602653, "E_MC": 27.548783157971243, "J": 15.43293013620658}, "datetime": {"datetime": "2024-05-07 21:45:36", "elapsed": 48.822657, "delta": 5.557854}}
{"target": -49.37895435451255, "params": {"E_EA": 67.0685949517944, "E_MC": 14.782483953351173, "J": 1.4305469309492338}, "datetime": {"datetime": "2024-05-07 21:45:40", "elapsed": 13.436545, "delta": 4.386232}}
{"target": -100.0, "params": {"E_EA": 117.26317798686854, "E_MC": 22.2132787261188, "J": 11.459812531182966}, "datetime": {"datetime": "2024-05-07 21:45:41", "elapsed": 14.912489, "delta": 1.475944}}
{"target": -100.0, "params": {"E_EA": 54.42204749917305, "E_MC": 12.908279471459565, "J": -6.461618087612191}, "datetime": {"datetime": "2024-05-07 21:45:42", "elapsed": 54.741114, "delta": 5.918457}}
{"target": -53.785987363888694, "params": {"E_EA": 116.34366444721117, "E_MC": 21.53881935125461, "J": -11.435973544813995}, "datetime": {"datetime": "2024-05-07 21:45:53", "elapsed": 0.0, "delta": 0.0}}
{"target": -18.67298603817924, "params": {"E_EA": 113.88917457602018, "E_MC": 9.65519688002836, "J": -13.38576490977668}, "datetime": {"datetime": "2024-05-07 21:45:57", "elapsed": 3.541811, "delta": 3.541811}}
{"target": -100.0, "params": {"E_EA": 30.044008472765285, "E_MC": 13.340386214135771, "J": -19.10146885001155}, "datetime": {"datetime": "2024-05-07 21:46:12", "elapsed": 45.902056, "delta": 30.989567}}
{"target": -100.0, "params": {"E_EA": 36.106837598343645, "E_MC": 6.256913652420997, "J": 3.662295822210446}, "datetime": {"datetime": "2024-05-07 21:46:18", "elapsed": 90.612698, "delta": 35.871584}}
{"target": -28.018504113661525, "params": {"E_EA": 135.26600908016854, "E_MC": 14.225924037662711, "J": -15.58706096780944}, "datetime": {"datetime": "2024-05-07 21:46:21", "elapsed": 94.149604, "delta": 3.536906}}
{"target": -100.0, "params": {"E_EA": 73.78516515228037, "E_MC": 26.307005661613257, "J": -8.628672090355929}, "datetime": {"datetime": "2024-05-07 21:46:27", "elapsed": 99.386236, "delta": 5.236632}}
{"target": -100.0, "params": {"E_EA": 43.39354478754768, "E_MC": 17.794915484212556, "J": -18.104482144144164}, "datetime": {"datetime": "2024-05-07 21:46:31", "elapsed": 0.0, "delta": 0.0}}
{"target": -100.0, "params": {"E_EA": 29.612710967719046, "E_MC": 22.392734446515952, "J": 8.238023777209172}, "datetime": {"datetime": "2024-05-07 21:46:33", "elapsed": 39.585925, "delta": 36.044114}}
{"target": -31.284631865969178, "params": {"E_EA": 114.93203154459246, "E_MC": 5.9561976888993495, "J": -17.547678563713713}, "datetime": {"datetime": "2024-05-07 21:46:36", "elapsed": 43.090234, "delta": 3.504309}}
{"target": -100.0, "params": {"E_EA": 75.19685978375196, "E_MC": 27.596144022439017, "J": -13.328669388384565}, "datetime": {"datetime": "2024-05-07 21:46:42", "elapsed": 48.444497, "delta": 5.354263}}
{"target": -100.0, "params": {"E_EA": 116.01613293283457, "E_MC": 8.226200183208, "J": 8.801528031148674}, "datetime": {"datetime": "2024-05-07 21:46:43", "elapsed": 49.815897, "delta": 1.3714}}
{"target": -84.32333467500135, "params": {"E_EA": 132.112747580412, "E_MC": 27.548473220098266, "J": -14.98502444493434}, "datetime": {"datetime": "2024-05-07 21:46:48", "elapsed": 54.226271, "delta": 4.410374}}
{"target": -100.0, "params": {"E_EA": 22.040195525379136, "E_MC": 25.784604595351265, "J": 1.073089240965892}, "datetime": {"datetime": "2024-05-07 21:46:48", "elapsed": 81.327152, "delta": 35.425096}}
{"target": -100.0, "params": {"E_EA": 66.24106470975012, "E_MC": 4.007511100080726, "J": 18.11424413663542}, "datetime": {"datetime": "2024-05-07 21:46:49", "elapsed": 55.682934, "delta": 1.456663}}
{"target": -100.0, "params": {"E_EA": 89.13289571007033, "E_MC": 23.632855523450896, "J": 12.138538882354474}, "datetime": {"datetime": "2024-05-07 21:46:51", "elapsed": 57.637896, "delta": 1.954962}}
{"target": -100.0, "params": {"E_EA": 71.97650068420926, "E_MC": 8.751003025418015, "J": 5.977474541163584}, "datetime": {"datetime": "2024-05-07 21:46:52", "elapsed": 59.023966, "delta": 1.38607}}
{"target": -100.0, "params": {"E_EA": 44.71799571269169, "E_MC": 8.086835361991001, "J": 8.678769945672155}, "datetime": {"datetime": "2024-05-07 21:46:57", "elapsed": 0.0, "delta": 0.0}}
{"target": -100.0, "params": {"E_EA": 36.09145629642126, "E_MC": 28.966619652726127, "J": -3.7174406152841364}, "datetime": {"datetime": "2024-05-07 21:47:01", "elapsed": 94.523092, "delta": 13.19594}}
{"target": -52.73927039584484, "params": {"E_EA": 109.74701044792153, "E_MC": 24.159633887376373, "J": -5.3710781000121965}, "datetime": {"datetime": "2024-05-07 21:47:02", "elapsed": 4.196391, "delta": 4.196391}}
{"target": -100.0, "params": {"E_EA": 30.70816040534207, "E_MC": 16.638757294717976, "J": -4.853711646470543}, "datetime": {"datetime": "2024-05-07 21:47:03", "elapsed": 31.773727, "delta": 31.773727}}
{"target": -55.409019957026324, "params": {"E_EA": 137.93879645983918, "E_MC": 24.481368702087877, "J": -11.84243733384124}, "datetime": {"datetime": "2024-05-07 21:47:07", "elapsed": 35.455489, "delta": 3.681762}}
{"target": -100.0, "params": {"E_EA": 74.56405308213569, "E_MC": 20.831499262763877, "J": -11.768521635209396}, "datetime": {"datetime": "2024-05-07 21:47:07", "elapsed": 9.453894, "delta": 5.257503}}
{"target": -100.0, "params": {"E_EA": 87.68946128424376, "E_MC": 11.573106931807287, "J": 8.314687339550083}, "datetime": {"datetime": "2024-05-07 21:47:08", "elapsed": 10.894853, "delta": 1.440959}}
{"target": -58.65345600810943, "params": {"E_EA": 133.09014544120518, "E_MC": 21.61364707969298, "J": -12.666751022056895}, "datetime": {"datetime": "2024-05-07 21:47:10", "elapsed": 38.892129, "delta": 3.43664}}
{"target": -100.0, "params": {"E_EA": 41.16922182152292, "E_MC": 20.471262001481215, "J": 5.339608582961262}, "datetime": {"datetime": "2024-05-07 21:47:19", "elapsed": 21.151336, "delta": 10.256483}}
{"target": -100.0, "params": {"E_EA": 40.73818361810355, "E_MC": 17.013381112932937, "J": -11.741491323550509}, "datetime": {"datetime": "2024-05-07 21:47:26", "elapsed": 28.662139, "delta": 7.510803}}
{"target": -100.0, "params": {"E_EA": 48.566505984222516, "E_MC": 24.017589471274267, "J": 4.688778323425122}, "datetime": {"datetime": "2024-05-07 21:47:32", "elapsed": 34.511176, "delta": 5.849037}}
{"target": -100.0, "params": {"E_EA": 47.92324781470734, "E_MC": 12.339846794156783, "J": 1.7497948447514524}, "datetime": {"datetime": "2024-05-07 21:47:35", "elapsed": 0.0, "delta": 0.0}}
{"target": -64.0042825810447, "params": {"E_EA": 112.96570623292983, "E_MC": 14.446641268484067, "J": -15.532231587329811}, "datetime": {"datetime": "2024-05-07 21:47:37", "elapsed": 39.451403, "delta": 4.940227}}
{"target": -100.0, "params": {"E_EA": 105.0181948235368, "E_MC": 26.180506869660363, "J": -19.075819278430632}, "datetime": {"datetime": "2024-05-07 21:47:43", "elapsed": 45.200595, "delta": 5.749192}}
{"target": -100.0, "params": {"E_EA": 98.98209215714559, "E_MC": 15.825645503667081, "J": 17.175213459778703}, "datetime": {"datetime": "2024-05-07 21:47:44", "elapsed": 46.956557, "delta": 1.755962}}
{"target": -100.0, "params": {"E_EA": 25.760804545854295, "E_MC": 12.907561184724512, "J": -0.6208510829066292}, "datetime": {"datetime": "2024-05-07 21:47:46", "elapsed": 74.51296, "delta": 35.620831}}
{"target": -100.0, "params": {"E_EA": 43.14464745964181, "E_MC": 28.08916767115679, "J": -7.826247006270481}, "datetime": {"datetime": "2024-05-07 21:47:52", "elapsed": 80.648248, "delta": 6.135288}}
{"target": -100.0, "params": {"E_EA": 33.76738192236326, "E_MC": 28.41430224998873, "J": 3.013051988485323}, "datetime": {"datetime": "2024-05-07 21:47:53", "elapsed": 18.241604, "delta": 18.241604}}
{"target": -100.0, "params": {"E_EA": 59.14311745612423, "E_MC": 4.1317495252287575, "J": 0.7904837274584189}, "datetime": {"datetime": "2024-05-07 21:47:55", "elapsed": 20.309383, "delta": 2.067779}}
{"target": -100.0, "params": {"E_EA": 56.932177193068696, "E_MC": 17.5651882127502, "J": -6.601125847208165}, "datetime": {"datetime": "2024-05-07 21:47:57", "elapsed": 86.220481, "delta": 5.572233}}
{"target": -35.35535995251564, "params": {"E_EA": 58.26770334869737, "E_MC": 25.420836200826336, "J": 18.010131738284173}, "datetime": {"datetime": "2024-05-07 21:47:59", "elapsed": 24.037666, "delta": 3.728283}}
{"target": -100.0, "params": {"E_EA": 103.22312142389235, "E_MC": 3.804832600651084, "J": 11.464289939792266}, "datetime": {"datetime": "2024-05-07 21:48:08", "elapsed": 0.0, "delta": 0.0}}
{"target": -100.0, "params": {"E_EA": 36.8138489833627, "E_MC": 19.379180886108113, "J": -2.8805125705889125}, "datetime": {"datetime": "2024-05-07 21:48:23", "elapsed": 14.343264, "delta": 14.343264}}
{"target": -100.0, "params": {"E_EA": 31.949694324692985, "E_MC": 14.996005974368565, "J": 17.596196997750233}, "datetime": {"datetime": "2024-05-07 21:48:27", "elapsed": 52.300349, "delta": 28.262683}}
{"target": -100.0, "params": {"E_EA": 110.2377754528489, "E_MC": 29.914124041724158, "J": -19.052587557843314}, "datetime": {"datetime": "2024-05-07 21:48:28", "elapsed": 19.641266, "delta": 5.298002}}
{"target": -100.0, "params": {"E_EA": 20.313618237167322, "E_MC": 8.123440155524252, "J": 9.882193574323665}, "datetime": {"datetime": "2024-05-07 21:48:33", "elapsed": 122.125243, "delta": 35.904762}}
{"target": -100.0, "params": {"E_EA": 43.95767125558126, "E_MC": 29.28951587296833, "J": 9.956760560325115}, "datetime": {"datetime": "2024-05-07 21:48:33", "elapsed": 58.798879, "delta": 6.49853}}
{"target": -100.0, "params": {"E_EA": 53.35921046535364, "E_MC": 29.266048118458425, "J": 2.8719911898248327}, "datetime": {"datetime": "2024-05-07 21:48:34", "elapsed": 25.647396, "delta": 6.00613}}
{"target": -100.0, "params": {"E_EA": 123.95894109266997, "E_MC": 18.86992287000014, "J": 6.034813971571747}, "datetime": {"datetime": "2024-05-07 21:48:35", "elapsed": 123.938992, "delta": 1.813749}}
{"target": -100.0, "params": {"E_EA": 78.19361869435801, "E_MC": 10.44553813534924, "J": 12.26013480607709}, "datetime": {"datetime": "2024-05-07 21:48:35", "elapsed": 60.716753, "delta": 1.917874}}
{"target": -100.0, "params": {"E_EA": 144.6182185109999, "E_MC": 7.938317578208722, "J": 3.8222321160827057}, "datetime": {"datetime": "2024-05-07 21:48:37", "elapsed": 125.45502, "delta": 1.516028}}
{"target": -19.713558599425966, "params": {"E_EA": 78.81657625561519, "E_MC": 26.447515066619907, "J": 10.886294471003154}, "datetime": {"datetime": "2024-05-07 21:48:38", "elapsed": 29.596419, "delta": 3.949023}}
{"target": -100.0, "params": {"E_EA": 83.61010073667126, "E_MC": 25.010804806483925, "J": -1.2520280636300214}, "datetime": {"datetime": "2024-05-07 21:48:43", "elapsed": 34.467324, "delta": 4.870905}}
{"target": -100.0, "params": {"E_EA": 94.89931029914212, "E_MC": 29.275129895219624, "J": -11.572114083778033}, "datetime": {"datetime": "2024-05-07 21:48:48", "elapsed": 39.943486, "delta": 5.476162}}
{"target": -25.161022422818558, "params": {"E_EA": 50.35326947680156, "E_MC": 19.87419147711378, "J": 14.925930920776693}, "datetime": {"datetime": "2024-05-07 21:48:53", "elapsed": 44.353661, "delta": 4.410175}}
{"target": -100.0, "params": {"E_EA": 129.02613417795865, "E_MC": 10.999982714121792, "J": 13.748064329993767}, "datetime": {"datetime": "2024-05-07 21:48:54", "elapsed": 45.814198, "delta": 1.460537}}
{"target": -22.931521134037467, "params": {"E_EA": 148.27900770378605, "E_MC": 17.707878930410946, "J": -13.216718521065246}, "datetime": {"datetime": "2024-05-07 21:48:58", "elapsed": 49.18832, "delta": 3.374122}}
{"target": -100.0, "params": {"E_EA": 36.836811709498974, "E_MC": 3.592240963394217, "J": -13.534023716474461}, "datetime": {"datetime": "2024-05-07 21:49:07", "elapsed": 0.0, "delta": 0.0}}
{"target": -100.0, "params": {"E_EA": 26.641966206607552, "E_MC": 13.7126447628796, "J": -3.928143780475075}, "datetime": {"datetime": "2024-05-07 21:49:08", "elapsed": 92.907574, "delta": 32.190821}}
{"target": -100.0, "params": {"E_EA": 126.94221115840533, "E_MC": 10.006164950329138, "J": -9.030892468631144}, "datetime": {"datetime": "2024-05-07 21:49:08", "elapsed": 0.0, "delta": 0.0}}
{"target": -100.0, "params": {"E_EA": 78.28559002650006, "E_MC": 15.315024670567569, "J": 12.695194211888527}, "datetime": {"datetime": "2024-05-07 21:49:09", "elapsed": 1.635764, "delta": 1.635764}}
{"target": -100.0, "params": {"E_EA": 140.21030352101192, "E_MC": 3.9458093501273206, "J": 7.9024931796168865}, "datetime": {"datetime": "2024-05-07 21:49:11", "elapsed": 3.432593, "delta": 1.796829}}
{"target": -100.0, "params": {"E_EA": 71.26439892605714, "E_MC": 13.945668921825337, "J": -8.817403604807875}, "datetime": {"datetime": "2024-05-07 21:49:12", "elapsed": 5.713005, "delta": 5.713005}}
{"target": -89.73902247436553, "params": {"E_EA": 97.7284360333721, "E_MC": 19.852792785336916, "J": -9.5438492470993}, "datetime": {"datetime": "2024-05-07 21:49:12", "elapsed": 97.778985, "delta": 4.871411}}
{"target": -100.0, "params": {"E_EA": 67.54995542753443, "E_MC": 25.315622921005435, "J": 19.28201933485648}, "datetime": {"datetime": "2024-05-07 21:49:15", "elapsed": 100.435598, "delta": 2.656613}}
{"target": -100.0, "params": {"E_EA": 88.43314210338892, "E_MC": 24.114069754461205, "J": -10.66756492646701}, "datetime": {"datetime": "2024-05-07 21:49:17", "elapsed": 9.400924, "delta": 5.968331}}
{"target": -100.0, "params": {"E_EA": 44.22281443113724, "E_MC": 24.429847170160635, "J": 5.409213101843051}, "datetime": {"datetime": "2024-05-07 21:49:19", "elapsed": 12.107604, "delta": 6.394599}}
{"target": -100.0, "params": {"E_EA": 104.74623707269363, "E_MC": 19.77003243387004, "J": 15.147243960683156}, "datetime": {"datetime": "2024-05-07 21:49:20", "elapsed": 13.868955, "delta": 1.761351}}
{"target": -100.0, "params": {"E_EA": 124.06285104978716, "E_MC": 29.751481690075053, "J": -15.240181916814377}, "datetime": {"datetime": "2024-05-07 21:49:22", "elapsed": 14.466142, "delta": 5.065218}}
{"target": -100.0, "params": {"E_EA": 40.765079408305425, "E_MC": 3.606173164371775, "J": 15.041506370224816}, "datetime": {"datetime": "2024-05-07 21:49:24", "elapsed": 16.581428, "delta": 2.115286}}
{"target": -100.0, "params": {"E_EA": 72.6993694176833, "E_MC": 23.005384340663213, "J": -11.363426560218596}, "datetime": {"datetime": "2024-05-07 21:49:26", "elapsed": 19.765987, "delta": 5.897032}}
{"target": -100.0, "params": {"E_EA": 134.32733040367702, "E_MC": 5.958342786504419, "J": -8.530860812026324}, "datetime": {"datetime": "2024-05-07 21:49:28", "elapsed": 21.755102, "delta": 1.989115}}
{"target": -100.0, "params": {"E_EA": 45.47153593538768, "E_MC": 21.329572677591447, "J": -11.248378233555773}, "datetime": {"datetime": "2024-05-07 21:49:49", "elapsed": 0.0, "delta": 0.0}}
{"target": -100.0, "params": {"E_EA": 28.718597371384533, "E_MC": 6.456412197178068, "J": -12.765722022231616}, "datetime": {"datetime": "2024-05-07 21:49:51", "elapsed": 43.259935, "delta": 26.678507}}
{"target": -100.0, "params": {"E_EA": 94.61956913365381, "E_MC": 15.02705966118187, "J": 16.865949751711007}, "datetime": {"datetime": "2024-05-07 21:49:51", "elapsed": 2.114425, "delta": 2.114425}}
{"target": -100.0, "params": {"E_EA": 100.77242478114135, "E_MC": 22.976691055189313, "J": -10.165215175036174}, "datetime": {"datetime": "2024-05-07 21:49:56", "elapsed": 48.754715, "delta": 5.49478}}
{"target": -100.0, "params": {"E_EA": 45.540854618724566, "E_MC": 17.79581063139851, "J": 5.1646632079503405}, "datetime": {"datetime": "2024-05-07 21:49:58", "elapsed": 8.647312, "delta": 6.532887}}
{"target": -100.0, "params": {"E_EA": 134.940617163607, "E_MC": 8.785768075689312, "J": -2.5399921232206957}, "datetime": {"datetime": "2024-05-07 21:49:58", "elapsed": 50.586624, "delta": 1.831909}}
{"target": -100.0, "params": {"E_EA": 136.2032310634766, "E_MC": 13.96734810261291, "J": -4.85552621258206}, "datetime": {"datetime": "2024-05-07 21:50:00", "elapsed": 10.869719, "delta": 2.222407}}
{"target": -100.0, "params": {"E_EA": 27.21543053004071, "E_MC": 29.41211400952113, "J": -5.253371194718799}, "datetime": {"datetime": "2024-05-07 21:50:03", "elapsed": 56.173287, "delta": 34.418185}}
{"target": -4.123857399254937, "params": {"E_EA": 86.78768230643979, "E_MC": 5.263953042879538, "J": -8.582659879670764}, "datetime": {"datetime": "2024-05-07 21:50:04", "elapsed": 15.356911, "delta": 4.487192}}
{"target": -100.0, "params": {"E_EA": 144.736304571372, "E_MC": 6.858541216312474, "J": 15.606188330878908}, "datetime": {"datetime": "2024-05-07 21:50:05", "elapsed": 58.590128, "delta": 2.416841}}
{"target": -35.39901501964391, "params": {"E_EA": 86.05988531328492, "E_MC": 27.20362059983937, "J": 6.056893325814087}, "datetime": {"datetime": "2024-05-07 21:50:09", "elapsed": 19.554362, "delta": 4.197451}}
{"target": -21.708716306168164, "params": {"E_EA": 128.17676982470263, "E_MC": 17.55346819527871, "J": -11.042751385284886}, "datetime": {"datetime": "2024-05-07 21:50:09", "elapsed": 62.517936, "delta": 3.927808}}
{"target": -100.0, "params": {"E_EA": 40.19334913951917, "E_MC": 8.318514166278167, "J": -12.065776901781785}, "datetime": {"datetime": "2024-05-07 21:50:10", "elapsed": 62.454653, "delta": 11.868029}}
{"target": -100.0, "params": {"E_EA": 130.52669126212712, "E_MC": 4.998814030591207, "J": 1.220613469475488}, "datetime": {"datetime": "2024-05-07 21:50:11", "elapsed": 21.752507, "delta": 2.198145}}
