{"target": -100.0, "params": {"E_EA": 91.12892123075446, "E_MC": 24.153521395217055, "J": -16.475082634656687}, "datetime": {"datetime": "2024-05-07 22:32:19", "elapsed": 127.91485, "delta": 21.304542}}
{"target": -100.0, "params": {"E_EA": 143.76893845447722, "E_MC": 12.06430448861154, "J": -6.119123623715289}, "datetime": {"datetime": "2024-05-07 22:32:37", "elapsed": 145.763606, "delta": 17.848756}}
{"target": -39.2249632064122, "params": {"E_EA": 94.18733876056483, "E_MC": 28.7440571240945, "J": 8.866840654648609}, "datetime": {"datetime": "2024-05-07 22:32:49", "elapsed": 0.0, "delta": 0.0}}
{"target": -100.0, "params": {"E_EA": 138.4835268966644, "E_MC": 13.408863655300014, "J": 17.067690124006567}, "datetime": {"datetime": "2024-05-07 22:32:53", "elapsed": 161.49375, "delta": 15.730144}}
{"target": -100.0, "params": {"E_EA": 28.30762918916627, "E_MC": 14.709092799988005, "J": 2.549720135805181}, "datetime": {"datetime": "2024-05-07 22:32:53", "elapsed": 78.339705, "delta": 48.223689}}
{"target": -100.0, "params": {"E_EA": 144.4617555707365, "E_MC": 22.502212244024502, "J": 16.70518366350781}, "datetime": {"datetime": "2024-05-07 22:33:03", "elapsed": 13.261135, "delta": 13.261135}}
{"target": -38.588093914511184, "params": {"E_EA": 78.65148689443693, "E_MC": 27.84110786368305, "J": 9.201894823807987}, "datetime": {"datetime": "2024-05-07 22:33:10", "elapsed": 179.216593, "delta": 17.722843}}
{"target": -100.0, "params": {"E_EA": 108.92514033644805, "E_MC": 10.220877371343573, "J": 14.335663042702429}, "datetime": {"datetime": "2024-05-07 22:33:15", "elapsed": 25.917712, "delta": 12.656577}}
{"target": -20.026911505206016, "params": {"E_EA": 138.07359585516244, "E_MC": 16.789233617285895, "J": -13.674996661456703}, "datetime": {"datetime": "2024-05-07 22:33:23", "elapsed": 192.156635, "delta": 12.940042}}
{"target": -100.0, "params": {"E_EA": 95.81183300840364, "E_MC": 15.616598394339377, "J": -14.677379779586461}, "datetime": {"datetime": "2024-05-07 22:33:32", "elapsed": 42.981305, "delta": 17.063593}}
{"target": -100.0, "params": {"E_EA": 32.71518279886815, "E_MC": 12.081555434405509, "J": 8.59595848524808}, "datetime": {"datetime": "2024-05-07 22:33:42", "elapsed": 127.049498, "delta": 48.709793}}
{"target": -100.0, "params": {"E_EA": 82.50095508867477, "E_MC": 11.686640824010384, "J": -15.599910235731942}, "datetime": {"datetime": "2024-05-07 22:33:59", "elapsed": 144.178548, "delta": 17.12905}}
{"target": -100.0, "params": {"E_EA": 72.16299898618593, "E_MC": 3.224653744725187, "J": -16.403694448774573}, "datetime": {"datetime": "2024-05-07 22:34:16", "elapsed": 161.00688, "delta": 16.828332}}
{"target": -100.0, "params": {"E_EA": 25.72197469526026, "E_MC": 18.66892839280404, "J": -1.5915279646449463}, "datetime": {"datetime": "2024-05-07 22:34:20", "elapsed": 91.036421, "delta": 48.055116}}
{"target": -100.0, "params": {"E_EA": 83.53903765345927, "E_MC": 11.343078732195796, "J": 6.745329578426009}, "datetime": {"datetime": "2024-05-07 22:34:37", "elapsed": 107.872255, "delta": 16.835834}}
{"target": -100.0, "params": {"E_EA": 76.94555166691154, "E_MC": 28.55558266571844, "J": -13.652028466384207}, "datetime": {"datetime": "2024-05-07 22:34:37", "elapsed": 182.181191, "delta": 21.174311}}
{"target": -100.0, "params": {"E_EA": 55.017294086649116, "E_MC": 4.187210685965541, "J": 18.603037055895697}, "datetime": {"datetime": "2024-05-07 22:34:38", "elapsed": 0.0, "delta": 0.0}}
{"target": -100.0, "params": {"E_EA": 142.04986084205777, "E_MC": 4.611296671951815, "J": 1.9192950340730235}, "datetime": {"datetime": "2024-05-07 22:34:53", "elapsed": 198.102633, "delta": 15.921442}}
{"target": -100.0, "params": {"E_EA": 116.92833144129587, "E_MC": 28.904500571193697, "J": 7.2771695682190405}, "datetime": {"datetime": "2024-05-07 22:34:55", "elapsed": 125.884296, "delta": 18.012041}}
{"target": -100.0, "params": {"E_EA": 114.47412613164597, "E_MC": 11.824962604340614, "J": 12.273683442357786}, "datetime": {"datetime": "2024-05-07 22:34:57", "elapsed": 18.665114, "delta": 18.665114}}
{"target": -100.0, "params": {"E_EA": 135.14015477399232, "E_MC": 22.059688041302003, "J": 16.90928619276194}, "datetime": {"datetime": "2024-05-07 22:35:17", "elapsed": 39.020727, "delta": 20.355613}}
{"target": -100.0, "params": {"E_EA": 44.68340993005659, "E_MC": 5.741717402517537, "J": -14.90351895250447}, "datetime": {"datetime": "2024-05-07 22:35:18", "elapsed": 148.375453, "delta": 22.491157}}
{"target": -100.0, "params": {"E_EA": 86.09128052286982, "E_MC": 8.344165842783204, "J": 1.9838594744594218}, "datetime": {"datetime": "2024-05-07 22:35:35", "elapsed": 165.86428, "delta": 17.488827}}
{"target": -100.0, "params": {"E_EA": 81.23187019159505, "E_MC": 7.379866360281927, "J": 10.142412651933785}, "datetime": {"datetime": "2024-05-07 22:35:37", "elapsed": 58.706859, "delta": 19.686132}}
{"target": -100.0, "params": {"E_EA": 33.62830991495011, "E_MC": 4.064839219955719, "J": -2.2463617970588317}, "datetime": {"datetime": "2024-05-07 22:35:41", "elapsed": 246.373438, "delta": 48.270805}}
{"target": -100.0, "params": {"E_EA": 96.49183831231863, "E_MC": 19.310415185195126, "J": 15.20938316521039}, "datetime": {"datetime": "2024-05-07 22:36:09", "elapsed": 0.0, "delta": 0.0}}
{"target": -100.0, "params": {"E_EA": 146.04932791666556, "E_MC": 17.573337332938557, "J": 16.428284802715424}, "datetime": {"datetime": "2024-05-07 22:36:25", "elapsed": 15.64191, "delta": 15.64191}}
{"target": -100.0, "params": {"E_EA": 24.387108320274812, "E_MC": 9.428423013785608, "J": 1.8726424719579313}, "datetime": {"datetime": "2024-05-07 22:36:27", "elapsed": 217.804351, "delta": 51.940071}}
{"target": -100.0, "params": {"E_EA": 21.947319429793602, "E_MC": 16.174763642484045, "J": 6.421727367486714}, "datetime": {"datetime": "2024-05-07 22:36:27", "elapsed": 109.148315, "delta": 50.441456}}
{"target": -18.531221651747295, "params": {"E_EA": 44.466441159746594, "E_MC": 18.601619744941292, "J": 14.855299739351459}, "datetime": {"datetime": "2024-05-07 22:36:45", "elapsed": 35.794421, "delta": 20.152511}}
{"target": -20.199954692987692, "params": {"E_EA": 44.56172863179407, "E_MC": 18.851175075229058, "J": 14.673858282067378}, "datetime": {"datetime": "2024-05-07 22:36:47", "elapsed": 129.11828, "delta": 19.969965}}
{"target": -100.0, "params": {"E_EA": 102.33380347060884, "E_MC": 24.875937143080435, "J": 11.898681558485134}, "datetime": {"datetime": "2024-05-07 22:37:07", "elapsed": 57.489157, "delta": 21.694736}}
{"target": -100.0, "params": {"E_EA": 144.16277917027656, "E_MC": 10.06972997185208, "J": -8.625592387300788}, "datetime": {"datetime": "2024-05-07 22:37:09", "elapsed": 150.996339, "delta": 21.878059}}
{"target": -77.65080951749334, "params": {"E_EA": 83.71894900155272, "E_MC": 27.654511381328366, "J": 5.069974444917051}, "datetime": {"datetime": "2024-05-07 22:37:28", "elapsed": 78.55979, "delta": 21.070633}}
{"target": -100.0, "params": {"E_EA": 38.384958781511514, "E_MC": 29.146570256987097, "J": -3.084825408503008}, "datetime": {"datetime": "2024-05-07 22:37:41", "elapsed": 0.0, "delta": 0.0}}
{"target": -38.36953317557876, "params": {"E_EA": 131.10500184263665, "E_MC": 27.03970986234855, "J": -5.615758686886863}, "datetime": {"datetime": "2024-05-07 22:37:45", "elapsed": 95.460462, "delta": 16.900672}}
{"target": -100.0, "params": {"E_EA": 147.4250531520563, "E_MC": 7.207610900965433, "J": -15.325980858820166}, "datetime": {"datetime": "2024-05-07 22:37:58", "elapsed": 17.055015, "delta": 17.055015}}
{"target": -100.0, "params": {"E_EA": 61.665515264793314, "E_MC": 17.17918231411278, "J": -3.8986752290105358}, "datetime": {"datetime": "2024-05-07 22:38:03", "elapsed": 113.563978, "delta": 18.103516}}
{"target": -100.0, "params": {"E_EA": 29.900761848362713, "E_MC": 12.915177374381418, "J": 7.040246977807758}, "datetime": {"datetime": "2024-05-07 22:38:04", "elapsed": 205.45006, "delta": 54.453721}}
{"target": -100.0, "params": {"E_EA": 141.62778202976213, "E_MC": 7.144775172450852, "J": 1.7383815226189512}, "datetime": {"datetime": "2024-05-07 22:38:15", "elapsed": 33.990387, "delta": 16.935372}}
{"target": -60.62393772662664, "params": {"E_EA": 114.44726149947641, "E_MC": 28.858267228178324, "J": 5.565693872595098}, "datetime": {"datetime": "2024-05-07 22:38:21", "elapsed": 223.001519, "delta": 17.551459}}
{"target": -100.0, "params": {"E_EA": 59.62175842495315, "E_MC": 22.52383389966586, "J": -7.77406889824424}, "datetime": {"datetime": "2024-05-07 22:38:32", "elapsed": 50.674216, "delta": 16.683829}}
{"target": -100.0, "params": {"E_EA": 127.41873997665701, "E_MC": 18.986772682399987, "J": 18.108299190973597}, "datetime": {"datetime": "2024-05-07 22:38:41", "elapsed": 242.412729, "delta": 19.41121}}
{"target": -100.0, "params": {"E_EA": 115.25068476826962, "E_MC": 5.035495658846473, "J": 19.064086346454687}, "datetime": {"datetime": "2024-05-07 22:38:47", "elapsed": 66.257702, "delta": 15.583486}}
{"target": -100.0, "params": {"E_EA": 24.859322843638594, "E_MC": 16.687743738174525, "J": 13.196895530482749}, "datetime": {"datetime": "2024-05-07 22:38:55", "elapsed": 165.764076, "delta": 52.200098}}
{"target": -100.0, "params": {"E_EA": 121.57056113406297, "E_MC": 5.71256918570211, "J": 17.579839372077828}, "datetime": {"datetime": "2024-05-07 22:38:59", "elapsed": 0.0, "delta": 0.0}}
{"target": -100.0, "params": {"E_EA": 84.12074338584695, "E_MC": 20.50229508080099, "J": -17.800244663922168}, "datetime": {"datetime": "2024-05-07 22:39:08", "elapsed": 87.086915, "delta": 20.829213}}
{"target": -100.0, "params": {"E_EA": 148.77917663562582, "E_MC": 6.7530201317343845, "J": 10.358409982897044}, "datetime": {"datetime": "2024-05-07 22:39:09", "elapsed": 179.494089, "delta": 13.730013}}
{"target": -17.27113154247719, "params": {"E_EA": 75.98040154857048, "E_MC": 18.7887266502743, "J": 5.32261049447888}, "datetime": {"datetime": "2024-05-07 22:39:21", "elapsed": 21.176297, "delta": 21.176297}}
{"target": -100.0, "params": {"E_EA": 66.00170287195502, "E_MC": 4.219930264635349, "J": 8.044872177871735}, "datetime": {"datetime": "2024-05-07 22:39:31", "elapsed": 201.265303, "delta": 21.771214}}
{"target": -100.0, "params": {"E_EA": 117.44653776630216, "E_MC": 12.999990798476492, "J": 10.418116815562431}, "datetime": {"datetime": "2024-05-07 22:39:31", "elapsed": 110.374729, "delta": 23.287814}}
{"target": -36.811037143011355, "params": {"E_EA": 74.81799246013422, "E_MC": 6.5427070626750465, "J": -3.631059818991286}, "datetime": {"datetime": "2024-05-07 22:39:49", "elapsed": 127.766735, "delta": 17.392006}}
{"target": -100.0, "params": {"E_EA": 86.22047837197859, "E_MC": 28.21622181882663, "J": -2.6223479108829437}, "datetime": {"datetime": "2024-05-07 22:40:10", "elapsed": 148.853275, "delta": 21.08654}}
{"target": -100.0, "params": {"E_EA": 22.154922098604782, "E_MC": 7.133669046276076, "J": 8.807955681883431}, "datetime": {"datetime": "2024-05-07 22:40:13", "elapsed": 73.96956, "delta": 52.793263}}
{"target": -100.0, "params": {"E_EA": 52.7168853653616, "E_MC": 14.19692335168484, "J": 16.35221173938251}, "datetime": {"datetime": "2024-05-07 22:40:32", "elapsed": 170.697323, "delta": 21.844048}}
{"target": -100.0, "params": {"E_EA": 126.42076783886266, "E_MC": 3.9336068430663618, "J": 5.954217903209617}, "datetime": {"datetime": "2024-05-07 22:40:37", "elapsed": 0.0, "delta": 0.0}}
{"target": -100.0, "params": {"E_EA": 50.259220865981405, "E_MC": 3.6509399324156586, "J": 0.23040526210170142}, "datetime": {"datetime": "2024-05-07 22:40:38", "elapsed": 98.559866, "delta": 24.590306}}
{"target": -47.2784380152598, "params": {"E_EA": 119.20308960138296, "E_MC": 8.746530211066478, "J": -18.173101876384262}, "datetime": {"datetime": "2024-05-07 22:41:00", "elapsed": 22.46832, "delta": 22.46832}}
{"target": -42.99804197105172, "params": {"E_EA": 148.8604630737842, "E_MC": 29.40554556548552, "J": -8.97689873481561}, "datetime": {"datetime": "2024-05-07 22:41:00", "elapsed": 120.825355, "delta": 22.265489}}
{"target": -100.0, "params": {"E_EA": 48.83095273250407, "E_MC": 24.853914353114366, "J": -17.607299960168096}, "datetime": {"datetime": "2024-05-07 22:41:25", "elapsed": 47.950649, "delta": 25.482329}}
{"target": -100.0, "params": {"E_EA": 60.80282190500932, "E_MC": 21.30288246772785, "J": -6.57763935753518}, "datetime": {"datetime": "2024-05-07 22:41:28", "elapsed": 148.191854, "delta": 27.366499}}
{"target": -77.52962711091003, "params": {"E_EA": 57.61748497965769, "E_MC": 7.134469690368787, "J": 1.4791244791238647}, "datetime": {"datetime": "2024-05-07 22:41:47", "elapsed": 167.613009, "delta": 19.421155}}
{"target": -23.914025995096814, "params": {"E_EA": 110.21082565751689, "E_MC": 11.425264485213829, "J": -8.55294748327809}, "datetime": {"datetime": "2024-05-07 22:41:48", "elapsed": 71.057431, "delta": 23.106782}}
{"target": -100.0, "params": {"E_EA": 142.67505943991685, "E_MC": 19.881105729674605, "J": 4.418988390081964}, "datetime": {"datetime": "2024-05-07 22:41:51", "elapsed": 0.0, "delta": 0.0}}
{"target": -100.0, "params": {"E_EA": 120.68379608916013, "E_MC": 5.728582340764688, "J": -8.536891174472645}, "datetime": {"datetime": "2024-05-07 22:42:04", "elapsed": 86.436556, "delta": 15.379125}}
{"target": -100.0, "params": {"E_EA": 66.78536587375072, "E_MC": 15.943288852433732, "J": -9.989123826611221}, "datetime": {"datetime": "2024-05-07 22:42:12", "elapsed": 192.795813, "delta": 25.182804}}
{"target": -100.0, "params": {"E_EA": 95.73274856499202, "E_MC": 20.441907217922946, "J": -13.775169468627242}, "datetime": {"datetime": "2024-05-07 22:42:14", "elapsed": 23.056975, "delta": 23.056975}}
{"target": -100.0, "params": {"E_EA": 104.47071750462202, "E_MC": 26.955579764702108, "J": -15.070537349411147}, "datetime": {"datetime": "2024-05-07 22:42:29", "elapsed": 111.607278, "delta": 25.170722}}
{"target": -81.77760661055399, "params": {"E_EA": 101.15541660859415, "E_MC": 6.674529280815104, "J": -19.059341851186083}, "datetime": {"datetime": "2024-05-07 22:42:39", "elapsed": 47.897925, "delta": 24.84095}}
{"target": -100.0, "params": {"E_EA": 57.00809936276709, "E_MC": 28.373630564496626, "J": -15.016091009097018}, "datetime": {"datetime": "2024-05-07 22:42:40", "elapsed": 220.733024, "delta": 27.937211}}
{"target": -100.0, "params": {"E_EA": 129.2322843421416, "E_MC": 7.069586783326452, "J": 13.784219921149045}, "datetime": {"datetime": "2024-05-07 22:42:44", "elapsed": 126.685115, "delta": 15.077837}}
{"target": -40.429696639321506, "params": {"E_EA": 75.59638612144067, "E_MC": 5.651648916780052, "J": -4.481896205063535}, "datetime": {"datetime": "2024-05-07 22:43:00", "elapsed": 240.26209, "delta": 19.529066}}
{"target": -100.0, "params": {"E_EA": 91.06168849754809, "E_MC": 18.113766825240464, "J": 14.669727173292635}, "datetime": {"datetime": "2024-05-07 22:43:02", "elapsed": 70.503673, "delta": 22.605748}}
{"target": -100.0, "params": {"E_EA": 123.76667308215664, "E_MC": 17.273849460001752, "J": 6.413753121784907}, "datetime": {"datetime": "2024-05-07 22:43:17", "elapsed": 85.380758, "delta": 14.877085}}
{"target": -100.0, "params": {"E_EA": 53.80267392114855, "E_MC": 15.583963750635155, "J": -5.277311835480676}, "datetime": {"datetime": "2024-05-07 22:43:25", "elapsed": 0.0, "delta": 0.0}}
{"target": -46.69995814623057, "params": {"E_EA": 28.870692948399373, "E_MC": 16.408109830488467, "J": 15.11891609644799}, "datetime": {"datetime": "2024-05-07 22:43:43", "elapsed": 185.79322, "delta": 59.108105}}
{"target": -100.0, "params": {"E_EA": 47.30696497699003, "E_MC": 10.475606629604808, "J": 7.391584356276756}, "datetime": {"datetime": "2024-05-07 22:43:43", "elapsed": 111.937158, "delta": 26.5564}}
{"target": -100.0, "params": {"E_EA": 127.12373491532149, "E_MC": 8.832308243110116, "J": 3.4820790243843867}, "datetime": {"datetime": "2024-05-07 22:43:47", "elapsed": 22.45822, "delta": 22.45822}}
{"target": -60.17266227534845, "params": {"E_EA": 73.32790376418274, "E_MC": 27.718500701510553, "J": 9.596446448779119}, "datetime": {"datetime": "2024-05-07 22:44:05", "elapsed": 134.246855, "delta": 22.309697}}
{"target": -100.0, "params": {"E_EA": 83.0092013381547, "E_MC": 11.48999132044213, "J": -18.452793185001187}, "datetime": {"datetime": "2024-05-07 22:44:13", "elapsed": 216.058987, "delta": 30.265767}}
{"target": -58.633670016163194, "params": {"E_EA": 87.46790200130113, "E_MC": 14.666788638649837, "J": -5.207313258598671}, "datetime": {"datetime": "2024-05-07 22:44:16", "elapsed": 51.310257, "delta": 28.852037}}
{"target": -100.0, "params": {"E_EA": 141.69351911013916, "E_MC": 21.78971284096539, "J": 12.917058633716977}, "datetime": {"datetime": "2024-05-07 22:44:33", "elapsed": 68.231175, "delta": 16.920918}}
{"target": -100.0, "params": {"E_EA": 47.531157759315185, "E_MC": 27.824765192020056, "J": 15.53951760516042}, "datetime": {"datetime": "2024-05-07 22:44:33", "elapsed": 162.085953, "delta": 27.839098}}
{"target": -100.0, "params": {"E_EA": 78.28865820670907, "E_MC": 21.46195654498514, "J": -19.564368962135156}, "datetime": {"datetime": "2024-05-07 22:44:35", "elapsed": 238.221008, "delta": 22.162021}}
{"target": -100.0, "params": {"E_EA": 63.02073388748294, "E_MC": 15.065278934826832, "J": 19.083962342483545}, "datetime": {"datetime": "2024-05-07 22:44:44", "elapsed": 79.272604, "delta": 11.041429}}
{"target": -100.0, "params": {"E_EA": 41.40973651448003, "E_MC": 7.2820916490852365, "J": 10.980239126021175}, "datetime": {"datetime": "2024-05-07 22:44:51", "elapsed": 179.277899, "delta": 17.191946}}
{"target": -100.0, "params": {"E_EA": 28.118419381104, "E_MC": 7.579153102452294, "J": -7.482410600422881}, "datetime": {"datetime": "2024-05-07 22:45:40", "elapsed": 228.535936, "delta": 49.258037}}
{"target": -46.038315107819564, "params": {"E_EA": 33.6510746938513, "E_MC": 10.094699667501327, "J": 10.193678067920548}, "datetime": {"datetime": "2024-05-07 22:45:40", "elapsed": 135.176799, "delta": 55.904195}}
{"target": -100.0, "params": {"E_EA": 23.23138558726708, "E_MC": 8.597646615705276, "J": -17.421750839649274}, "datetime": {"datetime": "2024-05-07 22:45:43", "elapsed": 0.0, "delta": 0.0}}
{"target": -100.0, "params": {"E_EA": 77.14247693797965, "E_MC": 16.893851097921075, "J": 16.032454784059816}, "datetime": {"datetime": "2024-05-07 22:46:00", "elapsed": 155.179821, "delta": 20.003022}}
{"target": -38.858384373934996, "params": {"E_EA": 40.22082865430904, "E_MC": 12.839415728821583, "J": 10.915398280255854}, "datetime": {"datetime": "2024-05-07 22:46:19", "elapsed": 35.867842, "delta": 35.867842}}
{"target": -100.0, "params": {"E_EA": 117.08313550253965, "E_MC": 13.65556573099151, "J": 3.5765739963599685}, "datetime": {"datetime": "2024-05-07 22:46:20", "elapsed": 175.489999, "delta": 20.310178}}
{"target": -100.0, "params": {"E_EA": 72.10934529499563, "E_MC": 23.39219785782219, "J": -0.08748311822473909}, "datetime": {"datetime": "2024-05-07 22:46:34", "elapsed": 0.0, "delta": 0.0}}
{"target": -100.0, "params": {"E_EA": 61.26575955945426, "E_MC": 28.325725862414593, "J": 5.467200279103626}, "datetime": {"datetime": "2024-05-07 22:46:44", "elapsed": 198.73519, "delta": 23.245191}}
{"target": -98.8797857966139, "params": {"E_EA": 105.37341310276511, "E_MC": 18.844026624976653, "J": -13.857541223454257}, "datetime": {"datetime": "2024-05-07 22:46:46", "elapsed": 62.815693, "delta": 26.947851}}
{"target": -100.0, "params": {"E_EA": 106.61085230241682, "E_MC": 26.411262836954872, "J": -9.624242003530949}, "datetime": {"datetime": "2024-05-07 22:47:10", "elapsed": 87.045074, "delta": 24.229381}}
{"target": -100.0, "params": {"E_EA": 41.180438347616736, "E_MC": 17.14402683979396, "J": -14.726931167600515}, "datetime": {"datetime": "2024-05-07 22:47:10", "elapsed": 225.206051, "delta": 26.470861}}
{"target": -100.0, "params": {"E_EA": 77.3880618468136, "E_MC": 18.053782687113298, "J": 17.215368578707952}, "datetime": {"datetime": "2024-05-07 22:47:28", "elapsed": 104.935574, "delta": 17.8905}}
{"target": -100.0, "params": {"E_EA": 31.150939742885534, "E_MC": 23.425567116781014, "J": 10.635019145779662}, "datetime": {"datetime": "2024-05-07 22:47:30", "elapsed": 55.834614, "delta": 55.834614}}
{"target": -100.0, "params": {"E_EA": 94.48331562490603, "E_MC": 27.67114633581584, "J": 16.323216350920838}, "datetime": {"datetime": "2024-05-07 22:47:44", "elapsed": 121.283363, "delta": 16.347789}}
{"target": -100.0, "params": {"E_EA": 103.8394626365306, "E_MC": 18.038652144931767, "J": 14.056824258950002}, "datetime": {"datetime": "2024-05-07 22:47:53", "elapsed": 78.800304, "delta": 22.96569}}
{"target": -100.0, "params": {"E_EA": 47.984712358301834, "E_MC": 9.800266302779928, "J": -3.244642688829842}, "datetime": {"datetime": "2024-05-07 22:48:09", "elapsed": 0.0, "delta": 0.0}}
{"target": -19.774828758258156, "params": {"E_EA": 118.48909037245393, "E_MC": 10.630627434647415, "J": -14.014291463451638}, "datetime": {"datetime": "2024-05-07 22:48:13", "elapsed": 150.225288, "delta": 28.941925}}
{"target": -100.0, "params": {"E_EA": 72.18376188650811, "E_MC": 28.125913537015894, "J": -13.648145962952265}, "datetime": {"datetime": "2024-05-07 22:48:22", "elapsed": 107.540577, "delta": 28.740273}}
{"target": -100.0, "params": {"E_EA": 128.24975812294917, "E_MC": 23.979855873759544, "J": 5.793366840772862}, "datetime": {"datetime": "2024-05-07 22:48:31", "elapsed": 22.262734, "delta": 22.262734}}
{"target": -100.0, "params": {"E_EA": 128.12830181846573, "E_MC": 3.5809249895826687, "J": 11.049103579790899}, "datetime": {"datetime": "2024-05-07 22:48:38", "elapsed": 124.013647, "delta": 16.47307}}
{"target": -66.73109739783271, "params": {"E_EA": 109.35674189453302, "E_MC": 20.852812722094058, "J": -8.624326625894398}, "datetime": {"datetime": "2024-05-07 22:48:52", "elapsed": 43.674821, "delta": 21.412087}}
