{"target": -100.0, "params": {"E_EA": 73.5253005128481, "E_MC": 10.276819386470349, "J": 4.346496582155687}, "datetime": {"datetime": "2024-05-07 21:50:11", "elapsed": 64.609606, "delta": 2.09167}}
{"target": -100.0, "params": {"E_EA": 75.88464752248575, "E_MC": 6.062195933397179, "J": 13.95003963229528}, "datetime": {"datetime": "2024-05-07 21:50:13", "elapsed": 23.745509, "delta": 1.993002}}
{"target": -100.0, "params": {"E_EA": 104.67349811774609, "E_MC": 7.362762704710883, "J": 10.606676469667757}, "datetime": {"datetime": "2024-05-07 21:50:15", "elapsed": 26.508376, "delta": 2.762867}}
{"target": -100.0, "params": {"E_EA": 129.46859590490612, "E_MC": 11.7198456367342, "J": 11.361399171412604}, "datetime": {"datetime": "2024-05-07 21:50:18", "elapsed": 29.3329, "delta": 2.824524}}
{"target": -100.0, "params": {"E_EA": 126.07651095558656, "E_MC": 5.157857402148043, "J": 0.08624380428905454}, "datetime": {"datetime": "2024-05-07 21:50:26", "elapsed": 0.0, "delta": 0.0}}
{"target": -35.52342269082187, "params": {"E_EA": 63.96905027973467, "E_MC": 13.460432986237986, "J": 1.7121047632123485}, "datetime": {"datetime": "2024-05-07 21:50:31", "elapsed": 4.813854, "delta": 4.813854}}
{"target": -100.0, "params": {"E_EA": 101.36311470986887, "E_MC": 4.553585342820062, "J": 3.9433903593349307}, "datetime": {"datetime": "2024-05-07 21:50:33", "elapsed": 7.115384, "delta": 2.30153}}
{"target": -100.0, "params": {"E_EA": 51.486106182768765, "E_MC": 9.359592890479675, "J": -4.881843550441873}, "datetime": {"datetime": "2024-05-07 21:50:40", "elapsed": 13.896033, "delta": 6.780649}}
{"target": -100.0, "params": {"E_EA": 93.6405336033246, "E_MC": 10.994065734878639, "J": -19.927700740273547}, "datetime": {"datetime": "2024-05-07 21:50:54", "elapsed": 0.0, "delta": 0.0}}
{"target": -100.0, "params": {"E_EA": 56.33891565266943, "E_MC": 24.489177695165573, "J": 0.5551913583901715}, "datetime": {"datetime": "2024-05-07 21:51:00", "elapsed": 6.383103, "delta": 6.383103}}
{"target": -100.0, "params": {"E_EA": 128.09019625235175, "E_MC": 28.11610456246883, "J": 11.0076025246263}, "datetime": {"datetime": "2024-05-07 21:51:02", "elapsed": 8.759813, "delta": 2.37671}}
{"target": -100.0, "params": {"E_EA": 44.38121505037685, "E_MC": 27.36633491755343, "J": 0.8891435077485887}, "datetime": {"datetime": "2024-05-07 21:51:09", "elapsed": 15.620526, "delta": 6.860713}}
{"target": -100.0, "params": {"E_EA": 21.116260299101903, "E_MC": 14.814850708832227, "J": -17.82034066802197}, "datetime": {"datetime": "2024-05-07 21:51:12", "elapsed": 46.401038, "delta": 32.505005}}
{"target": -99.93929749432507, "params": {"E_EA": 113.78297867272671, "E_MC": 21.59505076458091, "J": -15.251639664409007}, "datetime": {"datetime": "2024-05-07 21:51:15", "elapsed": 21.232055, "delta": 5.611529}}
{"target": -100.0, "params": {"E_EA": 62.962308221855736, "E_MC": 28.754702528173944, "J": -12.051553359549626}, "datetime": {"datetime": "2024-05-07 21:51:19", "elapsed": 53.375428, "delta": 6.97439}}
{"target": -100.0, "params": {"E_EA": 66.58655114681436, "E_MC": 9.39375122182699, "J": -19.491814614109224}, "datetime": {"datetime": "2024-05-07 21:51:21", "elapsed": 27.728448, "delta": 6.496393}}
{"target": -100.0, "params": {"E_EA": 73.89582303020546, "E_MC": 25.231002499509227, "J": -0.7019062012878194}, "datetime": {"datetime": "2024-05-07 21:51:28", "elapsed": 33.818711, "delta": 6.090263}}
{"target": -54.409928663560905, "params": {"E_EA": 126.75153834941842, "E_MC": 22.168421790745533, "J": -10.080477558480784}, "datetime": {"datetime": "2024-05-07 21:51:32", "elapsed": 38.031915, "delta": 4.213204}}
{"target": -100.0, "params": {"E_EA": 109.78326642555457, "E_MC": 11.430742955144032, "J": 14.506736278720311}, "datetime": {"datetime": "2024-05-07 21:51:34", "elapsed": 40.119522, "delta": 2.087607}}
{"target": -100.0, "params": {"E_EA": 101.23182341721525, "E_MC": 28.537548519493697, "J": 13.782898498692887}, "datetime": {"datetime": "2024-05-07 21:51:37", "elapsed": 43.011751, "delta": 2.892229}}
{"target": -100.0, "params": {"E_EA": 27.399041653527455, "E_MC": 14.717533279079424, "J": 7.119088417196302}, "datetime": {"datetime": "2024-05-07 21:51:55", "elapsed": 0.0, "delta": 0.0}}
{"target": -100.0, "params": {"E_EA": 38.06777593320287, "E_MC": 28.15662465906794, "J": 15.62606649324377}, "datetime": {"datetime": "2024-05-07 21:51:56", "elapsed": 89.728282, "delta": 36.352854}}
{"target": -100.0, "params": {"E_EA": 113.60491972062665, "E_MC": 12.454278489890516, "J": 10.404690194880551}, "datetime": {"datetime": "2024-05-07 21:51:57", "elapsed": 2.280933, "delta": 2.280933}}
{"target": -100.0, "params": {"E_EA": 137.40753173779433, "E_MC": 27.27094320685517, "J": 2.7304850287652336}, "datetime": {"datetime": "2024-05-07 21:52:00", "elapsed": 5.417925, "delta": 3.136992}}
{"target": -56.03890234566056, "params": {"E_EA": 94.88130715719126, "E_MC": 17.432922948237017, "J": -5.092780708934622}, "datetime": {"datetime": "2024-05-07 21:52:01", "elapsed": 94.776876, "delta": 5.048594}}
{"target": -19.6300559134684, "params": {"E_EA": 87.06917906210514, "E_MC": 22.519641149060465, "J": 3.9469554379214316}, "datetime": {"datetime": "2024-05-07 21:52:05", "elapsed": 0.0, "delta": 0.0}}
{"target": -100.0, "params": {"E_EA": 102.80930214083905, "E_MC": 28.424212876320286, "J": -19.144635745038173}, "datetime": {"datetime": "2024-05-07 21:52:07", "elapsed": 100.97696, "delta": 6.200084}}
{"target": -100.0, "params": {"E_EA": 83.30803027634778, "E_MC": 23.757431302163386, "J": -10.234082491329248}, "datetime": {"datetime": "2024-05-07 21:52:07", "elapsed": 11.826939, "delta": 6.409014}}
{"target": -100.0, "params": {"E_EA": 110.72395838284868, "E_MC": 10.841534750769931, "J": 11.49868948885413}, "datetime": {"datetime": "2024-05-07 21:52:09", "elapsed": 103.20042, "delta": 2.22346}}
{"target": -7.939764680412712, "params": {"E_EA": 60.71783918059292, "E_MC": 4.972280780239157, "J": -2.9958542280575244}, "datetime": {"datetime": "2024-05-07 21:52:10", "elapsed": 5.078394, "delta": 5.078394}}
{"target": -100.0, "params": {"E_EA": 60.55122967655877, "E_MC": 12.140015063371086, "J": -17.617082128235275}, "datetime": {"datetime": "2024-05-07 21:52:16", "elapsed": 11.528972, "delta": 6.450578}}
{"target": -100.0, "params": {"E_EA": 28.419947413215382, "E_MC": 5.476521428480107, "J": -6.859292622963714}, "datetime": {"datetime": "2024-05-07 21:52:36", "elapsed": 40.610614, "delta": 28.783675}}
{"target": -35.99861157951377, "params": {"E_EA": 102.88867075043973, "E_MC": 20.704698279253332, "J": -3.1566736218086433}, "datetime": {"datetime": "2024-05-07 21:52:40", "elapsed": 44.635942, "delta": 4.025328}}
{"target": -100.0, "params": {"E_EA": 37.79735249216807, "E_MC": 8.065908169375453, "J": -17.54235920868471}, "datetime": {"datetime": "2024-05-07 21:52:40", "elapsed": 35.778523, "delta": 24.249551}}
{"target": -100.0, "params": {"E_EA": 148.38806805904358, "E_MC": 14.091547090627971, "J": 1.4881626447189404}, "datetime": {"datetime": "2024-05-07 21:52:41", "elapsed": 0.0, "delta": 0.0}}
{"target": -100.0, "params": {"E_EA": 148.9036476037354, "E_MC": 14.164077410517791, "J": 7.929419709541033}, "datetime": {"datetime": "2024-05-07 21:52:42", "elapsed": 47.036265, "delta": 2.400323}}
{"target": -45.56466247141091, "params": {"E_EA": 108.97857126712584, "E_MC": 10.756490361959429, "J": -15.81167976934851}, "datetime": {"datetime": "2024-05-07 21:52:47", "elapsed": 51.845895, "delta": 4.80963}}
{"target": -100.0, "params": {"E_EA": 60.39838946715415, "E_MC": 25.940255610563135, "J": -13.848551646631284}, "datetime": {"datetime": "2024-05-07 21:52:48", "elapsed": 6.723945, "delta": 6.723945}}
{"target": -92.91494293696331, "params": {"E_EA": 44.32073773557654, "E_MC": 14.645589469866458, "J": 8.647869853750333}, "datetime": {"datetime": "2024-05-07 21:52:48", "elapsed": 43.480465, "delta": 7.701942}}
{"target": -100.0, "params": {"E_EA": 76.67339560309694, "E_MC": 7.991303326625285, "J": 9.50973911465556}, "datetime": {"datetime": "2024-05-07 21:52:49", "elapsed": 54.318964, "delta": 2.473069}}
{"target": -100.0, "params": {"E_EA": 67.41786422650736, "E_MC": 14.52993394532332, "J": 11.76412696960083}, "datetime": {"datetime": "2024-05-07 21:52:50", "elapsed": 9.34584, "delta": 2.621895}}
{"target": -100.0, "params": {"E_EA": 106.73560205853445, "E_MC": 9.600629019107672, "J": 12.122594825392817}, "datetime": {"datetime": "2024-05-07 21:52:51", "elapsed": 45.942665, "delta": 2.4622}}
{"target": -100.0, "params": {"E_EA": 146.29997500315318, "E_MC": 3.3544363969762117, "J": 15.450539495277724}, "datetime": {"datetime": "2024-05-07 21:52:53", "elapsed": 48.218989, "delta": 2.276324}}
{"target": -24.066440009072373, "params": {"E_EA": 101.8401217487905, "E_MC": 27.865511302610727, "J": 4.771499514498064}, "datetime": {"datetime": "2024-05-07 21:52:54", "elapsed": 13.625398, "delta": 4.279558}}
{"target": -100.0, "params": {"E_EA": 137.1400359393047, "E_MC": 23.62602328896157, "J": 9.93917788518111}, "datetime": {"datetime": "2024-05-07 21:52:55", "elapsed": 50.418231, "delta": 2.199242}}
{"target": -100.0, "params": {"E_EA": 67.57433082428031, "E_MC": 16.574877403106104, "J": -19.52973510587054}, "datetime": {"datetime": "2024-05-07 21:53:01", "elapsed": 20.2541, "delta": 6.628702}}
{"target": -100.0, "params": {"E_EA": 47.748986319462716, "E_MC": 28.532371343465645, "J": -5.109540273331357}, "datetime": {"datetime": "2024-05-07 21:53:02", "elapsed": 57.169715, "delta": 6.751484}}
{"target": -100.0, "params": {"E_EA": 147.76270629898545, "E_MC": 17.97552394240569, "J": 11.604145701297934}, "datetime": {"datetime": "2024-05-07 21:53:03", "elapsed": 22.352687, "delta": 2.098587}}
{"target": -100.0, "params": {"E_EA": 57.1221274133897, "E_MC": 9.349632212414512, "J": -11.782368877613862}, "datetime": {"datetime": "2024-05-07 21:53:08", "elapsed": 63.450201, "delta": 6.280486}}
{"target": -24.195930858565664, "params": {"E_EA": 48.20027780449733, "E_MC": 8.172803523205621, "J": 3.429963732765458}, "datetime": {"datetime": "2024-05-07 21:53:09", "elapsed": 28.394152, "delta": 6.041465}}
{"target": -100.0, "params": {"E_EA": 80.78831056884113, "E_MC": 15.358081436610762, "J": 15.569934416623646}, "datetime": {"datetime": "2024-05-07 21:53:17", "elapsed": 0.0, "delta": 0.0}}
{"target": -100.0, "params": {"E_EA": 64.56903345193632, "E_MC": 3.9191835197618885, "J": 7.674794918597602}, "datetime": {"datetime": "2024-05-07 21:53:20", "elapsed": 3.025241, "delta": 3.025241}}
{"target": -100.0, "params": {"E_EA": 29.01916492133414, "E_MC": 26.48142391014445, "J": 17.903341456660975}, "datetime": {"datetime": "2024-05-07 21:53:26", "elapsed": 90.911462, "delta": 36.592498}}
{"target": -100.0, "params": {"E_EA": 56.798784305836804, "E_MC": 27.518598778689675, "J": 1.2452007694904026}, "datetime": {"datetime": "2024-05-07 21:53:27", "elapsed": 9.813982, "delta": 6.788741}}
{"target": -100.0, "params": {"E_EA": 103.83779050616155, "E_MC": 21.220398555872617, "J": 17.91262258158679}, "datetime": {"datetime": "2024-05-07 21:53:29", "elapsed": 12.432767, "delta": 2.618785}}
{"target": -100.0, "params": {"E_EA": 75.75364280799869, "E_MC": 19.33858155034858, "J": 14.805667423768007}, "datetime": {"datetime": "2024-05-07 21:53:32", "elapsed": 14.895999, "delta": 2.463232}}
{"target": -100.0, "params": {"E_EA": 122.4385123384331, "E_MC": 28.079575416431084, "J": -14.704188398770178}, "datetime": {"datetime": "2024-05-07 21:53:38", "elapsed": 20.990141, "delta": 6.094142}}
{"target": -100.0, "params": {"E_EA": 29.053878392526055, "E_MC": 8.238853159991887, "J": -2.334485903233599}, "datetime": {"datetime": "2024-05-07 21:53:42", "elapsed": 61.40277, "delta": 33.008618}}
{"target": -18.45363413021845, "params": {"E_EA": 139.07025115750145, "E_MC": 20.864728939931428, "J": -9.86183722028246}, "datetime": {"datetime": "2024-05-07 21:53:46", "elapsed": 65.436542, "delta": 4.033772}}
{"target": -100.0, "params": {"E_EA": 29.335975141090408, "E_MC": 21.98973494774337, "J": -10.65277814383974}, "datetime": {"datetime": "2024-05-07 21:54:14", "elapsed": 56.990992, "delta": 36.000851}}
{"target": -100.0, "params": {"E_EA": 74.4534986760809, "E_MC": 25.734459982353904, "J": -13.543887102882714}, "datetime": {"datetime": "2024-05-07 21:54:21", "elapsed": 63.574636, "delta": 6.583644}}
{"target": -100.0, "params": {"E_EA": 37.00900108007406, "E_MC": 4.235575986819354, "J": 4.690551482421782}, "datetime": {"datetime": "2024-05-07 21:54:23", "elapsed": 101.764014, "delta": 36.327472}}
{"target": -100.0, "params": {"E_EA": 98.29763019121289, "E_MC": 16.227085232941505, "J": -16.415571437775128}, "datetime": {"datetime": "2024-05-07 21:54:28", "elapsed": 70.958424, "delta": 7.383788}}
{"target": -100.0, "params": {"E_EA": 107.98600266964662, "E_MC": 20.121085114998216, "J": 9.293826497937768}, "datetime": {"datetime": "2024-05-07 21:54:32", "elapsed": 74.610765, "delta": 3.652341}}
{"target": -100.0, "params": {"E_EA": 24.878310895746065, "E_MC": 26.210510338386424, "J": -17.852489147224674}, "datetime": {"datetime": "2024-05-07 21:54:37", "elapsed": 0.0, "delta": 0.0}}
{"target": -100.0, "params": {"E_EA": 60.060089163881884, "E_MC": 22.2265685277108, "J": -12.641514536268756}, "datetime": {"datetime": "2024-05-07 21:54:44", "elapsed": 7.045992, "delta": 7.045992}}
{"target": -43.178098387857766, "params": {"E_EA": 104.334552626325, "E_MC": 4.09152548351794, "J": -19.652282924603043}, "datetime": {"datetime": "2024-05-07 21:54:51", "elapsed": 13.510054, "delta": 6.464062}}
{"target": -100.0, "params": {"E_EA": 144.16762276327518, "E_MC": 17.637673992306766, "J": 1.0331325487558232}, "datetime": {"datetime": "2024-05-07 21:54:53", "elapsed": 16.000566, "delta": 2.490512}}
{"target": -26.08283674221554, "params": {"E_EA": 141.65131291780148, "E_MC": 28.88933068182887, "J": -4.691490463173933}, "datetime": {"datetime": "2024-05-07 21:54:58", "elapsed": 20.648252, "delta": 4.647686}}
{"target": -100.0, "params": {"E_EA": 104.32949563249105, "E_MC": 6.5890700606559065, "J": 11.277562759972835}, "datetime": {"datetime": "2024-05-07 21:55:01", "elapsed": 24.15218, "delta": 3.503928}}
{"target": -100.0, "params": {"E_EA": 97.77822826055427, "E_MC": 4.937991699704698, "J": 16.929980428680516}, "datetime": {"datetime": "2024-05-07 21:55:05", "elapsed": 27.829115, "delta": 3.676935}}
{"target": -100.0, "params": {"E_EA": 93.23140246826284, "E_MC": 15.670997314648426, "J": 7.65416046124961}, "datetime": {"datetime": "2024-05-07 21:55:07", "elapsed": 0.0, "delta": 0.0}}
{"target": -100.0, "params": {"E_EA": 42.84530886630863, "E_MC": 13.221103865353749, "J": 18.6324341172728}, "datetime": {"datetime": "2024-05-07 21:55:08", "elapsed": 31.035668, "delta": 3.206553}}
{"target": -100.0, "params": {"E_EA": 93.00609535479738, "E_MC": 19.957977606674934, "J": -13.10252991963826}, "datetime": {"datetime": "2024-05-07 21:55:13", "elapsed": 5.669984, "delta": 5.669984}}
{"target": -62.8465491978376, "params": {"E_EA": 137.3204243163631, "E_MC": 25.275732846494346, "J": -10.647165076673568}, "datetime": {"datetime": "2024-05-07 21:55:14", "elapsed": 36.421585, "delta": 5.385917}}
{"target": -100.0, "params": {"E_EA": 88.95409133558391, "E_MC": 18.13635748130885, "J": -15.145400696981564}, "datetime": {"datetime": "2024-05-07 21:55:21", "elapsed": 13.289057, "delta": 7.619073}}
{"target": -19.695491006275233, "params": {"E_EA": 82.11934742200823, "E_MC": 25.8083524864362, "J": 8.687836984202288}, "datetime": {"datetime": "2024-05-07 21:55:26", "elapsed": 18.7735, "delta": 5.484443}}
{"target": -100.0, "params": {"E_EA": 91.22226766877372, "E_MC": 8.614135772317827, "J": 1.0339932456902865}, "datetime": {"datetime": "2024-05-07 21:55:30", "elapsed": 22.340699, "delta": 3.567199}}
{"target": -17.681660032631672, "params": {"E_EA": 109.84410766410619, "E_MC": 12.438867508448128, "J": -10.027521830502067}, "datetime": {"datetime": "2024-05-07 21:55:35", "elapsed": 27.963769, "delta": 5.62307}}
{"target": -100.0, "params": {"E_EA": 24.34738216229916, "E_MC": 21.516066950699877, "J": 13.530447692074468}, "datetime": {"datetime": "2024-05-07 21:55:52", "elapsed": 74.553081, "delta": 38.131496}}
{"target": -100.0, "params": {"E_EA": 136.4684022439584, "E_MC": 3.3637232992793464, "J": -13.510356799698373}, "datetime": {"datetime": "2024-05-07 21:56:10", "elapsed": 0.0, "delta": 0.0}}
{"target": -100.0, "params": {"E_EA": 26.409245426917835, "E_MC": 15.028121922007225, "J": -6.649356047472184}, "datetime": {"datetime": "2024-05-07 21:56:10", "elapsed": 62.920737, "delta": 34.956968}}
{"target": -82.59671826173623, "params": {"E_EA": 129.28145820456285, "E_MC": 28.01225292868304, "J": -14.831235896670512}, "datetime": {"datetime": "2024-05-07 21:56:17", "elapsed": 69.38513, "delta": 6.464393}}
{"target": -100.0, "params": {"E_EA": 70.66472743835732, "E_MC": 15.248042947587363, "J": -10.963973093069225}, "datetime": {"datetime": "2024-05-07 21:56:18", "elapsed": 7.680585, "delta": 7.680585}}
{"target": -100.0, "params": {"E_EA": 37.539324084798565, "E_MC": 6.444061422959314, "J": 18.50037069828226}, "datetime": {"datetime": "2024-05-07 21:56:20", "elapsed": 72.841826, "delta": 3.456696}}
{"target": -100.0, "params": {"E_EA": 69.3770354094005, "E_MC": 29.560759273279224, "J": -12.245651444172768}, "datetime": {"datetime": "2024-05-07 21:56:28", "elapsed": 80.678936, "delta": 7.83711}}
{"target": -100.0, "params": {"E_EA": 61.30913921340962, "E_MC": 28.309021141865816, "J": -18.473468322436595}, "datetime": {"datetime": "2024-05-07 21:56:35", "elapsed": 0.0, "delta": 0.0}}
{"target": -60.69987823282059, "params": {"E_EA": 61.192714066610336, "E_MC": 20.954216435798756, "J": 8.230320010188422}, "datetime": {"datetime": "2024-05-07 21:56:41", "elapsed": 6.031818, "delta": 6.031818}}
{"target": -100.0, "params": {"E_EA": 76.9277768344401, "E_MC": 24.799162949040237, "J": -19.42668526296043}, "datetime": {"datetime": "2024-05-07 21:56:49", "elapsed": 14.183863, "delta": 8.152045}}
{"target": -100.0, "params": {"E_EA": 143.68437327536753, "E_MC": 28.461979164977212, "J": 16.53494201916041}, "datetime": {"datetime": "2024-05-07 21:56:53", "elapsed": 17.840733, "delta": 3.65687}}
{"target": -100.0, "params": {"E_EA": 24.42487213376867, "E_MC": 19.227966743610736, "J": -0.22657182239310814}, "datetime": {"datetime": "2024-05-07 21:56:54", "elapsed": 44.292411, "delta": 36.611826}}
{"target": -87.03330688755476, "params": {"E_EA": 125.93005538436428, "E_MC": 23.71667004062713, "J": -0.7177067946582554}, "datetime": {"datetime": "2024-05-07 21:56:57", "elapsed": 22.461016, "delta": 4.620283}}
{"target": -100.0, "params": {"E_EA": 73.36186313907159, "E_MC": 24.969549519431673, "J": 15.016792804885469}, "datetime": {"datetime": "2024-05-07 21:57:23", "elapsed": 0.0, "delta": 0.0}}
{"target": -100.0, "params": {"E_EA": 97.67039441457854, "E_MC": 3.5916185350803493, "J": -8.612141509290328}, "datetime": {"datetime": "2024-05-07 21:57:27", "elapsed": 3.68223, "delta": 3.68223}}
{"target": -100.0, "params": {"E_EA": 129.13609667754133, "E_MC": 19.408240351991594, "J": 15.030177421979133}, "datetime": {"datetime": "2024-05-07 21:57:30", "elapsed": 7.630514, "delta": 3.948284}}
{"target": -100.0, "params": {"E_EA": 30.723360173895784, "E_MC": 18.929628586811102, "J": 1.558136345109176}, "datetime": {"datetime": "2024-05-07 21:57:31", "elapsed": 80.763555, "delta": 36.471144}}
{"target": -100.0, "params": {"E_EA": 106.65499443043943, "E_MC": 15.61469049723565, "J": 18.25275782061383}, "datetime": {"datetime": "2024-05-07 21:57:33", "elapsed": 83.54069, "delta": 2.777135}}
{"target": -100.0, "params": {"E_EA": 24.852850279796943, "E_MC": 27.47290499521385, "J": -19.074703337194286}, "datetime": {"datetime": "2024-05-07 21:57:34", "elapsed": 58.779605, "delta": 36.318589}}
{"target": -100.0, "params": {"E_EA": 105.82862427906278, "E_MC": 9.152246312024573, "J": 19.543080437501473}, "datetime": {"datetime": "2024-05-07 21:57:34", "elapsed": 11.466686, "delta": 3.836172}}
{"target": -100.0, "params": {"E_EA": 82.21376507477851, "E_MC": 21.310740309500115, "J": 11.600892750983203}, "datetime": {"datetime": "2024-05-07 21:57:38", "elapsed": 62.917582, "delta": 4.137977}}
{"target": -100.0, "params": {"E_EA": 74.2707082866935, "E_MC": 20.607290948677555, "J": -7.963532491064619}, "datetime": {"datetime": "2024-05-07 21:57:42", "elapsed": 19.510521, "delta": 8.043835}}
{"target": -100.0, "params": {"E_EA": 42.96103512005428, "E_MC": 23.70697989247716, "J": -9.799293816898324}, "datetime": {"datetime": "2024-05-07 21:57:43", "elapsed": 92.61151, "delta": 9.07082}}
{"target": -100.0, "params": {"E_EA": 147.93024190349504, "E_MC": 7.186953328237789, "J": -4.587685227078357}, "datetime": {"datetime": "2024-05-07 21:57:46", "elapsed": 22.94787, "delta": 3.437349}}
{"target": -100.0, "params": {"E_EA": 137.0606246568053, "E_MC": 6.848191615175014, "J": 0.5214101680822516}, "datetime": {"datetime": "2024-05-07 21:57:50", "elapsed": 26.686219, "delta": 3.738349}}
{"target": -30.414654711430526, "params": {"E_EA": 77.78905230048562, "E_MC": 10.891134272250605, "J": -3.7985933642494913}, "datetime": {"datetime": "2024-05-07 21:57:56", "elapsed": 33.562515, "delta": 6.876296}}
{"target": -100.0, "params": {"E_EA": 63.04400072193899, "E_MC": 5.008187333790316, "J": -1.4583888046744704}, "datetime": {"datetime": "2024-05-07 21:58:02", "elapsed": 39.202452, "delta": 5.639937}}
{"target": -100.0, "params": {"E_EA": 83.77301845962816, "E_MC": 8.140916492897981, "J": 3.706287664647423}, "datetime": {"datetime": "2024-05-07 21:58:05", "elapsed": 42.625998, "delta": 3.423546}}
{"target": -100.0, "params": {"E_EA": 28.230835482583203, "E_MC": 13.798728951580973, "J": 0.45897506379195363}, "datetime": {"datetime": "2024-05-07 21:58:15", "elapsed": 100.050974, "delta": 37.133392}}
