{"target": -50.014586078416734, "params": {"E_EA": 133.59758595148062, "E_MC": 18.90347846137749, "J": -15.6295903854658}, "datetime": {"datetime": "2024-05-07 22:08:00", "elapsed": 100.311333, "delta": 6.7301}}
{"target": -58.245542581045065, "params": {"E_EA": 116.7206713199043, "E_MC": 19.01476099813589, "J": -12.628434699115347}, "datetime": {"datetime": "2024-05-07 22:08:04", "elapsed": 54.716678, "delta": 8.517836}}
{"target": -60.92739316080147, "params": {"E_EA": 46.501996714130364, "E_MC": 12.735046126234678, "J": 9.943973096450765}, "datetime": {"datetime": "2024-05-07 22:08:08", "elapsed": 0.0, "delta": 0.0}}
{"target": -100.0, "params": {"E_EA": 47.14433636110783, "E_MC": 28.477711394825636, "J": -13.171386381841979}, "datetime": {"datetime": "2024-05-07 22:08:08", "elapsed": 108.503897, "delta": 8.192564}}
{"target": -100.0, "params": {"E_EA": 143.0766711203567, "E_MC": 19.036882171604013, "J": 7.445574766427715}, "datetime": {"datetime": "2024-05-07 22:08:12", "elapsed": 4.725022, "delta": 4.725022}}
{"target": -100.0, "params": {"E_EA": 90.43268934311286, "E_MC": 22.989981504892818, "J": -19.53428848038653}, "datetime": {"datetime": "2024-05-07 22:08:22", "elapsed": 14.413972, "delta": 9.68895}}
{"target": -100.0, "params": {"E_EA": 21.025847647531233, "E_MC": 29.945537967314163, "J": 16.82727696388673}, "datetime": {"datetime": "2024-05-07 22:08:37", "elapsed": 87.315854, "delta": 32.599176}}
{"target": -100.0, "params": {"E_EA": 92.18704332015554, "E_MC": 23.177154713201542, "J": -6.120652501433659}, "datetime": {"datetime": "2024-05-07 22:08:45", "elapsed": 95.317709, "delta": 8.001855}}
{"target": -61.96192810426955, "params": {"E_EA": 131.91339764471, "E_MC": 23.83895051624392, "J": -10.530572404375341}, "datetime": {"datetime": "2024-05-07 22:08:45", "elapsed": 0.0, "delta": 0.0}}
{"target": -100.0, "params": {"E_EA": 31.226035809985664, "E_MC": 17.269820131611826, "J": -2.887613583643681}, "datetime": {"datetime": "2024-05-07 22:08:52", "elapsed": 44.455228, "delta": 30.041256}}
{"target": -100.0, "params": {"E_EA": 91.6650289618838, "E_MC": 8.252422335838158, "J": 11.722898226340149}, "datetime": {"datetime": "2024-05-07 22:08:54", "elapsed": 104.804511, "delta": 9.486802}}
{"target": -100.0, "params": {"E_EA": 60.16437874711441, "E_MC": 9.97640147194969, "J": -3.0055474219375355}, "datetime": {"datetime": "2024-05-07 22:08:56", "elapsed": 11.263061, "delta": 11.263061}}
{"target": -100.0, "params": {"E_EA": 67.66649979197526, "E_MC": 19.595634984765066, "J": 14.69627193415031}, "datetime": {"datetime": "2024-05-07 22:09:01", "elapsed": 111.368433, "delta": 6.563922}}
{"target": -100.0, "params": {"E_EA": 53.18355395400885, "E_MC": 6.084364553161377, "J": -15.93151422823539}, "datetime": {"datetime": "2024-05-07 22:09:04", "elapsed": 19.373345, "delta": 8.110284}}
{"target": -100.0, "params": {"E_EA": 120.75904984401127, "E_MC": 25.554809540108295, "J": 3.156345034371771}, "datetime": {"datetime": "2024-05-07 22:09:08", "elapsed": 118.422964, "delta": 7.054531}}
{"target": -100.0, "params": {"E_EA": 32.37484564914089, "E_MC": 6.239506459142344, "J": -14.837361483662526}, "datetime": {"datetime": "2024-05-07 22:09:19", "elapsed": 71.71601, "delta": 27.260782}}
{"target": -93.75631066321098, "params": {"E_EA": 80.80424101622368, "E_MC": 22.7989560641951, "J": 0.5700092319995242}, "datetime": {"datetime": "2024-05-07 22:09:27", "elapsed": 79.328872, "delta": 7.612862}}
{"target": -100.0, "params": {"E_EA": 97.86521524995236, "E_MC": 24.22083421371923, "J": 12.614499348535787}, "datetime": {"datetime": "2024-05-07 22:09:33", "elapsed": 85.522121, "delta": 6.193249}}
{"target": -100.0, "params": {"E_EA": 31.803070988914975, "E_MC": 9.418606296842945, "J": -7.429470246094834}, "datetime": {"datetime": "2024-05-07 22:09:34", "elapsed": 48.944005, "delta": 29.57066}}
{"target": -29.02302468039075, "params": {"E_EA": 94.34876688882756, "E_MC": 20.98976705182174, "J": 2.799841115241101}, "datetime": {"datetime": "2024-05-07 22:09:41", "elapsed": 56.275044, "delta": 7.331039}}
{"target": -55.49257488058569, "params": {"E_EA": 129.90828913389166, "E_MC": 22.931774440451953, "J": -14.390282318163212}, "datetime": {"datetime": "2024-05-07 22:09:42", "elapsed": 94.715017, "delta": 9.192896}}
{"target": -100.0, "params": {"E_EA": 133.23545126952467, "E_MC": 21.20414789749263, "J": 19.376908253434195}, "datetime": {"datetime": "2024-05-07 22:09:50", "elapsed": 102.151249, "delta": 7.436232}}
{"target": -100.0, "params": {"E_EA": 54.13261803731204, "E_MC": 7.467105433453303, "J": -3.66209126393872}, "datetime": {"datetime": "2024-05-07 22:09:50", "elapsed": 65.23432, "delta": 8.959276}}
{"target": -100.0, "params": {"E_EA": 124.17055774743275, "E_MC": 5.530448690938028, "J": -11.507855657965615}, "datetime": {"datetime": "2024-05-07 22:09:56", "elapsed": 70.827265, "delta": 5.592945}}
{"target": -100.0, "params": {"E_EA": 119.02232718669326, "E_MC": 24.30395274655061, "J": 13.971796696313945}, "datetime": {"datetime": "2024-05-07 22:10:02", "elapsed": 77.16245, "delta": 6.335185}}
{"target": -100.0, "params": {"E_EA": 55.33711106636447, "E_MC": 8.863084941365551, "J": 6.989056113495124}, "datetime": {"datetime": "2024-05-07 22:10:07", "elapsed": 0.0, "delta": 0.0}}
{"target": -100.0, "params": {"E_EA": 133.9417872797967, "E_MC": 4.008493394261792, "J": -5.690931498420051}, "datetime": {"datetime": "2024-05-07 22:10:09", "elapsed": 84.311161, "delta": 7.148711}}
{"target": -100.0, "params": {"E_EA": 127.59687663612749, "E_MC": 7.157904858169967, "J": 9.690997299325282}, "datetime": {"datetime": "2024-05-07 22:10:13", "elapsed": 6.574387, "delta": 6.574387}}
{"target": -100.0, "params": {"E_EA": 45.702339963512735, "E_MC": 5.334766693181125, "J": -18.31236792287907}, "datetime": {"datetime": "2024-05-07 22:10:19", "elapsed": 94.292387, "delta": 9.981226}}
{"target": -100.0, "params": {"E_EA": 125.92368124174187, "E_MC": 19.95792785110517, "J": 15.60315836014081}, "datetime": {"datetime": "2024-05-07 22:10:19", "elapsed": 12.54141, "delta": 5.967023}}
{"target": -100.0, "params": {"E_EA": 39.256154612822876, "E_MC": 5.3787129081523855, "J": 1.3591571545658923}, "datetime": {"datetime": "2024-05-07 22:10:24", "elapsed": 135.980509, "delta": 33.82926}}
{"target": -100.0, "params": {"E_EA": 147.31690143584444, "E_MC": 7.455209778381159, "J": -18.64495534910248}, "datetime": {"datetime": "2024-05-07 22:10:27", "elapsed": 19.907649, "delta": 7.366239}}
{"target": -100.0, "params": {"E_EA": 83.16545630231744, "E_MC": 5.2017218819367255, "J": -0.05857001533127715}, "datetime": {"datetime": "2024-05-07 22:10:33", "elapsed": 26.165629, "delta": 6.25798}}
{"target": -100.0, "params": {"E_EA": 115.25020234923846, "E_MC": 20.942147829343817, "J": 12.544945327461619}, "datetime": {"datetime": "2024-05-07 22:10:40", "elapsed": 33.268426, "delta": 7.102797}}
{"target": -100.0, "params": {"E_EA": 36.357162218455365, "E_MC": 4.788937778311638, "J": -17.576006676781553}, "datetime": {"datetime": "2024-05-07 22:11:08", "elapsed": 60.784624, "delta": 27.516198}}
{"target": -100.0, "params": {"E_EA": 139.37176553321305, "E_MC": 27.94380642366063, "J": 1.517284465401957}, "datetime": {"datetime": "2024-05-07 22:11:17", "elapsed": 69.687781, "delta": 8.903157}}
{"target": -100.0, "params": {"E_EA": 22.129936194961505, "E_MC": 29.852160922933116, "J": 9.718306068562569}, "datetime": {"datetime": "2024-05-07 22:11:18", "elapsed": 0.0, "delta": 0.0}}
{"target": -96.70271504613328, "params": {"E_EA": 61.039478903488465, "E_MC": 9.267836927605078, "J": -3.4343604236388288}, "datetime": {"datetime": "2024-05-07 22:11:26", "elapsed": 78.756214, "delta": 9.068433}}
{"target": -100.0, "params": {"E_EA": 53.98816660980735, "E_MC": 14.183668979816087, "J": -8.477721289443053}, "datetime": {"datetime": "2024-05-07 22:11:35", "elapsed": 88.267012, "delta": 9.510798}}
{"target": -100.0, "params": {"E_EA": 136.38596478262627, "E_MC": 21.89253553814602, "J": 17.62260566770786}, "datetime": {"datetime": "2024-05-07 22:11:41", "elapsed": 0.0, "delta": 0.0}}
{"target": -100.0, "params": {"E_EA": 85.15492741376869, "E_MC": 8.62237048546098, "J": -2.5161603385271114}, "datetime": {"datetime": "2024-05-07 22:11:49", "elapsed": 8.199306, "delta": 8.199306}}
{"target": -41.66684704044307, "params": {"E_EA": 32.47726047080046, "E_MC": 6.136195938016481, "J": 5.921168223841612}, "datetime": {"datetime": "2024-05-07 22:11:51", "elapsed": 32.917893, "delta": 32.917893}}
{"target": -100.0, "params": {"E_EA": 131.5880593112762, "E_MC": 25.14855197280054, "J": 4.285011936760775}, "datetime": {"datetime": "2024-05-07 22:11:59", "elapsed": 41.54322, "delta": 8.625327}}
{"target": -100.0, "params": {"E_EA": 49.36647766356658, "E_MC": 26.924774208352176, "J": 6.793354684832437}, "datetime": {"datetime": "2024-05-07 22:12:01", "elapsed": 20.112346, "delta": 11.91304}}
{"target": -100.0, "params": {"E_EA": 75.26910473552599, "E_MC": 18.152342209886648, "J": 13.234212129883161}, "datetime": {"datetime": "2024-05-07 22:12:07", "elapsed": 26.751607, "delta": 6.639261}}
{"target": -15.410743694347296, "params": {"E_EA": 94.95552835176223, "E_MC": 9.219301387558431, "J": -6.836637954552707}, "datetime": {"datetime": "2024-05-07 22:12:08", "elapsed": 50.72101, "delta": 9.17779}}
{"target": -100.0, "params": {"E_EA": 121.3785675765203, "E_MC": 6.975208656244402, "J": -0.08685069750800523}, "datetime": {"datetime": "2024-05-07 22:12:16", "elapsed": 57.885176, "delta": 7.164166}}
{"target": -100.0, "params": {"E_EA": 89.13393410452373, "E_MC": 17.527782484556063, "J": 18.195705384682917}, "datetime": {"datetime": "2024-05-07 22:12:16", "elapsed": 35.277665, "delta": 8.526058}}
{"target": -100.0, "params": {"E_EA": 143.74146806620183, "E_MC": 15.206403336216633, "J": -8.224592539354646}, "datetime": {"datetime": "2024-05-07 22:12:24", "elapsed": 42.896025, "delta": 7.61836}}
{"target": -100.0, "params": {"E_EA": 57.2950921519917, "E_MC": 20.586093265366188, "J": -18.719530500511148}, "datetime": {"datetime": "2024-05-07 22:12:25", "elapsed": 67.476424, "delta": 9.591248}}
{"target": -100.0, "params": {"E_EA": 52.522863472047305, "E_MC": 3.1667042155436294, "J": 4.364407349154888}, "datetime": {"datetime": "2024-05-07 22:12:32", "elapsed": 73.922174, "delta": 6.44575}}
{"target": -100.0, "params": {"E_EA": 40.0808970540522, "E_MC": 18.334321850053662, "J": -3.7749132114195234}, "datetime": {"datetime": "2024-05-07 22:12:34", "elapsed": 0.0, "delta": 0.0}}
{"target": -100.0, "params": {"E_EA": 72.47922904340624, "E_MC": 22.512232101489648, "J": 17.57773056522558}, "datetime": {"datetime": "2024-05-07 22:12:37", "elapsed": 79.342902, "delta": 5.420728}}
{"target": -40.7508575601566, "params": {"E_EA": 109.26677944959468, "E_MC": 7.95936135984807, "J": -17.25538022397491}, "datetime": {"datetime": "2024-05-07 22:12:44", "elapsed": 10.514182, "delta": 10.514182}}
{"target": -100.0, "params": {"E_EA": 61.127828712874994, "E_MC": 13.693938415706036, "J": 8.813348170582639}, "datetime": {"datetime": "2024-05-07 22:12:45", "elapsed": 87.298768, "delta": 7.955866}}
{"target": -100.0, "params": {"E_EA": 40.19128593301196, "E_MC": 18.69463758883213, "J": 6.548869701471247}, "datetime": {"datetime": "2024-05-07 22:12:51", "elapsed": 70.021135, "delta": 27.12511}}
{"target": -83.30227920760817, "params": {"E_EA": 109.83321732920727, "E_MC": 20.904962769470878, "J": -12.419006358300354}, "datetime": {"datetime": "2024-05-07 22:12:54", "elapsed": 20.312209, "delta": 9.798027}}
{"target": -100.0, "params": {"E_EA": 39.976079315194426, "E_MC": 13.605810191909715, "J": -12.865845970450152}, "datetime": {"datetime": "2024-05-07 22:12:57", "elapsed": 99.341076, "delta": 12.042308}}
{"target": -100.0, "params": {"E_EA": 78.72785078721401, "E_MC": 17.357510449454125, "J": -17.368375057769487}, "datetime": {"datetime": "2024-05-07 22:13:04", "elapsed": 30.643894, "delta": 10.331685}}
{"target": -100.0, "params": {"E_EA": 53.699425781760354, "E_MC": 26.23236061864777, "J": -12.525732759190046}, "datetime": {"datetime": "2024-05-07 22:13:13", "elapsed": 39.768427, "delta": 9.124533}}
{"target": -100.0, "params": {"E_EA": 26.736694722475598, "E_MC": 8.429752196805538, "J": 15.804162409862947}, "datetime": {"datetime": "2024-05-07 22:13:21", "elapsed": 47.056645, "delta": 7.288218}}
{"target": -100.0, "params": {"E_EA": 21.83138789227066, "E_MC": 16.988141131946673, "J": -16.00925432136764}, "datetime": {"datetime": "2024-05-07 22:13:22", "elapsed": 101.708459, "delta": 31.687324}}
{"target": -34.578922607341255, "params": {"E_EA": 127.71343619982837, "E_MC": 11.128919239206773, "J": -12.497463768727762}, "datetime": {"datetime": "2024-05-07 22:13:29", "elapsed": 0.0, "delta": 0.0}}
{"target": -100.0, "params": {"E_EA": 57.70976086780933, "E_MC": 12.259430578717085, "J": -13.5706031872142}, "datetime": {"datetime": "2024-05-07 22:13:31", "elapsed": 57.656045, "delta": 10.5994}}
{"target": -100.0, "params": {"E_EA": 39.66087417573242, "E_MC": 6.298697702529745, "J": 7.8707545732925475}, "datetime": {"datetime": "2024-05-07 22:13:37", "elapsed": 8.587262, "delta": 8.587262}}
{"target": -100.0, "params": {"E_EA": 134.81130946793053, "E_MC": 22.445704025194487, "J": -3.483794779329127}, "datetime": {"datetime": "2024-05-07 22:13:39", "elapsed": 65.673711, "delta": 8.017666}}
{"target": -100.0, "params": {"E_EA": 42.97653505458891, "E_MC": 16.897702722421478, "J": -18.155712933091912}, "datetime": {"datetime": "2024-05-07 22:13:46", "elapsed": 17.614404, "delta": 9.027142}}
{"target": -100.0, "params": {"E_EA": 37.21520884717642, "E_MC": 18.579349933266784, "J": -11.292654758476557}, "datetime": {"datetime": "2024-05-07 22:13:56", "elapsed": 82.030306, "delta": 16.356595}}
{"target": -100.0, "params": {"E_EA": 20.14158728475656, "E_MC": 29.428320775169173, "J": -8.31979964912792}, "datetime": {"datetime": "2024-05-07 22:13:57", "elapsed": 136.246792, "delta": 34.538333}}
{"target": -100.0, "params": {"E_EA": 42.60960631447602, "E_MC": 16.097326861835775, "J": 3.344989012276187}, "datetime": {"datetime": "2024-05-07 22:13:59", "elapsed": 29.929156, "delta": 12.314752}}
{"target": -100.0, "params": {"E_EA": 89.23716792592114, "E_MC": 29.54120970170879, "J": 16.993677754422933}, "datetime": {"datetime": "2024-05-07 22:14:07", "elapsed": 145.841917, "delta": 9.595125}}
{"target": -100.0, "params": {"E_EA": 26.590570320957465, "E_MC": 26.290845565267798, "J": 10.900296506104379}, "datetime": {"datetime": "2024-05-07 22:14:32", "elapsed": 118.257542, "delta": 36.227236}}
{"target": -100.0, "params": {"E_EA": 30.69116506528976, "E_MC": 21.76955852921687, "J": 10.484366335906454}, "datetime": {"datetime": "2024-05-07 22:14:35", "elapsed": 66.17606, "delta": 36.246904}}
{"target": -100.0, "params": {"E_EA": 47.44350351651243, "E_MC": 3.038542381493909, "J": -4.6642626890965}, "datetime": {"datetime": "2024-05-07 22:14:40", "elapsed": 0.0, "delta": 0.0}}
{"target": -100.0, "params": {"E_EA": 113.31343029360634, "E_MC": 15.806738825724873, "J": 10.184013674189643}, "datetime": {"datetime": "2024-05-07 22:14:41", "elapsed": 72.574207, "delta": 6.398147}}
{"target": -100.0, "params": {"E_EA": 77.0985272683208, "E_MC": 3.733738571174254, "J": -18.899673612431958}, "datetime": {"datetime": "2024-05-07 22:14:50", "elapsed": 81.378224, "delta": 8.804017}}
{"target": -45.43411804186526, "params": {"E_EA": 69.76940486250534, "E_MC": 16.712512193536732, "J": 1.9248864604507858}, "datetime": {"datetime": "2024-05-07 22:14:59", "elapsed": 90.655044, "delta": 9.27682}}
{"target": -100.0, "params": {"E_EA": 146.96372735038267, "E_MC": 8.728035566245119, "J": -2.675774588750201}, "datetime": {"datetime": "2024-05-07 22:15:08", "elapsed": 98.877149, "delta": 8.222105}}
{"target": -100.0, "params": {"E_EA": 22.971950094669225, "E_MC": 11.900590458232335, "J": 0.6941797851133273}, "datetime": {"datetime": "2024-05-07 22:15:12", "elapsed": 32.721868, "delta": 32.721868}}
{"target": -100.0, "params": {"E_EA": 128.19019627711373, "E_MC": 3.7848402895329505, "J": -16.551529864109924}, "datetime": {"datetime": "2024-05-07 22:15:14", "elapsed": 104.891996, "delta": 6.014847}}
{"target": -100.0, "params": {"E_EA": 44.88895245441661, "E_MC": 7.1423250429914455, "J": -8.140811648073583}, "datetime": {"datetime": "2024-05-07 22:15:36", "elapsed": 0.0, "delta": 0.0}}
{"target": -100.0, "params": {"E_EA": 86.92294585928965, "E_MC": 5.381303649778625, "J": 9.916190334224474}, "datetime": {"datetime": "2024-05-07 22:15:42", "elapsed": 6.823382, "delta": 6.823382}}
{"target": -91.76792643928282, "params": {"E_EA": 36.36279368208192, "E_MC": 26.527951970252243, "J": 18.41078916812529}, "datetime": {"datetime": "2024-05-07 22:15:48", "elapsed": 68.194649, "delta": 35.472781}}
{"target": -100.0, "params": {"E_EA": 69.61912890414874, "E_MC": 28.857578776119492, "J": 5.10759712163097}, "datetime": {"datetime": "2024-05-07 22:15:53", "elapsed": 17.653686, "delta": 10.830304}}
{"target": -100.0, "params": {"E_EA": 124.67279074649298, "E_MC": 4.40502244217357, "J": -9.971042495617555}, "datetime": {"datetime": "2024-05-07 22:15:54", "elapsed": 74.178766, "delta": 5.984117}}
{"target": -100.0, "params": {"E_EA": 145.73420808616427, "E_MC": 11.940488518857972, "J": -9.45729182155208}, "datetime": {"datetime": "2024-05-07 22:16:01", "elapsed": 81.327431, "delta": 7.148665}}
{"target": -54.948172279970755, "params": {"E_EA": 103.46897196469308, "E_MC": 15.067693019361972, "J": -8.836105658838624}, "datetime": {"datetime": "2024-05-07 22:16:04", "elapsed": 28.054646, "delta": 10.40096}}
{"target": -57.590994918818005, "params": {"E_EA": 127.11358286516113, "E_MC": 18.051044258463005, "J": -6.217517217543445}, "datetime": {"datetime": "2024-05-07 22:16:12", "elapsed": 35.998261, "delta": 7.943615}}
{"target": -100.0, "params": {"E_EA": 37.09279845363419, "E_MC": 18.61231749620507, "J": -2.4822438960850803}, "datetime": {"datetime": "2024-05-07 22:16:18", "elapsed": 98.875596, "delta": 17.548165}}
{"target": -100.0, "params": {"E_EA": 84.99633216532217, "E_MC": 28.6769605349197, "J": 16.399032713650158}, "datetime": {"datetime": "2024-05-07 22:16:20", "elapsed": 44.862941, "delta": 8.86468}}
{"target": -100.0, "params": {"E_EA": 133.79500018877897, "E_MC": 7.22536714204237, "J": -0.38177716488876356}, "datetime": {"datetime": "2024-05-07 22:16:28", "elapsed": 0.0, "delta": 0.0}}
{"target": -100.0, "params": {"E_EA": 109.4800187404889, "E_MC": 22.429457880077244, "J": 16.307605998686313}, "datetime": {"datetime": "2024-05-07 22:16:29", "elapsed": 109.452803, "delta": 10.577207}}
{"target": -100.0, "params": {"E_EA": 95.67053430248515, "E_MC": 6.572328005700678, "J": 6.220314954709014}, "datetime": {"datetime": "2024-05-07 22:16:31", "elapsed": 55.604312, "delta": 10.741371}}
{"target": -100.0, "params": {"E_EA": 142.1127096761267, "E_MC": 10.487866192263294, "J": 2.163216776967438}, "datetime": {"datetime": "2024-05-07 22:16:38", "elapsed": 118.33388, "delta": 8.881077}}
{"target": -100.0, "params": {"E_EA": 61.898803989705904, "E_MC": 6.267069760297826, "J": 13.202533726134007}, "datetime": {"datetime": "2024-05-07 22:16:40", "elapsed": 11.309582, "delta": 11.309582}}
{"target": -100.0, "params": {"E_EA": 92.25476090892842, "E_MC": 12.568834784284459, "J": 10.990879503459695}, "datetime": {"datetime": "2024-05-07 22:16:41", "elapsed": 65.568896, "delta": 9.964584}}
{"target": -100.0, "params": {"E_EA": 135.4929987977098, "E_MC": 14.415337660650044, "J": 16.302172961554568}, "datetime": {"datetime": "2024-05-07 22:16:48", "elapsed": 19.757435, "delta": 8.447853}}
{"target": -100.0, "params": {"E_EA": 63.768858939870896, "E_MC": 25.702948780187334, "J": -19.75078888278023}, "datetime": {"datetime": "2024-05-07 22:16:51", "elapsed": 131.517013, "delta": 13.183133}}
{"target": -5.07026275394717, "params": {"E_EA": 115.97535948075046, "E_MC": 3.834074404855262, "J": -17.284399600439244}, "datetime": {"datetime": "2024-05-07 22:16:54", "elapsed": 78.18311, "delta": 12.614214}}
{"target": -19.93128784247341, "params": {"E_EA": 117.36248611711385, "E_MC": 17.036168743309332, "J": -6.351229697162468}, "datetime": {"datetime": "2024-05-07 22:16:59", "elapsed": 30.464008, "delta": 10.706573}}
{"target": -25.502885442637258, "params": {"E_EA": 42.25219346119093, "E_MC": 20.424564847681957, "J": 16.590340384766463}, "datetime": {"datetime": "2024-05-07 22:17:04", "elapsed": 143.996678, "delta": 12.479665}}
{"target": -54.896733542759385, "params": {"E_EA": 144.80542809428465, "E_MC": 28.667193143081295, "J": -11.885739870034314}, "datetime": {"datetime": "2024-05-07 22:17:05", "elapsed": 89.840665, "delta": 11.657555}}
{"target": -100.0, "params": {"E_EA": 94.09414951946937, "E_MC": 15.787314727266219, "J": 1.9519467143339675}, "datetime": {"datetime": "2024-05-07 22:17:07", "elapsed": 39.103829, "delta": 8.639821}}
{"target": -100.0, "params": {"E_EA": 62.61659518146709, "E_MC": 9.2847388117217, "J": 4.529565343256664}, "datetime": {"datetime": "2024-05-07 22:17:15", "elapsed": 46.274902, "delta": 7.171073}}
{"target": -100.0, "params": {"E_EA": 57.307499335166426, "E_MC": 10.221992287804646, "J": -3.5521603267832056}, "datetime": {"datetime": "2024-05-07 22:17:25", "elapsed": 56.834192, "delta": 10.55929}}
{"target": -19.911895531353714, "params": {"E_EA": 47.15906493878776, "E_MC": 18.386121846891584, "J": 13.983786953802465}, "datetime": {"datetime": "2024-05-07 22:17:34", "elapsed": 66.052828, "delta": 9.218636}}
{"target": -100.0, "params": {"E_EA": 113.00869326387979, "E_MC": 17.11433082380427, "J": -18.633195487294625}, "datetime": {"datetime": "2024-05-07 22:17:37", "elapsed": 0.0, "delta": 0.0}}
{"target": -100.0, "params": {"E_EA": 84.95121545346895, "E_MC": 21.55853214704414, "J": -14.820872729758072}, "datetime": {"datetime": "2024-05-07 22:17:48", "elapsed": 79.4999, "delta": 13.447072}}
