{"target": -100.0, "params": {"E_EA": 27.14348376747393, "E_MC": 13.236917403634001, "J": 7.0796139009543495}, "datetime": {"datetime": "2024-05-07 21:58:21", "elapsed": 130.617984, "delta": 38.006474}}
{"target": -100.0, "params": {"E_EA": 93.26478291727699, "E_MC": 23.582302937191624, "J": -11.24579217862376}, "datetime": {"datetime": "2024-05-07 21:58:28", "elapsed": 137.834683, "delta": 7.216699}}
{"target": -100.0, "params": {"E_EA": 63.909371747975406, "E_MC": 20.29473464363487, "J": -7.806845383383273}, "datetime": {"datetime": "2024-05-07 21:58:35", "elapsed": 145.434813, "delta": 7.60013}}
{"target": -10.311530485524269, "params": {"E_EA": 131.71021962403657, "E_MC": 8.884629261000963, "J": -16.424235673295684}, "datetime": {"datetime": "2024-05-07 21:58:41", "elapsed": 151.152228, "delta": 5.717415}}
{"target": -100.0, "params": {"E_EA": 21.3332751706896, "E_MC": 19.51382301116321, "J": 9.367227736787832}, "datetime": {"datetime": "2024-05-07 21:58:52", "elapsed": 137.530889, "delta": 37.479915}}
{"target": -100.0, "params": {"E_EA": 92.34112184860211, "E_MC": 11.688205856054495, "J": -2.5388485371547134}, "datetime": {"datetime": "2024-05-07 21:58:57", "elapsed": 141.929683, "delta": 4.398794}}
{"target": -100.0, "params": {"E_EA": 21.259611515677936, "E_MC": 6.996674342481791, "J": -10.633454137061964}, "datetime": {"datetime": "2024-05-07 21:59:03", "elapsed": 0.0, "delta": 0.0}}
{"target": -100.0, "params": {"E_EA": 140.44292208389396, "E_MC": 25.147882157217083, "J": -1.6656546040676474}, "datetime": {"datetime": "2024-05-07 21:59:08", "elapsed": 4.601013, "delta": 4.601013}}
{"target": -100.0, "params": {"E_EA": 107.67571118579069, "E_MC": 23.037383462100234, "J": 12.374647382510489}, "datetime": {"datetime": "2024-05-07 21:59:28", "elapsed": 0.0, "delta": 0.0}}
{"target": -100.0, "params": {"E_EA": 110.96162025222895, "E_MC": 21.362920922619253, "J": 11.22310612865235}, "datetime": {"datetime": "2024-05-07 21:59:32", "elapsed": 4.111954, "delta": 4.111954}}
{"target": -93.84078879659329, "params": {"E_EA": 146.13069653560694, "E_MC": 26.92159215218623, "J": -2.5126916638750103}, "datetime": {"datetime": "2024-05-07 21:59:38", "elapsed": 9.596234, "delta": 5.48428}}
{"target": -100.0, "params": {"E_EA": 20.123868988590033, "E_MC": 25.077587382430337, "J": 1.3081759092701226}, "datetime": {"datetime": "2024-05-07 21:59:46", "elapsed": 42.466285, "delta": 37.865272}}
{"target": -24.427367930145444, "params": {"E_EA": 79.38064615710877, "E_MC": 19.971725132778673, "J": 3.169234116291072}, "datetime": {"datetime": "2024-05-07 21:59:52", "elapsed": 48.728236, "delta": 6.261951}}
{"target": -100.0, "params": {"E_EA": 111.28660365365857, "E_MC": 18.306105380085487, "J": 17.963802569652202}, "datetime": {"datetime": "2024-05-07 21:59:56", "elapsed": 52.74859, "delta": 4.020354}}
{"target": -100.0, "params": {"E_EA": 48.19892136848586, "E_MC": 4.7644612836037155, "J": -19.419492970872323}, "datetime": {"datetime": "2024-05-07 22:00:05", "elapsed": 62.120298, "delta": 9.371708}}
{"target": -32.11303342367278, "params": {"E_EA": 34.79187658808826, "E_MC": 7.1390010163247055, "J": 6.413326786746904}, "datetime": {"datetime": "2024-05-07 22:00:17", "elapsed": 49.082733, "delta": 39.486499}}
{"target": -100.0, "params": {"E_EA": 38.388249952346285, "E_MC": 13.774541181234374, "J": -4.208660755361233}, "datetime": {"datetime": "2024-05-07 22:00:21", "elapsed": 77.81516, "delta": 15.694862}}
{"target": -100.0, "params": {"E_EA": 137.64847461198679, "E_MC": 6.590404859918312, "J": -5.095187365465147}, "datetime": {"datetime": "2024-05-07 22:00:22", "elapsed": 53.583645, "delta": 4.500912}}
{"target": -100.0, "params": {"E_EA": 135.3918331073509, "E_MC": 24.70515083444771, "J": 17.140896881457984}, "datetime": {"datetime": "2024-05-07 22:00:26", "elapsed": 57.249384, "delta": 3.665739}}
{"target": -27.086275446707134, "params": {"E_EA": 116.41190159917976, "E_MC": 27.300476289026967, "J": -0.38381656704346767}, "datetime": {"datetime": "2024-05-07 22:00:26", "elapsed": 83.049894, "delta": 5.234734}}
{"target": -100.0, "params": {"E_EA": 149.38879322210474, "E_MC": 23.30095361038525, "J": -3.2137320612507665}, "datetime": {"datetime": "2024-05-07 22:00:30", "elapsed": 62.075082, "delta": 4.825698}}
{"target": -100.0, "params": {"E_EA": 136.03454808527584, "E_MC": 24.862849051984092, "J": 6.006934832894935}, "datetime": {"datetime": "2024-05-07 22:00:32", "elapsed": 0.0, "delta": 0.0}}
{"target": -100.0, "params": {"E_EA": 86.33367585293071, "E_MC": 29.234631883326134, "J": 0.8383838326391277}, "datetime": {"datetime": "2024-05-07 22:00:32", "elapsed": 89.265777, "delta": 6.215883}}
{"target": -100.0, "params": {"E_EA": 147.73027028948877, "E_MC": 12.32365178075934, "J": 13.052684047469114}, "datetime": {"datetime": "2024-05-07 22:00:35", "elapsed": 66.532549, "delta": 4.457467}}
{"target": -100.0, "params": {"E_EA": 146.86179264064083, "E_MC": 18.321891969233377, "J": -7.782680394985938}, "datetime": {"datetime": "2024-05-07 22:00:39", "elapsed": 70.5846, "delta": 4.052051}}
{"target": -100.0, "params": {"E_EA": 48.400122630227784, "E_MC": 28.781650900167758, "J": 1.4461224600923757}, "datetime": {"datetime": "2024-05-07 22:00:41", "elapsed": 97.589044, "delta": 8.323267}}
{"target": -89.21765211998314, "params": {"E_EA": 78.10746469158482, "E_MC": 15.896510262102268, "J": -4.0821514784750725}, "datetime": {"datetime": "2024-05-07 22:00:46", "elapsed": 77.720475, "delta": 7.135875}}
{"target": -100.0, "params": {"E_EA": 21.042278975114083, "E_MC": 11.006248081903504, "J": 0.9504959848071657}, "datetime": {"datetime": "2024-05-07 22:01:10", "elapsed": 38.262525, "delta": 38.262525}}
{"target": -100.0, "params": {"E_EA": 105.79870456353034, "E_MC": 7.565032868387767, "J": 11.237305474513413}, "datetime": {"datetime": "2024-05-07 22:01:14", "elapsed": 0.0, "delta": 0.0}}
{"target": -100.0, "params": {"E_EA": 119.03146958356871, "E_MC": 11.062613779610746, "J": 9.188074911352949}, "datetime": {"datetime": "2024-05-07 22:01:14", "elapsed": 42.179071, "delta": 3.916546}}
{"target": -100.0, "params": {"E_EA": 117.94202171432732, "E_MC": 26.801250369400947, "J": -18.893020145945552}, "datetime": {"datetime": "2024-05-07 22:01:24", "elapsed": 51.527999, "delta": 9.348928}}
{"target": -100.0, "params": {"E_EA": 58.31029793729386, "E_MC": 16.44030550388037, "J": -7.198077800795053}, "datetime": {"datetime": "2024-05-07 22:01:24", "elapsed": 9.882754, "delta": 9.882754}}
{"target": -100.0, "params": {"E_EA": 140.7984430541431, "E_MC": 3.593463658768759, "J": 4.099904520358386}, "datetime": {"datetime": "2024-05-07 22:01:28", "elapsed": 56.079797, "delta": 4.551798}}
{"target": -100.0, "params": {"E_EA": 126.04333151088548, "E_MC": 8.101419762123705, "J": -2.0520215906212087}, "datetime": {"datetime": "2024-05-07 22:01:29", "elapsed": 15.223717, "delta": 5.340963}}
{"target": -100.0, "params": {"E_EA": 79.05453601635608, "E_MC": 18.913038218367106, "J": 13.78201897909198}, "datetime": {"datetime": "2024-05-07 22:01:33", "elapsed": 60.788782, "delta": 4.708985}}
{"target": -100.0, "params": {"E_EA": 41.747199877865, "E_MC": 11.08463161285752, "J": 19.0577359731163}, "datetime": {"datetime": "2024-05-07 22:01:34", "elapsed": 20.099389, "delta": 4.875672}}
{"target": -100.0, "params": {"E_EA": 124.77728043911006, "E_MC": 4.83771603970503, "J": -0.06109993501745947}, "datetime": {"datetime": "2024-05-07 22:01:38", "elapsed": 65.918228, "delta": 5.129446}}
{"target": -28.90046414057713, "params": {"E_EA": 57.84733026924939, "E_MC": 21.14781145590876, "J": 11.422529031031807}, "datetime": {"datetime": "2024-05-07 22:01:41", "elapsed": 27.500197, "delta": 7.400808}}
{"target": -58.16498496406346, "params": {"E_EA": 54.06221759072227, "E_MC": 24.842914243955942, "J": 14.899795823206631}, "datetime": {"datetime": "2024-05-07 22:01:49", "elapsed": 34.934572, "delta": 7.434375}}
{"target": -100.0, "params": {"E_EA": 54.457351976629, "E_MC": 23.080813696754436, "J": 4.076512583088167}, "datetime": {"datetime": "2024-05-07 22:01:57", "elapsed": 43.523861, "delta": 8.589289}}
{"target": -20.6394072335312, "params": {"E_EA": 148.20330545175878, "E_MC": 24.53050276305909, "J": -9.440480576842782}, "datetime": {"datetime": "2024-05-07 22:02:03", "elapsed": 49.121011, "delta": 5.59715}}
{"target": -100.0, "params": {"E_EA": 59.701584107894526, "E_MC": 20.19114210816671, "J": -2.09888465202841}, "datetime": {"datetime": "2024-05-07 22:02:12", "elapsed": 57.957773, "delta": 8.836762}}
{"target": -100.0, "params": {"E_EA": 30.379069235937394, "E_MC": 16.093150347237355, "J": -16.25300977565667}, "datetime": {"datetime": "2024-05-07 22:02:14", "elapsed": 101.662689, "delta": 35.744461}}
{"target": -100.0, "params": {"E_EA": 121.39965443858172, "E_MC": 6.0414750836173425, "J": -12.513496049073725}, "datetime": {"datetime": "2024-05-07 22:02:17", "elapsed": 62.748854, "delta": 4.791081}}
{"target": -100.0, "params": {"E_EA": 134.38514478424833, "E_MC": 9.158110933202678, "J": 0.8410784503742335}, "datetime": {"datetime": "2024-05-07 22:02:20", "elapsed": 0.0, "delta": 0.0}}
{"target": -95.87854904439304, "params": {"E_EA": 84.78497534172182, "E_MC": 17.850321127006804, "J": -6.408555222111261}, "datetime": {"datetime": "2024-05-07 22:02:22", "elapsed": 110.286159, "delta": 8.62347}}
{"target": -100.0, "params": {"E_EA": 147.62229988194463, "E_MC": 7.85485056109799, "J": 12.420829404062069}, "datetime": {"datetime": "2024-05-07 22:02:25", "elapsed": 5.395745, "delta": 5.395745}}
{"target": -100.0, "params": {"E_EA": 81.28923690508432, "E_MC": 14.739230779510097, "J": 7.875208577742544}, "datetime": {"datetime": "2024-05-07 22:02:28", "elapsed": 115.775611, "delta": 5.489452}}
{"target": -100.0, "params": {"E_EA": 148.68791778571847, "E_MC": 7.816219959332358, "J": -4.571094771287839}, "datetime": {"datetime": "2024-05-07 22:02:31", "elapsed": 10.887779, "delta": 5.492034}}
{"target": -100.0, "params": {"E_EA": 95.14493134815038, "E_MC": 21.626578788968075, "J": -16.244810079165863}, "datetime": {"datetime": "2024-05-07 22:02:39", "elapsed": 19.349784, "delta": 8.462005}}
{"target": -100.0, "params": {"E_EA": 69.95689558121768, "E_MC": 6.279533132755194, "J": -0.5158551675436058}, "datetime": {"datetime": "2024-05-07 22:03:07", "elapsed": 0.0, "delta": 0.0}}
{"target": -57.96171226520446, "params": {"E_EA": 68.22714607686319, "E_MC": 8.38373223944988, "J": -5.145013199485927}, "datetime": {"datetime": "2024-05-07 22:03:15", "elapsed": 8.073452, "delta": 8.073452}}
{"target": -100.0, "params": {"E_EA": 29.324423718680762, "E_MC": 7.3962349637124545, "J": 1.9388732000028206}, "datetime": {"datetime": "2024-05-07 22:03:19", "elapsed": 58.513369, "delta": 39.163585}}
{"target": -100.0, "params": {"E_EA": 148.41519095149596, "E_MC": 10.279184134692308, "J": 16.663373490199135}, "datetime": {"datetime": "2024-05-07 22:03:20", "elapsed": 13.488467, "delta": 5.415015}}
{"target": -100.0, "params": {"E_EA": 115.97320016877764, "E_MC": 10.227092834825552, "J": 5.936496303654366}, "datetime": {"datetime": "2024-05-07 22:03:23", "elapsed": 63.465077, "delta": 4.951708}}
{"target": -100.0, "params": {"E_EA": 143.68921963363925, "E_MC": 17.431409078237422, "J": 17.633513207623395}, "datetime": {"datetime": "2024-05-07 22:03:25", "elapsed": 18.2517, "delta": 4.763233}}
{"target": -35.37587871586721, "params": {"E_EA": 87.01882188552607, "E_MC": 26.756474535443886, "J": 9.481520626944238}, "datetime": {"datetime": "2024-05-07 22:03:30", "elapsed": 23.678541, "delta": 5.426841}}
{"target": -24.971661936312042, "params": {"E_EA": 65.27420286804072, "E_MC": 26.50479494691605, "J": 14.466627885371317}, "datetime": {"datetime": "2024-05-07 22:03:38", "elapsed": 31.093626, "delta": 7.415085}}
{"target": -98.04922503877863, "params": {"E_EA": 93.45766330495098, "E_MC": 11.472951705402256, "J": -17.339484698589036}, "datetime": {"datetime": "2024-05-07 22:03:47", "elapsed": 40.733664, "delta": 9.640038}}
{"target": -100.0, "params": {"E_EA": 32.26069831783504, "E_MC": 28.01838305688769, "J": -4.863866239512507}, "datetime": {"datetime": "2024-05-07 22:03:53", "elapsed": 92.834536, "delta": 29.369459}}
{"target": -100.0, "params": {"E_EA": 108.68732072663018, "E_MC": 16.47471378707261, "J": -0.010346338397408061}, "datetime": {"datetime": "2024-05-07 22:03:54", "elapsed": 47.471395, "delta": 6.737731}}
{"target": -100.0, "params": {"E_EA": 106.64221051347758, "E_MC": 12.073288624604938, "J": 0.13056608704508932}, "datetime": {"datetime": "2024-05-07 22:04:00", "elapsed": 53.096331, "delta": 5.624936}}
{"target": -50.45211072103948, "params": {"E_EA": 100.4362351452156, "E_MC": 18.285654460641073, "J": -6.689657963793728}, "datetime": {"datetime": "2024-05-07 22:04:01", "elapsed": 100.936433, "delta": 8.101897}}
{"target": -100.0, "params": {"E_EA": 77.27018136733773, "E_MC": 16.09531695214489, "J": 17.115743425502146}, "datetime": {"datetime": "2024-05-07 22:04:09", "elapsed": 108.600581, "delta": 7.664148}}
{"target": -49.45897378659261, "params": {"E_EA": 134.638396445217, "E_MC": 16.7425434221203, "J": -18.456893489779223}, "datetime": {"datetime": "2024-05-07 22:04:09", "elapsed": 62.573084, "delta": 9.476753}}
{"target": -100.0, "params": {"E_EA": 118.69750436207084, "E_MC": 23.02071032960511, "J": 8.640338276489793}, "datetime": {"datetime": "2024-05-07 22:04:14", "elapsed": 113.65243, "delta": 5.051849}}
{"target": -57.8196906076637, "params": {"E_EA": 141.45272690747902, "E_MC": 25.39096330753722, "J": -4.014986503807055}, "datetime": {"datetime": "2024-05-07 22:04:20", "elapsed": 0.0, "delta": 0.0}}
{"target": -100.0, "params": {"E_EA": 87.45171270317377, "E_MC": 13.212473684988204, "J": 1.9671780014532736}, "datetime": {"datetime": "2024-05-07 22:04:24", "elapsed": 4.439188, "delta": 4.439188}}
{"target": -100.0, "params": {"E_EA": 64.08461570736011, "E_MC": 7.057588175347045, "J": -16.86408948307917}, "datetime": {"datetime": "2024-05-07 22:04:31", "elapsed": 10.97954, "delta": 6.540352}}
{"target": -100.0, "params": {"E_EA": 99.58133669094391, "E_MC": 19.199932362702448, "J": -10.794711606345647}, "datetime": {"datetime": "2024-05-07 22:04:39", "elapsed": 18.869104, "delta": 7.889564}}
{"target": -100.0, "params": {"E_EA": 75.8141250823806, "E_MC": 7.766355643362262, "J": 4.4790310178917565}, "datetime": {"datetime": "2024-05-07 22:04:42", "elapsed": 22.344778, "delta": 3.475674}}
{"target": -13.252874129244006, "params": {"E_EA": 69.12309303246016, "E_MC": 18.56622952301923, "J": 6.902206270339711}, "datetime": {"datetime": "2024-05-07 22:04:49", "elapsed": 28.743655, "delta": 6.398877}}
{"target": -100.0, "params": {"E_EA": 59.31875191685652, "E_MC": 16.435182337386266, "J": 0.7857199436217783}, "datetime": {"datetime": "2024-05-07 22:04:49", "elapsed": 0.0, "delta": 0.0}}
{"target": -100.0, "params": {"E_EA": 90.61388091649953, "E_MC": 5.497008886123085, "J": 11.292399776310763}, "datetime": {"datetime": "2024-05-07 22:04:54", "elapsed": 33.824695, "delta": 5.08104}}
{"target": -100.0, "params": {"E_EA": 50.10668768733508, "E_MC": 16.623736120262173, "J": 5.027254279970585}, "datetime": {"datetime": "2024-05-07 22:04:57", "elapsed": 7.53914, "delta": 7.53914}}
{"target": -27.874584640349084, "params": {"E_EA": 46.23218854769563, "E_MC": 26.19535228999014, "J": 19.59607084887893}, "datetime": {"datetime": "2024-05-07 22:05:01", "elapsed": 41.326179, "delta": 7.501484}}
{"target": -100.0, "params": {"E_EA": 146.35154869286913, "E_MC": 13.08222933096733, "J": -10.186909982139468}, "datetime": {"datetime": "2024-05-07 22:05:06", "elapsed": 46.499373, "delta": 5.173194}}
{"target": -100.0, "params": {"E_EA": 148.42734137773766, "E_MC": 7.956291577642013, "J": -12.451378128468221}, "datetime": {"datetime": "2024-05-07 22:05:12", "elapsed": 52.197933, "delta": 5.69856}}
{"target": -100.0, "params": {"E_EA": 34.74412196515293, "E_MC": 5.108543065853866, "J": 6.242475713409348}, "datetime": {"datetime": "2024-05-07 22:05:32", "elapsed": 43.024904, "delta": 35.485764}}
{"target": -100.0, "params": {"E_EA": 147.35265506135227, "E_MC": 7.686354867692629, "J": -1.5069752695649612}, "datetime": {"datetime": "2024-05-07 22:05:38", "elapsed": 49.2572, "delta": 6.232296}}
{"target": -100.0, "params": {"E_EA": 88.73584171311144, "E_MC": 7.964459921269794, "J": 4.869322682366139}, "datetime": {"datetime": "2024-05-07 22:05:40", "elapsed": 0.0, "delta": 0.0}}
{"target": -3.257003596809129, "params": {"E_EA": 68.42052846931483, "E_MC": 11.968200706999813, "J": 1.1908934837234142}, "datetime": {"datetime": "2024-05-07 22:05:46", "elapsed": 6.591931, "delta": 6.591931}}
{"target": -100.0, "params": {"E_EA": 50.21188951109324, "E_MC": 14.37046490557506, "J": -0.30234828944697867}, "datetime": {"datetime": "2024-05-07 22:05:47", "elapsed": 57.542087, "delta": 8.284887}}
{"target": -100.0, "params": {"E_EA": 44.819093505512654, "E_MC": 7.609262711534467, "J": 16.79681441328227}, "datetime": {"datetime": "2024-05-07 22:05:53", "elapsed": 13.683748, "delta": 7.091817}}
{"target": -45.51384719164882, "params": {"E_EA": 102.22740378990582, "E_MC": 7.495952955064539, "J": -14.958442667034486}, "datetime": {"datetime": "2024-05-07 22:05:55", "elapsed": 65.480914, "delta": 7.938827}}
{"target": -73.94952436270403, "params": {"E_EA": 69.61213055905245, "E_MC": 29.582279471265018, "J": 12.712713706030065}, "datetime": {"datetime": "2024-05-07 22:06:03", "elapsed": 73.593048, "delta": 8.112134}}
{"target": -63.175541138868546, "params": {"E_EA": 92.59507122216989, "E_MC": 20.451392621507015, "J": -2.5757259820621385}, "datetime": {"datetime": "2024-05-07 22:06:10", "elapsed": 80.973755, "delta": 7.380707}}
{"target": -100.0, "params": {"E_EA": 85.94629725495616, "E_MC": 14.663008033638045, "J": -12.924266710640357}, "datetime": {"datetime": "2024-05-07 22:06:18", "elapsed": 89.221592, "delta": 8.247837}}
{"target": -100.0, "params": {"E_EA": 43.551518347967104, "E_MC": 27.119309600546078, "J": -3.47927546651869}, "datetime": {"datetime": "2024-05-07 22:06:20", "elapsed": 0.0, "delta": 0.0}}
{"target": -100.0, "params": {"E_EA": 20.578531535745096, "E_MC": 11.978820862481294, "J": -15.553943756323498}, "datetime": {"datetime": "2024-05-07 22:06:23", "elapsed": 42.747356, "delta": 29.063608}}
{"target": -100.0, "params": {"E_EA": 54.93890409925821, "E_MC": 10.381766402874973, "J": -1.8313554180266713}, "datetime": {"datetime": "2024-05-07 22:06:28", "elapsed": 8.273665, "delta": 8.273665}}
{"target": -100.0, "params": {"E_EA": 137.7438598562476, "E_MC": 16.63745552435796, "J": 14.478328174635031}, "datetime": {"datetime": "2024-05-07 22:06:29", "elapsed": 49.069986, "delta": 6.32263}}
{"target": -35.62721563549699, "params": {"E_EA": 37.47551237022096, "E_MC": 20.566462054386232, "J": 19.018825569787964}, "datetime": {"datetime": "2024-05-07 22:06:35", "elapsed": 105.806846, "delta": 16.585254}}
{"target": -100.0, "params": {"E_EA": 55.71633037905111, "E_MC": 12.43080443937543, "J": 7.901080766736669}, "datetime": {"datetime": "2024-05-07 22:06:36", "elapsed": 15.953829, "delta": 7.680164}}
{"target": -100.0, "params": {"E_EA": 99.22001936369523, "E_MC": 20.29044394496837, "J": -13.791546585940782}, "datetime": {"datetime": "2024-05-07 22:06:38", "elapsed": 57.940615, "delta": 8.870629}}
{"target": -100.0, "params": {"E_EA": 111.82941173258519, "E_MC": 9.866885838977774, "J": -1.7653143207028563}, "datetime": {"datetime": "2024-05-07 22:06:42", "elapsed": 21.904806, "delta": 5.950977}}
{"target": -100.0, "params": {"E_EA": 104.03147675408698, "E_MC": 9.516340381539106, "J": 2.341085908936744}, "datetime": {"datetime": "2024-05-07 22:06:42", "elapsed": 62.605131, "delta": 4.664516}}
{"target": -100.0, "params": {"E_EA": 148.06158698034093, "E_MC": 25.941439457560328, "J": 1.4112920717643789}, "datetime": {"datetime": "2024-05-07 22:06:47", "elapsed": 26.805429, "delta": 4.900623}}
{"target": -22.001770667382665, "params": {"E_EA": 95.09685841930244, "E_MC": 4.4901557030233485, "J": -13.262742272901878}, "datetime": {"datetime": "2024-05-07 22:07:10", "elapsed": 0.0, "delta": 0.0}}
{"target": -100.0, "params": {"E_EA": 24.689852060344503, "E_MC": 22.513422995781006, "J": -2.6165305614543044}, "datetime": {"datetime": "2024-05-07 22:07:13", "elapsed": 93.416799, "delta": 30.811668}}
{"target": -100.0, "params": {"E_EA": 31.07732072071573, "E_MC": 10.663678611683537, "J": -4.400509106391173}, "datetime": {"datetime": "2024-05-07 22:07:14", "elapsed": 54.503696, "delta": 27.698267}}
{"target": -100.0, "params": {"E_EA": 70.62116362796283, "E_MC": 13.104290604882848, "J": -9.151219066372661}, "datetime": {"datetime": "2024-05-07 22:07:18", "elapsed": 8.39048, "delta": 8.39048}}
{"target": -100.0, "params": {"E_EA": 112.63869983212328, "E_MC": 17.438431738752087, "J": 12.13931009875089}, "datetime": {"datetime": "2024-05-07 22:07:20", "elapsed": 99.857255, "delta": 6.440456}}
{"target": -100.0, "params": {"E_EA": 137.44123256299565, "E_MC": 11.652437092372013, "J": 19.523204653112387}, "datetime": {"datetime": "2024-05-07 22:07:25", "elapsed": 105.593806, "delta": 5.736551}}
{"target": -100.0, "params": {"E_EA": 34.0662954151597, "E_MC": 26.217335996567073, "J": 11.220119763615482}, "datetime": {"datetime": "2024-05-07 22:07:49", "elapsed": 89.256654, "delta": 34.752958}}
{"target": -100.0, "params": {"E_EA": 21.95233082766392, "E_MC": 16.231395671801113, "J": -3.6137078564039093}, "datetime": {"datetime": "2024-05-07 22:07:50", "elapsed": 40.010333, "delta": 31.619853}}
{"target": -100.0, "params": {"E_EA": 106.76723534544368, "E_MC": 3.7191978067489844, "J": 10.660147683525587}, "datetime": {"datetime": "2024-05-07 22:07:53", "elapsed": 93.581233, "delta": 4.324579}}
{"target": -73.23935468382521, "params": {"E_EA": 64.03335780559595, "E_MC": 27.533658419691303, "J": 19.527247605206767}, "datetime": {"datetime": "2024-05-07 22:07:56", "elapsed": 46.198842, "delta": 6.188509}}
