{"target": -4.834697657363613, "params": {"E_EA": 110.6938891455095, "E_MC": 4.552535565487973, "J": -15.596838612275015}, "datetime": {"datetime": "2024-05-07 21:40:30", "elapsed": 9.211776, "delta": 2.274481}}
{"target": -42.56530587611786, "params": {"E_EA": 116.497686789261, "E_MC": 7.968799324906135, "J": -17.290867995532807}, "datetime": {"datetime": "2024-05-07 21:40:33", "elapsed": 11.873742, "delta": 2.661966}}
{"target": -9.980858440753899, "params": {"E_EA": 110.81435587694821, "E_MC": 6.472032809086132, "J": -14.633323958232621}, "datetime": {"datetime": "2024-05-07 21:40:35", "elapsed": 14.412364, "delta": 2.538622}}
{"target": -4.647844090864708, "params": {"E_EA": 112.5443702086819, "E_MC": 3.452731289467581, "J": -16.74344611608456}, "datetime": {"datetime": "2024-05-07 21:40:38", "elapsed": 16.757673, "delta": 2.345309}}
{"target": -4.640477103499085, "params": {"E_EA": 112.72402446373323, "E_MC": 3.695472123041644, "J": -16.767236912628576}, "datetime": {"datetime": "2024-05-07 21:40:39", "elapsed": 0.0, "delta": 0.0}}
{"target": -26.645555421927327, "params": {"E_EA": 109.43039828149479, "E_MC": 3.694477964448362, "J": -17.645115247585572}, "datetime": {"datetime": "2024-05-07 21:40:40", "elapsed": 19.178699, "delta": 2.421026}}
{"target": -76.79000600401508, "params": {"E_EA": 61.785822748486346, "E_MC": 3.573767791176007, "J": -6.8008612320599315}, "datetime": {"datetime": "2024-05-07 21:40:42", "elapsed": 3.450464, "delta": 3.450464}}
{"target": -22.442801440881173, "params": {"E_EA": 110.76887676969699, "E_MC": 12.101367255155678, "J": -11.068879117540455}, "datetime": {"datetime": "2024-05-07 21:40:42", "elapsed": 21.543197, "delta": 2.364498}}
{"target": -11.264713722183988, "params": {"E_EA": 110.48864160059757, "E_MC": 9.58308925691309, "J": -12.106766501881303}, "datetime": {"datetime": "2024-05-07 21:40:45", "elapsed": 5.718418, "delta": 2.267954}}
{"target": -6.976177375774869, "params": {"E_EA": 112.72353922928538, "E_MC": 7.736191749989632, "J": -13.686154893367757}, "datetime": {"datetime": "2024-05-07 21:40:47", "elapsed": 7.91659, "delta": 2.198172}}
{"target": -26.183959733003967, "params": {"E_EA": 113.21138833379946, "E_MC": 9.14576725546394, "J": -10.930765242563702}, "datetime": {"datetime": "2024-05-07 21:40:49", "elapsed": 9.729207, "delta": 1.812617}}
{"target": -46.9521428748422, "params": {"E_EA": 112.80393354223543, "E_MC": 10.557928375436017, "J": -15.170144567683788}, "datetime": {"datetime": "2024-05-07 21:40:51", "elapsed": 12.33332, "delta": 2.604113}}
{"target": -42.16619364279457, "params": {"E_EA": 110.87284179560282, "E_MC": 9.611361343063363, "J": -9.555485858301482}, "datetime": {"datetime": "2024-05-07 21:40:53", "elapsed": 14.294401, "delta": 1.961081}}
{"target": -100.0, "params": {"E_EA": 64.38001442386991, "E_MC": 3.480621163722253, "J": -3.129585568026908}, "datetime": {"datetime": "2024-05-07 21:40:55", "elapsed": 16.280445, "delta": 1.986044}}
{"target": -26.77648474153741, "params": {"E_EA": 98.20714588785269, "E_MC": 13.736162278935598, "J": -6.852681488647293}, "datetime": {"datetime": "2024-05-07 21:40:58", "elapsed": 18.712875, "delta": 2.43243}}
{"target": -5.1026616246035355, "params": {"E_EA": 114.6402484444084, "E_MC": 3.2854983400711424, "J": -17.630738687297036}, "datetime": {"datetime": "2024-05-07 21:41:00", "elapsed": 21.121223, "delta": 2.408348}}
{"target": -64.38347360378084, "params": {"E_EA": 66.60075654555025, "E_MC": 4.861396114622089, "J": -7.607599542179212}, "datetime": {"datetime": "2024-05-07 21:41:01", "elapsed": 0.0, "delta": 0.0}}
{"target": -6.2483956805747445, "params": {"E_EA": 114.98916553752807, "E_MC": 7.928902809738895, "J": -13.716453304936667}, "datetime": {"datetime": "2024-05-07 21:41:03", "elapsed": 2.362022, "delta": 2.362022}}
{"target": -12.951638172813466, "params": {"E_EA": 115.87215803972477, "E_MC": 10.070376145070103, "J": -13.071148349983783}, "datetime": {"datetime": "2024-05-07 21:41:06", "elapsed": 5.376087, "delta": 3.014065}}
{"target": -47.80404477019013, "params": {"E_EA": 116.30712858686418, "E_MC": 9.161678752441915, "J": -11.128660523485419}, "datetime": {"datetime": "2024-05-07 21:41:08", "elapsed": 7.352615, "delta": 1.976528}}
{"target": -29.77184624473642, "params": {"E_EA": 115.3999256897223, "E_MC": 9.144582134320185, "J": -15.086685506003823}, "datetime": {"datetime": "2024-05-07 21:41:11", "elapsed": 10.357224, "delta": 3.004609}}
{"target": -25.837356520271882, "params": {"E_EA": 108.57771844916999, "E_MC": 13.560596647136547, "J": -9.661697845098205}, "datetime": {"datetime": "2024-05-07 21:41:14", "elapsed": 13.481008, "delta": 3.123784}}
{"target": -23.417910208123605, "params": {"E_EA": 113.20051149641414, "E_MC": 11.49257454822883, "J": -12.347572835888109}, "datetime": {"datetime": "2024-05-07 21:41:17", "elapsed": 16.184152, "delta": 2.703144}}
{"target": -2.1353459110692827, "params": {"E_EA": 68.47303141033203, "E_MC": 8.69335247310333, "J": -1.554854392695777}, "datetime": {"datetime": "2024-05-07 21:41:19", "elapsed": 18.531089, "delta": 2.346937}}
{"target": -63.58362846822028, "params": {"E_EA": 69.14693107053732, "E_MC": 11.041041063948734, "J": -2.6605170240177927}, "datetime": {"datetime": "2024-05-07 21:41:22", "elapsed": 21.373689, "delta": 2.8426}}
{"target": -66.18074584050778, "params": {"E_EA": 67.95223920742274, "E_MC": 8.787646369583754, "J": -3.927957347883634}, "datetime": {"datetime": "2024-05-07 21:41:23", "elapsed": 0.0, "delta": 0.0}}
{"target": -6.086700711019557, "params": {"E_EA": 68.2719855554491, "E_MC": 7.190570423723879, "J": -3.1393823634479077}, "datetime": {"datetime": "2024-05-07 21:41:25", "elapsed": 23.907438, "delta": 2.533749}}
{"target": -74.48107325793009, "params": {"E_EA": 70.20088730130625, "E_MC": 8.342439988470664, "J": -0.4850880203291368}, "datetime": {"datetime": "2024-05-07 21:41:25", "elapsed": 1.800468, "delta": 1.800468}}
{"target": -24.348056040665057, "params": {"E_EA": 115.9986585290772, "E_MC": 13.3206520648749, "J": -11.689531522847322}, "datetime": {"datetime": "2024-05-07 21:41:27", "elapsed": 4.018109, "delta": 2.217641}}
{"target": -6.341799023035686, "params": {"E_EA": 117.65210557060091, "E_MC": 4.675910549119807, "J": -17.41746841385645}, "datetime": {"datetime": "2024-05-07 21:41:29", "elapsed": 6.119778, "delta": 2.101669}}
{"target": -21.085073814072683, "params": {"E_EA": 116.87557570699464, "E_MC": 3.4044791657803595, "J": -19.548295202453744}, "datetime": {"datetime": "2024-05-07 21:41:31", "elapsed": 8.583304, "delta": 2.463526}}
{"target": -36.38118632336073, "params": {"E_EA": 119.0922974639672, "E_MC": 5.518715240453748, "J": -19.492022898523}, "datetime": {"datetime": "2024-05-07 21:41:34", "elapsed": 11.206351, "delta": 2.623047}}
{"target": -39.930652163504725, "params": {"E_EA": 119.48676719573892, "E_MC": 4.010345974045705, "J": -16.086769223923667}, "datetime": {"datetime": "2024-05-07 21:41:36", "elapsed": 0.0, "delta": 0.0}}
{"target": -15.224968901971376, "params": {"E_EA": 117.78836783937903, "E_MC": 7.667238814549579, "J": -13.662876425342535}, "datetime": {"datetime": "2024-05-07 21:41:36", "elapsed": 13.018003, "delta": 1.811652}}
{"target": -16.85147833475895, "params": {"E_EA": 116.12239100918754, "E_MC": 3.3784564302958353, "J": -16.569938501303987}, "datetime": {"datetime": "2024-05-07 21:41:38", "elapsed": 14.928048, "delta": 1.910045}}
{"target": -5.782632785559284, "params": {"E_EA": 66.90435738263076, "E_MC": 7.426477609689544, "J": -2.5405841853831603}, "datetime": {"datetime": "2024-05-07 21:41:38", "elapsed": 2.523783, "delta": 2.523783}}
{"target": -14.887920420788477, "params": {"E_EA": 119.01790778940992, "E_MC": 3.645802025833499, "J": -17.117415595232963}, "datetime": {"datetime": "2024-05-07 21:41:40", "elapsed": 17.15705, "delta": 2.229002}}
{"target": -41.47330993097484, "params": {"E_EA": 67.19056245989637, "E_MC": 7.253416072142899, "J": -0.9896189678030076}, "datetime": {"datetime": "2024-05-07 21:41:41", "elapsed": 4.866959, "delta": 2.343176}}
{"target": -44.764582118975724, "params": {"E_EA": 117.21582285310448, "E_MC": 12.571118644514682, "J": -14.274790798417353}, "datetime": {"datetime": "2024-05-07 21:41:43", "elapsed": 20.1578, "delta": 3.00075}}
{"target": -13.377352960879824, "params": {"E_EA": 115.94557303337169, "E_MC": 4.956949473662405, "J": -17.365703645796508}, "datetime": {"datetime": "2024-05-07 21:41:44", "elapsed": 8.030496, "delta": 3.163537}}
{"target": -26.338492344065518, "params": {"E_EA": 119.79301934035541, "E_MC": 6.3074420284002795, "J": -18.176165444326262}, "datetime": {"datetime": "2024-05-07 21:41:47", "elapsed": 10.983551, "delta": 2.953055}}
{"target": -27.186203887880797, "params": {"E_EA": 119.358413744962, "E_MC": 4.37448761181348, "J": -19.65637480031144}, "datetime": {"datetime": "2024-05-07 21:41:49", "elapsed": 13.81818, "delta": 2.834629}}
{"target": -49.87618002516813, "params": {"E_EA": 116.94063093958353, "E_MC": 12.311299989093197, "J": -14.666088106629163}, "datetime": {"datetime": "2024-05-07 21:41:52", "elapsed": 16.819399, "delta": 3.001219}}
{"target": -25.388353166059378, "params": {"E_EA": 113.37063457023012, "E_MC": 14.11469523702076, "J": -10.187550118240933}, "datetime": {"datetime": "2024-05-07 21:41:55", "elapsed": 19.329561, "delta": 2.510162}}
{"target": -13.49028629095037, "params": {"E_EA": 113.73771520495451, "E_MC": 9.357847701783385, "J": -13.335777322974284}, "datetime": {"datetime": "2024-05-07 21:41:58", "elapsed": 22.096339, "delta": 2.766778}}
{"target": -52.16656417724785, "params": {"E_EA": 110.71026316294272, "E_MC": 15.238334130577432, "J": -11.499816519426332}, "datetime": {"datetime": "2024-05-07 21:42:00", "elapsed": 24.752893, "delta": 2.656554}}
{"target": -50.12934133536804, "params": {"E_EA": 110.93145761046587, "E_MC": 15.58856407787196, "J": -10.955308194985722}, "datetime": {"datetime": "2024-05-07 21:42:03", "elapsed": 0.0, "delta": 0.0}}
{"target": -28.1135029221904, "params": {"E_EA": 115.98565228617687, "E_MC": 13.441905427601656, "J": -8.137437751472385}, "datetime": {"datetime": "2024-05-07 21:42:05", "elapsed": 1.831939, "delta": 1.831939}}
{"target": -24.689928916485286, "params": {"E_EA": 118.43919939597251, "E_MC": 15.383776411085657, "J": -10.620711716944307}, "datetime": {"datetime": "2024-05-07 21:42:07", "elapsed": 4.090047, "delta": 2.258108}}
{"target": -20.443914135906184, "params": {"E_EA": 116.90887722190308, "E_MC": 17.197062796634953, "J": -8.140707534970204}, "datetime": {"datetime": "2024-05-07 21:42:09", "elapsed": 6.262311, "delta": 2.172264}}
{"target": -46.41292030792741, "params": {"E_EA": 115.45027342582762, "E_MC": 17.16294641675324, "J": -11.030999197614717}, "datetime": {"datetime": "2024-05-07 21:42:12", "elapsed": 8.72528, "delta": 2.462969}}
{"target": -8.24377510216446, "params": {"E_EA": 108.2354757200282, "E_MC": 7.648732897175653, "J": -11.766903037401457}, "datetime": {"datetime": "2024-05-07 21:42:14", "elapsed": 10.754826, "delta": 2.029546}}
{"target": -42.232679878980576, "params": {"E_EA": 117.89414255004844, "E_MC": 15.136311768052213, "J": -6.72551734382051}, "datetime": {"datetime": "2024-05-07 21:42:16", "elapsed": 12.619795, "delta": 1.864969}}
{"target": -54.074784107186865, "params": {"E_EA": 118.44203095691772, "E_MC": 19.22721580026267, "J": -9.965383353470578}, "datetime": {"datetime": "2024-05-07 21:42:18", "elapsed": 15.081559, "delta": 2.461764}}
{"target": -24.450886957983197, "params": {"E_EA": 113.05927896196287, "E_MC": 14.126726505588906, "J": -7.180646320423797}, "datetime": {"datetime": "2024-05-07 21:42:20", "elapsed": 16.860326, "delta": 1.778767}}
{"target": -36.635170262707526, "params": {"E_EA": 112.64542246371873, "E_MC": 16.058456938582207, "J": -5.050374289706765}, "datetime": {"datetime": "2024-05-07 21:42:22", "elapsed": 18.641485, "delta": 1.781159}}
{"target": -12.421331460980856, "params": {"E_EA": 120.13464885675143, "E_MC": 8.061885729167386, "J": -13.959521595417094}, "datetime": {"datetime": "2024-05-07 21:42:30", "elapsed": 0.0, "delta": 0.0}}
{"target": -28.1492929244398, "params": {"E_EA": 120.06840101501672, "E_MC": 9.12387160675502, "J": -16.326279661350277}, "datetime": {"datetime": "2024-05-07 21:42:32", "elapsed": 2.432921, "delta": 2.432921}}
{"target": -7.8742297282325735, "params": {"E_EA": 118.61003700203678, "E_MC": 9.433565617222733, "J": -13.280105791873087}, "datetime": {"datetime": "2024-05-07 21:42:35", "elapsed": 4.597951, "delta": 2.16503}}
{"target": -12.241215339831538, "params": {"E_EA": 119.78375479809715, "E_MC": 12.81135161702459, "J": -11.51942179087258}, "datetime": {"datetime": "2024-05-07 21:42:37", "elapsed": 7.21401, "delta": 2.616059}}
{"target": -9.061125613387368, "params": {"E_EA": 120.79182971938914, "E_MC": 9.948887132722078, "J": -13.178693063654553}, "datetime": {"datetime": "2024-05-07 21:42:39", "elapsed": 9.509447, "delta": 2.295437}}
{"target": -66.0048714315321, "params": {"E_EA": 120.27201538376792, "E_MC": 10.402410506250389, "J": -10.609241484437298}, "datetime": {"datetime": "2024-05-07 21:42:41", "elapsed": 11.515715, "delta": 2.006268}}
{"target": -39.76922697547109, "params": {"E_EA": 120.34021430716149, "E_MC": 13.286712275127062, "J": -13.8957291867383}, "datetime": {"datetime": "2024-05-07 21:42:44", "elapsed": 14.256123, "delta": 2.740408}}
{"target": -15.689523037405868, "params": {"E_EA": 122.72460500471763, "E_MC": 13.74227783235695, "J": -10.447559744652718}, "datetime": {"datetime": "2024-05-07 21:42:47", "elapsed": 16.680721, "delta": 2.424598}}
{"target": -22.943010350394832, "params": {"E_EA": 121.22518107480118, "E_MC": 14.720891097197317, "J": -11.544189823735458}, "datetime": {"datetime": "2024-05-07 21:42:48", "elapsed": 0.0, "delta": 0.0}}
{"target": -15.892497929937907, "params": {"E_EA": 120.45825799355535, "E_MC": 14.93681106406092, "J": -10.583636941545866}, "datetime": {"datetime": "2024-05-07 21:42:49", "elapsed": 19.479535, "delta": 2.798814}}
{"target": -13.200933485091074, "params": {"E_EA": 122.16943190311932, "E_MC": 10.05613879410371, "J": -14.591928696655433}, "datetime": {"datetime": "2024-05-07 21:42:50", "elapsed": 2.61504, "delta": 2.61504}}
{"target": -19.204144808456014, "params": {"E_EA": 125.7581103392293, "E_MC": 13.943485925884255, "J": -10.692306617277914}, "datetime": {"datetime": "2024-05-07 21:42:52", "elapsed": 21.694588, "delta": 2.215053}}
{"target": -23.121957334222884, "params": {"E_EA": 115.36617151323313, "E_MC": 18.98725739557384, "J": -6.481015670380481}, "datetime": {"datetime": "2024-05-07 21:42:53", "elapsed": 5.223171, "delta": 2.608131}}
{"target": -17.360834532981496, "params": {"E_EA": 112.61106104083525, "E_MC": 3.106124070753868, "J": -18.51973293489996}, "datetime": {"datetime": "2024-05-07 21:42:56", "elapsed": 7.906526, "delta": 2.683355}}
{"target": -24.080757887368012, "params": {"E_EA": 120.02641331301894, "E_MC": 13.514529950535186, "J": -9.2436015474293}, "datetime": {"datetime": "2024-05-07 21:42:59", "elapsed": 10.881447, "delta": 2.974921}}
{"target": -10.12711226071699, "params": {"E_EA": 123.12601557932565, "E_MC": 8.123331957545012, "J": -16.347423408003646}, "datetime": {"datetime": "2024-05-07 21:43:02", "elapsed": 14.107901, "delta": 3.226454}}
{"target": -42.05958060355684, "params": {"E_EA": 122.81380120771338, "E_MC": 9.301274701126765, "J": -18.567761769145}, "datetime": {"datetime": "2024-05-07 21:43:05", "elapsed": 17.515196, "delta": 3.407295}}
{"target": -38.114307734594966, "params": {"E_EA": 121.90593364694395, "E_MC": 6.878239758499904, "J": -14.569038355881428}, "datetime": {"datetime": "2024-05-07 21:43:08", "elapsed": 20.102191, "delta": 2.586995}}
{"target": -8.57732714890465, "params": {"E_EA": 125.1741756353043, "E_MC": 6.648501100441248, "J": -16.64773649013371}, "datetime": {"datetime": "2024-05-07 21:43:11", "elapsed": 22.820982, "delta": 2.718791}}
{"target": -30.143090634858986, "params": {"E_EA": 124.14949906066215, "E_MC": 4.90902901227446, "J": -16.846765784342}, "datetime": {"datetime": "2024-05-07 21:43:13", "elapsed": 25.535841, "delta": 2.714859}}
{"target": -15.3940072406652, "params": {"E_EA": 125.68139498439271, "E_MC": 8.69573243336804, "J": -17.125222434468455}, "datetime": {"datetime": "2024-05-07 21:43:24", "elapsed": 0.0, "delta": 0.0}}
{"target": -15.273673501540364, "params": {"E_EA": 126.39357515411386, "E_MC": 6.610127927839297, "J": -18.815405805076537}, "datetime": {"datetime": "2024-05-07 21:43:27", "elapsed": 3.123868, "delta": 3.123868}}
{"target": -86.65120977098607, "params": {"E_EA": 127.83769824591134, "E_MC": 5.501763678512899, "J": -16.130302418125098}, "datetime": {"datetime": "2024-05-07 21:43:30", "elapsed": 5.328446, "delta": 2.204578}}
{"target": -16.501170582842036, "params": {"E_EA": 123.87979165325085, "E_MC": 15.718853264303442, "J": -9.253785574107924}, "datetime": {"datetime": "2024-05-07 21:43:32", "elapsed": 7.847453, "delta": 2.519007}}
{"target": -14.23417800235471, "params": {"E_EA": 123.87978652282128, "E_MC": 15.718852488232338, "J": -9.253790367673485}, "datetime": {"datetime": "2024-05-07 21:43:34", "elapsed": 0.0, "delta": 0.0}}
{"target": -26.046915745704343, "params": {"E_EA": 124.09907822935705, "E_MC": 15.944043122433582, "J": -11.515270078906541}, "datetime": {"datetime": "2024-05-07 21:43:35", "elapsed": 10.907574, "delta": 3.060121}}
{"target": -94.87972040793798, "params": {"E_EA": 122.98752345760606, "E_MC": 14.089773467131128, "J": -7.781993796004283}, "datetime": {"datetime": "2024-05-07 21:43:37", "elapsed": 13.06103, "delta": 2.153456}}
{"target": -41.30728784546363, "params": {"E_EA": 126.6125079627155, "E_MC": 8.81421705188804, "J": -20.0}, "datetime": {"datetime": "2024-05-07 21:43:38", "elapsed": 3.425729, "delta": 3.425729}}
{"target": -100.0, "params": {"E_EA": 125.25937371715246, "E_MC": 13.393685069776167, "J": -7.883684092330782}, "datetime": {"datetime": "2024-05-07 21:43:40", "elapsed": 5.310035, "delta": 1.884306}}
{"target": -14.508690710785597, "params": {"E_EA": 125.37560910344057, "E_MC": 16.74236346809147, "J": -9.687923375871414}, "datetime": {"datetime": "2024-05-07 21:43:40", "elapsed": 15.899414, "delta": 2.838384}}
{"target": -33.51729480718411, "params": {"E_EA": 124.06336645753005, "E_MC": 16.711683757359875, "J": -11.389777963052815}, "datetime": {"datetime": "2024-05-07 21:43:43", "elapsed": 8.407158, "delta": 3.097123}}
{"target": -38.060872937867714, "params": {"E_EA": 126.09833330241352, "E_MC": 8.715729366678342, "J": -19.790737222159795}, "datetime": {"datetime": "2024-05-07 21:43:44", "elapsed": 19.402452, "delta": 3.503038}}
{"target": -23.31648837899703, "params": {"E_EA": 124.10124498797833, "E_MC": 6.112522344709335, "J": -19.06630580285104}, "datetime": {"datetime": "2024-05-07 21:43:46", "elapsed": 11.584335, "delta": 3.177177}}
{"target": -24.761064423686374, "params": {"E_EA": 123.2207482492292, "E_MC": 18.407505268662923, "J": -9.056602097615599}, "datetime": {"datetime": "2024-05-07 21:43:47", "elapsed": 22.542029, "delta": 3.139577}}
{"target": -14.999793138976209, "params": {"E_EA": 121.74669964010617, "E_MC": 16.334528229633737, "J": -8.768212842447934}, "datetime": {"datetime": "2024-05-07 21:43:49", "elapsed": 14.643693, "delta": 3.059358}}
{"target": -24.16752109702352, "params": {"E_EA": 127.90201907903928, "E_MC": 15.581268040970814, "J": -9.76473168427347}, "datetime": {"datetime": "2024-05-07 21:43:50", "elapsed": 25.349844, "delta": 2.807815}}
{"target": -17.437310145682066, "params": {"E_EA": 123.62691968783024, "E_MC": 18.093431579732947, "J": -8.220018956090279}, "datetime": {"datetime": "2024-05-07 21:43:52", "elapsed": 17.443498, "delta": 2.799805}}
{"target": -23.43691471380266, "params": {"E_EA": 125.02413779258875, "E_MC": 13.841360137135307, "J": -13.129484461433275}, "datetime": {"datetime": "2024-05-07 21:43:55", "elapsed": 20.517976, "delta": 3.074478}}
{"target": -100.0, "params": {"E_EA": 121.19716649438406, "E_MC": 4.511187954732723, "J": 6.476361598931742}, "datetime": {"datetime": "2024-05-07 21:43:57", "elapsed": 0.0, "delta": 0.0}}
{"target": -13.097606091195136, "params": {"E_EA": 128.09631636479423, "E_MC": 14.259978170254659, "J": -11.595877301484194}, "datetime": {"datetime": "2024-05-07 21:43:58", "elapsed": 23.252526, "delta": 2.73455}}
{"target": -100.0, "params": {"E_EA": 36.25863440523369, "E_MC": 3.1119677786134243, "J": 13.107187090773309}, "datetime": {"datetime": "2024-05-07 21:43:59", "elapsed": 1.193768, "delta": 1.193768}}
{"target": -20.308890907216288, "params": {"E_EA": 130.0737135181459, "E_MC": 15.716599028990498, "J": -10.340793044702231}, "datetime": {"datetime": "2024-05-07 21:44:00", "elapsed": 25.815059, "delta": 2.562533}}
{"target": -100.0, "params": {"E_EA": 62.81148539895218, "E_MC": 22.897267223888107, "J": 16.96046894227635}, "datetime": {"datetime": "2024-05-07 21:44:01", "elapsed": 3.701101, "delta": 2.507333}}
{"target": -100.0, "params": {"E_EA": 127.37209823561899, "E_MC": 8.880886025699427, "J": 9.657666651737024}, "datetime": {"datetime": "2024-05-07 21:44:19", "elapsed": 0.0, "delta": 0.0}}
{"target": -100.0, "params": {"E_EA": 87.24834012225328, "E_MC": 22.854002404159, "J": 12.493703455021944}, "datetime": {"datetime": "2024-05-07 21:44:21", "elapsed": 1.595987, "delta": 1.595987}}
{"target": -100.0, "params": {"E_EA": 54.689812863712056, "E_MC": 12.671519908117121, "J": -3.058418148012187}, "datetime": {"datetime": "2024-05-07 21:44:26", "elapsed": 6.939922, "delta": 5.343935}}
{"target": -100.0, "params": {"E_EA": 79.13110493074862, "E_MC": 19.610701661035083, "J": -17.82463404651154}, "datetime": {"datetime": "2024-05-07 21:44:32", "elapsed": 12.312357, "delta": 5.372435}}
{"target": -100.0, "params": {"E_EA": 31.506009696898687, "E_MC": 23.01054725858844, "J": -4.639967822604692}, "datetime": {"datetime": "2024-05-07 21:44:34", "elapsed": 36.948192, "delta": 33.247091}}
