{"target": -100.0, "params": {"E_EA": 62.768259259607866, "E_MC": 7.601095014270075, "J": -16.420951903328557}, "datetime": {"datetime": "2024-05-07 23:08:01", "elapsed": 137.349908, "delta": 29.312678}}
{"target": -97.76895824318424, "params": {"E_EA": 83.1036253350575, "E_MC": 7.9403436823616955, "J": -13.746069714328737}, "datetime": {"datetime": "2024-05-07 23:08:30", "elapsed": 166.502436, "delta": 29.152528}}
{"target": -100.0, "params": {"E_EA": 72.89632620984854, "E_MC": 9.892334265814691, "J": 7.136665477790729}, "datetime": {"datetime": "2024-05-07 23:08:36", "elapsed": 0.0, "delta": 0.0}}
{"target": -100.0, "params": {"E_EA": 27.235932638431326, "E_MC": 9.99139769556524, "J": -12.225414267205718}, "datetime": {"datetime": "2024-05-07 23:08:36", "elapsed": 242.826948, "delta": 50.929768}}
{"target": -100.0, "params": {"E_EA": 37.73532828878116, "E_MC": 17.655543976368868, "J": -7.328668434585651}, "datetime": {"datetime": "2024-05-07 23:09:01", "elapsed": 197.119451, "delta": 30.617015}}
{"target": -100.0, "params": {"E_EA": 113.82051764802512, "E_MC": 28.342712730264406, "J": -14.366347178531843}, "datetime": {"datetime": "2024-05-07 23:09:04", "elapsed": 27.738102, "delta": 27.738102}}
{"target": -100.0, "params": {"E_EA": 22.364117886733585, "E_MC": 13.493658905716263, "J": -16.596654306792292}, "datetime": {"datetime": "2024-05-07 23:09:18", "elapsed": 284.805268, "delta": 41.97832}}
{"target": -100.0, "params": {"E_EA": 64.19011630593982, "E_MC": 28.759703632813235, "J": 0.29262237715843753}, "datetime": {"datetime": "2024-05-07 23:09:32", "elapsed": 228.629272, "delta": 31.509821}}
{"target": -32.668036204993726, "params": {"E_EA": 74.87845140513929, "E_MC": 14.252670327784738, "J": -0.6030747254232303}, "datetime": {"datetime": "2024-05-07 23:09:35", "elapsed": 59.468706, "delta": 31.730604}}
{"target": -100.0, "params": {"E_EA": 55.79416611755146, "E_MC": 24.89188911873094, "J": -18.617281324863978}, "datetime": {"datetime": "2024-05-07 23:09:50", "elapsed": 316.522496, "delta": 31.717228}}
{"target": -100.0, "params": {"E_EA": 122.46404331061808, "E_MC": 21.18272353371418, "J": 17.433173964869113}, "datetime": {"datetime": "2024-05-07 23:10:02", "elapsed": 258.471703, "delta": 29.842431}}
{"target": -100.0, "params": {"E_EA": 45.90810870687338, "E_MC": 23.741700112786862, "J": 12.872894535309293}, "datetime": {"datetime": "2024-05-07 23:10:10", "elapsed": 94.222467, "delta": 34.753761}}
{"target": -26.425105331265865, "params": {"E_EA": 114.68613768231076, "E_MC": 22.4745944749287, "J": -3.660192693650629}, "datetime": {"datetime": "2024-05-07 23:10:37", "elapsed": 121.419376, "delta": 27.196909}}
{"target": -23.615247346251305, "params": {"E_EA": 56.11997052787266, "E_MC": 25.867119725820494, "J": 16.649251042788563}, "datetime": {"datetime": "2024-05-07 23:10:38", "elapsed": 0.0, "delta": 0.0}}
{"target": -100.0, "params": {"E_EA": 62.029683964759045, "E_MC": 4.562524960863648, "J": 1.5649218641292038}, "datetime": {"datetime": "2024-05-07 23:11:09", "elapsed": 31.34947, "delta": 31.34947}}
{"target": -11.493112370810316, "params": {"E_EA": 66.03858779909021, "E_MC": 6.4317096260157545, "J": -3.384150342825805}, "datetime": {"datetime": "2024-05-07 23:11:10", "elapsed": 154.216225, "delta": 32.796849}}
{"target": -100.0, "params": {"E_EA": 57.6295967900597, "E_MC": 29.914952247264097, "J": -3.6653205621828917}, "datetime": {"datetime": "2024-05-07 23:11:39", "elapsed": 61.433446, "delta": 30.083976}}
{"target": -63.60723940116956, "params": {"E_EA": 136.16278997529523, "E_MC": 26.291386357434682, "J": -1.5496646269940904}, "datetime": {"datetime": "2024-05-07 23:11:51", "elapsed": 0.0, "delta": 0.0}}
{"target": -100.0, "params": {"E_EA": 32.89002757829249, "E_MC": 15.377296877300259, "J": -6.554058605261526}, "datetime": {"datetime": "2024-05-07 23:12:05", "elapsed": 209.400292, "delta": 55.184067}}
{"target": -32.168140262097495, "params": {"E_EA": 102.45098305461671, "E_MC": 18.241795329001015, "J": -1.0589857055625451}, "datetime": {"datetime": "2024-05-07 23:12:09", "elapsed": 90.986252, "delta": 29.552806}}
{"target": -96.00840273393652, "params": {"E_EA": 64.99440500126673, "E_MC": 27.972523614107132, "J": 12.418983053380273}, "datetime": {"datetime": "2024-05-07 23:12:19", "elapsed": 28.012319, "delta": 28.012319}}
{"target": -82.11404692748164, "params": {"E_EA": 117.12634738373617, "E_MC": 26.374512565999744, "J": -10.560462549325722}, "datetime": {"datetime": "2024-05-07 23:12:38", "elapsed": 242.170688, "delta": 32.770396}}
{"target": -100.0, "params": {"E_EA": 64.6666857968308, "E_MC": 17.74821984470603, "J": -0.9978335324262275}, "datetime": {"datetime": "2024-05-07 23:12:38", "elapsed": 120.508692, "delta": 29.52244}}
{"target": -100.0, "params": {"E_EA": 78.25105454484881, "E_MC": 20.403487122600684, "J": -2.096465871934477}, "datetime": {"datetime": "2024-05-07 23:12:40", "elapsed": 49.221954, "delta": 21.209635}}
{"target": -46.340084155240135, "params": {"E_EA": 72.77174089610024, "E_MC": 22.65222236833494, "J": 5.912794778304015}, "datetime": {"datetime": "2024-05-07 23:13:00", "elapsed": 142.205304, "delta": 21.696612}}
{"target": -100.0, "params": {"E_EA": 106.76768799297982, "E_MC": 8.812348786909311, "J": 7.954270189085349}, "datetime": {"datetime": "2024-05-07 23:13:04", "elapsed": 73.01246, "delta": 23.790506}}
{"target": -100.0, "params": {"E_EA": 73.3543405228386, "E_MC": 8.613763661843132, "J": -17.55196568176054}, "datetime": {"datetime": "2024-05-07 23:13:22", "elapsed": 164.427006, "delta": 22.221702}}
{"target": -100.0, "params": {"E_EA": 32.244152559787366, "E_MC": 8.88695880204682, "J": -18.88050925558121}, "datetime": {"datetime": "2024-05-07 23:13:24", "elapsed": 287.893737, "delta": 45.723049}}
{"target": -100.0, "params": {"E_EA": 52.20291370384209, "E_MC": 21.31307958093364, "J": -18.943496379359182}, "datetime": {"datetime": "2024-05-07 23:13:46", "elapsed": 309.995459, "delta": 22.101722}}
{"target": -100.0, "params": {"E_EA": 45.43523290782387, "E_MC": 3.5544828557280086, "J": -11.719446792340014}, "datetime": {"datetime": "2024-05-07 23:13:54", "elapsed": 196.165155, "delta": 31.738149}}
{"target": -100.0, "params": {"E_EA": 22.002076946936203, "E_MC": 10.641526365825731, "J": 7.421923709594793}, "datetime": {"datetime": "2024-05-07 23:14:03", "elapsed": 132.093416, "delta": 59.080956}}
{"target": -98.17421810847105, "params": {"E_EA": 122.49130451007132, "E_MC": 27.579761485763864, "J": -16.824398435424598}, "datetime": {"datetime": "2024-05-07 23:14:15", "elapsed": 217.021343, "delta": 20.856188}}
{"target": -100.0, "params": {"E_EA": 46.860250767426024, "E_MC": 7.9515250644301805, "J": 17.59306893821814}, "datetime": {"datetime": "2024-05-07 23:14:38", "elapsed": 240.437637, "delta": 23.416294}}
{"target": -100.0, "params": {"E_EA": 51.398769655737055, "E_MC": 17.430817042252475, "J": -13.264866490727591}, "datetime": {"datetime": "2024-05-07 23:14:41", "elapsed": 0.0, "delta": 0.0}}
{"target": -100.0, "params": {"E_EA": 26.3452222599166, "E_MC": 22.073594592867924, "J": 14.469580915350107}, "datetime": {"datetime": "2024-05-07 23:14:58", "elapsed": 187.398383, "delta": 55.304967}}
{"target": -100.0, "params": {"E_EA": 147.10797142757667, "E_MC": 7.327185212361354, "J": 17.596380695277418}, "datetime": {"datetime": "2024-05-07 23:15:12", "elapsed": 31.208359, "delta": 31.208359}}
{"target": -100.0, "params": {"E_EA": 96.20242011535645, "E_MC": 26.098852660564017, "J": 11.938590849695103}, "datetime": {"datetime": "2024-05-07 23:15:20", "elapsed": 209.895747, "delta": 22.497364}}
{"target": -100.0, "params": {"E_EA": 96.87759363793384, "E_MC": 7.239529307442324, "J": -6.200180770005241}, "datetime": {"datetime": "2024-05-07 23:15:41", "elapsed": 230.112196, "delta": 20.216449}}
{"target": -100.0, "params": {"E_EA": 91.5187953899631, "E_MC": 28.11591414846458, "J": 14.077173109839109}, "datetime": {"datetime": "2024-05-07 23:15:57", "elapsed": 246.481266, "delta": 16.36907}}
{"target": -34.1665099075243, "params": {"E_EA": 35.63544188108889, "E_MC": 6.798008689160301, "J": 5.733142044662927}, "datetime": {"datetime": "2024-05-07 23:15:59", "elapsed": 78.088352, "delta": 46.879993}}
{"target": -45.73310323181318, "params": {"E_EA": 92.699684417925, "E_MC": 13.308551577777886, "J": -6.667788362905567}, "datetime": {"datetime": "2024-05-07 23:16:15", "elapsed": 264.210978, "delta": 17.729712}}
{"target": -100.0, "params": {"E_EA": 79.21009147195126, "E_MC": 28.1297670424755, "J": -15.723489353669526}, "datetime": {"datetime": "2024-05-07 23:16:21", "elapsed": 99.870819, "delta": 21.782467}}
{"target": -11.24018173746879, "params": {"E_EA": 73.19517960209987, "E_MC": 16.399337460771626, "J": 2.678735972084432}, "datetime": {"datetime": "2024-05-07 23:16:33", "elapsed": 112.050822, "delta": 12.180003}}
{"target": -100.0, "params": {"E_EA": 119.4355196487757, "E_MC": 13.090557251797167, "J": -3.7223066961501594}, "datetime": {"datetime": "2024-05-07 23:16:46", "elapsed": 125.294046, "delta": 13.243224}}
{"target": -100.0, "params": {"E_EA": 94.0606474275759, "E_MC": 18.973538300369732, "J": 7.605648064102709}, "datetime": {"datetime": "2024-05-07 23:16:59", "elapsed": 137.872216, "delta": 12.57817}}
{"target": -100.0, "params": {"E_EA": 20.141751824714394, "E_MC": 27.861404643482523, "J": 11.66965183464901}, "datetime": {"datetime": "2024-05-07 23:17:35", "elapsed": 174.487951, "delta": 36.615735}}
{"target": -100.0, "params": {"E_EA": 131.3500511442224, "E_MC": 26.46961586122964, "J": 13.22855476958049}, "datetime": {"datetime": "2024-05-07 23:17:47", "elapsed": 186.067219, "delta": 11.579268}}
{"target": -100.0, "params": {"E_EA": 63.129790112506576, "E_MC": 10.507484146031437, "J": 17.392960994243047}, "datetime": {"datetime": "2024-05-07 23:18:04", "elapsed": 203.565059, "delta": 17.49784}}
{"target": -38.87794004681456, "params": {"E_EA": 66.37054742984223, "E_MC": 17.303120364174838, "J": 3.924384239852362}, "datetime": {"datetime": "2024-05-08 12:13:02", "elapsed": 0.0, "delta": 0.0}}
{"target": -100.0, "params": {"E_EA": 87.06766406109222, "E_MC": 15.445284151311501, "J": 16.710163848577324}, "datetime": {"datetime": "2024-05-08 12:13:31", "elapsed": 29.342645, "delta": 29.342645}}
{"target": -100.0, "params": {"E_EA": 27.022583300109304, "E_MC": 27.588966397530086, "J": 14.50384656122641}, "datetime": {"datetime": "2024-05-08 12:13:41", "elapsed": 0.0, "delta": 0.0}}
{"target": -100.0, "params": {"E_EA": 145.2636060153511, "E_MC": 19.58877526081805, "J": 4.3699037962399565}, "datetime": {"datetime": "2024-05-08 12:14:07", "elapsed": 65.070886, "delta": 35.728241}}
{"target": -100.0, "params": {"E_EA": 73.98676322678376, "E_MC": 4.313865941352273, "J": -19.592198232371643}, "datetime": {"datetime": "2024-05-08 12:14:20", "elapsed": 38.984134, "delta": 38.984134}}
{"target": -100.0, "params": {"E_EA": 144.8734088734821, "E_MC": 19.272256854308488, "J": 2.281008958329217}, "datetime": {"datetime": "2024-05-08 12:14:48", "elapsed": 66.587045, "delta": 27.602911}}
{"target": -100.0, "params": {"E_EA": 22.734857514437813, "E_MC": 17.009677781842242, "J": -6.114391894461079}, "datetime": {"datetime": "2024-05-08 12:15:13", "elapsed": 131.406041, "delta": 66.335155}}
{"target": -100.0, "params": {"E_EA": 122.32290335158366, "E_MC": 7.838525774606643, "J": -1.4787941332132277}, "datetime": {"datetime": "2024-05-08 12:15:17", "elapsed": 96.139848, "delta": 29.552803}}
{"target": -100.0, "params": {"E_EA": 136.31550121403262, "E_MC": 11.699108502203778, "J": 17.39156457259591}, "datetime": {"datetime": "2024-05-08 12:15:50", "elapsed": 128.194024, "delta": 32.054176}}
{"target": -100.0, "params": {"E_EA": 50.57320348921982, "E_MC": 8.301097123892156, "J": 8.130894060220726}, "datetime": {"datetime": "2024-05-08 12:15:55", "elapsed": 173.560234, "delta": 42.154193}}
{"target": -100.0, "params": {"E_EA": 80.47126914879496, "E_MC": 9.364755965406786, "J": -15.768852715631674}, "datetime": {"datetime": "2024-05-08 13:19:20", "elapsed": 0.0, "delta": 0.0}}
{"target": -100.0, "params": {"E_EA": 25.325836375795383, "E_MC": 25.140984181989076, "J": -19.924474701608727}, "datetime": {"datetime": "2024-05-08 13:19:46", "elapsed": 0.0, "delta": 0.0}}
{"target": -100.0, "params": {"E_EA": 72.48333261308628, "E_MC": 10.1914913191465, "J": 11.235051896610344}, "datetime": {"datetime": "2024-05-08 13:19:49", "elapsed": 28.705172, "delta": 28.705172}}
{"target": -100.0, "params": {"E_EA": 68.00214489075863, "E_MC": 28.31272775024521, "J": -5.080941443884019}, "datetime": {"datetime": "2024-05-08 13:20:32", "elapsed": 71.724786, "delta": 43.019614}}
{"target": -100.0, "params": {"E_EA": 29.692324639988854, "E_MC": 15.057670524676784, "J": 5.224157040503641}, "datetime": {"datetime": "2024-05-08 13:20:55", "elapsed": 69.692551, "delta": 69.692551}}
{"target": -100.0, "params": {"E_EA": 84.72353766718143, "E_MC": 27.235456869536367, "J": 17.35317257920827}, "datetime": {"datetime": "2024-05-08 13:21:04", "elapsed": 103.426421, "delta": 31.701635}}
{"target": -56.057602657776, "params": {"E_EA": 125.04605362324496, "E_MC": 21.890394853151808, "J": -13.44169079326656}, "datetime": {"datetime": "2024-05-08 13:21:32", "elapsed": 106.487088, "delta": 36.794537}}
{"target": -100.0, "params": {"E_EA": 30.997252180641446, "E_MC": 4.141098431508796, "J": -15.336392346265221}, "datetime": {"datetime": "2024-05-08 13:22:02", "elapsed": 161.851302, "delta": 58.424881}}
{"target": -100.0, "params": {"E_EA": 91.12296739365297, "E_MC": 28.003627929842555, "J": -4.04226162966526}, "datetime": {"datetime": "2024-05-08 13:22:05", "elapsed": 139.176296, "delta": 32.689208}}
