{"target": 27.56301108353464, "params": {"frequency_log": 3.1623730927012312, "gradient": 0.20888282483982493, "magnitude": 0.00025224812477136604, "magnitude_min": -0.00022373878522998522}, "datetime": {"datetime": "2024-04-07 16:58:03", "elapsed": 712.356736, "delta": 8.219274}}
{"target": 25.133145519503845, "params": {"frequency_log": 2.657638176845685, "gradient": 0.18671287500087932, "magnitude": 0.0005134724485543354, "magnitude_min": -0.00035882493904538994}, "datetime": {"datetime": "2024-04-07 16:58:14", "elapsed": 723.341493, "delta": 10.984757}}
{"target": 22.756303703117922, "params": {"frequency_log": 2.293779416782023, "gradient": 0.1561527651340003, "magnitude": 0.0004731819009100915, "magnitude_min": -0.00011124305431723942}, "datetime": {"datetime": "2024-04-07 16:58:22", "elapsed": 731.441673, "delta": 8.10018}}
{"target": 25.834497517235924, "params": {"frequency_log": 3.152732690200449, "gradient": 0.26039007420478194, "magnitude": 0.0005215855544927037, "magnitude_min": -0.0004256411814060757}, "datetime": {"datetime": "2024-04-07 16:58:34", "elapsed": 743.070262, "delta": 11.628589}}
{"target": 21.445999876183663, "params": {"frequency_log": 2.2924702618567983, "gradient": 0.15793830791681202, "magnitude": 0.0006581787488700412, "magnitude_min": -0.00011656826478329864}, "datetime": {"datetime": "2024-04-07 16:58:41", "elapsed": 750.557932, "delta": 7.48767}}
{"target": 28.588555539639113, "params": {"frequency_log": 3.4315504947622895, "gradient": 0.2998670599044115, "magnitude": 0.0005023407442620671, "magnitude_min": -0.0005849433873154696}, "datetime": {"datetime": "2024-04-07 16:58:54", "elapsed": 762.995774, "delta": 12.437842}}
{"target": 29.081295659442517, "params": {"frequency_log": 2.7653749852727136, "gradient": 0.20784083474178644, "magnitude": 0.0004957931574831529, "magnitude_min": -0.0005159804244308839}, "datetime": {"datetime": "2024-04-07 16:59:06", "elapsed": 775.361137, "delta": 12.365363}}
{"target": 17.529372605930664, "params": {"frequency_log": 4.564279729861924, "gradient": 0.04831110717645166, "magnitude": 0.0004867804516792331, "magnitude_min": -5.452632122918393e-05}, "datetime": {"datetime": "2024-04-07 16:59:11", "elapsed": 780.093424, "delta": 4.732287}}
{"target": 23.787332821800664, "params": {"frequency_log": 3.1634477017424203, "gradient": 0.21109975585910173, "magnitude": 0.0006714187545646629, "magnitude_min": -0.0005603180509700749}, "datetime": {"datetime": "2024-04-07 16:59:22", "elapsed": 791.844514, "delta": 11.75109}}
{"target": 29.616098047042705, "params": {"frequency_log": 2.5901786440156207, "gradient": 0.29380238598095587, "magnitude": 0.00033760014147088657, "magnitude_min": -0.00013639627569791534}, "datetime": {"datetime": "2024-04-07 16:59:44", "elapsed": 813.737303, "delta": 21.892789}}
{"target": 34.177163746211185, "params": {"frequency_log": 2.5916047540430633, "gradient": 0.2946831968119936, "magnitude": 0.00022147334049430877, "magnitude_min": -6.159298972869002e-05}, "datetime": {"datetime": "2024-04-07 17:00:09", "elapsed": 838.45226, "delta": 24.714957}}
{"target": 22.75794159002214, "params": {"frequency_log": 2.673611682218847, "gradient": 0.2127408774622702, "magnitude": 0.0006167409197929422, "magnitude_min": -0.0002523699232857262}, "datetime": {"datetime": "2024-04-07 17:00:19", "elapsed": 848.061606, "delta": 9.609346}}
{"target": 19.88837419564234, "params": {"frequency_log": 2.592694115718174, "gradient": 0.29476643030582367, "magnitude": 1.7188074674917643e-05, "magnitude_min": -9.862736027960921e-05}, "datetime": {"datetime": "2024-04-07 17:00:53", "elapsed": 882.122927, "delta": 34.061321}}
{"target": 29.5415883544944, "params": {"frequency_log": 2.80241186234628, "gradient": 0.20892726392345368, "magnitude": 0.00040058269044619124, "magnitude_min": -0.00034961754802924637}, "datetime": {"datetime": "2024-04-07 17:01:04", "elapsed": 893.499493, "delta": 11.376566}}
{"target": 22.16952597963359, "params": {"frequency_log": 4.327563490037467, "gradient": 0.238209201564854, "magnitude": 0.00027790360220191114, "magnitude_min": -0.00037450343413870544}, "datetime": {"datetime": "2024-04-07 17:01:14", "elapsed": 902.930111, "delta": 9.430618}}
{"target": 29.265528956569526, "params": {"frequency_log": 3.1534618239466337, "gradient": 0.2612934942748563, "magnitude": 0.00015350038274219765, "magnitude_min": -0.0005725227442349139}, "datetime": {"datetime": "2024-04-07 17:01:26", "elapsed": 915.351631, "delta": 12.42152}}
{"target": 20.788812302308635, "params": {"frequency_log": 2.590365947321577, "gradient": 0.29546418515439904, "magnitude": 0.0006845971621045694, "magnitude_min": -0.00010291033302053455}, "datetime": {"datetime": "2024-04-07 17:01:40", "elapsed": 928.9104, "delta": 13.558769}}
{"target": 33.653807124710596, "params": {"frequency_log": 2.0994045852469503, "gradient": 0.1977837406629319, "magnitude": 0.00028793038857024997, "magnitude_min": -0.00039864634295574025}, "datetime": {"datetime": "2024-04-07 17:02:02", "elapsed": 951.854825, "delta": 22.944425}}
{"target": 28.44652841308352, "params": {"frequency_log": 3.0420011291601585, "gradient": 0.18060318906203093, "magnitude": 0.0003910573239765919, "magnitude_min": -0.0003497264555066156}, "datetime": {"datetime": "2024-04-07 17:02:15", "elapsed": 964.543708, "delta": 12.688883}}
{"target": 27.65150627432172, "params": {"frequency_log": 2.6584623013953057, "gradient": 0.18515454733634526, "magnitude": 0.0005180249656163366, "magnitude_min": -0.0006962154650760322}, "datetime": {"datetime": "2024-04-07 17:02:31", "elapsed": 980.470909, "delta": 15.927201}}
{"target": 25.700457734274103, "params": {"frequency_log": 3.042611620044129, "gradient": 0.1802359566977905, "magnitude": 0.00046825765742513026, "magnitude_min": -0.0003149124824208861}, "datetime": {"datetime": "2024-04-07 17:02:43", "elapsed": 992.565229, "delta": 12.09432}}
{"target": 21.234668965493732, "params": {"frequency_log": 3.192306730072014, "gradient": 0.13674469743023349, "magnitude": 0.0005153886458640988, "magnitude_min": -0.00022176027692346955}, "datetime": {"datetime": "2024-04-07 17:02:53", "elapsed": 1002.035189, "delta": 9.46996}}
{"target": 23.090263408608408, "params": {"frequency_log": 2.658989485346631, "gradient": 0.18597542661762595, "magnitude": 0.0006673991001338825, "magnitude_min": -0.00033908724257717624}, "datetime": {"datetime": "2024-04-07 17:03:04", "elapsed": 1013.690978, "delta": 11.655789}}
{"target": 21.87692524877937, "params": {"frequency_log": 4.662258319233855, "gradient": 0.04268763485731869, "magnitude": 0.0006387419962084739, "magnitude_min": -0.0005715911187299657}, "datetime": {"datetime": "2024-04-07 17:03:16", "elapsed": 1025.455822, "delta": 11.764844}}
{"target": 27.526226520570507, "params": {"frequency_log": 3.1630941949970866, "gradient": 0.20995453896177743, "magnitude": 0.0002518018622222716, "magnitude_min": -0.0005838256564410662}, "datetime": {"datetime": "2024-04-07 17:03:27", "elapsed": 1036.876588, "delta": 11.420766}}
{"target": 30.33340267527968, "params": {"frequency_log": 2.802546673037156, "gradient": 0.208157316480937, "magnitude": 0.0003788848281200501, "magnitude_min": -0.000510488922500484}, "datetime": {"datetime": "2024-04-07 17:03:41", "elapsed": 1050.457579, "delta": 13.580991}}
{"target": 28.517771541478318, "params": {"frequency_log": 2.20979274368219, "gradient": 0.2879569418076531, "magnitude": 0.0003144918236934512, "magnitude_min": -0.0006357640926493206}, "datetime": {"datetime": "2024-04-07 17:04:24", "elapsed": 1093.716175, "delta": 43.258596}}
{"target": 28.042981822575513, "params": {"frequency_log": 2.6719113012593994, "gradient": 0.21495580679454038, "magnitude": 8.61401711159427e-05, "magnitude_min": -0.000516872050910895}, "datetime": {"datetime": "2024-04-07 17:04:33", "elapsed": 1102.860362, "delta": 9.144187}}
