{"target": 29.951842660255608, "params": {"frequency_log": 2.0, "gradient": 0.1, "magnitude": 0.0002, "magnitude_min": -0.00035}, "datetime": {"datetime": "2024-04-07 16:46:11", "elapsed": 0.0, "delta": 0.0}}
{"target": 19.37360866970165, "params": {"frequency_log": 2.8982172318161337, "gradient": 0.25779058693223883, "magnitude": 0.0006441048280395337, "magnitude_min": -4.598025169081244e-05}, "datetime": {"datetime": "2024-04-07 16:46:17", "elapsed": 6.791413, "delta": 6.791413}}
{"target": 32.85308207704546, "params": {"frequency_log": 2.674209444181928, "gradient": 0.2132963167994216, "magnitude": 0.00023200119676980256, "magnitude_min": -0.00022272345818245788}, "datetime": {"datetime": "2024-04-07 16:46:28", "elapsed": 17.034955, "delta": 10.243542}}
{"target": 22.90476172649945, "params": {"frequency_log": 2.4095550841128532, "gradient": 0.24507822087166425, "magnitude": 0.00044056919490742573, "magnitude_min": -5.724052312952924e-05}, "datetime": {"datetime": "2024-04-07 16:46:38", "elapsed": 27.86391, "delta": 10.828955}}
{"target": 23.18846088527684, "params": {"frequency_log": 3.2814234608519057, "gradient": 0.07567818635039848, "magnitude": 0.0002573294294610976, "magnitude_min": -0.00034342910918594416}, "datetime": {"datetime": "2024-04-07 16:46:47", "elapsed": 36.72021, "delta": 8.8563}}
{"target": 16.87993800848861, "params": {"frequency_log": 4.115708960654414, "gradient": 0.10320633490093997, "magnitude": 0.00020156344134959213, "magnitude_min": -1.5929417869924782e-05}, "datetime": {"datetime": "2024-04-07 16:46:51", "elapsed": 40.765191, "delta": 4.044981}}
{"target": 21.52452729818597, "params": {"frequency_log": 3.1861085323081184, "gradient": 0.21591437503685323, "magnitude": 0.00021853701325397665, "magnitude_min": -2.1458121184556554e-06}, "datetime": {"datetime": "2024-04-07 16:46:57", "elapsed": 46.282161, "delta": 5.51697}}
{"target": 23.606690394991844, "params": {"frequency_log": 4.849072107522728, "gradient": 0.14770235122125827, "magnitude": 0.000507618197056343, "magnitude_min": -0.0005316476963054106}, "datetime": {"datetime": "2024-04-07 16:47:07", "elapsed": 56.284262, "delta": 10.002101}}
{"target": 27.577294010806344, "params": {"frequency_log": 2.667516927706427, "gradient": 0.19957825999695003, "magnitude": 0.00020600944733690753, "magnitude_min": -4.134778203490413e-05}, "datetime": {"datetime": "2024-04-07 16:47:15", "elapsed": 64.213769, "delta": 7.929507}}
{"target": 29.800475440607453, "params": {"frequency_log": 2.29387389649591, "gradient": 0.1571401647165481, "magnitude": 0.0003679024496468867, "magnitude_min": -0.0002961349937331008}, "datetime": {"datetime": "2024-04-07 16:47:26", "elapsed": 75.634506, "delta": 11.420737}}
{"target": 26.74353470717194, "params": {"frequency_log": 4.735259990952064, "gradient": 0.29899715684629274, "magnitude": 0.0004057163867779655, "magnitude_min": -0.0005108493759959244}, "datetime": {"datetime": "2024-04-07 16:47:36", "elapsed": 85.231046, "delta": 9.59654}}
{"target": 22.544520696139863, "params": {"frequency_log": 2.67418744991797, "gradient": 0.2109854418418548, "magnitude": 0.0004997892135126579, "magnitude_min": -0.00021259079207622202}, "datetime": {"datetime": "2024-04-07 16:47:45", "elapsed": 94.631379, "delta": 9.400333}}
{"target": 30.86927499484238, "params": {"frequency_log": 3.163986995504636, "gradient": 0.20908249083146607, "magnitude": 0.00035465561934332066, "magnitude_min": -0.0004018719992689408}, "datetime": {"datetime": "2024-04-07 16:47:56", "elapsed": 105.50819, "delta": 10.876811}}
{"target": 19.287289584250836, "params": {"frequency_log": 3.2553932609785745, "gradient": 0.19399746877724505, "magnitude": 0.0004608722202412688, "magnitude_min": -1.4054313833401972e-05}, "datetime": {"datetime": "2024-04-07 16:48:02", "elapsed": 111.236163, "delta": 5.727973}}
{"target": 17.655943350737942, "params": {"frequency_log": 3.5293203366155304, "gradient": 0.09626727445389738, "magnitude": 0.0001490722849617315, "magnitude_min": -0.0001892681560414233}, "datetime": {"datetime": "2024-04-07 16:48:07", "elapsed": 116.494837, "delta": 5.258674}}
{"target": 20.233774661709763, "params": {"frequency_log": 3.663093014798198, "gradient": 0.017016587920350133, "magnitude": 0.0006450639724424656, "magnitude_min": -0.0003041133839493731}, "datetime": {"datetime": "2024-04-07 16:48:16", "elapsed": 125.060667, "delta": 8.56583}}
{"target": 23.81759349280632, "params": {"frequency_log": 2.3857162242532137, "gradient": 0.04466626845687494, "magnitude": 0.0006785380269868634, "magnitude_min": -0.0006380487675280517}, "datetime": {"datetime": "2024-04-07 16:48:28", "elapsed": 137.134433, "delta": 12.073766}}
{"target": 17.469229579039354, "params": {"frequency_log": 4.768886292854094, "gradient": 0.10440213777579484, "magnitude": 0.0006345463437089862, "magnitude_min": -0.0001265854438303681}, "datetime": {"datetime": "2024-04-07 16:48:33", "elapsed": 142.709833, "delta": 5.5754}}
{"target": 18.258964380081746, "params": {"frequency_log": 4.820400461665672, "gradient": 0.009833419600182103, "magnitude": 0.0003858086394483915, "magnitude_min": -0.0004354987448549937}, "datetime": {"datetime": "2024-04-07 16:48:43", "elapsed": 152.064762, "delta": 9.354929}}
{"target": 29.526862681181367, "params": {"frequency_log": 2.7671276858349305, "gradient": 0.20822471918300037, "magnitude": 0.0001496751864935507, "magnitude_min": -0.0005271176482861805}, "datetime": {"datetime": "2024-04-07 16:48:52", "elapsed": 161.42157, "delta": 9.356808}}
{"target": 20.43131481226872, "params": {"frequency_log": 3.6999641369840246, "gradient": 0.19672188761036094, "magnitude": 0.0005229757633012244, "magnitude_min": -0.00018503765585890265}, "datetime": {"datetime": "2024-04-07 16:49:00", "elapsed": 168.896256, "delta": 7.474686}}
{"target": 26.928356235294363, "params": {"frequency_log": 2.7665476919650507, "gradient": 0.1805708319395154, "magnitude": 4.225521882889062e-05, "magnitude_min": -0.0004790688681860626}, "datetime": {"datetime": "2024-04-07 16:49:07", "elapsed": 176.350604, "delta": 7.454348}}
{"target": 19.08832777651522, "params": {"frequency_log": 4.700627434229553, "gradient": 0.12999158489088278, "magnitude": 0.00022556193957434605, "magnitude_min": -0.0003524176230211364}, "datetime": {"datetime": "2024-04-07 16:49:13", "elapsed": 182.705914, "delta": 6.35531}}
{"target": 22.819792448179154, "params": {"frequency_log": 4.068259872734442, "gradient": 0.17775193561371605, "magnitude": 0.00037092312425278693, "magnitude_min": -0.00019542932283290733}, "datetime": {"datetime": "2024-04-07 16:49:20", "elapsed": 189.69592, "delta": 6.990006}}
{"target": 22.48550029233554, "params": {"frequency_log": 3.047218889074215, "gradient": 0.19577337564893912, "magnitude": 0.0005602093901416807, "magnitude_min": -0.00025828889472614513}, "datetime": {"datetime": "2024-04-07 16:49:29", "elapsed": 198.777667, "delta": 9.081747}}
{"target": 19.156589894392088, "params": {"frequency_log": 4.771843220850791, "gradient": 0.08118637104516531, "magnitude": 0.0004927833877062409, "magnitude_min": -0.0002441876581398909}, "datetime": {"datetime": "2024-04-07 16:49:37", "elapsed": 206.03937, "delta": 7.261703}}
{"target": 16.151649695451194, "params": {"frequency_log": 3.4610129803780687, "gradient": 0.11408276860017101, "magnitude": 5.752510545771191e-05, "magnitude_min": -8.10162966038328e-05}, "datetime": {"datetime": "2024-04-07 16:49:41", "elapsed": 209.961869, "delta": 3.922499}}
{"target": 28.34714092755982, "params": {"frequency_log": 3.3822783675139974, "gradient": 0.2989882950233974, "magnitude": 0.00044927565862357415, "magnitude_min": -0.0004364079982494121}, "datetime": {"datetime": "2024-04-07 16:49:53", "elapsed": 222.357436, "delta": 12.395567}}
{"target": 25.506888785619488, "params": {"frequency_log": 4.16025229550109, "gradient": 0.1719942896155817, "magnitude": 0.0004772600409385636, "magnitude_min": -0.0004974738771842744}, "datetime": {"datetime": "2024-04-07 16:50:04", "elapsed": 232.892753, "delta": 10.535317}}
{"target": 20.330392187514356, "params": {"frequency_log": 3.6899869905899063, "gradient": 0.19168549882751093, "magnitude": 0.00045860148848488307, "magnitude_min": -9.187993643191498e-05}, "datetime": {"datetime": "2024-04-07 16:50:12", "elapsed": 241.058336, "delta": 8.165583}}
{"target": 34.146337929000694, "params": {"frequency_log": 2.097064315007679, "gradient": 0.19819838181407415, "magnitude": 0.00030519386039742577, "magnitude_min": -0.0002816694961294665}, "datetime": {"datetime": "2024-04-07 16:50:30", "elapsed": 259.561428, "delta": 18.503092}}
{"target": 22.79225830494166, "params": {"frequency_log": 3.0709612117492306, "gradient": 0.03420972119266691, "magnitude": 0.0006380882002857156, "magnitude_min": -0.0005489648232734194}, "datetime": {"datetime": "2024-04-07 16:50:41", "elapsed": 270.739579, "delta": 11.178151}}
{"target": 20.249052333834868, "params": {"frequency_log": 4.966193940247518, "gradient": 0.019334376110110418, "magnitude": 0.0006683879391346274, "magnitude_min": -0.0005723492280061541}, "datetime": {"datetime": "2024-04-07 16:50:52", "elapsed": 281.204272, "delta": 10.464693}}
{"target": 11.6320021572168, "params": {"frequency_log": 2.836315122832189, "gradient": 0.16417448037723878, "magnitude": 1.8016346553820263e-05, "magnitude_min": -8.327243324921061e-05}, "datetime": {"datetime": "2024-04-07 16:50:56", "elapsed": 285.805172, "delta": 4.6009}}
{"target": 18.951639238026438, "params": {"frequency_log": 2.9868649873394033, "gradient": 0.016375568405000363, "magnitude": 5.828231032738571e-05, "magnitude_min": -0.0006651440854970907}, "datetime": {"datetime": "2024-04-07 16:51:02", "elapsed": 291.876621, "delta": 6.071449}}
{"target": 19.820902299150543, "params": {"frequency_log": 3.766996255027165, "gradient": 0.12505254999163495, "magnitude": 0.00020688376512583453, "magnitude_min": -8.605096146998789e-05}, "datetime": {"datetime": "2024-04-07 16:51:08", "elapsed": 296.879745, "delta": 5.003124}}
{"target": 21.078010133377887, "params": {"frequency_log": 3.388394438129847, "gradient": 0.03671980715820059, "magnitude": 0.0003012596580581051, "magnitude_min": -0.0003168548615055058}, "datetime": {"datetime": "2024-04-07 16:51:16", "elapsed": 305.508744, "delta": 8.628999}}
{"target": 23.46058761606808, "params": {"frequency_log": 4.401980399069949, "gradient": 0.2321019580482034, "magnitude": 0.0004626793106357274, "magnitude_min": -0.00031239417394877765}, "datetime": {"datetime": "2024-04-07 16:51:25", "elapsed": 314.084314, "delta": 8.57557}}
{"target": 23.795390225078492, "params": {"frequency_log": 4.40919626938224, "gradient": 0.11397079050216409, "magnitude": 0.0005439389378591642, "magnitude_min": -0.0005622091702793552}, "datetime": {"datetime": "2024-04-07 16:51:35", "elapsed": 324.675325, "delta": 10.591011}}
{"target": 22.652081575747083, "params": {"frequency_log": 4.878057509923664, "gradient": 0.061996736460244756, "magnitude": 0.0004422798482188079, "magnitude_min": -0.0005735495164902026}, "datetime": {"datetime": "2024-04-07 16:51:45", "elapsed": 334.74056, "delta": 10.065235}}
{"target": 19.695126692988534, "params": {"frequency_log": 3.6664735062117444, "gradient": 0.1007248602373134, "magnitude": 0.0005005130270194695, "magnitude_min": -0.0001332573042285883}, "datetime": {"datetime": "2024-04-07 16:51:52", "elapsed": 341.182973, "delta": 6.442413}}
{"target": 29.752670060751225, "params": {"frequency_log": 2.5876725794465543, "gradient": 0.29490849701529614, "magnitude": 0.0005076792128850352, "magnitude_min": -0.0006159444866620255}, "datetime": {"datetime": "2024-04-07 16:52:13", "elapsed": 362.842762, "delta": 21.659789}}
{"target": 25.463348178053955, "params": {"frequency_log": 3.8006649198966476, "gradient": 0.262038038353741, "magnitude": 0.000434983167654139, "magnitude_min": -0.00032757775812818166}, "datetime": {"datetime": "2024-04-07 16:52:23", "elapsed": 372.324544, "delta": 9.481782}}
{"target": 25.448147221754027, "params": {"frequency_log": 3.154337157242945, "gradient": 0.26044785196951753, "magnitude": 0.00040265705947869866, "magnitude_min": -0.00016786772766076198}, "datetime": {"datetime": "2024-04-07 16:52:32", "elapsed": 381.353611, "delta": 9.029067}}
{"target": 25.433550746072545, "params": {"frequency_log": 2.510448996775627, "gradient": 0.10367514061902162, "magnitude": 0.0006222155780960031, "magnitude_min": -0.0005647603409592892}, "datetime": {"datetime": "2024-04-07 16:52:44", "elapsed": 393.220301, "delta": 11.86669}}
{"target": 18.535300367734653, "params": {"frequency_log": 3.291933280900787, "gradient": 0.04358692183260202, "magnitude": 0.00044354281288097044, "magnitude_min": -6.223701331028661e-05}, "datetime": {"datetime": "2024-04-07 16:52:50", "elapsed": 399.067434, "delta": 5.847133}}
{"target": 18.886147714478415, "params": {"frequency_log": 3.318572979843385, "gradient": 0.01550920811398616, "magnitude": 0.0005309232073040022, "magnitude_min": -0.00011286357778859404}, "datetime": {"datetime": "2024-04-07 16:52:57", "elapsed": 405.926893, "delta": 6.859459}}
{"target": 20.73184952740683, "params": {"frequency_log": 2.71394545223101, "gradient": 0.009212743126883726, "magnitude": 0.0005144418767490081, "magnitude_min": -0.0001582531480989113}, "datetime": {"datetime": "2024-04-07 16:53:05", "elapsed": 413.891687, "delta": 7.964794}}
{"target": 25.01557375465947, "params": {"frequency_log": 2.819319282426866, "gradient": 0.11585335926151269, "magnitude": 0.00020373693893200153, "magnitude_min": -0.0002473112159577814}, "datetime": {"datetime": "2024-04-07 16:53:12", "elapsed": 421.743145, "delta": 7.851458}}
{"target": 23.43384168144355, "params": {"frequency_log": 4.033852442474611, "gradient": 0.17319180370174714, "magnitude": 0.00011919181101653429, "magnitude_min": -0.000510013935480472}, "datetime": {"datetime": "2024-04-07 16:53:19", "elapsed": 428.599369, "delta": 6.856224}}
{"target": 17.096426736878335, "params": {"frequency_log": 2.1072200069763163, "gradient": 0.05429939632296732, "magnitude": 1.5609787066169467e-05, "magnitude_min": -0.00010458891210931708}, "datetime": {"datetime": "2024-04-07 16:53:24", "elapsed": 433.566369, "delta": 4.967}}
{"target": 30.87513743907883, "params": {"frequency_log": 2.802450635153501, "gradient": 0.20882637868224457, "magnitude": 0.0003147002778452562, "magnitude_min": -0.0004646074814178313}, "datetime": {"datetime": "2024-04-07 16:53:36", "elapsed": 445.665774, "delta": 12.099405}}
{"target": 20.791371764099317, "params": {"frequency_log": 2.5263502704875744, "gradient": 0.22248507911092527, "magnitude": 0.0005028682288205318, "magnitude_min": -6.984543869561599e-05}, "datetime": {"datetime": "2024-04-07 16:53:44", "elapsed": 453.818341, "delta": 8.152567}}
{"target": 20.162296431064256, "params": {"frequency_log": 4.899787177766611, "gradient": 0.11707939310194634, "magnitude": 0.0005091015982783058, "magnitude_min": -0.0002357283941145557}, "datetime": {"datetime": "2024-04-07 16:53:51", "elapsed": 460.860538, "delta": 7.042197}}
{"target": 22.772668367338348, "params": {"frequency_log": 2.4406678466530294, "gradient": 0.2829677029830151, "magnitude": 0.0005809798365084485, "magnitude_min": -0.00021660922787363596}, "datetime": {"datetime": "2024-04-07 16:54:08", "elapsed": 477.503107, "delta": 16.642569}}
{"target": 17.84374546870182, "params": {"frequency_log": 4.934142954820004, "gradient": 0.13560150508039545, "magnitude": 0.0006008581118744364, "magnitude_min": -0.00014854675652828603}, "datetime": {"datetime": "2024-04-07 16:54:14", "elapsed": 483.272916, "delta": 5.769809}}
{"target": 25.07733072378772, "params": {"frequency_log": 4.549279300018759, "gradient": 0.2490681760994592, "magnitude": 0.0002812077290138531, "magnitude_min": -0.0006887662249824606}, "datetime": {"datetime": "2024-04-07 16:54:23", "elapsed": 491.885995, "delta": 8.613079}}
{"target": 21.212075837531835, "params": {"frequency_log": 4.599085685273556, "gradient": 0.05709914643807823, "magnitude": 0.0006613570228530802, "magnitude_min": -0.0004944233460413385}, "datetime": {"datetime": "2024-04-07 16:54:33", "elapsed": 502.199057, "delta": 10.313062}}
{"target": 19.27023485059149, "params": {"frequency_log": 4.433042466958095, "gradient": 0.17167510388550608, "magnitude": 0.00045890123197117805, "magnitude_min": -3.2271637964621834e-05}, "datetime": {"datetime": "2024-04-07 16:54:38", "elapsed": 507.220877, "delta": 5.02182}}
{"target": 18.16011007360629, "params": {"frequency_log": 3.991319269935327, "gradient": 0.09830543537991268, "magnitude": 0.00030085038640174016, "magnitude_min": -3.5960029546559455e-05}, "datetime": {"datetime": "2024-04-07 16:54:43", "elapsed": 512.169582, "delta": 4.948705}}
{"target": 24.88486418464425, "params": {"frequency_log": 4.0235971210522985, "gradient": 0.09357352857369355, "magnitude": 0.00039632762159107747, "magnitude_min": -0.0004952546746792133}, "datetime": {"datetime": "2024-04-07 16:54:53", "elapsed": 521.900786, "delta": 9.731204}}
{"target": 23.036271835382845, "params": {"frequency_log": 3.0921307403521294, "gradient": 0.022876882427111434, "magnitude": 0.00039114336962224594, "magnitude_min": -0.0006366787947650291}, "datetime": {"datetime": "2024-04-07 16:55:04", "elapsed": 532.994943, "delta": 11.094157}}
{"target": 20.442728296346626, "params": {"frequency_log": 4.769788818516991, "gradient": 0.24923887049169466, "magnitude": 0.00018013536662398144, "magnitude_min": -0.00034169668361331564}, "datetime": {"datetime": "2024-04-07 16:55:10", "elapsed": 539.620818, "delta": 6.625875}}
{"target": 23.80825663995245, "params": {"frequency_log": 3.342349847488865, "gradient": 0.10585667987004539, "magnitude": 0.0005471393494152358, "magnitude_min": -0.00040203297534636945}, "datetime": {"datetime": "2024-04-07 16:55:21", "elapsed": 550.159286, "delta": 10.538468}}
{"target": 22.088323061136684, "params": {"frequency_log": 3.286223615668969, "gradient": 0.10528404046090381, "magnitude": 0.00021974573590446473, "magnitude_min": -9.041342498730242e-05}, "datetime": {"datetime": "2024-04-07 16:55:27", "elapsed": 556.048992, "delta": 5.889706}}
{"target": 22.503042938028916, "params": {"frequency_log": 3.0090229825729238, "gradient": 0.16557379085792065, "magnitude": 0.0006692613778530702, "magnitude_min": -0.00033680793922902344}, "datetime": {"datetime": "2024-04-07 16:55:36", "elapsed": 565.45373, "delta": 9.404738}}
{"target": 23.51525693940069, "params": {"frequency_log": 4.156933225934939, "gradient": 0.22921232408516828, "magnitude": 0.0002793315785874917, "magnitude_min": -0.00022366163318217157}, "datetime": {"datetime": "2024-04-07 16:55:43", "elapsed": 572.074793, "delta": 6.621063}}
{"target": 10.110993034068946, "params": {"frequency_log": 4.184089379442522, "gradient": 0.21656200242417958, "magnitude": 0.00011757277087719163, "magnitude_min": -1.530420979466271e-05}, "datetime": {"datetime": "2024-04-07 16:55:47", "elapsed": 576.299538, "delta": 4.224745}}
{"target": 34.27277306208635, "params": {"frequency_log": 2.5888996566685147, "gradient": 0.29517041446476805, "magnitude": 0.00010567037862665664, "magnitude_min": -0.0002935202417556324}, "datetime": {"datetime": "2024-04-07 16:56:26", "elapsed": 615.107691, "delta": 38.808153}}
{"target": 25.245103325833256, "params": {"frequency_log": 2.386228177217525, "gradient": 0.04387649316958607, "magnitude": 0.0004345018457449253, "magnitude_min": -0.0005154068241788263}, "datetime": {"datetime": "2024-04-07 16:56:37", "elapsed": 626.853917, "delta": 11.746226}}
{"target": 22.2836757634332, "params": {"frequency_log": 4.549187092056185, "gradient": 0.24952533316679903, "magnitude": 0.0001451487246147636, "magnitude_min": -0.0006934716736017163}, "datetime": {"datetime": "2024-04-07 16:56:44", "elapsed": 633.309777, "delta": 6.45586}}
{"target": 22.742813123678697, "params": {"frequency_log": 3.008819682113899, "gradient": 0.10626205358429047, "magnitude": 0.0005265772288707169, "magnitude_min": -0.00028949808366487685}, "datetime": {"datetime": "2024-04-07 16:56:53", "elapsed": 642.3658, "delta": 9.056023}}
{"target": 28.161960930577987, "params": {"frequency_log": 2.6729920799994265, "gradient": 0.21464912934558178, "magnitude": 0.0003704030209886575, "magnitude_min": -0.0006865910589501082}, "datetime": {"datetime": "2024-04-07 16:57:06", "elapsed": 655.192513, "delta": 12.826713}}
{"target": 23.57843001462529, "params": {"frequency_log": 4.549678076040221, "gradient": 0.2470910597546532, "magnitude": 0.0007, "magnitude_min": -0.0006684229682209466}, "datetime": {"datetime": "2024-04-07 16:57:17", "elapsed": 666.380095, "delta": 11.187582}}
{"target": 26.159446947987572, "params": {"frequency_log": 2.0965707388799473, "gradient": 0.19781059170075388, "magnitude": 0.0004074270603425693, "magnitude_min": -0.00015592538357773328}, "datetime": {"datetime": "2024-04-07 16:57:31", "elapsed": 680.520867, "delta": 14.140772}}
{"target": 30.112731785850958, "params": {"frequency_log": 3.1619766429176375, "gradient": 0.2101172722773578, "magnitude": 0.00031921185120825483, "magnitude_min": -0.0004252288070977371}, "datetime": {"datetime": "2024-04-07 16:57:41", "elapsed": 690.675764, "delta": 10.154897}}
{"target": 20.798772613728623, "params": {"frequency_log": 4.426064841141988, "gradient": 0.125507483140033, "magnitude": 0.0006195823694363971, "magnitude_min": -0.000339871423115148}, "datetime": {"datetime": "2024-04-07 16:57:50", "elapsed": 699.19053, "delta": 8.514766}}
{"target": 17.23643741926426, "params": {"frequency_log": 4.448441790120772, "gradient": 0.04115963268623642, "magnitude": 4.646847428843886e-05, "magnitude_min": -0.0006559994981589588}, "datetime": {"datetime": "2024-04-07 16:57:55", "elapsed": 704.137462, "delta": 4.946932}}
