{"target": 35.902829845213724, "params": {"frequency_log": 2.0, "gradient": 0.1, "magnitude": 0.0002, "magnitude_min": -0.00035}, "datetime": {"datetime": "2024-04-07 16:46:10", "elapsed": 0.0, "delta": 0.0}}
{"target": 25.61763268234262, "params": {"frequency_log": 2.6795043461817345, "gradient": 0.19871624704032423, "magnitude": 0.0005284738080871751, "magnitude_min": -0.0003937179869683512}, "datetime": {"datetime": "2024-04-07 16:46:21", "elapsed": 10.66485, "delta": 10.66485}}
{"target": 19.538256958694355, "params": {"frequency_log": 3.8566599121134106, "gradient": 0.08526048315552259, "magnitude": 0.0005255556330593756, "magnitude_min": -3.085418544909735e-05}, "datetime": {"datetime": "2024-04-07 16:46:25", "elapsed": 15.394502, "delta": 4.729652}}
{"target": 24.31649909548719, "params": {"frequency_log": 3.4971393723098094, "gradient": 0.11361378721837032, "magnitude": 0.000633300303181528, "magnitude_min": -0.0006376090703342031}, "datetime": {"datetime": "2024-04-07 16:46:36", "elapsed": 26.014998, "delta": 10.620496}}
{"target": 47.278616933181794, "params": {"frequency_log": 2.7989278613587922, "gradient": 0.15115563765715334, "magnitude": 0.000185178229826182, "magnitude_min": -0.0006245499790566172}, "datetime": {"datetime": "2024-04-07 16:46:45", "elapsed": 34.853612, "delta": 8.838614}}
{"target": 23.414595910335684, "params": {"frequency_log": 4.524457232436498, "gradient": 0.08806919818540863, "magnitude": 0.0006386777784509949, "magnitude_min": -0.0006913294317754168}, "datetime": {"datetime": "2024-04-07 16:46:56", "elapsed": 45.60012, "delta": 10.746508}}
{"target": 54.90128341225659, "params": {"frequency_log": 2.400302625918751, "gradient": 0.2541372853493962, "magnitude": 0.00011723720039012301, "magnitude_min": -0.0004901859877841266}, "datetime": {"datetime": "2024-04-07 16:47:15", "elapsed": 64.774857, "delta": 19.174737}}
{"target": 24.924043356482425, "params": {"frequency_log": 3.6839780740928307, "gradient": 0.2953498042496482, "magnitude": 0.0002417897186088016, "magnitude_min": -0.0001768761145003045}, "datetime": {"datetime": "2024-04-07 16:47:22", "elapsed": 72.176292, "delta": 7.401435}}
{"target": 22.622134099429374, "params": {"frequency_log": 3.2759593499866644, "gradient": 0.14628975985046694, "magnitude": 0.00018613008270696645, "magnitude_min": -0.00014177813029073898}, "datetime": {"datetime": "2024-04-07 16:47:27", "elapsed": 77.394923, "delta": 5.218631}}
{"target": 48.671534376839, "params": {"frequency_log": 2.7595785534745434, "gradient": 0.18486757312131094, "magnitude": 0.000273260538722867, "magnitude_min": -0.0006425863455586256}, "datetime": {"datetime": "2024-04-07 16:47:38", "elapsed": 87.74051, "delta": 10.345587}}
{"target": 48.20149883750582, "params": {"frequency_log": 2.395421257096712, "gradient": 0.25776283025222424, "magnitude": 0.0003047614376436735, "magnitude_min": -0.0005472245347246651}, "datetime": {"datetime": "2024-04-07 16:47:59", "elapsed": 109.054711, "delta": 21.314201}}
{"target": 51.91308069033545, "params": {"frequency_log": 2.402727570664414, "gradient": 0.2396619252635213, "magnitude": 8.223498336115074e-05, "magnitude_min": -0.00041954735095377655}, "datetime": {"datetime": "2024-04-07 16:48:14", "elapsed": 124.413087, "delta": 15.358376}}
{"target": 45.303754800454406, "params": {"frequency_log": 2.4207863280385435, "gradient": 0.25453642617011624, "magnitude": 0.0, "magnitude_min": -0.0003028260554762643}, "datetime": {"datetime": "2024-04-07 16:48:32", "elapsed": 141.815354, "delta": 17.402267}}
{"target": 41.494919843495204, "params": {"frequency_log": 2.774042531404319, "gradient": 0.16332404188514074, "magnitude": 0.00018502369164554987, "magnitude_min": -0.0004151028087455252}, "datetime": {"datetime": "2024-04-07 16:48:42", "elapsed": 151.621223, "delta": 9.805869}}
{"target": 40.96522309040932, "params": {"frequency_log": 2.7821939970360074, "gradient": 0.1972450610783889, "magnitude": 0.00041366112593167504, "magnitude_min": -0.0007}, "datetime": {"datetime": "2024-04-07 16:48:54", "elapsed": 164.423671, "delta": 12.802448}}
{"target": 30.70425351760954, "params": {"frequency_log": 4.0334319802235825, "gradient": 0.053341986513411356, "magnitude": 0.00019714607074817892, "magnitude_min": -0.0006818081966729315}, "datetime": {"datetime": "2024-04-07 16:49:02", "elapsed": 172.079932, "delta": 7.656261}}
{"target": 49.636395819115194, "params": {"frequency_log": 2.1916836252441954, "gradient": 0.12345857095379402, "magnitude": 0.00011880641882035795, "magnitude_min": -0.0005780231380046325}, "datetime": {"datetime": "2024-04-07 16:49:11", "elapsed": 181.2221, "delta": 9.142168}}
{"target": 27.112813274821583, "params": {"frequency_log": 2.2113635031904324, "gradient": 0.1371802505584238, "magnitude": 0.00035685049986914437, "magnitude_min": -0.0003548960253990325}, "datetime": {"datetime": "2024-04-07 16:49:23", "elapsed": 193.220444, "delta": 11.998344}}
{"target": 49.5236022099214, "params": {"frequency_log": 2.173242564391949, "gradient": 0.1201669502422615, "magnitude": 0.00019098353806825256, "magnitude_min": -0.0005925083698769352}, "datetime": {"datetime": "2024-04-07 16:49:34", "elapsed": 203.584769, "delta": 10.364325}}
{"target": 22.653625324403503, "params": {"frequency_log": 4.850894454368163, "gradient": 0.25966999226661575, "magnitude": 0.0005600183039763106, "magnitude_min": -0.0003034541254885851}, "datetime": {"datetime": "2024-04-07 16:49:42", "elapsed": 211.746203, "delta": 8.161434}}
{"target": 31.37890656113189, "params": {"frequency_log": 2.192317893547184, "gradient": 0.10331634540300474, "magnitude": 0.0003954631954063064, "magnitude_min": -0.000192136065606537}, "datetime": {"datetime": "2024-04-07 16:49:52", "elapsed": 221.660693, "delta": 9.91449}}
{"target": 39.97293291881493, "params": {"frequency_log": 2.1770604678344, "gradient": 0.14106817654361953, "magnitude": 0.00025436296586571873, "magnitude_min": -0.000391012223147649}, "datetime": {"datetime": "2024-04-07 16:50:04", "elapsed": 233.678861, "delta": 12.018168}}
{"target": 18.943277461497914, "params": {"frequency_log": 2.7596637080842052, "gradient": 0.18429793460777663, "magnitude": 0.0005739663629579265, "magnitude_min": -4.8872945167165714e-05}, "datetime": {"datetime": "2024-04-07 16:50:12", "elapsed": 241.580532, "delta": 7.901671}}
{"target": 20.307502847314517, "params": {"frequency_log": 3.4036897039593166, "gradient": 0.25417871341259185, "magnitude": 0.0005950055023601776, "magnitude_min": -0.00014372318251149486}, "datetime": {"datetime": "2024-04-07 16:50:20", "elapsed": 249.863786, "delta": 8.283254}}
{"target": 22.164856640731905, "params": {"frequency_log": 4.4121795621830735, "gradient": 0.14177597390159713, "magnitude": 0.000656514309171113, "magnitude_min": -0.0002692869994361289}, "datetime": {"datetime": "2024-04-07 16:50:27", "elapsed": 257.399846, "delta": 7.53606}}
{"target": 24.862925122142798, "params": {"frequency_log": 3.2089475602067212, "gradient": 0.006148550812785758, "magnitude": 0.00036676216209316953, "magnitude_min": -0.0004661216476693465}, "datetime": {"datetime": "2024-04-07 16:50:38", "elapsed": 267.663695, "delta": 10.263849}}
{"target": 26.283551743264766, "params": {"frequency_log": 3.9409927684489934, "gradient": 0.1783424981640912, "magnitude": 0.00036694846728869843, "magnitude_min": -0.00041383598282835915}, "datetime": {"datetime": "2024-04-07 16:50:47", "elapsed": 277.14405, "delta": 9.480355}}
{"target": 19.022119291984946, "params": {"frequency_log": 2.748065996088141, "gradient": 0.2604814597278051, "magnitude": 0.0006330530959606436, "magnitude_min": -8.296518992059873e-05}, "datetime": {"datetime": "2024-04-07 16:50:55", "elapsed": 284.884534, "delta": 7.740484}}
{"target": 11.95917395971166, "params": {"frequency_log": 4.250116529734369, "gradient": 0.10891579091101157, "magnitude": 0.00016908455581194815, "magnitude_min": -5.643687899694043e-05}, "datetime": {"datetime": "2024-04-07 16:50:59", "elapsed": 289.047527, "delta": 4.162993}}
{"target": 26.247122345552945, "params": {"frequency_log": 2.5647531784576403, "gradient": 0.19352055658296627, "magnitude": 0.0005445794568728985, "magnitude_min": -0.00032374001130488713}, "datetime": {"datetime": "2024-04-07 16:51:10", "elapsed": 300.047707, "delta": 11.00018}}
{"target": 20.711431266886326, "params": {"frequency_log": 3.0627602665554186, "gradient": 0.07761082429050746, "magnitude": 0.00015280765506340738, "magnitude_min": -0.00014111997086719273}, "datetime": {"datetime": "2024-04-07 16:51:15", "elapsed": 305.235604, "delta": 5.187897}}
{"target": 30.491305974124565, "params": {"frequency_log": 3.304818615484601, "gradient": 0.11911835599058666, "magnitude": 6.008406511181515e-05, "magnitude_min": -0.00040928574759826515}, "datetime": {"datetime": "2024-04-07 16:51:21", "elapsed": 311.490715, "delta": 6.255111}}
{"target": 27.277214809045542, "params": {"frequency_log": 2.1312005441415334, "gradient": 0.2694731005945822, "magnitude": 0.00047180650897820893, "magnitude_min": -0.00034159939318446724}, "datetime": {"datetime": "2024-04-07 16:51:52", "elapsed": 342.314826, "delta": 30.824111}}
{"target": 19.517252765225372, "params": {"frequency_log": 3.506499122436275, "gradient": 0.2897252885776475, "magnitude": 0.0006312729320293123, "magnitude_min": -4.9092770532455803e-05}, "datetime": {"datetime": "2024-04-07 16:51:58", "elapsed": 348.105348, "delta": 5.790522}}
{"target": 21.43208692123226, "params": {"frequency_log": 4.316815705864049, "gradient": 0.21143166860664672, "magnitude": 0.0006551012620325434, "magnitude_min": -0.00023639770266963386}, "datetime": {"datetime": "2024-04-07 16:52:05", "elapsed": 355.324016, "delta": 7.218668}}
{"target": 24.484755875057267, "params": {"frequency_log": 3.746207839200875, "gradient": 0.10798697070924629, "magnitude": 0.0003725555395178018, "magnitude_min": -0.00037709674199203156}, "datetime": {"datetime": "2024-04-07 16:52:15", "elapsed": 364.965622, "delta": 9.641606}}
{"target": 21.122142002460087, "params": {"frequency_log": 3.7075975004166093, "gradient": 0.08126501918637126, "magnitude": 0.00019281071470910832, "magnitude_min": -0.00018583646102578524}, "datetime": {"datetime": "2024-04-07 16:52:20", "elapsed": 370.166996, "delta": 5.201374}}
{"target": 18.799792806047442, "params": {"frequency_log": 2.771512947137726, "gradient": 0.032947180983552427, "magnitude": 0.000579914076299744, "magnitude_min": -9.388739774520728e-05}, "datetime": {"datetime": "2024-04-07 16:52:26", "elapsed": 376.477662, "delta": 6.310666}}
{"target": 25.265678633309438, "params": {"frequency_log": 2.134327794866748, "gradient": 0.13378879153951667, "magnitude": 0.00023451976286723331, "magnitude_min": -0.0002357405264418727}, "datetime": {"datetime": "2024-04-07 16:52:37", "elapsed": 387.357407, "delta": 10.879745}}
{"target": 23.958249803768872, "params": {"frequency_log": 4.761843196529254, "gradient": 0.14234001444984065, "magnitude": 0.00011799228037763776, "magnitude_min": -0.0005801146967912512}, "datetime": {"datetime": "2024-04-07 16:52:43", "elapsed": 393.33339, "delta": 5.975983}}
{"target": 28.297494260855366, "params": {"frequency_log": 2.2056061652536867, "gradient": 0.14595703373216032, "magnitude": 0.00020372988566128987, "magnitude_min": -1.757258031225993e-05}, "datetime": {"datetime": "2024-04-07 16:52:51", "elapsed": 401.205517, "delta": 7.872127}}
{"target": 41.326256018018334, "params": {"frequency_log": 4.0734524653989945, "gradient": 0.2651061089363092, "magnitude": 0.00021001300752189863, "magnitude_min": -0.00043262875737843065}, "datetime": {"datetime": "2024-04-07 16:52:59", "elapsed": 409.363598, "delta": 8.158081}}
{"target": 22.97010107903543, "params": {"frequency_log": 3.6580542366909614, "gradient": 0.06903041714919488, "magnitude": 0.0005810983267333687, "magnitude_min": -0.00022478066245287012}, "datetime": {"datetime": "2024-04-07 16:53:07", "elapsed": 417.241186, "delta": 7.877588}}
{"target": 25.315656915499865, "params": {"frequency_log": 2.9845245386177726, "gradient": 0.2918737591725189, "magnitude": 0.0004103655514874911, "magnitude_min": -0.00036285276829949086}, "datetime": {"datetime": "2024-04-07 16:53:22", "elapsed": 431.655733, "delta": 14.414547}}
{"target": 23.78817409214215, "params": {"frequency_log": 2.3779656690059863, "gradient": 0.136002007127625, "magnitude": 3.2932549445279865e-05, "magnitude_min": -0.0001423584187341759}, "datetime": {"datetime": "2024-04-07 16:53:28", "elapsed": 438.04017, "delta": 6.384437}}
{"target": 25.44241685852304, "params": {"frequency_log": 3.3649136855348516, "gradient": 0.08456020384697514, "magnitude": 0.0005785555179318574, "magnitude_min": -0.0004619548829129386}, "datetime": {"datetime": "2024-04-07 16:53:39", "elapsed": 448.917816, "delta": 10.877646}}
{"target": 18.98413332120992, "params": {"frequency_log": 3.93476858627623, "gradient": 0.09684613929424883, "magnitude": 4.1777790450867856e-05, "magnitude_min": -0.00021139399289535224}, "datetime": {"datetime": "2024-04-07 16:53:43", "elapsed": 453.197301, "delta": 4.279485}}
{"target": 48.338931035894134, "params": {"frequency_log": 2.3927502952745368, "gradient": 0.15915450940054535, "magnitude": 0.00013723588375926334, "magnitude_min": -0.0004498703692288949}, "datetime": {"datetime": "2024-04-07 16:53:53", "elapsed": 462.943381, "delta": 9.74608}}
{"target": 36.62942306475803, "params": {"frequency_log": 2.1763732943663787, "gradient": 0.1503864932503301, "magnitude": 0.0003762217132187295, "magnitude_min": -0.0005759582277649115}, "datetime": {"datetime": "2024-04-07 16:54:06", "elapsed": 476.268842, "delta": 13.325461}}
{"target": 28.404792139438307, "params": {"frequency_log": 4.254656924068501, "gradient": 0.0969845240952752, "magnitude": 0.00013377392133237322, "magnitude_min": -0.0006748501582518841}, "datetime": {"datetime": "2024-04-07 16:54:13", "elapsed": 482.75077, "delta": 6.481928}}
{"target": 14.067112718000196, "params": {"frequency_log": 4.818101298199588, "gradient": 0.1763632986804471, "magnitude": 8.373100300561506e-05, "magnitude_min": -0.00020649316020854313}, "datetime": {"datetime": "2024-04-07 16:54:17", "elapsed": 486.873999, "delta": 4.123229}}
{"target": 24.038008525648, "params": {"frequency_log": 3.1896598818921205, "gradient": 0.16976581802194105, "magnitude": 0.00042593863957163567, "magnitude_min": -0.00037715722621426263}, "datetime": {"datetime": "2024-04-07 16:54:28", "elapsed": 497.624315, "delta": 10.750316}}
{"target": 26.425142862626778, "params": {"frequency_log": 3.1929866131560356, "gradient": 0.11193044567900153, "magnitude": 0.0003171084617633191, "magnitude_min": -0.0003895879803017126}, "datetime": {"datetime": "2024-04-07 16:54:37", "elapsed": 507.318679, "delta": 9.694364}}
{"target": 27.02383327084849, "params": {"frequency_log": 2.23477778078989, "gradient": 0.24541452522358015, "magnitude": 0.00046096243574658935, "magnitude_min": -0.00043967601294712407}, "datetime": {"datetime": "2024-04-07 16:54:58", "elapsed": 527.751357, "delta": 20.432678}}
{"target": 21.82723511860558, "params": {"frequency_log": 4.031896249031655, "gradient": 0.18334699237318103, "magnitude": 0.00047077979131522504, "magnitude_min": -0.00013302627513503212}, "datetime": {"datetime": "2024-04-07 16:55:04", "elapsed": 534.442213, "delta": 6.690856}}
{"target": 21.861103446988455, "params": {"frequency_log": 4.375764145386247, "gradient": 0.05554513634093745, "magnitude": 0.00017781620944401562, "magnitude_min": -0.0002974152331235964}, "datetime": {"datetime": "2024-04-07 16:55:10", "elapsed": 540.414295, "delta": 5.972082}}
{"target": 16.53811237201663, "params": {"frequency_log": 4.832915341963574, "gradient": 0.22422739374651315, "magnitude": 0.00016270848273813832, "magnitude_min": -0.00023242636124144955}, "datetime": {"datetime": "2024-04-07 16:55:15", "elapsed": 545.240253, "delta": 4.825958}}
{"target": 31.651182587543595, "params": {"frequency_log": 3.8025364909709047, "gradient": 0.2077957777377593, "magnitude": 6.277333983848541e-05, "magnitude_min": -0.00040952486808749954}, "datetime": {"datetime": "2024-04-07 16:55:22", "elapsed": 551.66813, "delta": 6.427877}}
{"target": 37.08252932485493, "params": {"frequency_log": 2.12419435711952, "gradient": 0.2150065064826924, "magnitude": 0.00030917386878037814, "magnitude_min": -0.00014217083651110382}, "datetime": {"datetime": "2024-04-07 16:55:39", "elapsed": 568.824609, "delta": 17.156479}}
{"target": 22.522753033329934, "params": {"frequency_log": 3.9712354882073413, "gradient": 0.11746158701659892, "magnitude": 0.0006526574101782373, "magnitude_min": -0.0003050249301100913}, "datetime": {"datetime": "2024-04-07 16:55:47", "elapsed": 577.437223, "delta": 8.612614}}
{"target": 14.639530407990888, "params": {"frequency_log": 4.455475200397798, "gradient": 0.28370425881357214, "magnitude": 0.00016219569298523358, "magnitude_min": -2.517234986804638e-05}, "datetime": {"datetime": "2024-04-07 16:55:52", "elapsed": 581.719661, "delta": 4.282438}}
{"target": 23.64188175924463, "params": {"frequency_log": 4.934264800793801, "gradient": 0.279721724314782, "magnitude": 0.0005593061826615621, "magnitude_min": -0.0005712789814548941}, "datetime": {"datetime": "2024-04-07 16:56:02", "elapsed": 592.209388, "delta": 10.489727}}
{"target": 47.052514700229544, "params": {"frequency_log": 2.8654802904998458, "gradient": 0.18223400033959522, "magnitude": 0.00021213146640678793, "magnitude_min": -0.0005093439537458222}, "datetime": {"datetime": "2024-04-07 16:56:12", "elapsed": 601.769381, "delta": 9.559993}}
{"target": 27.371946082662824, "params": {"frequency_log": 4.895981778868354, "gradient": 0.1787459658166953, "magnitude": 0.0003849598664152445, "magnitude_min": -0.0005621164222420453}, "datetime": {"datetime": "2024-04-07 16:56:21", "elapsed": 610.992557, "delta": 9.223176}}
{"target": 25.520111251088906, "params": {"frequency_log": 4.475685415228993, "gradient": 0.21929495756747838, "magnitude": 9.508932115275502e-05, "magnitude_min": -0.00041449093078655465}, "datetime": {"datetime": "2024-04-07 16:56:27", "elapsed": 617.026994, "delta": 6.034437}}
{"target": 21.694589661953348, "params": {"frequency_log": 3.6659468130670643, "gradient": 0.08690559390713476, "magnitude": 0.0002447196757986658, "magnitude_min": -0.0002880970982890407}, "datetime": {"datetime": "2024-04-07 16:56:34", "elapsed": 624.265485, "delta": 7.238491}}
{"target": 16.77981356104131, "params": {"frequency_log": 4.884412785062801, "gradient": 0.025811975009827903, "magnitude": 0.00010564407760107721, "magnitude_min": -0.00023416869674597432}, "datetime": {"datetime": "2024-04-07 16:56:38", "elapsed": 628.325349, "delta": 4.059864}}
{"target": 22.874667942157952, "params": {"frequency_log": 3.770432562060161, "gradient": 0.011071523826766948, "magnitude": 4.0726955261764065e-06, "magnitude_min": -0.0004586742454634607}, "datetime": {"datetime": "2024-04-07 16:56:44", "elapsed": 633.616467, "delta": 5.291118}}
{"target": 23.219064270952714, "params": {"frequency_log": 4.325458272440408, "gradient": 0.2258534869782346, "magnitude": 0.0006619883654350984, "magnitude_min": -0.0004445532058529642}, "datetime": {"datetime": "2024-04-07 16:56:53", "elapsed": 643.392097, "delta": 9.77563}}
{"target": 37.22121806863732, "params": {"frequency_log": 3.1757564250530765, "gradient": 0.06791216443400817, "magnitude": 0.0001317972005270658, "magnitude_min": -0.000597291392472383}, "datetime": {"datetime": "2024-04-07 16:57:01", "elapsed": 650.603889, "delta": 7.211792}}
{"target": 27.558725220223014, "params": {"frequency_log": 3.6731459603655683, "gradient": 0.03180453612037928, "magnitude": 0.00042305510862966655, "magnitude_min": -0.0005831683163174054}, "datetime": {"datetime": "2024-04-07 16:57:11", "elapsed": 661.082646, "delta": 10.478757}}
{"target": 18.46178757732134, "params": {"frequency_log": 2.992664327930231, "gradient": 0.2104172686378473, "magnitude": 0.00060687104041676, "magnitude_min": -1.635499121480674e-05}, "datetime": {"datetime": "2024-04-07 16:57:16", "elapsed": 666.366627, "delta": 5.283981}}
{"target": 21.611481928641478, "params": {"frequency_log": 3.4341945024265237, "gradient": 0.003546124857745958, "magnitude": 0.0002465942936064431, "magnitude_min": -0.00026607768592067137}, "datetime": {"datetime": "2024-04-07 16:57:24", "elapsed": 673.623372, "delta": 7.256745}}
{"target": 29.92959135591721, "params": {"frequency_log": 3.780635333884547, "gradient": 0.043814350383441926, "magnitude": 0.0002449238451301446, "magnitude_min": -0.0005655471835359714}, "datetime": {"datetime": "2024-04-07 16:57:32", "elapsed": 682.05559, "delta": 8.432218}}
{"target": 26.778532288760715, "params": {"frequency_log": 2.470850183684842, "gradient": 0.023683738463514514, "magnitude": 0.0003198656716939062, "magnitude_min": -0.00012532191462690304}, "datetime": {"datetime": "2024-04-07 16:57:40", "elapsed": 689.977034, "delta": 7.921444}}
{"target": 23.615712200079905, "params": {"frequency_log": 4.6382768909807535, "gradient": 0.2559949794600125, "magnitude": 0.0004934268492591321, "magnitude_min": -0.0002937489020925339}, "datetime": {"datetime": "2024-04-07 16:57:48", "elapsed": 698.154545, "delta": 8.177511}}
{"target": 20.077450291275696, "params": {"frequency_log": 2.2116479956095443, "gradient": 0.056292750868744384, "magnitude": 0.0005814118374501759, "magnitude_min": -0.00015868403354960924}, "datetime": {"datetime": "2024-04-07 16:57:56", "elapsed": 706.079344, "delta": 7.924799}}
{"target": 25.73923519430406, "params": {"frequency_log": 2.014106536923254, "gradient": 0.2592669476702769, "magnitude": 0.0005633575837390798, "magnitude_min": -0.0006434958507152792}, "datetime": {"datetime": "2024-04-07 16:58:25", "elapsed": 735.016537, "delta": 28.937193}}
