{"target": 24.147767350440176, "params": {"frequency_log": 2.7849977762545364, "gradient": 0.1570425933720163, "magnitude": 0.0003811703875182912, "magnitude_min": -0.00032987192592971433}, "datetime": {"datetime": "2024-04-07 16:58:36", "elapsed": 745.669903, "delta": 10.653366}}
{"target": 27.309130951416172, "params": {"frequency_log": 3.0140147841439955, "gradient": 0.22243805583632453, "magnitude": 0.00043223448289747226, "magnitude_min": -0.00022108592774932435}, "datetime": {"datetime": "2024-04-07 16:58:45", "elapsed": 755.125899, "delta": 9.455996}}
{"target": 21.9399341499896, "params": {"frequency_log": 4.554842049313253, "gradient": 0.09266417629431552, "magnitude": 0.00033642972113681364, "magnitude_min": -0.0003489787095029986}, "datetime": {"datetime": "2024-04-07 16:58:53", "elapsed": 762.978754, "delta": 7.852855}}
{"target": 22.359589513938715, "params": {"frequency_log": 2.8679766636379123, "gradient": 0.04564309125013833, "magnitude": 4.492505056796936e-05, "magnitude_min": -0.00023116857646605086}, "datetime": {"datetime": "2024-04-07 16:58:59", "elapsed": 768.9414, "delta": 5.962646}}
{"target": 19.444063671240556, "params": {"frequency_log": 4.539319808296442, "gradient": 0.06907049438983642, "magnitude": 0.0001938192392946716, "magnitude_min": -0.00012287214632561688}, "datetime": {"datetime": "2024-04-07 16:59:03", "elapsed": 772.920083, "delta": 3.978683}}
{"target": 24.339420857843542, "params": {"frequency_log": 3.8929280917688542, "gradient": 0.05473561272618199, "magnitude": 0.000543692233851954, "magnitude_min": -0.00026078526250461123}, "datetime": {"datetime": "2024-04-07 16:59:11", "elapsed": 781.168877, "delta": 8.248794}}
{"target": 25.004825504405698, "params": {"frequency_log": 2.9299706802444008, "gradient": 0.1911928592604978, "magnitude": 0.0006364371324837683, "magnitude_min": -0.0004080145163098844}, "datetime": {"datetime": "2024-04-07 16:59:22", "elapsed": 791.87631, "delta": 10.707433}}
{"target": 21.006943150581158, "params": {"frequency_log": 4.774890950971145, "gradient": 0.27760036423103096, "magnitude": 0.0003714355137110502, "magnitude_min": -0.0001646071336164431}, "datetime": {"datetime": "2024-04-07 16:59:28", "elapsed": 798.454974, "delta": 6.578664}}
{"target": 29.32570915273205, "params": {"frequency_log": 4.456143835518917, "gradient": 0.2899952515139894, "magnitude": 0.0002695460249822533, "magnitude_min": -0.000358964426517315}, "datetime": {"datetime": "2024-04-07 16:59:36", "elapsed": 806.486107, "delta": 8.031133}}
{"target": 18.024785856162474, "params": {"frequency_log": 4.315409595388715, "gradient": 0.15657708444554297, "magnitude": 0.0006623881905695241, "magnitude_min": -1.5259592819027914e-05}, "datetime": {"datetime": "2024-04-07 16:59:41", "elapsed": 811.149919, "delta": 4.663812}}
{"target": 20.606847314154855, "params": {"frequency_log": 4.785592503818811, "gradient": 0.01612114087792029, "magnitude": 0.0004747306111938345, "magnitude_min": -0.00015641021693935304}, "datetime": {"datetime": "2024-04-07 16:59:47", "elapsed": 817.290602, "delta": 6.140683}}
{"target": 26.23155340221495, "params": {"frequency_log": 2.8424647444317466, "gradient": 0.21816243253202017, "magnitude": 0.0004195901480883364, "magnitude_min": -0.0004672108589273994}, "datetime": {"datetime": "2024-04-07 17:00:00", "elapsed": 830.067247, "delta": 12.776645}}
{"target": 28.959816499520016, "params": {"frequency_log": 2.0404480026585925, "gradient": 0.1184074232455916, "magnitude": 0.0005127406382836388, "magnitude_min": -0.0006794427294002872}, "datetime": {"datetime": "2024-04-07 17:00:13", "elapsed": 843.553941, "delta": 13.486694}}
{"target": 22.22648615030069, "params": {"frequency_log": 4.078625245121572, "gradient": 0.04981144275542364, "magnitude": 0.000311376556071079, "magnitude_min": -0.0003589404732661539}, "datetime": {"datetime": "2024-04-07 17:00:22", "elapsed": 851.799585, "delta": 8.245644}}
{"target": 24.022473332119045, "params": {"frequency_log": 3.8756638451670353, "gradient": 0.04847249050355031, "magnitude": 0.00048486927394253415, "magnitude_min": -0.00040105831045825647}, "datetime": {"datetime": "2024-04-07 17:00:32", "elapsed": 862.053564, "delta": 10.253979}}
{"target": 14.31915177068166, "params": {"frequency_log": 3.423210595219674, "gradient": 0.2449949181010366, "magnitude": 7.995674390029796e-05, "magnitude_min": -6.179733431393021e-06}, "datetime": {"datetime": "2024-04-07 17:00:38", "elapsed": 868.276799, "delta": 6.223235}}
{"target": 24.77495567260378, "params": {"frequency_log": 3.2831000631628577, "gradient": 0.19970710677386241, "magnitude": 0.0005204813128459834, "magnitude_min": -0.0005704663669479454}, "datetime": {"datetime": "2024-04-07 17:00:52", "elapsed": 882.393024, "delta": 14.116225}}
{"target": 25.48880876931179, "params": {"frequency_log": 3.058752593684626, "gradient": 0.05403748008658704, "magnitude": 0.0006950596372109835, "magnitude_min": -0.0005703771225716278}, "datetime": {"datetime": "2024-04-07 17:01:04", "elapsed": 893.644413, "delta": 11.251389}}
{"target": 23.443546410156266, "params": {"frequency_log": 4.318562978870165, "gradient": 0.22810840646740516, "magnitude": 0.00038729020408104995, "magnitude_min": -0.00017058895669145625}, "datetime": {"datetime": "2024-04-07 17:01:12", "elapsed": 901.662687, "delta": 8.018274}}
{"target": 29.09268710734233, "params": {"frequency_log": 3.7578902417982754, "gradient": 0.28316915746447835, "magnitude": 0.0005261371700456122, "magnitude_min": -0.0006923863494831901}, "datetime": {"datetime": "2024-04-07 17:01:26", "elapsed": 916.473074, "delta": 14.810387}}
{"target": 21.648643274856767, "params": {"frequency_log": 3.42171650755713, "gradient": 0.034873371137038145, "magnitude": 0.0006905607494940789, "magnitude_min": -0.0003362944265669148}, "datetime": {"datetime": "2024-04-07 17:01:38", "elapsed": 927.944281, "delta": 11.471207}}
{"target": 25.05698804967382, "params": {"frequency_log": 2.7047726297820827, "gradient": 0.08311488183251926, "magnitude": 0.000551915566901283, "magnitude_min": -0.0004389788646242627}, "datetime": {"datetime": "2024-04-07 17:01:52", "elapsed": 942.125578, "delta": 14.181297}}
{"target": 35.82263030221756, "params": {"frequency_log": 3.6707067323790525, "gradient": 0.23521728449137894, "magnitude": 5.614071471342719e-05, "magnitude_min": -0.00036994002495042077}, "datetime": {"datetime": "2024-04-07 17:02:00", "elapsed": 950.299989, "delta": 8.174411}}
{"target": 28.950665703079274, "params": {"frequency_log": 2.2759396060347847, "gradient": 0.2623785946632239, "magnitude": 0.0003669778087994476, "magnitude_min": -0.0004327340483266698}, "datetime": {"datetime": "2024-04-07 17:02:29", "elapsed": 979.196126, "delta": 28.896137}}
{"target": 29.957254619961734, "params": {"frequency_log": 3.7844294860356795, "gradient": 0.00998207287186339, "magnitude": 0.0002549518285555999, "magnitude_min": -0.0006709961807519224}, "datetime": {"datetime": "2024-04-07 17:02:39", "elapsed": 989.173242, "delta": 9.977116}}
{"target": 48.96062968858587, "params": {"frequency_log": 2.0445918695563314, "gradient": 0.25936915423209794, "magnitude": 0.00014635427966971915, "magnitude_min": -0.00030669850787636216}, "datetime": {"datetime": "2024-04-07 17:03:31", "elapsed": 1041.106088, "delta": 51.932846}}
{"target": 23.16921116488987, "params": {"frequency_log": 3.321714809841038, "gradient": 0.05710213822947961, "magnitude": 0.00023947733381541095, "magnitude_min": -0.00028621437528607123}, "datetime": {"datetime": "2024-04-07 17:03:40", "elapsed": 1049.670755, "delta": 8.564667}}
{"target": 28.285850203985223, "params": {"frequency_log": 3.950824795528986, "gradient": 0.009433160062544266, "magnitude": 0.0004022724058154721, "magnitude_min": -0.0005762930746770339}, "datetime": {"datetime": "2024-04-07 17:03:51", "elapsed": 1061.044164, "delta": 11.373409}}
