{"target": 84.13819041771396, "params": {"frequency_log": 2.037858592136869, "gradient": 0.28121234332034784, "magnitude": 0.0002882919413825165, "magnitude_min": -0.0002810473528286025}, "datetime": {"datetime": "2024-04-07 17:13:22", "elapsed": 1631.933995, "delta": 43.637247}}
{"target": 39.02708104736537, "params": {"frequency_log": 4.9096841435043, "gradient": 0.29711997904703086, "magnitude": 0.0005359907636697488, "magnitude_min": -0.0006204566967604999}, "datetime": {"datetime": "2024-04-07 17:13:29", "elapsed": 1638.896524, "delta": 6.962529}}
{"target": 54.369682833241434, "params": {"frequency_log": 2.0000123337645475, "gradient": 0.09948437268307712, "magnitude": 0.0005687931930270152, "magnitude_min": -0.0005209550223410033}, "datetime": {"datetime": "2024-04-07 17:13:38", "elapsed": 1647.508663, "delta": 8.612139}}
{"target": 43.57489662958212, "params": {"frequency_log": 2.0306497197357505, "gradient": 0.28322096264853364, "magnitude": 9.786778009228384e-05, "magnitude_min": -4.355958313729104e-05}, "datetime": {"datetime": "2024-04-07 17:14:31", "elapsed": 1700.877568, "delta": 53.368905}}
{"target": 48.5480243563365, "params": {"frequency_log": 2.037516738654365, "gradient": 0.2782154184846819, "magnitude": 0.0006794595318140982, "magnitude_min": -0.0004220398110218537}, "datetime": {"datetime": "2024-04-07 17:14:49", "elapsed": 1718.856479, "delta": 17.978911}}
{"target": 43.249488191924385, "params": {"frequency_log": 2.049439511678601, "gradient": 0.28867399318282294, "magnitude": 0.0001483889238237066, "magnitude_min": -0.0006305437889833421}, "datetime": {"datetime": "2024-04-07 17:15:22", "elapsed": 1751.209539, "delta": 32.35306}}
{"target": 26.526679226805125, "params": {"frequency_log": 2.9516610950408086, "gradient": 0.13037071661983873, "magnitude": 0.0006384943200676877, "magnitude_min": -8.277935753785257e-05}, "datetime": {"datetime": "2024-04-07 17:15:26", "elapsed": 1755.272511, "delta": 4.062972}}
{"target": 27.220858659626543, "params": {"frequency_log": 2.8472304096064063, "gradient": 0.21148079399530503, "magnitude": 0.000653530799090552, "magnitude_min": -5.9078499670269305e-05}, "datetime": {"datetime": "2024-04-07 17:15:30", "elapsed": 1759.474223, "delta": 4.201712}}
{"target": 40.737370853195905, "params": {"frequency_log": 2.0287917764207255, "gradient": 0.28204439986466545, "magnitude": 0.00010540235891407735, "magnitude_min": -0.000602311749066688}, "datetime": {"datetime": "2024-04-07 17:16:01", "elapsed": 1790.814535, "delta": 31.340312}}
{"target": 57.707010641631385, "params": {"frequency_log": 3.1565460703356494, "gradient": 0.25124142987420695, "magnitude": 0.00017434059732739058, "magnitude_min": -0.00019833454984631202}, "datetime": {"datetime": "2024-04-07 17:16:08", "elapsed": 1797.263062, "delta": 6.448527}}
{"target": 41.19488091836601, "params": {"frequency_log": 2.0021686882574845, "gradient": 0.11776756790529574, "magnitude": 0.00011543675483991851, "magnitude_min": -0.0005842290645820042}, "datetime": {"datetime": "2024-04-07 17:16:14", "elapsed": 1803.984281, "delta": 6.721219}}
{"target": 23.58540992357139, "params": {"frequency_log": 3.6891323909098785, "gradient": 0.07454863282360605, "magnitude": 2.9766437086850928e-05, "magnitude_min": -0.00048803786163368994}, "datetime": {"datetime": "2024-04-07 17:16:18", "elapsed": 1807.833626, "delta": 3.849345}}
{"target": 42.2646743300493, "params": {"frequency_log": 3.770087333405573, "gradient": 0.1699903964556479, "magnitude": 0.0004289499262440272, "magnitude_min": -0.0005523278037366678}, "datetime": {"datetime": "2024-04-07 17:16:25", "elapsed": 1814.887637, "delta": 7.054011}}
{"target": 36.99285440495007, "params": {"frequency_log": 2.0316293911113923, "gradient": 0.2735162594330957, "magnitude": 0.00011241003515698536, "magnitude_min": -0.0006925153315240676}, "datetime": {"datetime": "2024-04-07 17:16:47", "elapsed": 1836.597418, "delta": 21.709781}}
{"target": 72.31070220818214, "params": {"frequency_log": 2.0312264643088644, "gradient": 0.27563364048219113, "magnitude": 0.00024942220643303225, "magnitude_min": -0.000387423908481555}, "datetime": {"datetime": "2024-04-07 17:17:22", "elapsed": 1871.185008, "delta": 34.58759}}
{"target": 39.55283904188597, "params": {"frequency_log": 4.203474193408907, "gradient": 0.16413500143470622, "magnitude": 0.000526530053803172, "magnitude_min": -0.0005930536347901533}, "datetime": {"datetime": "2024-04-07 17:17:29", "elapsed": 1878.551049, "delta": 7.366041}}
{"target": 25.10229346634848, "params": {"frequency_log": 2.6828545172882334, "gradient": 0.290114283616657, "magnitude": 0.0006783151064691751, "magnitude_min": -4.050061762240088e-06}, "datetime": {"datetime": "2024-04-07 17:17:34", "elapsed": 1883.548654, "delta": 4.997605}}
{"target": 48.078407163759515, "params": {"frequency_log": 2.0372489433838608, "gradient": 0.2815942959349317, "magnitude": 0.00047124590709439625, "magnitude_min": -0.00019740034849407228}, "datetime": {"datetime": "2024-04-07 17:17:57", "elapsed": 1907.106817, "delta": 23.558163}}
{"target": 25.322434409949103, "params": {"frequency_log": 4.163963422477215, "gradient": 0.060999908047946236, "magnitude": 0.00011370651051085249, "magnitude_min": -0.0004837102327285591}, "datetime": {"datetime": "2024-04-07 17:18:02", "elapsed": 1911.549077, "delta": 4.44226}}
{"target": 66.87631655861944, "params": {"frequency_log": 2.03884900133194, "gradient": 0.2833747465471722, "magnitude": 0.0003734560468690255, "magnitude_min": -0.0004527622450545274}, "datetime": {"datetime": "2024-04-07 17:18:36", "elapsed": 1946.130226, "delta": 34.581149}}
{"target": 47.61719812938395, "params": {"frequency_log": 3.4671975756767814, "gradient": 0.28017334829262885, "magnitude": 0.00047049074438231, "magnitude_min": -0.0006045583759978372}, "datetime": {"datetime": "2024-04-07 17:18:45", "elapsed": 1954.191894, "delta": 8.061668}}
{"target": 39.03459996122375, "params": {"frequency_log": 4.505256248148634, "gradient": 0.21432906265578333, "magnitude": 0.0005963454953741629, "magnitude_min": -0.0006857858565755684}, "datetime": {"datetime": "2024-04-07 17:18:52", "elapsed": 1961.796059, "delta": 7.604165}}
{"target": 50.42047764917473, "params": {"frequency_log": 2.3158110431496635, "gradient": 0.04490174474334475, "magnitude": 0.00035409322789757775, "magnitude_min": -0.0003985015148793805}, "datetime": {"datetime": "2024-04-07 17:19:00", "elapsed": 1969.368688, "delta": 7.572629}}
{"target": 43.74713468285255, "params": {"frequency_log": 3.5620784104003302, "gradient": 0.2576074487119921, "magnitude": 0.0004415831740297608, "magnitude_min": -0.0006754295891182945}, "datetime": {"datetime": "2024-04-07 17:19:07", "elapsed": 1977.153726, "delta": 7.785038}}
{"target": 60.80652387457231, "params": {"frequency_log": 2.0038544290675895, "gradient": 0.11889056718750725, "magnitude": 0.00032625069808166646, "magnitude_min": -0.0001801806770420889}, "datetime": {"datetime": "2024-04-07 17:19:15", "elapsed": 1984.684872, "delta": 7.531146}}
{"target": 55.15010969423593, "params": {"frequency_log": 2.513291737768343, "gradient": 0.22087697353222097, "magnitude": 0.00013789758450856131, "magnitude_min": -0.0003771400765220954}, "datetime": {"datetime": "2024-04-07 17:19:24", "elapsed": 1993.447582, "delta": 8.76271}}
{"target": 50.56854612062658, "params": {"frequency_log": 2.004403944271573, "gradient": 0.11760460002178665, "magnitude": 0.0005238563178970354, "magnitude_min": -0.00032692450547413084}, "datetime": {"datetime": "2024-04-07 17:19:32", "elapsed": 2001.410221, "delta": 7.962639}}
{"target": 49.03184207085493, "params": {"frequency_log": 2.0554451043321267, "gradient": 0.005061809397870975, "magnitude": 0.0005988897195273882, "magnitude_min": -0.0006781765476669022}, "datetime": {"datetime": "2024-04-07 17:19:42", "elapsed": 2011.71481, "delta": 10.304589}}
