{"target": 60.20363198855384, "params": {"frequency_log": 2.0, "gradient": 0.1, "magnitude": 0.0002, "magnitude_min": -0.00035}, "datetime": {"datetime": "2024-04-07 16:46:10", "elapsed": 0.0, "delta": 0.0}}
{"target": 32.71199920578111, "params": {"frequency_log": 3.049158724152075, "gradient": 0.020684586962122654, "magnitude": 0.0004942479803076958, "magnitude_min": -0.00021819643348799808}, "datetime": {"datetime": "2024-04-07 16:46:18", "elapsed": 7.505142, "delta": 7.505142}}
{"target": 27.72399406059042, "params": {"frequency_log": 4.995909741747886, "gradient": 0.05714560493834052, "magnitude": 0.0004637843323930433, "magnitude_min": -0.0004209947767455677}, "datetime": {"datetime": "2024-04-07 16:46:27", "elapsed": 16.290129, "delta": 8.784987}}
{"target": 22.538531462014305, "params": {"frequency_log": 4.724532660755589, "gradient": 0.09238256290945991, "magnitude": 0.0002643423382953219, "magnitude_min": -0.0003272058690685398}, "datetime": {"datetime": "2024-04-07 16:46:32", "elapsed": 22.111572, "delta": 5.821443}}
{"target": 22.349482106504713, "params": {"frequency_log": 4.010304551863198, "gradient": 0.15407871607466125, "magnitude": 6.320088808224566e-05, "magnitude_min": -0.0003094177276619266}, "datetime": {"datetime": "2024-04-07 16:46:38", "elapsed": 27.221102, "delta": 5.10953}}
{"target": 24.658469482534787, "params": {"frequency_log": 4.796333057948653, "gradient": 0.25531447320799655, "magnitude": 7.233069946262812e-05, "magnitude_min": -0.0005426235351565292}, "datetime": {"datetime": "2024-04-07 16:46:43", "elapsed": 32.665611, "delta": 5.444509}}
{"target": 53.3206198361537, "params": {"frequency_log": 2.0, "gradient": 0.3, "magnitude": 0.0007, "magnitude_min": -0.0007}, "datetime": {"datetime": "2024-04-07 16:47:31", "elapsed": 80.640266, "delta": 47.974655}}
{"target": 34.89966958232676, "params": {"frequency_log": 2.2895951430110673, "gradient": 0.0014100398049000206, "magnitude": 0.000639335912991998, "magnitude_min": -0.00020819789503752123}, "datetime": {"datetime": "2024-04-07 16:47:39", "elapsed": 88.917373, "delta": 8.277107}}
{"target": 52.63700997651561, "params": {"frequency_log": 2.0029238351646033, "gradient": 0.08669441824400297, "magnitude": 0.00047297573580670505, "magnitude_min": -0.0006549692645551161}, "datetime": {"datetime": "2024-04-07 16:47:53", "elapsed": 102.255339, "delta": 13.337966}}
{"target": 22.35780819584771, "params": {"frequency_log": 4.236962195419556, "gradient": 0.032110898434790654, "magnitude": 0.00017240804378217315, "magnitude_min": -0.00037941023394016254}, "datetime": {"datetime": "2024-04-07 16:47:59", "elapsed": 109.145142, "delta": 6.889803}}
{"target": 45.31767031007444, "params": {"frequency_log": 2.0209422700780793, "gradient": 0.12272905039273511, "magnitude": 0.0006371978721895857, "magnitude_min": -0.00027048372139461973}, "datetime": {"datetime": "2024-04-07 16:48:10", "elapsed": 119.784915, "delta": 10.639773}}
{"target": 73.03896733534285, "params": {"frequency_log": 2.0290185669104144, "gradient": 0.28311794675041063, "magnitude": 4.492841228887723e-05, "magnitude_min": -0.00018257839681723356}, "datetime": {"datetime": "2024-04-07 16:49:25", "elapsed": 194.386635, "delta": 74.60172}}
{"target": 48.25220747851375, "params": {"frequency_log": 2.028640840911578, "gradient": 0.2552327953482658, "magnitude": 0.000683286058230715, "magnitude_min": -0.0004090226835289118}, "datetime": {"datetime": "2024-04-07 16:49:46", "elapsed": 215.957806, "delta": 21.571171}}
{"target": 42.132297368256495, "params": {"frequency_log": 3.743315746458606, "gradient": 0.17012285407553468, "magnitude": 0.0005489015999019094, "magnitude_min": -0.0006029559782318356}, "datetime": {"datetime": "2024-04-07 16:49:58", "elapsed": 227.775113, "delta": 11.817307}}
{"target": 37.74439495236378, "params": {"frequency_log": 3.7303167805557664, "gradient": 0.034212296739137206, "magnitude": 0.00048126083387947525, "magnitude_min": -0.00044865311996798783}, "datetime": {"datetime": "2024-04-07 16:50:10", "elapsed": 240.01087, "delta": 12.235757}}
{"target": 55.414755236483835, "params": {"frequency_log": 2.0487324157211777, "gradient": 0.2893967516748864, "magnitude": 0.0006142341391515863, "magnitude_min": -0.0005846921823005496}, "datetime": {"datetime": "2024-04-07 16:50:52", "elapsed": 281.745581, "delta": 41.734711}}
{"target": 37.91059092552094, "params": {"frequency_log": 2.022671252863056, "gradient": 0.1242228197748454, "magnitude": 0.0006410603552269059, "magnitude_min": -0.00017024891495911413}, "datetime": {"datetime": "2024-04-07 16:51:01", "elapsed": 290.568, "delta": 8.822419}}
{"target": 71.90699236990561, "params": {"frequency_log": 2.0364408298393224, "gradient": 0.2829720233303816, "magnitude": 0.00035195963148901835, "magnitude_min": -0.00037656743956625803}, "datetime": {"datetime": "2024-04-07 16:51:56", "elapsed": 345.323518, "delta": 54.755518}}
{"target": 61.82657720887293, "params": {"frequency_log": 2.031012763168791, "gradient": 0.2914487509053915, "magnitude": 0.0003575714474248386, "magnitude_min": -0.00020198883026358993}, "datetime": {"datetime": "2024-04-07 16:52:52", "elapsed": 402.036179, "delta": 56.712661}}
{"target": 36.39042415506305, "params": {"frequency_log": 2.9388947364154503, "gradient": 0.09720760849210766, "magnitude": 0.00012251971174880548, "magnitude_min": -0.0005207528319869263}, "datetime": {"datetime": "2024-04-07 16:53:00", "elapsed": 409.893406, "delta": 7.857227}}
{"target": 42.03296860909778, "params": {"frequency_log": 3.4885919030772925, "gradient": 0.13766952270161478, "magnitude": 0.0005534779920548468, "magnitude_min": -0.0005316437060265537}, "datetime": {"datetime": "2024-04-07 16:53:12", "elapsed": 421.459957, "delta": 11.566551}}
{"target": 45.42031616947919, "params": {"frequency_log": 3.1452113049675363, "gradient": 0.12450902039936507, "magnitude": 0.0002911885903736074, "magnitude_min": -0.0004209543775922046}, "datetime": {"datetime": "2024-04-07 16:53:22", "elapsed": 431.45654, "delta": 9.996583}}
{"target": 63.33999535683805, "params": {"frequency_log": 2.0305764937813744, "gradient": 0.27578975301890457, "magnitude": 6.514948497235524e-05, "magnitude_min": -0.00032957750135292506}, "datetime": {"datetime": "2024-04-07 16:54:16", "elapsed": 486.098011, "delta": 54.641471}}
{"target": 15.874668449878111, "params": {"frequency_log": 4.989900308001404, "gradient": 0.07189844305339567, "magnitude": 8.557482895730501e-05, "magnitude_min": -2.2346013999195702e-05}, "datetime": {"datetime": "2024-04-07 16:54:20", "elapsed": 490.101014, "delta": 4.003003}}
{"target": 38.11632972484714, "params": {"frequency_log": 2.0165647681750403, "gradient": 0.2851835130339005, "magnitude": 3.0516179172077684e-05, "magnitude_min": -0.0005172304393482943}, "datetime": {"datetime": "2024-04-07 16:54:59", "elapsed": 529.034254, "delta": 38.93324}}
{"target": 42.53040996629774, "params": {"frequency_log": 2.0177775716718225, "gradient": 0.1023944545992718, "magnitude": 8.064116759906032e-05, "magnitude_min": -0.0004788581431996764}, "datetime": {"datetime": "2024-04-07 16:55:09", "elapsed": 538.396832, "delta": 9.362578}}
{"target": 50.689368969317556, "params": {"frequency_log": 2.0434629523219012, "gradient": 0.2751772593113933, "magnitude": 8.345732194764706e-05, "magnitude_min": -0.0004466802262331382}, "datetime": {"datetime": "2024-04-07 16:55:52", "elapsed": 582.112026, "delta": 43.715194}}
{"target": 45.743774082335584, "params": {"frequency_log": 2.836976136621353, "gradient": 0.18914885027586362, "magnitude": 0.0004551650669641441, "magnitude_min": -0.00029890601048807844}, "datetime": {"datetime": "2024-04-07 16:56:03", "elapsed": 592.323176, "delta": 10.21115}}
{"target": 41.70547077687003, "params": {"frequency_log": 3.7693394061003502, "gradient": 0.14452793681831708, "magnitude": 0.0006284872439237623, "magnitude_min": -0.000632169564144159}, "datetime": {"datetime": "2024-04-07 16:56:14", "elapsed": 603.512715, "delta": 11.189539}}
{"target": 38.40946417908271, "params": {"frequency_log": 4.4719068900342585, "gradient": 0.14439744492245934, "magnitude": 0.0004678713886688379, "magnitude_min": -0.0006517876039862475}, "datetime": {"datetime": "2024-04-07 16:56:25", "elapsed": 614.520752, "delta": 11.008037}}
{"target": 64.14906800838503, "params": {"frequency_log": 2.0040449494407113, "gradient": 0.11657770736793921, "magnitude": 0.0002583104011509791, "magnitude_min": -0.0001569251387428444}, "datetime": {"datetime": "2024-04-07 16:56:35", "elapsed": 625.167158, "delta": 10.646406}}
{"target": 34.35728653092462, "params": {"frequency_log": 2.00724601146243, "gradient": 0.10926672479880593, "magnitude": 5.4807614250683634e-05, "magnitude_min": -0.000603821636506802}, "datetime": {"datetime": "2024-04-07 16:56:44", "elapsed": 633.739135, "delta": 8.571977}}
{"target": 42.570765569152705, "params": {"frequency_log": 2.857926731543017, "gradient": 0.19373798553525975, "magnitude": 0.00011539745908562351, "magnitude_min": -0.0004639938054116173}, "datetime": {"datetime": "2024-04-07 16:56:53", "elapsed": 642.340602, "delta": 8.601467}}
{"target": 27.112344539757142, "params": {"frequency_log": 4.851532822258513, "gradient": 0.2599579192074689, "magnitude": 0.0005343714262850677, "magnitude_min": -0.000244892672050821}, "datetime": {"datetime": "2024-04-07 16:57:00", "elapsed": 649.856837, "delta": 7.516235}}
{"target": 56.494138465968476, "params": {"frequency_log": 2.03940385714614, "gradient": 0.28528851231968755, "magnitude": 9.309581410156439e-05, "magnitude_min": -0.0004067181284168059}, "datetime": {"datetime": "2024-04-07 16:58:00", "elapsed": 710.083652, "delta": 60.226815}}
{"target": 36.80159605671553, "params": {"frequency_log": 3.9473448815825893, "gradient": 0.23133180328441907, "magnitude": 0.0006557591769605938, "magnitude_min": -0.00046820545512765634}, "datetime": {"datetime": "2024-04-07 16:58:11", "elapsed": 720.454833, "delta": 10.371181}}
{"target": 24.07441891672328, "params": {"frequency_log": 4.758134974833809, "gradient": 0.051388005839005366, "magnitude": 0.00022656832263122614, "magnitude_min": -0.0004737250071529297}, "datetime": {"datetime": "2024-04-07 16:58:18", "elapsed": 727.591475, "delta": 7.136642}}
{"target": 35.69081498463179, "params": {"frequency_log": 2.1111799838054144, "gradient": 0.003873052827925627, "magnitude": 8.086497040234172e-05, "magnitude_min": -0.0005063710128698877}, "datetime": {"datetime": "2024-04-07 16:58:26", "elapsed": 735.698448, "delta": 8.106973}}
{"target": 14.111926092935327, "params": {"frequency_log": 4.35392626706705, "gradient": 0.2701667495891075, "magnitude": 0.00019006694985727573, "magnitude_min": -4.7545392058780805e-05}, "datetime": {"datetime": "2024-04-07 16:58:31", "elapsed": 740.243881, "delta": 4.545433}}
{"target": 46.921465181811314, "params": {"frequency_log": 2.0345138639493423, "gradient": 0.27839483028958867, "magnitude": 0.0004319120358436958, "magnitude_min": -0.00012936612410491038}, "datetime": {"datetime": "2024-04-07 16:59:02", "elapsed": 772.065339, "delta": 31.821458}}
{"target": 42.3199465721758, "params": {"frequency_log": 2.0337382618795896, "gradient": 0.2856617544395962, "magnitude": 0.0005132998987269088, "magnitude_min": -0.00013999988208610124}, "datetime": {"datetime": "2024-04-07 16:59:36", "elapsed": 805.955676, "delta": 33.890337}}
{"target": 30.90378379657326, "params": {"frequency_log": 4.336258781926269, "gradient": 0.11850465414915361, "magnitude": 0.00022220652809132793, "magnitude_min": -0.0005630186148869525}, "datetime": {"datetime": "2024-04-07 16:59:44", "elapsed": 813.950203, "delta": 7.994527}}
{"target": 38.56667608845912, "params": {"frequency_log": 4.276462312302316, "gradient": 0.29084374495444976, "magnitude": 0.0002931128012618154, "magnitude_min": -0.000605637917184073}, "datetime": {"datetime": "2024-04-07 16:59:54", "elapsed": 823.477304, "delta": 9.527101}}
{"target": 36.69326640110777, "params": {"frequency_log": 3.5014456801674934, "gradient": 0.15050481742535446, "magnitude": 0.0002549820941928701, "magnitude_min": -0.0006737335886959639}, "datetime": {"datetime": "2024-04-07 17:00:03", "elapsed": 832.472677, "delta": 8.995373}}
{"target": 57.41185403856834, "params": {"frequency_log": 2.029977000020679, "gradient": 0.2787111792654046, "magnitude": 0.0004892488861267648, "magnitude_min": -0.0003668025280270919}, "datetime": {"datetime": "2024-04-07 17:00:49", "elapsed": 878.805313, "delta": 46.332636}}
{"target": 84.89890594661969, "params": {"frequency_log": 2.031101965884328, "gradient": 0.28226849775244395, "magnitude": 0.0002519987233917142, "magnitude_min": -0.0002709633482632531}, "datetime": {"datetime": "2024-04-07 17:02:08", "elapsed": 957.99474, "delta": 79.189427}}
{"target": 53.98210487592909, "params": {"frequency_log": 2.03116445390056, "gradient": 0.2727740127109266, "magnitude": 0.0004212712832860187, "magnitude_min": -0.00020356167181664506}, "datetime": {"datetime": "2024-04-07 17:02:54", "elapsed": 1003.986804, "delta": 45.992064}}
{"target": 29.94319316438863, "params": {"frequency_log": 4.78759679919038, "gradient": 0.10017648454209971, "magnitude": 0.0005489625332874816, "magnitude_min": -0.0003405829057014809}, "datetime": {"datetime": "2024-04-07 17:03:04", "elapsed": 1013.622221, "delta": 9.635417}}
{"target": 50.6305833358837, "params": {"frequency_log": 2.0006086921335164, "gradient": 0.11759342486900713, "magnitude": 0.0003492590744994885, "magnitude_min": -0.0006485079171101311}, "datetime": {"datetime": "2024-04-07 17:03:19", "elapsed": 1028.475552, "delta": 14.853331}}
{"target": 39.317610780857756, "params": {"frequency_log": 4.502094147191743, "gradient": 0.17998369172964987, "magnitude": 0.000663094609482255, "magnitude_min": -0.0006733954148287789}, "datetime": {"datetime": "2024-04-07 17:03:31", "elapsed": 1040.78476, "delta": 12.309208}}
{"target": 35.99609263191192, "params": {"frequency_log": 3.6832167398588047, "gradient": 0.13124134230735773, "magnitude": 0.0006644533322713957, "magnitude_min": -0.00038296750454572113}, "datetime": {"datetime": "2024-04-07 17:03:42", "elapsed": 1051.604105, "delta": 10.819345}}
{"target": 60.92741961720981, "params": {"frequency_log": 2.02560797735574, "gradient": 0.28198119751834844, "magnitude": 0.00021593955099475927, "magnitude_min": -0.0004276451338988893}, "datetime": {"datetime": "2024-04-07 17:04:50", "elapsed": 1119.825452, "delta": 68.221347}}
{"target": 65.19540157996616, "params": {"frequency_log": 2.0367115703429866, "gradient": 0.28038449797718684, "magnitude": 0.00038230786455672913, "magnitude_min": -0.00025611618641694267}, "datetime": {"datetime": "2024-04-07 17:05:43", "elapsed": 1173.067115, "delta": 53.241663}}
{"target": 35.00864693695849, "params": {"frequency_log": 3.3033666625163223, "gradient": 0.22711196418906118, "magnitude": 0.0005698191670840792, "magnitude_min": -0.00024833024316476345}, "datetime": {"datetime": "2024-04-07 17:05:53", "elapsed": 1182.274915, "delta": 9.2078}}
{"target": 49.75849342803055, "params": {"frequency_log": 2.0295656185580824, "gradient": 0.28282495306385197, "magnitude": 0.0006689760853051925, "magnitude_min": -0.0005039745288289826}, "datetime": {"datetime": "2024-04-07 17:06:29", "elapsed": 1218.986182, "delta": 36.711267}}
{"target": 32.412792920696106, "params": {"frequency_log": 3.059254420800764, "gradient": 0.24823829254102794, "magnitude": 7.878372984283533e-05, "magnitude_min": -6.480364652829834e-05}, "datetime": {"datetime": "2024-04-07 17:06:35", "elapsed": 1224.375779, "delta": 5.389597}}
{"target": 53.432125564962874, "params": {"frequency_log": 2.004487655971879, "gradient": 0.11552261302366394, "magnitude": 2.1402876386448776e-05, "magnitude_min": -0.0002641513697714622}, "datetime": {"datetime": "2024-04-07 17:06:41", "elapsed": 1230.813901, "delta": 6.438122}}
{"target": 45.742470109359125, "params": {"frequency_log": 2.7711960719543907, "gradient": 0.08410721255295074, "magnitude": 0.0005771036983368649, "magnitude_min": -0.0006313740957032766}, "datetime": {"datetime": "2024-04-07 17:06:50", "elapsed": 1239.205254, "delta": 8.391353}}
{"target": 54.56297230251051, "params": {"frequency_log": 2.0416720013343843, "gradient": 0.2853525933040908, "magnitude": 0.0005399973378930709, "magnitude_min": -0.0004316506091252345}, "datetime": {"datetime": "2024-04-07 17:07:15", "elapsed": 1264.839045, "delta": 25.633791}}
{"target": 75.7307164652857, "params": {"frequency_log": 2.0355165996205344, "gradient": 0.28372251163557105, "magnitude": 0.00013374956763323396, "magnitude_min": -0.0002537336544052735}, "datetime": {"datetime": "2024-04-07 17:08:04", "elapsed": 1313.241513, "delta": 48.402468}}
{"target": 45.182572191335765, "params": {"frequency_log": 2.033234861233322, "gradient": 0.28335350936693776, "magnitude": 0.0006470727208128098, "magnitude_min": -0.000274053334972136}, "datetime": {"datetime": "2024-04-07 17:08:23", "elapsed": 1332.598055, "delta": 19.356542}}
{"target": 61.78335407486616, "params": {"frequency_log": 2.0385085142018533, "gradient": 0.2843024477245162, "magnitude": 0.00045820967346301415, "magnitude_min": -0.0003862903028104352}, "datetime": {"datetime": "2024-04-07 17:08:49", "elapsed": 1358.177134, "delta": 25.579079}}
{"target": 46.60975756034049, "params": {"frequency_log": 2.933194558945568, "gradient": 0.10794117096666174, "magnitude": 0.00039074859525713986, "magnitude_min": -0.0005443979282548084}, "datetime": {"datetime": "2024-04-07 17:08:56", "elapsed": 1365.302903, "delta": 7.125769}}
{"target": 35.208844157016806, "params": {"frequency_log": 4.8301690720920725, "gradient": 0.2151217954998214, "magnitude": 0.0003952888198206347, "magnitude_min": -0.0006872919818881025}, "datetime": {"datetime": "2024-04-07 17:09:02", "elapsed": 1371.533243, "delta": 6.23034}}
{"target": 31.030903253941048, "params": {"frequency_log": 2.333433710479787, "gradient": 0.1613837608578331, "magnitude": 0.0006787491142858814, "magnitude_min": -0.00010295291040841989}, "datetime": {"datetime": "2024-04-07 17:09:07", "elapsed": 1376.296639, "delta": 4.763396}}
{"target": 33.40091866863715, "params": {"frequency_log": 3.535494149014781, "gradient": 0.05647883552481629, "magnitude": 0.00031118411787086253, "magnitude_min": -0.00039102106684157337}, "datetime": {"datetime": "2024-04-07 17:09:13", "elapsed": 1382.218448, "delta": 5.921809}}
{"target": 51.08334841905403, "params": {"frequency_log": 2.75594757102799, "gradient": 0.2586667044735702, "magnitude": 0.00019576250413671223, "magnitude_min": -0.00048052658159955747}, "datetime": {"datetime": "2024-04-07 17:09:22", "elapsed": 1391.521079, "delta": 9.302631}}
{"target": 37.016476077426454, "params": {"frequency_log": 2.4522895307634442, "gradient": 0.03052841366703901, "magnitude": 0.00026219765303795844, "magnitude_min": -0.00023605259644662472}, "datetime": {"datetime": "2024-04-07 17:09:28", "elapsed": 1397.330334, "delta": 5.809255}}
{"target": 52.876762228650776, "params": {"frequency_log": 2.6842963704615443, "gradient": 0.28959498793670707, "magnitude": 0.0003511079172932779, "magnitude_min": -0.00016572609238101684}, "datetime": {"datetime": "2024-04-07 17:09:38", "elapsed": 1407.89749, "delta": 10.567156}}
{"target": 35.89499631178695, "params": {"frequency_log": 4.216725777284506, "gradient": 0.07340596075109598, "magnitude": 0.00038610324752226413, "magnitude_min": -0.0005800331872922609}, "datetime": {"datetime": "2024-04-07 17:09:45", "elapsed": 1414.304408, "delta": 6.406918}}
{"target": 78.13400284750466, "params": {"frequency_log": 2.032352760527721, "gradient": 0.2752402677230648, "magnitude": 0.00015144239404996812, "magnitude_min": -0.0002687447599343526}, "datetime": {"datetime": "2024-04-07 17:10:46", "elapsed": 1475.65576, "delta": 61.351352}}
{"target": 75.68894586117453, "params": {"frequency_log": 2.0321338651076615, "gradient": 0.2758091704236687, "magnitude": 0.00013555858427462348, "magnitude_min": -0.0002427812512609679}, "datetime": {"datetime": "2024-04-07 17:11:27", "elapsed": 1516.787374, "delta": 41.131614}}
{"target": 50.777733761468674, "params": {"frequency_log": 2.4547861652631875, "gradient": 0.18058626167378808, "magnitude": 0.00025704582605733323, "magnitude_min": -2.2927241400863443e-05}, "datetime": {"datetime": "2024-04-07 17:11:33", "elapsed": 1522.185838, "delta": 5.398464}}
{"target": 47.16957704026342, "params": {"frequency_log": 2.0288151270606267, "gradient": 0.2824804946914843, "magnitude": 9.422364819017941e-05, "magnitude_min": -0.0004992207233576261}, "datetime": {"datetime": "2024-04-07 17:12:06", "elapsed": 1555.464414, "delta": 33.278576}}
{"target": 27.705572406498586, "params": {"frequency_log": 2.033984532749343, "gradient": 0.28220162331184, "magnitude": 0.0006523299146510325, "magnitude_min": -8.762847074850525e-06}, "datetime": {"datetime": "2024-04-07 17:12:16", "elapsed": 1566.169663, "delta": 10.705249}}
{"target": 52.084775543403694, "params": {"frequency_log": 2.796462382475353, "gradient": 0.24282147610202254, "magnitude": 0.00017371787180636865, "magnitude_min": -0.00041096955336815985}, "datetime": {"datetime": "2024-04-07 17:12:25", "elapsed": 1574.375969, "delta": 8.206306}}
{"target": 57.72780856822557, "params": {"frequency_log": 2.00310370530357, "gradient": 0.11829134820053644, "magnitude": 0.00022609944259774934, "magnitude_min": -0.000436666139048156}, "datetime": {"datetime": "2024-04-07 17:12:33", "elapsed": 1582.559401, "delta": 8.183432}}
{"target": 37.49865839939464, "params": {"frequency_log": 2.29384085997478, "gradient": 0.08665296639142857, "magnitude": 0.0006841165762733585, "magnitude_min": -0.0002320297217182646}, "datetime": {"datetime": "2024-04-07 17:12:39", "elapsed": 1588.296748, "delta": 5.737347}}
