{"target": 68.4699484970818, "params": {"frequency_log": 2.0, "gradient": 0.1, "magnitude": 0.0002, "magnitude_min": -0.00035}, "datetime": {"datetime": "2024-04-03 15:57:09", "elapsed": 0.0, "delta": 0.0}}
{"target": 35.059877856473584, "params": {"frequency_log": 3.251066014107722, "gradient": 0.21609734803264743, "magnitude": 8.006237214142064e-08, "magnitude_min": -0.0004883671991577122}, "datetime": {"datetime": "2024-04-03 15:57:22", "elapsed": 12.788728, "delta": 12.788728}}
{"target": 42.23825436912881, "params": {"frequency_log": 2.440267672451339, "gradient": 0.027701578430639338, "magnitude": 0.00013038214796436964, "magnitude_min": -0.00045810749106986654}, "datetime": {"datetime": "2024-04-03 15:57:44", "elapsed": 34.114477, "delta": 21.325749}}
{"target": 49.360237871197725, "params": {"frequency_log": 3.19030242269201, "gradient": 0.16164502020100707, "magnitude": 0.00029343616008230635, "magnitude_min": -0.00022034634972226835}, "datetime": {"datetime": "2024-04-03 15:58:01", "elapsed": 51.452625, "delta": 17.338148}}
{"target": 78.7483657499629, "params": {"frequency_log": 2.613356749194552, "gradient": 0.2634352309172836, "magnitude": 1.9171315238548315e-05, "magnitude_min": -0.00023067274287511842}, "datetime": {"datetime": "2024-04-03 15:58:42", "elapsed": 92.168109, "delta": 40.715484}}
{"target": 35.51336303107953, "params": {"frequency_log": 3.251914407101381, "gradient": 0.16760694853372549, "magnitude": 9.827085701666364e-05, "magnitude_min": -0.0005613289576405848}, "datetime": {"datetime": "2024-04-03 15:58:58", "elapsed": 108.425416, "delta": 16.257307}}
{"target": 84.677399814463, "params": {"frequency_log": 2.7157434927199295, "gradient": 0.3, "magnitude": 6.260829203997022e-05, "magnitude_min": -0.00017472719295118526}, "datetime": {"datetime": "2024-04-03 16:02:54", "elapsed": 0.0, "delta": 0.0}}
{"target": 74.91882106525264, "params": {"frequency_log": 2.7129001425936554, "gradient": 0.29951169684467405, "magnitude": 0.00010749448177924737, "magnitude_min": -0.00030454474232411517}, "datetime": {"datetime": "2024-04-03 16:04:06", "elapsed": 72.444769, "delta": 72.444769}}
{"target": 36.16481560759534, "params": {"frequency_log": 2.7227468328610436, "gradient": 0.29696301275893455, "magnitude": 2.6097463157465652e-05, "magnitude_min": -3.5232191310628225e-05}, "datetime": {"datetime": "2024-04-03 16:05:09", "elapsed": 135.381108, "delta": 62.936339}}
{"target": 54.59231056792779, "params": {"frequency_log": 2.611863762169978, "gradient": 0.2665202702323694, "magnitude": 0.0005588775128299414, "magnitude_min": -0.0006620052741786926}, "datetime": {"datetime": "2024-04-03 16:06:04", "elapsed": 190.046634, "delta": 54.665526}}
{"target": 55.83743011125736, "params": {"frequency_log": 2.6141345707644126, "gradient": 0.26022191455470706, "magnitude": 0.0005481189398402759, "magnitude_min": -0.0005569977826230922}, "datetime": {"datetime": "2024-04-03 16:06:48", "elapsed": 234.241346, "delta": 44.194712}}
{"target": 36.48050646987004, "params": {"frequency_log": 4.98590062390559, "gradient": 0.09755175176481339, "magnitude": 0.0005718061880925927, "magnitude_min": -0.0006687562299452875}, "datetime": {"datetime": "2024-04-03 16:07:18", "elapsed": 263.947816, "delta": 29.70647}}
{"target": 30.879993211179432, "params": {"frequency_log": 4.943693881935696, "gradient": 0.08112519854432167, "magnitude": 0.0005661495126488377, "magnitude_min": -0.00038740846750982}, "datetime": {"datetime": "2024-04-03 16:07:46", "elapsed": 291.489703, "delta": 27.541887}}
{"target": 55.40993242776356, "params": {"frequency_log": 2.974627284197036, "gradient": 0.1907344248557382, "magnitude": 0.00028035357655264244, "magnitude_min": -0.0001739116400597769}, "datetime": {"datetime": "2024-04-03 16:08:09", "elapsed": 315.070097, "delta": 23.580394}}
{"target": 62.25163594363977, "params": {"frequency_log": 2.6115257919927766, "gradient": 0.2627670155799959, "magnitude": 0.00030871255415028983, "magnitude_min": -0.00045338256967511226}, "datetime": {"datetime": "2024-04-03 16:09:09", "elapsed": 374.969953, "delta": 59.899856}}
{"target": 50.811370385111765, "params": {"frequency_log": 2.6115972146566766, "gradient": 0.2618446230091838, "magnitude": 0.00033861989500898085, "magnitude_min": -4.987047979202201e-05}, "datetime": {"datetime": "2024-04-03 16:09:47", "elapsed": 413.439391, "delta": 38.469438}}
{"target": 56.643465014080924, "params": {"frequency_log": 2.7122607618961867, "gradient": 0.2961476087220988, "magnitude": 0.00020689684606866527, "magnitude_min": -0.0004516062824241412}, "datetime": {"datetime": "2024-04-03 16:10:47", "elapsed": 473.005194, "delta": 59.565803}}
{"target": 49.37264338246443, "params": {"frequency_log": 2.0060168336927253, "gradient": 0.09274694413396682, "magnitude": 0.00048207509800249847, "magnitude_min": -0.0001603769043009187}, "datetime": {"datetime": "2024-04-03 16:11:09", "elapsed": 494.870662, "delta": 21.865468}}
{"target": 35.97560527090283, "params": {"frequency_log": 2.702171222603207, "gradient": 0.13410055670361823, "magnitude": 0.0003850767991317916, "magnitude_min": -3.5572118801792505e-05}, "datetime": {"datetime": "2024-04-03 16:11:23", "elapsed": 508.839666, "delta": 13.969004}}
{"target": 52.444210214160165, "params": {"frequency_log": 2.3536131895492165, "gradient": 0.1651593287330035, "magnitude": 0.00034402559832147746, "magnitude_min": -0.0005978276074198323}, "datetime": {"datetime": "2024-04-03 16:11:56", "elapsed": 542.181576, "delta": 33.34191}}
{"target": 56.4272652964209, "params": {"frequency_log": 2.0029322447753355, "gradient": 0.1070237297406525, "magnitude": 0.000577810963813787, "magnitude_min": -0.0006766023483649565}, "datetime": {"datetime": "2024-04-03 16:12:33", "elapsed": 578.629186, "delta": 36.44761}}
{"target": 48.2993618804546, "params": {"frequency_log": 2.588243899289827, "gradient": 0.12011073395740138, "magnitude": 0.0003607298984496744, "magnitude_min": -0.0006509397023508343}, "datetime": {"datetime": "2024-04-03 16:13:02", "elapsed": 608.421942, "delta": 29.792756}}
{"target": 48.750807858736586, "params": {"frequency_log": 2.613355256239457, "gradient": 0.26526611730382726, "magnitude": 0.0005512972303195402, "magnitude_min": -0.00030517149464889153}, "datetime": {"datetime": "2024-04-03 16:13:41", "elapsed": 646.997063, "delta": 38.575121}}
{"target": 42.3100287515354, "params": {"frequency_log": 2.002559462962358, "gradient": 0.10349057714846707, "magnitude": 6.939377647208214e-05, "magnitude_min": -0.00010422131633510301}, "datetime": {"datetime": "2024-04-03 16:13:54", "elapsed": 659.82668, "delta": 12.829617}}
{"target": 37.11847213289895, "params": {"frequency_log": 2.454910416258749, "gradient": 0.06127923627297655, "magnitude": 0.00047073294869710077, "magnitude_min": -8.763169740648924e-05}, "datetime": {"datetime": "2024-04-03 16:14:11", "elapsed": 676.64939, "delta": 16.82271}}
{"target": 19.012278837623402, "params": {"frequency_log": 4.454125847035011, "gradient": 0.049058013623085636, "magnitude": 1.0523252249267512e-05, "magnitude_min": -0.0005873079039841687}, "datetime": {"datetime": "2024-04-03 16:14:19", "elapsed": 685.368168, "delta": 8.718778}}
{"target": 67.6009313297053, "params": {"frequency_log": 2.006808454522953, "gradient": 0.10782538902754396, "magnitude": 0.00025240973796373866, "magnitude_min": -0.0003847399797839795}, "datetime": {"datetime": "2024-04-03 16:14:52", "elapsed": 717.7102, "delta": 32.342032}}
{"target": 32.24166076926616, "params": {"frequency_log": 4.696997099994606, "gradient": 0.13566583464224952, "magnitude": 0.0002794504052885328, "magnitude_min": -0.00048193025352913734}, "datetime": {"datetime": "2024-04-03 16:15:11", "elapsed": 737.247814, "delta": 19.537614}}
{"target": 29.593479295652337, "params": {"frequency_log": 4.105103243524165, "gradient": 0.11527074924764852, "magnitude": 0.00018785574549121329, "magnitude_min": -0.0003575716349042419}, "datetime": {"datetime": "2024-04-03 16:15:29", "elapsed": 754.604301, "delta": 17.356487}}
{"target": 30.085426249038317, "params": {"frequency_log": 4.982714852727483, "gradient": 0.07675249314516955, "magnitude": 0.00043304018222239406, "magnitude_min": -0.00044111360242713826}, "datetime": {"datetime": "2024-04-03 16:15:55", "elapsed": 780.648199, "delta": 26.043898}}
{"target": 40.67361258039126, "params": {"frequency_log": 4.553059733854639, "gradient": 0.2348868498175421, "magnitude": 0.000631533240194636, "magnitude_min": -0.000634627113883888}, "datetime": {"datetime": "2024-04-03 16:16:25", "elapsed": 811.189244, "delta": 30.541045}}
{"target": 58.40350471693813, "params": {"frequency_log": 2.000135130668335, "gradient": 0.09790878524679801, "magnitude": 0.0001430080130700095, "magnitude_min": -0.00042732322192254795}, "datetime": {"datetime": "2024-04-03 16:16:56", "elapsed": 841.497227, "delta": 30.307983}}
{"target": 55.824510253872944, "params": {"frequency_log": 2.717083294477242, "gradient": 0.2952496947962535, "magnitude": 0.0003387844370537645, "magnitude_min": -0.0005498735295377157}, "datetime": {"datetime": "2024-04-03 16:17:58", "elapsed": 904.425086, "delta": 62.927859}}
{"target": 24.66409826259794, "params": {"frequency_log": 3.4654970865550454, "gradient": 0.01925845221696244, "magnitude": 0.00023074571371637918, "magnitude_min": -0.0002518734231546636}, "datetime": {"datetime": "2024-04-03 16:18:13", "elapsed": 919.375949, "delta": 14.950863}}
{"target": 41.925730427716665, "params": {"frequency_log": 2.6068197741451953, "gradient": 0.2653106395244953, "magnitude": 0.0006865264986588164, "magnitude_min": -0.0002892635184968521}, "datetime": {"datetime": "2024-04-03 16:18:50", "elapsed": 955.779519, "delta": 36.40357}}
{"target": 49.026312285032645, "params": {"frequency_log": 2.613048029970956, "gradient": 0.26570492246219707, "magnitude": 0.00031096126117832095, "magnitude_min": -0.0006153962427151928}, "datetime": {"datetime": "2024-04-03 16:19:48", "elapsed": 1013.773404, "delta": 57.993885}}
{"target": 39.64585513844635, "params": {"frequency_log": 2.0075583774100343, "gradient": 0.10356374373795925, "magnitude": 0.00011307851683721261, "magnitude_min": -0.0006730591693413937}, "datetime": {"datetime": "2024-04-03 16:20:10", "elapsed": 1036.227268, "delta": 22.453864}}
{"target": 36.5863413651222, "params": {"frequency_log": 4.220535019081495, "gradient": 0.2951663831946482, "magnitude": 0.0001122811780204308, "magnitude_min": -0.00018121434517014753}, "datetime": {"datetime": "2024-04-03 16:20:19", "elapsed": 1045.170336, "delta": 8.943068}}
{"target": 48.09564899059936, "params": {"frequency_log": 2.7167671682375394, "gradient": 0.2988460179374742, "magnitude": 0.00019373412937902254, "magnitude_min": -0.000545606167894936}, "datetime": {"datetime": "2024-04-03 16:21:17", "elapsed": 1103.387541, "delta": 58.217205}}
{"target": 34.32720398370137, "params": {"frequency_log": 3.4569552082533623, "gradient": 0.20651121422990357, "magnitude": 0.000453339168347752, "magnitude_min": -0.00013927611038405013}, "datetime": {"datetime": "2024-04-03 16:21:34", "elapsed": 1119.63468, "delta": 16.247139}}
{"target": 27.5376855441438, "params": {"frequency_log": 4.7921065430613705, "gradient": 0.27374712328247786, "magnitude": 0.0005284599143645048, "magnitude_min": -0.00021745583603125217}, "datetime": {"datetime": "2024-04-03 16:21:51", "elapsed": 1137.170836, "delta": 17.536156}}
{"target": 54.57656549208021, "params": {"frequency_log": 2.7142900490897466, "gradient": 0.29511962545275794, "magnitude": 0.000603234482737822, "magnitude_min": -0.0006270256442308145}, "datetime": {"datetime": "2024-04-03 16:23:27", "elapsed": 1232.739718, "delta": 95.568882}}
{"target": 62.060947671385385, "params": {"frequency_log": 2.0080818031141012, "gradient": 0.10760688260693542, "magnitude": 0.00046734574981806786, "magnitude_min": -0.0005170890725853962}, "datetime": {"datetime": "2024-04-03 16:24:39", "elapsed": 1305.287443, "delta": 72.547725}}
{"target": 33.74824317996234, "params": {"frequency_log": 3.295549050388917, "gradient": 0.20365155869059928, "magnitude": 0.0006521658436808223, "magnitude_min": -0.00022707770866995877}, "datetime": {"datetime": "2024-04-03 16:25:22", "elapsed": 1347.934068, "delta": 42.646625}}
{"target": 36.46900669268684, "params": {"frequency_log": 3.9348519458239095, "gradient": 0.037566230683765085, "magnitude": 0.0004756071312174332, "magnitude_min": -0.0005202095494640082}, "datetime": {"datetime": "2024-04-03 16:26:17", "elapsed": 1402.84435, "delta": 54.910282}}
{"target": 62.143890895972994, "params": {"frequency_log": 2.0071969624770536, "gradient": 0.10622749124921933, "magnitude": 0.00043484066939002906, "magnitude_min": -0.0002983396257869324}, "datetime": {"datetime": "2024-04-03 16:27:21", "elapsed": 1467.058344, "delta": 64.213994}}
{"target": 62.873071912843756, "params": {"frequency_log": 2.0029415330983773, "gradient": 0.09589313378122874, "magnitude": 0.00041509492306196684, "magnitude_min": -0.00048555006743022293}, "datetime": {"datetime": "2024-04-03 16:28:38", "elapsed": 1543.512256, "delta": 76.453912}}
{"target": 72.91894146131584, "params": {"frequency_log": 2.6160580609071604, "gradient": 0.2620380227170899, "magnitude": 3.391174670246162e-05, "magnitude_min": -0.0002780357770705053}, "datetime": {"datetime": "2024-04-03 16:30:14", "elapsed": 1639.981629, "delta": 96.469373}}
{"target": 60.70041802121192, "params": {"frequency_log": 2.0011865465684164, "gradient": 0.11002331633342667, "magnitude": 0.0004263678762757246, "magnitude_min": -0.0005562544486017488}, "datetime": {"datetime": "2024-04-03 16:31:38", "elapsed": 1724.278303, "delta": 84.296674}}
{"target": 53.54451526179289, "params": {"frequency_log": 2.619076606868355, "gradient": 0.26536030015796863, "magnitude": 0.0005786202838457326, "magnitude_min": -0.0006655517094898078}, "datetime": {"datetime": "2024-04-03 16:33:28", "elapsed": 1834.063131, "delta": 109.784828}}
{"target": 54.45852553789531, "params": {"frequency_log": 3.1404885397708435, "gradient": 0.2545187497000013, "magnitude": 0.00028765658028684945, "magnitude_min": -0.0004390134186962127}, "datetime": {"datetime": "2024-04-03 16:34:36", "elapsed": 1902.155109, "delta": 68.091978}}
{"target": 41.90669463700195, "params": {"frequency_log": 4.338369153581661, "gradient": 0.27091346405082034, "magnitude": 0.00035868777021173673, "magnitude_min": -0.0004933368850581806}, "datetime": {"datetime": "2024-04-03 16:35:33", "elapsed": 1959.281963, "delta": 57.126854}}
{"target": 58.17147655539373, "params": {"frequency_log": 3.1433174346334463, "gradient": 0.25644032240861614, "magnitude": 0.0002686879011362413, "magnitude_min": -6.286721300754192e-05}, "datetime": {"datetime": "2024-04-03 16:36:14", "elapsed": 2000.400132, "delta": 41.118169}}
{"target": 35.204423096223664, "params": {"frequency_log": 4.766345252828749, "gradient": 0.09166229546573725, "magnitude": 0.00037838544284336025, "magnitude_min": -0.0006188176835857734}, "datetime": {"datetime": "2024-04-03 16:37:02", "elapsed": 2048.354533, "delta": 47.954401}}
{"target": 45.17177442575012, "params": {"frequency_log": 2.859696038368549, "gradient": 0.031160133320007798, "magnitude": 0.0005974964847842251, "magnitude_min": -0.0006011932171494863}, "datetime": {"datetime": "2024-04-03 16:38:03", "elapsed": 2108.898968, "delta": 60.544435}}
{"target": 33.315963459656324, "params": {"frequency_log": 4.1594092276014365, "gradient": 0.08611122805962657, "magnitude": 0.00017219676203799025, "magnitude_min": -0.000576999656719257}, "datetime": {"datetime": "2024-04-03 16:38:27", "elapsed": 2133.11592, "delta": 24.216952}}
{"target": 32.57453378467707, "params": {"frequency_log": 4.817567674710645, "gradient": 0.29156747985379966, "magnitude": 0.00017372552739094188, "magnitude_min": -0.000603079574974452}, "datetime": {"datetime": "2024-04-03 16:38:44", "elapsed": 2149.660258, "delta": 16.544338}}
{"target": 47.025608845804925, "params": {"frequency_log": 3.6818667244783434, "gradient": 0.24475907286626267, "magnitude": 0.0004950552327173583, "magnitude_min": -0.0005881465271249985}, "datetime": {"datetime": "2024-04-03 16:39:13", "elapsed": 2178.682232, "delta": 29.021974}}
{"target": 48.78565364460707, "params": {"frequency_log": 3.1392988615471316, "gradient": 0.2578951406988266, "magnitude": 0.00035346229875934574, "magnitude_min": -0.00013877222167622578}, "datetime": {"datetime": "2024-04-03 16:39:32", "elapsed": 2198.47393, "delta": 19.791698}}
{"target": 62.39674368361309, "params": {"frequency_log": 2.0064733518129985, "gradient": 0.10779643255540534, "magnitude": 0.00039017775687045456, "magnitude_min": -0.0005237239854170967}, "datetime": {"datetime": "2024-04-03 16:40:05", "elapsed": 2231.360808, "delta": 32.886878}}
{"target": 86.40093484712571, "params": {"frequency_log": 2.6170868923289, "gradient": 0.26324224833020665, "magnitude": 0.00017018882184636412, "magnitude_min": -0.00010019815645810582}, "datetime": {"datetime": "2024-04-03 16:40:55", "elapsed": 2281.332626, "delta": 49.971818}}
{"target": 22.762830951167363, "params": {"frequency_log": 4.930106753352381, "gradient": 0.1616652533607587, "magnitude": 0.0006890974470793235, "magnitude_min": -0.00014567698158727725}, "datetime": {"datetime": "2024-04-03 16:41:08", "elapsed": 2294.324982, "delta": 12.992356}}
{"target": 73.16505988063331, "params": {"frequency_log": 3.145192285882675, "gradient": 0.25946473552929883, "magnitude": 0.00015250082676485376, "magnitude_min": -0.00013098702616489604}, "datetime": {"datetime": "2024-04-03 16:41:30", "elapsed": 2316.437038, "delta": 22.112056}}
{"target": 69.80762978101863, "params": {"frequency_log": 3.1493267801708242, "gradient": 0.25682939616761147, "magnitude": 0.00024587890541133737, "magnitude_min": -0.00021139255143980996}, "datetime": {"datetime": "2024-04-03 16:41:57", "elapsed": 2343.051914, "delta": 26.614876}}
{"target": 70.64949525476938, "params": {"frequency_log": 3.1485065362245703, "gradient": 0.25778098504960845, "magnitude": 0.00022026343377154662, "magnitude_min": -0.00028339274090762094}, "datetime": {"datetime": "2024-04-03 16:42:25", "elapsed": 2370.823312, "delta": 27.771398}}
{"target": 46.79103556767967, "params": {"frequency_log": 3.1443858044808297, "gradient": 0.2579531207631818, "magnitude": 0.0003899387716608949, "magnitude_min": -0.00021122450113969233}, "datetime": {"datetime": "2024-04-03 16:42:53", "elapsed": 2398.751703, "delta": 27.928391}}
{"target": 52.0048641200768, "params": {"frequency_log": 2.007660758441359, "gradient": 0.10966783420413709, "magnitude": 0.00011852801217704495, "magnitude_min": -0.00047728405209445464}, "datetime": {"datetime": "2024-04-03 16:43:23", "elapsed": 2429.408909, "delta": 30.657206}}
{"target": 28.931832511634877, "params": {"frequency_log": 2.7119298028365786, "gradient": 0.2993185752020673, "magnitude": 0.0006649807306751027, "magnitude_min": -3.6091554373582986e-05}, "datetime": {"datetime": "2024-04-03 16:43:48", "elapsed": 2454.339012, "delta": 24.930103}}
{"target": 41.56915293972463, "params": {"frequency_log": 3.9301735668482958, "gradient": 0.18327795914967826, "magnitude": 0.0006050136173642911, "magnitude_min": -0.0005550158545571662}, "datetime": {"datetime": "2024-04-03 16:44:23", "elapsed": 2489.4206, "delta": 35.081588}}
{"target": 55.25370168318322, "params": {"frequency_log": 2.0073223632247923, "gradient": 0.10568930843504618, "magnitude": 0.0004449125720924343, "magnitude_min": -0.0006373728972585474}, "datetime": {"datetime": "2024-04-03 16:45:07", "elapsed": 2533.123157, "delta": 43.702557}}
{"target": 45.635215895111365, "params": {"frequency_log": 3.1448272031111326, "gradient": 0.26330263284026195, "magnitude": 0.00037515925668659024, "magnitude_min": -0.0006638507210665893}, "datetime": {"datetime": "2024-04-03 16:45:47", "elapsed": 2572.521942, "delta": 39.398785}}
{"target": 32.03137247085116, "params": {"frequency_log": 2.71714843261176, "gradient": 0.2927828513243692, "magnitude": 0.000617321750511346, "magnitude_min": -8.039425978014685e-05}, "datetime": {"datetime": "2024-04-03 16:46:16", "elapsed": 2601.593241, "delta": 29.071299}}
{"target": 17.056190750831913, "params": {"frequency_log": 4.979042731251649, "gradient": 0.07993911019667777, "magnitude": 3.0854670349780486e-05, "magnitude_min": -0.00031731571388863926}, "datetime": {"datetime": "2024-04-03 16:46:22", "elapsed": 2608.247289, "delta": 6.654048}}
{"target": 31.399078774658612, "params": {"frequency_log": 3.709739039407675, "gradient": 0.010449208902207806, "magnitude": 0.0005869607188019474, "magnitude_min": -0.00032176175524625486}, "datetime": {"datetime": "2024-04-03 16:46:48", "elapsed": 2634.326588, "delta": 26.079299}}
{"target": 52.68321727354734, "params": {"frequency_log": 2.384129594775237, "gradient": 0.04551363130981303, "magnitude": 0.0004503537989815029, "magnitude_min": -0.000566601738901006}, "datetime": {"datetime": "2024-04-03 16:47:25", "elapsed": 2671.084004, "delta": 36.757416}}
{"target": 63.22466841516689, "params": {"frequency_log": 2.000949481545346, "gradient": 0.10123024481892287, "magnitude": 0.0004161904503583138, "magnitude_min": -0.0002717911119506562}, "datetime": {"datetime": "2024-04-03 16:47:59", "elapsed": 2705.243223, "delta": 34.159219}}
{"target": 43.89407948809508, "params": {"frequency_log": 2.6180536065868982, "gradient": 0.26370966308220933, "magnitude": 0.0006312041681100996, "magnitude_min": -0.0002967650077241487}, "datetime": {"datetime": "2024-04-03 16:48:32", "elapsed": 2738.158628, "delta": 32.915405}}
{"target": 29.319351992854855, "params": {"frequency_log": 3.1418438234219184, "gradient": 0.2555521567146961, "magnitude": 0.0004925323427707233, "magnitude_min": -1.6969949852125047e-05}, "datetime": {"datetime": "2024-04-03 16:48:42", "elapsed": 2748.360799, "delta": 10.202171}}
