{"target": 45.84876166328097, "params": {"frequency_log": 2.0058573209179635, "gradient": 0.10969646090819772, "magnitude": 0.00048722770582941246, "magnitude_min": -0.00012081352960845106}, "datetime": {"datetime": "2024-04-03 16:48:58", "elapsed": 2763.957591, "delta": 15.596792}}
{"target": 47.20451389467928, "params": {"frequency_log": 3.148979697845519, "gradient": 0.25491854521844676, "magnitude": 1.7166270417191977e-05, "magnitude_min": -0.0003562592684569612}, "datetime": {"datetime": "2024-04-03 16:49:10", "elapsed": 2775.930921, "delta": 11.97333}}
{"target": 52.65764533165831, "params": {"frequency_log": 2.2074490856253117, "gradient": 0.29264088013699224, "magnitude": 0.0006561390539738123, "magnitude_min": -0.0005055295399165074}, "datetime": {"datetime": "2024-04-03 16:50:18", "elapsed": 2843.773862, "delta": 67.842941}}
{"target": 48.407019273066936, "params": {"frequency_log": 2.0022072079087363, "gradient": 0.10084331078156732, "magnitude": 0.0005882803685069312, "magnitude_min": -0.0002613576903419109}, "datetime": {"datetime": "2024-04-03 16:50:41", "elapsed": 2867.134633, "delta": 23.360771}}
{"target": 38.52646457513691, "params": {"frequency_log": 2.00151313571942, "gradient": 0.09377971080934247, "magnitude": 0.0006730419595571467, "magnitude_min": -0.00016052229066115863}, "datetime": {"datetime": "2024-04-03 16:50:58", "elapsed": 2884.200243, "delta": 17.06561}}
{"target": 56.72821422002389, "params": {"frequency_log": 2.0004130237552333, "gradient": 0.09911189866482503, "magnitude": 0.0006039662798298271, "magnitude_min": -0.0005604222257394992}, "datetime": {"datetime": "2024-04-03 16:51:31", "elapsed": 2916.944076, "delta": 32.743833}}
{"target": 49.36259538052336, "params": {"frequency_log": 2.6117601760505122, "gradient": 0.26914222385394027, "magnitude": 4.993277850227623e-05, "magnitude_min": -0.00042967301882045815}, "datetime": {"datetime": "2024-04-03 16:52:09", "elapsed": 2954.809686, "delta": 37.86561}}
{"target": 48.876266871962585, "params": {"frequency_log": 2.826992745613704, "gradient": 0.11788067975744942, "magnitude": 0.0003977194200865323, "magnitude_min": -0.0006162547902540523}, "datetime": {"datetime": "2024-04-03 16:52:39", "elapsed": 2984.846595, "delta": 30.036909}}
{"target": 41.27612027501277, "params": {"frequency_log": 3.0063346174784504, "gradient": 0.11377620687403803, "magnitude": 0.0001426735547504587, "magnitude_min": -0.00027382889141600074}, "datetime": {"datetime": "2024-04-03 16:52:54", "elapsed": 2999.570189, "delta": 14.723594}}
{"target": 50.31690948609629, "params": {"frequency_log": 3.148067240363962, "gradient": 0.25651419913626544, "magnitude": 0.0005136211105682806, "magnitude_min": -0.0006477459365801865}, "datetime": {"datetime": "2024-04-03 16:53:29", "elapsed": 3034.955215, "delta": 35.385026}}
{"target": 53.31136044276814, "params": {"frequency_log": 2.613958561837558, "gradient": 0.26129533188444465, "magnitude": 0.00023877001083765333, "magnitude_min": -0.000510155900616887}, "datetime": {"datetime": "2024-04-03 16:54:10", "elapsed": 3075.800404, "delta": 40.845189}}
{"target": 23.68072406831291, "params": {"frequency_log": 4.865587187788644, "gradient": 0.19001182518423418, "magnitude": 0.0003207603063281533, "magnitude_min": -0.0001292476584375629}, "datetime": {"datetime": "2024-04-03 16:54:16", "elapsed": 3082.080655, "delta": 6.280251}}
{"target": 66.50027458743095, "params": {"frequency_log": 3.1327510708024926, "gradient": 0.26963780222462186, "magnitude": 0.0002749637287338856, "magnitude_min": -0.00017532768017174236}, "datetime": {"datetime": "2024-04-03 16:54:32", "elapsed": 3098.45101, "delta": 16.370355}}
{"target": 42.97765947999116, "params": {"frequency_log": 2.618036886645223, "gradient": 0.2670202562040315, "magnitude": 0.0001793806645268832, "magnitude_min": -0.0006262150213752066}, "datetime": {"datetime": "2024-04-03 16:54:59", "elapsed": 3125.205343, "delta": 26.754333}}
{"target": 71.47258801866626, "params": {"frequency_log": 3.1445588972474847, "gradient": 0.2606256490648238, "magnitude": 0.0001568064644382912, "magnitude_min": -0.00022126746899223956}, "datetime": {"datetime": "2024-04-03 16:55:13", "elapsed": 3138.997811, "delta": 13.792468}}
{"target": 51.2668624926734, "params": {"frequency_log": 2.330438043649851, "gradient": 0.1461489275425014, "magnitude": 0.0006352244266285594, "magnitude_min": -0.0004977040223917185}, "datetime": {"datetime": "2024-04-03 16:55:35", "elapsed": 3160.859795, "delta": 21.861984}}
{"target": 53.055578651439745, "params": {"frequency_log": 2.715903399507416, "gradient": 0.29961595675972824, "magnitude": 0.0006147846947920189, "magnitude_min": -0.0006841374463946372}, "datetime": {"datetime": "2024-04-03 16:56:09", "elapsed": 3194.974328, "delta": 34.114533}}
{"target": 39.416854943958825, "params": {"frequency_log": 4.115032086341626, "gradient": 0.1467378327773007, "magnitude": 0.00034491582574537117, "magnitude_min": -0.0005614991463337778}, "datetime": {"datetime": "2024-04-03 16:56:25", "elapsed": 3211.015643, "delta": 16.041315}}
{"target": 27.866162179358497, "params": {"frequency_log": 3.148767515744225, "gradient": 0.25680019210617744, "magnitude": 0.0006437982783242599, "magnitude_min": -5.6591583377453916e-05}, "datetime": {"datetime": "2024-04-03 16:56:34", "elapsed": 3219.688814, "delta": 8.673171}}
{"target": 21.077058221802304, "params": {"frequency_log": 4.776760455329404, "gradient": 0.2161490925994442, "magnitude": 0.00011555529627806349, "magnitude_min": -0.0002361161060535965}, "datetime": {"datetime": "2024-04-03 16:56:38", "elapsed": 3224.277602, "delta": 4.588788}}
{"target": 31.241935313146563, "params": {"frequency_log": 3.481553219397286, "gradient": 0.15293607122544764, "magnitude": 0.00013352876156461852, "magnitude_min": -0.00023246315070158232}, "datetime": {"datetime": "2024-04-03 16:56:45", "elapsed": 3231.127257, "delta": 6.849655}}
{"target": 57.738985133192465, "params": {"frequency_log": 2.0057584665498447, "gradient": 0.10673664135897078, "magnitude": 0.0005642062712146994, "magnitude_min": -0.0005986440048250771}, "datetime": {"datetime": "2024-04-03 16:57:10", "elapsed": 3255.675448, "delta": 24.548191}}
{"target": 87.35942158090482, "params": {"frequency_log": 2.6139182118486617, "gradient": 0.2657913463381857, "magnitude": 0.00018135817942350931, "magnitude_min": -0.00012161696471433886}, "datetime": {"datetime": "2024-04-03 16:57:41", "elapsed": 3287.170813, "delta": 31.495365}}
{"target": 47.5583697370757, "params": {"frequency_log": 2.716384399722487, "gradient": 0.09184234421971685, "magnitude": 0.0003357026080165521, "magnitude_min": -0.0006099122265382658}, "datetime": {"datetime": "2024-04-03 16:57:59", "elapsed": 3305.438327, "delta": 18.267514}}
{"target": 25.280777566405618, "params": {"frequency_log": 3.064997022304915, "gradient": 0.03181893866579514, "magnitude": 0.0002500126328589435, "magnitude_min": -5.67030190827321e-05}, "datetime": {"datetime": "2024-04-03 16:58:06", "elapsed": 3312.443464, "delta": 7.005137}}
{"target": 58.24346511245848, "params": {"frequency_log": 2.611637924386149, "gradient": 0.26764002361081984, "magnitude": 0.0004812378733652766, "magnitude_min": -0.0004314890076864156}, "datetime": {"datetime": "2024-04-03 16:58:36", "elapsed": 3342.24023, "delta": 29.796766}}
{"target": 46.99457544610693, "params": {"frequency_log": 2.4730576687849197, "gradient": 0.1380150472453444, "magnitude": 0.0003106183289056909, "magnitude_min": -0.0006609249813363808}, "datetime": {"datetime": "2024-04-03 16:58:55", "elapsed": 3361.280931, "delta": 19.040701}}
{"target": 41.24184129465594, "params": {"frequency_log": 3.9303627470559954, "gradient": 0.23971577838425084, "magnitude": 0.00020229750505151725, "magnitude_min": -0.00039615821499559324}, "datetime": {"datetime": "2024-04-03 16:59:07", "elapsed": 3373.016579, "delta": 11.735648}}
