{"target": 54.308925584890105, "params": {"frequency_log": 2.0, "gradient": 0.1, "magnitude": 0.0002, "magnitude_min": -0.00035}, "datetime": {"datetime": "2024-04-07 16:46:10", "elapsed": 0.0, "delta": 0.0}}
{"target": 31.885900188480687, "params": {"frequency_log": 2.1170103241467984, "gradient": 0.06753982617418668, "magnitude": 0.00028700024635581046, "magnitude_min": -0.00035758414811556233}, "datetime": {"datetime": "2024-04-07 16:46:20", "elapsed": 10.005876, "delta": 10.005876}}
{"target": 25.525744602945824, "params": {"frequency_log": 4.620179087820286, "gradient": 0.20364976007525715, "magnitude": 0.0006359793702137045, "magnitude_min": -0.0006108944040511161}, "datetime": {"datetime": "2024-04-07 16:46:31", "elapsed": 20.345382, "delta": 10.339506}}
{"target": 28.4397938942577, "params": {"frequency_log": 4.781127290464193, "gradient": 0.2809949564558565, "magnitude": 0.0005606300869274469, "magnitude_min": -0.0003304986947183074}, "datetime": {"datetime": "2024-04-07 16:46:39", "elapsed": 28.440085, "delta": 8.094703}}
{"target": 68.18902897237842, "params": {"frequency_log": 3.5878805815508312, "gradient": 0.294969359233399, "magnitude": 0.0003491665666813054, "magnitude_min": -0.0006843641187765816}, "datetime": {"datetime": "2024-04-07 16:46:50", "elapsed": 39.622508, "delta": 11.182423}}
{"target": 47.492815044835964, "params": {"frequency_log": 4.618588154805739, "gradient": 0.17954784711488178, "magnitude": 0.0002728942202018858, "magnitude_min": -0.0004988511031416431}, "datetime": {"datetime": "2024-04-07 16:46:58", "elapsed": 47.410721, "delta": 7.788213}}
{"target": 23.70977131322294, "params": {"frequency_log": 3.1148867709134915, "gradient": 0.225216481655882, "magnitude": 0.000661303370452264, "magnitude_min": -0.00026664548035420306}, "datetime": {"datetime": "2024-04-07 16:47:06", "elapsed": 56.042058, "delta": 8.631337}}
{"target": 30.10938902063922, "params": {"frequency_log": 4.141249503475578, "gradient": 0.22041782354958292, "magnitude": 0.000515285688569279, "magnitude_min": -0.00024662801095682717}, "datetime": {"datetime": "2024-04-07 16:47:14", "elapsed": 63.817026, "delta": 7.774968}}
{"target": 20.602364731124162, "params": {"frequency_log": 3.9149355716007594, "gradient": 0.29569653989600586, "magnitude": 0.0006037677411004795, "magnitude_min": -3.616268254822731e-05}, "datetime": {"datetime": "2024-04-07 16:47:19", "elapsed": 68.967522, "delta": 5.150496}}
{"target": 26.816314985364972, "params": {"frequency_log": 3.5360726173373536, "gradient": 0.29657725744064345, "magnitude": 0.00020326374204186182, "magnitude_min": -0.00023574421039798205}, "datetime": {"datetime": "2024-04-07 16:47:28", "elapsed": 77.499397, "delta": 8.531875}}
{"target": 69.31421852651347, "params": {"frequency_log": 4.43779188213426, "gradient": 0.2452915241362183, "magnitude": 0.0001604424689126752, "magnitude_min": -0.0006017720801542836}, "datetime": {"datetime": "2024-04-07 16:47:34", "elapsed": 83.993067, "delta": 6.49367}}
{"target": 26.07952963492569, "params": {"frequency_log": 3.169000657484748, "gradient": 0.20697997353395892, "magnitude": 0.0004912565861741046, "magnitude_min": -0.00043111762312010723}, "datetime": {"datetime": "2024-04-07 16:47:45", "elapsed": 94.932162, "delta": 10.939095}}
{"target": 27.17449678281487, "params": {"frequency_log": 3.1604511482137916, "gradient": 0.269682358188095, "magnitude": 7.677982449247288e-05, "magnitude_min": -0.0001802332622592303}, "datetime": {"datetime": "2024-04-07 16:47:54", "elapsed": 103.664217, "delta": 8.732055}}
{"target": 23.9297685147961, "params": {"frequency_log": 3.928849462164544, "gradient": 0.038678950113971856, "magnitude": 0.00015720683798912288, "magnitude_min": -0.00022954876241945297}, "datetime": {"datetime": "2024-04-07 16:47:59", "elapsed": 108.851829, "delta": 5.187612}}
{"target": 25.795367055226862, "params": {"frequency_log": 4.165111915785618, "gradient": 0.17698996895962216, "magnitude": 0.000502901525432297, "magnitude_min": -0.0001371562626757911}, "datetime": {"datetime": "2024-04-07 16:48:06", "elapsed": 115.267553, "delta": 6.415724}}
{"target": 24.12854120267734, "params": {"frequency_log": 4.992572624300388, "gradient": 0.13143491017928635, "magnitude": 0.0005134064787916974, "magnitude_min": -0.0005328241074616697}, "datetime": {"datetime": "2024-04-07 16:48:16", "elapsed": 125.503827, "delta": 10.236274}}
{"target": 75.64837938884484, "params": {"frequency_log": 2.890373530570502, "gradient": 0.0891450904804472, "magnitude": 0.0001384984538038595, "magnitude_min": -0.0006191089813954515}, "datetime": {"datetime": "2024-04-07 16:48:24", "elapsed": 133.243, "delta": 7.739173}}
{"target": 22.62152858592215, "params": {"frequency_log": 3.8602730088644037, "gradient": 0.14270362228128505, "magnitude": 0.00033808268121742586, "magnitude_min": -8.492669902444307e-06}, "datetime": {"datetime": "2024-04-07 16:48:28", "elapsed": 138.069059, "delta": 4.826059}}
{"target": 28.4962162228865, "params": {"frequency_log": 3.4458148728734437, "gradient": 0.23644761467902098, "magnitude": 0.0003193504804176089, "magnitude_min": -0.0003266890592083332}, "datetime": {"datetime": "2024-04-07 16:48:38", "elapsed": 147.48975, "delta": 9.420691}}
{"target": 25.276470467686604, "params": {"frequency_log": 3.570584882005324, "gradient": 0.04662879117947758, "magnitude": 0.000605704088919465, "magnitude_min": -0.0002452714725184087}, "datetime": {"datetime": "2024-04-07 16:48:46", "elapsed": 155.482963, "delta": 7.993213}}
{"target": 51.70649961765783, "params": {"frequency_log": 3.632992428141948, "gradient": 0.03913776876147061, "magnitude": 6.430847442592629e-05, "magnitude_min": -0.0005453243599458257}, "datetime": {"datetime": "2024-04-07 16:48:52", "elapsed": 161.488599, "delta": 6.005636}}
{"target": 25.034220322811493, "params": {"frequency_log": 3.251564529899329, "gradient": 0.08461959492094218, "magnitude": 2.3564549758314467e-05, "magnitude_min": -0.0002239304900931856}, "datetime": {"datetime": "2024-04-07 16:48:57", "elapsed": 166.387091, "delta": 4.898492}}
{"target": 18.538481132945325, "params": {"frequency_log": 4.661947326186592, "gradient": 0.1767522091673464, "magnitude": 9.075286272258794e-05, "magnitude_min": -9.810314462412647e-05}, "datetime": {"datetime": "2024-04-07 16:49:01", "elapsed": 170.36518, "delta": 3.978089}}
{"target": 28.67198501134984, "params": {"frequency_log": 3.9232235222287213, "gradient": 0.27874252461189997, "magnitude": 0.0004972665825416673, "magnitude_min": -0.000177962110454853}, "datetime": {"datetime": "2024-04-07 16:49:08", "elapsed": 178.124119, "delta": 7.758939}}
{"target": 26.67791329208829, "params": {"frequency_log": 3.5890326689009555, "gradient": 0.29465472851693053, "magnitude": 0.0005515016958804349, "magnitude_min": -0.0006160123130099489}, "datetime": {"datetime": "2024-04-07 16:49:20", "elapsed": 190.090935, "delta": 11.966816}}
{"target": 48.16030595967344, "params": {"frequency_log": 2.35519915587708, "gradient": 0.2639380925128628, "magnitude": 0.00024008712120256905, "magnitude_min": -3.516652085602118e-05}, "datetime": {"datetime": "2024-04-07 16:49:41", "elapsed": 210.319573, "delta": 20.228638}}
{"target": 83.2059967046842, "params": {"frequency_log": 3.227547858481911, "gradient": 0.2407366388194096, "magnitude": 0.0002348580121682843, "magnitude_min": -0.000512968883684318}, "datetime": {"datetime": "2024-04-07 16:49:51", "elapsed": 220.215026, "delta": 9.895453}}
{"target": 37.77001438672992, "params": {"frequency_log": 2.148542623676805, "gradient": 0.17516682696482336, "magnitude": 0.00048821880681508355, "magnitude_min": -0.0002442519445672214}, "datetime": {"datetime": "2024-04-07 16:50:02", "elapsed": 232.090435, "delta": 11.875409}}
{"target": 65.07814844195538, "params": {"frequency_log": 3.1795905541071634, "gradient": 0.26593720989272374, "magnitude": 0.00011034513199473845, "magnitude_min": -0.00033571919839643475}, "datetime": {"datetime": "2024-04-07 16:50:14", "elapsed": 244.030294, "delta": 11.939859}}
{"target": 23.562714795227006, "params": {"frequency_log": 2.6510854538184554, "gradient": 0.06147936426240336, "magnitude": 0.00010019049538533861, "magnitude_min": -0.00014219001292225392}, "datetime": {"datetime": "2024-04-07 16:50:20", "elapsed": 249.60282, "delta": 5.572526}}
{"target": 29.836710853209738, "params": {"frequency_log": 4.0800121660592215, "gradient": 0.24626991394347247, "magnitude": 0.0002796571357823932, "magnitude_min": -0.00015061207990458507}, "datetime": {"datetime": "2024-04-07 16:50:26", "elapsed": 255.681798, "delta": 6.078978}}
{"target": 26.193195212595047, "params": {"frequency_log": 2.6394402465821845, "gradient": 0.1144530704923698, "magnitude": 8.259388112034285e-05, "magnitude_min": -7.75287044324285e-06}, "datetime": {"datetime": "2024-04-07 16:50:31", "elapsed": 260.331977, "delta": 4.650179}}
{"target": 44.36908049677863, "params": {"frequency_log": 4.733902064748749, "gradient": 0.19768103935083056, "magnitude": 9.629116527752425e-05, "magnitude_min": -0.0005263997332570913}, "datetime": {"datetime": "2024-04-07 16:50:37", "elapsed": 266.268187, "delta": 5.93621}}
{"target": 26.17341145144739, "params": {"frequency_log": 2.6709992346508957, "gradient": 0.020624569728954566, "magnitude": 0.0004042259761858294, "magnitude_min": -0.0003762626416004778}, "datetime": {"datetime": "2024-04-07 16:50:47", "elapsed": 276.786066, "delta": 10.517879}}
{"target": 26.293412322586214, "params": {"frequency_log": 4.364047865133951, "gradient": 0.09218821033592807, "magnitude": 0.0006465815156763389, "magnitude_min": -0.0003347012825684577}, "datetime": {"datetime": "2024-04-07 16:50:55", "elapsed": 284.961642, "delta": 8.175576}}
{"target": 70.50566016776807, "params": {"frequency_log": 4.054372914231478, "gradient": 0.27957601578143715, "magnitude": 6.873101019583103e-05, "magnitude_min": -0.0005806388092061846}, "datetime": {"datetime": "2024-04-07 16:51:01", "elapsed": 291.083673, "delta": 6.122031}}
{"target": 29.208768935724418, "params": {"frequency_log": 3.0227695140116055, "gradient": 0.1978710439807229, "magnitude": 0.0004944495315864086, "magnitude_min": -0.0005848937184444612}, "datetime": {"datetime": "2024-04-07 16:51:13", "elapsed": 302.733494, "delta": 11.649821}}
{"target": 26.12991462922535, "params": {"frequency_log": 4.7005539383608745, "gradient": 0.0066357247459827295, "magnitude": 0.00031673691036126063, "magnitude_min": -0.00037650949507634133}, "datetime": {"datetime": "2024-04-07 16:51:21", "elapsed": 310.206741, "delta": 7.473247}}
{"target": 80.5584519713825, "params": {"frequency_log": 2.633562900030216, "gradient": 0.1856290394061077, "magnitude": 0.00022081377540850145, "magnitude_min": -0.0006771934160451204}, "datetime": {"datetime": "2024-04-07 16:51:30", "elapsed": 320.149459, "delta": 9.942718}}
{"target": 38.12478087930822, "params": {"frequency_log": 3.6429294343349485, "gradient": 0.14944014575367798, "magnitude": 0.00043333713710361264, "magnitude_min": -0.00022220089804019162}, "datetime": {"datetime": "2024-04-07 16:51:38", "elapsed": 328.125079, "delta": 7.97562}}
{"target": 25.321811826403724, "params": {"frequency_log": 3.3036183154350036, "gradient": 0.0918282736609335, "magnitude": 0.0004670850180160924, "magnitude_min": -0.0004307046955627221}, "datetime": {"datetime": "2024-04-07 16:51:49", "elapsed": 338.699122, "delta": 10.574043}}
{"target": 31.553276083273936, "params": {"frequency_log": 4.618651945087982, "gradient": 0.17944168078687614, "magnitude": 0.00032723671584625484, "magnitude_min": -0.00039952182328952126}, "datetime": {"datetime": "2024-04-07 16:51:57", "elapsed": 346.726087, "delta": 8.026965}}
{"target": 28.03227933208449, "params": {"frequency_log": 2.4119732336579522, "gradient": 0.04491802383330756, "magnitude": 0.0005923556560542171, "magnitude_min": -0.00028644107467042356}, "datetime": {"datetime": "2024-04-07 16:52:07", "elapsed": 356.242286, "delta": 9.516199}}
{"target": 24.69199166782259, "params": {"frequency_log": 3.8488064657207075, "gradient": 0.28256328497581956, "magnitude": 0.0006118046397472788, "magnitude_min": -0.0005381482576113645}, "datetime": {"datetime": "2024-04-07 16:52:18", "elapsed": 367.433639, "delta": 11.191353}}
{"target": 27.73117216421413, "params": {"frequency_log": 2.5988446855334293, "gradient": 0.09413617658461892, "magnitude": 0.0005067287161564142, "magnitude_min": -0.0005698988461182584}, "datetime": {"datetime": "2024-04-07 16:52:29", "elapsed": 379.084243, "delta": 11.650604}}
{"target": 22.94137081612672, "params": {"frequency_log": 3.1705733206452216, "gradient": 0.05206515445383781, "magnitude": 0.00012517158548328383, "magnitude_min": -6.0479236178854036e-05}, "datetime": {"datetime": "2024-04-07 16:52:33", "elapsed": 383.115103, "delta": 4.03086}}
{"target": 22.812419061235133, "params": {"frequency_log": 4.704031604354256, "gradient": 0.05845402773622133, "magnitude": 0.0003880140113100526, "magnitude_min": -0.0003768181685599892}, "datetime": {"datetime": "2024-04-07 16:52:42", "elapsed": 391.439614, "delta": 8.324511}}
{"target": 63.733470263570034, "params": {"frequency_log": 3.260085468714664, "gradient": 0.20580704743904712, "magnitude": 0.00028475206977560737, "magnitude_min": -0.0004537132660407152}, "datetime": {"datetime": "2024-04-07 16:52:52", "elapsed": 401.337942, "delta": 9.898328}}
{"target": 20.26320729986971, "params": {"frequency_log": 4.22625530556596, "gradient": 0.09326970369008016, "magnitude": 0.00015786185132334057, "magnitude_min": -0.00014479583715900257}, "datetime": {"datetime": "2024-04-07 16:52:56", "elapsed": 405.567654, "delta": 4.229712}}
{"target": 22.53844349456015, "params": {"frequency_log": 4.269561531287728, "gradient": 0.1861279909134825, "magnitude": 0.00034988133872075307, "magnitude_min": -3.282874624120711e-05}, "datetime": {"datetime": "2024-04-07 16:53:01", "elapsed": 410.529752, "delta": 4.962098}}
{"target": 46.54812495341423, "params": {"frequency_log": 3.7852693217034665, "gradient": 0.018059417184218805, "magnitude": 0.00037329134502930725, "magnitude_min": -0.0006245675559613598}, "datetime": {"datetime": "2024-04-07 16:53:11", "elapsed": 420.749619, "delta": 10.219867}}
{"target": 27.934431167945508, "params": {"frequency_log": 3.474965940621086, "gradient": 0.16180117765503135, "magnitude": 0.0003264526685222924, "magnitude_min": -0.0003410995802122795}, "datetime": {"datetime": "2024-04-07 16:53:21", "elapsed": 430.29835, "delta": 9.548731}}
{"target": 16.22921967391785, "params": {"frequency_log": 4.496688947658599, "gradient": 0.21417064353196166, "magnitude": 1.4358893960556795e-05, "magnitude_min": -6.047917492946989e-05}, "datetime": {"datetime": "2024-04-07 16:53:24", "elapsed": 433.995054, "delta": 3.696704}}
{"target": 25.99990296718548, "params": {"frequency_log": 3.8222997643159378, "gradient": 0.03469685170061238, "magnitude": 0.00017453956532416105, "magnitude_min": -0.0002861022888428954}, "datetime": {"datetime": "2024-04-07 16:53:31", "elapsed": 440.26346, "delta": 6.268406}}
{"target": 39.37623828931319, "params": {"frequency_log": 3.4415462789914013, "gradient": 0.19014737820506689, "magnitude": 0.0004740705530447881, "magnitude_min": -0.0006774771647603748}, "datetime": {"datetime": "2024-04-07 16:53:42", "elapsed": 451.89892, "delta": 11.63546}}
{"target": 26.46995030741566, "params": {"frequency_log": 4.056240302736828, "gradient": 0.12020293410545302, "magnitude": 0.000490203503104423, "magnitude_min": -0.00040491721188650685}, "datetime": {"datetime": "2024-04-07 16:53:52", "elapsed": 461.946697, "delta": 10.047777}}
{"target": 68.89891950134306, "params": {"frequency_log": 2.834703444216749, "gradient": 0.14065798421395256, "magnitude": 2.6199393464601962e-05, "magnitude_min": -0.0004531086824898565}, "datetime": {"datetime": "2024-04-07 16:53:59", "elapsed": 468.359525, "delta": 6.412828}}
{"target": 46.40237062564746, "params": {"frequency_log": 4.600693963463758, "gradient": 0.29279557942086265, "magnitude": 0.0003222934405434471, "magnitude_min": -0.00046869643594673867}, "datetime": {"datetime": "2024-04-07 16:54:08", "elapsed": 477.351208, "delta": 8.991683}}
{"target": 25.508583923637772, "params": {"frequency_log": 3.3359133332533895, "gradient": 0.18322548180137876, "magnitude": 0.000656095611735463, "magnitude_min": -0.0005308060632006476}, "datetime": {"datetime": "2024-04-07 16:54:19", "elapsed": 488.34202, "delta": 10.990812}}
{"target": 21.990681739801893, "params": {"frequency_log": 3.4278481838257893, "gradient": 0.19497729693538476, "magnitude": 0.0006249370373066225, "magnitude_min": -0.0001589229588272481}, "datetime": {"datetime": "2024-04-07 16:54:26", "elapsed": 495.536409, "delta": 7.194389}}
{"target": 26.50387850060477, "params": {"frequency_log": 3.369656462715625, "gradient": 0.13750633479456895, "magnitude": 0.0005963427760016361, "magnitude_min": -0.00042614657149738443}, "datetime": {"datetime": "2024-04-07 16:54:36", "elapsed": 506.139251, "delta": 10.602842}}
{"target": 30.464252616548396, "params": {"frequency_log": 3.9947544724235646, "gradient": 0.14030116059679693, "magnitude": 0.0005700258031663755, "magnitude_min": -0.00037603074463044836}, "datetime": {"datetime": "2024-04-07 16:54:46", "elapsed": 515.638693, "delta": 9.499442}}
{"target": 43.9681245260911, "params": {"frequency_log": 3.3824382376569053, "gradient": 0.2769183826621706, "magnitude": 0.0001263602270821213, "magnitude_min": -0.0002536820956962845}, "datetime": {"datetime": "2024-04-07 16:54:54", "elapsed": 523.682931, "delta": 8.044238}}
{"target": 27.43144327475773, "params": {"frequency_log": 3.728823180390782, "gradient": 0.10548902816343951, "magnitude": 2.8365444215893907e-05, "magnitude_min": -0.00029877023068160393}, "datetime": {"datetime": "2024-04-07 16:54:59", "elapsed": 528.932692, "delta": 5.249761}}
{"target": 56.04216127208607, "params": {"frequency_log": 4.671412633811121, "gradient": 0.14295296535117322, "magnitude": 0.0002227414080999961, "magnitude_min": -0.000623316636228482}, "datetime": {"datetime": "2024-04-07 16:55:07", "elapsed": 536.591709, "delta": 7.659017}}
{"target": 25.37976052908798, "params": {"frequency_log": 2.935510612862883, "gradient": 0.21525600836251244, "magnitude": 0.0006976735588733078, "magnitude_min": -0.0004078715551330329}, "datetime": {"datetime": "2024-04-07 16:55:18", "elapsed": 547.756349, "delta": 11.16464}}
{"target": 23.710702773821517, "params": {"frequency_log": 4.019105052372451, "gradient": 0.03537583237453553, "magnitude": 0.0005208334435686708, "magnitude_min": -0.00013477782400322924}, "datetime": {"datetime": "2024-04-07 16:55:24", "elapsed": 554.167452, "delta": 6.411103}}
{"target": 24.51011032383671, "params": {"frequency_log": 4.3115125087790345, "gradient": 0.0636692459696259, "magnitude": 0.0004926729462122878, "magnitude_min": -0.00044006976591678363}, "datetime": {"datetime": "2024-04-07 16:55:35", "elapsed": 564.521033, "delta": 10.353581}}
{"target": 36.621190081416046, "params": {"frequency_log": 2.4461886904027663, "gradient": 0.005787934572586228, "magnitude": 0.0001945763808604065, "magnitude_min": -0.00033908659084082624}, "datetime": {"datetime": "2024-04-07 16:55:44", "elapsed": 573.333365, "delta": 8.812332}}
{"target": 27.10760761378889, "params": {"frequency_log": 4.197493841726762, "gradient": 0.23605830432042268, "magnitude": 0.0002477442030244306, "magnitude_min": -0.00010502307971214117}, "datetime": {"datetime": "2024-04-07 16:55:49", "elapsed": 579.012847, "delta": 5.679482}}
{"target": 52.98663169901964, "params": {"frequency_log": 2.7328402567409156, "gradient": 0.25971072853095156, "magnitude": 0.00039641485642599294, "magnitude_min": -0.0006576232467914554}, "datetime": {"datetime": "2024-04-07 16:56:04", "elapsed": 593.967495, "delta": 14.954648}}
{"target": 35.39706213314887, "params": {"frequency_log": 3.6237751707089725, "gradient": 0.1600149172471424, "magnitude": 0.00039840590007391563, "magnitude_min": -0.000521757881878851}, "datetime": {"datetime": "2024-04-07 16:56:15", "elapsed": 604.309385, "delta": 10.34189}}
{"target": 26.00275235185109, "params": {"frequency_log": 2.1253157655473007, "gradient": 0.006303427153391516, "magnitude": 9.722138726143983e-05, "magnitude_min": -0.0001093387853522451}, "datetime": {"datetime": "2024-04-07 16:56:20", "elapsed": 609.432027, "delta": 5.122642}}
{"target": 17.82937610803024, "params": {"frequency_log": 4.819084236589804, "gradient": 0.06882420403399817, "magnitude": 0.0006353337559293734, "magnitude_min": -1.7671540951916427e-06}, "datetime": {"datetime": "2024-04-07 16:56:24", "elapsed": 613.52489, "delta": 4.092863}}
{"target": 28.03747030103877, "params": {"frequency_log": 3.6552964612492422, "gradient": 0.09955490711519195, "magnitude": 0.0001920965046209406, "magnitude_min": -0.00027934787006904664}, "datetime": {"datetime": "2024-04-07 16:56:30", "elapsed": 620.009643, "delta": 6.484753}}
{"target": 66.40166278612767, "params": {"frequency_log": 2.725571661326095, "gradient": 0.21130372876780465, "magnitude": 0.00018177857763770238, "magnitude_min": -0.0003979993293178724}, "datetime": {"datetime": "2024-04-07 16:56:41", "elapsed": 630.813085, "delta": 10.803442}}
{"target": 26.677605425797115, "params": {"frequency_log": 3.6620175843502265, "gradient": 0.007630853182041808, "magnitude": 0.0005336283751337515, "magnitude_min": -0.0005979945756193719}, "datetime": {"datetime": "2024-04-07 16:56:52", "elapsed": 642.017685, "delta": 11.2046}}
{"target": 24.71425214528828, "params": {"frequency_log": 4.320990868532213, "gradient": 0.15424515556929555, "magnitude": 0.00047207594647155263, "magnitude_min": -0.0004183350912659029}, "datetime": {"datetime": "2024-04-07 16:57:02", "elapsed": 651.770673, "delta": 9.752988}}
