{"target": 25.603528327353747, "params": {"frequency_log": 2.369199976325237, "gradient": 0.2255882431572261, "magnitude": 0.00051611214053398, "magnitude_min": -0.0005662148593733027}, "datetime": {"datetime": "2024-04-07 16:57:18", "elapsed": 667.332789, "delta": 15.562116}}
{"target": 26.16477116434438, "params": {"frequency_log": 2.505558703776728, "gradient": 0.20443316205356904, "magnitude": 0.0005317910914407621, "magnitude_min": -0.0004560817678200335}, "datetime": {"datetime": "2024-04-07 16:57:30", "elapsed": 679.661562, "delta": 12.328773}}
{"target": 26.847361375464587, "params": {"frequency_log": 4.729519130131134, "gradient": 0.21219069313850103, "magnitude": 0.00034541046469434224, "magnitude_min": -0.0003747669342607248}, "datetime": {"datetime": "2024-04-07 16:57:38", "elapsed": 687.818697, "delta": 8.157135}}
{"target": 11.202927091460934, "params": {"frequency_log": 2.9265403553379055, "gradient": 0.17076364659172472, "magnitude": 0.00011586386829013638, "magnitude_min": -6.445328278034668e-05}, "datetime": {"datetime": "2024-04-07 16:57:44", "elapsed": 693.558812, "delta": 5.740115}}
{"target": 25.929984108567204, "params": {"frequency_log": 4.393419846216091, "gradient": 0.09564898375802355, "magnitude": 0.000378127251670323, "magnitude_min": -0.00014269087515835454}, "datetime": {"datetime": "2024-04-07 16:57:50", "elapsed": 699.638106, "delta": 6.079294}}
{"target": 51.297224185751624, "params": {"frequency_log": 2.192778276756453, "gradient": 0.26649021445432786, "magnitude": 0.0004115143996466093, "magnitude_min": -0.000689936945618061}, "datetime": {"datetime": "2024-04-07 16:58:17", "elapsed": 726.447718, "delta": 26.809612}}
{"target": 19.29419413421874, "params": {"frequency_log": 4.577459281729086, "gradient": 0.07256087129319985, "magnitude": 0.0005724521574825401, "magnitude_min": -3.563442254402667e-05}, "datetime": {"datetime": "2024-04-07 16:58:21", "elapsed": 730.925278, "delta": 4.47756}}
{"target": 34.17270247344828, "params": {"frequency_log": 4.685840543636302, "gradient": 0.29195334022736524, "magnitude": 0.00043830646755581786, "magnitude_min": -0.0005345554098903045}, "datetime": {"datetime": "2024-04-07 16:58:31", "elapsed": 741.07601, "delta": 10.150732}}
{"target": 23.4251967350195, "params": {"frequency_log": 3.9034616924568386, "gradient": 0.04882771768607347, "magnitude": 0.00018773916594928036, "magnitude_min": -0.00018830466945238115}, "datetime": {"datetime": "2024-04-07 16:58:36", "elapsed": 745.922391, "delta": 4.846381}}
{"target": 31.203958925528347, "params": {"frequency_log": 3.36892983347138, "gradient": 0.12655215761560773, "magnitude": 0.0004292296382638513, "magnitude_min": -0.0005223818203073387}, "datetime": {"datetime": "2024-04-07 16:58:48", "elapsed": 757.384784, "delta": 11.462393}}
{"target": 75.72308017417186, "params": {"frequency_log": 2.115990164153305, "gradient": 0.16424191258629453, "magnitude": 4.164400873606722e-05, "magnitude_min": -0.0005259157409240431}, "datetime": {"datetime": "2024-04-07 16:58:58", "elapsed": 767.293913, "delta": 9.909129}}
{"target": 35.92900919075365, "params": {"frequency_log": 2.545472440354722, "gradient": 0.10264394910752261, "magnitude": 0.0004592854322390927, "magnitude_min": -0.00014204436721293782}, "datetime": {"datetime": "2024-04-07 16:59:06", "elapsed": 775.290822, "delta": 7.996909}}
{"target": 31.502367946182698, "params": {"frequency_log": 2.985106217458278, "gradient": 0.1871420379458694, "magnitude": 0.0005754410631551447, "magnitude_min": -0.0003001561909890644}, "datetime": {"datetime": "2024-04-07 16:59:15", "elapsed": 784.78033, "delta": 9.489508}}
{"target": 77.46448549993477, "params": {"frequency_log": 4.578910015786242, "gradient": 0.28548764042742375, "magnitude": 0.00024995091114684014, "magnitude_min": -0.0006480886694566404}, "datetime": {"datetime": "2024-04-07 16:59:23", "elapsed": 793.119315, "delta": 8.338985}}
{"target": 48.9914333352222, "params": {"frequency_log": 2.4648392555722936, "gradient": 0.11413514080507545, "magnitude": 0.0003774283578008735, "magnitude_min": -0.00016531278661879737}, "datetime": {"datetime": "2024-04-07 16:59:32", "elapsed": 801.900521, "delta": 8.781206}}
{"target": 19.89038801720695, "params": {"frequency_log": 3.7628572714511095, "gradient": 0.019692314809532784, "magnitude": 0.0002570588380418832, "magnitude_min": -1.2421654624237503e-05}, "datetime": {"datetime": "2024-04-07 16:59:37", "elapsed": 806.408734, "delta": 4.508213}}
{"target": 42.41533088047509, "params": {"frequency_log": 2.5769891044899493, "gradient": 0.0029561415909910124, "magnitude": 0.0003834552754765873, "magnitude_min": -0.0001842175205625158}, "datetime": {"datetime": "2024-04-07 16:59:45", "elapsed": 814.934316, "delta": 8.525582}}
{"target": 26.20727219592711, "params": {"frequency_log": 4.0872058902612265, "gradient": 0.08663280189955003, "magnitude": 0.0006429198951502761, "magnitude_min": -0.0005975362786941316}, "datetime": {"datetime": "2024-04-07 16:59:57", "elapsed": 826.227854, "delta": 11.293538}}
{"target": 46.23744632820374, "params": {"frequency_log": 3.7240778458661254, "gradient": 0.004726370875369734, "magnitude": 0.00017165748524679958, "magnitude_min": -0.0005743995170652621}, "datetime": {"datetime": "2024-04-07 17:00:04", "elapsed": 833.953525, "delta": 7.725671}}
{"target": 24.82791067851789, "params": {"frequency_log": 4.993561355558121, "gradient": 0.13543269884192985, "magnitude": 0.0006297733699771439, "magnitude_min": -0.0002546135186215951}, "datetime": {"datetime": "2024-04-07 17:00:12", "elapsed": 841.234291, "delta": 7.280766}}
{"target": 79.65967992584201, "params": {"frequency_log": 2.2542869317915266, "gradient": 0.09686926919605086, "magnitude": 0.00023296954691921133, "magnitude_min": -0.000665956317280061}, "datetime": {"datetime": "2024-04-07 17:00:22", "elapsed": 851.59439, "delta": 10.360099}}
{"target": 26.678772378446773, "params": {"frequency_log": 3.2879031712221867, "gradient": 0.2636548612287942, "magnitude": 0.00017486686623682782, "magnitude_min": -0.00011102033872499898}, "datetime": {"datetime": "2024-04-07 17:00:30", "elapsed": 859.211279, "delta": 7.616889}}
{"target": 18.656560403503363, "params": {"frequency_log": 3.3869499227529856, "gradient": 0.032173084733838786, "magnitude": 0.0006916013453771235, "magnitude_min": -0.000163160839726993}, "datetime": {"datetime": "2024-04-07 17:00:38", "elapsed": 867.217561, "delta": 8.006282}}
{"target": 42.87858121456104, "params": {"frequency_log": 2.445181170906265, "gradient": 0.29562325033536524, "magnitude": 0.0002209368176004802, "magnitude_min": -1.5134070747626163e-05}, "datetime": {"datetime": "2024-04-07 17:01:12", "elapsed": 902.041619, "delta": 34.824058}}
{"target": 25.561408341315914, "params": {"frequency_log": 2.001488154481736, "gradient": 0.2283297555614221, "magnitude": 0.0006283104406785289, "magnitude_min": -0.0005161926451639393}, "datetime": {"datetime": "2024-04-07 17:01:38", "elapsed": 927.93441, "delta": 25.892791}}
{"target": 39.40030204434828, "params": {"frequency_log": 2.8092902368042543, "gradient": 0.18850102228865084, "magnitude": 0.00040148467434454106, "magnitude_min": -0.00012183136243735832}, "datetime": {"datetime": "2024-04-07 17:01:48", "elapsed": 937.930126, "delta": 9.995716}}
{"target": 26.507484061492914, "params": {"frequency_log": 4.249384187809979, "gradient": 0.22671210206431888, "magnitude": 0.00041103310093631523, "magnitude_min": -0.0004270244932142347}, "datetime": {"datetime": "2024-04-07 17:02:01", "elapsed": 950.357989, "delta": 12.427863}}
{"target": 79.73814413539603, "params": {"frequency_log": 3.8719777374820117, "gradient": 0.24264724369864396, "magnitude": 0.00019907389628472273, "magnitude_min": -0.0006998685046054311}, "datetime": {"datetime": "2024-04-07 17:02:11", "elapsed": 960.205329, "delta": 9.84734}}
