{"target": 22.5263585591128, "params": {"frequency_log": 3.581898908975174, "gradient": 0.24242139101467644, "magnitude": 0.0005529997417256992, "magnitude_min": -0.00024974620621698535}, "datetime": {"datetime": "2024-04-03 16:37:32", "elapsed": 2132.669277, "delta": 39.468257}}
{"target": 33.02164431068485, "params": {"frequency_log": 2.6125676354012644, "gradient": 0.25989377399561614, "magnitude": 0.00023164069837589504, "magnitude_min": -0.0003748555586895075}, "datetime": {"datetime": "2024-04-03 16:38:43", "elapsed": 2203.54737, "delta": 70.878093}}
{"target": 26.76309711616961, "params": {"frequency_log": 2.2074490856253117, "gradient": 0.29264088013699224, "magnitude": 0.0006561390539738123, "magnitude_min": -0.0005055295399165074}, "datetime": {"datetime": "2024-04-03 16:39:57", "elapsed": 2278.070077, "delta": 74.522707}}
{"target": 20.09580006842127, "params": {"frequency_log": 4.581860424865171, "gradient": 0.09359762915090143, "magnitude": 0.00047454401309920204, "magnitude_min": -7.45443692635033e-05}, "datetime": {"datetime": "2024-04-03 16:40:07", "elapsed": 2287.458108, "delta": 9.388031}}
{"target": 24.156341442301855, "params": {"frequency_log": 2.030817469597463, "gradient": 0.16228693235104927, "magnitude": 4.537225308328061e-05, "magnitude_min": -9.936069400836428e-05}, "datetime": {"datetime": "2024-04-03 16:40:29", "elapsed": 2309.941483, "delta": 22.483375}}
{"target": 27.218040074031414, "params": {"frequency_log": 3.812359947129118, "gradient": 0.20701885243909443, "magnitude": 0.0004565572147965852, "magnitude_min": -0.0004094341867295912}, "datetime": {"datetime": "2024-04-03 16:40:59", "elapsed": 2339.425695, "delta": 29.484212}}
{"target": 25.932418606679818, "params": {"frequency_log": 2.3547927527380277, "gradient": 0.16464850722515303, "magnitude": 3.655567564362854e-05, "magnitude_min": -0.000673196501817917}, "datetime": {"datetime": "2024-04-03 16:41:19", "elapsed": 2359.802751, "delta": 20.377056}}
{"target": 27.39491449568468, "params": {"frequency_log": 2.826992745613704, "gradient": 0.11788067975744942, "magnitude": 0.0003977194200865323, "magnitude_min": -0.0006162547902540523}, "datetime": {"datetime": "2024-04-03 16:41:55", "elapsed": 2395.93613, "delta": 36.133379}}
{"target": 28.14353965675901, "params": {"frequency_log": 2.617365971784933, "gradient": 0.25830947699827783, "magnitude": 0.0002795510006280993, "magnitude_min": -0.0005977775316386694}, "datetime": {"datetime": "2024-04-03 16:42:48", "elapsed": 2448.254937, "delta": 52.318807}}
{"target": 27.594372452282254, "params": {"frequency_log": 3.8127244072382434, "gradient": 0.2077024594860939, "magnitude": 0.0004433991766536737, "magnitude_min": -0.0005853459161625036}, "datetime": {"datetime": "2024-04-03 16:43:21", "elapsed": 2481.925348, "delta": 33.670411}}
{"target": 29.182911509551488, "params": {"frequency_log": 2.613958561837558, "gradient": 0.26129533188444465, "magnitude": 0.00023877001083765333, "magnitude_min": -0.000510155900616887}, "datetime": {"datetime": "2024-04-03 16:44:16", "elapsed": 2536.771624, "delta": 54.846276}}
{"target": 21.67312125577212, "params": {"frequency_log": 4.865587187788644, "gradient": 0.19001182518423418, "magnitude": 0.0003207603063281533, "magnitude_min": -0.0001292476584375629}, "datetime": {"datetime": "2024-04-03 16:44:27", "elapsed": 2547.46996, "delta": 10.698336}}
{"target": 35.00904239644139, "params": {"frequency_log": 3.1327510708024926, "gradient": 0.26963780222462186, "magnitude": 0.0002749637287338856, "magnitude_min": -0.00017532768017174236}, "datetime": {"datetime": "2024-04-03 16:44:56", "elapsed": 2576.146715, "delta": 28.676755}}
{"target": 28.04518000856034, "params": {"frequency_log": 2.9736072715437727, "gradient": 0.18690890020610104, "magnitude": 0.000350166924035892, "magnitude_min": -0.0005794354793482192}, "datetime": {"datetime": "2024-04-03 16:45:31", "elapsed": 2611.489696, "delta": 35.342981}}
{"target": 19.42780855064049, "params": {"frequency_log": 3.676927347999172, "gradient": 0.059571811842521145, "magnitude": 0.00027921118857899906, "magnitude_min": -8.737482066233917e-06}, "datetime": {"datetime": "2024-04-03 16:45:40", "elapsed": 2620.116681, "delta": 8.626985}}
{"target": 25.89455059531076, "params": {"frequency_log": 2.330438043649851, "gradient": 0.1461489275425014, "magnitude": 0.0006352244266285594, "magnitude_min": -0.0004977040223917185}, "datetime": {"datetime": "2024-04-03 16:46:20", "elapsed": 2660.428889, "delta": 40.312208}}
{"target": 24.576940474187364, "params": {"frequency_log": 2.975480557407735, "gradient": 0.19063185159937948, "magnitude": 0.0004027957733850642, "magnitude_min": -6.972440152107286e-05}, "datetime": {"datetime": "2024-04-03 16:46:38", "elapsed": 2678.73085, "delta": 18.301961}}
{"target": 25.160275665374275, "params": {"frequency_log": 4.115032086341626, "gradient": 0.1467378327773007, "magnitude": 0.00034491582574537117, "magnitude_min": -0.0005614991463337778}, "datetime": {"datetime": "2024-04-03 16:47:05", "elapsed": 2705.601448, "delta": 26.870598}}
{"target": 35.384660034338474, "params": {"frequency_log": 2.6104253662592396, "gradient": 0.2637593842594598, "magnitude": 0.00024012672306779237, "magnitude_min": -0.00032659346876989695}, "datetime": {"datetime": "2024-04-03 16:48:01", "elapsed": 2761.687555, "delta": 56.086107}}
{"target": 18.803016894791984, "params": {"frequency_log": 4.776760455329404, "gradient": 0.2161490925994442, "magnitude": 0.00011555529627806349, "magnitude_min": -0.0002361161060535965}, "datetime": {"datetime": "2024-04-03 16:48:09", "elapsed": 2769.322748, "delta": 7.635193}}
{"target": 21.574505419433116, "params": {"frequency_log": 3.481553219397286, "gradient": 0.15293607122544764, "magnitude": 0.00013352876156461852, "magnitude_min": -0.00023246315070158232}, "datetime": {"datetime": "2024-04-03 16:48:20", "elapsed": 2780.879703, "delta": 11.556955}}
{"target": 30.427033083856163, "params": {"frequency_log": 2.029818308551021, "gradient": 0.16801100587139023, "magnitude": 0.0005102503869386531, "magnitude_min": -0.0005095139768455555}, "datetime": {"datetime": "2024-04-03 16:48:54", "elapsed": 2814.394715, "delta": 33.515012}}
{"target": 40.35348619187068, "params": {"frequency_log": 2.6139182118486617, "gradient": 0.2657913463381857, "magnitude": 0.00018135817942350931, "magnitude_min": -0.00012161696471433886}, "datetime": {"datetime": "2024-04-03 16:49:28", "elapsed": 2848.569604, "delta": 34.174889}}
{"target": 27.600026457694508, "params": {"frequency_log": 2.716384399722487, "gradient": 0.09184234421971685, "magnitude": 0.0003357026080165521, "magnitude_min": -0.0006099122265382658}, "datetime": {"datetime": "2024-04-03 16:49:49", "elapsed": 2870.047597, "delta": 21.477993}}
{"target": 19.753212386943716, "params": {"frequency_log": 3.064997022304915, "gradient": 0.03181893866579514, "magnitude": 0.0002500126328589435, "magnitude_min": -5.67030190827321e-05}, "datetime": {"datetime": "2024-04-03 16:49:59", "elapsed": 2879.960989, "delta": 9.913392}}
{"target": 27.791728649778186, "params": {"frequency_log": 2.972751137232856, "gradient": 0.19133064643491368, "magnitude": 0.0006357621234602316, "magnitude_min": -0.0006812708226588036}, "datetime": {"datetime": "2024-04-03 16:50:31", "elapsed": 2911.603937, "delta": 31.642948}}
{"target": 27.4033279866643, "params": {"frequency_log": 2.4730576687849197, "gradient": 0.1380150472453444, "magnitude": 0.0003106183289056909, "magnitude_min": -0.0006609249813363808}, "datetime": {"datetime": "2024-04-03 16:50:59", "elapsed": 2939.228937, "delta": 27.625}}
{"target": 26.745987464469334, "params": {"frequency_log": 3.9303627470559954, "gradient": 0.23971577838425084, "magnitude": 0.00020229750505151725, "magnitude_min": -0.00039615821499559324}, "datetime": {"datetime": "2024-04-03 16:51:15", "elapsed": 2955.285171, "delta": 16.056234}}
