{"target": 32.6815529035933, "params": {"frequency_log": 2.0, "gradient": 0.1, "magnitude": 0.0002, "magnitude_min": -0.00035}, "datetime": {"datetime": "2024-04-03 15:57:10", "elapsed": 0.0, "delta": 0.0}}
{"target": 30.50199473690481, "params": {"frequency_log": 3.251066014107722, "gradient": 0.21609734803264743, "magnitude": 8.006237214142064e-08, "magnitude_min": -0.0004883671991577122}, "datetime": {"datetime": "2024-04-03 15:57:23", "elapsed": 12.744334, "delta": 12.744334}}
{"target": 26.339400009513653, "params": {"frequency_log": 2.440267672451339, "gradient": 0.027701578430639338, "magnitude": 0.00013038214796436964, "magnitude_min": -0.00045810749106986654}, "datetime": {"datetime": "2024-04-03 15:57:44", "elapsed": 33.813321, "delta": 21.068987}}
{"target": 29.16037465487206, "params": {"frequency_log": 3.19030242269201, "gradient": 0.16164502020100707, "magnitude": 0.00029343616008230635, "magnitude_min": -0.00022034634972226835}, "datetime": {"datetime": "2024-04-03 15:58:01", "elapsed": 51.326314, "delta": 17.512993}}
{"target": 35.21579674931464, "params": {"frequency_log": 2.613356749194552, "gradient": 0.2634352309172836, "magnitude": 1.9171315238548315e-05, "magnitude_min": -0.00023067274287511842}, "datetime": {"datetime": "2024-04-03 15:58:45", "elapsed": 95.05455, "delta": 43.728236}}
{"target": 27.404345510318507, "params": {"frequency_log": 3.251914407101381, "gradient": 0.16760694853372549, "magnitude": 9.827085701666364e-05, "magnitude_min": -0.0005613289576405848}, "datetime": {"datetime": "2024-04-03 15:59:01", "elapsed": 111.116387, "delta": 16.061837}}
{"target": 23.982006265432254, "params": {"frequency_log": 2.023159567952363, "gradient": 0.04855828026380886, "magnitude": 0.0004965583239189989, "magnitude_min": -0.00016468419870587934}, "datetime": {"datetime": "2024-04-03 16:01:59", "elapsed": 0.0, "delta": 0.0}}
{"target": 24.861597622667198, "params": {"frequency_log": 3.327671952366387, "gradient": 0.12404121238022008, "magnitude": 0.00038346346204996953, "magnitude_min": -0.0001790588928973347}, "datetime": {"datetime": "2024-04-03 16:02:17", "elapsed": 17.892506, "delta": 17.892506}}
{"target": 19.086869003202736, "params": {"frequency_log": 3.8701570588357623, "gradient": 0.06696736098041242, "magnitude": 0.0006713662529162275, "magnitude_min": -0.0001367204895209997}, "datetime": {"datetime": "2024-04-03 16:02:34", "elapsed": 34.344091, "delta": 16.451585}}
{"target": 23.711013911058703, "params": {"frequency_log": 2.0636188209578865, "gradient": 0.24236437188801635, "magnitude": 0.0006753988787722318, "magnitude_min": -0.00020854888092948314}, "datetime": {"datetime": "2024-04-03 16:03:27", "elapsed": 87.737204, "delta": 53.393113}}
{"target": 19.3009354167347, "params": {"frequency_log": 3.0932575747022857, "gradient": 0.006719433340067848, "magnitude": 0.00010669004233772452, "magnitude_min": -1.9934933282947983e-05}, "datetime": {"datetime": "2024-04-03 16:03:33", "elapsed": 93.30925, "delta": 5.572046}}
{"target": 22.322354496185383, "params": {"frequency_log": 2.6214599902750924, "gradient": 0.2636272745908864, "magnitude": 0.000594474681360118, "magnitude_min": -0.00013143963262660866}, "datetime": {"datetime": "2024-04-03 16:04:03", "elapsed": 123.677746, "delta": 30.368496}}
{"target": 21.83454048381244, "params": {"frequency_log": 4.943693881935696, "gradient": 0.08112519854432167, "magnitude": 0.0005661495126488377, "magnitude_min": -0.00038740846750982}, "datetime": {"datetime": "2024-04-03 16:04:31", "elapsed": 151.90479, "delta": 28.227044}}
{"target": 32.02697836250981, "params": {"frequency_log": 2.974627284197036, "gradient": 0.1907344248557382, "magnitude": 0.00028035357655264244, "magnitude_min": -0.0001739116400597769}, "datetime": {"datetime": "2024-04-03 16:04:54", "elapsed": 174.695734, "delta": 22.790944}}
{"target": 31.489953279474328, "params": {"frequency_log": 2.917733662011333, "gradient": 0.20299599120390802, "magnitude": 0.0003859672097924863, "magnitude_min": -0.0004788996325020018}, "datetime": {"datetime": "2024-04-03 16:05:33", "elapsed": 213.447098, "delta": 38.751364}}
{"target": 26.141487928146137, "params": {"frequency_log": 3.191553592461858, "gradient": 0.05825336892575787, "magnitude": 3.699918387580985e-05, "magnitude_min": -0.00045853357817194197}, "datetime": {"datetime": "2024-04-03 16:05:48", "elapsed": 229.045588, "delta": 15.59849}}
{"target": 33.33547517550484, "params": {"frequency_log": 2.028390956475857, "gradient": 0.16506127003732135, "magnitude": 0.00011339179341470655, "magnitude_min": -0.00036554056057928815}, "datetime": {"datetime": "2024-04-03 16:06:27", "elapsed": 267.428586, "delta": 38.382998}}
{"target": 28.92884314495997, "params": {"frequency_log": 2.9970579957890715, "gradient": 0.1454377519540884, "magnitude": 0.0002917784160818304, "magnitude_min": -0.000125418804589282}, "datetime": {"datetime": "2024-04-03 16:06:43", "elapsed": 283.582329, "delta": 16.153743}}
{"target": 23.951997635099964, "params": {"frequency_log": 2.702171222603207, "gradient": 0.13410055670361823, "magnitude": 0.0003850767991317916, "magnitude_min": -3.5572118801792505e-05}, "datetime": {"datetime": "2024-04-03 16:06:57", "elapsed": 297.858447, "delta": 14.276118}}
{"target": 28.872920231058856, "params": {"frequency_log": 2.3536131895492165, "gradient": 0.1651593287330035, "magnitude": 0.00034402559832147746, "magnitude_min": -0.0005978276074198323}, "datetime": {"datetime": "2024-04-03 16:07:38", "elapsed": 338.561192, "delta": 40.702745}}
{"target": 18.467545516385986, "params": {"frequency_log": 2.7881606260490273, "gradient": 0.006550156593460077, "magnitude": 0.0001172288620378674, "magnitude_min": -0.000250860420704965}, "datetime": {"datetime": "2024-04-03 16:07:55", "elapsed": 355.258379, "delta": 16.697187}}
{"target": 27.616899511975646, "params": {"frequency_log": 2.588243899289827, "gradient": 0.12011073395740138, "magnitude": 0.0003607298984496744, "magnitude_min": -0.0006509397023508343}, "datetime": {"datetime": "2024-04-03 16:08:33", "elapsed": 393.516168, "delta": 38.257789}}
{"target": 23.591235858885554, "params": {"frequency_log": 2.542365559033146, "gradient": 0.08153138834837391, "magnitude": 0.0005624784323563651, "magnitude_min": -0.0002463730194846338}, "datetime": {"datetime": "2024-04-03 16:09:01", "elapsed": 421.183268, "delta": 27.6671}}
{"target": 23.856272917580576, "params": {"frequency_log": 2.4011389332363335, "gradient": 0.15235458257963105, "magnitude": 0.000622372325474782, "magnitude_min": -0.0003029851349081176}, "datetime": {"datetime": "2024-04-03 16:09:32", "elapsed": 452.470975, "delta": 31.287707}}
{"target": 23.097954160893057, "params": {"frequency_log": 2.454910416258749, "gradient": 0.06127923627297655, "magnitude": 0.00047073294869710077, "magnitude_min": -8.763169740648924e-05}, "datetime": {"datetime": "2024-04-03 16:09:51", "elapsed": 471.549195, "delta": 19.07822}}
{"target": 18.207370546437094, "params": {"frequency_log": 4.454125847035011, "gradient": 0.049058013623085636, "magnitude": 1.0523252249267512e-05, "magnitude_min": -0.0005873079039841687}, "datetime": {"datetime": "2024-04-03 16:09:59", "elapsed": 479.608176, "delta": 8.058981}}
{"target": 21.878703185468588, "params": {"frequency_log": 4.958029068313245, "gradient": 0.21249829196948436, "magnitude": 0.00040775914959107, "magnitude_min": -0.00017771290405760917}, "datetime": {"datetime": "2024-04-03 16:10:11", "elapsed": 491.971754, "delta": 12.363578}}
{"target": 23.19418030572981, "params": {"frequency_log": 4.696997099994606, "gradient": 0.13566583464224952, "magnitude": 0.0002794504052885328, "magnitude_min": -0.00048193025352913734}, "datetime": {"datetime": "2024-04-03 16:10:29", "elapsed": 509.952706, "delta": 17.980952}}
{"target": 21.388946603192462, "params": {"frequency_log": 4.105103243524165, "gradient": 0.11527074924764852, "magnitude": 0.00018785574549121329, "magnitude_min": -0.0003575716349042419}, "datetime": {"datetime": "2024-04-03 16:10:43", "elapsed": 523.840109, "delta": 13.887403}}
{"target": 22.684443460182326, "params": {"frequency_log": 4.982714852727483, "gradient": 0.07675249314516955, "magnitude": 0.00043304018222239406, "magnitude_min": -0.00044111360242713826}, "datetime": {"datetime": "2024-04-03 16:11:05", "elapsed": 545.392644, "delta": 21.552535}}
{"target": 25.39838431444087, "params": {"frequency_log": 4.553059733854639, "gradient": 0.2348868498175421, "magnitude": 0.000631533240194636, "magnitude_min": -0.000634627113883888}, "datetime": {"datetime": "2024-04-03 16:11:33", "elapsed": 573.570133, "delta": 28.177489}}
{"target": 30.33849933710381, "params": {"frequency_log": 3.1838706097188503, "gradient": 0.19459094351814418, "magnitude": 0.00010979080027701247, "magnitude_min": -0.0004078605511724741}, "datetime": {"datetime": "2024-04-03 16:11:50", "elapsed": 590.925377, "delta": 17.355244}}
{"target": 23.034746323423846, "params": {"frequency_log": 3.6177935797067824, "gradient": 0.11762182176699562, "magnitude": 0.0006560735256184651, "magnitude_min": -0.00040484325087090884}, "datetime": {"datetime": "2024-04-03 16:12:15", "elapsed": 615.539526, "delta": 24.614149}}
{"target": 18.868346093938303, "params": {"frequency_log": 3.4654970865550454, "gradient": 0.01925845221696244, "magnitude": 0.00023074571371637918, "magnitude_min": -0.0002518734231546636}, "datetime": {"datetime": "2024-04-03 16:12:29", "elapsed": 629.152191, "delta": 13.612665}}
{"target": 18.343477578516715, "params": {"frequency_log": 3.216608415630254, "gradient": 0.004190771790093706, "magnitude": 0.00028570543873284555, "magnitude_min": -0.00014849067673724072}, "datetime": {"datetime": "2024-04-03 16:12:43", "elapsed": 643.243661, "delta": 14.09147}}
{"target": 18.74229968005469, "params": {"frequency_log": 3.9651899550691025, "gradient": 0.06532520944345611, "magnitude": 0.0004918586071098892, "magnitude_min": -6.510162340920308e-05}, "datetime": {"datetime": "2024-04-03 16:12:54", "elapsed": 654.253006, "delta": 11.009345}}
{"target": 23.364661161620504, "params": {"frequency_log": 2.9041254129701617, "gradient": 0.18968481758547373, "magnitude": 0.0006250184160949681, "magnitude_min": -0.0003471162387347098}, "datetime": {"datetime": "2024-04-03 16:13:20", "elapsed": 680.252493, "delta": 25.999487}}
{"target": 22.926326232085493, "params": {"frequency_log": 4.220535019081495, "gradient": 0.2951663831946482, "magnitude": 0.0001122811780204308, "magnitude_min": -0.00018121434517014753}, "datetime": {"datetime": "2024-04-03 16:13:29", "elapsed": 689.984835, "delta": 9.732342}}
{"target": 26.06886991441506, "params": {"frequency_log": 3.0789933971189583, "gradient": 0.152082870814431, "magnitude": 0.0005073853845979102, "magnitude_min": -0.00033534851154514296}, "datetime": {"datetime": "2024-04-03 16:13:55", "elapsed": 715.836298, "delta": 25.851463}}
{"target": 23.600607886550513, "params": {"frequency_log": 3.4569552082533623, "gradient": 0.20651121422990357, "magnitude": 0.000453339168347752, "magnitude_min": -0.00013927611038405013}, "datetime": {"datetime": "2024-04-03 16:14:13", "elapsed": 733.343082, "delta": 17.506784}}
{"target": 22.170298334386853, "params": {"frequency_log": 4.7921065430613705, "gradient": 0.27374712328247786, "magnitude": 0.0005284599143645048, "magnitude_min": -0.00021745583603125217}, "datetime": {"datetime": "2024-04-03 16:14:30", "elapsed": 750.368549, "delta": 17.025467}}
{"target": 22.38046632533772, "params": {"frequency_log": 3.180053941821796, "gradient": 0.2833395499272721, "magnitude": 0.0005354575773167248, "magnitude_min": -0.00014963614323332567}, "datetime": {"datetime": "2024-04-03 16:14:52", "elapsed": 772.269016, "delta": 21.900467}}
{"target": 29.92988781952941, "params": {"frequency_log": 3.0504572777082704, "gradient": 0.2828755527480434, "magnitude": 0.00026554308460338493, "magnitude_min": -0.0004974275079722076}, "datetime": {"datetime": "2024-04-03 16:15:31", "elapsed": 811.789265, "delta": 39.520249}}
{"target": 21.128571107364134, "params": {"frequency_log": 3.295549050388917, "gradient": 0.20365155869059928, "magnitude": 0.0006521658436808223, "magnitude_min": -0.00022707770866995877}, "datetime": {"datetime": "2024-04-03 16:15:54", "elapsed": 834.244359, "delta": 22.455094}}
{"target": 23.445787316428927, "params": {"frequency_log": 3.9348519458239095, "gradient": 0.037566230683765085, "magnitude": 0.0004756071312174332, "magnitude_min": -0.0005202095494640082}, "datetime": {"datetime": "2024-04-03 16:16:23", "elapsed": 863.151961, "delta": 28.907602}}
{"target": 25.048887079885947, "params": {"frequency_log": 3.2642357779189073, "gradient": 0.1254165584940634, "magnitude": 0.0005774527958424401, "magnitude_min": -0.0004494310478742687}, "datetime": {"datetime": "2024-04-03 16:16:55", "elapsed": 895.815337, "delta": 32.663376}}
{"target": 22.400334388918054, "params": {"frequency_log": 4.884400797698916, "gradient": 0.20459193457064911, "magnitude": 0.0004163531821109658, "magnitude_min": -0.0002141852195808434}, "datetime": {"datetime": "2024-04-03 16:17:12", "elapsed": 912.428588, "delta": 16.613251}}
{"target": 21.782773943678105, "params": {"frequency_log": 4.97095036909531, "gradient": 0.19321192799824025, "magnitude": 6.14671301228797e-05, "magnitude_min": -0.0006505668367532612}, "datetime": {"datetime": "2024-04-03 16:17:21", "elapsed": 921.639587, "delta": 9.210999}}
{"target": 22.263032770405076, "params": {"frequency_log": 3.2858425308321006, "gradient": 0.05262925289416946, "magnitude": 0.0002918517352815826, "magnitude_min": -0.00010406106846882286}, "datetime": {"datetime": "2024-04-03 16:17:34", "elapsed": 934.52778, "delta": 12.888193}}
{"target": 21.234383709747544, "params": {"frequency_log": 4.067294206258313, "gradient": 0.03535407250616363, "magnitude": 0.00038046201162399195, "magnitude_min": -0.0002103799785034598}, "datetime": {"datetime": "2024-04-03 16:17:53", "elapsed": 953.178178, "delta": 18.650398}}
{"target": 30.626443413900155, "params": {"frequency_log": 3.1404885397708435, "gradient": 0.2545187497000013, "magnitude": 0.00028765658028684945, "magnitude_min": -0.0004390134186962127}, "datetime": {"datetime": "2024-04-03 16:18:24", "elapsed": 984.55737, "delta": 31.379192}}
{"target": 25.796133036253092, "params": {"frequency_log": 4.338369153581661, "gradient": 0.27091346405082034, "magnitude": 0.00035868777021173673, "magnitude_min": -0.0004933368850581806}, "datetime": {"datetime": "2024-04-03 16:18:52", "elapsed": 1012.423791, "delta": 27.866421}}
{"target": 26.11995967479857, "params": {"frequency_log": 3.9905688663437937, "gradient": 0.13734989102301282, "magnitude": 0.0002719226934534824, "magnitude_min": -0.000643242340820873}, "datetime": {"datetime": "2024-04-03 16:19:18", "elapsed": 1038.172644, "delta": 25.748853}}
{"target": 24.01103195875216, "params": {"frequency_log": 4.766345252828749, "gradient": 0.09166229546573725, "magnitude": 0.00037838544284336025, "magnitude_min": -0.0006188176835857734}, "datetime": {"datetime": "2024-04-03 16:19:45", "elapsed": 1065.260448, "delta": 27.087804}}
{"target": 25.015247218194204, "params": {"frequency_log": 2.859696038368549, "gradient": 0.031160133320007798, "magnitude": 0.0005974964847842251, "magnitude_min": -0.0006011932171494863}, "datetime": {"datetime": "2024-04-03 16:20:16", "elapsed": 1096.690692, "delta": 31.430244}}
{"target": 25.038541982191752, "params": {"frequency_log": 4.1594092276014365, "gradient": 0.08611122805962657, "magnitude": 0.00017219676203799025, "magnitude_min": -0.000576999656719257}, "datetime": {"datetime": "2024-04-03 16:20:32", "elapsed": 1112.941279, "delta": 16.250587}}
{"target": 25.756585785819077, "params": {"frequency_log": 4.817567674710645, "gradient": 0.29156747985379966, "magnitude": 0.00017372552739094188, "magnitude_min": -0.000603079574974452}, "datetime": {"datetime": "2024-04-03 16:20:51", "elapsed": 1131.409144, "delta": 18.467865}}
{"target": 28.9074094042522, "params": {"frequency_log": 3.6818667244783434, "gradient": 0.24475907286626267, "magnitude": 0.0004950552327173583, "magnitude_min": -0.0005881465271249985}, "datetime": {"datetime": "2024-04-03 16:21:22", "elapsed": 1162.361153, "delta": 30.952009}}
{"target": 22.208123760479886, "params": {"frequency_log": 3.429935389821386, "gradient": 0.24463528985907557, "magnitude": 0.00044091702064635055, "magnitude_min": -6.200408483446644e-05}, "datetime": {"datetime": "2024-04-03 16:21:35", "elapsed": 1175.816564, "delta": 13.455411}}
{"target": 19.780060122340252, "params": {"frequency_log": 4.1604562432466246, "gradient": 0.17181928481068792, "magnitude": 0.00046120513718284176, "magnitude_min": -6.053389938428773e-06}, "datetime": {"datetime": "2024-04-03 16:21:45", "elapsed": 1185.171851, "delta": 9.355287}}
{"target": 28.63259060028715, "params": {"frequency_log": 2.477056887429504, "gradient": 0.14353093520673194, "magnitude": 0.00035468398547074765, "magnitude_min": -0.0006152031222193818}, "datetime": {"datetime": "2024-04-03 16:22:32", "elapsed": 1232.227211, "delta": 47.05536}}
{"target": 18.142232036184012, "params": {"frequency_log": 4.930106753352381, "gradient": 0.1616652533607587, "magnitude": 0.0006890974470793235, "magnitude_min": -0.00014567698158727725}, "datetime": {"datetime": "2024-04-03 16:22:56", "elapsed": 1256.843035, "delta": 24.615824}}
{"target": 25.751863683198252, "params": {"frequency_log": 3.6765956031240683, "gradient": 0.05994080157407204, "magnitude": 0.0005622844266704354, "magnitude_min": -0.0006430654407972461}, "datetime": {"datetime": "2024-04-03 16:24:00", "elapsed": 1320.415338, "delta": 63.572303}}
{"target": 17.29809722575311, "params": {"frequency_log": 4.392574495343878, "gradient": 0.054954694410861815, "magnitude": 0.0001518311940159751, "magnitude_min": -3.7607715723603696e-05}, "datetime": {"datetime": "2024-04-03 16:24:08", "elapsed": 1328.844261, "delta": 8.428923}}
{"target": 27.477277395400886, "params": {"frequency_log": 2.5452546284049795, "gradient": 0.26822795505289865, "magnitude": 0.0003531800080032715, "magnitude_min": -9.62396321730534e-06}, "datetime": {"datetime": "2024-04-03 16:25:19", "elapsed": 1399.286353, "delta": 70.442092}}
{"target": 26.198358730993014, "params": {"frequency_log": 4.0374812452329785, "gradient": 0.24868232788257724, "magnitude": 0.0002294157336463466, "magnitude_min": -0.00043422885458395703}, "datetime": {"datetime": "2024-04-03 16:25:57", "elapsed": 1437.835532, "delta": 38.549179}}
{"target": 23.786368681348225, "params": {"frequency_log": 4.397945976179701, "gradient": 0.08160673947822752, "magnitude": 0.0004890474959507873, "magnitude_min": -0.0003892677154915618}, "datetime": {"datetime": "2024-04-03 16:26:45", "elapsed": 1485.557312, "delta": 47.72178}}
{"target": 23.435414183247666, "params": {"frequency_log": 3.210166745655683, "gradient": 0.2961420954807889, "magnitude": 0.0004769045876653873, "magnitude_min": -6.408760184754727e-05}, "datetime": {"datetime": "2024-04-03 16:27:21", "elapsed": 1521.61106, "delta": 36.053748}}
{"target": 25.564748389158048, "params": {"frequency_log": 3.9301735668482958, "gradient": 0.18327795914967826, "magnitude": 0.0006050136173642911, "magnitude_min": -0.0005550158545571662}, "datetime": {"datetime": "2024-04-03 16:28:24", "elapsed": 1584.20701, "delta": 62.59595}}
{"target": 17.970757385582797, "params": {"frequency_log": 3.6197835362209743, "gradient": 0.09637850457943313, "magnitude": 0.0005860374720191699, "magnitude_min": -7.285776225386697e-06}, "datetime": {"datetime": "2024-04-03 16:28:43", "elapsed": 1603.162628, "delta": 18.955618}}
{"target": 21.336029380433878, "params": {"frequency_log": 4.399052529552244, "gradient": 0.1150869964068719, "magnitude": 0.0005485219300945005, "magnitude_min": -0.00020010821347383036}, "datetime": {"datetime": "2024-04-03 16:29:17", "elapsed": 1637.808982, "delta": 34.646354}}
{"target": 20.64871237712942, "params": {"frequency_log": 4.997080915985382, "gradient": 0.17544021133535734, "magnitude": 0.00033262202859339634, "magnitude_min": -8.014355345331103e-05}, "datetime": {"datetime": "2024-04-03 16:29:35", "elapsed": 1655.605534, "delta": 17.796552}}
{"target": 19.33907530521748, "params": {"frequency_log": 4.979042731251649, "gradient": 0.07993911019667777, "magnitude": 3.0854670349780486e-05, "magnitude_min": -0.00031731571388863926}, "datetime": {"datetime": "2024-04-03 16:29:48", "elapsed": 1668.52895, "delta": 12.923416}}
{"target": 20.399794662138966, "params": {"frequency_log": 3.709739039407675, "gradient": 0.010449208902207806, "magnitude": 0.0005869607188019474, "magnitude_min": -0.00032176175524625486}, "datetime": {"datetime": "2024-04-03 16:30:39", "elapsed": 1720.006668, "delta": 51.477718}}
{"target": 32.87603007474142, "params": {"frequency_log": 2.6114097438305284, "gradient": 0.262565236572069, "magnitude": 0.00041965712190593086, "magnitude_min": -0.0004981123419342051}, "datetime": {"datetime": "2024-04-03 16:32:27", "elapsed": 1827.433627, "delta": 107.426959}}
{"target": 35.861205164435226, "params": {"frequency_log": 2.615169164652891, "gradient": 0.26062605920574583, "magnitude": 0.0002645899764595528, "magnitude_min": -4.4346451249992354e-05}, "datetime": {"datetime": "2024-04-03 16:33:53", "elapsed": 1913.789369, "delta": 86.355742}}
{"target": 26.15236492387467, "params": {"frequency_log": 2.0038547142410588, "gradient": 0.09875321530530329, "magnitude": 0.0006549341120704714, "magnitude_min": -0.000527620158419728}, "datetime": {"datetime": "2024-04-03 16:35:16", "elapsed": 1996.165944, "delta": 82.376575}}
{"target": 31.51253489366889, "params": {"frequency_log": 2.0283980303092357, "gradient": 0.16875601045952224, "magnitude": 0.00030899779640491764, "magnitude_min": -0.0005066549923121585}, "datetime": {"datetime": "2024-04-03 16:36:53", "elapsed": 2093.20102, "delta": 97.035076}}
