{"target": 41.14896270084691, "params": {"frequency_log": 2.0, "magnitude": 0.0002, "magnitude_min": -0.00035}, "datetime": {"datetime": "2024-04-07 20:25:07", "elapsed": 0.0, "delta": 0.0}}
{"target": 22.815111344727367, "params": {"frequency_log": 2.739489621635313, "magnitude": 0.0006442996715113481, "magnitude_min": -3.872992419501646e-06}, "datetime": {"datetime": "2024-04-07 20:25:13", "elapsed": 5.151039, "delta": 5.151039}}
{"target": 39.05489348529271, "params": {"frequency_log": 2.4704725153900733, "magnitude": 0.00033154017858504363, "magnitude_min": -0.0002860325107126563}, "datetime": {"datetime": "2024-04-07 20:25:22", "elapsed": 14.620686, "delta": 9.469647}}
{"target": 26.58394593141534, "params": {"frequency_log": 4.601793919759392, "magnitude": 0.0005678298197793379, "magnitude_min": -0.0003517055265070544}, "datetime": {"datetime": "2024-04-07 20:25:31", "elapsed": 23.354816, "delta": 8.73413}}
{"target": 23.976265288041997, "params": {"frequency_log": 3.5747303305001425, "magnitude": 0.00040417669334533944, "magnitude_min": -0.00013016619837601486}, "datetime": {"datetime": "2024-04-07 20:25:37", "elapsed": 29.668664, "delta": 6.313848}}
{"target": 27.54783267153684, "params": {"frequency_log": 2.896428739288496, "magnitude": 0.0006766281225869118, "magnitude_min": -0.000149140131682131}, "datetime": {"datetime": "2024-04-07 20:25:44", "elapsed": 36.942888, "delta": 7.274224}}
{"target": 25.645891619154042, "params": {"frequency_log": 3.943027551310286, "magnitude": 0.0001981217774343608, "magnitude_min": -0.0005519243947286329}, "datetime": {"datetime": "2024-04-07 20:25:54", "elapsed": 46.13812, "delta": 9.195232}}
{"target": 16.73307078503217, "params": {"frequency_log": 2.0120613453274085, "magnitude": 0.0, "magnitude_min": 0.0}, "datetime": {"datetime": "2024-04-07 20:25:59", "elapsed": 51.042911, "delta": 4.904791}}
{"target": 42.16630048690781, "params": {"frequency_log": 2.4703670431888085, "magnitude": 0.0002953531023860855, "magnitude_min": -0.0003329360260173451}, "datetime": {"datetime": "2024-04-07 20:26:11", "elapsed": 63.495757, "delta": 12.452846}}
{"target": 42.441102821994654, "params": {"frequency_log": 2.469849836971623, "magnitude": 0.0005439908045164616, "magnitude_min": -0.00041898416639023114}, "datetime": {"datetime": "2024-04-07 20:26:25", "elapsed": 77.742348, "delta": 14.246591}}
{"target": 32.72602317042871, "params": {"frequency_log": 2.469349209240889, "magnitude": 0.0001229973698137259, "magnitude_min": -0.000333191185550612}, "datetime": {"datetime": "2024-04-07 20:26:35", "elapsed": 87.562129, "delta": 9.819781}}
{"target": 41.291655802068064, "params": {"frequency_log": 2.001322278834529, "magnitude": 0.00015115109325644795, "magnitude_min": -0.0004893919379128313}, "datetime": {"datetime": "2024-04-07 20:26:47", "elapsed": 99.851348, "delta": 12.289219}}
{"target": 32.49159522381137, "params": {"frequency_log": 3.6898782167797473, "magnitude": 0.0006014916683720166, "magnitude_min": -0.0003656495007119239}, "datetime": {"datetime": "2024-04-07 20:26:59", "elapsed": 112.006859, "delta": 12.155511}}
{"target": 47.35603763875475, "params": {"frequency_log": 2.000330609388776, "magnitude": 0.0006651173757188416, "magnitude_min": -0.000644716157147022}, "datetime": {"datetime": "2024-04-07 20:27:15", "elapsed": 127.754629, "delta": 15.74777}}
{"target": 41.56857169181832, "params": {"frequency_log": 2.4705451391874496, "magnitude": 0.0004501471045564796, "magnitude_min": -0.0003396044718785557}, "datetime": {"datetime": "2024-04-07 20:27:29", "elapsed": 141.937698, "delta": 14.183069}}
{"target": 40.02337580929424, "params": {"frequency_log": 2.0013035204904157, "magnitude": 0.0005827463392168902, "magnitude_min": -0.00026791591844004903}, "datetime": {"datetime": "2024-04-07 20:27:42", "elapsed": 154.95479, "delta": 13.017092}}
{"target": 34.71378670095545, "params": {"frequency_log": 2.4702528845782705, "magnitude": 0.00031243718841027533, "magnitude_min": -0.00024636967273524417}, "datetime": {"datetime": "2024-04-07 20:27:55", "elapsed": 167.420884, "delta": 12.466094}}
{"target": 33.700686470885934, "params": {"frequency_log": 2.4705687054346805, "magnitude": 0.00027304299558907806, "magnitude_min": -0.0002850354157977054}, "datetime": {"datetime": "2024-04-07 20:28:07", "elapsed": 179.65075, "delta": 12.229866}}
{"target": 46.85199028060971, "params": {"frequency_log": 2.000052052269636, "magnitude": 0.00047523388199447917, "magnitude_min": -0.0004115893748077207}, "datetime": {"datetime": "2024-04-07 20:28:23", "elapsed": 195.311606, "delta": 15.660856}}
{"target": 38.24472582530581, "params": {"frequency_log": 2.516701401855497, "magnitude": 0.00017116586629577232, "magnitude_min": -0.00042341786648651507}, "datetime": {"datetime": "2024-04-07 20:28:35", "elapsed": 207.854204, "delta": 12.542598}}
{"target": 43.70067512767156, "params": {"frequency_log": 2.470171898345183, "magnitude": 0.0006680948715889156, "magnitude_min": -0.0005920469861784725}, "datetime": {"datetime": "2024-04-07 20:28:50", "elapsed": 222.715511, "delta": 14.861307}}
{"target": 39.05821105120229, "params": {"frequency_log": 2.000389662759133, "magnitude": 0.0006725044469057805, "magnitude_min": -0.00028891734762280535}, "datetime": {"datetime": "2024-04-07 20:29:01", "elapsed": 233.185123, "delta": 10.469612}}
{"target": 37.475825421693905, "params": {"frequency_log": 2.4703304159150634, "magnitude": 0.0002800143866645837, "magnitude_min": -0.0006891679451631452}, "datetime": {"datetime": "2024-04-07 20:29:11", "elapsed": 243.442529, "delta": 10.257406}}
{"target": 44.80172221026777, "params": {"frequency_log": 2.0017791519892656, "magnitude": 0.00037823676392582245, "magnitude_min": -0.0003701225790006858}, "datetime": {"datetime": "2024-04-07 20:29:23", "elapsed": 255.435542, "delta": 11.993013}}
{"target": 37.875879888655284, "params": {"frequency_log": 2.470528749436819, "magnitude": 0.0005089975120369745, "magnitude_min": -0.0002803394564286481}, "datetime": {"datetime": "2024-04-07 20:29:33", "elapsed": 265.820558, "delta": 10.385016}}
{"target": 46.588410378369, "params": {"frequency_log": 2.000351431368571, "magnitude": 0.00024983400010955304, "magnitude_min": -0.00039971059715238424}, "datetime": {"datetime": "2024-04-07 20:29:45", "elapsed": 277.544826, "delta": 11.724268}}
{"target": 34.76666490529684, "params": {"frequency_log": 2.001668240543866, "magnitude": 9.132442261053048e-05, "magnitude_min": -0.0002501169757491314}, "datetime": {"datetime": "2024-04-07 20:29:53", "elapsed": 285.302132, "delta": 7.757306}}
{"target": 38.972633685150754, "params": {"frequency_log": 2.4703437987908146, "magnitude": 0.0005288093748350582, "magnitude_min": -0.00034568959681410713}, "datetime": {"datetime": "2024-04-07 20:30:03", "elapsed": 295.806378, "delta": 10.504246}}
{"target": 47.564983249843294, "params": {"frequency_log": 2.0008565490666097, "magnitude": 0.000660281400839721, "magnitude_min": -0.0005839418558155143}, "datetime": {"datetime": "2024-04-07 20:30:16", "elapsed": 308.24863, "delta": 12.442252}}
{"target": 34.33835547268984, "params": {"frequency_log": 2.382468708526991, "magnitude": 0.00013245872931102806, "magnitude_min": -0.00038663680449750734}, "datetime": {"datetime": "2024-04-07 20:30:24", "elapsed": 316.840512, "delta": 8.591882}}
{"target": 47.23164057812103, "params": {"frequency_log": 2.0000911306615263, "magnitude": 0.0004828087105438714, "magnitude_min": -0.00039349911894516004}, "datetime": {"datetime": "2024-04-07 20:30:36", "elapsed": 328.712666, "delta": 11.872154}}
{"target": 24.771644829034763, "params": {"frequency_log": 2.0006902666559196, "magnitude": 0.00015231156463124437, "magnitude_min": -2.3766450999906084e-05}, "datetime": {"datetime": "2024-04-07 20:30:42", "elapsed": 334.989504, "delta": 6.276838}}
{"target": 50.1061535450529, "params": {"frequency_log": 2.002042179072158, "magnitude": 0.0006303880317353594, "magnitude_min": -0.0006017903809130358}, "datetime": {"datetime": "2024-04-07 20:30:55", "elapsed": 347.622036, "delta": 12.632532}}
{"target": 38.534514787693716, "params": {"frequency_log": 2.0019955410129002, "magnitude": 0.00018447752156520542, "magnitude_min": -0.0006613575801628477}, "datetime": {"datetime": "2024-04-07 20:31:06", "elapsed": 358.88508, "delta": 11.263044}}
{"target": 46.42945776962964, "params": {"frequency_log": 2.002192182515053, "magnitude": 0.0006483493313981143, "magnitude_min": -0.0005552533944495686}, "datetime": {"datetime": "2024-04-07 20:31:22", "elapsed": 374.046858, "delta": 15.161778}}
{"target": 45.92573702380992, "params": {"frequency_log": 2.000027345741791, "magnitude": 0.0006463191202469402, "magnitude_min": -0.000565809381425434}, "datetime": {"datetime": "2024-04-07 20:31:34", "elapsed": 386.917248, "delta": 12.87039}}
{"target": 49.07845026365456, "params": {"frequency_log": 2.0015276580116055, "magnitude": 0.0005196549227696767, "magnitude_min": -0.0006996977564221483}, "datetime": {"datetime": "2024-04-07 20:31:49", "elapsed": 401.16124, "delta": 14.243992}}
{"target": 45.14421298423275, "params": {"frequency_log": 2.0017627275080088, "magnitude": 0.000617624662384229, "magnitude_min": -0.00046898691830583254}, "datetime": {"datetime": "2024-04-07 20:32:01", "elapsed": 413.810526, "delta": 12.649286}}
{"target": 48.065458684915356, "params": {"frequency_log": 2.001157605817777, "magnitude": 0.0005207948377626497, "magnitude_min": -0.0006140096919824777}, "datetime": {"datetime": "2024-04-07 20:32:15", "elapsed": 427.191133, "delta": 13.380607}}
{"target": 32.68739687934758, "params": {"frequency_log": 2.0002661437527838, "magnitude": 9.00781741627879e-05, "magnitude_min": -0.0006739075077482116}, "datetime": {"datetime": "2024-04-07 20:32:23", "elapsed": 435.483065, "delta": 8.291932}}
{"target": 47.539231042397866, "params": {"frequency_log": 2.0014199994321693, "magnitude": 0.000675696852121921, "magnitude_min": -0.000615687198435012}, "datetime": {"datetime": "2024-04-07 20:32:35", "elapsed": 447.896814, "delta": 12.413749}}
{"target": 46.059417161246024, "params": {"frequency_log": 2.003751545544424, "magnitude": 0.0006713116168700834, "magnitude_min": -0.0006171839645967919}, "datetime": {"datetime": "2024-04-07 20:32:48", "elapsed": 460.582405, "delta": 12.685591}}
{"target": 47.86650400690878, "params": {"frequency_log": 2.0042512837415254, "magnitude": 0.0006681201174849634, "magnitude_min": -0.0005753507507520585}, "datetime": {"datetime": "2024-04-07 20:33:03", "elapsed": 475.431509, "delta": 14.849104}}
{"target": 43.35098808584813, "params": {"frequency_log": 2.004616193774585, "magnitude": 0.0004740201253371945, "magnitude_min": -0.0002270583942800547}, "datetime": {"datetime": "2024-04-07 20:33:15", "elapsed": 487.799436, "delta": 12.367927}}
{"target": 47.86367304662934, "params": {"frequency_log": 2.003872876802698, "magnitude": 0.0004119829648157353, "magnitude_min": -0.0004947495165707457}, "datetime": {"datetime": "2024-04-07 20:33:31", "elapsed": 503.289652, "delta": 15.490216}}
{"target": 45.88880473265169, "params": {"frequency_log": 2.0041373393662774, "magnitude": 0.0004915761656647913, "magnitude_min": -0.00036840735057807537}, "datetime": {"datetime": "2024-04-07 20:33:45", "elapsed": 517.838368, "delta": 14.548716}}
{"target": 42.13591848119805, "params": {"frequency_log": 2.004272365520109, "magnitude": 0.0002489138662849037, "magnitude_min": -0.0006659239363013311}, "datetime": {"datetime": "2024-04-07 20:33:59", "elapsed": 531.955981, "delta": 14.117613}}
{"target": 33.566545033902806, "params": {"frequency_log": 2.003800804337991, "magnitude": 0.0005354496533464878, "magnitude_min": -7.599660990671557e-05}, "datetime": {"datetime": "2024-04-07 20:34:08", "elapsed": 541.030778, "delta": 9.074797}}
{"target": 32.26504101784097, "params": {"frequency_log": 2.003890252261967, "magnitude": 3.3075423936131857e-05, "magnitude_min": -0.0005264693718371374}, "datetime": {"datetime": "2024-04-07 20:34:18", "elapsed": 550.187765, "delta": 9.156987}}
{"target": 29.39234324217377, "params": {"frequency_log": 2.0022861142325254, "magnitude": 0.0006524456017821609, "magnitude_min": -7.898222839792602e-05}, "datetime": {"datetime": "2024-04-07 20:34:26", "elapsed": 558.723452, "delta": 8.535687}}
{"target": 34.24390198632383, "params": {"frequency_log": 2.0047790234110607, "magnitude": 1.490838699429764e-06, "magnitude_min": -0.00031516363170802544}, "datetime": {"datetime": "2024-04-07 20:34:36", "elapsed": 568.441647, "delta": 9.718195}}
{"target": 29.625388227555767, "params": {"frequency_log": 4.126228122949846, "magnitude": 0.0002999447624124534, "magnitude_min": -0.0005951451576261848}, "datetime": {"datetime": "2024-04-07 20:34:47", "elapsed": 579.656534, "delta": 11.214887}}
{"target": 44.2087620764166, "params": {"frequency_log": 2.4707680956510836, "magnitude": 0.0006475685930796831, "magnitude_min": -0.0006858837188875422}, "datetime": {"datetime": "2024-04-07 20:35:03", "elapsed": 595.283758, "delta": 15.627224}}
{"target": 44.54138730430259, "params": {"frequency_log": 2.473151019649867, "magnitude": 0.0004969659959966233, "magnitude_min": -0.00048566296680275806}, "datetime": {"datetime": "2024-04-07 20:35:18", "elapsed": 610.068049, "delta": 14.784291}}
{"target": 49.79598632801087, "params": {"frequency_log": 2.0048005588325633, "magnitude": 0.0006017366898936649, "magnitude_min": -0.0006940332897673888}, "datetime": {"datetime": "2024-04-07 20:35:33", "elapsed": 625.751665, "delta": 15.683616}}
{"target": 47.74811774133557, "params": {"frequency_log": 2.005042248773234, "magnitude": 0.0005192498291563516, "magnitude_min": -0.0004885460936684814}, "datetime": {"datetime": "2024-04-07 20:35:46", "elapsed": 638.278211, "delta": 12.526546}}
{"target": 49.37161445692742, "params": {"frequency_log": 2.0056732426901207, "magnitude": 0.0004998256382692647, "magnitude_min": -0.00045142632489312623}, "datetime": {"datetime": "2024-04-07 20:36:00", "elapsed": 652.346489, "delta": 14.068278}}
{"target": 33.39964523575551, "params": {"frequency_log": 2.0055395115221666, "magnitude": 7.361556800431423e-05, "magnitude_min": -0.0006237237260286316}, "datetime": {"datetime": "2024-04-07 20:36:09", "elapsed": 661.933907, "delta": 9.587418}}
{"target": 42.72615707739164, "params": {"frequency_log": 2.006153252607547, "magnitude": 0.00036175369818363735, "magnitude_min": -0.00018164937012939153}, "datetime": {"datetime": "2024-04-07 20:36:21", "elapsed": 674.002155, "delta": 12.068248}}
{"target": 44.469796654232326, "params": {"frequency_log": 2.4727113753576897, "magnitude": 0.0006851103052685161, "magnitude_min": -0.0006454159212506044}, "datetime": {"datetime": "2024-04-07 20:36:37", "elapsed": 689.104859, "delta": 15.102704}}
{"target": 38.65730623884108, "params": {"frequency_log": 2.0051857676759273, "magnitude": 0.0006924351584142278, "magnitude_min": -0.00030263515683543054}, "datetime": {"datetime": "2024-04-07 20:36:49", "elapsed": 701.435126, "delta": 12.330267}}
{"target": 29.347489677407122, "params": {"frequency_log": 2.473125928580662, "magnitude": 8.331331760975725e-05, "magnitude_min": -0.0006498934471499279}, "datetime": {"datetime": "2024-04-07 20:36:58", "elapsed": 710.288084, "delta": 8.852958}}
{"target": 43.88866221066447, "params": {"frequency_log": 2.003404593855183, "magnitude": 0.0003148049394536116, "magnitude_min": -0.0006271815308882444}, "datetime": {"datetime": "2024-04-07 20:37:12", "elapsed": 724.837256, "delta": 14.549172}}
{"target": 34.093635392358784, "params": {"frequency_log": 2.005802650467345, "magnitude": 0.0006361874998252276, "magnitude_min": -0.0001764941790921682}, "datetime": {"datetime": "2024-04-07 20:37:22", "elapsed": 734.978255, "delta": 10.140999}}
{"target": 51.05982633930178, "params": {"frequency_log": 2.0060226011313844, "magnitude": 0.0004730796862416494, "magnitude_min": -0.0005836480875558803}, "datetime": {"datetime": "2024-04-07 20:37:38", "elapsed": 750.68574, "delta": 15.707485}}
{"target": 28.919836401494905, "params": {"frequency_log": 2.473042967745196, "magnitude": 0.0005724929444272126, "magnitude_min": -9.379228926893691e-05}, "datetime": {"datetime": "2024-04-07 20:37:46", "elapsed": 759.012093, "delta": 8.326353}}
{"target": 45.13306863037983, "params": {"frequency_log": 2.004645002318428, "magnitude": 0.0006173168304920713, "magnitude_min": -0.0004348226343939048}, "datetime": {"datetime": "2024-04-07 20:38:01", "elapsed": 773.366881, "delta": 14.354788}}
{"target": 50.46077782569703, "params": {"frequency_log": 2.0006261299317902, "magnitude": 0.0005067370446934807, "magnitude_min": -0.0005624874027311097}, "datetime": {"datetime": "2024-04-07 20:38:17", "elapsed": 789.164894, "delta": 15.798013}}
{"target": 42.397102188237156, "params": {"frequency_log": 2.0060353523256764, "magnitude": 0.00015329734172711513, "magnitude_min": -0.0003973881551090705}, "datetime": {"datetime": "2024-04-07 20:38:28", "elapsed": 800.47737, "delta": 11.312476}}
{"target": 50.59004878489167, "params": {"frequency_log": 2.0062754877930637, "magnitude": 0.0005716875100877894, "magnitude_min": -0.0004886351644639657}, "datetime": {"datetime": "2024-04-07 20:38:42", "elapsed": 814.6782, "delta": 14.20083}}
{"target": 42.46200271812552, "params": {"frequency_log": 2.0067639416220855, "magnitude": 0.0006544641603153067, "magnitude_min": -0.00039832020897671665}, "datetime": {"datetime": "2024-04-07 20:38:55", "elapsed": 827.567278, "delta": 12.889078}}
{"target": 39.18084639215407, "params": {"frequency_log": 2.4737498774438373, "magnitude": 0.0006847386723666973, "magnitude_min": -0.0003839894032073472}, "datetime": {"datetime": "2024-04-07 20:39:08", "elapsed": 840.125189, "delta": 12.557911}}
{"target": 45.69011386369077, "params": {"frequency_log": 2.4718897286018455, "magnitude": 0.0005875037188627202, "magnitude_min": -0.000617964633639718}, "datetime": {"datetime": "2024-04-07 20:39:22", "elapsed": 854.661271, "delta": 14.536082}}
{"target": 35.47888492280673, "params": {"frequency_log": 2.4716923708252994, "magnitude": 0.00022814075698223308, "magnitude_min": -0.0002915466646249215}, "datetime": {"datetime": "2024-04-07 20:39:33", "elapsed": 865.257627, "delta": 10.596356}}
{"target": 43.21116030955085, "params": {"frequency_log": 2.006803213142805, "magnitude": 0.00033631835891531517, "magnitude_min": -0.000677667929012359}, "datetime": {"datetime": "2024-04-07 20:39:47", "elapsed": 879.122267, "delta": 13.86464}}
{"target": 47.97282752268651, "params": {"frequency_log": 2.005504086270888, "magnitude": 0.00054126940440916, "magnitude_min": -0.0006811005831909716}, "datetime": {"datetime": "2024-04-07 20:40:02", "elapsed": 894.616049, "delta": 15.493782}}
{"target": 45.76021514732091, "params": {"frequency_log": 2.0063035030173415, "magnitude": 0.00030107456377297554, "magnitude_min": -0.0005551041724707695}, "datetime": {"datetime": "2024-04-07 20:40:16", "elapsed": 908.489852, "delta": 13.873803}}
{"target": 43.52354000528898, "params": {"frequency_log": 2.000942980645645, "magnitude": 0.00031709808981456847, "magnitude_min": -0.0006473788179795688}, "datetime": {"datetime": "2024-04-07 20:40:30", "elapsed": 922.512658, "delta": 14.022806}}
{"target": 43.99935209644897, "params": {"frequency_log": 2.4722923666176637, "magnitude": 0.000673927120401351, "magnitude_min": -0.0005923381577565114}, "datetime": {"datetime": "2024-04-07 20:40:44", "elapsed": 936.501445, "delta": 13.988787}}
{"target": 48.35172285729338, "params": {"frequency_log": 2.002998021073219, "magnitude": 0.0006262288272576782, "magnitude_min": -0.0005839541797581663}, "datetime": {"datetime": "2024-04-07 20:40:59", "elapsed": 951.303688, "delta": 14.802243}}
{"target": 47.96923214452323, "params": {"frequency_log": 2.0028322890725345, "magnitude": 0.0004411340068135274, "magnitude_min": -0.0004349097366459255}, "datetime": {"datetime": "2024-04-07 20:41:13", "elapsed": 965.335753, "delta": 14.032065}}
{"target": 34.363459115255154, "params": {"frequency_log": 2.0029533987455874, "magnitude": 8.003450626865071e-06, "magnitude_min": -0.000410198240468787}, "datetime": {"datetime": "2024-04-07 20:41:21", "elapsed": 973.996098, "delta": 8.660345}}
{"target": 50.2211868005129, "params": {"frequency_log": 2.006488575730297, "magnitude": 0.0005769956669020578, "magnitude_min": -0.0006676661710271589}, "datetime": {"datetime": "2024-04-07 20:41:36", "elapsed": 988.853466, "delta": 14.857368}}
{"target": 27.19108032663595, "params": {"frequency_log": 2.0075706343720308, "magnitude": 0.0001267574346100152, "magnitude_min": -0.0001156758840984458}, "datetime": {"datetime": "2024-04-07 20:41:44", "elapsed": 996.256722, "delta": 7.403256}}
{"target": 19.438692013656837, "params": {"frequency_log": 3.661742693706615, "magnitude": 0.0003915867222161203, "magnitude_min": -9.8375917359614e-07}, "datetime": {"datetime": "2024-04-07 20:41:50", "elapsed": 1002.128398, "delta": 5.871676}}
{"target": 19.682015536261765, "params": {"frequency_log": 4.5817588673394285, "magnitude": 0.00013552901107227128, "magnitude_min": -0.0006524749545910588}, "datetime": {"datetime": "2024-04-07 20:41:57", "elapsed": 1009.452709, "delta": 7.324311}}
{"target": 48.28903129757378, "params": {"frequency_log": 2.0061397189911956, "magnitude": 0.000639353765909783, "magnitude_min": -0.0006902043207287008}, "datetime": {"datetime": "2024-04-07 20:42:11", "elapsed": 1023.601337, "delta": 14.148628}}
{"target": 30.28041847119757, "params": {"frequency_log": 3.602701140409819, "magnitude": 0.00034967295863019983, "magnitude_min": -0.0004282584264409102}, "datetime": {"datetime": "2024-04-07 20:42:22", "elapsed": 1034.154052, "delta": 10.552715}}
{"target": 25.982435927647145, "params": {"frequency_log": 4.785575743399968, "magnitude": 0.00031414118468226795, "magnitude_min": -0.0006608805703776398}, "datetime": {"datetime": "2024-04-07 20:42:31", "elapsed": 1043.497456, "delta": 9.343404}}
