{"target": 16.112016076930683, "params": {"frequency_log": 2.965371605680751, "magnitude": 5.148098723579574e-07, "magnitude_min": -0.00014623639431508904}, "datetime": {"datetime": "2024-04-07 20:42:35", "elapsed": 1048.021119, "delta": 4.523663}}
{"target": 36.57563295083144, "params": {"frequency_log": 2.5310063523834625, "magnitude": 0.00020869207585750855, "magnitude_min": -0.0004333405247778511}, "datetime": {"datetime": "2024-04-07 20:42:46", "elapsed": 1058.195673, "delta": 10.174554}}
{"target": 27.121543927775217, "params": {"frequency_log": 2.430935260472594, "magnitude": 0.000601607467640421, "magnitude_min": -5.9012878672826444e-05}, "datetime": {"datetime": "2024-04-07 20:42:52", "elapsed": 1064.708624, "delta": 6.512951}}
{"target": 29.609660619317786, "params": {"frequency_log": 4.6402127207629995, "magnitude": 0.00047772055739271814, "magnitude_min": -0.000419223591508123}, "datetime": {"datetime": "2024-04-07 20:43:03", "elapsed": 1075.48043, "delta": 10.771806}}
{"target": 24.382909611503088, "params": {"frequency_log": 3.732473235760014, "magnitude": 0.0001863014785751748, "magnitude_min": -0.0003322787663031339}, "datetime": {"datetime": "2024-04-07 20:43:10", "elapsed": 1082.948211, "delta": 7.467781}}
{"target": 39.48547919117042, "params": {"frequency_log": 3.3435468673672206, "magnitude": 0.0005079687121236462, "magnitude_min": -0.0006561945950601998}, "datetime": {"datetime": "2024-04-07 20:43:23", "elapsed": 1095.115582, "delta": 12.167371}}
{"target": 24.336700781276313, "params": {"frequency_log": 3.342584727325206, "magnitude": 0.0006571428016456846, "magnitude_min": -0.00010349505715507082}, "datetime": {"datetime": "2024-04-07 20:43:28", "elapsed": 1100.855158, "delta": 5.739576}}
{"target": 26.64430724318186, "params": {"frequency_log": 3.3445008923803177, "magnitude": 0.0006192824976827473, "magnitude_min": -0.00015177322141381405}, "datetime": {"datetime": "2024-04-07 20:43:35", "elapsed": 1107.388276, "delta": 6.533118}}
{"target": 33.08989322123113, "params": {"frequency_log": 2.773116173638709, "magnitude": 0.00040946234283530857, "magnitude_min": -0.00018254846227782717}, "datetime": {"datetime": "2024-04-07 20:43:43", "elapsed": 1115.356077, "delta": 7.967801}}
{"target": 32.884677594232315, "params": {"frequency_log": 2.99667316934359, "magnitude": 0.0003102157328566854, "magnitude_min": -0.00033389396248339754}, "datetime": {"datetime": "2024-04-07 20:43:52", "elapsed": 1124.538448, "delta": 9.182371}}
{"target": 33.760881334223306, "params": {"frequency_log": 4.309838776366245, "magnitude": 0.000548195761743778, "magnitude_min": -0.0006591526581594935}, "datetime": {"datetime": "2024-04-07 20:44:03", "elapsed": 1135.176014, "delta": 10.637566}}
{"target": 51.428383729196014, "params": {"frequency_log": 2.002633740303333, "magnitude": 0.0005766346465217542, "magnitude_min": -0.0006108929384714586}, "datetime": {"datetime": "2024-04-07 20:44:15", "elapsed": 1147.209225, "delta": 12.033211}}
{"target": 27.468892700340163, "params": {"frequency_log": 2.2172953682295526, "magnitude": 1.5955326716869324e-05, "magnitude_min": -0.00021970678568293452}, "datetime": {"datetime": "2024-04-07 20:44:21", "elapsed": 1153.654761, "delta": 6.445536}}
{"target": 44.96950280249168, "params": {"frequency_log": 2.4713452349225404, "magnitude": 0.000653548116478027, "magnitude_min": -0.0006920646016941224}, "datetime": {"datetime": "2024-04-07 20:44:33", "elapsed": 1165.621068, "delta": 11.966307}}
{"target": 20.993284470324177, "params": {"frequency_log": 4.494020302851109, "magnitude": 0.0003409692605584225, "magnitude_min": -0.00024581791221611483}, "datetime": {"datetime": "2024-04-07 20:44:40", "elapsed": 1172.221347, "delta": 6.600279}}
{"target": 22.818720498646968, "params": {"frequency_log": 2.447078978720858, "magnitude": 0.0, "magnitude_min": -0.0007}, "datetime": {"datetime": "2024-04-07 20:44:45", "elapsed": 1177.47151, "delta": 5.250163}}
{"target": 28.12908027538666, "params": {"frequency_log": 2.515002388724727, "magnitude": 0.00013795669570566593, "magnitude_min": -0.0002547344271402403}, "datetime": {"datetime": "2024-04-07 20:44:52", "elapsed": 1184.391603, "delta": 6.920093}}
