{"target": -100.0, "params": {"E_EA": 20.0, "E_MC": 3.0, "J": -8.744119497320298}, "datetime": {"datetime": "2024-05-07 23:03:46", "elapsed": 132.748194, "delta": 35.512744}}
{"target": -100.0, "params": {"E_EA": 32.03089809824595, "E_MC": 3.0, "J": -20.0}, "datetime": {"datetime": "2024-05-07 23:04:16", "elapsed": 0.0, "delta": 0.0}}
{"target": -100.0, "params": {"E_EA": 30.883395494222775, "E_MC": 4.263545212270271, "J": -19.4292443193811}, "datetime": {"datetime": "2024-05-07 23:04:22", "elapsed": 168.63916, "delta": 35.890966}}
{"target": -100.0, "params": {"E_EA": 119.92833042404892, "E_MC": 3.0, "J": 20.0}, "datetime": {"datetime": "2024-05-07 23:04:33", "elapsed": 16.357771, "delta": 16.357771}}
{"target": -47.07623914388512, "params": {"E_EA": 116.77033673645707, "E_MC": 30.0, "J": -3.4331910192993993}, "datetime": {"datetime": "2024-05-07 23:04:41", "elapsed": 187.638661, "delta": 18.999501}}
{"target": -45.557682060269954, "params": {"E_EA": 116.07280333791932, "E_MC": 29.89795761123363, "J": -2.7794742818185583}, "datetime": {"datetime": "2024-05-07 23:04:53", "elapsed": 36.798062, "delta": 20.440291}}
{"target": -100.0, "params": {"E_EA": 66.69483774664717, "E_MC": 30.0, "J": -5.064476776400786}, "datetime": {"datetime": "2024-05-07 23:05:00", "elapsed": 206.744443, "delta": 19.105782}}
{"target": -35.86212224314825, "params": {"E_EA": 104.90327731428594, "E_MC": 3.0, "J": -20.0}, "datetime": {"datetime": "2024-05-07 23:05:16", "elapsed": 0.0, "delta": 0.0}}
{"target": -100.0, "params": {"E_EA": 140.63017819083618, "E_MC": 10.141953413489674, "J": 7.882929095872944}, "datetime": {"datetime": "2024-05-07 23:05:19", "elapsed": 225.708557, "delta": 18.964114}}
{"target": -100.0, "params": {"E_EA": 20.0, "E_MC": 3.0, "J": -8.736824179212201}, "datetime": {"datetime": "2024-05-07 23:05:29", "elapsed": 72.959348, "delta": 36.161286}}
{"target": -100.0, "params": {"E_EA": 51.805894490345736, "E_MC": 3.0, "J": 15.59505114093589}, "datetime": {"datetime": "2024-05-07 23:05:33", "elapsed": 17.356048, "delta": 17.356048}}
{"target": -100.0, "params": {"E_EA": 51.62007909714892, "E_MC": 3.6384393406272997, "J": 16.407652491269282}, "datetime": {"datetime": "2024-05-07 23:05:57", "elapsed": 100.435112, "delta": 27.475764}}
{"target": -100.0, "params": {"E_EA": 140.5004815692048, "E_MC": 12.221320994505145, "J": 6.691045145035645}, "datetime": {"datetime": "2024-05-07 23:06:02", "elapsed": 46.196986, "delta": 28.840938}}
{"target": -100.0, "params": {"E_EA": 32.25582983613301, "E_MC": 3.0, "J": 20.0}, "datetime": {"datetime": "2024-05-07 23:06:16", "elapsed": 60.122947, "delta": 13.925961}}
{"target": -100.0, "params": {"E_EA": 140.1535061619684, "E_MC": 11.233050610609482, "J": 7.770944200439068}, "datetime": {"datetime": "2024-05-07 23:06:19", "elapsed": 122.517139, "delta": 22.082027}}
{"target": -100.0, "params": {"E_EA": 57.971039176462746, "E_MC": 30.0, "J": -20.0}, "datetime": {"datetime": "2024-05-07 23:06:39", "elapsed": 83.441053, "delta": 23.318106}}
{"target": -100.0, "params": {"E_EA": 66.49627323327127, "E_MC": 29.29837567825607, "J": -4.820587488415704}, "datetime": {"datetime": "2024-05-07 23:06:51", "elapsed": 154.48426, "delta": 31.967121}}
{"target": -100.0, "params": {"E_EA": 52.924658971586155, "E_MC": 7.306322844609539, "J": -20.0}, "datetime": {"datetime": "2024-05-07 23:07:02", "elapsed": 105.886473, "delta": 22.44542}}
{"target": -100.0, "params": {"E_EA": 58.3235222658857, "E_MC": 27.9637304372405, "J": -19.51131181353236}, "datetime": {"datetime": "2024-05-07 23:07:05", "elapsed": 168.598179, "delta": 14.113919}}
{"target": -96.7913992403975, "params": {"E_EA": 65.80155050096488, "E_MC": 3.0, "J": -10.647869181500369}, "datetime": {"datetime": "2024-05-07 23:07:29", "elapsed": 133.622091, "delta": 27.735618}}
{"target": -93.81586413931707, "params": {"E_EA": 117.23575048332552, "E_MC": 17.959485303933086, "J": -20.0}, "datetime": {"datetime": "2024-05-07 23:07:31", "elapsed": 194.707819, "delta": 26.10964}}
{"target": -100.0, "params": {"E_EA": 97.83337810465636, "E_MC": 29.843477350768026, "J": 19.14661303843411}, "datetime": {"datetime": "2024-05-07 23:07:41", "elapsed": 145.156289, "delta": 11.534198}}
{"target": -30.181978880430943, "params": {"E_EA": 104.89666337100168, "E_MC": 3.0, "J": -20.0}, "datetime": {"datetime": "2024-05-07 23:07:56", "elapsed": 219.883399, "delta": 25.17558}}
{"target": -100.0, "params": {"E_EA": 127.37433069853869, "E_MC": 13.414963647473067, "J": 19.79238885646277}, "datetime": {"datetime": "2024-05-07 23:08:01", "elapsed": 165.299304, "delta": 20.143015}}
{"target": -84.51507636732858, "params": {"E_EA": 110.04677483970583, "E_MC": 17.641228095320248, "J": -19.658958775498586}, "datetime": {"datetime": "2024-05-07 23:08:12", "elapsed": 175.892902, "delta": 10.593598}}
{"target": -41.93775778152765, "params": {"E_EA": 103.64291802633181, "E_MC": 3.0, "J": -20.0}, "datetime": {"datetime": "2024-05-07 23:08:18", "elapsed": 0.0, "delta": 0.0}}
{"target": -19.392889452829447, "params": {"E_EA": 146.12863296472253, "E_MC": 16.057910701306675, "J": -14.515886896664885}, "datetime": {"datetime": "2024-05-07 23:08:37", "elapsed": 18.968929, "delta": 18.968929}}
{"target": -28.445658119459257, "params": {"E_EA": 108.31232744720599, "E_MC": 9.471450266039744, "J": -9.701582439760536}, "datetime": {"datetime": "2024-05-07 23:08:54", "elapsed": 35.564039, "delta": 16.59511}}
{"target": -18.978311603762215, "params": {"E_EA": 145.8729250321743, "E_MC": 17.955670282040504, "J": -16.06631395821684}, "datetime": {"datetime": "2024-05-07 23:09:03", "elapsed": 44.778768, "delta": 9.214729}}
{"target": -20.179732695756346, "params": {"E_EA": 107.91838485860296, "E_MC": 15.74539719156944, "J": -8.224762947943315}, "datetime": {"datetime": "2024-05-07 23:09:24", "elapsed": 0.0, "delta": 0.0}}
{"target": -4.359341663634773, "params": {"E_EA": 134.2990405786063, "E_MC": 7.902816488369858, "J": -18.727778164609674}, "datetime": {"datetime": "2024-05-07 23:09:26", "elapsed": 67.636656, "delta": 22.857888}}
{"target": -5.133472187913685, "params": {"E_EA": 114.90746757004828, "E_MC": 11.620992610829836, "J": -11.179930428763013}, "datetime": {"datetime": "2024-05-07 23:09:40", "elapsed": 16.44376, "delta": 16.44376}}
{"target": -4.331718049912895, "params": {"E_EA": 126.8844904175767, "E_MC": 8.40190398043049, "J": -16.61959182090648}, "datetime": {"datetime": "2024-05-07 23:09:46", "elapsed": 88.279037, "delta": 20.642381}}
{"target": -45.95872076781352, "params": {"E_EA": 104.57629135117483, "E_MC": 3.444688922575864, "J": -19.794738114623453}, "datetime": {"datetime": "2024-05-07 23:09:53", "elapsed": 29.380301, "delta": 12.936541}}
{"target": -40.13303383067679, "params": {"E_EA": 104.32361386233552, "E_MC": 4.610701138564729, "J": -19.346820436148775}, "datetime": {"datetime": "2024-05-07 23:10:00", "elapsed": 101.53527, "delta": 13.256233}}
{"target": -4.74923851094668, "params": {"E_EA": 133.35237543271353, "E_MC": 5.926640399295357, "J": -19.750419849221927}, "datetime": {"datetime": "2024-05-07 23:10:10", "elapsed": 45.614113, "delta": 16.233812}}
{"target": -12.213840142410275, "params": {"E_EA": 126.32213900219926, "E_MC": 9.737162818041813, "J": -16.966449227339552}, "datetime": {"datetime": "2024-05-07 23:10:14", "elapsed": 115.900058, "delta": 14.364788}}
{"target": -6.827602116187149, "params": {"E_EA": 107.3900157281133, "E_MC": 13.042931343002472, "J": -8.163603969717293}, "datetime": {"datetime": "2024-05-07 23:10:20", "elapsed": 55.925649, "delta": 10.311536}}
{"target": -3.410157377236483, "params": {"E_EA": 116.23186518608148, "E_MC": 3.0, "J": -18.71141082741649}, "datetime": {"datetime": "2024-05-07 23:10:29", "elapsed": 130.348194, "delta": 14.448136}}
{"target": -5.480802222630683, "params": {"E_EA": 126.4009091642353, "E_MC": 9.563573296641138, "J": -15.414000611264251}, "datetime": {"datetime": "2024-05-07 23:10:30", "elapsed": 66.45605, "delta": 10.530401}}
{"target": -7.52786823484616, "params": {"E_EA": 126.30895903335973, "E_MC": 8.904811075944036, "J": -16.90151648711204}, "datetime": {"datetime": "2024-05-07 23:10:47", "elapsed": 83.072804, "delta": 16.616754}}
{"target": -14.996804441017739, "params": {"E_EA": 110.75449226710818, "E_MC": 12.702500643607753, "J": -10.942228625921127}, "datetime": {"datetime": "2024-05-07 23:10:58", "elapsed": 159.760595, "delta": 29.412401}}
{"target": -6.1773352154407055, "params": {"E_EA": 110.69239616266054, "E_MC": 12.06469278198935, "J": -10.317447062993592}, "datetime": {"datetime": "2024-05-07 23:10:59", "elapsed": 95.015165, "delta": 11.942361}}
{"target": -4.7793010344236615, "params": {"E_EA": 123.78262255540643, "E_MC": 8.132330781339023, "J": -16.62657968778101}, "datetime": {"datetime": "2024-05-07 23:11:11", "elapsed": 106.844305, "delta": 11.82914}}
{"target": -11.622111500663598, "params": {"E_EA": 127.89184983156392, "E_MC": 7.837486121479902, "J": -18.77180373523934}, "datetime": {"datetime": "2024-05-07 23:11:28", "elapsed": 123.712245, "delta": 16.86794}}
{"target": -11.06230597190009, "params": {"E_EA": 123.37818273829741, "E_MC": 7.530411409201694, "J": -17.86638672891388}, "datetime": {"datetime": "2024-05-07 23:11:45", "elapsed": 0.0, "delta": 0.0}}
{"target": -4.040230862188785, "params": {"E_EA": 133.35081432221176, "E_MC": 7.271392633614561, "J": -19.284887760279975}, "datetime": {"datetime": "2024-05-07 23:11:59", "elapsed": 13.515418, "delta": 13.515418}}
{"target": -15.88284766357086, "params": {"E_EA": 127.65730056527865, "E_MC": 7.5289074528621, "J": -19.337289893276733}, "datetime": {"datetime": "2024-05-07 23:12:18", "elapsed": 32.952048, "delta": 19.43663}}
{"target": -18.40932278806658, "params": {"E_EA": 113.64641086895699, "E_MC": 10.782842875792088, "J": -10.218111344296679}, "datetime": {"datetime": "2024-05-07 23:12:28", "elapsed": 42.564034, "delta": 9.611986}}
{"target": -5.910651749936162, "params": {"E_EA": 133.3516560423898, "E_MC": 10.119634405978985, "J": -17.457295474101763}, "datetime": {"datetime": "2024-05-07 23:12:38", "elapsed": 52.139761, "delta": 9.575727}}
{"target": -49.81247237754797, "params": {"E_EA": 103.93255454225023, "E_MC": 5.851089536423938, "J": -18.89687166025495}, "datetime": {"datetime": "2024-05-07 23:12:49", "elapsed": 63.618811, "delta": 11.47905}}
{"target": -20.22407364706435, "params": {"E_EA": 125.93654056760126, "E_MC": 7.910389779793802, "J": -15.443678541057974}, "datetime": {"datetime": "2024-05-07 23:13:10", "elapsed": 84.137941, "delta": 20.51913}}
{"target": -7.6375383800018675, "params": {"E_EA": 132.117726237876, "E_MC": 10.941891187861014, "J": -16.888882778591572}, "datetime": {"datetime": "2024-05-07 23:13:19", "elapsed": 93.661753, "delta": 9.523812}}
{"target": -2.236539241109281, "params": {"E_EA": 78.90785040560999, "E_MC": 11.731540158673477, "J": -2.2093658959465436}, "datetime": {"datetime": "2024-05-07 23:13:33", "elapsed": 107.098768, "delta": 13.437015}}
{"target": -3.110718270470012, "params": {"E_EA": 116.21985918722298, "E_MC": 3.9461376070994385, "J": -17.92931861895235}, "datetime": {"datetime": "2024-05-07 23:13:45", "elapsed": 0.0, "delta": 0.0}}
{"target": -9.815030190620028, "params": {"E_EA": 115.76937397445414, "E_MC": 4.234959455481553, "J": -18.415363926483295}, "datetime": {"datetime": "2024-05-07 23:13:52", "elapsed": 126.10932, "delta": 19.010552}}
{"target": -10.9004186676516, "params": {"E_EA": 124.36965801886409, "E_MC": 6.384485187804229, "J": -19.000586358789352}, "datetime": {"datetime": "2024-05-07 23:13:58", "elapsed": 12.581223, "delta": 12.581223}}
{"target": -11.939667123361543, "params": {"E_EA": 147.32494945785322, "E_MC": 18.000313397712844, "J": -14.901893481463006}, "datetime": {"datetime": "2024-05-07 23:14:11", "elapsed": 25.83593, "delta": 13.254707}}
{"target": -2.574997364176332, "params": {"E_EA": 78.86437255143912, "E_MC": 12.307580064269995, "J": -1.755743657930978}, "datetime": {"datetime": "2024-05-07 23:14:31", "elapsed": 45.91733, "delta": 20.0814}}
{"target": -11.314250425886671, "params": {"E_EA": 142.2524855599135, "E_MC": 14.231950633908822, "J": -17.1163116587204}, "datetime": {"datetime": "2024-05-07 23:14:48", "elapsed": 62.299152, "delta": 16.381822}}
{"target": -11.494610881386663, "params": {"E_EA": 142.09925782313485, "E_MC": 15.62756220875761, "J": -16.144270437964497}, "datetime": {"datetime": "2024-05-07 23:15:06", "elapsed": 80.552441, "delta": 18.253289}}
{"target": -12.99696306533804, "params": {"E_EA": 114.4917761982412, "E_MC": 4.9054612139470315, "J": -18.046700798930097}, "datetime": {"datetime": "2024-05-07 23:15:26", "elapsed": 100.415089, "delta": 19.862648}}
{"target": -24.616707483983028, "params": {"E_EA": 108.1392721084172, "E_MC": 12.377600783447717, "J": -11.315897520713506}, "datetime": {"datetime": "2024-05-07 23:15:38", "elapsed": 112.46844, "delta": 12.053351}}
{"target": -6.12920222939274, "params": {"E_EA": 110.17610673049758, "E_MC": 13.062670776654508, "J": -9.099055264964356}, "datetime": {"datetime": "2024-05-07 23:15:55", "elapsed": 129.559758, "delta": 17.091318}}
{"target": -17.46511309192266, "params": {"E_EA": 133.83962135750238, "E_MC": 9.685973784172504, "J": -19.441495254221458}, "datetime": {"datetime": "2024-05-07 23:16:09", "elapsed": 144.020258, "delta": 14.4605}}
{"target": -10.235911470519492, "params": {"E_EA": 107.8140855692399, "E_MC": 17.23002323532873, "J": -5.021627953164916}, "datetime": {"datetime": "2024-05-08 12:12:42", "elapsed": 0.0, "delta": 0.0}}
{"target": -2.9458391338597414, "params": {"E_EA": 116.97437405285912, "E_MC": 5.149639289065403, "J": -16.502968308762497}, "datetime": {"datetime": "2024-05-08 12:12:43", "elapsed": 0.0, "delta": 0.0}}
{"target": -4.969205625959452, "params": {"E_EA": 116.60883933469931, "E_MC": 5.463321571627398, "J": -17.052511347129517}, "datetime": {"datetime": "2024-05-08 12:12:56", "elapsed": 14.183998, "delta": 14.183998}}
{"target": -10.381235461174446, "params": {"E_EA": 147.6245669320257, "E_MC": 12.76243294308237, "J": -19.672510100580038}, "datetime": {"datetime": "2024-05-08 12:13:09", "elapsed": 26.311901, "delta": 26.311901}}
{"target": -29.14788005793003, "params": {"E_EA": 128.56579330785712, "E_MC": 5.688421304787561, "J": -17.56910984376265}, "datetime": {"datetime": "2024-05-08 12:13:16", "elapsed": 34.217564, "delta": 20.033566}}
{"target": -6.804830784292856, "params": {"E_EA": 125.30952659378703, "E_MC": 10.612234446803349, "J": -14.193329921708848}, "datetime": {"datetime": "2024-05-08 12:13:25", "elapsed": 43.331626, "delta": 9.114062}}
{"target": -2.554082936990703, "params": {"E_EA": 116.78671807302506, "E_MC": 6.698496694258986, "J": -15.506169743900596}, "datetime": {"datetime": "2024-05-08 12:13:27", "elapsed": 44.251927, "delta": 17.940026}}
{"target": -20.51185892941422, "params": {"E_EA": 119.92956394512855, "E_MC": 18.637381606214927, "J": -9.078089175040912}, "datetime": {"datetime": "2024-05-08 12:13:42", "elapsed": 60.012134, "delta": 16.680508}}
{"target": -9.766429093514873, "params": {"E_EA": 107.29414637599523, "E_MC": 16.81665878618181, "J": -5.469821740109602}, "datetime": {"datetime": "2024-05-08 12:13:45", "elapsed": 61.61156, "delta": 17.359633}}
{"target": -11.083263795878787, "params": {"E_EA": 111.66669836909458, "E_MC": 13.73527009736859, "J": -9.702362140267047}, "datetime": {"datetime": "2024-05-08 12:14:04", "elapsed": 81.017626, "delta": 19.406066}}
{"target": -12.811288033122553, "params": {"E_EA": 107.4458443007905, "E_MC": 15.146853535685262, "J": -5.964454133245351}, "datetime": {"datetime": "2024-05-08 12:14:08", "elapsed": 85.948824, "delta": 25.93669}}
{"target": -5.563354312470158, "params": {"E_EA": 125.3208093169547, "E_MC": 10.502204372805002, "J": -14.503204500123417}, "datetime": {"datetime": "2024-05-08 12:14:16", "elapsed": 92.729941, "delta": 11.712315}}
{"target": -7.735583806803246, "params": {"E_EA": 130.61947340493035, "E_MC": 10.98499084182799, "J": -16.528315754735942}, "datetime": {"datetime": "2024-05-08 12:14:30", "elapsed": 108.262459, "delta": 22.313635}}
{"target": -5.153906197397461, "params": {"E_EA": 129.28455741807534, "E_MC": 8.766214106617902, "J": -16.86527597758499}, "datetime": {"datetime": "2024-05-08 12:14:35", "elapsed": 111.773435, "delta": 19.043494}}
{"target": -21.79406551656973, "params": {"E_EA": 143.68529425945826, "E_MC": 14.83446724665042, "J": -18.207354712777676}, "datetime": {"datetime": "2024-05-08 12:14:41", "elapsed": 119.030724, "delta": 10.768265}}
{"target": -10.32748568610537, "params": {"E_EA": 124.76548434545374, "E_MC": 9.320421604086926, "J": -16.683324691051656}, "datetime": {"datetime": "2024-05-08 12:14:54", "elapsed": 130.650298, "delta": 18.876863}}
{"target": -18.92992571891784, "params": {"E_EA": 105.73012290091397, "E_MC": 17.393010354863712, "J": -3.608135197550748}, "datetime": {"datetime": "2024-05-08 12:14:55", "elapsed": 133.380086, "delta": 14.349362}}
{"target": -12.414063965307525, "params": {"E_EA": 117.25297700208824, "E_MC": 5.588048586793912, "J": -15.442513121393006}, "datetime": {"datetime": "2024-05-08 12:15:10", "elapsed": 148.383684, "delta": 15.003598}}
{"target": -11.383940363750144, "params": {"E_EA": 144.8655949681501, "E_MC": 14.706931018537515, "J": -17.633384949425512}, "datetime": {"datetime": "2024-05-08 12:15:16", "elapsed": 152.926164, "delta": 22.275866}}
{"target": -8.350563272621265, "params": {"E_EA": 126.49131911523466, "E_MC": 11.771442262126042, "J": -13.776403006334954}, "datetime": {"datetime": "2024-05-08 12:15:46", "elapsed": 183.306526, "delta": 30.380362}}
{"target": -34.24440469818096, "params": {"E_EA": 147.52640571139116, "E_MC": 16.370856688590965, "J": -13.646874053267979}, "datetime": {"datetime": "2024-05-08 13:18:53", "elapsed": 0.0, "delta": 0.0}}
{"target": -5.584651652851011, "params": {"E_EA": 111.25620603270723, "E_MC": 10.402664469031253, "J": -10.999204548584146}, "datetime": {"datetime": "2024-05-08 13:19:02", "elapsed": 0.0, "delta": 0.0}}
{"target": -13.087326586198731, "params": {"E_EA": 121.7135708657022, "E_MC": 16.7688406137799, "J": -10.26663798100123}, "datetime": {"datetime": "2024-05-08 13:19:12", "elapsed": 18.920945, "delta": 18.920945}}
{"target": -7.139301279173499, "params": {"E_EA": 109.84453305719599, "E_MC": 10.721112138184791, "J": -10.081309242445952}, "datetime": {"datetime": "2024-05-08 13:19:23", "elapsed": 20.600709, "delta": 20.600709}}
{"target": -7.9269377770693845, "params": {"E_EA": 125.20232863158355, "E_MC": 13.39033202764517, "J": -12.443097390181252}, "datetime": {"datetime": "2024-05-08 13:19:32", "elapsed": 39.041196, "delta": 20.120251}}
{"target": -7.470235235515436, "params": {"E_EA": 125.66215738253216, "E_MC": 12.879340011223686, "J": -12.762412724144685}, "datetime": {"datetime": "2024-05-08 13:19:50", "elapsed": 48.305897, "delta": 27.705188}}
{"target": -19.99596359892277, "params": {"E_EA": 133.35521134639026, "E_MC": 11.412928278949154, "J": -18.407801382397892}, "datetime": {"datetime": "2024-05-08 13:19:53", "elapsed": 59.744929, "delta": 20.703733}}
{"target": -9.353120573389672, "params": {"E_EA": 127.46282038185713, "E_MC": 10.718589064709404, "J": -14.44174468165925}, "datetime": {"datetime": "2024-05-08 13:20:02", "elapsed": 60.217597, "delta": 11.9117}}
{"target": -8.10614128934319, "params": {"E_EA": 113.76214953092123, "E_MC": 13.050742084882195, "J": -10.446960821288723}, "datetime": {"datetime": "2024-05-08 13:20:22", "elapsed": 79.441427, "delta": 19.22383}}
{"target": -17.744077316343244, "params": {"E_EA": 108.16315184696221, "E_MC": 14.08360426543419, "J": -9.236376955192789}, "datetime": {"datetime": "2024-05-08 13:20:24", "elapsed": 91.564761, "delta": 31.819832}}
{"target": -16.652235415678135, "params": {"E_EA": 122.8192870302636, "E_MC": 17.52753797926527, "J": -9.940480268196342}, "datetime": {"datetime": "2024-05-08 13:20:38", "elapsed": 95.925999, "delta": 16.484572}}
{"target": -9.668399893541146, "params": {"E_EA": 109.76993529153535, "E_MC": 16.233725827552583, "J": -6.373697409704683}, "datetime": {"datetime": "2024-05-08 13:20:40", "elapsed": 107.37732, "delta": 15.812559}}
{"target": -3.0935302786042214, "params": {"E_EA": 81.85383408218883, "E_MC": 11.357718401718806, "J": -3.346681255728832}, "datetime": {"datetime": "2024-05-08 13:20:59", "elapsed": 126.651283, "delta": 19.273963}}
{"target": -11.912506431630685, "params": {"E_EA": 120.80057352830255, "E_MC": 16.50340277661495, "J": -9.787835595711453}, "datetime": {"datetime": "2024-05-08 13:21:03", "elapsed": 120.961278, "delta": 25.035279}}
{"target": -11.119887879738892, "params": {"E_EA": 126.68804309555, "E_MC": 18.620902291185125, "J": -8.895249664880875}, "datetime": {"datetime": "2024-05-08 13:21:19", "elapsed": 136.930614, "delta": 15.969336}}
{"target": -7.410974315525099, "params": {"E_EA": 114.49980766999916, "E_MC": 10.763503331212927, "J": -12.466067145270383}, "datetime": {"datetime": "2024-05-08 13:21:22", "elapsed": 149.521079, "delta": 22.869796}}
{"target": -2.7006888320618, "params": {"E_EA": 118.37369149423638, "E_MC": 5.029843849922178, "J": -17.495924782036912}, "datetime": {"datetime": "2024-05-08 13:21:37", "elapsed": 154.658711, "delta": 17.728097}}
{"target": -5.074363585244624, "params": {"E_EA": 81.93470112756928, "E_MC": 13.043164846382982, "J": -2.3378813041011384}, "datetime": {"datetime": "2024-05-08 13:21:38", "elapsed": 165.362951, "delta": 15.841872}}
{"target": -3.1322029514895044, "params": {"E_EA": 117.59353834573082, "E_MC": 7.904354523325635, "J": -14.656107561507659}, "datetime": {"datetime": "2024-05-08 13:21:56", "elapsed": 183.685639, "delta": 18.322688}}
{"target": -10.69096211763476, "params": {"E_EA": 134.1110928502901, "E_MC": 8.667106584847884, "J": -17.40832697706442}, "datetime": {"datetime": "2024-05-08 13:21:59", "elapsed": 177.032474, "delta": 22.373763}}
