{"target": -17.435700168549214, "params": {"E_EA": 81.69451939813204, "E_MC": 5.744794408649609, "J": -8.854110423410644}, "datetime": {"datetime": "2024-05-07 22:29:24", "elapsed": 61.547677, "delta": 13.211331}}
{"target": -1.4619944368633413, "params": {"E_EA": 83.52898032713543, "E_MC": 6.496300965431621, "J": -7.609027403624747}, "datetime": {"datetime": "2024-05-07 22:29:30", "elapsed": 67.979557, "delta": 6.43188}}
{"target": -3.287198722081244, "params": {"E_EA": 65.06959374213253, "E_MC": 10.622284900645049, "J": 0.09934243929016873}, "datetime": {"datetime": "2024-05-07 22:29:36", "elapsed": 74.236814, "delta": 6.257257}}
{"target": -1.0763863125591617, "params": {"E_EA": 68.83422678202487, "E_MC": 9.322974289781062, "J": -1.1833014263329389}, "datetime": {"datetime": "2024-05-07 22:29:59", "elapsed": 0.0, "delta": 0.0}}
{"target": -9.981124728981637, "params": {"E_EA": 120.86212394240094, "E_MC": 6.228822570764357, "J": -18.2022512073574}, "datetime": {"datetime": "2024-05-07 22:30:07", "elapsed": 7.996987, "delta": 7.996987}}
{"target": -1.66337709670208, "params": {"E_EA": 69.49263403992293, "E_MC": 9.969645297132738, "J": -0.8081463293488156}, "datetime": {"datetime": "2024-05-07 22:30:15", "elapsed": 16.2337, "delta": 8.236713}}
{"target": -8.331454318027742, "params": {"E_EA": 82.98917066187535, "E_MC": 8.307260784806596, "J": -6.639855187793792}, "datetime": {"datetime": "2024-05-07 22:30:23", "elapsed": 23.665997, "delta": 7.432297}}
{"target": -7.815713060753928, "params": {"E_EA": 92.97718654740589, "E_MC": 10.362025172818292, "J": -7.58837632495084}, "datetime": {"datetime": "2024-05-07 22:30:34", "elapsed": 0.0, "delta": 0.0}}
{"target": -3.625842813384222, "params": {"E_EA": 88.18575814314623, "E_MC": 3.752696057803043, "J": -11.219573096609196}, "datetime": {"datetime": "2024-05-07 22:30:34", "elapsed": 35.04037, "delta": 11.374373}}
{"target": -4.057091784063554, "params": {"E_EA": 69.31698213697435, "E_MC": 9.804022480293332, "J": -1.6941868703166776}, "datetime": {"datetime": "2024-05-07 22:30:40", "elapsed": 6.418652, "delta": 6.418652}}
{"target": -3.744589427405222, "params": {"E_EA": 65.68991430978261, "E_MC": 10.086906653999332, "J": 0.4563829902915586}, "datetime": {"datetime": "2024-05-07 22:30:40", "elapsed": 41.111053, "delta": 6.070683}}
{"target": -100.0, "params": {"E_EA": 125.34942457331479, "E_MC": 8.394783707167882, "J": 0.2737521152618392}, "datetime": {"datetime": "2024-05-07 22:30:43", "elapsed": 43.726771, "delta": 2.615718}}
{"target": -0.9499240000967692, "params": {"E_EA": 82.8815318767117, "E_MC": 6.714642424452135, "J": -6.965484361143437}, "datetime": {"datetime": "2024-05-07 22:30:47", "elapsed": 12.925499, "delta": 6.506847}}
{"target": -1.1401261324956673, "params": {"E_EA": 65.94907025470974, "E_MC": 10.497768687815164, "J": 0.4707361436062456}, "datetime": {"datetime": "2024-05-07 22:30:50", "elapsed": 50.977264, "delta": 7.250493}}
{"target": -2.338783258775521, "params": {"E_EA": 67.72125438931839, "E_MC": 10.949179835240903, "J": -0.287796913263616}, "datetime": {"datetime": "2024-05-07 22:30:53", "elapsed": 19.399466, "delta": 6.473967}}
{"target": -1.4750781861661513, "params": {"E_EA": 83.847888490179, "E_MC": 6.043324921741867, "J": -7.561384861062898}, "datetime": {"datetime": "2024-05-07 22:30:58", "elapsed": 58.578147, "delta": 7.600883}}
{"target": -7.117391070838101, "params": {"E_EA": 134.89534898344965, "E_MC": 11.02569547844076, "J": -17.31613138710476}, "datetime": {"datetime": "2024-05-07 22:31:02", "elapsed": 28.583232, "delta": 9.183766}}
{"target": -4.42310951424698, "params": {"E_EA": 82.00162182188879, "E_MC": 9.312257433908233, "J": -4.264912274167489}, "datetime": {"datetime": "2024-05-07 22:31:06", "elapsed": 66.582486, "delta": 8.004339}}
{"target": -13.250004811958048, "params": {"E_EA": 80.99059504338963, "E_MC": 7.096728267790625, "J": -5.301294854029948}, "datetime": {"datetime": "2024-05-07 22:31:09", "elapsed": 34.895291, "delta": 6.312059}}
{"target": -100.0, "params": {"E_EA": 131.13137567360587, "E_MC": 26.527408537343636, "J": 7.827364424920141}, "datetime": {"datetime": "2024-05-07 22:31:11", "elapsed": 37.472178, "delta": 2.576887}}
{"target": -7.602515495822306, "params": {"E_EA": 135.72572812225923, "E_MC": 10.311386042369142, "J": -16.7538777072309}, "datetime": {"datetime": "2024-05-07 22:31:18", "elapsed": 44.478431, "delta": 7.006253}}
{"target": -2.8554306385964434, "params": {"E_EA": 93.13519972852814, "E_MC": 9.80157178343681, "J": -7.383762840129041}, "datetime": {"datetime": "2024-05-07 22:31:26", "elapsed": 52.057201, "delta": 7.57877}}
{"target": -100.0, "params": {"E_EA": 118.78340298432391, "E_MC": 13.110552391118421, "J": 5.267414332031176}, "datetime": {"datetime": "2024-05-07 22:31:29", "elapsed": 55.203299, "delta": 3.146098}}
{"target": -10.153587625334186, "params": {"E_EA": 73.06364487612055, "E_MC": 12.097071653790456, "J": 0.3694943790752667}, "datetime": {"datetime": "2024-05-07 22:32:29", "elapsed": 0.0, "delta": 0.0}}
{"target": -12.88251397336495, "params": {"E_EA": 87.97399520450566, "E_MC": 4.084486426165742, "J": -11.535368798206491}, "datetime": {"datetime": "2024-05-07 22:32:36", "elapsed": 7.160908, "delta": 7.160908}}
{"target": -10.386036297098997, "params": {"E_EA": 63.45247876027191, "E_MC": 11.45160271998236, "J": 0.8082197235627717}, "datetime": {"datetime": "2024-05-07 22:32:45", "elapsed": 16.127999, "delta": 8.967091}}
{"target": -3.2731792800903277, "params": {"E_EA": 81.18827250217075, "E_MC": 5.376983441694037, "J": -7.235555018393747}, "datetime": {"datetime": "2024-05-07 22:33:00", "elapsed": 31.576463, "delta": 15.448464}}
{"target": -5.770277964132515, "params": {"E_EA": 65.7525968400897, "E_MC": 10.781418460523579, "J": -0.08393057134553317}, "datetime": {"datetime": "2024-05-07 22:33:11", "elapsed": 42.180632, "delta": 10.604169}}
{"target": -14.886921566478874, "params": {"E_EA": 80.27351020229575, "E_MC": 5.9260906118961385, "J": -8.069464378834489}, "datetime": {"datetime": "2024-05-07 22:33:18", "elapsed": 49.197031, "delta": 7.016399}}
{"target": -2.8472269742774614, "params": {"E_EA": 78.38512379906582, "E_MC": 10.190899899699513, "J": -3.591426375198381}, "datetime": {"datetime": "2024-05-07 22:33:24", "elapsed": 55.698425, "delta": 6.501394}}
{"target": -1.8621492112555265, "params": {"E_EA": 78.78009946377176, "E_MC": 9.301973970536062, "J": -3.7333006684360655}, "datetime": {"datetime": "2024-05-07 22:33:34", "elapsed": 65.198998, "delta": 9.500573}}
{"target": -1.5588068266897095, "params": {"E_EA": 79.47914162222537, "E_MC": 9.269028480555429, "J": -3.9101888898118666}, "datetime": {"datetime": "2024-05-07 22:33:42", "elapsed": 72.931215, "delta": 7.732217}}
{"target": -1.476355742247193, "params": {"E_EA": 83.31050319803587, "E_MC": 7.527739572738194, "J": -6.27044886041158}, "datetime": {"datetime": "2024-05-07 22:33:49", "elapsed": 80.849284, "delta": 7.918069}}
{"target": -6.273357222162361, "params": {"E_EA": 81.2935138002182, "E_MC": 6.1943690740087884, "J": -7.7866573989563435}, "datetime": {"datetime": "2024-05-07 22:34:13", "elapsed": 0.0, "delta": 0.0}}
{"target": -100.0, "params": {"E_EA": 84.38864516883724, "E_MC": 24.70120891518424, "J": -18.45944468817028}, "datetime": {"datetime": "2024-05-07 22:34:21", "elapsed": 7.213397, "delta": 7.213397}}
{"target": -6.8439361728241535, "params": {"E_EA": 83.83804298514363, "E_MC": 8.235527886088084, "J": -6.914746192436901}, "datetime": {"datetime": "2024-05-07 22:34:28", "elapsed": 15.096161, "delta": 7.882764}}
{"target": -1.1856941240131966, "params": {"E_EA": 81.08738635038267, "E_MC": 7.535150430708356, "J": -6.100968129772246}, "datetime": {"datetime": "2024-05-07 22:34:44", "elapsed": 30.61875, "delta": 15.522589}}
{"target": -3.058227065185885, "params": {"E_EA": 122.18702195062347, "E_MC": 5.667651884351448, "J": -17.44978832817981}, "datetime": {"datetime": "2024-05-07 22:34:55", "elapsed": 41.542574, "delta": 10.923824}}
{"target": -14.416308586572983, "params": {"E_EA": 115.11911213634501, "E_MC": 6.5572637713026936, "J": -16.68367157506335}, "datetime": {"datetime": "2024-05-07 22:35:03", "elapsed": 49.445547, "delta": 7.902973}}
{"target": -100.0, "params": {"E_EA": 95.87352679132228, "E_MC": 7.420395270172872, "J": 14.94269784243032}, "datetime": {"datetime": "2024-05-07 22:35:07", "elapsed": 53.295123, "delta": 3.849576}}
{"target": -6.131642421040632, "params": {"E_EA": 79.09341974018898, "E_MC": 9.686317719761885, "J": -4.507776893560532}, "datetime": {"datetime": "2024-05-07 22:35:18", "elapsed": 64.927355, "delta": 11.632232}}
{"target": -6.661970494974876, "params": {"E_EA": 66.4455138247672, "E_MC": 10.036307932825395, "J": 0.40138443102865295}, "datetime": {"datetime": "2024-05-07 22:35:29", "elapsed": 75.469652, "delta": 10.542297}}
{"target": -55.74862307681184, "params": {"E_EA": 149.99144258878553, "E_MC": 29.888865071544608, "J": -2.827414518264206}, "datetime": {"datetime": "2024-05-07 22:35:37", "elapsed": 83.834012, "delta": 8.36436}}
{"target": -2.6754794507014434, "params": {"E_EA": 80.03750927655324, "E_MC": 4.983626212182241, "J": -7.29061736450058}, "datetime": {"datetime": "2024-05-07 22:36:01", "elapsed": 0.0, "delta": 0.0}}
{"target": -3.245531847637249, "params": {"E_EA": 82.78901382433699, "E_MC": 6.365356834731788, "J": -7.800808515696049}, "datetime": {"datetime": "2024-05-07 22:36:14", "elapsed": 12.827846, "delta": 12.827846}}
{"target": -1.440112519800865, "params": {"E_EA": 82.53503163728789, "E_MC": 6.484507558890992, "J": -7.380649598455085}, "datetime": {"datetime": "2024-05-07 22:36:22", "elapsed": 21.320626, "delta": 8.49278}}
{"target": -5.067497473731715, "params": {"E_EA": 79.18481263316778, "E_MC": 9.907658110652115, "J": -3.07456533153168}, "datetime": {"datetime": "2024-05-07 22:36:40", "elapsed": 39.098344, "delta": 17.777718}}
{"target": -8.724706728158978, "params": {"E_EA": 87.68986137088088, "E_MC": 3.7413989624781827, "J": -11.477583556328849}, "datetime": {"datetime": "2024-05-07 22:36:50", "elapsed": 48.642798, "delta": 9.544454}}
{"target": -9.693400885415668, "params": {"E_EA": 74.83317127913784, "E_MC": 13.037411846431953, "J": -1.0345193369328562}, "datetime": {"datetime": "2024-05-07 22:36:58", "elapsed": 56.987956, "delta": 8.345158}}
{"target": -0.3310826611256448, "params": {"E_EA": 66.01547045993905, "E_MC": 10.235988440380673, "J": 0.030174639163676808}, "datetime": {"datetime": "2024-05-07 22:37:07", "elapsed": 0.0, "delta": 0.0}}
{"target": -100.0, "params": {"E_EA": 47.38242414785942, "E_MC": 25.554767971535842, "J": -13.418833502913916}, "datetime": {"datetime": "2024-05-07 22:37:08", "elapsed": 66.401876, "delta": 9.41392}}
{"target": -100.0, "params": {"E_EA": 115.78454764861661, "E_MC": 5.567544078760947, "J": -1.7289370832696491}, "datetime": {"datetime": "2024-05-07 22:37:11", "elapsed": 70.010251, "delta": 3.608375}}
{"target": -0.2507298279858134, "params": {"E_EA": 69.50945502813417, "E_MC": 9.011754741046598, "J": -1.8592904523953422}, "datetime": {"datetime": "2024-05-07 22:37:21", "elapsed": 13.667645, "delta": 13.667645}}
{"target": -9.82910951700772, "params": {"E_EA": 80.40527122470758, "E_MC": 4.919363188764601, "J": -7.099777325707191}, "datetime": {"datetime": "2024-05-07 22:37:24", "elapsed": 82.46395, "delta": 12.453699}}
{"target": -17.970077363590754, "params": {"E_EA": 81.40150793050691, "E_MC": 4.960855222174858, "J": -7.010192197104583}, "datetime": {"datetime": "2024-05-07 22:37:31", "elapsed": 23.969752, "delta": 10.302107}}
{"target": -6.337903585997728, "params": {"E_EA": 81.60174642243237, "E_MC": 3.0270349289309357, "J": -10.281938438852443}, "datetime": {"datetime": "2024-05-07 22:37:36", "elapsed": 94.825639, "delta": 12.361689}}
{"target": -3.9492333980542838, "params": {"E_EA": 87.06902495957226, "E_MC": 3.91979972128472, "J": -10.828124189802574}, "datetime": {"datetime": "2024-05-07 22:37:44", "elapsed": 37.015826, "delta": 13.046074}}
{"target": -3.029849202400358, "params": {"E_EA": 125.37173266941798, "E_MC": 6.969233565213681, "J": -17.367597633440557}, "datetime": {"datetime": "2024-05-07 22:37:54", "elapsed": 47.119992, "delta": 10.104166}}
{"target": -3.617381581597736, "params": {"E_EA": 128.90476544391467, "E_MC": 4.99906582643145, "J": -19.63682282647732}, "datetime": {"datetime": "2024-05-07 22:38:10", "elapsed": 62.285449, "delta": 15.165457}}
{"target": -1.5204997636832551, "params": {"E_EA": 80.3648379182576, "E_MC": 5.408679010066867, "J": -7.207456288527911}, "datetime": {"datetime": "2024-05-07 22:38:21", "elapsed": 73.213399, "delta": 10.92795}}
{"target": -3.569346827581653, "params": {"E_EA": 80.46148164314627, "E_MC": 5.984087930183338, "J": -7.510760240509811}, "datetime": {"datetime": "2024-05-07 22:38:28", "elapsed": 80.838396, "delta": 7.624997}}
{"target": -17.436237026498333, "params": {"E_EA": 79.67918569806997, "E_MC": 9.951722607206012, "J": -2.616172612178218}, "datetime": {"datetime": "2024-05-07 22:38:30", "elapsed": 0.0, "delta": 0.0}}
{"target": -1.401683422961907, "params": {"E_EA": 79.21115206890802, "E_MC": 9.589578578353178, "J": -3.795913893312406}, "datetime": {"datetime": "2024-05-07 22:38:39", "elapsed": 8.834408, "delta": 8.834408}}
{"target": -3.0530319293125516, "params": {"E_EA": 64.49315802482161, "E_MC": 11.537073467423191, "J": 1.855492909231529}, "datetime": {"datetime": "2024-05-07 22:38:41", "elapsed": 93.860296, "delta": 13.0219}}
{"target": -0.9172568985104886, "params": {"E_EA": 81.46727031927708, "E_MC": 4.753377502246604, "J": -8.157949050727042}, "datetime": {"datetime": "2024-05-07 22:38:54", "elapsed": 23.51696, "delta": 14.682552}}
{"target": -9.357370074631046, "params": {"E_EA": 78.50934968416391, "E_MC": 10.681608253724306, "J": -3.7729051623524548}, "datetime": {"datetime": "2024-05-07 22:38:55", "elapsed": 108.008537, "delta": 14.148241}}
{"target": -7.255674361457954, "params": {"E_EA": 91.87655642471168, "E_MC": 10.177886755025146, "J": -7.414563355425532}, "datetime": {"datetime": "2024-05-07 22:39:04", "elapsed": 33.410317, "delta": 9.893357}}
{"target": -2.3924336173615166, "params": {"E_EA": 78.39405299068038, "E_MC": 9.547678870816872, "J": -4.06147532917284}, "datetime": {"datetime": "2024-05-07 22:39:17", "elapsed": 46.730742, "delta": 13.320425}}
{"target": -0.2924261587148734, "params": {"E_EA": 69.17259868936708, "E_MC": 8.901328848037654, "J": -1.893052789889616}, "datetime": {"datetime": "2024-05-07 22:39:30", "elapsed": 59.876117, "delta": 13.145375}}
{"target": -100.0, "params": {"E_EA": 86.0194946583911, "E_MC": 20.997725227205724, "J": -14.734808281285488}, "datetime": {"datetime": "2024-05-07 22:39:38", "elapsed": 67.755141, "delta": 7.879024}}
{"target": -0.610771776701853, "params": {"E_EA": 69.65967367531441, "E_MC": 10.098603355345361, "J": -1.1454703765581442}, "datetime": {"datetime": "2024-05-07 22:39:50", "elapsed": 79.911184, "delta": 12.156043}}
{"target": -0.6244431894440753, "params": {"E_EA": 65.18106955152606, "E_MC": 10.29468068995946, "J": 0.44468209008255144}, "datetime": {"datetime": "2024-05-07 22:39:59", "elapsed": 88.806382, "delta": 8.895198}}
{"target": -0.5272687188529035, "params": {"E_EA": 63.09816475226417, "E_MC": 10.88435388569965, "J": 1.3163879766165643}, "datetime": {"datetime": "2024-05-07 22:40:13", "elapsed": 0.0, "delta": 0.0}}
{"target": -0.5619724322039309, "params": {"E_EA": 69.21815728944418, "E_MC": 9.80948846424041, "J": -1.0301231953332817}, "datetime": {"datetime": "2024-05-07 22:40:14", "elapsed": 103.829653, "delta": 15.023271}}
{"target": -1.032806212462719, "params": {"E_EA": 63.078832027273755, "E_MC": 10.470975502877874, "J": 1.1996818435354797}, "datetime": {"datetime": "2024-05-07 22:40:30", "elapsed": 17.277469, "delta": 17.277469}}
{"target": -0.9513706256118992, "params": {"E_EA": 70.10933023168016, "E_MC": 11.348618302241478, "J": -0.30868869391809284}, "datetime": {"datetime": "2024-05-07 22:40:39", "elapsed": 25.87345, "delta": 8.595981}}
{"target": -0.9085078085684155, "params": {"E_EA": 78.84272198831016, "E_MC": 8.876728834643037, "J": -4.349329150153283}, "datetime": {"datetime": "2024-05-07 22:40:52", "elapsed": 39.685381, "delta": 13.811931}}
{"target": -1.120048172790227, "params": {"E_EA": 79.36472082812816, "E_MC": 8.855407274052904, "J": -4.415662192818836}, "datetime": {"datetime": "2024-05-07 22:41:01", "elapsed": 48.788317, "delta": 9.102936}}
{"target": -100.0, "params": {"E_EA": 25.261668904030955, "E_MC": 7.946221817610873, "J": 15.886542579253032}, "datetime": {"datetime": "2024-05-07 22:41:06", "elapsed": 53.053321, "delta": 4.265004}}
{"target": -100.0, "params": {"E_EA": 51.6817062813477, "E_MC": 14.982924518029662, "J": 18.508848211057142}, "datetime": {"datetime": "2024-05-07 22:41:10", "elapsed": 57.534374, "delta": 4.481053}}
{"target": -0.8690275251927803, "params": {"E_EA": 83.53638441823931, "E_MC": 6.137083335111175, "J": -7.775407604479586}, "datetime": {"datetime": "2024-05-07 22:41:18", "elapsed": 0.0, "delta": 0.0}}
{"target": -7.981655791073571, "params": {"E_EA": 81.65835421507182, "E_MC": 6.000707141357434, "J": -8.10311715347716}, "datetime": {"datetime": "2024-05-07 22:41:27", "elapsed": 74.342415, "delta": 16.808041}}
{"target": -2.4780243900210053, "params": {"E_EA": 83.99529969534757, "E_MC": 7.146872859757764, "J": -6.623703926180147}, "datetime": {"datetime": "2024-05-07 22:41:33", "elapsed": 15.374803, "delta": 15.374803}}
{"target": -2.1008493443346485, "params": {"E_EA": 74.31386944744753, "E_MC": 12.079894539336841, "J": -0.5684588370308035}, "datetime": {"datetime": "2024-05-07 22:41:41", "elapsed": 23.505619, "delta": 8.130816}}
{"target": -10.96498225186276, "params": {"E_EA": 65.25261900048145, "E_MC": 10.800448001942447, "J": -0.2962085635234182}, "datetime": {"datetime": "2024-05-07 22:41:45", "elapsed": 92.033866, "delta": 17.691451}}
{"target": -5.517146206241522, "params": {"E_EA": 69.47166593327123, "E_MC": 9.529739374814351, "J": -0.8627812864919377}, "datetime": {"datetime": "2024-05-07 22:41:51", "elapsed": 33.441206, "delta": 9.935587}}
{"target": -1.0037442667211558, "params": {"E_EA": 81.39335852710552, "E_MC": 7.761610563451364, "J": -5.861558795857121}, "datetime": {"datetime": "2024-05-07 22:41:59", "elapsed": 105.941291, "delta": 13.907425}}
{"target": -2.313321798540576, "params": {"E_EA": 79.33364242575163, "E_MC": 8.663886164128721, "J": -5.055097203817574}, "datetime": {"datetime": "2024-05-07 22:42:03", "elapsed": 45.750572, "delta": 12.309366}}
{"target": -12.564741381131753, "params": {"E_EA": 121.58775615476016, "E_MC": 4.605578484144437, "J": -19.559065665009978}, "datetime": {"datetime": "2024-05-07 22:42:14", "elapsed": 56.253865, "delta": 10.503293}}
{"target": -8.069916131839701, "params": {"E_EA": 74.03610446969388, "E_MC": 12.80780002327457, "J": -0.8960815228805359}, "datetime": {"datetime": "2024-05-07 22:42:26", "elapsed": 68.67931, "delta": 12.425445}}
{"target": -2.7666343556665787, "params": {"E_EA": 121.7952644859239, "E_MC": 6.167482450900993, "J": -17.166471785883655}, "datetime": {"datetime": "2024-05-07 22:42:39", "elapsed": 81.711, "delta": 13.03169}}
{"target": -49.56204375112854, "params": {"E_EA": 99.5899422824847, "E_MC": 21.00280633281745, "J": -5.69189881066109}, "datetime": {"datetime": "2024-05-07 22:42:47", "elapsed": 88.904254, "delta": 7.193254}}
{"target": -6.754265819438664, "params": {"E_EA": 135.4052448249481, "E_MC": 10.836310386933192, "J": -16.412756690346622}, "datetime": {"datetime": "2024-05-07 22:42:54", "elapsed": 96.568771, "delta": 7.664517}}
{"target": -6.334063573903471, "params": {"E_EA": 79.04699221881452, "E_MC": 10.214581962956586, "J": -4.136894777712726}, "datetime": {"datetime": "2024-05-07 22:43:12", "elapsed": 0.0, "delta": 0.0}}
{"target": -0.8727346622667539, "params": {"E_EA": 82.49596641845008, "E_MC": 5.99661222696581, "J": -7.378181547324134}, "datetime": {"datetime": "2024-05-07 22:43:23", "elapsed": 10.906723, "delta": 10.906723}}
{"target": -12.932062032336537, "params": {"E_EA": 78.36670062963337, "E_MC": 10.258923078763097, "J": -4.344747450742336}, "datetime": {"datetime": "2024-05-07 22:43:35", "elapsed": 23.457076, "delta": 12.550353}}
{"target": -4.225122471635782, "params": {"E_EA": 82.09021825318794, "E_MC": 4.676229180859906, "J": -7.989288317166947}, "datetime": {"datetime": "2024-05-07 22:43:43", "elapsed": 30.993877, "delta": 7.536801}}
{"target": -3.555744476210951, "params": {"E_EA": 92.97879889909484, "E_MC": 9.876591831433307, "J": -6.930734964933256}, "datetime": {"datetime": "2024-05-07 22:43:54", "elapsed": 42.271086, "delta": 11.277209}}
{"target": -1.3754458639640073, "params": {"E_EA": 81.69109462372789, "E_MC": 5.152861182957319, "J": -8.219181423318487}, "datetime": {"datetime": "2024-05-07 22:44:10", "elapsed": 58.391477, "delta": 16.120391}}
{"target": -2.5265369693465227, "params": {"E_EA": 71.52224825068507, "E_MC": 10.760032659997538, "J": -1.4188956768763852}, "datetime": {"datetime": "2024-05-07 22:44:29", "elapsed": 76.763995, "delta": 18.372518}}
{"target": -3.10179108444288, "params": {"E_EA": 73.42432101352858, "E_MC": 12.25996009292849, "J": -0.07611795909878083}, "datetime": {"datetime": "2024-05-07 22:44:36", "elapsed": 84.369246, "delta": 7.605251}}
{"target": -0.9434660274292874, "params": {"E_EA": 81.27864324061997, "E_MC": 7.225804824724111, "J": -6.35442366216925}, "datetime": {"datetime": "2024-05-07 22:44:38", "elapsed": 0.0, "delta": 0.0}}
{"target": -1.1679263968536602, "params": {"E_EA": 80.94080126298957, "E_MC": 4.471820004959097, "J": -8.48220115738959}, "datetime": {"datetime": "2024-05-07 22:44:46", "elapsed": 93.695265, "delta": 9.326019}}
{"target": -4.676485034209876, "params": {"E_EA": 83.06490426798536, "E_MC": 5.965863603554952, "J": -8.286570670756252}, "datetime": {"datetime": "2024-05-07 22:44:53", "elapsed": 14.473699, "delta": 14.473699}}
