{"target": -100.0, "params": {"E_EA": 116.7112069556623, "E_MC": 17.282896598738176, "J": 19.891119389704144}, "datetime": {"datetime": "2024-05-07 21:57:57", "elapsed": 90.542725, "delta": 1.514407}}
{"target": -100.0, "params": {"E_EA": 34.59770277257384, "E_MC": 18.634920879138733, "J": -20.0}, "datetime": {"datetime": "2024-05-07 21:58:16", "elapsed": 60.594374, "delta": 25.566184}}
{"target": -100.0, "params": {"E_EA": 117.35214165736564, "E_MC": 16.92027761238543, "J": 18.916049011238158}, "datetime": {"datetime": "2024-05-07 21:58:18", "elapsed": 62.320717, "delta": 1.726343}}
{"target": -100.0, "params": {"E_EA": 20.0, "E_MC": 3.0, "J": 1.628577299762131}, "datetime": {"datetime": "2024-05-07 21:58:32", "elapsed": 126.223749, "delta": 35.681024}}
{"target": -100.0, "params": {"E_EA": 141.56056695375793, "E_MC": 16.09902189351987, "J": 19.317527419192373}, "datetime": {"datetime": "2024-05-07 21:58:34", "elapsed": 128.161698, "delta": 1.937949}}
{"target": -100.0, "params": {"E_EA": 42.98520671231643, "E_MC": 11.26904574380349, "J": -5.771319959647684}, "datetime": {"datetime": "2024-05-07 21:58:41", "elapsed": 134.912364, "delta": 6.750666}}
{"target": -100.0, "params": {"E_EA": 87.60848813591147, "E_MC": 30.0, "J": 20.0}, "datetime": {"datetime": "2024-05-07 21:58:43", "elapsed": 137.255141, "delta": 2.342777}}
{"target": -100.0, "params": {"E_EA": 20.0, "E_MC": 3.0, "J": 1.6157688722514336}, "datetime": {"datetime": "2024-05-07 21:58:48", "elapsed": 0.0, "delta": 0.0}}
{"target": -100.0, "params": {"E_EA": 87.61090998901902, "E_MC": 30.0, "J": 20.0}, "datetime": {"datetime": "2024-05-07 21:58:50", "elapsed": 2.479219, "delta": 2.479219}}
{"target": -100.0, "params": {"E_EA": 139.62757717633394, "E_MC": 15.685321690382615, "J": 19.514347415572445}, "datetime": {"datetime": "2024-05-07 21:58:52", "elapsed": 4.390463, "delta": 1.911244}}
{"target": -100.0, "params": {"E_EA": 20.0, "E_MC": 3.0, "J": 1.6258908199092412}, "datetime": {"datetime": "2024-05-07 21:58:54", "elapsed": 98.421657, "delta": 36.10094}}
{"target": -100.0, "params": {"E_EA": 43.319251938966126, "E_MC": 12.612185775779341, "J": -5.378265778648631}, "datetime": {"datetime": "2024-05-07 21:58:59", "elapsed": 11.2018, "delta": 6.811337}}
{"target": -100.0, "params": {"E_EA": 43.229157485394175, "E_MC": 12.320786200491465, "J": -5.249788851793685}, "datetime": {"datetime": "2024-05-07 21:59:01", "elapsed": 105.05862, "delta": 6.636963}}
{"target": -100.0, "params": {"E_EA": 56.24896834157496, "E_MC": 16.988068537786106, "J": -20.0}, "datetime": {"datetime": "2024-05-07 21:59:05", "elapsed": 17.339736, "delta": 6.137936}}
{"target": -100.0, "params": {"E_EA": 55.05890615997479, "E_MC": 30.0, "J": -4.994580997457549}, "datetime": {"datetime": "2024-05-07 21:59:07", "elapsed": 111.279629, "delta": 6.221009}}
{"target": -100.0, "params": {"E_EA": 61.89283717873877, "E_MC": 3.217094642110868, "J": 19.956752767565156}, "datetime": {"datetime": "2024-05-07 21:59:07", "elapsed": 19.730188, "delta": 2.390452}}
{"target": -100.0, "params": {"E_EA": 142.49442544455792, "E_MC": 15.82226716539642, "J": 19.918992892839483}, "datetime": {"datetime": "2024-05-07 21:59:09", "elapsed": 113.841084, "delta": 2.561455}}
{"target": -100.0, "params": {"E_EA": 130.32572533497805, "E_MC": 3.0, "J": 4.55090302154452}, "datetime": {"datetime": "2024-05-07 21:59:12", "elapsed": 116.456653, "delta": 2.615569}}
{"target": -100.0, "params": {"E_EA": 87.3206356249783, "E_MC": 28.447071611537257, "J": 19.971702030064876}, "datetime": {"datetime": "2024-05-07 21:59:14", "elapsed": 118.073433, "delta": 1.61678}}
{"target": -100.0, "params": {"E_EA": 55.04074580771295, "E_MC": 30.0, "J": -4.979876615975324}, "datetime": {"datetime": "2024-05-07 21:59:14", "elapsed": 26.837521, "delta": 7.107333}}
{"target": -100.0, "params": {"E_EA": 130.59341358019702, "E_MC": 3.488264190971708, "J": 3.960267204124449}, "datetime": {"datetime": "2024-05-07 21:59:17", "elapsed": 29.813587, "delta": 2.976066}}
{"target": -100.0, "params": {"E_EA": 20.149782254736543, "E_MC": 16.394118049921815, "J": 8.713003125622876}, "datetime": {"datetime": "2024-05-07 21:59:53", "elapsed": 65.764625, "delta": 35.951038}}
{"target": -100.0, "params": {"E_EA": 20.07166119426553, "E_MC": 16.693747070580393, "J": 8.271607308127894}, "datetime": {"datetime": "2024-05-07 21:59:55", "elapsed": 0.0, "delta": 0.0}}
{"target": -90.41032951331331, "params": {"E_EA": 127.8659138514591, "E_MC": 30.0, "J": -20.0}, "datetime": {"datetime": "2024-05-07 21:59:59", "elapsed": 71.036025, "delta": 5.2714}}
{"target": -100.0, "params": {"E_EA": 50.15364317299082, "E_MC": 15.771138964642063, "J": 20.0}, "datetime": {"datetime": "2024-05-07 21:59:59", "elapsed": 4.299727, "delta": 4.299727}}
{"target": -100.0, "params": {"E_EA": 150.0, "E_MC": 3.0, "J": -2.6354989771065616}, "datetime": {"datetime": "2024-05-07 22:00:03", "elapsed": 8.089172, "delta": 3.789445}}
{"target": -100.0, "params": {"E_EA": 128.075747753613, "E_MC": 30.0, "J": -20.0}, "datetime": {"datetime": "2024-05-07 22:00:09", "elapsed": 13.560346, "delta": 5.471174}}
{"target": -100.0, "params": {"E_EA": 122.89648091905418, "E_MC": 30.0, "J": 6.346647391386708}, "datetime": {"datetime": "2024-05-07 22:00:13", "elapsed": 17.656086, "delta": 4.09574}}
{"target": -95.28756612381451, "params": {"E_EA": 122.48346594096869, "E_MC": 28.898224902477864, "J": -18.25478744805361}, "datetime": {"datetime": "2024-05-07 22:00:22", "elapsed": 0.0, "delta": 0.0}}
{"target": -100.0, "params": {"E_EA": 31.762112951281885, "E_MC": 27.211198972933445, "J": 8.421110445882462}, "datetime": {"datetime": "2024-05-07 22:00:49", "elapsed": 54.141368, "delta": 36.485282}}
{"target": -100.0, "params": {"E_EA": 31.1064887198799, "E_MC": 28.297642536577506, "J": 8.043460804693549}, "datetime": {"datetime": "2024-05-07 22:00:58", "elapsed": 36.743415, "delta": 36.743415}}
{"target": -100.0, "params": {"E_EA": 128.61485627467943, "E_MC": 16.30073835274242, "J": 10.114440853582764}, "datetime": {"datetime": "2024-05-07 22:01:00", "elapsed": 38.762211, "delta": 2.018796}}
{"target": -100.0, "params": {"E_EA": 32.058654143478556, "E_MC": 3.0, "J": -9.42233404068069}, "datetime": {"datetime": "2024-05-07 22:01:14", "elapsed": 78.980045, "delta": 24.838677}}
{"target": -100.0, "params": {"E_EA": 145.59809269842827, "E_MC": 29.59369618682224, "J": 19.67707674449442}, "datetime": {"datetime": "2024-05-07 22:01:18", "elapsed": 82.647188, "delta": 3.667143}}
{"target": -100.0, "params": {"E_EA": 129.5567832105586, "E_MC": 16.26543157934299, "J": 9.628384889809297}, "datetime": {"datetime": "2024-05-07 22:01:20", "elapsed": 85.039492, "delta": 2.392304}}
{"target": -100.0, "params": {"E_EA": 32.058790785248, "E_MC": 3.0, "J": -9.419839692000597}, "datetime": {"datetime": "2024-05-07 22:01:25", "elapsed": 63.699157, "delta": 24.936946}}
{"target": -100.0, "params": {"E_EA": 32.058648804586966, "E_MC": 3.0, "J": -9.421375324545254}, "datetime": {"datetime": "2024-05-07 22:01:29", "elapsed": 0.0, "delta": 0.0}}
{"target": -30.732566517698924, "params": {"E_EA": 53.89361825532406, "E_MC": 30.0, "J": 20.0}, "datetime": {"datetime": "2024-05-07 22:01:31", "elapsed": 69.446978, "delta": 5.747821}}
{"target": -23.788883744834898, "params": {"E_EA": 53.20007445639115, "E_MC": 28.603285306782965, "J": 19.904479071789353}, "datetime": {"datetime": "2024-05-07 22:01:35", "elapsed": 5.842427, "delta": 5.842427}}
{"target": -88.37974940185035, "params": {"E_EA": 48.02855916376858, "E_MC": 29.85685976845279, "J": 18.900486180037134}, "datetime": {"datetime": "2024-05-07 22:01:38", "elapsed": 76.45972, "delta": 7.012742}}
{"target": -53.0522709769184, "params": {"E_EA": 48.62086872300859, "E_MC": 30.0, "J": 20.0}, "datetime": {"datetime": "2024-05-07 22:01:42", "elapsed": 12.790441, "delta": 6.948014}}
{"target": -24.770997307217684, "params": {"E_EA": 58.870595451907114, "E_MC": 30.0, "J": 20.0}, "datetime": {"datetime": "2024-05-07 22:01:43", "elapsed": 81.77745, "delta": 5.31773}}
{"target": -84.80264651532701, "params": {"E_EA": 56.34633097140935, "E_MC": 24.109776767137575, "J": 18.621479870224803}, "datetime": {"datetime": "2024-05-07 22:01:46", "elapsed": 17.328805, "delta": 4.538364}}
{"target": -26.083738761449748, "params": {"E_EA": 56.98283261717893, "E_MC": 26.637444559886767, "J": 17.126815284133222}, "datetime": {"datetime": "2024-05-07 22:01:49", "elapsed": 86.932053, "delta": 5.154603}}
{"target": -100.0, "params": {"E_EA": 147.69167483604542, "E_MC": 29.05243885345888, "J": 19.574741756156506}, "datetime": {"datetime": "2024-05-07 22:01:49", "elapsed": 20.014483, "delta": 2.685678}}
{"target": -100.0, "params": {"E_EA": 60.18904945494592, "E_MC": 25.25696172445916, "J": 20.0}, "datetime": {"datetime": "2024-05-07 22:01:53", "elapsed": 91.325392, "delta": 4.393339}}
{"target": -100.0, "params": {"E_EA": 20.0, "E_MC": 17.190280244346535, "J": -16.202680892253266}, "datetime": {"datetime": "2024-05-07 22:01:53", "elapsed": 118.164791, "delta": 33.125299}}
{"target": -100.0, "params": {"E_EA": 53.12305092367498, "E_MC": 3.0, "J": -9.062515410708041}, "datetime": {"datetime": "2024-05-07 22:01:57", "elapsed": 27.644334, "delta": 7.629851}}
{"target": -90.09210007629856, "params": {"E_EA": 56.73402810776886, "E_MC": 29.352466861107867, "J": 16.640828561424343}, "datetime": {"datetime": "2024-05-07 22:01:58", "elapsed": 96.48109, "delta": 5.155698}}
{"target": -100.0, "params": {"E_EA": 99.74859360055484, "E_MC": 22.44475614820705, "J": -20.0}, "datetime": {"datetime": "2024-05-07 22:02:03", "elapsed": 34.135036, "delta": 6.490702}}
{"target": -44.057267603820286, "params": {"E_EA": 97.26682710492663, "E_MC": 3.0, "J": -20.0}, "datetime": {"datetime": "2024-05-07 22:02:15", "elapsed": 0.0, "delta": 0.0}}
{"target": -100.0, "params": {"E_EA": 79.5543114265508, "E_MC": 30.0, "J": -10.206402937710788}, "datetime": {"datetime": "2024-05-07 22:02:24", "elapsed": 8.725816, "delta": 8.725816}}
{"target": -100.0, "params": {"E_EA": 85.99245735457588, "E_MC": 14.935808067011557, "J": 18.50540036565593}, "datetime": {"datetime": "2024-05-07 22:02:27", "elapsed": 11.964408, "delta": 3.238592}}
{"target": -100.0, "params": {"E_EA": 150.0, "E_MC": 14.33527885828077, "J": 3.0174299841374475}, "datetime": {"datetime": "2024-05-07 22:02:30", "elapsed": 14.920449, "delta": 2.956041}}
{"target": -100.0, "params": {"E_EA": 20.438511454325706, "E_MC": 17.724917221287605, "J": -15.23513015163088}, "datetime": {"datetime": "2024-05-07 22:02:38", "elapsed": 69.033297, "delta": 34.898261}}
{"target": -100.0, "params": {"E_EA": 85.94392313545887, "E_MC": 14.937354718582924, "J": 19.680459101301516}, "datetime": {"datetime": "2024-05-07 22:02:41", "elapsed": 71.708753, "delta": 2.675456}}
{"target": -100.0, "params": {"E_EA": 78.77360478200039, "E_MC": 29.534544958671102, "J": -11.432684047395298}, "datetime": {"datetime": "2024-05-07 22:02:47", "elapsed": 78.185164, "delta": 6.476411}}
{"target": -100.0, "params": {"E_EA": 37.368178340908436, "E_MC": 15.690103214066662, "J": 6.3794652438594985}, "datetime": {"datetime": "2024-05-07 22:03:07", "elapsed": 51.756449, "delta": 36.836}}
{"target": -100.0, "params": {"E_EA": 34.42244898432205, "E_MC": 30.0, "J": -17.246368443647288}, "datetime": {"datetime": "2024-05-07 22:03:07", "elapsed": 0.0, "delta": 0.0}}
{"target": -100.0, "params": {"E_EA": 99.44799948970982, "E_MC": 20.9404676476447, "J": 20.0}, "datetime": {"datetime": "2024-05-07 22:03:12", "elapsed": 4.170756, "delta": 4.170756}}
{"target": -65.43637120182366, "params": {"E_EA": 86.0023202750579, "E_MC": 30.0, "J": 5.070072131179867}, "datetime": {"datetime": "2024-05-07 22:03:14", "elapsed": 58.474449, "delta": 6.718}}
{"target": -100.0, "params": {"E_EA": 34.40540505221627, "E_MC": 30.0, "J": -17.205217827718553}, "datetime": {"datetime": "2024-05-07 22:03:29", "elapsed": 73.849769, "delta": 15.37532}}
{"target": -100.0, "params": {"E_EA": 101.42443272123654, "E_MC": 19.500230619142727, "J": 19.621152338996048}, "datetime": {"datetime": "2024-05-07 22:03:32", "elapsed": 76.712773, "delta": 2.863004}}
{"target": -100.0, "params": {"E_EA": 71.62170378288354, "E_MC": 30.0, "J": 20.0}, "datetime": {"datetime": "2024-05-07 22:03:37", "elapsed": 81.412216, "delta": 4.699443}}
{"target": -100.0, "params": {"E_EA": 116.6093069137065, "E_MC": 30.0, "J": 20.0}, "datetime": {"datetime": "2024-05-07 22:03:40", "elapsed": 84.335119, "delta": 2.922903}}
{"target": -100.0, "params": {"E_EA": 37.38354684983518, "E_MC": 15.681858349042988, "J": 6.387076185822754}, "datetime": {"datetime": "2024-05-07 22:03:51", "elapsed": 43.811065, "delta": 39.640309}}
{"target": -60.229007426681896, "params": {"E_EA": 86.02684133910509, "E_MC": 30.0, "J": 5.041559192713696}, "datetime": {"datetime": "2024-05-07 22:03:58", "elapsed": 50.284032, "delta": 6.472967}}
{"target": -100.0, "params": {"E_EA": 87.0525249770827, "E_MC": 3.0, "J": 10.155346421134384}, "datetime": {"datetime": "2024-05-07 22:04:03", "elapsed": 55.689605, "delta": 5.405573}}
{"target": -69.8041765643527, "params": {"E_EA": 150.0, "E_MC": 30.0, "J": -2.3331489589421346}, "datetime": {"datetime": "2024-05-07 22:04:10", "elapsed": 62.956141, "delta": 7.266536}}
{"target": -100.0, "params": {"E_EA": 103.81933302549099, "E_MC": 3.0, "J": 4.734570812567535}, "datetime": {"datetime": "2024-05-07 22:04:14", "elapsed": 66.607964, "delta": 3.651823}}
{"target": -100.0, "params": {"E_EA": 106.63953046407285, "E_MC": 3.6432721458931447, "J": 19.94590867029735}, "datetime": {"datetime": "2024-05-07 22:04:18", "elapsed": 70.505814, "delta": 3.89785}}
{"target": -100.0, "params": {"E_EA": 71.60834407248369, "E_MC": 30.0, "J": 20.0}, "datetime": {"datetime": "2024-05-07 22:04:22", "elapsed": 74.916028, "delta": 4.410214}}
{"target": -100.0, "params": {"E_EA": 74.42429481682915, "E_MC": 3.0, "J": -20.0}, "datetime": {"datetime": "2024-05-07 22:04:28", "elapsed": 80.45006, "delta": 5.534032}}
{"target": -100.0, "params": {"E_EA": 34.65257692996585, "E_MC": 30.0, "J": 20.0}, "datetime": {"datetime": "2024-05-07 22:04:34", "elapsed": 33.880459, "delta": 33.880459}}
{"target": -100.0, "params": {"E_EA": 48.48343175868745, "E_MC": 3.0, "J": 2.6142662464112165}, "datetime": {"datetime": "2024-05-07 22:04:37", "elapsed": 36.588062, "delta": 2.707603}}
{"target": -1.2224307540992105, "params": {"E_EA": 69.8848681533331, "E_MC": 10.524003326071066, "J": -0.541071135777095}, "datetime": {"datetime": "2024-05-07 22:04:40", "elapsed": 0.0, "delta": 0.0}}
{"target": -100.0, "params": {"E_EA": 44.38919003248706, "E_MC": 13.06664441697236, "J": 16.045209926724915}, "datetime": {"datetime": "2024-05-07 22:04:42", "elapsed": 1.283398, "delta": 1.283398}}
{"target": -100.0, "params": {"E_EA": 94.40086411968743, "E_MC": 9.79868338130976, "J": -20.0}, "datetime": {"datetime": "2024-05-07 22:04:43", "elapsed": 42.930939, "delta": 6.342877}}
{"target": -7.750559660811295, "params": {"E_EA": 129.25375037843537, "E_MC": 11.218237961511887, "J": -15.864480102401103}, "datetime": {"datetime": "2024-05-07 22:04:46", "elapsed": 5.699741, "delta": 4.416343}}
{"target": -100.0, "params": {"E_EA": 103.48382691856887, "E_MC": 3.079167592385631, "J": 4.576198192615564}, "datetime": {"datetime": "2024-05-07 22:04:47", "elapsed": 47.076173, "delta": 4.145234}}
{"target": -18.53491558636996, "params": {"E_EA": 144.11277250092172, "E_MC": 18.576022613865305, "J": -15.139055640800873}, "datetime": {"datetime": "2024-05-07 22:04:51", "elapsed": 10.238615, "delta": 4.538874}}
{"target": -3.761926097997657, "params": {"E_EA": 90.77206240344042, "E_MC": 5.420993241461828, "J": -9.558139182618426}, "datetime": {"datetime": "2024-05-07 22:04:56", "elapsed": 15.610762, "delta": 5.372147}}
{"target": -33.33452728686984, "params": {"E_EA": 91.68125167966977, "E_MC": 12.614410152253361, "J": -7.300235642652391}, "datetime": {"datetime": "2024-05-07 22:05:01", "elapsed": 20.536125, "delta": 4.925363}}
{"target": -23.594325663685673, "params": {"E_EA": 77.95146047708307, "E_MC": 21.185659561141286, "J": 3.3730140484466915}, "datetime": {"datetime": "2024-05-07 22:05:06", "elapsed": 26.125391, "delta": 5.589266}}
{"target": -0.5400410334833601, "params": {"E_EA": 66.32145053975452, "E_MC": 9.790089689527527, "J": -0.2243679639293319}, "datetime": {"datetime": "2024-05-07 22:05:11", "elapsed": 31.069574, "delta": 4.944183}}
{"target": -100.0, "params": {"E_EA": 147.99228845105804, "E_MC": 6.679966269603674, "J": -19.02847578900193}, "datetime": {"datetime": "2024-05-07 22:05:14", "elapsed": 33.873793, "delta": 2.804219}}
{"target": -100.0, "params": {"E_EA": 20.620365799578284, "E_MC": 17.085602475249054, "J": 19.870756175156657}, "datetime": {"datetime": "2024-05-07 22:05:19", "elapsed": 79.251657, "delta": 32.175484}}
{"target": -8.868915618003635, "params": {"E_EA": 123.95516052593194, "E_MC": 12.22036784926776, "J": -13.765238777402832}, "datetime": {"datetime": "2024-05-07 22:05:19", "elapsed": 38.981694, "delta": 5.107901}}
{"target": -100.0, "params": {"E_EA": 107.47159564761051, "E_MC": 3.9431410796096134, "J": 19.729918823920926}, "datetime": {"datetime": "2024-05-07 22:05:22", "elapsed": 82.425823, "delta": 3.174166}}
{"target": -100.0, "params": {"E_EA": 74.41931087450754, "E_MC": 3.0, "J": -20.0}, "datetime": {"datetime": "2024-05-07 22:05:31", "elapsed": 90.782065, "delta": 8.356242}}
{"target": -100.0, "params": {"E_EA": 135.69277427821305, "E_MC": 30.0, "J": 9.310709043775566}, "datetime": {"datetime": "2024-05-07 22:05:35", "elapsed": 94.680109, "delta": 3.898044}}
{"target": -1.0431166600387083, "params": {"E_EA": 66.29583556477242, "E_MC": 9.720948386887509, "J": -0.7108664624210235}, "datetime": {"datetime": "2024-05-07 22:05:40", "elapsed": 0.0, "delta": 0.0}}
{"target": -100.0, "params": {"E_EA": 66.91359183696989, "E_MC": 17.768999690118186, "J": -14.805444419068058}, "datetime": {"datetime": "2024-05-07 22:05:44", "elapsed": 104.038078, "delta": 9.357969}}
{"target": -1.8030228892348885, "params": {"E_EA": 81.46301135017092, "E_MC": 3.5433231139770065, "J": -9.435014098581064}, "datetime": {"datetime": "2024-05-07 22:05:45", "elapsed": 5.539163, "delta": 5.539163}}
{"target": -14.623881682938784, "params": {"E_EA": 126.53774459052177, "E_MC": 11.692282206891704, "J": -15.723932877225423}, "datetime": {"datetime": "2024-05-07 22:05:50", "elapsed": 10.314299, "delta": 4.775136}}
{"target": -0.8633709288665344, "params": {"E_EA": 82.42205041122511, "E_MC": 5.295565597868167, "J": -8.006937116448514}, "datetime": {"datetime": "2024-05-07 22:05:55", "elapsed": 15.02364, "delta": 4.709341}}
{"target": -14.33000241981437, "params": {"E_EA": 128.30856947672652, "E_MC": 8.741995598789474, "J": -15.65201533549503}, "datetime": {"datetime": "2024-05-07 22:06:00", "elapsed": 20.331273, "delta": 5.307633}}
{"target": -0.33180203070753445, "params": {"E_EA": 66.1133460553603, "E_MC": 9.779498515719842, "J": -0.45983316334611857}, "datetime": {"datetime": "2024-05-07 22:06:04", "elapsed": 0.0, "delta": 0.0}}
{"target": -7.232525438529006, "params": {"E_EA": 124.01529137599456, "E_MC": 12.181919722323247, "J": -13.477595267865269}, "datetime": {"datetime": "2024-05-07 22:06:05", "elapsed": 25.300294, "delta": 4.969021}}
{"target": -0.40413526964037044, "params": {"E_EA": 65.89536394635985, "E_MC": 9.763346726734852, "J": -0.40509059161065863}, "datetime": {"datetime": "2024-05-07 22:06:08", "elapsed": 4.129524, "delta": 4.129524}}
{"target": -7.894428336153475, "params": {"E_EA": 103.35787471794569, "E_MC": 16.157236406233395, "J": -4.984262876548664}, "datetime": {"datetime": "2024-05-07 22:06:12", "elapsed": 8.869487, "delta": 4.739963}}
{"target": -6.810773803909863, "params": {"E_EA": 118.91103640677416, "E_MC": 7.1947402736147845, "J": -16.473764087931567}, "datetime": {"datetime": "2024-05-07 22:06:17", "elapsed": 13.397485, "delta": 4.527998}}
{"target": -3.3838867843830247, "params": {"E_EA": 91.90362336971651, "E_MC": 9.157719687093582, "J": -7.120389871313808}, "datetime": {"datetime": "2024-05-07 22:06:23", "elapsed": 19.193277, "delta": 5.795792}}
{"target": -35.625555430094515, "params": {"E_EA": 124.38018745373563, "E_MC": 22.935182759712152, "J": -9.032657944443137}, "datetime": {"datetime": "2024-05-07 22:06:27", "elapsed": 23.652517, "delta": 4.45924}}
{"target": -20.34435096707433, "params": {"E_EA": 140.42765303916877, "E_MC": 17.82948672207737, "J": -15.017846808669916}, "datetime": {"datetime": "2024-05-07 22:06:33", "elapsed": 29.213999, "delta": 5.561482}}
{"target": -100.0, "params": {"E_EA": 21.164057788076413, "E_MC": 24.059912779568602, "J": 15.370642291737866}, "datetime": {"datetime": "2024-05-07 22:06:34", "elapsed": 54.466762, "delta": 29.166468}}
{"target": -2.336135633756316, "params": {"E_EA": 63.99867750858514, "E_MC": 11.826049307096236, "J": 1.4222618451033817}, "datetime": {"datetime": "2024-05-07 22:06:38", "elapsed": 34.282709, "delta": 5.06871}}
{"target": -14.294704022049435, "params": {"E_EA": 143.286341050901, "E_MC": 15.581507025222141, "J": -14.435824136664234}, "datetime": {"datetime": "2024-05-07 22:06:39", "elapsed": 59.448625, "delta": 4.981863}}
{"target": -5.502337148619533, "params": {"E_EA": 108.92677673143558, "E_MC": 12.217826067934906, "J": -9.457768051523843}, "datetime": {"datetime": "2024-05-07 22:06:42", "elapsed": 38.798639, "delta": 4.51593}}
{"target": -1.0322207591976573, "params": {"E_EA": 79.94530784046286, "E_MC": 8.572604458974409, "J": -4.747900325349406}, "datetime": {"datetime": "2024-05-07 22:06:45", "elapsed": 65.278406, "delta": 5.829781}}
{"target": -4.320094839200654, "params": {"E_EA": 122.05720209432053, "E_MC": 4.7726357666256725, "J": -18.888417458279946}, "datetime": {"datetime": "2024-05-07 22:06:49", "elapsed": 45.215608, "delta": 6.416969}}
