{"target": -4.062384143420571, "params": {"E_EA": 90.88732259060257, "E_MC": 5.1041164023652374, "J": -9.807307935124916}, "datetime": {"datetime": "2024-05-07 22:06:50", "elapsed": 70.056096, "delta": 4.77769}}
{"target": -100.0, "params": {"E_EA": 132.23952601050033, "E_MC": 5.138655107286912, "J": 2.6989040628793894}, "datetime": {"datetime": "2024-05-07 22:07:00", "elapsed": 0.0, "delta": 0.0}}
{"target": -100.0, "params": {"E_EA": 47.50385681865177, "E_MC": 22.314894977021666, "J": -8.231902240945232}, "datetime": {"datetime": "2024-05-07 22:07:05", "elapsed": 4.830593, "delta": 4.830593}}
{"target": -12.806317868724062, "params": {"E_EA": 87.13194892019364, "E_MC": 3.3921015802326187, "J": -11.886275496132992}, "datetime": {"datetime": "2024-05-07 22:07:12", "elapsed": 11.769249, "delta": 6.938656}}
{"target": -8.301544641936879, "params": {"E_EA": 132.2389187155186, "E_MC": 8.234620126396456, "J": -19.164932065616313}, "datetime": {"datetime": "2024-05-07 22:07:19", "elapsed": 19.146811, "delta": 7.377562}}
{"target": -21.718769847667804, "params": {"E_EA": 106.46436806421792, "E_MC": 20.233093812862705, "J": -1.5894925390030936}, "datetime": {"datetime": "2024-05-07 22:07:27", "elapsed": 26.593636, "delta": 7.446825}}
{"target": -3.394539402115111, "params": {"E_EA": 115.86082579102714, "E_MC": 8.047091198935192, "J": -14.39578950167749}, "datetime": {"datetime": "2024-05-07 22:07:31", "elapsed": 30.62361, "delta": 4.029974}}
{"target": -12.775995319413303, "params": {"E_EA": 136.0612142574704, "E_MC": 9.128611417625864, "J": -19.86134136265541}, "datetime": {"datetime": "2024-05-07 22:07:35", "elapsed": 34.610028, "delta": 3.986418}}
{"target": -11.661421365661507, "params": {"E_EA": 118.79195979876964, "E_MC": 17.70462732801881, "J": -8.271643933675353}, "datetime": {"datetime": "2024-05-07 22:07:39", "elapsed": 38.709496, "delta": 4.099468}}
{"target": -9.042297736491882, "params": {"E_EA": 124.95431396512934, "E_MC": 6.55208012270656, "J": -16.822014894215734}, "datetime": {"datetime": "2024-05-07 22:07:43", "elapsed": 42.915971, "delta": 4.206475}}
{"target": -6.593020623738797, "params": {"E_EA": 106.59506466467364, "E_MC": 11.931410437465214, "J": -9.413795098764242}, "datetime": {"datetime": "2024-05-07 22:07:47", "elapsed": 46.99611, "delta": 4.080139}}
{"target": -6.120981091698163, "params": {"E_EA": 67.9648224668038, "E_MC": 11.620285681103361, "J": -0.1333221579110031}, "datetime": {"datetime": "2024-05-07 22:07:52", "elapsed": 0.0, "delta": 0.0}}
{"target": -0.24657035252744863, "params": {"E_EA": 66.49879614892112, "E_MC": 9.787130019729043, "J": -0.4314592188084845}, "datetime": {"datetime": "2024-05-07 22:07:57", "elapsed": 4.466101, "delta": 4.466101}}
{"target": -3.3243327188189027, "params": {"E_EA": 121.25837519502979, "E_MC": 6.484472690147438, "J": -17.114937432968315}, "datetime": {"datetime": "2024-05-07 22:08:03", "elapsed": 10.660392, "delta": 6.194291}}
{"target": -100.0, "params": {"E_EA": 37.82666858844745, "E_MC": 17.794030017236587, "J": -8.429435450624503}, "datetime": {"datetime": "2024-05-07 22:08:14", "elapsed": 21.405306, "delta": 10.744914}}
{"target": -17.011624842696147, "params": {"E_EA": 131.65437959820645, "E_MC": 24.779014929099606, "J": -5.7193988350656575}, "datetime": {"datetime": "2024-05-07 22:08:19", "elapsed": 26.80249, "delta": 5.397184}}
{"target": -6.655285455245108, "params": {"E_EA": 131.14445926794303, "E_MC": 9.921127271107586, "J": -17.208241551048992}, "datetime": {"datetime": "2024-05-07 22:08:25", "elapsed": 32.35999, "delta": 5.5575}}
{"target": -4.319262900708043, "params": {"E_EA": 115.29877101416594, "E_MC": 6.026287870696265, "J": -16.201370562451803}, "datetime": {"datetime": "2024-05-07 22:08:29", "elapsed": 37.199083, "delta": 4.839093}}
{"target": -3.4203264702250373, "params": {"E_EA": 81.86591956525774, "E_MC": 3.4797611276443243, "J": -9.756075220312187}, "datetime": {"datetime": "2024-05-07 22:08:37", "elapsed": 44.908394, "delta": 7.709311}}
{"target": -5.055639628295295, "params": {"E_EA": 116.09646877686033, "E_MC": 10.460883475548698, "J": -12.691837900525469}, "datetime": {"datetime": "2024-05-07 22:08:40", "elapsed": 0.0, "delta": 0.0}}
{"target": -9.04387797585421, "params": {"E_EA": 103.6221337559671, "E_MC": 16.644088939376097, "J": -4.69408531970117}, "datetime": {"datetime": "2024-05-07 22:08:42", "elapsed": 49.928839, "delta": 5.020445}}
{"target": -9.99362875136574, "params": {"E_EA": 119.12948738188237, "E_MC": 17.565453642589773, "J": -8.256427868929295}, "datetime": {"datetime": "2024-05-07 22:08:47", "elapsed": 6.317376, "delta": 6.317376}}
{"target": -1.250150570401723, "params": {"E_EA": 66.11702251692273, "E_MC": 9.266406468887347, "J": -0.5120904356169156}, "datetime": {"datetime": "2024-05-07 22:08:50", "elapsed": 57.572809, "delta": 7.64397}}
{"target": -4.894327591298872, "params": {"E_EA": 80.63080451052764, "E_MC": 12.810210721017285, "J": -1.3957650569967406}, "datetime": {"datetime": "2024-05-07 22:08:53", "elapsed": 12.971539, "delta": 6.654163}}
{"target": -8.347996434191556, "params": {"E_EA": 76.3622112994069, "E_MC": 17.168100110755674, "J": 1.9882376034763283}, "datetime": {"datetime": "2024-05-07 22:08:59", "elapsed": 18.344464, "delta": 5.372925}}
{"target": -100.0, "params": {"E_EA": 36.74654070984431, "E_MC": 5.614663505146041, "J": -10.231725309947986}, "datetime": {"datetime": "2024-05-07 22:09:21", "elapsed": 41.11779, "delta": 22.773326}}
{"target": -8.10272499446602, "params": {"E_EA": 121.88384060489513, "E_MC": 5.183728964798819, "J": -18.861654125672164}, "datetime": {"datetime": "2024-05-07 22:09:28", "elapsed": 47.866311, "delta": 6.748521}}
{"target": -3.4380998561983547, "params": {"E_EA": 92.13604965509774, "E_MC": 9.330722437244095, "J": -7.033246590027314}, "datetime": {"datetime": "2024-05-07 22:09:33", "elapsed": 52.513654, "delta": 4.647343}}
{"target": -1.9017278695178488, "params": {"E_EA": 80.93582466014546, "E_MC": 5.540842583756623, "J": -7.7825343877271145}, "datetime": {"datetime": "2024-05-07 22:09:40", "elapsed": 59.981064, "delta": 7.46741}}
{"target": -7.219986473472449, "params": {"E_EA": 118.50441039755688, "E_MC": 7.066488353367934, "J": -16.611133820293432}, "datetime": {"datetime": "2024-05-07 22:09:41", "elapsed": 0.0, "delta": 0.0}}
{"target": -0.9457388711134825, "params": {"E_EA": 71.30894255727216, "E_MC": 10.993828850666457, "J": -0.7914977854934655}, "datetime": {"datetime": "2024-05-07 22:09:46", "elapsed": 66.008935, "delta": 6.027871}}
{"target": -7.839625245909657, "params": {"E_EA": 115.39054797951536, "E_MC": 13.385008346109657, "J": -10.328627033212054}, "datetime": {"datetime": "2024-05-07 22:09:50", "elapsed": 8.945873, "delta": 8.945873}}
{"target": -3.2268197483842638, "params": {"E_EA": 83.74088836482228, "E_MC": 7.296518340219017, "J": -7.2649533898459815}, "datetime": {"datetime": "2024-05-07 22:09:53", "elapsed": 72.327447, "delta": 6.318512}}
{"target": -5.261689734585769, "params": {"E_EA": 83.3032195304877, "E_MC": 7.183137392638259, "J": -7.373452916102208}, "datetime": {"datetime": "2024-05-07 22:09:56", "elapsed": 14.971031, "delta": 6.025158}}
{"target": -2.1688359223846274, "params": {"E_EA": 82.15818841766259, "E_MC": 3.245952069248764, "J": -9.873945866215802}, "datetime": {"datetime": "2024-05-07 22:10:03", "elapsed": 21.717125, "delta": 6.746094}}
{"target": -4.772051695507454, "params": {"E_EA": 106.98022866349517, "E_MC": 9.046164277138551, "J": -10.90907708675049}, "datetime": {"datetime": "2024-05-07 22:10:10", "elapsed": 28.444807, "delta": 6.727682}}
{"target": -3.0656901879311045, "params": {"E_EA": 92.41750710658258, "E_MC": 9.517298117277493, "J": -7.010143381190312}, "datetime": {"datetime": "2024-05-07 22:10:16", "elapsed": 34.960254, "delta": 6.515447}}
{"target": -3.3898897407944646, "params": {"E_EA": 62.80444931551708, "E_MC": 10.641272900164392, "J": 0.7220287158121543}, "datetime": {"datetime": "2024-05-07 22:10:23", "elapsed": 41.396275, "delta": 6.436021}}
{"target": -6.787535440439936, "params": {"E_EA": 135.4303162959494, "E_MC": 10.877747966920053, "J": -17.076283136533682}, "datetime": {"datetime": "2024-05-07 22:10:28", "elapsed": 46.702962, "delta": 5.306687}}
{"target": -10.792847799438364, "params": {"E_EA": 71.07001061018953, "E_MC": 21.051161075896303, "J": 7.21675084198791}, "datetime": {"datetime": "2024-05-07 22:10:36", "elapsed": 0.0, "delta": 0.0}}
{"target": -8.576550786011408, "params": {"E_EA": 90.604648915498, "E_MC": 5.333545182553855, "J": -9.315009638192153}, "datetime": {"datetime": "2024-05-07 22:10:36", "elapsed": 54.73741, "delta": 8.034448}}
{"target": -6.895744143767678, "params": {"E_EA": 83.36690180782071, "E_MC": 7.3641920342019995, "J": -7.508648043270764}, "datetime": {"datetime": "2024-05-07 22:10:43", "elapsed": 7.331455, "delta": 7.331455}}
{"target": -5.085355529291833, "params": {"E_EA": 63.73713301111241, "E_MC": 11.777912677293656, "J": 1.2045548149030054}, "datetime": {"datetime": "2024-05-07 22:10:45", "elapsed": 63.307811, "delta": 8.570401}}
{"target": -3.5009290905810753, "params": {"E_EA": 129.36294034889352, "E_MC": 7.731706533261848, "J": -17.95947785480015}, "datetime": {"datetime": "2024-05-07 22:10:51", "elapsed": 15.017683, "delta": 7.686228}}
{"target": -24.303111897156228, "params": {"E_EA": 102.84407293239306, "E_MC": 14.973401292055918, "J": -8.047179487710249}, "datetime": {"datetime": "2024-05-07 22:10:54", "elapsed": 18.524961, "delta": 3.507278}}
{"target": -0.4393019295007019, "params": {"E_EA": 65.24382421009777, "E_MC": 9.935623410257405, "J": -0.10855295129684846}, "datetime": {"datetime": "2024-05-07 22:11:00", "elapsed": 23.694462, "delta": 5.169501}}
{"target": -1.3612020329120809, "params": {"E_EA": 73.26160992957182, "E_MC": 11.868884466762239, "J": -0.5340615804133364}, "datetime": {"datetime": "2024-05-07 22:11:01", "elapsed": 0.0, "delta": 0.0}}
{"target": -3.5207099581378936, "params": {"E_EA": 80.36614352470951, "E_MC": 5.242256480513603, "J": -7.99654175540268}, "datetime": {"datetime": "2024-05-07 22:11:06", "elapsed": 29.715084, "delta": 6.020622}}
{"target": -3.516204974621689, "params": {"E_EA": 128.88068942021818, "E_MC": 5.469493830353665, "J": -19.838437782208175}, "datetime": {"datetime": "2024-05-07 22:11:07", "elapsed": 5.878563, "delta": 5.878563}}
{"target": -12.703255147564608, "params": {"E_EA": 132.23553258947598, "E_MC": 8.440687672966577, "J": -19.314689414327116}, "datetime": {"datetime": "2024-05-07 22:11:11", "elapsed": 34.67806, "delta": 4.962976}}
{"target": -6.730927299547351, "params": {"E_EA": 132.4119447737282, "E_MC": 8.287928251819613, "J": -18.914474567279893}, "datetime": {"datetime": "2024-05-07 22:11:14", "elapsed": 12.655792, "delta": 6.777229}}
{"target": -1.4685192609783104, "params": {"E_EA": 82.00810540715484, "E_MC": 3.85787505002611, "J": -9.29973462360483}, "datetime": {"datetime": "2024-05-07 22:11:18", "elapsed": 41.905791, "delta": 7.227731}}
{"target": -6.422503309045349, "params": {"E_EA": 125.0933381881755, "E_MC": 6.7581755440751845, "J": -16.863672142492817}, "datetime": {"datetime": "2024-05-07 22:11:25", "elapsed": 48.858186, "delta": 6.952395}}
{"target": -3.3940713183866213, "params": {"E_EA": 70.22119574820087, "E_MC": 10.521273577749323, "J": -0.39648243666339056}, "datetime": {"datetime": "2024-05-07 22:11:32", "elapsed": 55.901881, "delta": 7.043695}}
{"target": -61.96755092749989, "params": {"E_EA": 34.498984422388375, "E_MC": 16.654499783710975, "J": 13.802345226040288}, "datetime": {"datetime": "2024-05-07 22:11:44", "elapsed": 42.272555, "delta": 29.616763}}
{"target": -0.8336446809127506, "params": {"E_EA": 82.2613233487613, "E_MC": 5.476519192636487, "J": -7.9145414875396405}, "datetime": {"datetime": "2024-05-07 22:11:52", "elapsed": 50.293283, "delta": 8.020728}}
{"target": -9.255213354719926, "params": {"E_EA": 129.29649626298811, "E_MC": 11.451866670124382, "J": -15.963506237551307}, "datetime": {"datetime": "2024-05-07 22:11:58", "elapsed": 56.920164, "delta": 6.626881}}
{"target": -4.932218996815293, "params": {"E_EA": 81.9876699920215, "E_MC": 5.627986233971926, "J": -8.211120268069978}, "datetime": {"datetime": "2024-05-07 22:12:05", "elapsed": 63.989987, "delta": 7.069823}}
{"target": -5.13225749699952, "params": {"E_EA": 121.75687639579853, "E_MC": 4.864678184879108, "J": -18.8989991051501}, "datetime": {"datetime": "2024-05-07 22:12:07", "elapsed": 0.0, "delta": 0.0}}
{"target": -13.01805927574329, "params": {"E_EA": 76.13536821000989, "E_MC": 17.76005055388292, "J": 2.019594792957836}, "datetime": {"datetime": "2024-05-07 22:12:13", "elapsed": 71.253137, "delta": 7.26315}}
{"target": -4.384543832924575, "params": {"E_EA": 118.45380146594681, "E_MC": 6.991497953646663, "J": -16.224562494640416}, "datetime": {"datetime": "2024-05-07 22:12:15", "elapsed": 7.702617, "delta": 7.702617}}
{"target": -9.59606952207171, "params": {"E_EA": 103.4391749224251, "E_MC": 16.56200963103762, "J": -4.474457319631613}, "datetime": {"datetime": "2024-05-07 22:12:20", "elapsed": 78.483494, "delta": 7.230357}}
{"target": -9.904641818629688, "params": {"E_EA": 149.35308997870644, "E_MC": 13.966491179820995, "J": -18.617347555164674}, "datetime": {"datetime": "2024-05-07 22:12:22", "elapsed": 14.613604, "delta": 6.910987}}
{"target": -0.9313419702598317, "params": {"E_EA": 81.30806557995635, "E_MC": 5.416996818688113, "J": -7.778456142230446}, "datetime": {"datetime": "2024-05-07 22:12:27", "elapsed": 85.777226, "delta": 7.293732}}
{"target": -7.375266526072628, "params": {"E_EA": 137.09264852692218, "E_MC": 12.141908717411116, "J": -15.915707884860648}, "datetime": {"datetime": "2024-05-07 22:12:29", "elapsed": 21.667556, "delta": 7.053952}}
{"target": -4.558963472530195, "params": {"E_EA": 81.78893498749393, "E_MC": 3.8650546788930775, "J": -9.548015999645969}, "datetime": {"datetime": "2024-05-07 22:12:35", "elapsed": 27.939099, "delta": 6.271543}}
{"target": -3.8049903437396533, "params": {"E_EA": 130.93080468135105, "E_MC": 6.345403258542219, "J": -19.629256490839108}, "datetime": {"datetime": "2024-05-07 22:12:40", "elapsed": 33.391153, "delta": 5.452054}}
{"target": -1.6602709341945339, "params": {"E_EA": 83.01789045796502, "E_MC": 5.341186458614049, "J": -7.921275848646161}, "datetime": {"datetime": "2024-05-07 22:12:47", "elapsed": 39.640307, "delta": 6.249154}}
{"target": -2.9103684345629772, "params": {"E_EA": 92.10713651257434, "E_MC": 9.637790422476499, "J": -7.186898949357715}, "datetime": {"datetime": "2024-05-07 22:12:51", "elapsed": 44.452966, "delta": 4.812659}}
{"target": -4.359050206920247, "params": {"E_EA": 80.31677737867423, "E_MC": 10.260589975129422, "J": -3.168829914799968}, "datetime": {"datetime": "2024-05-07 22:12:57", "elapsed": 49.617847, "delta": 5.164881}}
{"target": -0.318436101655028, "params": {"E_EA": 65.7041244409144, "E_MC": 9.363904366662474, "J": -0.46166733303536134}, "datetime": {"datetime": "2024-05-07 22:13:01", "elapsed": 54.360931, "delta": 4.743084}}
{"target": -1.7785477501213, "params": {"E_EA": 69.93884821338463, "E_MC": 10.803015666742528, "J": -0.8641877013399224}, "datetime": {"datetime": "2024-05-07 22:13:18", "elapsed": 0.0, "delta": 0.0}}
{"target": -7.958217321685483, "params": {"E_EA": 115.65758073283641, "E_MC": 13.229860943654257, "J": -10.181086810346645}, "datetime": {"datetime": "2024-05-07 22:13:25", "elapsed": 7.211596, "delta": 7.211596}}
{"target": -100.0, "params": {"E_EA": 146.72244539238022, "E_MC": 26.325564692502763, "J": 3.4533565475896957}, "datetime": {"datetime": "2024-05-07 22:13:27", "elapsed": 9.274212, "delta": 2.062616}}
{"target": -1.0115688433643661, "params": {"E_EA": 87.24174226688602, "E_MC": 3.896286158696525, "J": -10.37284430486026}, "datetime": {"datetime": "2024-05-07 22:13:36", "elapsed": 18.27112, "delta": 8.996908}}
{"target": -5.741365239049415, "params": {"E_EA": 82.2550173690353, "E_MC": 3.546294099682659, "J": -10.072726759763686}, "datetime": {"datetime": "2024-05-07 22:13:42", "elapsed": 24.211182, "delta": 5.940062}}
{"target": -14.958010025341501, "params": {"E_EA": 133.3663206634135, "E_MC": 12.419745998865306, "J": -16.597220588030126}, "datetime": {"datetime": "2024-05-07 22:13:48", "elapsed": 29.897653, "delta": 5.686471}}
{"target": -3.1604108766689114, "params": {"E_EA": 121.84688029935654, "E_MC": 5.146349914112276, "J": -18.363483458437404}, "datetime": {"datetime": "2024-05-07 22:13:55", "elapsed": 37.256628, "delta": 7.358975}}
{"target": -0.6990173473333924, "params": {"E_EA": 69.28087024980582, "E_MC": 9.170904669314023, "J": -1.4451058969053001}, "datetime": {"datetime": "2024-05-07 22:14:04", "elapsed": 46.29951, "delta": 9.042882}}
{"target": -3.048722654881464, "params": {"E_EA": 129.27333198040682, "E_MC": 5.227948834185431, "J": -19.949766112230726}, "datetime": {"datetime": "2024-05-07 22:14:10", "elapsed": 51.663767, "delta": 5.364257}}
{"target": -0.47793253115544193, "params": {"E_EA": 68.79455110227082, "E_MC": 8.992020640683732, "J": -1.4904982241084461}, "datetime": {"datetime": "2024-05-07 22:14:18", "elapsed": 59.68752, "delta": 8.023753}}
{"target": -100.0, "params": {"E_EA": 38.30905213885492, "E_MC": 19.230805026673295, "J": 2.0313114546580877}, "datetime": {"datetime": "2024-05-07 22:14:26", "elapsed": 0.0, "delta": 0.0}}
{"target": -6.459543022624367, "params": {"E_EA": 149.74667435148226, "E_MC": 12.091173147799136, "J": -19.606754610883158}, "datetime": {"datetime": "2024-05-07 22:14:34", "elapsed": 7.684526, "delta": 7.684526}}
{"target": -35.13986977355954, "params": {"E_EA": 80.69527287539645, "E_MC": 22.283402657503856, "J": 7.296182910463234}, "datetime": {"datetime": "2024-05-07 22:14:37", "elapsed": 11.062497, "delta": 3.377971}}
{"target": -2.6668897162709446, "params": {"E_EA": 92.30218330326021, "E_MC": 9.439211175146145, "J": -7.361654860122577}, "datetime": {"datetime": "2024-05-07 22:14:43", "elapsed": 16.105208, "delta": 5.042711}}
{"target": -8.833713351226091, "params": {"E_EA": 137.46856276923353, "E_MC": 12.12147024038756, "J": -15.859604245554154}, "datetime": {"datetime": "2024-05-07 22:14:48", "elapsed": 21.534423, "delta": 5.429215}}
{"target": -6.545349590437005, "params": {"E_EA": 130.8257164543528, "E_MC": 6.606110538928585, "J": -19.78876388973699}, "datetime": {"datetime": "2024-05-07 22:14:53", "elapsed": 26.135367, "delta": 4.600944}}
{"target": -0.7287178388936769, "params": {"E_EA": 70.65945248447464, "E_MC": 10.871459949452325, "J": -0.682298070976568}, "datetime": {"datetime": "2024-05-07 22:15:03", "elapsed": 0.0, "delta": 0.0}}
{"target": -2.2583704000741096, "params": {"E_EA": 74.74225670717156, "E_MC": 12.540066069716111, "J": -0.6956611449388495}, "datetime": {"datetime": "2024-05-07 22:15:11", "elapsed": 7.135685, "delta": 7.135685}}
{"target": -7.280936471590654, "params": {"E_EA": 124.33748756014602, "E_MC": 12.16640955705825, "J": -13.685669638042429}, "datetime": {"datetime": "2024-05-07 22:15:15", "elapsed": 11.766861, "delta": 4.631176}}
{"target": -100.0, "params": {"E_EA": 33.37805800769138, "E_MC": 23.1663090230417, "J": 10.992498137311308}, "datetime": {"datetime": "2024-05-07 22:15:21", "elapsed": 54.582781, "delta": 28.447414}}
{"target": -5.976209609074514, "params": {"E_EA": 115.959300928359, "E_MC": 8.362176551136937, "J": -14.723661153165114}, "datetime": {"datetime": "2024-05-07 22:15:22", "elapsed": 18.193601, "delta": 6.42674}}
{"target": -6.611263134602539, "params": {"E_EA": 118.87015956938889, "E_MC": 6.880280579578196, "J": -16.64144437469333}, "datetime": {"datetime": "2024-05-07 22:15:27", "elapsed": 60.535529, "delta": 5.952748}}
{"target": -4.16469413616894, "params": {"E_EA": 129.26819011095682, "E_MC": 7.672245284322104, "J": -18.213135064892896}, "datetime": {"datetime": "2024-05-07 22:15:27", "elapsed": 23.821988, "delta": 5.628387}}
{"target": -5.510328125993158, "params": {"E_EA": 81.11573359548423, "E_MC": 3.688859184269958, "J": -9.6187863379948}, "datetime": {"datetime": "2024-05-07 22:15:34", "elapsed": 67.529712, "delta": 6.994183}}
{"target": -7.054002367385301, "params": {"E_EA": 79.9712499057313, "E_MC": 5.349906266150313, "J": -8.049345947417876}, "datetime": {"datetime": "2024-05-07 22:15:35", "elapsed": 31.325972, "delta": 7.503984}}
{"target": -5.039144052687999, "params": {"E_EA": 121.17529494786265, "E_MC": 5.753357904629744, "J": -17.897612741554482}, "datetime": {"datetime": "2024-05-07 22:15:40", "elapsed": 73.46699, "delta": 5.937278}}
{"target": -0.7044985966497379, "params": {"E_EA": 83.37222248538828, "E_MC": 6.857426463250341, "J": -7.036292735895643}, "datetime": {"datetime": "2024-05-07 22:15:42", "elapsed": 38.570182, "delta": 7.24421}}
{"target": -15.24653399847104, "params": {"E_EA": 77.84756886230494, "E_MC": 9.462782485238645, "J": -4.8982728886369244}, "datetime": {"datetime": "2024-05-07 22:15:48", "elapsed": 44.911502, "delta": 6.34132}}
{"target": -1.9867082386286619, "params": {"E_EA": 69.37535618089687, "E_MC": 8.84756817829486, "J": -1.5662388883978586}, "datetime": {"datetime": "2024-05-07 22:15:57", "elapsed": 53.895985, "delta": 8.984483}}
{"target": -3.1715883476295517, "params": {"E_EA": 122.41019171672704, "E_MC": 4.9261928669273285, "J": -18.57369602315391}, "datetime": {"datetime": "2024-05-07 22:15:58", "elapsed": 0.0, "delta": 0.0}}
{"target": -49.55874657286984, "params": {"E_EA": 131.37294696129163, "E_MC": 7.132373253687065, "J": -16.584537789311437}, "datetime": {"datetime": "2024-05-07 22:16:01", "elapsed": 3.241357, "delta": 3.241357}}
{"target": -100.0, "params": {"E_EA": 111.80972790692525, "E_MC": 9.324665411973069, "J": 11.964548573648457}, "datetime": {"datetime": "2024-05-07 22:16:03", "elapsed": 5.001133, "delta": 1.759776}}
{"target": -5.086944766459231, "params": {"E_EA": 87.57301384871484, "E_MC": 3.667909093500104, "J": -10.11326002723711}, "datetime": {"datetime": "2024-05-07 22:16:06", "elapsed": 62.235338, "delta": 8.339353}}
