{"target": -0.44413983022470865, "params": {"E_EA": 65.0, "E_MC": 10.0, "J": 0.0}, "datetime": {"datetime": "2024-05-07 21:36:58", "elapsed": 0.0, "delta": 0.0}}
{"target": -100.0, "params": {"E_EA": 96.66740684299646, "E_MC": 10.979579278159914, "J": 10.747817009604027}, "datetime": {"datetime": "2024-05-07 21:36:59", "elapsed": 1.121296, "delta": 1.121296}}
{"target": -100.0, "params": {"E_EA": 106.69319275343287, "E_MC": 28.455774987721693, "J": 13.671216154516188}, "datetime": {"datetime": "2024-05-07 21:37:00", "elapsed": 1.940109, "delta": 0.818813}}
{"target": -100.0, "params": {"E_EA": 56.71875969564087, "E_MC": 9.12185031425792, "J": 8.269028382649367}, "datetime": {"datetime": "2024-05-07 21:37:01", "elapsed": 2.534929, "delta": 0.59482}}
{"target": -100.0, "params": {"E_EA": 97.17922647007566, "E_MC": 8.465444678362509, "J": 16.995731896235014}, "datetime": {"datetime": "2024-05-07 21:37:01", "elapsed": 2.953529, "delta": 0.4186}}
{"target": -100.0, "params": {"E_EA": 77.56154916568948, "E_MC": 13.947736396150772, "J": -19.358563912803927}, "datetime": {"datetime": "2024-05-07 21:37:02", "elapsed": 4.140997, "delta": 4.140997}}
{"target": -100.0, "params": {"E_EA": 137.84268979339737, "E_MC": 13.005966467467669, "J": -4.8877482835476105}, "datetime": {"datetime": "2024-05-07 21:37:03", "elapsed": 4.672838, "delta": 0.531841}}
{"target": -100.0, "params": {"E_EA": 46.29060868342722, "E_MC": 25.268458017432167, "J": 9.94456963440475}, "datetime": {"datetime": "2024-05-07 21:37:05", "elapsed": 6.423531, "delta": 3.470002}}
{"target": -33.862568337137944, "params": {"E_EA": 67.33189935170711, "E_MC": 10.241239414662664, "J": -2.3279599026619784}, "datetime": {"datetime": "2024-05-07 21:37:08", "elapsed": 9.856267, "delta": 3.432736}}
{"target": -100.0, "params": {"E_EA": 66.87664424546489, "E_MC": 10.3846686711851, "J": 3.3390272346142256}, "datetime": {"datetime": "2024-05-07 21:37:10", "elapsed": 11.697897, "delta": 1.84163}}
{"target": -33.92272760393602, "params": {"E_EA": 64.62116635459662, "E_MC": 9.88521696623866, "J": -1.689268507669665}, "datetime": {"datetime": "2024-05-07 21:37:13", "elapsed": 15.143575, "delta": 3.445678}}
{"target": -1.0591141146816578, "params": {"E_EA": 66.18954775633821, "E_MC": 9.822900661873335, "J": -0.5666682624621444}, "datetime": {"datetime": "2024-05-07 21:37:16", "elapsed": 18.159423, "delta": 3.015848}}
{"target": -100.0, "params": {"E_EA": 65.42316060415975, "E_MC": 7.64986268512876, "J": 0.05662101291011186}, "datetime": {"datetime": "2024-05-07 21:37:19", "elapsed": 20.417819, "delta": 2.258396}}
{"target": -3.1629777861513326, "params": {"E_EA": 64.21974161243692, "E_MC": 11.871473623028766, "J": 1.3176376477314875}, "datetime": {"datetime": "2024-05-07 21:37:22", "elapsed": 23.464454, "delta": 3.046635}}
{"target": -31.271555226905846, "params": {"E_EA": 64.95769438948973, "E_MC": 12.40662359311559, "J": 0.12237443279170179}, "datetime": {"datetime": "2024-05-07 21:37:25", "elapsed": 26.884859, "delta": 3.420405}}
{"target": -7.938864343656756, "params": {"E_EA": 62.87037536030446, "E_MC": 10.885793202541137, "J": 0.5815647651211362}, "datetime": {"datetime": "2024-05-07 21:37:29", "elapsed": 30.227826, "delta": 3.342967}}
{"target": -34.327209831968474, "params": {"E_EA": 61.66994333997614, "E_MC": 12.413909678488405, "J": 1.1014058223845424}, "datetime": {"datetime": "2024-05-07 21:37:32", "elapsed": 33.763384, "delta": 3.535558}}
{"target": -100.0, "params": {"E_EA": 61.066746349908534, "E_MC": 9.53122983845466, "J": 3.811892355427986}, "datetime": {"datetime": "2024-05-07 21:37:34", "elapsed": 35.658384, "delta": 1.895}}
{"target": -100.0, "params": {"E_EA": 27.380160439943623, "E_MC": 15.605835179137113, "J": -4.396213832992357}, "datetime": {"datetime": "2024-05-07 21:37:36", "elapsed": 37.345184, "delta": 32.672346}}
{"target": -100.0, "params": {"E_EA": 146.34409270279804, "E_MC": 24.98338063679562, "J": 7.793047114087081}, "datetime": {"datetime": "2024-05-07 21:37:36", "elapsed": 37.961108, "delta": 0.615924}}
{"target": -100.0, "params": {"E_EA": 70.24410953333128, "E_MC": 13.481031537575284, "J": 8.979114928243916}, "datetime": {"datetime": "2024-05-07 21:37:37", "elapsed": 38.600696, "delta": 0.639588}}
{"target": -17.47209555228725, "params": {"E_EA": 67.01726823557901, "E_MC": 9.511609861045791, "J": 0.19539823399327005}, "datetime": {"datetime": "2024-05-07 21:37:40", "elapsed": 41.276057, "delta": 2.675361}}
{"target": -56.00725786151668, "params": {"E_EA": 62.973010772476286, "E_MC": 7.864732581616649, "J": -3.718241141140738}, "datetime": {"datetime": "2024-05-07 21:37:44", "elapsed": 45.62804, "delta": 4.351983}}
{"target": -9.49540518785197, "params": {"E_EA": 68.10405722433414, "E_MC": 11.62869004436048, "J": -0.3060597741931701}, "datetime": {"datetime": "2024-05-07 21:37:47", "elapsed": 0.0, "delta": 0.0}}
{"target": -61.710599219140256, "params": {"E_EA": 65.00305444713402, "E_MC": 13.562704735644123, "J": -0.49427334836235953}, "datetime": {"datetime": "2024-05-07 21:37:48", "elapsed": 49.875542, "delta": 4.247502}}
{"target": -1.7082450155876707, "params": {"E_EA": 71.11192424087932, "E_MC": 11.049225806433437, "J": -0.8906226355756919}, "datetime": {"datetime": "2024-05-07 21:37:50", "elapsed": 3.215229, "delta": 3.215229}}
{"target": -100.0, "params": {"E_EA": 64.2811348321328, "E_MC": 8.090532732026187, "J": 1.8150109615992402}, "datetime": {"datetime": "2024-05-07 21:37:50", "elapsed": 52.136448, "delta": 2.260906}}
{"target": -50.77110360236194, "params": {"E_EA": 71.07701529853222, "E_MC": 13.737953233516427, "J": -1.507800590545522}, "datetime": {"datetime": "2024-05-07 21:37:54", "elapsed": 7.067663, "delta": 3.852434}}
{"target": -35.33315512233568, "params": {"E_EA": 63.773628017626784, "E_MC": 10.384211222025634, "J": -1.042194587359507}, "datetime": {"datetime": "2024-05-07 21:37:54", "elapsed": 56.164433, "delta": 4.027985}}
{"target": -73.2910935712269, "params": {"E_EA": 72.18267109898616, "E_MC": 8.554078938775866, "J": -1.018884164020171}, "datetime": {"datetime": "2024-05-07 21:37:56", "elapsed": 9.836404, "delta": 2.768741}}
{"target": -16.16663250031062, "params": {"E_EA": 66.00247508621565, "E_MC": 10.396353363754665, "J": -1.046159269567072}, "datetime": {"datetime": "2024-05-07 21:37:58", "elapsed": 59.995141, "delta": 3.830708}}
{"target": -67.31894463179427, "params": {"E_EA": 70.38698512548369, "E_MC": 11.341555422154151, "J": 1.5896865400392137}, "datetime": {"datetime": "2024-05-07 21:37:59", "elapsed": 12.322769, "delta": 2.486365}}
{"target": -18.813264592285798, "params": {"E_EA": 67.12544634325974, "E_MC": 8.0320751393422, "J": -0.9979838259060188}, "datetime": {"datetime": "2024-05-07 21:38:01", "elapsed": 63.015887, "delta": 3.020746}}
{"target": -69.12121656005776, "params": {"E_EA": 70.22698453784338, "E_MC": 11.567242564634968, "J": -4.294960980657155}, "datetime": {"datetime": "2024-05-07 21:38:03", "elapsed": 16.566628, "delta": 4.243859}}
{"target": -1.933183752693144, "params": {"E_EA": 69.0338139038366, "E_MC": 9.360145346607498, "J": -1.8053202582433507}, "datetime": {"datetime": "2024-05-07 21:38:05", "elapsed": 66.404198, "delta": 3.388311}}
{"target": -0.8700405024578362, "params": {"E_EA": 70.02261606043203, "E_MC": 10.423090492595035, "J": -0.7124376725481909}, "datetime": {"datetime": "2024-05-07 21:38:06", "elapsed": 19.586866, "delta": 3.020238}}
{"target": -100.0, "params": {"E_EA": 69.87790483608629, "E_MC": 7.208772710631526, "J": -1.3310246318593002}, "datetime": {"datetime": "2024-05-07 21:38:07", "elapsed": 68.922661, "delta": 2.518463}}
{"target": -100.0, "params": {"E_EA": 58.93105206534428, "E_MC": 13.231690654559802, "J": -3.374362814517543}, "datetime": {"datetime": "2024-05-07 21:38:11", "elapsed": 24.3028, "delta": 4.715934}}
{"target": -39.768956378353735, "params": {"E_EA": 68.36760282446161, "E_MC": 10.173022704944575, "J": -2.947963367784485}, "datetime": {"datetime": "2024-05-07 21:38:11", "elapsed": 72.705795, "delta": 3.783134}}
{"target": -86.57798405478184, "params": {"E_EA": 63.18237975698175, "E_MC": 18.829835296333087, "J": 3.348222027098309}, "datetime": {"datetime": "2024-05-07 21:38:15", "elapsed": 28.073946, "delta": 3.771146}}
{"target": -2.9069908194917167, "params": {"E_EA": 75.06294480596198, "E_MC": 12.68831893803518, "J": -0.7308859748284}, "datetime": {"datetime": "2024-05-07 21:38:16", "elapsed": 0.0, "delta": 0.0}}
{"target": -8.340313654573357, "params": {"E_EA": 77.38453066946353, "E_MC": 12.433399546455815, "J": -2.029040090585933}, "datetime": {"datetime": "2024-05-07 21:38:19", "elapsed": 3.082899, "delta": 3.082899}}
{"target": -100.0, "params": {"E_EA": 112.3166917526871, "E_MC": 27.929313101908537, "J": -19.497336795913967}, "datetime": {"datetime": "2024-05-07 21:38:19", "elapsed": 32.55224, "delta": 4.478294}}
{"target": -27.472739665216956, "params": {"E_EA": 77.40034412770216, "E_MC": 13.334740103972182, "J": 0.7740525950602122}, "datetime": {"datetime": "2024-05-07 21:38:21", "elapsed": 5.63033, "delta": 2.547431}}
{"target": -49.51244188898804, "params": {"E_EA": 76.07436035954345, "E_MC": 14.94152164995667, "J": -2.2648696482197552}, "datetime": {"datetime": "2024-05-07 21:38:24", "elapsed": 8.358055, "delta": 2.727725}}
{"target": -43.499314721271055, "params": {"E_EA": 76.2554288638114, "E_MC": 11.294846600516003, "J": -0.18620597679502637}, "datetime": {"datetime": "2024-05-07 21:38:26", "elapsed": 10.484761, "delta": 2.126706}}
{"target": -32.99813771219446, "params": {"E_EA": 75.97762971339138, "E_MC": 11.753161495414084, "J": -3.7948114212394835}, "datetime": {"datetime": "2024-05-07 21:38:30", "elapsed": 13.937095, "delta": 3.452334}}
{"target": -6.222100181940684, "params": {"E_EA": 80.603201462165, "E_MC": 12.907182113868862, "J": -1.1984978225069831}, "datetime": {"datetime": "2024-05-07 21:38:32", "elapsed": 16.147618, "delta": 2.210523}}
{"target": -5.154627586457998, "params": {"E_EA": 80.307723815051, "E_MC": 10.508662767603619, "J": -2.8910813972517104}, "datetime": {"datetime": "2024-05-07 21:38:34", "elapsed": 18.861612, "delta": 2.713994}}
{"target": -17.147053457114648, "params": {"E_EA": 80.07505716235842, "E_MC": 11.989527061265628, "J": -3.7179951069335946}, "datetime": {"datetime": "2024-05-07 21:38:35", "elapsed": 0.0, "delta": 0.0}}
{"target": -37.369441162198555, "params": {"E_EA": 80.17168047927647, "E_MC": 12.99059757307031, "J": -4.053232235513967}, "datetime": {"datetime": "2024-05-07 21:38:38", "elapsed": 21.922053, "delta": 3.060441}}
{"target": -21.462445879674014, "params": {"E_EA": 82.09240523590876, "E_MC": 15.190880538431603, "J": -2.0709044334361195}, "datetime": {"datetime": "2024-05-07 21:38:38", "elapsed": 2.967068, "delta": 2.967068}}
{"target": -46.257971320728466, "params": {"E_EA": 83.88691472635142, "E_MC": 11.654974788497066, "J": -1.7089903370446144}, "datetime": {"datetime": "2024-05-07 21:38:40", "elapsed": 24.351252, "delta": 2.429199}}
{"target": -21.14753540718425, "params": {"E_EA": 83.30872257165252, "E_MC": 11.79766315451189, "J": -2.0581385400936174}, "datetime": {"datetime": "2024-05-07 21:38:41", "elapsed": 5.43081, "delta": 2.463742}}
{"target": -100.0, "params": {"E_EA": 82.62389549758585, "E_MC": 13.60804110470208, "J": 1.220963897984489}, "datetime": {"datetime": "2024-05-07 21:38:42", "elapsed": 7.102895, "delta": 1.672085}}
{"target": -41.19414915839276, "params": {"E_EA": 82.82514314360475, "E_MC": 13.65894495185066, "J": -4.708770572951908}, "datetime": {"datetime": "2024-05-07 21:38:46", "elapsed": 10.597216, "delta": 3.494321}}
{"target": -74.36707091889048, "params": {"E_EA": 80.48739740050797, "E_MC": 10.072440729160602, "J": -1.6800204881392757}, "datetime": {"datetime": "2024-05-07 21:38:48", "elapsed": 12.390523, "delta": 1.793307}}
{"target": -27.22164434491407, "params": {"E_EA": 79.53394167091031, "E_MC": 14.24556577574416, "J": -2.6325146867667653}, "datetime": {"datetime": "2024-05-07 21:38:51", "elapsed": 15.316025, "delta": 2.925502}}
{"target": -100.0, "params": {"E_EA": 86.66585428014596, "E_MC": 9.459779360398576, "J": -3.318492046817564}, "datetime": {"datetime": "2024-05-07 21:38:53", "elapsed": 17.260713, "delta": 1.944688}}
{"target": -28.43359424709641, "params": {"E_EA": 74.41758288942222, "E_MC": 14.037647794503231, "J": 2.22982535276482}, "datetime": {"datetime": "2024-05-07 21:38:55", "elapsed": 19.381212, "delta": 2.120499}}
{"target": -2.0872917379329263, "params": {"E_EA": 81.89111666336875, "E_MC": 9.375838708278213, "J": -4.947198007501257}, "datetime": {"datetime": "2024-05-07 21:38:56", "elapsed": 0.0, "delta": 0.0}}
{"target": -8.035958220720364, "params": {"E_EA": 76.14229107962993, "E_MC": 17.33103141418598, "J": 2.052092657744584}, "datetime": {"datetime": "2024-05-07 21:38:58", "elapsed": 22.335428, "delta": 2.954216}}
{"target": -2.499155411198638, "params": {"E_EA": 79.97814597885247, "E_MC": 8.681210274340074, "J": -4.449038132118357}, "datetime": {"datetime": "2024-05-07 21:38:59", "elapsed": 2.523692, "delta": 2.523692}}
{"target": -44.97754176242743, "params": {"E_EA": 80.11400122225109, "E_MC": 9.232515098693948, "J": -7.911396845302594}, "datetime": {"datetime": "2024-05-07 21:39:02", "elapsed": 5.983483, "delta": 3.459791}}
{"target": -18.67933893836585, "params": {"E_EA": 81.35579632711176, "E_MC": 10.762761506537622, "J": -5.123122921721528}, "datetime": {"datetime": "2024-05-07 21:39:05", "elapsed": 8.939783, "delta": 2.9563}}
{"target": -4.42095110227891, "params": {"E_EA": 81.31089307978226, "E_MC": 7.2331703573235835, "J": -5.734634116418903}, "datetime": {"datetime": "2024-05-07 21:39:08", "elapsed": 12.025111, "delta": 3.085328}}
{"target": -61.73768632205273, "params": {"E_EA": 79.12238526407745, "E_MC": 5.563466210029904, "J": -5.255068351438867}, "datetime": {"datetime": "2024-05-07 21:39:11", "elapsed": 14.371844, "delta": 2.346733}}
{"target": -1.826738166531674, "params": {"E_EA": 83.45676005426624, "E_MC": 7.312204714803528, "J": -7.046658020295624}, "datetime": {"datetime": "2024-05-07 21:39:13", "elapsed": 16.898123, "delta": 2.526279}}
{"target": -100.0, "params": {"E_EA": 83.05688813399257, "E_MC": 6.460297943576162, "J": -4.736447999069323}, "datetime": {"datetime": "2024-05-07 21:39:15", "elapsed": 18.70404, "delta": 1.805917}}
{"target": -8.602382745697968, "params": {"E_EA": 76.93280441462764, "E_MC": 19.075042018475013, "J": 4.114969550505165}, "datetime": {"datetime": "2024-05-07 21:39:16", "elapsed": 0.0, "delta": 0.0}}
{"target": -22.699383238568227, "params": {"E_EA": 82.1590988466067, "E_MC": 6.829675682828311, "J": -8.482819390504492}, "datetime": {"datetime": "2024-05-07 21:39:18", "elapsed": 21.986664, "delta": 3.282624}}
{"target": -32.423943096359544, "params": {"E_EA": 74.55956154009272, "E_MC": 19.44939141143016, "J": 2.598396544618428}, "datetime": {"datetime": "2024-05-07 21:39:19", "elapsed": 3.205196, "delta": 3.205196}}
{"target": -38.23240063967872, "params": {"E_EA": 84.41267581593357, "E_MC": 9.086413450514513, "J": -8.407271191726778}, "datetime": {"datetime": "2024-05-07 21:39:21", "elapsed": 24.913859, "delta": 2.927195}}
{"target": -21.826643989190625, "params": {"E_EA": 78.45264841829896, "E_MC": 18.95282931103582, "J": 1.790300708898274}, "datetime": {"datetime": "2024-05-07 21:39:21", "elapsed": 5.838416, "delta": 2.63322}}
{"target": -1.1846936143875881, "params": {"E_EA": 82.72914522656953, "E_MC": 5.322919922003455, "J": -8.175691600472375}, "datetime": {"datetime": "2024-05-07 21:39:24", "elapsed": 8.371231, "delta": 2.532815}}
{"target": -100.0, "params": {"E_EA": 84.17782697334064, "E_MC": 5.488108033181944, "J": -6.212751669319193}, "datetime": {"datetime": "2024-05-07 21:39:27", "elapsed": 10.951039, "delta": 2.579808}}
{"target": -33.39890135982655, "params": {"E_EA": 82.50669990376656, "E_MC": 6.994397456496545, "J": -8.997066103613829}, "datetime": {"datetime": "2024-05-07 21:39:30", "elapsed": 14.171139, "delta": 3.2201}}
{"target": -46.17430599873152, "params": {"E_EA": 77.46781254496808, "E_MC": 16.58414882614952, "J": 3.9982930559683596}, "datetime": {"datetime": "2024-05-07 21:39:32", "elapsed": 16.294029, "delta": 2.12289}}
{"target": -1.270588008726498, "params": {"E_EA": 80.80279017732109, "E_MC": 5.183324928306353, "J": -7.883783897042186}, "datetime": {"datetime": "2024-05-07 21:39:35", "elapsed": 19.068486, "delta": 2.774457}}
{"target": -1.6920732419664952, "params": {"E_EA": 81.68176003628353, "E_MC": 3.696063671525336, "J": -9.388946762437357}, "datetime": {"datetime": "2024-05-07 21:39:38", "elapsed": 22.342189, "delta": 3.273703}}
{"target": -10.576023791018834, "params": {"E_EA": 80.46399283833982, "E_MC": 3.5273468832015844, "J": -9.793717521877783}, "datetime": {"datetime": "2024-05-07 21:39:39", "elapsed": 0.0, "delta": 0.0}}
{"target": -32.90250397684824, "params": {"E_EA": 79.38522821653275, "E_MC": 4.276344418597969, "J": -10.077030315274463}, "datetime": {"datetime": "2024-05-07 21:39:41", "elapsed": 25.401976, "delta": 3.059787}}
{"target": -23.415082165574482, "params": {"E_EA": 77.99270725389127, "E_MC": 21.27911829558917, "J": 3.5481179630807027}, "datetime": {"datetime": "2024-05-07 21:39:42", "elapsed": 2.651633, "delta": 2.651633}}
{"target": -1.754182403362798, "params": {"E_EA": 82.09394907762251, "E_MC": 3.400376675647516, "J": -9.651975733978766}, "datetime": {"datetime": "2024-05-07 21:39:45", "elapsed": 5.631872, "delta": 2.980239}}
{"target": -36.132779586580334, "params": {"E_EA": 83.61415075707076, "E_MC": 3.093201002524198, "J": -12.277613155760267}, "datetime": {"datetime": "2024-05-07 21:39:48", "elapsed": 8.985235, "delta": 3.353363}}
{"target": -19.54421793482657, "params": {"E_EA": 76.24107808127874, "E_MC": 20.64492592412444, "J": 6.441438413716966}, "datetime": {"datetime": "2024-05-07 21:39:51", "elapsed": 11.912348, "delta": 2.927113}}
{"target": -100.0, "params": {"E_EA": 79.01429149184219, "E_MC": 19.442237350956898, "J": 7.822007761907749}, "datetime": {"datetime": "2024-05-07 21:39:53", "elapsed": 13.574714, "delta": 1.662366}}
{"target": -50.61877126982821, "params": {"E_EA": 75.80801332101856, "E_MC": 24.941278847485506, "J": 5.640351912446842}, "datetime": {"datetime": "2024-05-07 21:39:56", "elapsed": 16.772724, "delta": 3.19801}}
{"target": -58.048124507507154, "params": {"E_EA": 74.42368086147943, "E_MC": 18.289997367419744, "J": 6.3973922539813834}, "datetime": {"datetime": "2024-05-07 21:39:58", "elapsed": 0.0, "delta": 0.0}}
{"target": -17.492349007721792, "params": {"E_EA": 73.5992342698939, "E_MC": 19.818983442162416, "J": 6.346987392175837}, "datetime": {"datetime": "2024-05-07 21:39:58", "elapsed": 19.442512, "delta": 2.669788}}
{"target": -96.80504482696522, "params": {"E_EA": 77.15593272568057, "E_MC": 21.637911839126723, "J": -0.8916176604545853}, "datetime": {"datetime": "2024-05-07 21:40:02", "elapsed": 3.962885, "delta": 3.962885}}
{"target": -74.38433969563951, "params": {"E_EA": 77.13240176347706, "E_MC": 20.08068691621418, "J": -0.7506928365196508}, "datetime": {"datetime": "2024-05-07 21:40:02", "elapsed": 23.253096, "delta": 3.810584}}
{"target": -49.0043184518091, "params": {"E_EA": 73.13177364582691, "E_MC": 16.653825564716712, "J": 5.0623581061216605}, "datetime": {"datetime": "2024-05-07 21:40:05", "elapsed": 25.679793, "delta": 2.426697}}
{"target": -7.63036655910784, "params": {"E_EA": 77.78276874028762, "E_MC": 9.457880585684157, "J": -4.41478675439544}, "datetime": {"datetime": "2024-05-07 21:40:05", "elapsed": 7.101894, "delta": 3.139009}}
{"target": -19.04717580198184, "params": {"E_EA": 74.4373831551123, "E_MC": 16.41094160625834, "J": 1.0100020577744608}, "datetime": {"datetime": "2024-05-07 21:40:08", "elapsed": 10.021528, "delta": 2.919634}}
{"target": -59.545808335093305, "params": {"E_EA": 85.55984837667708, "E_MC": 18.9767945760478, "J": -3.599489362704041}, "datetime": {"datetime": "2024-05-07 21:40:11", "elapsed": 13.233163, "delta": 3.211635}}
{"target": -100.0, "params": {"E_EA": 80.91989852398991, "E_MC": 3.2968469236289533, "J": -7.017340895614158}, "datetime": {"datetime": "2024-05-07 21:40:13", "elapsed": 14.984666, "delta": 1.751503}}
{"target": -33.5025923267111, "params": {"E_EA": 81.91603097896724, "E_MC": 4.835557194279313, "J": -10.712485385340148}, "datetime": {"datetime": "2024-05-07 21:40:17", "elapsed": 18.886569, "delta": 3.901903}}
{"target": -20.754742813087812, "params": {"E_EA": 74.34779153873663, "E_MC": 21.701132794296587, "J": 5.02229939717642}, "datetime": {"datetime": "2024-05-07 21:40:19", "elapsed": 0.0, "delta": 0.0}}
{"target": -3.143041473570229, "params": {"E_EA": 73.07282859119087, "E_MC": 11.590453239488296, "J": -0.4202827270214051}, "datetime": {"datetime": "2024-05-07 21:40:19", "elapsed": 21.15886, "delta": 2.272291}}
{"target": -14.78103662001253, "params": {"E_EA": 74.09296260406737, "E_MC": 22.62625671536155, "J": 8.225399707065897}, "datetime": {"datetime": "2024-05-07 21:40:21", "elapsed": 2.258441, "delta": 2.258441}}
{"target": -2.6840238886947234, "params": {"E_EA": 79.03575629187551, "E_MC": 10.269306064120775, "J": -3.713513860377123}, "datetime": {"datetime": "2024-05-07 21:40:22", "elapsed": 23.666856, "delta": 2.507996}}
{"target": -9.82715646704526, "params": {"E_EA": 71.02109279844666, "E_MC": 20.886604945870154, "J": 6.756391162295358}, "datetime": {"datetime": "2024-05-07 21:40:24", "elapsed": 4.938043, "delta": 2.679602}}
{"target": -6.435197668422202, "params": {"E_EA": 82.82267280526212, "E_MC": 8.632010846060531, "J": -6.288307064770073}, "datetime": {"datetime": "2024-05-07 21:40:25", "elapsed": 26.494002, "delta": 2.827146}}
{"target": -55.669924330981345, "params": {"E_EA": 72.0792603878743, "E_MC": 20.91249163587396, "J": 9.165673014574367}, "datetime": {"datetime": "2024-05-07 21:40:26", "elapsed": 7.016707, "delta": 2.078664}}
