{"target": -7.937779660532074, "params": {"E_EA": 129.41188126811198, "E_MC": 11.331378721236165, "J": -15.676938787689272}, "datetime": {"datetime": "2024-05-07 21:44:19", "elapsed": 0.0, "delta": 0.0}}
{"target": -17.264829740105554, "params": {"E_EA": 126.39620894076721, "E_MC": 14.728234289706716, "J": -13.662335232825956}, "datetime": {"datetime": "2024-05-07 21:44:20", "elapsed": 24.563558, "delta": 3.251809}}
{"target": -36.84044736475112, "params": {"E_EA": 118.92985025597955, "E_MC": 18.44525352909972, "J": -12.04923535256797}, "datetime": {"datetime": "2024-05-07 21:44:22", "elapsed": 3.602091, "delta": 3.602091}}
{"target": -34.88867710359778, "params": {"E_EA": 123.52406165738881, "E_MC": 14.632327661680863, "J": -15.772657081472719}, "datetime": {"datetime": "2024-05-07 21:44:24", "elapsed": 28.00042, "delta": 3.436862}}
{"target": -4.655728768596138, "params": {"E_EA": 134.73698950592546, "E_MC": 6.581648058143145, "J": -19.639107399225754}, "datetime": {"datetime": "2024-05-07 21:44:25", "elapsed": 6.59987, "delta": 2.997779}}
{"target": -36.778588337077096, "params": {"E_EA": 131.07737754446393, "E_MC": 3.239930895624152, "J": -19.947986032616548}, "datetime": {"datetime": "2024-05-07 21:44:28", "elapsed": 9.241605, "delta": 2.641735}}
{"target": -100.0, "params": {"E_EA": 112.09934540803756, "E_MC": 11.290875694491621, "J": -5.794262809327422}, "datetime": {"datetime": "2024-05-07 21:44:30", "elapsed": 11.054953, "delta": 1.813348}}
{"target": -13.818393033400282, "params": {"E_EA": 111.63853897300692, "E_MC": 17.28143201947425, "J": -7.215933246799651}, "datetime": {"datetime": "2024-05-07 21:44:33", "elapsed": 14.109198, "delta": 3.054245}}
{"target": -20.97048593937245, "params": {"E_EA": 110.0067214677221, "E_MC": 15.07949250003915, "J": -9.68492991867543}, "datetime": {"datetime": "2024-05-07 21:44:36", "elapsed": 17.57777, "delta": 3.468572}}
{"target": -11.955108840752983, "params": {"E_EA": 136.21557567736966, "E_MC": 9.203197803555685, "J": -20.0}, "datetime": {"datetime": "2024-05-07 21:44:40", "elapsed": 20.891497, "delta": 3.313727}}
{"target": -16.048679155391667, "params": {"E_EA": 124.46700236669754, "E_MC": 13.78233725330232, "J": -10.887480087787663}, "datetime": {"datetime": "2024-05-07 21:44:42", "elapsed": 0.0, "delta": 0.0}}
{"target": -9.016521761939964, "params": {"E_EA": 133.97948978506173, "E_MC": 12.7935402063117, "J": -16.134347378680435}, "datetime": {"datetime": "2024-05-07 21:44:43", "elapsed": 24.194625, "delta": 3.303128}}
{"target": -11.252071359195057, "params": {"E_EA": 108.31098324760482, "E_MC": 16.885965422715802, "J": -6.625918628997945}, "datetime": {"datetime": "2024-05-07 21:44:45", "elapsed": 3.147708, "delta": 3.147708}}
{"target": -5.764512332563116, "params": {"E_EA": 135.40777311500528, "E_MC": 10.72265377125779, "J": -17.28278326660526}, "datetime": {"datetime": "2024-05-07 21:44:46", "elapsed": 27.195822, "delta": 3.001197}}
{"target": -22.34947803617121, "params": {"E_EA": 129.68592069211965, "E_MC": 8.688693241873128, "J": -19.904012272169048}, "datetime": {"datetime": "2024-05-07 21:44:49", "elapsed": 6.432015, "delta": 3.284307}}
{"target": -9.704839331314284, "params": {"E_EA": 133.3436169891717, "E_MC": 12.085456780921994, "J": -16.466120046365095}, "datetime": {"datetime": "2024-05-07 21:44:52", "elapsed": 9.731803, "delta": 3.299788}}
{"target": -16.742046225807556, "params": {"E_EA": 136.47550136860423, "E_MC": 10.383363756345826, "J": -19.606544999485955}, "datetime": {"datetime": "2024-05-07 21:44:55", "elapsed": 12.871915, "delta": 3.140112}}
{"target": -26.43045201949452, "params": {"E_EA": 110.15325809507767, "E_MC": 17.599979282664847, "J": -4.069999399259355}, "datetime": {"datetime": "2024-05-07 21:44:58", "elapsed": 15.542839, "delta": 2.670924}}
{"target": -53.56084290987647, "params": {"E_EA": 108.89994943295832, "E_MC": 19.405071992263842, "J": -8.58619615516699}, "datetime": {"datetime": "2024-05-07 21:45:01", "elapsed": 19.259661, "delta": 3.716822}}
{"target": -7.474342854421359, "params": {"E_EA": 137.3220567137936, "E_MC": 12.451600329920897, "J": -15.981586439557184}, "datetime": {"datetime": "2024-05-07 21:45:04", "elapsed": 22.171186, "delta": 2.911525}}
{"target": -29.19850869946841, "params": {"E_EA": 133.7538121137831, "E_MC": 14.196251042882892, "J": -18.814800551280012}, "datetime": {"datetime": "2024-05-07 21:45:07", "elapsed": 0.0, "delta": 0.0}}
{"target": -30.04509205671726, "params": {"E_EA": 135.39455172976687, "E_MC": 10.30452574603732, "J": -15.641359805100814}, "datetime": {"datetime": "2024-05-07 21:45:07", "elapsed": 25.032673, "delta": 2.861487}}
{"target": -12.52741692115534, "params": {"E_EA": 137.4914601733243, "E_MC": 12.250004315010303, "J": -15.467346478682535}, "datetime": {"datetime": "2024-05-07 21:45:10", "elapsed": 2.943058, "delta": 2.943058}}
{"target": -31.257863743187226, "params": {"E_EA": 137.4243852645728, "E_MC": 14.189816884999527, "J": -18.565549230703464}, "datetime": {"datetime": "2024-05-07 21:45:11", "elapsed": 28.491254, "delta": 3.458581}}
{"target": -64.03676642269791, "params": {"E_EA": 138.40680304923623, "E_MC": 9.181089968831447, "J": -16.271765620072415}, "datetime": {"datetime": "2024-05-07 21:45:12", "elapsed": 5.403913, "delta": 2.460855}}
{"target": -11.609545073081163, "params": {"E_EA": 137.80206147954362, "E_MC": 15.175380557502189, "J": -14.781782677807858}, "datetime": {"datetime": "2024-05-07 21:45:15", "elapsed": 8.44051, "delta": 3.036597}}
{"target": -32.52130448404532, "params": {"E_EA": 136.54953855244995, "E_MC": 14.989299713310535, "J": -17.171510653804177}, "datetime": {"datetime": "2024-05-07 21:45:19", "elapsed": 12.12512, "delta": 3.68461}}
{"target": -13.731861704019556, "params": {"E_EA": 133.30875578232695, "E_MC": 14.733696754414606, "J": -12.475175710623759}, "datetime": {"datetime": "2024-05-07 21:45:22", "elapsed": 15.117646, "delta": 2.992526}}
{"target": -51.788748301689296, "params": {"E_EA": 136.4741913395476, "E_MC": 14.587247748763799, "J": -11.676359648967054}, "datetime": {"datetime": "2024-05-07 21:45:25", "elapsed": 17.813394, "delta": 2.695748}}
{"target": -15.606621848988572, "params": {"E_EA": 129.90084125815224, "E_MC": 14.460356345275091, "J": -11.865587501380281}, "datetime": {"datetime": "2024-05-07 21:45:27", "elapsed": 20.782071, "delta": 2.968677}}
{"target": -25.036341077215756, "params": {"E_EA": 131.8622000856883, "E_MC": 16.75145413241338, "J": -14.345200675039269}, "datetime": {"datetime": "2024-05-07 21:45:31", "elapsed": 24.055035, "delta": 3.272964}}
{"target": -64.4702788349075, "params": {"E_EA": 132.33356205678848, "E_MC": 11.356542278733885, "J": -12.94949984515419}, "datetime": {"datetime": "2024-05-07 21:45:33", "elapsed": 26.716428, "delta": 2.661393}}
{"target": -13.911914330653188, "params": {"E_EA": 127.73422347313381, "E_MC": 16.713288490087002, "J": -9.978237615475747}, "datetime": {"datetime": "2024-05-07 21:45:38", "elapsed": 0.0, "delta": 0.0}}
{"target": -18.35623239636031, "params": {"E_EA": 131.3906613625378, "E_MC": 17.090837498448053, "J": -10.330071259082597}, "datetime": {"datetime": "2024-05-07 21:45:41", "elapsed": 3.097978, "delta": 3.097978}}
{"target": -35.761842084513816, "params": {"E_EA": 124.63486330706122, "E_MC": 17.897348476810695, "J": -11.94713437726647}, "datetime": {"datetime": "2024-05-07 21:45:45", "elapsed": 6.473753, "delta": 3.375775}}
{"target": -10.323430301165137, "params": {"E_EA": 140.72234044611972, "E_MC": 14.471775838206373, "J": -15.659938957601453}, "datetime": {"datetime": "2024-05-07 21:45:48", "elapsed": 9.338406, "delta": 2.864653}}
{"target": -20.900151600457104, "params": {"E_EA": 140.44725389297628, "E_MC": 17.596294307422745, "J": -14.934975634079596}, "datetime": {"datetime": "2024-05-07 21:45:51", "elapsed": 12.293866, "delta": 2.95546}}
{"target": -21.586596378756113, "params": {"E_EA": 128.76207642163487, "E_MC": 17.703644273045754, "J": -12.75244610852601}, "datetime": {"datetime": "2024-05-07 21:45:54", "elapsed": 15.674373, "delta": 3.380507}}
{"target": -15.914697541154997, "params": {"E_EA": 115.28300310310624, "E_MC": 18.630399282665834, "J": -7.546517393184608}, "datetime": {"datetime": "2024-05-07 21:45:57", "elapsed": 19.043199, "delta": 3.368826}}
{"target": -7.7280739358821435, "params": {"E_EA": 106.43304257548347, "E_MC": 14.377800837225813, "J": -7.226518263127349}, "datetime": {"datetime": "2024-05-07 21:46:00", "elapsed": 22.184251, "delta": 3.141052}}
{"target": -21.953114093470127, "params": {"E_EA": 105.9853000997865, "E_MC": 15.702292275783863, "J": -4.488049356611225}, "datetime": {"datetime": "2024-05-07 21:46:03", "elapsed": 25.081872, "delta": 2.897621}}
{"target": -67.07064550515244, "params": {"E_EA": 106.22634261315439, "E_MC": 14.849724440280173, "J": -3.9486636367827757}, "datetime": {"datetime": "2024-05-07 21:46:06", "elapsed": 0.0, "delta": 0.0}}
{"target": -36.232136497503184, "params": {"E_EA": 105.45236231760327, "E_MC": 14.040133901230332, "J": -10.430780227641003}, "datetime": {"datetime": "2024-05-07 21:46:07", "elapsed": 28.784492, "delta": 3.70262}}
{"target": -8.525444482252553, "params": {"E_EA": 106.54221083950927, "E_MC": 12.183586352287646, "J": -9.468970897220634}, "datetime": {"datetime": "2024-05-07 21:46:09", "elapsed": 3.229254, "delta": 3.229254}}
{"target": -38.94588855236166, "params": {"E_EA": 105.71343540133375, "E_MC": 15.091398499174819, "J": -9.892843864344128}, "datetime": {"datetime": "2024-05-07 21:46:13", "elapsed": 6.798454, "delta": 3.5692}}
{"target": -13.021808228533349, "params": {"E_EA": 109.76473351003773, "E_MC": 10.892987495821938, "J": -11.794862070839581}, "datetime": {"datetime": "2024-05-07 21:46:16", "elapsed": 10.090412, "delta": 3.291958}}
{"target": -4.4612364900822525, "params": {"E_EA": 106.85539084574702, "E_MC": 9.160667199496046, "J": -10.761554512513655}, "datetime": {"datetime": "2024-05-07 21:46:19", "elapsed": 13.192178, "delta": 3.101766}}
{"target": -39.75886063874628, "params": {"E_EA": 106.39547533325248, "E_MC": 10.934978181910012, "J": -12.913871334268775}, "datetime": {"datetime": "2024-05-07 21:46:22", "elapsed": 16.676633, "delta": 3.484455}}
{"target": -97.4768413479624, "params": {"E_EA": 105.63303978832477, "E_MC": 9.648513500980572, "J": -7.715877330533573}, "datetime": {"datetime": "2024-05-07 21:46:25", "elapsed": 19.156147, "delta": 2.479514}}
{"target": -5.7359537859897465, "params": {"E_EA": 108.99948641894106, "E_MC": 12.142384209063827, "J": -9.32116197654615}, "datetime": {"datetime": "2024-05-07 21:46:28", "elapsed": 22.03229, "delta": 2.876143}}
{"target": -25.24963557351553, "params": {"E_EA": 110.30443974586876, "E_MC": 8.451370735786622, "J": -11.061431430627122}, "datetime": {"datetime": "2024-05-07 21:46:31", "elapsed": 24.885593, "delta": 2.853303}}
{"target": -66.13011265863295, "params": {"E_EA": 106.58967085141468, "E_MC": 5.597438304930414, "J": -11.626745459165427}, "datetime": {"datetime": "2024-05-07 21:46:33", "elapsed": 27.54842, "delta": 2.662827}}
{"target": -46.64636396961565, "params": {"E_EA": 102.62079964997736, "E_MC": 17.84007158774751, "J": -7.369596113056005}, "datetime": {"datetime": "2024-05-07 21:46:52", "elapsed": 0.0, "delta": 0.0}}
{"target": -100.0, "params": {"E_EA": 128.98033231180625, "E_MC": 14.300791958529876, "J": -8.093736045167809}, "datetime": {"datetime": "2024-05-07 21:46:54", "elapsed": 2.207581, "delta": 2.207581}}
{"target": -14.696867734573422, "params": {"E_EA": 104.07649423114367, "E_MC": 17.760940860766553, "J": -2.8895892125353484}, "datetime": {"datetime": "2024-05-07 21:46:57", "elapsed": 5.03607, "delta": 2.828489}}
{"target": -12.720996100332991, "params": {"E_EA": 106.00337474248342, "E_MC": 18.13865432136758, "J": -5.10233706569454}, "datetime": {"datetime": "2024-05-07 21:47:01", "elapsed": 8.457023, "delta": 3.420953}}
{"target": -13.432883541656734, "params": {"E_EA": 127.79376119668451, "E_MC": 20.31852682349745, "J": -9.146352829824803}, "datetime": {"datetime": "2024-05-07 21:47:04", "elapsed": 11.459681, "delta": 3.002658}}
{"target": -20.676412085461624, "params": {"E_EA": 130.72714437745734, "E_MC": 20.62904415870948, "J": -10.55894401964558}, "datetime": {"datetime": "2024-05-07 21:47:07", "elapsed": 14.700448, "delta": 3.240767}}
{"target": -30.77980221248982, "params": {"E_EA": 141.62722885996456, "E_MC": 16.762399512312513, "J": -18.35169598447745}, "datetime": {"datetime": "2024-05-07 21:47:10", "elapsed": 18.289713, "delta": 3.589265}}
{"target": -33.55854473506287, "params": {"E_EA": 114.00620576425071, "E_MC": 17.55480859731015, "J": -4.80396196475513}, "datetime": {"datetime": "2024-05-07 21:47:13", "elapsed": 21.02765, "delta": 2.737937}}
{"target": -18.808452203984945, "params": {"E_EA": 106.36183950601193, "E_MC": 20.050225673191164, "J": -1.7278978057027432}, "datetime": {"datetime": "2024-05-07 21:47:16", "elapsed": 23.828504, "delta": 2.800854}}
{"target": -14.75258495761158, "params": {"E_EA": 102.85510569112573, "E_MC": 20.988457348321834, "J": -1.803769194299106}, "datetime": {"datetime": "2024-05-07 21:47:19", "elapsed": 26.857735, "delta": 3.029231}}
{"target": -10.684789885152185, "params": {"E_EA": 126.5927281385481, "E_MC": 5.9726217187357165, "J": -19.78016306928485}, "datetime": {"datetime": "2024-05-07 21:47:24", "elapsed": 0.0, "delta": 0.0}}
{"target": -100.0, "params": {"E_EA": 103.88204416618638, "E_MC": 18.66610854829962, "J": 0.18065203683802267}, "datetime": {"datetime": "2024-05-07 21:47:26", "elapsed": 2.398152, "delta": 2.398152}}
{"target": -31.32921685651681, "params": {"E_EA": 104.48840395369338, "E_MC": 21.627297962355037, "J": -3.970484993145744}, "datetime": {"datetime": "2024-05-07 21:47:30", "elapsed": 6.209857, "delta": 3.811705}}
{"target": -38.61928658537229, "params": {"E_EA": 99.40537316480997, "E_MC": 22.146315923405428, "J": -3.0915274378466115}, "datetime": {"datetime": "2024-05-07 21:47:34", "elapsed": 9.866849, "delta": 3.656992}}
{"target": -13.209787414215583, "params": {"E_EA": 143.38648690711156, "E_MC": 15.820931756947477, "J": -14.481085992432652}, "datetime": {"datetime": "2024-05-07 21:47:37", "elapsed": 13.299501, "delta": 3.432652}}
{"target": -60.76914422897417, "params": {"E_EA": 141.1843177057084, "E_MC": 15.14796209597596, "J": -12.161938966681763}, "datetime": {"datetime": "2024-05-07 21:47:40", "elapsed": 16.378961, "delta": 3.07946}}
{"target": -8.427268431574479, "params": {"E_EA": 143.6688930754067, "E_MC": 13.526963177600232, "J": -17.25829217351531}, "datetime": {"datetime": "2024-05-07 21:47:43", "elapsed": 19.603483, "delta": 3.224522}}
{"target": -14.104389027103991, "params": {"E_EA": 146.32396046133357, "E_MC": 13.324450286371544, "J": -16.7839440070296}, "datetime": {"datetime": "2024-05-07 21:47:46", "elapsed": 22.525196, "delta": 2.921713}}
{"target": -94.22707671123183, "params": {"E_EA": 144.9104956993712, "E_MC": 12.81580208841162, "J": -14.374655848496074}, "datetime": {"datetime": "2024-05-07 21:47:49", "elapsed": 24.899721, "delta": 2.374525}}
{"target": -14.860926842806602, "params": {"E_EA": 145.03077899342114, "E_MC": 16.057405091726558, "J": -16.953262800943584}, "datetime": {"datetime": "2024-05-07 21:47:52", "elapsed": 28.240975, "delta": 3.341254}}
{"target": -18.69752089756399, "params": {"E_EA": 145.59271964596158, "E_MC": 13.681326755802528, "J": -19.427994576827334}, "datetime": {"datetime": "2024-05-07 21:48:03", "elapsed": 0.0, "delta": 0.0}}
{"target": -22.74019648989839, "params": {"E_EA": 143.90774685877903, "E_MC": 18.700391631512485, "J": -15.335869620334513}, "datetime": {"datetime": "2024-05-07 21:48:06", "elapsed": 3.000411, "delta": 3.000411}}
{"target": -6.458778060338336, "params": {"E_EA": 131.07800097088878, "E_MC": 6.546079985514372, "J": -20.0}, "datetime": {"datetime": "2024-05-07 21:48:09", "elapsed": 6.425937, "delta": 3.425526}}
{"target": -11.02045226356208, "params": {"E_EA": 148.6725348466494, "E_MC": 16.348277479586123, "J": -16.914614338203112}, "datetime": {"datetime": "2024-05-07 21:48:12", "elapsed": 9.5795, "delta": 3.153563}}
{"target": -9.586273272210468, "params": {"E_EA": 149.63633920840462, "E_MC": 13.995514643614136, "J": -18.56778202671292}, "datetime": {"datetime": "2024-05-07 21:48:16", "elapsed": 12.731831, "delta": 3.152331}}
{"target": -30.95014807818585, "params": {"E_EA": 147.52622874520145, "E_MC": 17.43723797933065, "J": -19.679858258840966}, "datetime": {"datetime": "2024-05-07 21:48:19", "elapsed": 16.120302, "delta": 3.388471}}
{"target": -34.534551555748195, "params": {"E_EA": 147.35562216523573, "E_MC": 10.530511936760051, "J": -18.096399256665254}, "datetime": {"datetime": "2024-05-07 21:48:22", "elapsed": 0.0, "delta": 0.0}}
{"target": -14.598672166280027, "params": {"E_EA": 148.19014324388587, "E_MC": 11.300225196012057, "J": -18.581657505084852}, "datetime": {"datetime": "2024-05-07 21:48:22", "elapsed": 18.97622, "delta": 2.855918}}
{"target": -24.776835626477176, "params": {"E_EA": 130.57129616884606, "E_MC": 21.148492388993258, "J": -6.617748849232656}, "datetime": {"datetime": "2024-05-07 21:48:25", "elapsed": 2.821305, "delta": 2.821305}}
{"target": -18.554224430909716, "params": {"E_EA": 142.52661682414725, "E_MC": 12.445429866031013, "J": -19.833482521625825}, "datetime": {"datetime": "2024-05-07 21:48:25", "elapsed": 22.408598, "delta": 3.432378}}
{"target": -90.672341459439, "params": {"E_EA": 149.84772383102623, "E_MC": 12.56448040113675, "J": -15.933873736170874}, "datetime": {"datetime": "2024-05-07 21:48:27", "elapsed": 5.157981, "delta": 2.336676}}
{"target": -83.9891282331465, "params": {"E_EA": 149.71596609354918, "E_MC": 12.244108585650865, "J": -16.088085472155488}, "datetime": {"datetime": "2024-05-07 21:48:28", "elapsed": 24.937929, "delta": 2.529331}}
{"target": -15.018526614243074, "params": {"E_EA": 108.53670514110668, "E_MC": 22.119732217562213, "J": -2.001164320655981}, "datetime": {"datetime": "2024-05-07 21:48:30", "elapsed": 8.335626, "delta": 3.177645}}
{"target": -22.569740222345715, "params": {"E_EA": 127.96992013832259, "E_MC": 23.526084661503102, "J": -7.516104558610754}, "datetime": {"datetime": "2024-05-07 21:48:31", "elapsed": 28.121088, "delta": 3.183159}}
{"target": -38.377412819941455, "params": {"E_EA": 128.62271009604422, "E_MC": 23.699593724145977, "J": -10.713786513320326}, "datetime": {"datetime": "2024-05-07 21:48:34", "elapsed": 11.810236, "delta": 3.47461}}
{"target": -25.17400246555421, "params": {"E_EA": 106.48165576902868, "E_MC": 24.825134396231096, "J": -1.0967668337550194}, "datetime": {"datetime": "2024-05-07 21:48:37", "elapsed": 15.373728, "delta": 3.563492}}
{"target": -23.370663456372867, "params": {"E_EA": 141.56832438130272, "E_MC": 12.635478774875297, "J": -19.973759518332468}, "datetime": {"datetime": "2024-05-07 21:48:41", "elapsed": 18.789639, "delta": 3.415911}}
{"target": -20.211350649889322, "params": {"E_EA": 147.7466414037173, "E_MC": 19.700371231017577, "J": -15.693148182366619}, "datetime": {"datetime": "2024-05-07 21:48:44", "elapsed": 21.873517, "delta": 3.083878}}
{"target": -16.880180791946994, "params": {"E_EA": 134.01754189643643, "E_MC": 18.814141640398983, "J": -11.924279537379174}, "datetime": {"datetime": "2024-05-07 21:48:47", "elapsed": 24.933715, "delta": 3.060198}}
{"target": -32.25065077851746, "params": {"E_EA": 136.4533666569266, "E_MC": 18.83398911367578, "J": -14.585410489774022}, "datetime": {"datetime": "2024-05-07 21:48:50", "elapsed": 28.306228, "delta": 3.372513}}
{"target": -25.897572649353922, "params": {"E_EA": 102.65959594295337, "E_MC": 24.066369124151194, "J": -0.9729024999553519}, "datetime": {"datetime": "2024-05-07 21:49:09", "elapsed": 0.0, "delta": 0.0}}
{"target": -16.277190645118015, "params": {"E_EA": 147.70496373919576, "E_MC": 14.889440010785226, "J": -18.60914035996279}, "datetime": {"datetime": "2024-05-07 21:49:12", "elapsed": 3.396049, "delta": 3.396049}}
{"target": -6.030811131713915, "params": {"E_EA": 127.18096816696642, "E_MC": 6.742096852324854, "J": -17.377868198712385}, "datetime": {"datetime": "2024-05-07 21:49:16", "elapsed": 6.795956, "delta": 3.399907}}
{"target": -14.920628683155389, "params": {"E_EA": 125.35373005297593, "E_MC": 19.80171715397307, "J": -7.584936289109031}, "datetime": {"datetime": "2024-05-07 21:49:19", "elapsed": 9.865223, "delta": 3.069267}}
{"target": -27.955060722452465, "params": {"E_EA": 150.0, "E_MC": 18.837171088431926, "J": -17.739902586244217}, "datetime": {"datetime": "2024-05-07 21:49:22", "elapsed": 13.366853, "delta": 3.50163}}
{"target": -35.03164833434434, "params": {"E_EA": 125.98875690854375, "E_MC": 22.402225579825664, "J": -3.9354520425382162}, "datetime": {"datetime": "2024-05-07 21:49:25", "elapsed": 16.385646, "delta": 3.018793}}
{"target": -58.194174875699844, "params": {"E_EA": 109.80748745989159, "E_MC": 22.74618457143109, "J": 1.11151541697752}, "datetime": {"datetime": "2024-05-07 21:49:28", "elapsed": 18.943995, "delta": 2.558349}}
{"target": -28.140123300212785, "params": {"E_EA": 133.33830965165188, "E_MC": 19.229997917136895, "J": -8.540882492030644}, "datetime": {"datetime": "2024-05-07 21:49:31", "elapsed": 21.828644, "delta": 2.884649}}
{"target": -37.00261817119008, "params": {"E_EA": 124.1183623790477, "E_MC": 22.49484188421181, "J": -9.354643115919936}, "datetime": {"datetime": "2024-05-07 21:49:34", "elapsed": 25.349649, "delta": 3.521005}}
{"target": -29.56288742624476, "params": {"E_EA": 124.25604641299448, "E_MC": 22.657538403790518, "J": -8.80948014625798}, "datetime": {"datetime": "2024-05-07 21:49:35", "elapsed": 0.0, "delta": 0.0}}
{"target": -15.853206060931283, "params": {"E_EA": 146.66384894246633, "E_MC": 17.699154163377692, "J": -13.473682762185913}, "datetime": {"datetime": "2024-05-07 21:49:38", "elapsed": 28.593341, "delta": 3.243692}}
