{"target": -42.95131168849704, "params": {"E_EA": 71.31551895940942, "E_MC": 22.966029963814893, "J": 5.933091137555984}, "datetime": {"datetime": "2024-05-07 21:40:29", "elapsed": 9.594622, "delta": 2.577915}}
{"target": -11.953177426676557, "params": {"E_EA": 70.35404811801892, "E_MC": 19.218994585786394, "J": 4.909001634923854}, "datetime": {"datetime": "2024-05-07 21:40:31", "elapsed": 12.236918, "delta": 2.642296}}
{"target": -24.108764630077438, "params": {"E_EA": 82.21425352304578, "E_MC": 4.351888182204626, "J": -10.693425129184643}, "datetime": {"datetime": "2024-05-07 21:40:34", "elapsed": 15.128785, "delta": 2.891867}}
{"target": -22.201652690724647, "params": {"E_EA": 69.22216905403604, "E_MC": 18.66481361502899, "J": 7.045049236519809}, "datetime": {"datetime": "2024-05-07 21:40:36", "elapsed": 17.40755, "delta": 2.278765}}
{"target": -21.964996382697702, "params": {"E_EA": 67.99882787957218, "E_MC": 19.973087917581307, "J": 5.410448503664583}, "datetime": {"datetime": "2024-05-07 21:40:39", "elapsed": 0.0, "delta": 0.0}}
{"target": -90.07710860730822, "params": {"E_EA": 70.04063546215426, "E_MC": 20.104388108148363, "J": 1.6774692830040685}, "datetime": {"datetime": "2024-05-07 21:40:39", "elapsed": 20.449387, "delta": 3.041837}}
{"target": -98.45143814139318, "params": {"E_EA": 69.51290570264759, "E_MC": 21.809019633194985, "J": 2.3344607274410087}, "datetime": {"datetime": "2024-05-07 21:40:42", "elapsed": 3.071145, "delta": 3.071145}}
{"target": -42.94021817228386, "params": {"E_EA": 67.9612812285651, "E_MC": 21.30605333728558, "J": 5.465391468423917}, "datetime": {"datetime": "2024-05-07 21:40:42", "elapsed": 23.161862, "delta": 2.712475}}
{"target": -24.665917057016227, "params": {"E_EA": 69.38409773034867, "E_MC": 18.72352942547069, "J": 7.175355691951073}, "datetime": {"datetime": "2024-05-07 21:40:44", "elapsed": 5.137939, "delta": 2.066794}}
{"target": -78.99724059428016, "params": {"E_EA": 75.72274009496348, "E_MC": 24.81133460526269, "J": 12.04340086600012}, "datetime": {"datetime": "2024-05-07 21:40:46", "elapsed": 6.924697, "delta": 1.786758}}
{"target": -100.0, "params": {"E_EA": 130.42406579506047, "E_MC": 3.586482125204054, "J": 19.867463954260195}, "datetime": {"datetime": "2024-05-07 21:40:46", "elapsed": 7.539121, "delta": 0.614424}}
{"target": -40.43650432812237, "params": {"E_EA": 75.79258900396621, "E_MC": 8.15440179838722, "J": -7.098316785289098}, "datetime": {"datetime": "2024-05-07 21:40:49", "elapsed": 10.519173, "delta": 2.980052}}
{"target": -36.44218315535589, "params": {"E_EA": 65.66133827469498, "E_MC": 23.813693863863254, "J": 9.986599920098701}, "datetime": {"datetime": "2024-05-07 21:40:52", "elapsed": 13.360653, "delta": 2.84148}}
{"target": -54.273010684632936, "params": {"E_EA": 62.52849823176642, "E_MC": 26.274609736049843, "J": 12.902037175274192}, "datetime": {"datetime": "2024-05-07 21:40:55", "elapsed": 16.188096, "delta": 2.827443}}
{"target": -100.0, "params": {"E_EA": 20.38925237137433, "E_MC": 3.4898087350300164, "J": 18.583480003352648}, "datetime": {"datetime": "2024-05-07 21:40:56", "elapsed": 16.837511, "delta": 0.649415}}
{"target": -59.26683270669364, "params": {"E_EA": 63.20442121583612, "E_MC": 27.201114229692752, "J": 13.184895422366871}, "datetime": {"datetime": "2024-05-07 21:40:57", "elapsed": 0.0, "delta": 0.0}}
{"target": -77.12009447470918, "params": {"E_EA": 63.66308152904328, "E_MC": 19.94594281116181, "J": 11.229876920305479}, "datetime": {"datetime": "2024-05-07 21:40:58", "elapsed": 19.071543, "delta": 2.234032}}
{"target": -100.0, "params": {"E_EA": 21.420968239053153, "E_MC": 5.066563201452521, "J": 19.335592271282472}, "datetime": {"datetime": "2024-05-07 21:40:58", "elapsed": 0.697692, "delta": 0.697692}}
{"target": -100.0, "params": {"E_EA": 63.84893422616564, "E_MC": 19.68922001587591, "J": 11.846252952593922}, "datetime": {"datetime": "2024-05-07 21:41:00", "elapsed": 2.557891, "delta": 1.860199}}
{"target": -21.198577157981298, "params": {"E_EA": 89.5396422885116, "E_MC": 3.4019450030291862, "J": -12.914364794082115}, "datetime": {"datetime": "2024-05-07 21:41:03", "elapsed": 5.356274, "delta": 2.798383}}
{"target": -40.99893277532236, "params": {"E_EA": 91.95537826573555, "E_MC": 5.832533124180168, "J": -13.531955745366176}, "datetime": {"datetime": "2024-05-07 21:41:07", "elapsed": 9.366251, "delta": 4.009977}}
{"target": -47.372539514224734, "params": {"E_EA": 88.36711406574261, "E_MC": 3.87206436306266, "J": -16.367781440253907}, "datetime": {"datetime": "2024-05-07 21:41:10", "elapsed": 13.063617, "delta": 3.697366}}
{"target": -1.7149309894859008, "params": {"E_EA": 87.50223126093756, "E_MC": 4.079688429346683, "J": -10.560151923775841}, "datetime": {"datetime": "2024-05-07 21:41:14", "elapsed": 16.743995, "delta": 3.680378}}
{"target": -35.44497434607062, "params": {"E_EA": 86.95851371211714, "E_MC": 5.953809802704059, "J": -11.329892995660412}, "datetime": {"datetime": "2024-05-07 21:41:16", "elapsed": 0.0, "delta": 0.0}}
{"target": -41.58935150268182, "params": {"E_EA": 87.56823530335545, "E_MC": 6.3818391053470425, "J": -12.4075460018874}, "datetime": {"datetime": "2024-05-07 21:41:17", "elapsed": 20.072513, "delta": 3.328518}}
{"target": -6.256176366775346, "params": {"E_EA": 90.96531423889401, "E_MC": 5.315183456679637, "J": -9.517631922537287}, "datetime": {"datetime": "2024-05-07 21:41:18", "elapsed": 2.180931, "delta": 2.180931}}
{"target": -31.028887011977368, "params": {"E_EA": 89.48698196173338, "E_MC": 3.292587095431925, "J": -10.105410383812501}, "datetime": {"datetime": "2024-05-07 21:41:20", "elapsed": 22.33569, "delta": 2.263177}}
{"target": -79.2179801938372, "params": {"E_EA": 93.83434720122148, "E_MC": 5.140856974709992, "J": -8.983618268130629}, "datetime": {"datetime": "2024-05-07 21:41:20", "elapsed": 4.053737, "delta": 1.872806}}
{"target": -100.0, "params": {"E_EA": 89.78015981938982, "E_MC": 3.4946404950559495, "J": -8.098137028846345}, "datetime": {"datetime": "2024-05-07 21:41:21", "elapsed": 5.622494, "delta": 1.568757}}
{"target": -24.98650765487752, "params": {"E_EA": 86.27960100179081, "E_MC": 3.3737794357106905, "J": -9.43197080829496}, "datetime": {"datetime": "2024-05-07 21:41:22", "elapsed": 24.633744, "delta": 2.298054}}
{"target": -21.88617161957752, "params": {"E_EA": 91.63365578456417, "E_MC": 7.508992292009096, "J": -10.325468066302047}, "datetime": {"datetime": "2024-05-07 21:41:24", "elapsed": 8.301699, "delta": 2.679205}}
{"target": -45.296134217097986, "params": {"E_EA": 89.64014275764009, "E_MC": 8.820041598867093, "J": -12.346611472353302}, "datetime": {"datetime": "2024-05-07 21:41:27", "elapsed": 11.411159, "delta": 3.10946}}
{"target": -16.207369471774804, "params": {"E_EA": 89.57030907502751, "E_MC": 9.05369314914471, "J": -8.31062851992165}, "datetime": {"datetime": "2024-05-07 21:41:30", "elapsed": 14.025072, "delta": 2.613913}}
{"target": -22.73489123504309, "params": {"E_EA": 89.04238153728552, "E_MC": 6.636438663030615, "J": -10.479190961662459}, "datetime": {"datetime": "2024-05-07 21:41:33", "elapsed": 16.832925, "delta": 2.807853}}
{"target": -29.294136859594044, "params": {"E_EA": 91.77650745815093, "E_MC": 12.453601678961231, "J": -7.087501465727364}, "datetime": {"datetime": "2024-05-07 21:41:34", "elapsed": 0.0, "delta": 0.0}}
{"target": -8.597802348244945, "params": {"E_EA": 92.70235146591334, "E_MC": 10.828080680798141, "J": -7.204194496319584}, "datetime": {"datetime": "2024-05-07 21:41:35", "elapsed": 19.287797, "delta": 2.454872}}
{"target": -42.407251222610796, "params": {"E_EA": 89.24251107033078, "E_MC": 12.22753385485168, "J": -9.459766422238854}, "datetime": {"datetime": "2024-05-07 21:41:37", "elapsed": 3.007904, "delta": 3.007904}}
{"target": -43.530307159635974, "params": {"E_EA": 91.99299320664667, "E_MC": 9.212212227835984, "J": -5.5840863527107985}, "datetime": {"datetime": "2024-05-07 21:41:37", "elapsed": 21.182317, "delta": 1.89452}}
{"target": -21.96632557779653, "params": {"E_EA": 89.83929756670311, "E_MC": 6.029118084303133, "J": -11.09790395526268}, "datetime": {"datetime": "2024-05-07 21:41:39", "elapsed": 5.804475, "delta": 2.796571}}
{"target": -4.101989088080614, "params": {"E_EA": 92.0490057644688, "E_MC": 9.047845546898676, "J": -7.1058118793897025}, "datetime": {"datetime": "2024-05-07 21:41:42", "elapsed": 8.488805, "delta": 2.68433}}
{"target": -24.79715148702239, "params": {"E_EA": 93.2264211109072, "E_MC": 10.356043948447994, "J": -8.968091535702085}, "datetime": {"datetime": "2024-05-07 21:41:46", "elapsed": 11.978858, "delta": 3.490053}}
{"target": -75.77480344445603, "params": {"E_EA": 95.03598928340307, "E_MC": 10.459147563951639, "J": -4.726053970797338}, "datetime": {"datetime": "2024-05-07 21:41:48", "elapsed": 14.294726, "delta": 2.315868}}
{"target": -55.394105913001525, "params": {"E_EA": 90.3061655935774, "E_MC": 7.397412385478427, "J": -6.528529736218221}, "datetime": {"datetime": "2024-05-07 21:41:50", "elapsed": 16.754898, "delta": 2.460172}}
{"target": -100.0, "params": {"E_EA": 59.831388630446746, "E_MC": 23.39599074534866, "J": 8.836314847502962}, "datetime": {"datetime": "2024-05-07 21:41:54", "elapsed": 20.351745, "delta": 3.596847}}
{"target": -75.50391100863136, "params": {"E_EA": 93.96932917798947, "E_MC": 14.982107468981816, "J": -11.132860319389529}, "datetime": {"datetime": "2024-05-07 21:41:58", "elapsed": 23.922783, "delta": 3.571038}}
{"target": -7.425919689552395, "params": {"E_EA": 87.18337111138976, "E_MC": 3.3712641929848743, "J": -11.578877646398702}, "datetime": {"datetime": "2024-05-07 21:42:00", "elapsed": 26.542565, "delta": 2.619782}}
{"target": -100.0, "params": {"E_EA": 48.3183338256002, "E_MC": 29.9380870545839, "J": -19.004166284461576}, "datetime": {"datetime": "2024-05-07 21:42:04", "elapsed": 0.0, "delta": 0.0}}
{"target": -91.25180130158952, "params": {"E_EA": 20.029388148447214, "E_MC": 29.09410408006012, "J": 18.69556058177001}, "datetime": {"datetime": "2024-05-07 21:42:32", "elapsed": 27.17662, "delta": 27.17662}}
{"target": -61.25667700810991, "params": {"E_EA": 147.66425607196146, "E_MC": 29.548874718395975, "J": -19.400222983486355}, "datetime": {"datetime": "2024-05-07 21:42:35", "elapsed": 30.382304, "delta": 3.205684}}
{"target": -28.32257903492673, "params": {"E_EA": 118.90551323606714, "E_MC": 3.188498863918605, "J": -17.127959995370322}, "datetime": {"datetime": "2024-05-07 21:42:37", "elapsed": 32.956449, "delta": 2.574145}}
{"target": -1.8118632345085623, "params": {"E_EA": 115.04569617885949, "E_MC": 3.0, "J": -17.818213260636206}, "datetime": {"datetime": "2024-05-07 21:42:40", "elapsed": 35.899509, "delta": 2.94306}}
{"target": -3.64931274714129, "params": {"E_EA": 121.06624922170705, "E_MC": 6.4549313430452635, "J": -17.162319485500433}, "datetime": {"datetime": "2024-05-07 21:42:42", "elapsed": 0.0, "delta": 0.0}}
{"target": -100.0, "params": {"E_EA": 114.29263233282536, "E_MC": 3.0069779666515624, "J": -15.261919987114194}, "datetime": {"datetime": "2024-05-07 21:42:42", "elapsed": 38.097844, "delta": 2.198335}}
{"target": -5.615614515789265, "params": {"E_EA": 118.69996811771807, "E_MC": 7.189746316932433, "J": -16.310988903175666}, "datetime": {"datetime": "2024-05-07 21:42:45", "elapsed": 2.64528, "delta": 2.64528}}
{"target": -21.404466014533757, "params": {"E_EA": 116.94327528343186, "E_MC": 6.909622708610996, "J": -17.52094803923566}, "datetime": {"datetime": "2024-05-07 21:42:45", "elapsed": 41.025339, "delta": 2.927495}}
{"target": -100.0, "params": {"E_EA": 20.52707268675847, "E_MC": 29.52205316775879, "J": 16.90867257535686}, "datetime": {"datetime": "2024-05-07 21:42:47", "elapsed": 0.0, "delta": 0.0}}
{"target": -69.55760181744161, "params": {"E_EA": 120.53009264294417, "E_MC": 6.048247451334344, "J": -14.551921919148059}, "datetime": {"datetime": "2024-05-07 21:42:47", "elapsed": 4.978803, "delta": 2.333523}}
{"target": -17.05352076919457, "params": {"E_EA": 117.02973688344791, "E_MC": 4.601978571977909, "J": -19.066736694357033}, "datetime": {"datetime": "2024-05-07 21:42:48", "elapsed": 44.083197, "delta": 3.057858}}
{"target": -72.58465364697317, "params": {"E_EA": 146.2591745364369, "E_MC": 29.71148526388751, "J": -19.901785930149188}, "datetime": {"datetime": "2024-05-07 21:42:50", "elapsed": 3.508076, "delta": 3.508076}}
{"target": -23.241382451415053, "params": {"E_EA": 118.74548527563701, "E_MC": 6.368385884012461, "J": -19.122583831176318}, "datetime": {"datetime": "2024-05-07 21:42:50", "elapsed": 7.925249, "delta": 2.946446}}
{"target": -17.56969166410338, "params": {"E_EA": 114.52265878128914, "E_MC": 3.0, "J": -20.0}, "datetime": {"datetime": "2024-05-07 21:42:51", "elapsed": 47.062658, "delta": 2.979461}}
{"target": -9.93970916205483, "params": {"E_EA": 120.94166805538694, "E_MC": 4.1343383402910145, "J": -19.826468715094734}, "datetime": {"datetime": "2024-05-07 21:42:53", "elapsed": 6.387789, "delta": 2.879713}}
{"target": -29.24368786531873, "params": {"E_EA": 121.20964178430151, "E_MC": 8.234718099687003, "J": -19.024515182417087}, "datetime": {"datetime": "2024-05-07 21:42:53", "elapsed": 10.961712, "delta": 3.036463}}
{"target": -32.192439197660036, "params": {"E_EA": 115.11223513626989, "E_MC": 6.632872652399706, "J": -19.968530403031313}, "datetime": {"datetime": "2024-05-07 21:42:55", "elapsed": 50.302473, "delta": 3.239815}}
{"target": -20.59834713342154, "params": {"E_EA": 118.36951595652417, "E_MC": 5.399216714575971, "J": -19.282403770498767}, "datetime": {"datetime": "2024-05-07 21:42:56", "elapsed": 9.278602, "delta": 2.890813}}
{"target": -3.543251803338302, "params": {"E_EA": 121.99351345188737, "E_MC": 4.65014222411596, "J": -18.910105511325682}, "datetime": {"datetime": "2024-05-07 21:42:56", "elapsed": 13.739599, "delta": 2.777887}}
{"target": -2.962426919357304, "params": {"E_EA": 121.43397749089154, "E_MC": 5.39991421767237, "J": -17.874909881687458}, "datetime": {"datetime": "2024-05-07 21:42:59", "elapsed": 12.85899, "delta": 3.580388}}
{"target": -29.622415311824298, "params": {"E_EA": 117.92397715821272, "E_MC": 9.726191097676304, "J": -16.970096538785132}, "datetime": {"datetime": "2024-05-07 21:43:00", "elapsed": 17.464685, "delta": 3.725086}}
{"target": -53.399558648548705, "params": {"E_EA": 120.16924697718302, "E_MC": 3.1832897545167125, "J": -17.09744949089574}, "datetime": {"datetime": "2024-05-07 21:43:02", "elapsed": 15.844399, "delta": 2.985409}}
{"target": -5.1010358109409015, "params": {"E_EA": 115.4398839352166, "E_MC": 6.340398235214151, "J": -16.15203416757323}, "datetime": {"datetime": "2024-05-07 21:43:03", "elapsed": 20.68936, "delta": 3.224675}}
{"target": -8.487694244758131, "params": {"E_EA": 123.12244449466176, "E_MC": 4.580001280817906, "J": -19.930016676451263}, "datetime": {"datetime": "2024-05-07 21:43:06", "elapsed": 19.187185, "delta": 3.342786}}
{"target": -4.081482567617589, "params": {"E_EA": 115.82331939633099, "E_MC": 8.161138496597445, "J": -14.321525727439614}, "datetime": {"datetime": "2024-05-07 21:43:06", "elapsed": 23.83701, "delta": 3.14765}}
{"target": -18.07830282943336, "params": {"E_EA": 121.6341430817718, "E_MC": 7.080022282013596, "J": -18.358804863685293}, "datetime": {"datetime": "2024-05-07 21:43:09", "elapsed": 22.38707, "delta": 3.199885}}
{"target": -27.384724745710425, "params": {"E_EA": 113.78478502788838, "E_MC": 8.665107750250023, "J": -16.09207163521983}, "datetime": {"datetime": "2024-05-07 21:43:10", "elapsed": 27.281617, "delta": 3.444607}}
{"target": -5.6884511095453565, "params": {"E_EA": 124.86931187393941, "E_MC": 6.605103105809072, "J": -17.023696513309957}, "datetime": {"datetime": "2024-05-07 21:43:12", "elapsed": 25.535498, "delta": 3.148428}}
{"target": -5.172787017553676, "params": {"E_EA": 116.2213066155714, "E_MC": 10.75267828812192, "J": -12.604601536600942}, "datetime": {"datetime": "2024-05-07 21:43:14", "elapsed": 0.0, "delta": 0.0}}
{"target": -60.00396510696007, "params": {"E_EA": 124.27372048957338, "E_MC": 4.09157132801466, "J": -17.218603242083198}, "datetime": {"datetime": "2024-05-07 21:43:15", "elapsed": 28.3846, "delta": 2.849102}}
{"target": -23.23808755060615, "params": {"E_EA": 114.2524812559173, "E_MC": 9.07726211003776, "J": -11.544601209421794}, "datetime": {"datetime": "2024-05-07 21:43:17", "elapsed": 2.708551, "delta": 2.708551}}
{"target": -36.465342925533314, "params": {"E_EA": 114.2931723465084, "E_MC": 12.452786558510118, "J": -13.81694828387886}, "datetime": {"datetime": "2024-05-07 21:43:20", "elapsed": 6.448395, "delta": 3.739844}}
{"target": -73.54081184977052, "params": {"E_EA": 117.68018322951396, "E_MC": 9.006102717692276, "J": -11.3603573826122}, "datetime": {"datetime": "2024-05-07 21:43:23", "elapsed": 8.880599, "delta": 2.432204}}
{"target": -24.497161197792327, "params": {"E_EA": 118.76057792229116, "E_MC": 13.900720154899984, "J": -12.930116077847607}, "datetime": {"datetime": "2024-05-07 21:43:26", "elapsed": 12.15211, "delta": 3.271511}}
{"target": -6.878417474150219, "params": {"E_EA": 115.35299214090239, "E_MC": 13.227143294530444, "J": -10.122058844868068}, "datetime": {"datetime": "2024-05-07 21:43:29", "elapsed": 15.081922, "delta": 2.929812}}
{"target": -17.744858918459247, "params": {"E_EA": 126.04253181150118, "E_MC": 8.520452762919128, "J": -18.40513187920142}, "datetime": {"datetime": "2024-05-07 21:43:30", "elapsed": 0.0, "delta": 0.0}}
{"target": -14.903799074180693, "params": {"E_EA": 116.87474770671624, "E_MC": 15.784111348922702, "J": -9.989808361103842}, "datetime": {"datetime": "2024-05-07 21:43:32", "elapsed": 18.186719, "delta": 3.104797}}
{"target": -6.382518068827493, "params": {"E_EA": 124.95252680982588, "E_MC": 9.240124620231086, "J": -15.080210053254648}, "datetime": {"datetime": "2024-05-07 21:43:33", "elapsed": 2.920519, "delta": 2.920519}}
{"target": -16.51091743845666, "params": {"E_EA": 114.40930598861001, "E_MC": 14.960596448399684, "J": -7.735780000972979}, "datetime": {"datetime": "2024-05-07 21:43:35", "elapsed": 21.076452, "delta": 2.889733}}
{"target": -19.562226222545377, "params": {"E_EA": 123.34206625365769, "E_MC": 10.320303623504195, "J": -16.654554592762963}, "datetime": {"datetime": "2024-05-07 21:43:36", "elapsed": 6.153553, "delta": 3.233034}}
{"target": -70.4993890159124, "params": {"E_EA": 117.3905096223441, "E_MC": 13.56732088986215, "J": -7.770652666945828}, "datetime": {"datetime": "2024-05-07 21:43:37", "elapsed": 23.48258, "delta": 2.406128}}
{"target": -9.961198523015904, "params": {"E_EA": 128.2714877806852, "E_MC": 8.947922731655535, "J": -15.815525385813185}, "datetime": {"datetime": "2024-05-07 21:43:39", "elapsed": 9.015406, "delta": 2.861853}}
{"target": -28.48503687868267, "params": {"E_EA": 113.88192302128888, "E_MC": 15.728556516674224, "J": -10.669867956976521}, "datetime": {"datetime": "2024-05-07 21:43:41", "elapsed": 26.80884, "delta": 3.32626}}
{"target": -14.39376466235693, "params": {"E_EA": 126.75896776462959, "E_MC": 11.645914162914119, "J": -15.745791617998941}, "datetime": {"datetime": "2024-05-07 21:43:42", "elapsed": 12.303711, "delta": 3.288305}}
{"target": -100.0, "params": {"E_EA": 128.31118790452445, "E_MC": 7.689762897760082, "J": -13.095075824394566}, "datetime": {"datetime": "2024-05-07 21:43:44", "elapsed": 14.09262, "delta": 1.788909}}
{"target": -31.15741024806724, "params": {"E_EA": 128.62573951656236, "E_MC": 11.690869539598888, "J": -18.97236724090595}, "datetime": {"datetime": "2024-05-07 21:43:48", "elapsed": 17.791627, "delta": 3.699007}}
{"target": -4.80747480202022, "params": {"E_EA": 129.52633706600957, "E_MC": 7.861760352186663, "J": -18.21681565321013}, "datetime": {"datetime": "2024-05-07 21:43:51", "elapsed": 21.087855, "delta": 3.296228}}
{"target": -3.3151461655982395, "params": {"E_EA": 128.90483973357738, "E_MC": 5.6802981123723875, "J": -19.594670633965194}, "datetime": {"datetime": "2024-05-07 21:43:54", "elapsed": 24.300727, "delta": 3.212872}}
{"target": -13.800690605027174, "params": {"E_EA": 112.61702505785433, "E_MC": 12.261132191026922, "J": -9.20055816442}, "datetime": {"datetime": "2024-05-07 21:43:56", "elapsed": 0.0, "delta": 0.0}}
{"target": -6.057706932150244, "params": {"E_EA": 132.24745517425941, "E_MC": 6.392196405201263, "J": -18.954326629311645}, "datetime": {"datetime": "2024-05-07 21:43:57", "elapsed": 27.224656, "delta": 2.923929}}
{"target": -5.538634052128084, "params": {"E_EA": 131.06309702730476, "E_MC": 9.871794955079405, "J": -17.017853352713384}, "datetime": {"datetime": "2024-05-07 21:43:59", "elapsed": 3.20673, "delta": 3.20673}}
{"target": -7.848406469967026, "params": {"E_EA": 132.45088368437925, "E_MC": 8.310075523039837, "J": -19.21798718930015}, "datetime": {"datetime": "2024-05-07 21:44:02", "elapsed": 6.357358, "delta": 3.150628}}
{"target": -100.0, "params": {"E_EA": 132.117180959537, "E_MC": 5.938907539645944, "J": -16.96442146102885}, "datetime": {"datetime": "2024-05-07 21:44:04", "elapsed": 8.659393, "delta": 2.302035}}
{"target": -25.92323934780598, "params": {"E_EA": 132.1141281137966, "E_MC": 10.74533665118028, "J": -20.0}, "datetime": {"datetime": "2024-05-07 21:44:08", "elapsed": 11.984061, "delta": 3.324668}}
{"target": -19.21817044869045, "params": {"E_EA": 111.07664517978738, "E_MC": 14.500429073929073, "J": -6.884831829074679}, "datetime": {"datetime": "2024-05-07 21:44:11", "elapsed": 14.818715, "delta": 2.834654}}
{"target": -16.278297545906003, "params": {"E_EA": 130.39166297177434, "E_MC": 13.591007320895619, "J": -15.53374669163064}, "datetime": {"datetime": "2024-05-07 21:44:14", "elapsed": 18.086077, "delta": 3.267362}}
{"target": -8.355348676772063, "params": {"E_EA": 124.00642739941819, "E_MC": 12.37104735560332, "J": -13.722402444519464}, "datetime": {"datetime": "2024-05-07 21:44:17", "elapsed": 21.311749, "delta": 3.225672}}
