{"target": -42.625270817832956, "params": {"E_EA": 108.99999702373991, "E_MC": 24.445935628837788, "J": -4.408121538386331}, "datetime": {"datetime": "2024-05-07 21:49:38", "elapsed": 3.238925, "delta": 3.238925}}
{"target": -18.289533663384876, "params": {"E_EA": 118.78344270205207, "E_MC": 19.977888612522367, "J": -7.488991339793078}, "datetime": {"datetime": "2024-05-07 21:49:42", "elapsed": 6.664203, "delta": 3.425278}}
{"target": -21.03754040517934, "params": {"E_EA": 122.11404584451448, "E_MC": 18.99512318834594, "J": -6.219036426775554}, "datetime": {"datetime": "2024-05-07 21:49:45", "elapsed": 9.826884, "delta": 3.162681}}
{"target": -58.850699602772494, "params": {"E_EA": 119.374873339145, "E_MC": 19.817026827895212, "J": -3.30910798055109}, "datetime": {"datetime": "2024-05-07 21:49:47", "elapsed": 12.593034, "delta": 2.76615}}
{"target": -47.26576195315514, "params": {"E_EA": 116.93733400711862, "E_MC": 22.62113061623631, "J": -8.233528858083204}, "datetime": {"datetime": "2024-05-07 21:49:52", "elapsed": 16.761675, "delta": 4.168641}}
{"target": -7.430833077857798, "params": {"E_EA": 108.26538786660181, "E_MC": 14.085771918075542, "J": -7.726157170074508}, "datetime": {"datetime": "2024-05-07 21:49:55", "elapsed": 20.227528, "delta": 3.465853}}
{"target": -11.953077874086516, "params": {"E_EA": 121.66406177836062, "E_MC": 18.18456003449335, "J": -8.807021731760457}, "datetime": {"datetime": "2024-05-07 21:49:58", "elapsed": 23.522405, "delta": 3.294877}}
{"target": -19.571339116728318, "params": {"E_EA": 146.65627785716023, "E_MC": 17.748910603227824, "J": -13.395143405680258}, "datetime": {"datetime": "2024-05-07 21:50:02", "elapsed": 26.808176, "delta": 3.285771}}
{"target": -14.450843860127533, "params": {"E_EA": 124.31681593520611, "E_MC": 17.056721218784972, "J": -8.372037367546898}, "datetime": {"datetime": "2024-05-07 21:50:05", "elapsed": 30.411698, "delta": 3.603522}}
{"target": -11.334049394231954, "params": {"E_EA": 147.50548880039798, "E_MC": 16.529093021090674, "J": -15.864464294052368}, "datetime": {"datetime": "2024-05-07 21:50:22", "elapsed": 0.0, "delta": 0.0}}
{"target": -8.125630436284215, "params": {"E_EA": 150.0, "E_MC": 12.142834668130268, "J": -20.0}, "datetime": {"datetime": "2024-05-07 21:50:26", "elapsed": 3.704179, "delta": 3.704179}}
{"target": -44.11277913156271, "params": {"E_EA": 133.83981868904362, "E_MC": 22.22090002519047, "J": -12.791100299911381}, "datetime": {"datetime": "2024-05-07 21:50:29", "elapsed": 7.267246, "delta": 3.563067}}
{"target": -11.275951869777808, "params": {"E_EA": 122.41774460712861, "E_MC": 15.525601284655567, "J": -9.675288097105415}, "datetime": {"datetime": "2024-05-07 21:50:32", "elapsed": 10.263555, "delta": 2.996309}}
{"target": -38.72508236849983, "params": {"E_EA": 122.77936828817708, "E_MC": 10.866237447060888, "J": -11.81989753871493}, "datetime": {"datetime": "2024-05-07 21:50:35", "elapsed": 13.336776, "delta": 3.073221}}
{"target": -10.993118860796791, "params": {"E_EA": 112.82512986982194, "E_MC": 12.122621215593933, "J": -11.335382959226777}, "datetime": {"datetime": "2024-05-07 21:50:39", "elapsed": 16.586442, "delta": 3.249666}}
{"target": -39.928217869254446, "params": {"E_EA": 124.79289022699292, "E_MC": 26.294963841327434, "J": -6.647514591030737}, "datetime": {"datetime": "2024-05-07 21:50:42", "elapsed": 20.099464, "delta": 3.513022}}
{"target": -41.66700198476628, "params": {"E_EA": 128.08599439433786, "E_MC": 19.28112776928494, "J": -6.177892116859587}, "datetime": {"datetime": "2024-05-07 21:50:45", "elapsed": 22.647463, "delta": 2.547999}}
{"target": -19.910565092949255, "params": {"E_EA": 121.8500431474506, "E_MC": 14.967129812961474, "J": -12.523022415441298}, "datetime": {"datetime": "2024-05-07 21:50:46", "elapsed": 0.0, "delta": 0.0}}
{"target": -11.871595483633994, "params": {"E_EA": 118.92337379341055, "E_MC": 17.45480150231609, "J": -8.40780256395077}, "datetime": {"datetime": "2024-05-07 21:50:48", "elapsed": 26.092855, "delta": 3.445392}}
{"target": -31.852015618959552, "params": {"E_EA": 128.2638115568983, "E_MC": 16.20528310939231, "J": -16.675788133031094}, "datetime": {"datetime": "2024-05-07 21:50:50", "elapsed": 3.733317, "delta": 3.733317}}
{"target": -17.322743582125767, "params": {"E_EA": 131.74194315046142, "E_MC": 25.015499575582393, "J": -5.8172825914791915}, "datetime": {"datetime": "2024-05-07 21:50:51", "elapsed": 29.33252, "delta": 3.239665}}
{"target": -10.07449713427998, "params": {"E_EA": 119.41291301821441, "E_MC": 17.42253465107428, "J": -8.262571012564406}, "datetime": {"datetime": "2024-05-07 21:50:54", "elapsed": 7.332548, "delta": 3.599231}}
{"target": -15.613698261769217, "params": {"E_EA": 149.11336404960318, "E_MC": 17.917155627324945, "J": -14.454179834760508}, "datetime": {"datetime": "2024-05-07 21:50:57", "elapsed": 10.597077, "delta": 3.264529}}
{"target": -100.0, "params": {"E_EA": 123.4792114057923, "E_MC": 14.804307024675621, "J": -5.5807255912601015}, "datetime": {"datetime": "2024-05-07 21:50:59", "elapsed": 12.709036, "delta": 2.111959}}
{"target": -20.760244241698814, "params": {"E_EA": 131.63005512885138, "E_MC": 25.837074464182006, "J": -5.914565220068578}, "datetime": {"datetime": "2024-05-07 21:51:02", "elapsed": 15.942233, "delta": 3.233197}}
{"target": -6.9198804773939475, "params": {"E_EA": 107.90444628637974, "E_MC": 10.811372325523827, "J": -10.77228205148252}, "datetime": {"datetime": "2024-05-07 21:51:06", "elapsed": 19.953064, "delta": 4.010831}}
{"target": -39.178846482418045, "params": {"E_EA": 137.3197022024236, "E_MC": 4.758905297258635, "J": -20.0}, "datetime": {"datetime": "2024-05-07 21:51:10", "elapsed": 23.322526, "delta": 3.369462}}
{"target": -94.62293929698738, "params": {"E_EA": 132.8774007969347, "E_MC": 24.31869686287692, "J": -2.141650283466383}, "datetime": {"datetime": "2024-05-07 21:51:10", "elapsed": 0.0, "delta": 0.0}}
{"target": -72.69210709166475, "params": {"E_EA": 131.75742521856617, "E_MC": 23.689000911210506, "J": -2.8351551453827817}, "datetime": {"datetime": "2024-05-07 21:51:12", "elapsed": 25.94352, "delta": 2.620994}}
{"target": -23.694297045388787, "params": {"E_EA": 133.80480602589077, "E_MC": 25.32572941528447, "J": -8.031070872473176}, "datetime": {"datetime": "2024-05-07 21:51:14", "elapsed": 3.428255, "delta": 3.428255}}
{"target": -34.99365813006412, "params": {"E_EA": 131.5513044814346, "E_MC": 29.50731859009156, "J": -6.646796015500843}, "datetime": {"datetime": "2024-05-07 21:51:16", "elapsed": 29.746634, "delta": 3.803114}}
{"target": -39.54030529348492, "params": {"E_EA": 138.30527478856106, "E_MC": 5.427137034149654, "J": -19.735232560579483}, "datetime": {"datetime": "2024-05-07 21:51:17", "elapsed": 6.274358, "delta": 2.846103}}
{"target": -14.081350117419229, "params": {"E_EA": 108.2525290081077, "E_MC": 20.10501909631415, "J": -3.748768938642049}, "datetime": {"datetime": "2024-05-07 21:51:20", "elapsed": 9.543854, "delta": 3.269496}}
{"target": -28.079368789852126, "params": {"E_EA": 103.92954347438207, "E_MC": 27.788897656775607, "J": 1.1698647600638914}, "datetime": {"datetime": "2024-05-07 21:51:23", "elapsed": 12.867102, "delta": 3.323248}}
{"target": -39.086977866393404, "params": {"E_EA": 134.79636497455203, "E_MC": 29.910241543954676, "J": -7.691943026875872}, "datetime": {"datetime": "2024-05-07 21:51:26", "elapsed": 16.173999, "delta": 3.306897}}
{"target": -21.727929349913367, "params": {"E_EA": 99.33640002472696, "E_MC": 27.30540966009706, "J": 2.4166715685069544}, "datetime": {"datetime": "2024-05-07 21:51:30", "elapsed": 19.390009, "delta": 3.21601}}
{"target": -22.50451021838101, "params": {"E_EA": 101.1516982016855, "E_MC": 30.0, "J": 4.5295757094340265}, "datetime": {"datetime": "2024-05-07 21:51:33", "elapsed": 22.658096, "delta": 3.268087}}
{"target": -31.638988568459403, "params": {"E_EA": 97.12722765331168, "E_MC": 30.0, "J": 4.267216271704644}, "datetime": {"datetime": "2024-05-07 21:51:36", "elapsed": 26.054766, "delta": 3.39667}}
{"target": -40.06371052597633, "params": {"E_EA": 101.69729566820223, "E_MC": 26.13230090428413, "J": 5.213849998429449}, "datetime": {"datetime": "2024-05-07 21:51:39", "elapsed": 29.059875, "delta": 3.005109}}
{"target": -94.42363419702889, "params": {"E_EA": 96.51909382110404, "E_MC": 29.864296905502073, "J": -1.106458912141406}, "datetime": {"datetime": "2024-05-07 21:51:59", "elapsed": 0.0, "delta": 0.0}}
{"target": -26.035363446055918, "params": {"E_EA": 96.51456417200313, "E_MC": 24.964586495075253, "J": 4.61542916589285}, "datetime": {"datetime": "2024-05-07 21:52:02", "elapsed": 3.281649, "delta": 3.281649}}
{"target": -64.73854991738827, "params": {"E_EA": 96.57188807936161, "E_MC": 28.395387949363055, "J": 8.92636160654003}, "datetime": {"datetime": "2024-05-07 21:52:05", "elapsed": 6.296808, "delta": 3.015159}}
{"target": -8.576825721905164, "params": {"E_EA": 103.44692323346361, "E_MC": 16.376938030299147, "J": -4.657554094433998}, "datetime": {"datetime": "2024-05-07 21:52:09", "elapsed": 9.720111, "delta": 3.423303}}
{"target": -15.771919693349963, "params": {"E_EA": 101.808370654195, "E_MC": 18.810189676910994, "J": -3.982414186994067}, "datetime": {"datetime": "2024-05-07 21:52:12", "elapsed": 13.206595, "delta": 3.486484}}
{"target": -85.73514983313473, "params": {"E_EA": 94.5738095548428, "E_MC": 21.170428140684052, "J": 4.146729024940697}, "datetime": {"datetime": "2024-05-07 21:52:15", "elapsed": 16.096458, "delta": 2.889863}}
{"target": -68.41994650831501, "params": {"E_EA": 105.58766295848234, "E_MC": 28.901334112176205, "J": -3.449454156832683}, "datetime": {"datetime": "2024-05-07 21:52:20", "elapsed": 20.304096, "delta": 4.207638}}
{"target": -13.862351092941347, "params": {"E_EA": 99.72826679909464, "E_MC": 15.529129534736928, "J": -3.692491980277328}, "datetime": {"datetime": "2024-05-07 21:52:23", "elapsed": 24.058826, "delta": 3.75473}}
{"target": -14.308661506268315, "params": {"E_EA": 100.03923589838861, "E_MC": 15.810982175112635, "J": -3.5854819453704847}, "datetime": {"datetime": "2024-05-07 21:52:23", "elapsed": 0.0, "delta": 0.0}}
{"target": -10.738684736516802, "params": {"E_EA": 97.74788715597741, "E_MC": 17.13864421113831, "J": -2.515291540668226}, "datetime": {"datetime": "2024-05-07 21:52:26", "elapsed": 27.124333, "delta": 3.065507}}
{"target": -100.0, "params": {"E_EA": 43.748540103225764, "E_MC": 3.9852644443101646, "J": -19.448239857109336}, "datetime": {"datetime": "2024-05-07 21:52:30", "elapsed": 6.690329, "delta": 6.690329}}
{"target": -34.267573438442106, "params": {"E_EA": 98.70082991721799, "E_MC": 17.94414536426035, "J": -5.648163317825272}, "datetime": {"datetime": "2024-05-07 21:52:30", "elapsed": 30.95383, "delta": 3.829497}}
{"target": -9.134709115250917, "params": {"E_EA": 96.73329580978553, "E_MC": 17.116925535964768, "J": -2.9308640168108226}, "datetime": {"datetime": "2024-05-07 21:52:33", "elapsed": 9.822181, "delta": 3.131852}}
{"target": -19.07149558055144, "params": {"E_EA": 93.90770036005328, "E_MC": 16.30544626592934, "J": -1.311657471718295}, "datetime": {"datetime": "2024-05-07 21:52:37", "elapsed": 13.198525, "delta": 3.376344}}
{"target": -29.720160466438188, "params": {"E_EA": 97.42779550211166, "E_MC": 17.14596923284915, "J": -5.825176487237851}, "datetime": {"datetime": "2024-05-07 21:52:41", "elapsed": 17.284681, "delta": 4.086156}}
{"target": -100.0, "params": {"E_EA": 96.86956778528591, "E_MC": 14.247299854751537, "J": -1.209445996867565}, "datetime": {"datetime": "2024-05-07 21:52:43", "elapsed": 19.949954, "delta": 2.665273}}
{"target": -23.8792956291848, "params": {"E_EA": 94.74376477544615, "E_MC": 18.272603403716072, "J": -3.24565017210589}, "datetime": {"datetime": "2024-05-07 21:52:47", "elapsed": 23.980356, "delta": 4.030402}}
{"target": -10.188296922566446, "params": {"E_EA": 98.36733701808532, "E_MC": 18.17731083636196, "J": -2.001555115100647}, "datetime": {"datetime": "2024-05-07 21:52:51", "elapsed": 27.661527, "delta": 3.681171}}
{"target": -27.784477142536673, "params": {"E_EA": 130.81216488070243, "E_MC": 24.239911012187783, "J": -8.114078575705111}, "datetime": {"datetime": "2024-05-07 21:52:55", "elapsed": 31.725361, "delta": 4.063834}}
{"target": -16.671733842944512, "params": {"E_EA": 139.21632262899095, "E_MC": 23.700003948670354, "J": -8.340886188398242}, "datetime": {"datetime": "2024-05-07 21:52:59", "elapsed": 35.751884, "delta": 4.026523}}
{"target": -19.09116311123882, "params": {"E_EA": 141.71298832730966, "E_MC": 26.58888553358363, "J": -7.437847198756117}, "datetime": {"datetime": "2024-05-07 21:53:14", "elapsed": 0.0, "delta": 0.0}}
{"target": -32.24746883445548, "params": {"E_EA": 139.9104041051711, "E_MC": 26.637418833172017, "J": -9.984147603642914}, "datetime": {"datetime": "2024-05-07 21:53:17", "elapsed": 3.494855, "delta": 3.494855}}
{"target": -69.10819778017206, "params": {"E_EA": 141.66874432969666, "E_MC": 23.289156345796428, "J": -5.7559052442061525}, "datetime": {"datetime": "2024-05-07 21:53:20", "elapsed": 6.321201, "delta": 2.826346}}
{"target": -30.088949783074046, "params": {"E_EA": 142.93508607042378, "E_MC": 29.947693921084422, "J": -7.202373549067882}, "datetime": {"datetime": "2024-05-07 21:53:23", "elapsed": 9.59513, "delta": 3.273929}}
{"target": -15.299964563747942, "params": {"E_EA": 137.35973957492376, "E_MC": 21.30327088875413, "J": -10.174925418013672}, "datetime": {"datetime": "2024-05-07 21:53:27", "elapsed": 13.082262, "delta": 3.487132}}
{"target": -31.127735262850745, "params": {"E_EA": 140.44898877582244, "E_MC": 23.072638179715838, "J": -12.332900904778104}, "datetime": {"datetime": "2024-05-07 21:53:30", "elapsed": 16.626289, "delta": 3.544027}}
{"target": -27.355803969318817, "params": {"E_EA": 135.82015233617665, "E_MC": 22.079427073965462, "J": -7.141963650146344}, "datetime": {"datetime": "2024-05-07 21:53:34", "elapsed": 20.042925, "delta": 3.416636}}
{"target": -23.82160976271128, "params": {"E_EA": 105.55900406155095, "E_MC": 29.999866675959957, "J": 4.550365755099772}, "datetime": {"datetime": "2024-05-07 21:53:38", "elapsed": 23.778418, "delta": 3.735493}}
{"target": -21.627635299493267, "params": {"E_EA": 138.97435860610483, "E_MC": 27.733359817183477, "J": -5.9023244392307195}, "datetime": {"datetime": "2024-05-07 21:53:41", "elapsed": 27.644609, "delta": 3.866191}}
{"target": -27.136443747096333, "params": {"E_EA": 137.51167284264832, "E_MC": 24.181021873034275, "J": -10.08552058455078}, "datetime": {"datetime": "2024-05-07 21:53:45", "elapsed": 31.225565, "delta": 3.580956}}
{"target": -50.907653450574145, "params": {"E_EA": 142.5284597178187, "E_MC": 29.557836574168185, "J": -1.9180556756549585}, "datetime": {"datetime": "2024-05-07 21:53:58", "elapsed": 0.0, "delta": 0.0}}
{"target": -10.463568622259547, "params": {"E_EA": 91.14652048876212, "E_MC": 16.556515976554863, "J": -2.3007066534300193}, "datetime": {"datetime": "2024-05-07 21:54:02", "elapsed": 3.797917, "delta": 3.797917}}
{"target": -17.425219522157686, "params": {"E_EA": 91.40832623826095, "E_MC": 17.79201299139094, "J": 0.3864314438235219}, "datetime": {"datetime": "2024-05-07 21:54:05", "elapsed": 7.153838, "delta": 3.355921}}
{"target": -34.301748418076826, "params": {"E_EA": 91.11664899084826, "E_MC": 19.675174393545884, "J": -2.2753436581703412}, "datetime": {"datetime": "2024-05-07 21:54:09", "elapsed": 11.133654, "delta": 3.979816}}
{"target": -100.0, "params": {"E_EA": 91.18294443408841, "E_MC": 13.716766093993833, "J": -0.06590285643015648}, "datetime": {"datetime": "2024-05-07 21:54:12", "elapsed": 14.641326, "delta": 3.507672}}
{"target": -20.247693979621825, "params": {"E_EA": 145.17936083181462, "E_MC": 26.637252152968053, "J": -9.23773800376738}, "datetime": {"datetime": "2024-05-07 21:54:16", "elapsed": 17.981941, "delta": 3.340615}}
{"target": -41.888903571963596, "params": {"E_EA": 147.40344109772204, "E_MC": 29.53767078816727, "J": -11.09133184263056}, "datetime": {"datetime": "2024-05-07 21:54:20", "elapsed": 21.840232, "delta": 3.858291}}
{"target": -33.41448046534148, "params": {"E_EA": 148.06129915916117, "E_MC": 26.466542265448403, "J": -6.435099618854897}, "datetime": {"datetime": "2024-05-07 21:54:23", "elapsed": 24.782309, "delta": 2.942077}}
{"target": -58.138515306899365, "params": {"E_EA": 109.96670019733688, "E_MC": 29.47769680441804, "J": 6.482808777531062}, "datetime": {"datetime": "2024-05-07 21:54:25", "elapsed": 27.64425, "delta": 2.861941}}
{"target": -35.61839077864021, "params": {"E_EA": 145.01470702000705, "E_MC": 24.98396288118943, "J": -12.271477208317666}, "datetime": {"datetime": "2024-05-07 21:54:29", "elapsed": 31.188672, "delta": 3.544422}}
{"target": -100.0, "params": {"E_EA": 21.19079023067795, "E_MC": 29.90426922065948, "J": -19.6838709622268}, "datetime": {"datetime": "2024-05-07 21:55:25", "elapsed": 0.0, "delta": 0.0}}
{"target": -18.48650275768695, "params": {"E_EA": 105.83512693386427, "E_MC": 16.562005696252342, "J": -6.844399247073802}, "datetime": {"datetime": "2024-05-07 21:55:29", "elapsed": 4.005748, "delta": 4.005748}}
{"target": -38.636740731446054, "params": {"E_EA": 91.6951378676281, "E_MC": 16.79705265913993, "J": -5.046549539906388}, "datetime": {"datetime": "2024-05-07 21:55:30", "elapsed": 0.0, "delta": 0.0}}
{"target": -100.0, "params": {"E_EA": 128.4515870353414, "E_MC": 28.116874953103135, "J": 19.882016118606046}, "datetime": {"datetime": "2024-05-07 21:55:31", "elapsed": 1.552329, "delta": 1.552329}}
{"target": -50.15334672586544, "params": {"E_EA": 149.89205361481285, "E_MC": 8.66515796299612, "J": -19.739435765991317}, "datetime": {"datetime": "2024-05-07 21:55:32", "elapsed": 7.576223, "delta": 3.570475}}
{"target": -100.0, "params": {"E_EA": 129.4769941036982, "E_MC": 28.942652855187443, "J": 19.576955748220854}, "datetime": {"datetime": "2024-05-07 21:55:34", "elapsed": 8.988665, "delta": 1.412442}}
{"target": -10.624559623349322, "params": {"E_EA": 128.32693823765072, "E_MC": 9.88934529985621, "J": -17.188886282009655}, "datetime": {"datetime": "2024-05-07 21:55:35", "elapsed": 5.317468, "delta": 3.765139}}
{"target": -100.0, "params": {"E_EA": 149.94069408255575, "E_MC": 4.583756315967493, "J": 13.52771794772886}, "datetime": {"datetime": "2024-05-07 21:55:37", "elapsed": 7.552041, "delta": 2.234573}}
{"target": -42.12553320009481, "params": {"E_EA": 90.55185200466306, "E_MC": 17.20481465531698, "J": -5.172176402145411}, "datetime": {"datetime": "2024-05-07 21:55:38", "elapsed": 13.166112, "delta": 4.177447}}
{"target": -100.0, "params": {"E_EA": 148.9304581927536, "E_MC": 3.2213104245880166, "J": 11.83676124950242}, "datetime": {"datetime": "2024-05-07 21:55:40", "elapsed": 15.059565, "delta": 1.893453}}
{"target": -100.0, "params": {"E_EA": 41.94856585927644, "E_MC": 3.0, "J": 20.0}, "datetime": {"datetime": "2024-05-07 21:55:41", "elapsed": 16.490668, "delta": 1.431103}}
{"target": -100.0, "params": {"E_EA": 20.60529727562788, "E_MC": 3.0, "J": -20.0}, "datetime": {"datetime": "2024-05-07 21:55:56", "elapsed": 26.464889, "delta": 18.912848}}
{"target": -100.0, "params": {"E_EA": 37.670261347052865, "E_MC": 3.0, "J": 7.088056534582545}, "datetime": {"datetime": "2024-05-07 21:55:58", "elapsed": 28.192644, "delta": 1.727755}}
{"target": -100.0, "params": {"E_EA": 21.06374251057393, "E_MC": 4.504239628734012, "J": -18.61218305991092}, "datetime": {"datetime": "2024-05-07 21:56:01", "elapsed": 36.593446, "delta": 20.102778}}
{"target": -100.0, "params": {"E_EA": 68.22985959771225, "E_MC": 29.581216880662364, "J": -19.63812919258943}, "datetime": {"datetime": "2024-05-07 21:56:04", "elapsed": 34.612783, "delta": 6.420139}}
{"target": -100.0, "params": {"E_EA": 87.58728075298536, "E_MC": 30.0, "J": -20.0}, "datetime": {"datetime": "2024-05-07 21:56:07", "elapsed": 42.187692, "delta": 5.594246}}
{"target": -100.0, "params": {"E_EA": 88.86257213624395, "E_MC": 30.0, "J": -20.0}, "datetime": {"datetime": "2024-05-07 21:56:11", "elapsed": 40.97685, "delta": 6.364067}}
{"target": -100.0, "params": {"E_EA": 79.73016788897156, "E_MC": 3.0, "J": 20.0}, "datetime": {"datetime": "2024-05-07 21:56:13", "elapsed": 43.106082, "delta": 2.129232}}
{"target": -100.0, "params": {"E_EA": 67.25421294653896, "E_MC": 30.0, "J": -16.909264446724816}, "datetime": {"datetime": "2024-05-07 21:56:13", "elapsed": 48.182115, "delta": 5.994423}}
{"target": -100.0, "params": {"E_EA": 114.35322504075617, "E_MC": 3.0, "J": 11.412315795364037}, "datetime": {"datetime": "2024-05-07 21:56:15", "elapsed": 44.689256, "delta": 1.583174}}
{"target": -100.0, "params": {"E_EA": 62.264075049994666, "E_MC": 3.0, "J": -20.0}, "datetime": {"datetime": "2024-05-07 21:56:26", "elapsed": 0.0, "delta": 0.0}}
{"target": -100.0, "params": {"E_EA": 37.94305615182668, "E_MC": 28.845031412474, "J": -4.301455028425313}, "datetime": {"datetime": "2024-05-07 21:56:37", "elapsed": 11.061381, "delta": 11.061381}}
{"target": -100.0, "params": {"E_EA": 20.0, "E_MC": 30.0, "J": -0.5931772500319213}, "datetime": {"datetime": "2024-05-07 21:57:12", "elapsed": 46.341801, "delta": 35.28042}}
{"target": -100.0, "params": {"E_EA": 33.71320027333819, "E_MC": 18.568204197927045, "J": 20.0}, "datetime": {"datetime": "2024-05-07 21:57:15", "elapsed": 0.0, "delta": 0.0}}
{"target": -100.0, "params": {"E_EA": 33.72572864121101, "E_MC": 18.581682692486737, "J": 20.0}, "datetime": {"datetime": "2024-05-07 21:57:29", "elapsed": 62.888393, "delta": 16.546592}}
{"target": -100.0, "params": {"E_EA": 20.0, "E_MC": 30.0, "J": -0.6033927994840679}, "datetime": {"datetime": "2024-05-07 21:57:51", "elapsed": 35.02819, "delta": 35.02819}}
{"target": -100.0, "params": {"E_EA": 34.600827516393764, "E_MC": 18.637292977799948, "J": -20.0}, "datetime": {"datetime": "2024-05-07 21:57:55", "elapsed": 89.028318, "delta": 26.139925}}
