{"target": -14.649593207547142, "params": {"E_EA": 82.84073077886924, "E_MC": 7.150147597057268, "J": -7.963666100886009}, "datetime": {"datetime": "2024-05-07 22:45:00", "elapsed": 107.83742, "delta": 14.142155}}
{"target": -4.4101290829010305, "params": {"E_EA": 83.29799058448491, "E_MC": 5.740355117538012, "J": -7.42739681253325}, "datetime": {"datetime": "2024-05-07 22:45:00", "elapsed": 22.210271, "delta": 7.736572}}
{"target": -4.7024005509882585, "params": {"E_EA": 69.97353248139704, "E_MC": 11.347252030298327, "J": -0.8101784194135107}, "datetime": {"datetime": "2024-05-07 22:45:12", "elapsed": 33.809891, "delta": 11.59962}}
{"target": -1.43200970913867, "params": {"E_EA": 83.03476173287586, "E_MC": 7.417683885209931, "J": -6.740511899686261}, "datetime": {"datetime": "2024-05-07 22:45:23", "elapsed": 44.582955, "delta": 10.773064}}
{"target": -4.560304706869703, "params": {"E_EA": 81.02926602377357, "E_MC": 4.976245598441261, "J": -7.482748719014349}, "datetime": {"datetime": "2024-05-07 22:45:31", "elapsed": 52.784364, "delta": 8.201409}}
{"target": -2.076358911302985, "params": {"E_EA": 73.8622077785536, "E_MC": 12.262422623036212, "J": -0.6685488647498481}, "datetime": {"datetime": "2024-05-07 22:45:43", "elapsed": 64.988295, "delta": 12.203931}}
{"target": -2.867369995292914, "params": {"E_EA": 79.66500261664746, "E_MC": 9.107197644585007, "J": -4.794533759803888}, "datetime": {"datetime": "2024-05-07 22:45:44", "elapsed": 0.0, "delta": 0.0}}
{"target": -0.8139659040244843, "params": {"E_EA": 69.89937513478182, "E_MC": 11.000096577114899, "J": -0.37216810001677914}, "datetime": {"datetime": "2024-05-07 22:45:53", "elapsed": 8.514899, "delta": 8.514899}}
{"target": -1.3383519554677252, "params": {"E_EA": 79.70776056634708, "E_MC": 9.782799699363386, "J": -3.9430921691065954}, "datetime": {"datetime": "2024-05-07 22:45:58", "elapsed": 79.609116, "delta": 14.620821}}
{"target": -8.785681834527754, "params": {"E_EA": 69.16614163506216, "E_MC": 10.816671686328, "J": -1.2578355467002638}, "datetime": {"datetime": "2024-05-07 22:46:04", "elapsed": 20.393934, "delta": 11.879035}}
{"target": -0.41621863423896394, "params": {"E_EA": 66.5476514708189, "E_MC": 10.550426730619133, "J": 0.08015844027113772}, "datetime": {"datetime": "2024-05-07 22:46:12", "elapsed": 93.928954, "delta": 14.319838}}
{"target": -7.359126757176421, "params": {"E_EA": 68.47861664859137, "E_MC": 9.788827165874793, "J": -1.6678851612683516}, "datetime": {"datetime": "2024-05-07 22:46:14", "elapsed": 30.093218, "delta": 9.699284}}
{"target": -6.5967205159481646, "params": {"E_EA": 135.00115930809588, "E_MC": 10.977280538431014, "J": -16.706716846559896}, "datetime": {"datetime": "2024-05-07 22:46:26", "elapsed": 108.354055, "delta": 14.425101}}
{"target": -1.7230557270572253, "params": {"E_EA": 80.98711732421145, "E_MC": 4.660059973097237, "J": -7.973909366611949}, "datetime": {"datetime": "2024-05-07 22:46:28", "elapsed": 43.511223, "delta": 13.418005}}
{"target": -12.820025476805645, "params": {"E_EA": 74.32674795787757, "E_MC": 11.909262282818684, "J": 0.03508775152111099}, "datetime": {"datetime": "2024-05-07 22:46:39", "elapsed": 54.76732, "delta": 11.256097}}
{"target": -1.510370444184362, "params": {"E_EA": 70.68173539327154, "E_MC": 11.697159507908278, "J": -0.3433422065363736}, "datetime": {"datetime": "2024-05-07 22:46:48", "elapsed": 64.086303, "delta": 9.318983}}
{"target": -1.5929581988087498, "params": {"E_EA": 81.5378248320365, "E_MC": 5.062148495307111, "J": -7.799162571233133}, "datetime": {"datetime": "2024-05-07 22:47:07", "elapsed": 82.772614, "delta": 18.686311}}
{"target": -2.9163944964629422, "params": {"E_EA": 73.48028549219606, "E_MC": 12.304541835014978, "J": -0.7131736774136144}, "datetime": {"datetime": "2024-05-07 22:47:19", "elapsed": 95.025984, "delta": 12.25337}}
{"target": -6.032009656344491, "params": {"E_EA": 121.68224518406033, "E_MC": 5.690173379360928, "J": -16.893622905301527}, "datetime": {"datetime": "2024-05-07 22:47:27", "elapsed": 102.500088, "delta": 7.474104}}
{"target": -6.261684821262666, "params": {"E_EA": 84.14918870930123, "E_MC": 7.705707681034524, "J": -7.327959440973855}, "datetime": {"datetime": "2024-05-07 22:47:42", "elapsed": 0.0, "delta": 0.0}}
{"target": -1.4771109782754652, "params": {"E_EA": 82.85517699967548, "E_MC": 9.0132268188601, "J": -5.404838597274267}, "datetime": {"datetime": "2024-05-07 22:47:52", "elapsed": 10.877702, "delta": 10.877702}}
{"target": -1.04465828749363, "params": {"E_EA": 67.23144348799472, "E_MC": 10.530519197169532, "J": -0.28599046099845893}, "datetime": {"datetime": "2024-05-07 22:48:03", "elapsed": 21.387983, "delta": 10.510281}}
{"target": -13.124655722152754, "params": {"E_EA": 122.1343305249811, "E_MC": 5.369879864021045, "J": -16.810896641185536}, "datetime": {"datetime": "2024-05-07 22:48:16", "elapsed": 34.868102, "delta": 13.480119}}
{"target": -3.425732460918663, "params": {"E_EA": 78.49445878253664, "E_MC": 9.81392292251131, "J": -3.095697300806304}, "datetime": {"datetime": "2024-05-07 22:48:27", "elapsed": 45.936961, "delta": 11.068859}}
{"target": -3.076382735708027, "params": {"E_EA": 82.54550443343577, "E_MC": 9.918765409677277, "J": -4.836729090578263}, "datetime": {"datetime": "2024-05-07 22:48:38", "elapsed": 56.343781, "delta": 10.40682}}
{"target": -0.49026297269908575, "params": {"E_EA": 69.79421425651637, "E_MC": 9.469360190511225, "J": -1.4577267413064448}, "datetime": {"datetime": "2024-05-07 22:48:52", "elapsed": 70.102848, "delta": 13.759067}}
{"target": -1.1283113298079532, "params": {"E_EA": 83.15907503766954, "E_MC": 8.676270128183926, "J": -5.56915731897233}, "datetime": {"datetime": "2024-05-07 22:49:06", "elapsed": 84.928061, "delta": 14.825213}}
{"target": -3.4827891858203985, "params": {"E_EA": 63.88180233589604, "E_MC": 11.68183146581653, "J": 2.1546235662853306}, "datetime": {"datetime": "2024-05-07 22:49:22", "elapsed": 100.025453, "delta": 15.097392}}
{"target": -0.7129373392438246, "params": {"E_EA": 65.17543466009653, "E_MC": 9.451246539681652, "J": -0.18375251121015168}, "datetime": {"datetime": "2024-05-07 22:49:29", "elapsed": 0.0, "delta": 0.0}}
{"target": -1.6548474035631695, "params": {"E_EA": 77.9878182030796, "E_MC": 9.050487265820077, "J": -3.6941133613003103}, "datetime": {"datetime": "2024-05-07 22:49:40", "elapsed": 118.657973, "delta": 18.63252}}
{"target": -100.0, "params": {"E_EA": 26.894380279409194, "E_MC": 12.86340704202635, "J": 8.372590327328219}, "datetime": {"datetime": "2024-05-07 22:50:09", "elapsed": 40.213524, "delta": 40.213524}}
{"target": -1.0596728701599427, "params": {"E_EA": 78.20867427142132, "E_MC": 9.564185193873463, "J": -3.529254696760879}, "datetime": {"datetime": "2024-05-07 22:50:18", "elapsed": 48.972301, "delta": 8.758777}}
{"target": -3.988679616269286, "params": {"E_EA": 80.05003580921533, "E_MC": 10.521799671669122, "J": -3.867160424592665}, "datetime": {"datetime": "2024-05-07 22:50:30", "elapsed": 60.746629, "delta": 11.774328}}
{"target": -1.1351879479044782, "params": {"E_EA": 67.1740548083571, "E_MC": 10.9656899078354, "J": 0.06995498145236875}, "datetime": {"datetime": "2024-05-07 22:50:39", "elapsed": 70.134839, "delta": 9.38821}}
{"target": -1.741591654723661, "params": {"E_EA": 79.7835190891869, "E_MC": 10.286358714235813, "J": -3.6687861039414607}, "datetime": {"datetime": "2024-05-07 22:50:46", "elapsed": 0.0, "delta": 0.0}}
{"target": -1.010395072942064, "params": {"E_EA": 80.01155622939378, "E_MC": 8.189539736722924, "J": -5.290063009549183}, "datetime": {"datetime": "2024-05-07 22:50:49", "elapsed": 79.673477, "delta": 9.538638}}
{"target": -1.2440478370412171, "params": {"E_EA": 81.26284100616141, "E_MC": 6.241525037275016, "J": -7.207015346624409}, "datetime": {"datetime": "2024-05-07 22:50:59", "elapsed": 89.967236, "delta": 10.293759}}
{"target": -1.2921489771450738, "params": {"E_EA": 77.54752736052507, "E_MC": 9.377881671934997, "J": -3.748457047269266}, "datetime": {"datetime": "2024-05-07 22:51:03", "elapsed": 16.418448, "delta": 16.418448}}
{"target": -2.1563493985576523, "params": {"E_EA": 82.49555150071734, "E_MC": 8.344766550866082, "J": -5.938364110628056}, "datetime": {"datetime": "2024-05-07 22:51:19", "elapsed": 109.952923, "delta": 19.985687}}
{"target": -3.885766599802087, "params": {"E_EA": 66.93691775933277, "E_MC": 10.52602808683034, "J": 0.5382504623529272}, "datetime": {"datetime": "2024-05-07 22:51:22", "elapsed": 35.60117, "delta": 19.182722}}
{"target": -0.6278675645301229, "params": {"E_EA": 80.87435033618927, "E_MC": 5.848835758133492, "J": -7.160720312771318}, "datetime": {"datetime": "2024-05-07 22:51:28", "elapsed": 118.739528, "delta": 8.786605}}
{"target": -4.676699913969721, "params": {"E_EA": 80.02333249317034, "E_MC": 9.56185767695928, "J": -4.690905725911501}, "datetime": {"datetime": "2024-05-07 22:51:35", "elapsed": 49.172962, "delta": 13.571792}}
{"target": -3.1706339542970565, "params": {"E_EA": 74.09828760134849, "E_MC": 12.360620727898437, "J": -0.057497895216481965}, "datetime": {"datetime": "2024-05-07 22:51:42", "elapsed": 133.214554, "delta": 14.475026}}
{"target": -6.367477335869582, "params": {"E_EA": 70.81821433763942, "E_MC": 11.661344061998436, "J": -0.892910786539499}, "datetime": {"datetime": "2024-05-07 22:51:48", "elapsed": 61.396549, "delta": 12.223587}}
{"target": -5.159216951088058, "params": {"E_EA": 67.85186944967205, "E_MC": 9.382703691408615, "J": -1.7360546132596966}, "datetime": {"datetime": "2024-05-07 22:52:01", "elapsed": 74.481159, "delta": 13.08461}}
{"target": -3.9024077484513016, "params": {"E_EA": 82.4090611961652, "E_MC": 7.987894153797007, "J": -6.492857875325871}, "datetime": {"datetime": "2024-05-07 22:52:11", "elapsed": 0.0, "delta": 0.0}}
{"target": -1.3395783947118054, "params": {"E_EA": 84.10652381686533, "E_MC": 7.99247953712104, "J": -6.481519949729858}, "datetime": {"datetime": "2024-05-07 22:52:19", "elapsed": 92.680246, "delta": 18.199087}}
{"target": -1.564482225227872, "params": {"E_EA": 63.37866308136261, "E_MC": 10.576794287695922, "J": 0.6839959427463189}, "datetime": {"datetime": "2024-05-07 22:52:23", "elapsed": 12.423648, "delta": 12.423648}}
{"target": -4.829620661045876, "params": {"E_EA": 82.80318250137358, "E_MC": 6.947225340493072, "J": -6.311940421531009}, "datetime": {"datetime": "2024-05-07 22:52:26", "elapsed": 100.316862, "delta": 7.636616}}
{"target": -0.8471740427919499, "params": {"E_EA": 77.67371791903535, "E_MC": 8.717747409438466, "J": -4.099083763284291}, "datetime": {"datetime": "2024-05-07 22:52:34", "elapsed": 22.691566, "delta": 10.267918}}
{"target": -1.4097865850973543, "params": {"E_EA": 81.0253456380016, "E_MC": 9.375913322277647, "J": -4.508510421190671}, "datetime": {"datetime": "2024-05-07 22:52:43", "elapsed": 116.569072, "delta": 16.25221}}
{"target": -3.9309427950887064, "params": {"E_EA": 92.85667275301006, "E_MC": 10.44939254494403, "J": -6.446640549409199}, "datetime": {"datetime": "2024-05-07 22:52:44", "elapsed": 33.217243, "delta": 10.525677}}
{"target": -7.411302892840004, "params": {"E_EA": 122.34374835692931, "E_MC": 4.761534752177003, "J": -17.590316439847197}, "datetime": {"datetime": "2024-05-07 22:52:57", "elapsed": 130.493611, "delta": 13.924539}}
{"target": -10.21794576290584, "params": {"E_EA": 97.8482709423622, "E_MC": 17.9242946613088, "J": -2.249952655111862}, "datetime": {"datetime": "2024-05-07 22:53:03", "elapsed": 51.615207, "delta": 18.397964}}
{"target": -100.0, "params": {"E_EA": 148.2320733626322, "E_MC": 23.19188409773492, "J": 11.24939628020027}, "datetime": {"datetime": "2024-05-07 22:53:08", "elapsed": 56.443771, "delta": 4.828564}}
{"target": -0.759029978084512, "params": {"E_EA": 78.2886525400742, "E_MC": 8.49096587454844, "J": -4.458734363922723}, "datetime": {"datetime": "2024-05-07 22:53:16", "elapsed": 65.104119, "delta": 8.660348}}
{"target": -11.515478150484135, "params": {"E_EA": 97.04403197561308, "E_MC": 17.91128256702103, "J": -2.739037346029729}, "datetime": {"datetime": "2024-05-07 22:53:29", "elapsed": 77.757612, "delta": 12.653493}}
{"target": -11.148174829354408, "params": {"E_EA": 79.95837210487848, "E_MC": 7.832631786815279, "J": -4.562317883910847}, "datetime": {"datetime": "2024-05-07 22:53:43", "elapsed": 92.079098, "delta": 14.321486}}
{"target": -4.638933155662434, "params": {"E_EA": 63.496483219054696, "E_MC": 11.090306559754872, "J": 1.8655848699500799}, "datetime": {"datetime": "2024-05-07 22:54:00", "elapsed": 108.877954, "delta": 16.798856}}
{"target": -9.183217448510717, "params": {"E_EA": 79.80909726143325, "E_MC": 8.714634285317075, "J": -5.679370364883347}, "datetime": {"datetime": "2024-05-07 22:54:22", "elapsed": 0.0, "delta": 0.0}}
{"target": -0.7023041358411252, "params": {"E_EA": 78.26391009816429, "E_MC": 8.95692127731828, "J": -4.162479409051505}, "datetime": {"datetime": "2024-05-07 22:54:36", "elapsed": 14.090715, "delta": 14.090715}}
{"target": -0.6401245645793613, "params": {"E_EA": 69.25326163362705, "E_MC": 10.559177656830505, "J": -0.7074943776905768}, "datetime": {"datetime": "2024-05-07 22:54:47", "elapsed": 25.112973, "delta": 11.022258}}
{"target": -3.860418998997713, "params": {"E_EA": 80.59487146105236, "E_MC": 9.266581703514863, "J": -4.966666188431056}, "datetime": {"datetime": "2024-05-07 22:55:08", "elapsed": 45.512744, "delta": 20.399771}}
{"target": -0.49421040522252113, "params": {"E_EA": 64.16045258152698, "E_MC": 10.73854367751548, "J": 0.9897125599175673}, "datetime": {"datetime": "2024-05-07 22:55:22", "elapsed": 60.269119, "delta": 14.756375}}
{"target": -100.0, "params": {"E_EA": 65.68677911215636, "E_MC": 18.84394608794838, "J": -10.94726244962212}, "datetime": {"datetime": "2024-05-07 22:55:33", "elapsed": 70.672175, "delta": 10.403056}}
{"target": -2.145994053934133, "params": {"E_EA": 79.59598310597468, "E_MC": 10.67861006379274, "J": -3.3473635613351433}, "datetime": {"datetime": "2024-05-07 22:55:41", "elapsed": 78.471113, "delta": 7.798938}}
{"target": -0.8431574308136367, "params": {"E_EA": 82.04015918557246, "E_MC": 6.1626059863014415, "J": -7.300737329395201}, "datetime": {"datetime": "2024-05-07 22:55:50", "elapsed": 88.08524, "delta": 9.614127}}
{"target": -7.248834982397666, "params": {"E_EA": 66.74910480999615, "E_MC": 10.870641374523645, "J": -0.45392321558035453}, "datetime": {"datetime": "2024-05-07 22:56:01", "elapsed": 98.947628, "delta": 10.862388}}
{"target": -3.3998584266111314, "params": {"E_EA": 69.20109572139523, "E_MC": 10.231274576727134, "J": -1.3126393979255582}, "datetime": {"datetime": "2024-05-07 22:56:12", "elapsed": 110.320161, "delta": 11.372533}}
{"target": -2.6135460394619936, "params": {"E_EA": 121.8860503701452, "E_MC": 4.299182859823164, "J": -18.454284512662387}, "datetime": {"datetime": "2024-05-07 22:56:21", "elapsed": 0.0, "delta": 0.0}}
{"target": -9.70037231678502, "params": {"E_EA": 82.02826078231682, "E_MC": 10.037078394640593, "J": -5.1910078604867005}, "datetime": {"datetime": "2024-05-07 22:56:31", "elapsed": 10.472809, "delta": 10.472809}}
{"target": -1.9460462461006338, "params": {"E_EA": 70.54022963415201, "E_MC": 10.027695168306483, "J": -1.664407653029592}, "datetime": {"datetime": "2024-05-07 22:56:46", "elapsed": 25.350945, "delta": 14.878136}}
{"target": -100.0, "params": {"E_EA": 105.25194627292193, "E_MC": 27.07354696879595, "J": 7.848836984517867}, "datetime": {"datetime": "2024-05-07 22:56:54", "elapsed": 33.667746, "delta": 8.316801}}
{"target": -1.5085660908154919, "params": {"E_EA": 71.08184727499793, "E_MC": 9.733874115608891, "J": -1.3970678026284986}, "datetime": {"datetime": "2024-05-07 22:57:04", "elapsed": 43.611751, "delta": 9.944005}}
{"target": -2.1685111501568675, "params": {"E_EA": 81.93516317442375, "E_MC": 6.459338304584142, "J": -6.6548618454666375}, "datetime": {"datetime": "2024-05-07 22:57:23", "elapsed": 62.017409, "delta": 18.405658}}
{"target": -1.5172046566964832, "params": {"E_EA": 78.85248960507434, "E_MC": 10.499527069346072, "J": -3.1237380853317376}, "datetime": {"datetime": "2024-05-07 22:57:32", "elapsed": 71.469467, "delta": 9.452058}}
{"target": -1.8303736021404138, "params": {"E_EA": 73.65132618846135, "E_MC": 11.79428405350908, "J": -0.9947235695095848}, "datetime": {"datetime": "2024-05-07 22:57:44", "elapsed": 0.0, "delta": 0.0}}
{"target": -51.4142538750718, "params": {"E_EA": 145.1379583183895, "E_MC": 27.786778350735133, "J": -3.6766937584055484}, "datetime": {"datetime": "2024-05-07 22:57:46", "elapsed": 85.498913, "delta": 14.029446}}
{"target": -5.512684819626494, "params": {"E_EA": 81.6171935838556, "E_MC": 5.985051108205058, "J": -6.6914495046026055}, "datetime": {"datetime": "2024-05-07 22:57:57", "elapsed": 96.089748, "delta": 10.590835}}
{"target": -2.779605557891236, "params": {"E_EA": 83.79958161601095, "E_MC": 8.485095767301686, "J": -6.304900623748608}, "datetime": {"datetime": "2024-05-07 22:58:09", "elapsed": 108.663002, "delta": 12.573254}}
{"target": -9.141804413622797, "params": {"E_EA": 122.50005977930488, "E_MC": 4.568312440097871, "J": -19.506784587829102}, "datetime": {"datetime": "2024-05-07 22:58:10", "elapsed": 25.795965, "delta": 25.795965}}
{"target": -5.755121713625273, "params": {"E_EA": 81.52938458245582, "E_MC": 9.618950051752787, "J": -3.8531101328123327}, "datetime": {"datetime": "2024-05-07 22:58:18", "elapsed": 33.908582, "delta": 8.112617}}
{"target": -18.60301140715978, "params": {"E_EA": 63.63197442926115, "E_MC": 10.291980001001175, "J": 1.6853664120524883}, "datetime": {"datetime": "2024-05-07 22:58:29", "elapsed": 44.581562, "delta": 10.67298}}
{"target": -0.6326639807006494, "params": {"E_EA": 68.66053778651678, "E_MC": 10.21190960035076, "J": -0.9016276570681964}, "datetime": {"datetime": "2024-05-07 22:58:42", "elapsed": 57.482507, "delta": 12.900945}}
{"target": -100.0, "params": {"E_EA": 95.49609150180136, "E_MC": 18.707205334733672, "J": -19.13927309721689}, "datetime": {"datetime": "2024-05-07 22:58:51", "elapsed": 66.614468, "delta": 9.131961}}
{"target": -6.798902905870729, "params": {"E_EA": 86.53226533070152, "E_MC": 3.476249880520616, "J": -11.283758231338727}, "datetime": {"datetime": "2024-05-07 22:59:02", "elapsed": 77.9932, "delta": 11.378732}}
{"target": -6.819552309198018, "params": {"E_EA": 80.62560883042032, "E_MC": 10.405500309243651, "J": -4.427027194738997}, "datetime": {"datetime": "2024-05-07 22:59:17", "elapsed": 92.401908, "delta": 14.408708}}
{"target": -3.62960947183852, "params": {"E_EA": 81.47329717506085, "E_MC": 10.15277710173263, "J": -4.435697747713405}, "datetime": {"datetime": "2024-05-07 22:59:34", "elapsed": 109.61021, "delta": 17.208302}}
{"target": -1.5352460971943263, "params": {"E_EA": 64.04469456753927, "E_MC": 12.357301598873013, "J": 1.982259075968578}, "datetime": {"datetime": "2024-05-07 22:59:45", "elapsed": 120.847362, "delta": 11.237152}}
{"target": -6.152361190514317, "params": {"E_EA": 82.10191880552921, "E_MC": 7.542458552432597, "J": -5.559696476231073}, "datetime": {"datetime": "2024-05-07 22:59:57", "elapsed": 0.0, "delta": 0.0}}
{"target": -9.235391630629834, "params": {"E_EA": 122.0808917657243, "E_MC": 6.0300386901592145, "J": -18.53462241894739}, "datetime": {"datetime": "2024-05-07 23:00:08", "elapsed": 10.691885, "delta": 10.691885}}
{"target": -2.3911748795142875, "params": {"E_EA": 80.75589004886945, "E_MC": 6.433161410842011, "J": -7.063819792846392}, "datetime": {"datetime": "2024-05-07 23:00:20", "elapsed": 23.35828, "delta": 12.666395}}
{"target": -36.37629466939153, "params": {"E_EA": 111.61065890866833, "E_MC": 22.949698657775873, "J": -6.428176157913143}, "datetime": {"datetime": "2024-05-07 23:00:28", "elapsed": 30.961345, "delta": 7.603065}}
{"target": -2.1714950915863986, "params": {"E_EA": 70.92027198801449, "E_MC": 11.174202465881818, "J": -0.24007917818298097}, "datetime": {"datetime": "2024-05-07 23:00:43", "elapsed": 45.775625, "delta": 14.81428}}
{"target": -1.4432812265545099, "params": {"E_EA": 80.12193478453545, "E_MC": 9.549227380175243, "J": -4.159761120006378}, "datetime": {"datetime": "2024-05-07 23:00:59", "elapsed": 62.458615, "delta": 16.68299}}
{"target": -2.0979660435909278, "params": {"E_EA": 64.35215251204309, "E_MC": 10.453233175165503, "J": 0.23549748380091629}, "datetime": {"datetime": "2024-05-07 23:01:12", "elapsed": 75.191541, "delta": 12.732926}}
{"target": -1.1149614539179091, "params": {"E_EA": 83.2955381329622, "E_MC": 8.25626874956383, "J": -5.882627337525715}, "datetime": {"datetime": "2024-05-07 23:01:20", "elapsed": 82.610796, "delta": 7.419255}}
{"target": -74.5294398899749, "params": {"E_EA": 88.02941918058889, "E_MC": 30.0, "J": 2.629926250165778}, "datetime": {"datetime": "2024-05-07 23:01:33", "elapsed": 0.0, "delta": 0.0}}
{"target": -6.832129242931831, "params": {"E_EA": 70.72462336906632, "E_MC": 9.850369527827208, "J": -0.8986409761400829}, "datetime": {"datetime": "2024-05-07 23:01:34", "elapsed": 96.976438, "delta": 14.365642}}
{"target": -8.821463395067246, "params": {"E_EA": 64.51120438288882, "E_MC": 12.5761449503984, "J": 1.3723585555974438}, "datetime": {"datetime": "2024-05-07 23:01:44", "elapsed": 107.059942, "delta": 10.083504}}
{"target": -100.0, "params": {"E_EA": 70.03776853409244, "E_MC": 10.43073233096634, "J": 19.63243663665289}, "datetime": {"datetime": "2024-05-07 23:01:46", "elapsed": 13.317399, "delta": 13.317399}}
{"target": -100.0, "params": {"E_EA": 141.33944788967614, "E_MC": 3.0348045250305513, "J": 19.694608865563907}, "datetime": {"datetime": "2024-05-07 23:02:00", "elapsed": 26.495664, "delta": 13.178265}}
{"target": -100.0, "params": {"E_EA": 99.72448263175204, "E_MC": 30.0, "J": -12.97987944543348}, "datetime": {"datetime": "2024-05-07 23:02:25", "elapsed": 52.234013, "delta": 25.738349}}
{"target": -100.0, "params": {"E_EA": 26.56726801795891, "E_MC": 29.99103825489808, "J": -10.141844800022435}, "datetime": {"datetime": "2024-05-07 23:03:10", "elapsed": 97.23545, "delta": 45.001437}}
