{"target": -2.2255323124140736, "params": {"E_EA": 81.75121472877072, "E_MC": 3.6080513059955543, "J": -8.998297260909371}, "datetime": {"datetime": "2024-05-07 22:16:08", "elapsed": 10.637817, "delta": 5.636684}}
{"target": -1.3418343482570143, "params": {"E_EA": 70.44667718303495, "E_MC": 10.895543564470177, "J": -0.8483782437269696}, "datetime": {"datetime": "2024-05-07 22:16:15", "elapsed": 17.298827, "delta": 6.66101}}
{"target": -2.3973485066464466, "params": {"E_EA": 68.12605012186971, "E_MC": 11.25729349110517, "J": -0.10991938006722196}, "datetime": {"datetime": "2024-05-07 22:16:24", "elapsed": 26.382615, "delta": 9.083788}}
{"target": -6.598198042417421, "params": {"E_EA": 121.28243204984727, "E_MC": 5.746017349239411, "J": -18.296304071063787}, "datetime": {"datetime": "2024-05-07 22:16:35", "elapsed": 37.206489, "delta": 10.823874}}
{"target": -4.695917122771753, "params": {"E_EA": 82.5859919662874, "E_MC": 5.243029450648471, "J": -7.599015511003495}, "datetime": {"datetime": "2024-05-07 22:16:43", "elapsed": 45.212983, "delta": 8.006494}}
{"target": -4.163338789044771, "params": {"E_EA": 70.70007165265949, "E_MC": 10.603156356627363, "J": -0.39293025418590943}, "datetime": {"datetime": "2024-05-07 22:16:50", "elapsed": 52.11892, "delta": 6.905937}}
{"target": -71.35768070178108, "params": {"E_EA": 149.93406410021947, "E_MC": 29.546869356382167, "J": -2.6722472383692946}, "datetime": {"datetime": "2024-05-07 22:16:56", "elapsed": 58.674926, "delta": 6.556006}}
{"target": -8.776900513193917, "params": {"E_EA": 81.48000015390429, "E_MC": 6.917552225665357, "J": -5.831591429795688}, "datetime": {"datetime": "2024-05-07 22:17:12", "elapsed": 0.0, "delta": 0.0}}
{"target": -2.5366097188570893, "params": {"E_EA": 82.18174096884385, "E_MC": 9.094074284836221, "J": -4.6894071269231965}, "datetime": {"datetime": "2024-05-07 22:17:19", "elapsed": 6.608769, "delta": 6.608769}}
{"target": -10.507484599435568, "params": {"E_EA": 71.38109335622468, "E_MC": 21.242961855943154, "J": 6.688954673457928}, "datetime": {"datetime": "2024-05-07 22:17:25", "elapsed": 12.185185, "delta": 5.576416}}
{"target": -2.586851233205911, "params": {"E_EA": 65.99667362057333, "E_MC": 9.45417946687344, "J": -0.19191654464462668}, "datetime": {"datetime": "2024-05-07 22:17:31", "elapsed": 18.624617, "delta": 6.439432}}
{"target": -1.1727451514433753, "params": {"E_EA": 87.53146800465143, "E_MC": 3.694360439580709, "J": -10.52115973954644}, "datetime": {"datetime": "2024-05-07 22:17:41", "elapsed": 28.730161, "delta": 10.105544}}
{"target": -12.103715637213815, "params": {"E_EA": 81.11719539545237, "E_MC": 3.740203664564217, "J": -9.981043926038517}, "datetime": {"datetime": "2024-05-07 22:17:49", "elapsed": 36.37143, "delta": 7.641269}}
{"target": -1.4308881793059045, "params": {"E_EA": 65.56426200172348, "E_MC": 9.710631971982721, "J": 0.03102151026343236}, "datetime": {"datetime": "2024-05-07 22:17:55", "elapsed": 42.433258, "delta": 6.061828}}
{"target": -1.1937816861623654, "params": {"E_EA": 87.83390553278106, "E_MC": 3.9481479772526717, "J": -10.348343682502508}, "datetime": {"datetime": "2024-05-07 22:18:02", "elapsed": 49.964507, "delta": 7.531249}}
{"target": -1.2044065628542664, "params": {"E_EA": 80.07788149732899, "E_MC": 5.031474146423007, "J": -7.778636279054814}, "datetime": {"datetime": "2024-05-07 22:18:08", "elapsed": 56.037095, "delta": 6.072588}}
{"target": -6.584590851129169, "params": {"E_EA": 121.16597981503834, "E_MC": 6.607784028327943, "J": -17.494091155908507}, "datetime": {"datetime": "2024-05-07 22:18:13", "elapsed": 0.0, "delta": 0.0}}
{"target": -2.4950157069088856, "params": {"E_EA": 68.49302043589097, "E_MC": 9.064664269016097, "J": -1.9571358129911829}, "datetime": {"datetime": "2024-05-07 22:18:14", "elapsed": 61.6888, "delta": 5.651705}}
{"target": -4.392806450879563, "params": {"E_EA": 131.32513734311004, "E_MC": 6.4688009440395176, "J": -19.77593063141818}, "datetime": {"datetime": "2024-05-07 22:18:19", "elapsed": 6.176477, "delta": 6.176477}}
{"target": -20.077748890786467, "params": {"E_EA": 123.97447180625346, "E_MC": 11.72292774190788, "J": -15.636461755867078}, "datetime": {"datetime": "2024-05-07 22:18:23", "elapsed": 10.057833, "delta": 3.881356}}
{"target": -2.1438473789930876, "params": {"E_EA": 65.51443113490949, "E_MC": 10.207567927532168, "J": -0.21981970674335116}, "datetime": {"datetime": "2024-05-07 22:18:40", "elapsed": 26.684852, "delta": 16.627019}}
{"target": -2.1834700859107423, "params": {"E_EA": 91.17477002107253, "E_MC": 5.375267171563385, "J": -9.879076348064174}, "datetime": {"datetime": "2024-05-07 22:18:48", "elapsed": 35.282084, "delta": 8.597232}}
{"target": -2.4289721339041552, "params": {"E_EA": 82.96440690851844, "E_MC": 7.158416697126439, "J": -7.0732805001703944}, "datetime": {"datetime": "2024-05-07 22:18:55", "elapsed": 41.651567, "delta": 6.369483}}
{"target": -1.5760095958039568, "params": {"E_EA": 82.17230149735374, "E_MC": 9.459926047257511, "J": -4.696637610465263}, "datetime": {"datetime": "2024-05-07 22:19:03", "elapsed": 50.061589, "delta": 8.410022}}
{"target": -3.703465068835807, "params": {"E_EA": 121.25932033888539, "E_MC": 6.172155835101393, "J": -17.451121975552603}, "datetime": {"datetime": "2024-05-07 22:19:10", "elapsed": 57.304415, "delta": 7.242826}}
{"target": -4.719345721991755, "params": {"E_EA": 129.32246136779233, "E_MC": 5.159619954634156, "J": -19.42286580888881}, "datetime": {"datetime": "2024-05-07 22:19:10", "elapsed": 0.0, "delta": 0.0}}
{"target": -0.6572673460026018, "params": {"E_EA": 70.48196511161639, "E_MC": 10.34775031232815, "J": -0.9503231867917314}, "datetime": {"datetime": "2024-05-07 22:19:17", "elapsed": 64.487527, "delta": 7.183112}}
{"target": -5.4632319183347695, "params": {"E_EA": 121.2326799139429, "E_MC": 3.8333328907064717, "J": -19.648333673064677}, "datetime": {"datetime": "2024-05-07 22:19:18", "elapsed": 7.669211, "delta": 7.669211}}
{"target": -100.0, "params": {"E_EA": 42.40141004602829, "E_MC": 17.149693255924213, "J": -14.971742320335096}, "datetime": {"datetime": "2024-05-07 22:19:24", "elapsed": 13.777331, "delta": 6.10812}}
{"target": -1.3660939873213847, "params": {"E_EA": 79.02064505724925, "E_MC": 9.86342322181479, "J": -3.5213752735755754}, "datetime": {"datetime": "2024-05-07 22:19:25", "elapsed": 71.833304, "delta": 7.345777}}
{"target": -1.0511431537593363, "params": {"E_EA": 83.8932666239715, "E_MC": 6.600372684784292, "J": -7.216619402850814}, "datetime": {"datetime": "2024-05-07 22:19:34", "elapsed": 23.175313, "delta": 9.397982}}
{"target": -2.8593713245139054, "params": {"E_EA": 87.40743243169403, "E_MC": 3.5539082675706317, "J": -11.05760989492988}, "datetime": {"datetime": "2024-05-07 22:19:40", "elapsed": 29.438403, "delta": 6.26309}}
{"target": -9.354562117666278, "params": {"E_EA": 81.34318528346705, "E_MC": 5.817710626599378, "J": -8.33888183681787}, "datetime": {"datetime": "2024-05-07 22:19:48", "elapsed": 37.233787, "delta": 7.795384}}
{"target": -1.2382010138330768, "params": {"E_EA": 80.14465994396141, "E_MC": 8.80744178891481, "J": -4.850584387009761}, "datetime": {"datetime": "2024-05-07 22:19:57", "elapsed": 46.27313, "delta": 9.039343}}
{"target": -2.6614575434324337, "params": {"E_EA": 122.43990729728796, "E_MC": 4.774455422049355, "J": -18.259703570221703}, "datetime": {"datetime": "2024-05-07 22:20:04", "elapsed": 53.600863, "delta": 7.327733}}
{"target": -5.225011734520979, "params": {"E_EA": 64.09519200856207, "E_MC": 11.484934514414533, "J": 0.8713904000556099}, "datetime": {"datetime": "2024-05-07 22:20:11", "elapsed": 61.073873, "delta": 7.47301}}
{"target": -5.812584151576634, "params": {"E_EA": 73.48595381884182, "E_MC": 11.575483195488697, "J": -0.36889267394315745}, "datetime": {"datetime": "2024-05-07 22:20:16", "elapsed": 66.088007, "delta": 5.014134}}
{"target": -2.4546380573652287, "params": {"E_EA": 80.99941101356117, "E_MC": 7.066472353307896, "J": -5.899398731937989}, "datetime": {"datetime": "2024-05-07 22:20:34", "elapsed": 0.0, "delta": 0.0}}
{"target": -8.390633273454837, "params": {"E_EA": 65.00591183123339, "E_MC": 9.958246562471675, "J": -0.6793339092423949}, "datetime": {"datetime": "2024-05-07 22:20:43", "elapsed": 8.90051, "delta": 8.90051}}
{"target": -8.381820362257201, "params": {"E_EA": 83.48605839129144, "E_MC": 7.743659410021747, "J": -7.202319157581133}, "datetime": {"datetime": "2024-05-07 22:20:53", "elapsed": 19.358084, "delta": 10.457574}}
{"target": -1.4821010022470225, "params": {"E_EA": 64.00563852667932, "E_MC": 11.252787720040763, "J": 1.5440332246459612}, "datetime": {"datetime": "2024-05-07 22:21:00", "elapsed": 26.351476, "delta": 6.993392}}
{"target": -2.182156699861003, "params": {"E_EA": 74.53382527898322, "E_MC": 12.670191836187419, "J": -0.2956938714019195}, "datetime": {"datetime": "2024-05-07 22:21:08", "elapsed": 34.51086, "delta": 8.159384}}
{"target": -1.072578320670193, "params": {"E_EA": 70.93459993748681, "E_MC": 10.581491810883268, "J": -0.8562259993373578}, "datetime": {"datetime": "2024-05-07 22:21:17", "elapsed": 43.027164, "delta": 8.516304}}
{"target": -9.402165251557093, "params": {"E_EA": 87.19751031079952, "E_MC": 3.821334770329083, "J": -11.346056781353736}, "datetime": {"datetime": "2024-05-07 22:21:22", "elapsed": 0.0, "delta": 0.0}}
{"target": -13.634434205319685, "params": {"E_EA": 77.91970866198298, "E_MC": 9.840756977280417, "J": -4.473538004726807}, "datetime": {"datetime": "2024-05-07 22:21:25", "elapsed": 51.675856, "delta": 8.648692}}
{"target": -1.2389259045633185, "params": {"E_EA": 63.651241514634364, "E_MC": 11.58151106016086, "J": 1.4565975566949732}, "datetime": {"datetime": "2024-05-07 22:21:34", "elapsed": 60.211332, "delta": 8.535476}}
{"target": -7.263084713205991, "params": {"E_EA": 65.40281710186252, "E_MC": 9.97971701194605, "J": -0.712028333459326}, "datetime": {"datetime": "2024-05-07 22:21:37", "elapsed": 14.829992, "delta": 14.829992}}
{"target": -2.6759486137008475, "params": {"E_EA": 129.13091207012377, "E_MC": 5.491538369321173, "J": -19.606520776168452}, "datetime": {"datetime": "2024-05-07 22:21:44", "elapsed": 69.924992, "delta": 9.71366}}
{"target": -9.111726985464804, "params": {"E_EA": 97.22860592172661, "E_MC": 17.129036296989455, "J": -2.727603587407151}, "datetime": {"datetime": "2024-05-07 22:21:47", "elapsed": 25.216713, "delta": 10.386721}}
{"target": -1.6216885799523306, "params": {"E_EA": 81.86898043750247, "E_MC": 9.674450458363825, "J": -4.682069878295607}, "datetime": {"datetime": "2024-05-07 22:21:54", "elapsed": 80.699075, "delta": 10.774083}}
{"target": -0.8539273190095582, "params": {"E_EA": 80.60115636631866, "E_MC": 5.295941583388595, "J": -7.667657671654284}, "datetime": {"datetime": "2024-05-07 22:21:56", "elapsed": 33.35787, "delta": 8.141157}}
{"target": -100.0, "params": {"E_EA": 58.41372305027889, "E_MC": 26.49621705621724, "J": 3.277728904297028}, "datetime": {"datetime": "2024-05-07 22:22:02", "elapsed": 39.812455, "delta": 6.454585}}
{"target": -1.8750571876380182, "params": {"E_EA": 87.89434066472211, "E_MC": 3.4603730680124873, "J": -11.076721823165364}, "datetime": {"datetime": "2024-05-07 22:22:11", "elapsed": 48.691163, "delta": 8.878708}}
{"target": -6.210932572612523, "params": {"E_EA": 66.19997993998344, "E_MC": 10.301799348025774, "J": -0.6259129866509952}, "datetime": {"datetime": "2024-05-07 22:22:22", "elapsed": 60.197484, "delta": 11.506321}}
{"target": -2.439820643316452, "params": {"E_EA": 122.47657309623425, "E_MC": 5.223375903393183, "J": -18.213410631324287}, "datetime": {"datetime": "2024-05-07 22:22:35", "elapsed": 73.152338, "delta": 12.954854}}
{"target": -6.257158150221359, "params": {"E_EA": 74.83904672738812, "E_MC": 12.61000947244081, "J": -1.2078739860262004}, "datetime": {"datetime": "2024-05-07 22:22:43", "elapsed": 80.686123, "delta": 7.533785}}
{"target": -17.286591311772696, "params": {"E_EA": 65.30361227860874, "E_MC": 10.470780568739526, "J": -0.7788172885264828}, "datetime": {"datetime": "2024-05-07 22:22:49", "elapsed": 0.0, "delta": 0.0}}
{"target": -5.351393572115382, "params": {"E_EA": 65.72806674851145, "E_MC": 9.086126539415782, "J": -0.2617350415355979}, "datetime": {"datetime": "2024-05-07 22:22:50", "elapsed": 87.793667, "delta": 7.107544}}
{"target": -13.393860920448695, "params": {"E_EA": 83.69257058682078, "E_MC": 6.370947718186829, "J": -6.660991226785885}, "datetime": {"datetime": "2024-05-07 22:22:55", "elapsed": 5.901516, "delta": 5.901516}}
{"target": -7.352140215926753, "params": {"E_EA": 80.99071735897381, "E_MC": 3.2625082917661348, "J": -9.998062562599298}, "datetime": {"datetime": "2024-05-07 22:23:03", "elapsed": 13.885776, "delta": 7.98426}}
{"target": -15.54227986681747, "params": {"E_EA": 82.81219393250714, "E_MC": 7.766544587289801, "J": -7.57339926139046}, "datetime": {"datetime": "2024-05-07 22:23:13", "elapsed": 23.511061, "delta": 9.625285}}
{"target": -6.510578534214203, "params": {"E_EA": 87.85852663992733, "E_MC": 4.2581636280930635, "J": -11.046725774869351}, "datetime": {"datetime": "2024-05-07 22:23:20", "elapsed": 30.622912, "delta": 7.111851}}
{"target": -24.50039209133966, "params": {"E_EA": 132.21295444559982, "E_MC": 28.771918653089866, "J": -4.188538358924795}, "datetime": {"datetime": "2024-05-07 22:23:26", "elapsed": 36.143095, "delta": 5.520183}}
{"target": -100.0, "params": {"E_EA": 143.62234446352358, "E_MC": 24.058400520911345, "J": 14.376991758361918}, "datetime": {"datetime": "2024-05-07 22:23:29", "elapsed": 39.26227, "delta": 3.119175}}
{"target": -2.1808759779362785, "params": {"E_EA": 81.1089927595107, "E_MC": 5.0023733319248205, "J": -8.271502424824844}, "datetime": {"datetime": "2024-05-07 22:23:36", "elapsed": 46.861209, "delta": 7.598939}}
{"target": -3.318471158577341, "params": {"E_EA": 70.94231157068006, "E_MC": 10.752653773217439, "J": -1.332181037998641}, "datetime": {"datetime": "2024-05-07 22:23:44", "elapsed": 54.839003, "delta": 7.977794}}
{"target": -100.0, "params": {"E_EA": 131.68265866729547, "E_MC": 16.370615058717103, "J": 11.638970160598188}, "datetime": {"datetime": "2024-05-07 22:23:48", "elapsed": 58.180336, "delta": 3.341333}}
{"target": -10.041254936533804, "params": {"E_EA": 133.90689794175051, "E_MC": 12.285772189249904, "J": -16.343115006261854}, "datetime": {"datetime": "2024-05-07 22:24:11", "elapsed": 0.0, "delta": 0.0}}
{"target": -0.7674129154099236, "params": {"E_EA": 82.76637839451, "E_MC": 5.740186735052076, "J": -7.73626389480382}, "datetime": {"datetime": "2024-05-07 22:24:17", "elapsed": 6.914906, "delta": 6.914906}}
{"target": -10.910069471240616, "params": {"E_EA": 65.76351231958026, "E_MC": 10.543163255084584, "J": -0.629354430452949}, "datetime": {"datetime": "2024-05-07 22:24:28", "elapsed": 17.822904, "delta": 10.907998}}
{"target": -1.8478056948117803, "params": {"E_EA": 80.66336208236821, "E_MC": 4.843157120264819, "J": -7.693455659892713}, "datetime": {"datetime": "2024-05-07 22:24:36", "elapsed": 25.04012, "delta": 7.217216}}
{"target": -0.7907952085039123, "params": {"E_EA": 82.12806799763027, "E_MC": 5.087724566084151, "J": -8.145539850515728}, "datetime": {"datetime": "2024-05-07 22:24:49", "elapsed": 38.598264, "delta": 13.558144}}
{"target": -3.062312724890193, "params": {"E_EA": 121.71168673543698, "E_MC": 5.390705049294809, "J": -17.485074478901037}, "datetime": {"datetime": "2024-05-07 22:24:56", "elapsed": 45.939697, "delta": 7.341433}}
{"target": -1.4269705302648297, "params": {"E_EA": 83.89545489762793, "E_MC": 7.534158923331111, "J": -6.825372715057503}, "datetime": {"datetime": "2024-05-07 22:25:06", "elapsed": 55.299113, "delta": 9.359416}}
{"target": -5.9479206988759605, "params": {"E_EA": 125.30039507277547, "E_MC": 6.453380742045799, "J": -17.18938522032902}, "datetime": {"datetime": "2024-05-07 22:25:12", "elapsed": 61.034658, "delta": 5.735545}}
{"target": -5.291059136462422, "params": {"E_EA": 82.02566705808161, "E_MC": 3.3027010789805944, "J": -9.055754164910464}, "datetime": {"datetime": "2024-05-07 22:25:19", "elapsed": 68.34283, "delta": 7.308172}}
{"target": -3.6857234904031655, "params": {"E_EA": 92.51781674869424, "E_MC": 10.100461531388223, "J": -7.075878309167889}, "datetime": {"datetime": "2024-05-07 22:25:26", "elapsed": 75.759193, "delta": 7.416363}}
{"target": -2.4171916434210265, "params": {"E_EA": 79.80382507730964, "E_MC": 5.421503801546691, "J": -7.639639776309558}, "datetime": {"datetime": "2024-05-07 22:25:34", "elapsed": 0.0, "delta": 0.0}}
{"target": -65.88701381525352, "params": {"E_EA": 75.77980289044291, "E_MC": 6.8883058518497435, "J": -9.744294081190144}, "datetime": {"datetime": "2024-05-07 22:25:40", "elapsed": 6.421039, "delta": 6.421039}}
{"target": -2.0945990741290914, "params": {"E_EA": 72.84149251233148, "E_MC": 12.008431898406437, "J": -0.22837834182574923}, "datetime": {"datetime": "2024-05-07 22:25:50", "elapsed": 16.026583, "delta": 9.605544}}
{"target": -6.640296793172786, "params": {"E_EA": 135.2157895873135, "E_MC": 10.469368777928274, "J": -16.93125354956061}, "datetime": {"datetime": "2024-05-07 22:25:58", "elapsed": 23.928639, "delta": 7.902056}}
{"target": -3.078641784243813, "params": {"E_EA": 82.32709481256381, "E_MC": 9.434958734279466, "J": -5.196609544956722}, "datetime": {"datetime": "2024-05-07 22:26:05", "elapsed": 30.83018, "delta": 6.901541}}
{"target": -2.601970945502252, "params": {"E_EA": 69.85032487482545, "E_MC": 10.3900285350473, "J": -1.2935878233431382}, "datetime": {"datetime": "2024-05-07 22:26:11", "elapsed": 37.094019, "delta": 6.263839}}
{"target": -100.0, "params": {"E_EA": 51.32621565725738, "E_MC": 20.084818320515044, "J": -2.7209066518180194}, "datetime": {"datetime": "2024-05-07 22:26:18", "elapsed": 43.944971, "delta": 6.850952}}
{"target": -1.0570921627335361, "params": {"E_EA": 68.0887760163578, "E_MC": 11.592729658329745, "J": 0.38861582477640866}, "datetime": {"datetime": "2024-05-07 22:26:30", "elapsed": 55.854258, "delta": 11.909287}}
{"target": -5.850885733606261, "params": {"E_EA": 121.36471966913291, "E_MC": 6.129194364445855, "J": -17.903521700838795}, "datetime": {"datetime": "2024-05-07 22:26:41", "elapsed": 67.266817, "delta": 11.412559}}
{"target": -5.3970259303340224, "params": {"E_EA": 82.27431763491323, "E_MC": 6.016458936747419, "J": -8.071998085255752}, "datetime": {"datetime": "2024-05-07 22:26:52", "elapsed": 77.928435, "delta": 10.661618}}
{"target": -5.077459725680749, "params": {"E_EA": 70.37295209055088, "E_MC": 10.906201899845637, "J": -1.2530824462626775}, "datetime": {"datetime": "2024-05-07 22:26:54", "elapsed": 0.0, "delta": 0.0}}
{"target": -100.0, "params": {"E_EA": 121.28487991054392, "E_MC": 11.296174026412135, "J": 3.085865269637459}, "datetime": {"datetime": "2024-05-07 22:26:56", "elapsed": 2.411964, "delta": 2.411964}}
{"target": -7.7979444608967565, "params": {"E_EA": 92.17904133589212, "E_MC": 10.696072574046205, "J": -7.143056805120862}, "datetime": {"datetime": "2024-05-07 22:27:03", "elapsed": 9.122527, "delta": 6.710563}}
{"target": -6.95296076821194, "params": {"E_EA": 81.4608076434416, "E_MC": 5.141726492074268, "J": -8.68083437038643}, "datetime": {"datetime": "2024-05-07 22:27:11", "elapsed": 17.030505, "delta": 7.907978}}
{"target": -8.271517088176019, "params": {"E_EA": 92.33212593855293, "E_MC": 10.502428795669077, "J": -7.562303927374433}, "datetime": {"datetime": "2024-05-07 22:27:17", "elapsed": 23.349532, "delta": 6.319027}}
{"target": -5.7808366693555495, "params": {"E_EA": 74.85127178896046, "E_MC": 12.561033838478032, "J": 0.039537011616861406}, "datetime": {"datetime": "2024-05-07 22:27:24", "elapsed": 29.990127, "delta": 6.640595}}
{"target": -100.0, "params": {"E_EA": 75.92916479194794, "E_MC": 29.087995318766, "J": -11.817903090606134}, "datetime": {"datetime": "2024-05-07 22:27:31", "elapsed": 37.33712, "delta": 7.346993}}
{"target": -3.2586916235435677, "params": {"E_EA": 131.1615318680225, "E_MC": 6.008378998428999, "J": -19.963688792083538}, "datetime": {"datetime": "2024-05-07 22:27:39", "elapsed": 45.632536, "delta": 8.295416}}
{"target": -5.57832938812573, "params": {"E_EA": 92.58990676278519, "E_MC": 9.845464816381579, "J": -7.5685103974346255}, "datetime": {"datetime": "2024-05-07 22:27:46", "elapsed": 51.854227, "delta": 6.221691}}
{"target": -0.7563830930110558, "params": {"E_EA": 83.24185135696098, "E_MC": 6.337608719864527, "J": -7.4761289426690425}, "datetime": {"datetime": "2024-05-07 22:27:52", "elapsed": 58.702383, "delta": 6.848156}}
{"target": -5.4750998062665515, "params": {"E_EA": 84.13574702962276, "E_MC": 6.775921987581858, "J": -6.684338542558542}, "datetime": {"datetime": "2024-05-07 22:28:22", "elapsed": 0.0, "delta": 0.0}}
{"target": -1.0321538094609795, "params": {"E_EA": 87.82330409131052, "E_MC": 3.8379028451604458, "J": -10.662279034201777}, "datetime": {"datetime": "2024-05-07 22:28:30", "elapsed": 7.765523, "delta": 7.765523}}
{"target": -0.5090767125496561, "params": {"E_EA": 63.538323151564406, "E_MC": 10.890701907128111, "J": 1.145932016510809}, "datetime": {"datetime": "2024-05-07 22:28:39", "elapsed": 16.794531, "delta": 9.029008}}
{"target": -12.836488933857819, "params": {"E_EA": 70.43780222958155, "E_MC": 10.15985644119499, "J": -0.3234439998308112}, "datetime": {"datetime": "2024-05-07 22:28:50", "elapsed": 27.461956, "delta": 10.667425}}
{"target": -0.8051066861860634, "params": {"E_EA": 81.66988190913048, "E_MC": 5.735157769106901, "J": -7.599581503223254}, "datetime": {"datetime": "2024-05-07 22:28:55", "elapsed": 33.117764, "delta": 5.655808}}
{"target": -0.6533403551003851, "params": {"E_EA": 67.77424596574139, "E_MC": 11.218100953363448, "J": 0.29025836484409173}, "datetime": {"datetime": "2024-05-07 22:29:04", "elapsed": 42.297587, "delta": 9.179823}}
{"target": -6.934148569478863, "params": {"E_EA": 66.59022636291664, "E_MC": 9.221634952257341, "J": -0.26113991981928564}, "datetime": {"datetime": "2024-05-07 22:29:10", "elapsed": 48.336346, "delta": 6.038759}}
