{"target": 30.413352809657415, "params": {"frequency_log": 2.0, "gradient": 0.1, "magnitude": 0.0002, "magnitude_min": -0.00035}, "datetime": {"datetime": "2024-04-03 15:57:10", "elapsed": 0.0, "delta": 0.0}}
{"target": 56.15425084000193, "params": {"frequency_log": 3.251066014107722, "gradient": 0.21609734803264743, "magnitude": 8.006237214142064e-08, "magnitude_min": -0.0004883671991577122}, "datetime": {"datetime": "2024-04-03 15:57:22", "elapsed": 12.764574, "delta": 12.764574}}
{"target": 56.5981002953222, "params": {"frequency_log": 2.440267672451339, "gradient": 0.027701578430639338, "magnitude": 0.00013038214796436964, "magnitude_min": -0.00045810749106986654}, "datetime": {"datetime": "2024-04-03 15:57:44", "elapsed": 34.041979, "delta": 21.277405}}
{"target": 29.543625346736093, "params": {"frequency_log": 3.19030242269201, "gradient": 0.16164502020100707, "magnitude": 0.00029343616008230635, "magnitude_min": -0.00022034634972226835}, "datetime": {"datetime": "2024-04-03 15:58:01", "elapsed": 51.111049, "delta": 17.06907}}
{"target": 27.413062195424406, "params": {"frequency_log": 2.613356749194552, "gradient": 0.2634352309172836, "magnitude": 1.9171315238548315e-05, "magnitude_min": -0.00023067274287511842}, "datetime": {"datetime": "2024-04-03 15:58:42", "elapsed": 92.447223, "delta": 41.336174}}
{"target": 49.96753023674764, "params": {"frequency_log": 3.251914407101381, "gradient": 0.16760694853372549, "magnitude": 9.827085701666364e-05, "magnitude_min": -0.0005613289576405848}, "datetime": {"datetime": "2024-04-03 15:58:58", "elapsed": 108.88814, "delta": 16.440917}}
{"target": 57.861657111777234, "params": {"frequency_log": 3.2902184185285166, "gradient": 0.20342621482663142, "magnitude": 0.0, "magnitude_min": -0.0007}, "datetime": {"datetime": "2024-04-03 16:01:49", "elapsed": 0.0, "delta": 0.0}}
{"target": 32.19692077073954, "params": {"frequency_log": 3.2862135215449664, "gradient": 0.20839931424499578, "magnitude": 0.00024056499335083087, "magnitude_min": -9.4975605318582e-05}, "datetime": {"datetime": "2024-04-03 16:02:00", "elapsed": 11.335326, "delta": 11.335326}}
{"target": 20.037140668695354, "params": {"frequency_log": 3.8701570588357623, "gradient": 0.06696736098041242, "magnitude": 0.0006713662529162275, "magnitude_min": -0.0001367204895209997}, "datetime": {"datetime": "2024-04-03 16:02:12", "elapsed": 22.433828, "delta": 11.098502}}
{"target": 20.05895549641182, "params": {"frequency_log": 2.0636188209578865, "gradient": 0.24236437188801635, "magnitude": 0.0006753988787722318, "magnitude_min": -0.00020854888092948314}, "datetime": {"datetime": "2024-04-03 16:03:06", "elapsed": 76.456135, "delta": 54.022307}}
{"target": 26.845936258778327, "params": {"frequency_log": 3.0932575747022857, "gradient": 0.006719433340067848, "magnitude": 0.00010669004233772452, "magnitude_min": -1.9934933282947983e-05}, "datetime": {"datetime": "2024-04-03 16:03:11", "elapsed": 82.225849, "delta": 5.769714}}
{"target": 27.35774418810913, "params": {"frequency_log": 4.98590062390559, "gradient": 0.09755175176481339, "magnitude": 0.0005718061880925927, "magnitude_min": -0.0006687562299452875}, "datetime": {"datetime": "2024-04-03 16:03:45", "elapsed": 115.638566, "delta": 33.412717}}
{"target": 38.229264768835804, "params": {"frequency_log": 4.943693881935696, "gradient": 0.08112519854432167, "magnitude": 0.0005661495126488377, "magnitude_min": -0.00038740846750982}, "datetime": {"datetime": "2024-04-03 16:04:10", "elapsed": 141.35031, "delta": 25.711744}}
{"target": 35.23808838269936, "params": {"frequency_log": 2.974627284197036, "gradient": 0.1907344248557382, "magnitude": 0.00028035357655264244, "magnitude_min": -0.0001739116400597769}, "datetime": {"datetime": "2024-04-03 16:04:34", "elapsed": 165.253337, "delta": 23.903027}}
{"target": 27.66188945238065, "params": {"frequency_log": 2.917733662011333, "gradient": 0.20299599120390802, "magnitude": 0.0003859672097924863, "magnitude_min": -0.0004788996325020018}, "datetime": {"datetime": "2024-04-03 16:05:11", "elapsed": 202.001221, "delta": 36.747884}}
{"target": 57.39082969483394, "params": {"frequency_log": 3.191553592461858, "gradient": 0.05825336892575787, "magnitude": 3.699918387580985e-05, "magnitude_min": -0.00045853357817194197}, "datetime": {"datetime": "2024-04-03 16:05:27", "elapsed": 218.114215, "delta": 16.112994}}
{"target": 34.68702405797499, "params": {"frequency_log": 2.028390956475857, "gradient": 0.16506127003732135, "magnitude": 0.00011339179341470655, "magnitude_min": -0.00036554056057928815}, "datetime": {"datetime": "2024-04-03 16:06:10", "elapsed": 261.017775, "delta": 42.90356}}
{"target": 35.80169131170795, "params": {"frequency_log": 2.9970579957890715, "gradient": 0.1454377519540884, "magnitude": 0.0002917784160818304, "magnitude_min": -0.000125418804589282}, "datetime": {"datetime": "2024-04-03 16:06:26", "elapsed": 276.754034, "delta": 15.736259}}
{"target": 34.916596594771754, "params": {"frequency_log": 2.702171222603207, "gradient": 0.13410055670361823, "magnitude": 0.0003850767991317916, "magnitude_min": -3.5572118801792505e-05}, "datetime": {"datetime": "2024-04-03 16:06:40", "elapsed": 291.339396, "delta": 14.585362}}
{"target": 34.32262682493139, "params": {"frequency_log": 2.3536131895492165, "gradient": 0.1651593287330035, "magnitude": 0.00034402559832147746, "magnitude_min": -0.0005978276074198323}, "datetime": {"datetime": "2024-04-03 16:07:16", "elapsed": 326.457774, "delta": 35.118378}}
{"target": 26.237692083175702, "params": {"frequency_log": 2.7881606260490273, "gradient": 0.006550156593460077, "magnitude": 0.0001172288620378674, "magnitude_min": -0.000250860420704965}, "datetime": {"datetime": "2024-04-03 16:07:32", "elapsed": 342.760454, "delta": 16.30268}}
{"target": 41.245533303850216, "params": {"frequency_log": 2.588243899289827, "gradient": 0.12011073395740138, "magnitude": 0.0003607298984496744, "magnitude_min": -0.0006509397023508343}, "datetime": {"datetime": "2024-04-03 16:08:10", "elapsed": 381.070207, "delta": 38.309753}}
{"target": 29.160188683069414, "params": {"frequency_log": 2.542365559033146, "gradient": 0.08153138834837391, "magnitude": 0.0005624784323563651, "magnitude_min": -0.0002463730194846338}, "datetime": {"datetime": "2024-04-03 16:08:37", "elapsed": 408.004551, "delta": 26.934344}}
{"target": 25.77398631494328, "params": {"frequency_log": 2.4011389332363335, "gradient": 0.15235458257963105, "magnitude": 0.000622372325474782, "magnitude_min": -0.0003029851349081176}, "datetime": {"datetime": "2024-04-03 16:09:09", "elapsed": 439.816784, "delta": 31.812233}}
{"target": 28.995664025227004, "params": {"frequency_log": 2.454910416258749, "gradient": 0.06127923627297655, "magnitude": 0.00047073294869710077, "magnitude_min": -8.763169740648924e-05}, "datetime": {"datetime": "2024-04-03 16:09:28", "elapsed": 458.779272, "delta": 18.962488}}
{"target": 53.95810233526631, "params": {"frequency_log": 4.454125847035011, "gradient": 0.049058013623085636, "magnitude": 1.0523252249267512e-05, "magnitude_min": -0.0005873079039841687}, "datetime": {"datetime": "2024-04-03 16:09:37", "elapsed": 468.098476, "delta": 9.319204}}
{"target": 36.533045793628006, "params": {"frequency_log": 4.958029068313245, "gradient": 0.21249829196948436, "magnitude": 0.00040775914959107, "magnitude_min": -0.00017771290405760917}, "datetime": {"datetime": "2024-04-03 16:09:52", "elapsed": 482.986782, "delta": 14.888306}}
{"target": 55.43084132911902, "params": {"frequency_log": 4.696997099994606, "gradient": 0.13566583464224952, "magnitude": 0.0002794504052885328, "magnitude_min": -0.00048193025352913734}, "datetime": {"datetime": "2024-04-03 16:10:10", "elapsed": 501.160128, "delta": 18.173346}}
{"target": 35.74119629847286, "params": {"frequency_log": 4.105103243524165, "gradient": 0.11527074924764852, "magnitude": 0.00018785574549121329, "magnitude_min": -0.0003575716349042419}, "datetime": {"datetime": "2024-04-03 16:10:24", "elapsed": 515.138754, "delta": 13.978626}}
{"target": 24.343440976678455, "params": {"frequency_log": 4.982714852727483, "gradient": 0.07675249314516955, "magnitude": 0.00043304018222239406, "magnitude_min": -0.00044111360242713826}, "datetime": {"datetime": "2024-04-03 16:10:46", "elapsed": 536.421861, "delta": 21.283107}}
{"target": 24.606544071476858, "params": {"frequency_log": 4.553059733854639, "gradient": 0.2348868498175421, "magnitude": 0.000631533240194636, "magnitude_min": -0.000634627113883888}, "datetime": {"datetime": "2024-04-03 16:11:14", "elapsed": 565.394674, "delta": 28.972813}}
{"target": 46.00186281038127, "params": {"frequency_log": 3.1838706097188503, "gradient": 0.19459094351814418, "magnitude": 0.00010979080027701247, "magnitude_min": -0.0004078605511724741}, "datetime": {"datetime": "2024-04-03 16:11:32", "elapsed": 582.445267, "delta": 17.050593}}
{"target": 25.93679407421421, "params": {"frequency_log": 3.6177935797067824, "gradient": 0.11762182176699562, "magnitude": 0.0006560735256184651, "magnitude_min": -0.00040484325087090884}, "datetime": {"datetime": "2024-04-03 16:11:56", "elapsed": 607.236106, "delta": 24.790839}}
{"target": 24.535413611461532, "params": {"frequency_log": 3.4654970865550454, "gradient": 0.01925845221696244, "magnitude": 0.00023074571371637918, "magnitude_min": -0.0002518734231546636}, "datetime": {"datetime": "2024-04-03 16:12:09", "elapsed": 620.137575, "delta": 12.901469}}
{"target": 27.656496630199147, "params": {"frequency_log": 3.216608415630254, "gradient": 0.004190771790093706, "magnitude": 0.00028570543873284555, "magnitude_min": -0.00014849067673724072}, "datetime": {"datetime": "2024-04-03 16:12:23", "elapsed": 634.238634, "delta": 14.101059}}
{"target": 27.473300025894144, "params": {"frequency_log": 3.9651899550691025, "gradient": 0.06532520944345611, "magnitude": 0.0004918586071098892, "magnitude_min": -6.510162340920308e-05}, "datetime": {"datetime": "2024-04-03 16:12:34", "elapsed": 645.219524, "delta": 10.98089}}
{"target": 27.11130671087348, "params": {"frequency_log": 2.9041254129701617, "gradient": 0.18968481758547373, "magnitude": 0.0006250184160949681, "magnitude_min": -0.0003471162387347098}, "datetime": {"datetime": "2024-04-03 16:13:00", "elapsed": 670.714218, "delta": 25.494694}}
{"target": 24.93497440603876, "params": {"frequency_log": 4.220535019081495, "gradient": 0.2951663831946482, "magnitude": 0.0001122811780204308, "magnitude_min": -0.00018121434517014753}, "datetime": {"datetime": "2024-04-03 16:13:08", "elapsed": 679.256361, "delta": 8.542143}}
{"target": 30.607354554861793, "params": {"frequency_log": 3.0789933971189583, "gradient": 0.152082870814431, "magnitude": 0.0005073853845979102, "magnitude_min": -0.00033534851154514296}, "datetime": {"datetime": "2024-04-03 16:13:35", "elapsed": 706.070056, "delta": 26.813695}}
{"target": 33.117063263857034, "params": {"frequency_log": 3.4569552082533623, "gradient": 0.20651121422990357, "magnitude": 0.000453339168347752, "magnitude_min": -0.00013927611038405013}, "datetime": {"datetime": "2024-04-03 16:13:51", "elapsed": 722.090622, "delta": 16.020566}}
{"target": 33.30111155786653, "params": {"frequency_log": 4.7921065430613705, "gradient": 0.27374712328247786, "magnitude": 0.0005284599143645048, "magnitude_min": -0.00021745583603125217}, "datetime": {"datetime": "2024-04-03 16:14:08", "elapsed": 739.072276, "delta": 16.981654}}
{"target": 28.484314313385475, "params": {"frequency_log": 3.180053941821796, "gradient": 0.2833395499272721, "magnitude": 0.0005354575773167248, "magnitude_min": -0.00014963614323332567}, "datetime": {"datetime": "2024-04-03 16:14:30", "elapsed": 761.118141, "delta": 22.045865}}
{"target": 34.106852741841, "params": {"frequency_log": 3.0504572777082704, "gradient": 0.2828755527480434, "magnitude": 0.00026554308460338493, "magnitude_min": -0.0004974275079722076}, "datetime": {"datetime": "2024-04-03 16:15:07", "elapsed": 798.10942, "delta": 36.991279}}
{"target": 22.337998409798775, "params": {"frequency_log": 3.295549050388917, "gradient": 0.20365155869059928, "magnitude": 0.0006521658436808223, "magnitude_min": -0.00022707770866995877}, "datetime": {"datetime": "2024-04-03 16:15:30", "elapsed": 820.576254, "delta": 22.466834}}
{"target": 25.149116425740758, "params": {"frequency_log": 3.9348519458239095, "gradient": 0.037566230683765085, "magnitude": 0.0004756071312174332, "magnitude_min": -0.0005202095494640082}, "datetime": {"datetime": "2024-04-03 16:16:02", "elapsed": 852.759377, "delta": 32.183123}}
{"target": 26.0361415011519, "params": {"frequency_log": 3.2642357779189073, "gradient": 0.1254165584940634, "magnitude": 0.0005774527958424401, "magnitude_min": -0.0004494310478742687}, "datetime": {"datetime": "2024-04-03 16:16:32", "elapsed": 882.465668, "delta": 29.706291}}
{"target": 35.731822576495375, "params": {"frequency_log": 4.884400797698916, "gradient": 0.20459193457064911, "magnitude": 0.0004163531821109658, "magnitude_min": -0.0002141852195808434}, "datetime": {"datetime": "2024-04-03 16:16:48", "elapsed": 899.048714, "delta": 16.583046}}
{"target": 54.887763829676956, "params": {"frequency_log": 4.97095036909531, "gradient": 0.19321192799824025, "magnitude": 6.14671301228797e-05, "magnitude_min": -0.0006505668367532612}, "datetime": {"datetime": "2024-04-03 16:16:59", "elapsed": 910.015852, "delta": 10.967138}}
{"target": 31.4431729535013, "params": {"frequency_log": 3.2858425308321006, "gradient": 0.05262925289416946, "magnitude": 0.0002918517352815826, "magnitude_min": -0.00010406106846882286}, "datetime": {"datetime": "2024-04-03 16:17:13", "elapsed": 924.385279, "delta": 14.369427}}
{"target": 33.11487692822665, "params": {"frequency_log": 4.067294206258313, "gradient": 0.03535407250616363, "magnitude": 0.00038046201162399195, "magnitude_min": -0.0002103799785034598}, "datetime": {"datetime": "2024-04-03 16:17:30", "elapsed": 940.491221, "delta": 16.105942}}
{"target": 29.6450927624482, "params": {"frequency_log": 3.1404885397708435, "gradient": 0.2545187497000013, "magnitude": 0.00028765658028684945, "magnitude_min": -0.0004390134186962127}, "datetime": {"datetime": "2024-04-03 16:18:03", "elapsed": 973.618944, "delta": 33.127723}}
{"target": 31.528726926529085, "params": {"frequency_log": 4.338369153581661, "gradient": 0.27091346405082034, "magnitude": 0.00035868777021173673, "magnitude_min": -0.0004933368850581806}, "datetime": {"datetime": "2024-04-03 16:18:27", "elapsed": 997.895383, "delta": 24.276439}}
{"target": 60.51797725456742, "params": {"frequency_log": 3.9905688663437937, "gradient": 0.13734989102301282, "magnitude": 0.0002719226934534824, "magnitude_min": -0.000643242340820873}, "datetime": {"datetime": "2024-04-03 16:18:52", "elapsed": 1023.096518, "delta": 25.201135}}
{"target": 48.9683388842054, "params": {"frequency_log": 4.766345252828749, "gradient": 0.09166229546573725, "magnitude": 0.00037838544284336025, "magnitude_min": -0.0006188176835857734}, "datetime": {"datetime": "2024-04-03 16:19:22", "elapsed": 1052.533975, "delta": 29.437457}}
{"target": 24.138926856113983, "params": {"frequency_log": 2.859696038368549, "gradient": 0.031160133320007798, "magnitude": 0.0005974964847842251, "magnitude_min": -0.0006011932171494863}, "datetime": {"datetime": "2024-04-03 16:19:56", "elapsed": 1086.812308, "delta": 34.278333}}
{"target": 62.098775610558285, "params": {"frequency_log": 4.1594092276014365, "gradient": 0.08611122805962657, "magnitude": 0.00017219676203799025, "magnitude_min": -0.000576999656719257}, "datetime": {"datetime": "2024-04-03 16:20:12", "elapsed": 1102.478699, "delta": 15.666391}}
{"target": 59.63164248758493, "params": {"frequency_log": 4.817567674710645, "gradient": 0.29156747985379966, "magnitude": 0.00017372552739094188, "magnitude_min": -0.000603079574974452}, "datetime": {"datetime": "2024-04-03 16:20:27", "elapsed": 1117.956941, "delta": 15.478242}}
{"target": 26.289285130629473, "params": {"frequency_log": 3.6818667244783434, "gradient": 0.24475907286626267, "magnitude": 0.0004950552327173583, "magnitude_min": -0.0005881465271249985}, "datetime": {"datetime": "2024-04-03 16:21:01", "elapsed": 1151.777191, "delta": 33.82025}}
{"target": 29.1262913258171, "params": {"frequency_log": 3.429935389821386, "gradient": 0.24463528985907557, "magnitude": 0.00044091702064635055, "magnitude_min": -6.200408483446644e-05}, "datetime": {"datetime": "2024-04-03 16:21:14", "elapsed": 1165.132812, "delta": 13.355621}}
{"target": 27.723533866071435, "params": {"frequency_log": 4.1604562432466246, "gradient": 0.17181928481068792, "magnitude": 0.00046120513718284176, "magnitude_min": -6.053389938428773e-06}, "datetime": {"datetime": "2024-04-03 16:21:23", "elapsed": 1173.87587, "delta": 8.743058}}
{"target": 37.71106896882493, "params": {"frequency_log": 2.477056887429504, "gradient": 0.14353093520673194, "magnitude": 0.00035468398547074765, "magnitude_min": -0.0006152031222193818}, "datetime": {"datetime": "2024-04-03 16:21:56", "elapsed": 1206.675834, "delta": 32.799964}}
{"target": 22.1340912941069, "params": {"frequency_log": 4.930106753352381, "gradient": 0.1616652533607587, "magnitude": 0.0006890974470793235, "magnitude_min": -0.00014567698158727725}, "datetime": {"datetime": "2024-04-03 16:22:12", "elapsed": 1222.921194, "delta": 16.24536}}
{"target": 25.72352326794978, "params": {"frequency_log": 3.6765956031240683, "gradient": 0.05994080157407204, "magnitude": 0.0005622844266704354, "magnitude_min": -0.0006430654407972461}, "datetime": {"datetime": "2024-04-03 16:23:19", "elapsed": 1289.513003, "delta": 66.591809}}
{"target": 16.423467664750827, "params": {"frequency_log": 4.392574495343878, "gradient": 0.054954694410861815, "magnitude": 0.0001518311940159751, "magnitude_min": -3.7607715723603696e-05}, "datetime": {"datetime": "2024-04-03 16:23:27", "elapsed": 1298.158733, "delta": 8.64573}}
{"target": 32.70495190466409, "params": {"frequency_log": 2.5452546284049795, "gradient": 0.26822795505289865, "magnitude": 0.0003531800080032715, "magnitude_min": -9.62396321730534e-06}, "datetime": {"datetime": "2024-04-03 16:24:32", "elapsed": 1363.135445, "delta": 64.976712}}
{"target": 41.817151693180975, "params": {"frequency_log": 4.0374812452329785, "gradient": 0.24868232788257724, "magnitude": 0.0002294157336463466, "magnitude_min": -0.00043422885458395703}, "datetime": {"datetime": "2024-04-03 16:25:15", "elapsed": 1406.263985, "delta": 43.12854}}
{"target": 29.845038319434355, "params": {"frequency_log": 4.397945976179701, "gradient": 0.08160673947822752, "magnitude": 0.0004890474959507873, "magnitude_min": -0.0003892677154915618}, "datetime": {"datetime": "2024-04-03 16:26:02", "elapsed": 1453.040361, "delta": 46.776376}}
{"target": 29.2036504780236, "params": {"frequency_log": 3.210166745655683, "gradient": 0.2961420954807889, "magnitude": 0.0004769045876653873, "magnitude_min": -6.408760184754727e-05}, "datetime": {"datetime": "2024-04-03 16:26:38", "elapsed": 1488.969135, "delta": 35.928774}}
{"target": 24.22848282479482, "params": {"frequency_log": 3.9301735668482958, "gradient": 0.18327795914967826, "magnitude": 0.0006050136173642911, "magnitude_min": -0.0005550158545571662}, "datetime": {"datetime": "2024-04-03 16:27:37", "elapsed": 1548.042724, "delta": 59.073589}}
{"target": 18.49938294757595, "params": {"frequency_log": 3.6197835362209743, "gradient": 0.09637850457943313, "magnitude": 0.0005860374720191699, "magnitude_min": -7.285776225386697e-06}, "datetime": {"datetime": "2024-04-03 16:27:54", "elapsed": 1564.585191, "delta": 16.542467}}
{"target": 32.73433648208049, "params": {"frequency_log": 4.399052529552244, "gradient": 0.1150869964068719, "magnitude": 0.0005485219300945005, "magnitude_min": -0.00020010821347383036}, "datetime": {"datetime": "2024-04-03 16:28:29", "elapsed": 1600.382607, "delta": 35.797416}}
{"target": 27.239337695798834, "params": {"frequency_log": 4.997080915985382, "gradient": 0.17544021133535734, "magnitude": 0.00033262202859339634, "magnitude_min": -8.014355345331103e-05}, "datetime": {"datetime": "2024-04-03 16:28:47", "elapsed": 1617.638992, "delta": 17.256385}}
{"target": 25.368302540347862, "params": {"frequency_log": 4.979042731251649, "gradient": 0.07993911019667777, "magnitude": 3.0854670349780486e-05, "magnitude_min": -0.00031731571388863926}, "datetime": {"datetime": "2024-04-03 16:28:59", "elapsed": 1629.863638, "delta": 12.224646}}
{"target": 32.90593823860853, "params": {"frequency_log": 3.709739039407675, "gradient": 0.010449208902207806, "magnitude": 0.0005869607188019474, "magnitude_min": -0.00032176175524625486}, "datetime": {"datetime": "2024-04-03 16:29:51", "elapsed": 1681.600941, "delta": 51.737303}}
{"target": 26.125921723163238, "params": {"frequency_log": 2.384129594775237, "gradient": 0.04551363130981303, "magnitude": 0.0004503537989815029, "magnitude_min": -0.000566601738901006}, "datetime": {"datetime": "2024-04-03 16:31:05", "elapsed": 1755.950997, "delta": 74.350056}}
{"target": 42.66862088280797, "params": {"frequency_log": 4.696124849908177, "gradient": 0.13658724155490287, "magnitude": 0.0005387285790929219, "magnitude_min": -0.0003117035691206308}, "datetime": {"datetime": "2024-04-03 16:31:52", "elapsed": 1803.156882, "delta": 47.205885}}
{"target": 29.07890950732717, "params": {"frequency_log": 3.9896605145353443, "gradient": 0.13870893182462932, "magnitude": 0.0005154394223367295, "magnitude_min": -0.0006402057942871573}, "datetime": {"datetime": "2024-04-03 16:32:59", "elapsed": 1869.665346, "delta": 66.508464}}
{"target": 32.94437498608204, "params": {"frequency_log": 4.817921020111104, "gradient": 0.29072146757959016, "magnitude": 2.8051563814751634e-05, "magnitude_min": -0.0002573132819294579}, "datetime": {"datetime": "2024-04-03 16:33:14", "elapsed": 1884.573335, "delta": 14.907989}}
