{"target": 32.740525369732254, "params": {"frequency_log": 3.581898908975174, "gradient": 0.24242139101467644, "magnitude": 0.0005529997417256992, "magnitude_min": -0.00024974620621698535}, "datetime": {"datetime": "2024-04-03 16:34:03", "elapsed": 1934.404057, "delta": 49.830722}}
{"target": 43.71826413580965, "params": {"frequency_log": 4.971659294156103, "gradient": 0.1944664580644988, "magnitude": 5.914731714974655e-05, "magnitude_min": -0.0004159491843392299}, "datetime": {"datetime": "2024-04-03 16:34:25", "elapsed": 1955.472626, "delta": 21.068569}}
{"target": 22.63473559885461, "params": {"frequency_log": 2.2074490856253117, "gradient": 0.29264088013699224, "magnitude": 0.0006561390539738123, "magnitude_min": -0.0005055295399165074}, "datetime": {"datetime": "2024-04-03 16:37:27", "elapsed": 2137.821162, "delta": 182.348536}}
{"target": 32.92449019291038, "params": {"frequency_log": 4.581860424865171, "gradient": 0.09359762915090143, "magnitude": 0.00047454401309920204, "magnitude_min": -7.45443692635033e-05}, "datetime": {"datetime": "2024-04-03 16:37:46", "elapsed": 2156.975686, "delta": 19.154524}}
{"target": 53.22844498907317, "params": {"frequency_log": 2.440021763299235, "gradient": 0.026962755848898578, "magnitude": 0.0001554556713068908, "magnitude_min": -0.0006609012039438514}, "datetime": {"datetime": "2024-04-03 16:38:21", "elapsed": 2192.007644, "delta": 35.031958}}
{"target": 39.74858372907136, "params": {"frequency_log": 2.587883871313323, "gradient": 0.12169012577017596, "magnitude": 0.0002827426103194459, "magnitude_min": -7.898554033053352e-05}, "datetime": {"datetime": "2024-04-03 16:38:40", "elapsed": 2210.49061, "delta": 18.482966}}
{"target": 30.82819323971531, "params": {"frequency_log": 4.697967099850031, "gradient": 0.1345306034852663, "magnitude": 0.00010130133773718761, "magnitude_min": -0.00032354030447818006}, "datetime": {"datetime": "2024-04-03 16:38:48", "elapsed": 2219.219923, "delta": 8.729313}}
{"target": 36.41423683565614, "params": {"frequency_log": 2.826992745613704, "gradient": 0.11788067975744942, "magnitude": 0.0003977194200865323, "magnitude_min": -0.0006162547902540523}, "datetime": {"datetime": "2024-04-03 16:39:17", "elapsed": 2248.04697, "delta": 28.827047}}
{"target": 33.58806582095888, "params": {"frequency_log": 3.0063346174784504, "gradient": 0.11377620687403803, "magnitude": 0.0001426735547504587, "magnitude_min": -0.00027382889141600074}, "datetime": {"datetime": "2024-04-03 16:39:31", "elapsed": 2261.540438, "delta": 13.493468}}
{"target": 57.435443852414025, "params": {"frequency_log": 3.9908655081993634, "gradient": 0.13690545919232916, "magnitude": 0.00019240404937169968, "magnitude_min": -0.0006442412404532329}, "datetime": {"datetime": "2024-04-03 16:39:47", "elapsed": 2277.8312, "delta": 16.290762}}
{"target": 33.28689076753281, "params": {"frequency_log": 3.9906901503119334, "gradient": 0.13786444838522963, "magnitude": 0.0004839309872634311, "magnitude_min": -0.0001211470800389587}, "datetime": {"datetime": "2024-04-03 16:39:59", "elapsed": 2290.004579, "delta": 12.173379}}
{"target": 28.275489473234686, "params": {"frequency_log": 4.865587187788644, "gradient": 0.19001182518423418, "magnitude": 0.0003207603063281533, "magnitude_min": -0.0001292476584375629}, "datetime": {"datetime": "2024-04-03 16:40:08", "elapsed": 2298.435969, "delta": 8.43139}}
{"target": 37.45086713650371, "params": {"frequency_log": 3.1327510708024926, "gradient": 0.26963780222462186, "magnitude": 0.0002749637287338856, "magnitude_min": -0.00017532768017174236}, "datetime": {"datetime": "2024-04-03 16:40:33", "elapsed": 2323.55827, "delta": 25.122301}}
{"target": 64.02480000566597, "params": {"frequency_log": 4.6975585328831055, "gradient": 0.1381872397182852, "magnitude": 0.000326141389748237, "magnitude_min": -0.0006597644773508665}, "datetime": {"datetime": "2024-04-03 16:40:57", "elapsed": 2348.012463, "delta": 24.454193}}
{"target": 26.570976597958847, "params": {"frequency_log": 4.69733424802879, "gradient": 0.1393559834245399, "magnitude": 0.0004734129251264972, "magnitude_min": -1.6277076339420117e-05}, "datetime": {"datetime": "2024-04-03 16:41:06", "elapsed": 2356.826848, "delta": 8.814385}}
{"target": 22.38979911434662, "params": {"frequency_log": 2.330438043649851, "gradient": 0.1461489275425014, "magnitude": 0.0006352244266285594, "magnitude_min": -0.0004977040223917185}, "datetime": {"datetime": "2024-04-03 16:41:46", "elapsed": 2396.482337, "delta": 39.655489}}
{"target": 27.205967650416966, "params": {"frequency_log": 4.766845339826552, "gradient": 0.08985731128866321, "magnitude": 0.00024528284083972374, "magnitude_min": -0.00027825542009545667}, "datetime": {"datetime": "2024-04-03 16:41:56", "elapsed": 2407.315426, "delta": 10.833089}}
{"target": 43.82755323298627, "params": {"frequency_log": 4.115032086341626, "gradient": 0.1467378327773007, "magnitude": 0.00034491582574537117, "magnitude_min": -0.0005614991463337778}, "datetime": {"datetime": "2024-04-03 16:42:24", "elapsed": 2435.379127, "delta": 28.063701}}
{"target": 26.415613789661784, "params": {"frequency_log": 3.9909497330602397, "gradient": 0.13545623457266676, "magnitude": 0.000637947636379041, "magnitude_min": -0.0004360588593621241}, "datetime": {"datetime": "2024-04-03 16:42:55", "elapsed": 2465.699087, "delta": 30.31996}}
{"target": 26.06300721902895, "params": {"frequency_log": 4.776760455329404, "gradient": 0.2161490925994442, "magnitude": 0.00011555529627806349, "magnitude_min": -0.0002361161060535965}, "datetime": {"datetime": "2024-04-03 16:43:03", "elapsed": 2473.578647, "delta": 7.87956}}
{"target": 27.47139873389271, "params": {"frequency_log": 3.481553219397286, "gradient": 0.15293607122544764, "magnitude": 0.00013352876156461852, "magnitude_min": -0.00023246315070158232}, "datetime": {"datetime": "2024-04-03 16:43:15", "elapsed": 2486.153374, "delta": 12.574727}}
{"target": 42.64000624446971, "params": {"frequency_log": 4.972078633722651, "gradient": 0.19347963644714444, "magnitude": 0.0005154169877543434, "magnitude_min": -0.000282671225640579}, "datetime": {"datetime": "2024-04-03 16:43:37", "elapsed": 2507.597471, "delta": 21.444097}}
{"target": 54.638889084063955, "params": {"frequency_log": 4.9714944191607735, "gradient": 0.19249493666895104, "magnitude": 0.00016005300653743662, "magnitude_min": -0.0004268335178501446}, "datetime": {"datetime": "2024-04-03 16:43:52", "elapsed": 2522.574555, "delta": 14.977084}}
{"target": 42.16217773465093, "params": {"frequency_log": 2.716384399722487, "gradient": 0.09184234421971685, "magnitude": 0.0003357026080165521, "magnitude_min": -0.0006099122265382658}, "datetime": {"datetime": "2024-04-03 16:44:26", "elapsed": 2556.504045, "delta": 33.92949}}
{"target": 25.85976158475949, "params": {"frequency_log": 3.064997022304915, "gradient": 0.03181893866579514, "magnitude": 0.0002500126328589435, "magnitude_min": -5.67030190827321e-05}, "datetime": {"datetime": "2024-04-03 16:44:38", "elapsed": 2568.984519, "delta": 12.480474}}
{"target": 34.416375311363865, "params": {"frequency_log": 4.159174260893677, "gradient": 0.08760147358163929, "magnitude": 0.0004732671660847442, "magnitude_min": -0.0006967686232078738}, "datetime": {"datetime": "2024-04-03 16:45:12", "elapsed": 2602.981229, "delta": 33.99671}}
{"target": 45.22661682611037, "params": {"frequency_log": 2.4730576687849197, "gradient": 0.1380150472453444, "magnitude": 0.0003106183289056909, "magnitude_min": -0.0006609249813363808}, "datetime": {"datetime": "2024-04-03 16:45:48", "elapsed": 2638.927053, "delta": 35.945824}}
{"target": 42.43206309857536, "params": {"frequency_log": 3.9303627470559954, "gradient": 0.23971577838425084, "magnitude": 0.00020229750505151725, "magnitude_min": -0.00039615821499559324}, "datetime": {"datetime": "2024-04-03 16:46:09", "elapsed": 2659.826373, "delta": 20.89932}}
