{"target": 21.391194158994832, "params": {"frequency_log": 4.699398574307638, "magnitude": 0.00027690722246378563, "magnitude_min": -0.00035770331836740564}, "datetime": {"datetime": "2024-04-07 20:35:50", "elapsed": 642.067098, "delta": 6.945022}}
{"target": 21.804954333301623, "params": {"frequency_log": 4.698463536815528, "magnitude": 2.090731697849636e-05, "magnitude_min": -0.0005637413233405503}, "datetime": {"datetime": "2024-04-07 20:35:55", "elapsed": 647.531636, "delta": 5.464538}}
{"target": 20.53238151722153, "params": {"frequency_log": 3.879397849943972, "magnitude": 0.0002867913379475942, "magnitude_min": -0.0006986111033337126}, "datetime": {"datetime": "2024-04-07 20:36:06", "elapsed": 658.866356, "delta": 11.33472}}
{"target": 22.282774430943547, "params": {"frequency_log": 4.863635444557053, "magnitude": 7.298849265640814e-05, "magnitude_min": -0.0005701945364229277}, "datetime": {"datetime": "2024-04-07 20:36:13", "elapsed": 665.577987, "delta": 6.711631}}
{"target": 21.05090401443319, "params": {"frequency_log": 4.698927409454915, "magnitude": 0.00018449547353880413, "magnitude_min": -0.0005857181097270489}, "datetime": {"datetime": "2024-04-07 20:36:22", "elapsed": 674.431843, "delta": 8.853856}}
{"target": 22.12964628210094, "params": {"frequency_log": 4.109310889287771, "magnitude": 0.0002623137671500711, "magnitude_min": -0.0005660832527771878}, "datetime": {"datetime": "2024-04-07 20:36:32", "elapsed": 685.035069, "delta": 10.603226}}
{"target": 17.598344986073272, "params": {"frequency_log": 4.698303071511619, "magnitude": 3.767096385675073e-05, "magnitude_min": -8.81575198724649e-05}, "datetime": {"datetime": "2024-04-07 20:36:37", "elapsed": 689.818725, "delta": 4.783656}}
{"target": 22.022599102912377, "params": {"frequency_log": 4.6993119125533225, "magnitude": 0.00017624910418733442, "magnitude_min": -0.0004410072793426347}, "datetime": {"datetime": "2024-04-07 20:36:46", "elapsed": 698.322203, "delta": 8.503478}}
{"target": 15.633914379835028, "params": {"frequency_log": 3.8796821062692417, "magnitude": 2.523267407550297e-05, "magnitude_min": -4.2913816816062054e-05}, "datetime": {"datetime": "2024-04-07 20:36:50", "elapsed": 703.006205, "delta": 4.684002}}
{"target": 24.428671669106652, "params": {"frequency_log": 4.698372366722872, "magnitude": 9.40265474170781e-05, "magnitude_min": -0.0003363028126072091}, "datetime": {"datetime": "2024-04-07 20:36:57", "elapsed": 709.104238, "delta": 6.098033}}
{"target": 19.52913828284247, "params": {"frequency_log": 3.879165520316362, "magnitude": 0.0006492969926970288, "magnitude_min": -0.0006263850657084545}, "datetime": {"datetime": "2024-04-07 20:37:11", "elapsed": 723.038374, "delta": 13.934136}}
{"target": 29.17234658253369, "params": {"frequency_log": 4.863709137077185, "magnitude": 5.347152186347081e-06, "magnitude_min": -0.00042309820945942204}, "datetime": {"datetime": "2024-04-07 20:37:16", "elapsed": 728.511501, "delta": 5.473127}}
{"target": 24.63514574229909, "params": {"frequency_log": 4.698211666248647, "magnitude": 0.00013698072024054844, "magnitude_min": -0.0003849460609359736}, "datetime": {"datetime": "2024-04-07 20:37:23", "elapsed": 735.956946, "delta": 7.445445}}
{"target": 20.21526296486285, "params": {"frequency_log": 4.109373070685146, "magnitude": 0.0002344786112285983, "magnitude_min": -0.0003177048621845278}, "datetime": {"datetime": "2024-04-07 20:37:32", "elapsed": 744.555778, "delta": 8.598832}}
{"target": 23.29345116442214, "params": {"frequency_log": 4.6997101878588765, "magnitude": 2.274284774235147e-06, "magnitude_min": -0.00037046873752689014}, "datetime": {"datetime": "2024-04-07 20:37:38", "elapsed": 750.286651, "delta": 5.730873}}
{"target": 23.693666481439827, "params": {"frequency_log": 4.699769658294145, "magnitude": 0.00017595732310010445, "magnitude_min": -0.0004044810772805781}, "datetime": {"datetime": "2024-04-07 20:37:46", "elapsed": 758.265015, "delta": 7.978364}}
{"target": 22.293368390347542, "params": {"frequency_log": 4.699705497503855, "magnitude": 0.000256098219289511, "magnitude_min": -0.0005409897262146185}, "datetime": {"datetime": "2024-04-07 20:37:56", "elapsed": 768.159152, "delta": 9.894137}}
