{"target": 18.785504948601933, "params": {"frequency_log": 2.0, "magnitude": 0.0002, "magnitude_min": -0.00035}, "datetime": {"datetime": "2024-04-07 20:25:07", "elapsed": 0.0, "delta": 0.0}}
{"target": 17.334062703723102, "params": {"frequency_log": 2.5653937205234643, "magnitude": 0.00039298701850670287, "magnitude_min": -0.00027773595028438084}, "datetime": {"datetime": "2024-04-07 20:25:17", "elapsed": 9.434429, "delta": 9.434429}}
{"target": 23.415787413605695, "params": {"frequency_log": 4.698934028785684, "magnitude": 0.0002492677007103123, "magnitude_min": -0.0005015391171104784}, "datetime": {"datetime": "2024-04-07 20:25:24", "elapsed": 16.85824, "delta": 7.423811}}
{"target": 17.940862574129305, "params": {"frequency_log": 2.1447896876727537, "magnitude": 0.0006627349033220824, "magnitude_min": -0.00012596139719342947}, "datetime": {"datetime": "2024-04-07 20:25:31", "elapsed": 23.737473, "delta": 6.879233}}
{"target": 19.75727238393055, "params": {"frequency_log": 4.510843630809607, "magnitude": 0.00042854682743998304, "magnitude_min": -0.0006310857725058553}, "datetime": {"datetime": "2024-04-07 20:25:41", "elapsed": 33.890495, "delta": 10.153022}}
{"target": 17.748284382820298, "params": {"frequency_log": 2.616046996756354, "magnitude": 0.0004283054537748116, "magnitude_min": -2.823396312370862e-05}, "datetime": {"datetime": "2024-04-07 20:25:48", "elapsed": 40.797927, "delta": 6.907432}}
{"target": 25.178710145846328, "params": {"frequency_log": 4.863242757926536, "magnitude": 9.257918010728725e-05, "magnitude_min": -0.00038845175431851845}, "datetime": {"datetime": "2024-04-07 20:25:55", "elapsed": 47.066052, "delta": 6.268125}}
{"target": 19.37148774264078, "params": {"frequency_log": 5.0, "magnitude": 0.0007, "magnitude_min": -0.0007}, "datetime": {"datetime": "2024-04-07 20:26:08", "elapsed": 60.580073, "delta": 13.514021}}
{"target": 23.386159356385242, "params": {"frequency_log": 4.863169719508802, "magnitude": 5.6372755401588316e-05, "magnitude_min": -0.0005510363744530925}, "datetime": {"datetime": "2024-04-07 20:26:14", "elapsed": 66.449251, "delta": 5.869178}}
{"target": 23.611491701642777, "params": {"frequency_log": 4.86314828326067, "magnitude": 0.000106498585306903, "magnitude_min": -0.0004152373469452315}, "datetime": {"datetime": "2024-04-07 20:26:21", "elapsed": 73.167711, "delta": 6.71846}}
{"target": 27.387526954227422, "params": {"frequency_log": 4.863325970717563, "magnitude": 7.918308972700606e-06, "magnitude_min": -0.00043058124096743836}, "datetime": {"datetime": "2024-04-07 20:26:26", "elapsed": 78.959351, "delta": 5.79164}}
{"target": 22.62562874742363, "params": {"frequency_log": 4.863798056072104, "magnitude": 1.943409616584635e-06, "magnitude_min": -0.0005564817171709294}, "datetime": {"datetime": "2024-04-07 20:26:32", "elapsed": 84.043171, "delta": 5.08382}}
{"target": 22.1163368829002, "params": {"frequency_log": 4.698461090613453, "magnitude": 0.0002900480603846821, "magnitude_min": -0.0004434134485444664}, "datetime": {"datetime": "2024-04-07 20:26:41", "elapsed": 93.633042, "delta": 9.589871}}
{"target": 24.00162378636607, "params": {"frequency_log": 4.863828641680911, "magnitude": 0.00010038683562965157, "magnitude_min": -0.0004949209719923982}, "datetime": {"datetime": "2024-04-07 20:26:48", "elapsed": 100.72379, "delta": 7.090748}}
{"target": 21.99899193841362, "params": {"frequency_log": 4.6984187201991325, "magnitude": 0.00030589653704531414, "magnitude_min": -0.0005360471357671605}, "datetime": {"datetime": "2024-04-07 20:26:59", "elapsed": 111.067492, "delta": 10.343702}}
{"target": 22.421353572941342, "params": {"frequency_log": 4.86379889368265, "magnitude": 1.6819469646054064e-05, "magnitude_min": -0.00035411638096819956}, "datetime": {"datetime": "2024-04-07 20:27:04", "elapsed": 116.450824, "delta": 5.383332}}
{"target": 19.310183635814177, "params": {"frequency_log": 4.864333924868757, "magnitude": 0.00038392559363886254, "magnitude_min": -0.00038793114980180567}, "datetime": {"datetime": "2024-04-07 20:27:14", "elapsed": 126.82465, "delta": 10.373826}}
{"target": 17.62689548112199, "params": {"frequency_log": 4.8632649008402655, "magnitude": 1.2298315264826975e-05, "magnitude_min": -7.501646451152193e-06}, "datetime": {"datetime": "2024-04-07 20:27:19", "elapsed": 131.291431, "delta": 4.466781}}
{"target": 20.82357390659489, "params": {"frequency_log": 3.0903861192401667, "magnitude": 0.0001989933785147208, "magnitude_min": -0.000410003263921025}, "datetime": {"datetime": "2024-04-07 20:27:30", "elapsed": 142.085495, "delta": 10.794064}}
{"target": 19.470825190992013, "params": {"frequency_log": 4.698341931448422, "magnitude": 0.0003701209133209407, "magnitude_min": -0.00037154748894281046}, "datetime": {"datetime": "2024-04-07 20:27:40", "elapsed": 152.837734, "delta": 10.752239}}
{"target": 22.343252255895617, "params": {"frequency_log": 3.8797930490683723, "magnitude": 3.308960509599057e-05, "magnitude_min": -0.0002595903105483437}, "datetime": {"datetime": "2024-04-07 20:27:46", "elapsed": 158.658216, "delta": 5.820482}}
{"target": 20.862805905231234, "params": {"frequency_log": 4.863649808506079, "magnitude": 0.00043324122453722487, "magnitude_min": -0.000290885433521014}, "datetime": {"datetime": "2024-04-07 20:27:56", "elapsed": 168.500616, "delta": 9.8424}}
{"target": 25.422446097984846, "params": {"frequency_log": 4.8631269249539155, "magnitude": 0.00012200979882427248, "magnitude_min": -0.0003841125763459921}, "datetime": {"datetime": "2024-04-07 20:28:03", "elapsed": 175.528695, "delta": 7.028079}}
{"target": 22.658169811809657, "params": {"frequency_log": 4.86342646261431, "magnitude": 0.00023011601365852542, "magnitude_min": -0.0005435170491190199}, "datetime": {"datetime": "2024-04-07 20:28:13", "elapsed": 185.282059, "delta": 9.753364}}
{"target": 16.88129958777114, "params": {"frequency_log": 4.8629695122813175, "magnitude": 0.0001221279523266109, "magnitude_min": -0.00023330817587274957}, "datetime": {"datetime": "2024-04-07 20:28:18", "elapsed": 191.007784, "delta": 5.725725}}
{"target": 20.003692328386137, "params": {"frequency_log": 4.863270093028177, "magnitude": 0.00038804690048956265, "magnitude_min": -0.0005411042223999001}, "datetime": {"datetime": "2024-04-07 20:28:31", "elapsed": 203.318103, "delta": 12.310319}}
{"target": 24.033215614529716, "params": {"frequency_log": 4.863690477559995, "magnitude": 0.00015427107881075427, "magnitude_min": -0.00041135672200994286}, "datetime": {"datetime": "2024-04-07 20:28:39", "elapsed": 211.8853, "delta": 8.567197}}
{"target": 21.342532767974397, "params": {"frequency_log": 4.863738699445918, "magnitude": 0.00015478472457291497, "magnitude_min": -0.0005733805666694098}, "datetime": {"datetime": "2024-04-07 20:28:47", "elapsed": 219.741511, "delta": 7.856211}}
{"target": 25.102210240484002, "params": {"frequency_log": 4.699319349176875, "magnitude": 0.00014341718052737794, "magnitude_min": -0.00035103407534920443}, "datetime": {"datetime": "2024-04-07 20:28:53", "elapsed": 225.486278, "delta": 5.744767}}
{"target": 21.59516416354054, "params": {"frequency_log": 4.8630679699516435, "magnitude": 0.00031561812378799546, "magnitude_min": -0.0004189767647685701}, "datetime": {"datetime": "2024-04-07 20:29:01", "elapsed": 233.955732, "delta": 8.469454}}
{"target": 19.6630844034195, "params": {"frequency_log": 4.699172368454956, "magnitude": 0.00037050239023459516, "magnitude_min": -0.00041149361972301864}, "datetime": {"datetime": "2024-04-07 20:29:10", "elapsed": 242.560288, "delta": 8.604556}}
{"target": 21.144695088311085, "params": {"frequency_log": 4.863574677233582, "magnitude": 0.0002246346611266919, "magnitude_min": -0.0004858801541475589}, "datetime": {"datetime": "2024-04-07 20:29:17", "elapsed": 250.011797, "delta": 7.451509}}
{"target": 18.604480485538872, "params": {"frequency_log": 4.863946814287173, "magnitude": 0.0002460832381626123, "magnitude_min": -0.0002564092791743853}, "datetime": {"datetime": "2024-04-07 20:29:23", "elapsed": 255.199774, "delta": 5.187977}}
{"target": 23.755922184617265, "params": {"frequency_log": 4.698916311681578, "magnitude": 0.00014963537105732174, "magnitude_min": -0.00044581326878563376}, "datetime": {"datetime": "2024-04-07 20:29:29", "elapsed": 261.852521, "delta": 6.652747}}
{"target": 20.393831959175866, "params": {"frequency_log": 4.863291695530256, "magnitude": 5.825703162413249e-05, "magnitude_min": -0.0006614176470306899}, "datetime": {"datetime": "2024-04-07 20:29:34", "elapsed": 266.78379, "delta": 4.931269}}
{"target": 22.117772342768728, "params": {"frequency_log": 3.8799925981576, "magnitude": 4.4318409467066764e-05, "magnitude_min": -0.000299104391495587}, "datetime": {"datetime": "2024-04-07 20:29:40", "elapsed": 272.123775, "delta": 5.339985}}
{"target": 20.73299798179853, "params": {"frequency_log": 4.698837747567973, "magnitude": 4.8752749239379675e-05, "magnitude_min": -0.0006798023226004758}, "datetime": {"datetime": "2024-04-07 20:29:44", "elapsed": 276.783303, "delta": 4.659528}}
{"target": 24.522113649066515, "params": {"frequency_log": 4.86356639840538, "magnitude": 1.5427157780979007e-05, "magnitude_min": -0.0005060458635782536}, "datetime": {"datetime": "2024-04-07 20:29:49", "elapsed": 281.261869, "delta": 4.478566}}
{"target": 15.721994783667718, "params": {"frequency_log": 4.699249556542838, "magnitude": 8.337502070067096e-05, "magnitude_min": -0.00017153694621403694}, "datetime": {"datetime": "2024-04-07 20:29:52", "elapsed": 284.921076, "delta": 3.659207}}
{"target": 21.731933161445326, "params": {"frequency_log": 4.698963022816793, "magnitude": 0.00024043579869436447, "magnitude_min": -0.000380072631686434}, "datetime": {"datetime": "2024-04-07 20:29:59", "elapsed": 291.55585, "delta": 6.634774}}
{"target": 14.236512577218681, "params": {"frequency_log": 4.863582047989075, "magnitude": 0.0001503716652994191, "magnitude_min": -0.00023386284036672016}, "datetime": {"datetime": "2024-04-07 20:30:03", "elapsed": 295.903859, "delta": 4.348009}}
{"target": 23.686510614325318, "params": {"frequency_log": 4.698912425031641, "magnitude": 5.229641098866696e-05, "magnitude_min": -0.0003740686983819399}, "datetime": {"datetime": "2024-04-07 20:30:08", "elapsed": 300.888538, "delta": 4.984679}}
{"target": 19.285448485354074, "params": {"frequency_log": 4.698950416432, "magnitude": 0.00037047779447898376, "magnitude_min": -0.0004956526309181173}, "datetime": {"datetime": "2024-04-07 20:30:18", "elapsed": 310.231697, "delta": 9.343159}}
{"target": 23.1949298272049, "params": {"frequency_log": 4.86338425549782, "magnitude": 0.00012794594078002823, "magnitude_min": -0.000426347248559376}, "datetime": {"datetime": "2024-04-07 20:30:23", "elapsed": 315.862832, "delta": 5.631135}}
{"target": 19.231612934072103, "params": {"frequency_log": 4.863139952618141, "magnitude": 0.00022208091030168534, "magnitude_min": -0.00028121506846238325}, "datetime": {"datetime": "2024-04-07 20:30:28", "elapsed": 320.895235, "delta": 5.032403}}
{"target": 21.79816269181513, "params": {"frequency_log": 3.8805657237560327, "magnitude": 8.583679509024547e-05, "magnitude_min": -0.00043881605774965545}, "datetime": {"datetime": "2024-04-07 20:30:35", "elapsed": 327.467213, "delta": 6.571978}}
{"target": 21.322250946277, "params": {"frequency_log": 3.879702632060334, "magnitude": 1.4052274481502159e-05, "magnitude_min": -0.0004835948524500997}, "datetime": {"datetime": "2024-04-07 20:30:40", "elapsed": 332.558624, "delta": 5.091411}}
{"target": 21.255527307638893, "params": {"frequency_log": 4.698710095238919, "magnitude": 0.00022181256358918118, "magnitude_min": -0.00022782868851767507}, "datetime": {"datetime": "2024-04-07 20:30:45", "elapsed": 337.103505, "delta": 4.544881}}
{"target": 20.734879872368992, "params": {"frequency_log": 4.69868802092444, "magnitude": 0.0001165748851252069, "magnitude_min": -0.0005060151227510945}, "datetime": {"datetime": "2024-04-07 20:30:50", "elapsed": 342.804831, "delta": 5.701326}}
{"target": 21.5821678327799, "params": {"frequency_log": 3.8805720187519523, "magnitude": 0.0002513202688146792, "magnitude_min": -0.00036527503368852644}, "datetime": {"datetime": "2024-04-07 20:30:58", "elapsed": 351.031054, "delta": 8.226223}}
{"target": 21.17726761739913, "params": {"frequency_log": 4.699569121935923, "magnitude": 0.000288689355263086, "magnitude_min": -0.0004281934740298654}, "datetime": {"datetime": "2024-04-07 20:31:08", "elapsed": 360.4391, "delta": 9.408046}}
{"target": 21.763517441494415, "params": {"frequency_log": 4.862979133073539, "magnitude": 0.00022916673404309456, "magnitude_min": -0.0005535987253963695}, "datetime": {"datetime": "2024-04-07 20:31:17", "elapsed": 369.925612, "delta": 9.486512}}
{"target": 23.882770911736845, "params": {"frequency_log": 4.698824452234346, "magnitude": 0.0002451072889303806, "magnitude_min": -0.00047341578041124803}, "datetime": {"datetime": "2024-04-07 20:31:26", "elapsed": 378.061288, "delta": 8.135676}}
{"target": 23.975176476975662, "params": {"frequency_log": 4.863901421079177, "magnitude": 7.190744488090871e-05, "magnitude_min": -0.00039507863168022276}, "datetime": {"datetime": "2024-04-07 20:31:31", "elapsed": 383.72936, "delta": 5.668072}}
{"target": 19.57884047943337, "params": {"frequency_log": 3.8798747928120125, "magnitude": 0.0001920653690927439, "magnitude_min": -0.00021587657913111485}, "datetime": {"datetime": "2024-04-07 20:31:36", "elapsed": 388.800397, "delta": 5.071037}}
{"target": 24.07054190425329, "params": {"frequency_log": 3.8796013664780973, "magnitude": 0.00011411113212093326, "magnitude_min": -0.00034077846382817256}, "datetime": {"datetime": "2024-04-07 20:31:43", "elapsed": 395.648224, "delta": 6.847827}}
{"target": 20.950709559491276, "params": {"frequency_log": 4.863492728868503, "magnitude": 5.9576078937542135e-06, "magnitude_min": -0.0006169066551812068}, "datetime": {"datetime": "2024-04-07 20:31:48", "elapsed": 400.50861, "delta": 4.860386}}
{"target": 21.476999549473874, "params": {"frequency_log": 3.87953449175342, "magnitude": 0.00012433593150278506, "magnitude_min": -0.00029703967481680804}, "datetime": {"datetime": "2024-04-07 20:31:54", "elapsed": 406.964566, "delta": 6.455956}}
{"target": 23.54426860873389, "params": {"frequency_log": 4.699091399229882, "magnitude": 7.596304040882352e-05, "magnitude_min": -0.0004826742245037851}, "datetime": {"datetime": "2024-04-07 20:32:00", "elapsed": 412.863315, "delta": 5.898749}}
{"target": 22.348455633156753, "params": {"frequency_log": 4.864069475491913, "magnitude": 0.00011434880943516062, "magnitude_min": -0.0005519686300124249}, "datetime": {"datetime": "2024-04-07 20:32:07", "elapsed": 419.145632, "delta": 6.282317}}
{"target": 19.511438241863004, "params": {"frequency_log": 3.8804268612276767, "magnitude": 0.0001753921949148641, "magnitude_min": -0.00024415037495363726}, "datetime": {"datetime": "2024-04-07 20:32:12", "elapsed": 424.619866, "delta": 5.474234}}
{"target": 23.76097346374347, "params": {"frequency_log": 4.698388420821739, "magnitude": 0.00016663488428650587, "magnitude_min": -0.00047603669207605466}, "datetime": {"datetime": "2024-04-07 20:32:19", "elapsed": 431.620716, "delta": 7.00085}}
{"target": 22.59343681248136, "params": {"frequency_log": 4.698146182673092, "magnitude": 2.6605282507599637e-05, "magnitude_min": -0.0005590729937303588}, "datetime": {"datetime": "2024-04-07 20:32:24", "elapsed": 436.444669, "delta": 4.823953}}
{"target": 24.202988917051982, "params": {"frequency_log": 4.863353112316742, "magnitude": 7.14607133494519e-05, "magnitude_min": -0.0003693713465707817}, "datetime": {"datetime": "2024-04-07 20:32:29", "elapsed": 441.517752, "delta": 5.073083}}
{"target": 21.76373466847141, "params": {"frequency_log": 3.8794765326887504, "magnitude": 0.00015669412814475292, "magnitude_min": -0.0004963953856133375}, "datetime": {"datetime": "2024-04-07 20:32:36", "elapsed": 448.766527, "delta": 7.248775}}
{"target": 21.53694140171315, "params": {"frequency_log": 4.699347256735601, "magnitude": 9.868731591705133e-05, "magnitude_min": -0.0005368163879680947}, "datetime": {"datetime": "2024-04-07 20:32:42", "elapsed": 454.673587, "delta": 5.90706}}
{"target": 21.486219744468183, "params": {"frequency_log": 4.698026697764778, "magnitude": 0.00019721110443840056, "magnitude_min": -0.00039852404311106684}, "datetime": {"datetime": "2024-04-07 20:32:49", "elapsed": 461.704132, "delta": 7.030545}}
{"target": 21.679076274346134, "params": {"frequency_log": 4.698011263382676, "magnitude": 0.00010200669207402508, "magnitude_min": -0.0005762014354332783}, "datetime": {"datetime": "2024-04-07 20:32:56", "elapsed": 468.116472, "delta": 6.41234}}
{"target": 23.94047644239289, "params": {"frequency_log": 4.863097388679243, "magnitude": 2.6791513518104702e-05, "magnitude_min": -0.00036776708343060836}, "datetime": {"datetime": "2024-04-07 20:33:01", "elapsed": 473.602075, "delta": 5.485603}}
{"target": 23.860150218594047, "params": {"frequency_log": 4.8639460718715775, "magnitude": 7.387094575863097e-05, "magnitude_min": -0.00045953569223165856}, "datetime": {"datetime": "2024-04-07 20:33:08", "elapsed": 480.056568, "delta": 6.454493}}
{"target": 21.12668104422556, "params": {"frequency_log": 4.698817962515154, "magnitude": 9.634533933522982e-05, "magnitude_min": -0.00028675128064788136}, "datetime": {"datetime": "2024-04-07 20:33:13", "elapsed": 485.841838, "delta": 5.78527}}
{"target": 24.41739227173068, "params": {"frequency_log": 4.863248739871662, "magnitude": 0.00014238826760799758, "magnitude_min": -0.00039108033735012784}, "datetime": {"datetime": "2024-04-07 20:33:21", "elapsed": 493.180367, "delta": 7.338529}}
{"target": 20.282926658320434, "params": {"frequency_log": 4.699154885312707, "magnitude": 0.00013176014703610275, "magnitude_min": -0.0006479873965833517}, "datetime": {"datetime": "2024-04-07 20:33:28", "elapsed": 500.846896, "delta": 7.666529}}
{"target": 22.261230410334672, "params": {"frequency_log": 3.8795803441222994, "magnitude": 0.00012496539296676562, "magnitude_min": -0.0004297180610697245}, "datetime": {"datetime": "2024-04-07 20:33:37", "elapsed": 509.207369, "delta": 8.360473}}
{"target": 24.207304801200134, "params": {"frequency_log": 4.698990891600462, "magnitude": 0.00012748837835557502, "magnitude_min": -0.00033555447726899907}, "datetime": {"datetime": "2024-04-07 20:33:44", "elapsed": 516.2894, "delta": 7.082031}}
{"target": 21.270101141014432, "params": {"frequency_log": 4.698377954091241, "magnitude": 5.401641379853286e-05, "magnitude_min": -0.0006665515452697042}, "datetime": {"datetime": "2024-04-07 20:33:50", "elapsed": 522.76546, "delta": 6.47606}}
{"target": 17.912191800586935, "params": {"frequency_log": 3.8807132998858993, "magnitude": 0.0006994441049626788, "magnitude_min": -0.0005199933159599223}, "datetime": {"datetime": "2024-04-07 20:34:04", "elapsed": 536.893543, "delta": 14.128083}}
{"target": 21.126846281756347, "params": {"frequency_log": 4.6982477313821915, "magnitude": 0.0001815202007032121, "magnitude_min": -0.0006743565811855259}, "datetime": {"datetime": "2024-04-07 20:34:13", "elapsed": 545.492818, "delta": 8.599275}}
{"target": 26.81114635980527, "params": {"frequency_log": 4.698412818522878, "magnitude": 3.4530701766335645e-05, "magnitude_min": -0.00043418904331915997}, "datetime": {"datetime": "2024-04-07 20:34:19", "elapsed": 551.607537, "delta": 6.114719}}
{"target": 21.186737718680007, "params": {"frequency_log": 4.8642437364329805, "magnitude": 1.1365259521050407e-05, "magnitude_min": -0.0005927408900422896}, "datetime": {"datetime": "2024-04-07 20:34:25", "elapsed": 557.161972, "delta": 5.554435}}
{"target": 23.14433182606318, "params": {"frequency_log": 4.6994521516127215, "magnitude": 0.000178411042404152, "magnitude_min": -0.00035611309280572396}, "datetime": {"datetime": "2024-04-07 20:34:32", "elapsed": 564.575697, "delta": 7.413725}}
{"target": 22.63362156271783, "params": {"frequency_log": 3.8792029868883438, "magnitude": 0.0002623847827516559, "magnitude_min": -0.0006698920808159761}, "datetime": {"datetime": "2024-04-07 20:34:43", "elapsed": 575.672942, "delta": 11.097245}}
{"target": 20.507757122263044, "params": {"frequency_log": 3.8797120331621926, "magnitude": 0.0003384508500354461, "magnitude_min": -0.000564473880475852}, "datetime": {"datetime": "2024-04-07 20:34:55", "elapsed": 587.845163, "delta": 12.172221}}
{"target": 21.019979852172135, "params": {"frequency_log": 3.8790961651005356, "magnitude": 0.00021073120207931422, "magnitude_min": -0.0005688856231325119}, "datetime": {"datetime": "2024-04-07 20:35:05", "elapsed": 597.87675, "delta": 10.031587}}
{"target": 23.098327488193345, "params": {"frequency_log": 4.863888147003878, "magnitude": 0.00020092204217836123, "magnitude_min": -0.0005300437442338928}, "datetime": {"datetime": "2024-04-07 20:35:14", "elapsed": 606.745556, "delta": 8.868806}}
{"target": 20.52673844445318, "params": {"frequency_log": 3.8797404358259655, "magnitude": 0.00013100060167743055, "magnitude_min": -0.0003044144431126644}, "datetime": {"datetime": "2024-04-07 20:35:22", "elapsed": 614.269371, "delta": 7.523815}}
{"target": 24.483725338384748, "params": {"frequency_log": 4.699182834397028, "magnitude": 4.132223696123602e-05, "magnitude_min": -0.0003783580986309702}, "datetime": {"datetime": "2024-04-07 20:35:28", "elapsed": 620.30504, "delta": 6.035669}}
{"target": 20.913531263160824, "params": {"frequency_log": 4.314073944553618, "magnitude": 0.0003173794724294974, "magnitude_min": -0.0004170829584988791}, "datetime": {"datetime": "2024-04-07 20:35:37", "elapsed": 629.66506, "delta": 9.36002}}
{"target": 19.868326372662057, "params": {"frequency_log": 3.8801456264339693, "magnitude": 3.3987699655548367e-05, "magnitude_min": -0.0006805387654530315}, "datetime": {"datetime": "2024-04-07 20:35:43", "elapsed": 635.122076, "delta": 5.457016}}
