{"target": 22.15642042468126, "params": {"frequency_log": 4.444769664996141, "magnitude": 0.00031603895890108244, "magnitude_min": -1.9132785970413907e-05}, "datetime": {"datetime": "2024-04-07 20:38:58", "elapsed": 830.827546, "delta": 5.490377}}
{"target": 57.581719529639905, "params": {"frequency_log": 3.2316527868505647, "magnitude": 7.545825722364037e-05, "magnitude_min": -0.0006895695741568535}, "datetime": {"datetime": "2024-04-07 20:39:05", "elapsed": 838.08802, "delta": 7.260474}}
{"target": 23.81708797593229, "params": {"frequency_log": 2.2562850660619405, "magnitude": 0.000469403372533504, "magnitude_min": -0.0004179951196787473}, "datetime": {"datetime": "2024-04-07 20:39:19", "elapsed": 852.130744, "delta": 14.042724}}
{"target": 19.22488335778177, "params": {"frequency_log": 4.6326356531057264, "magnitude": 0.0006733147161865455, "magnitude_min": -0.00016026275698093832}, "datetime": {"datetime": "2024-04-07 20:39:27", "elapsed": 859.517409, "delta": 7.386665}}
{"target": 24.805627819789308, "params": {"frequency_log": 3.10347773265792, "magnitude": 0.0006115777275335364, "magnitude_min": -0.0006867305949026683}, "datetime": {"datetime": "2024-04-07 20:39:41", "elapsed": 873.520644, "delta": 14.003235}}
{"target": 57.98696647577945, "params": {"frequency_log": 3.2308870695465535, "magnitude": 9.918417779548406e-05, "magnitude_min": -0.0006031815819187985}, "datetime": {"datetime": "2024-04-07 20:39:49", "elapsed": 881.756975, "delta": 8.236331}}
{"target": 50.92164446579179, "params": {"frequency_log": 2.527297294104637, "magnitude": 0.0003228966595820686, "magnitude_min": -7.761947688904086e-05}, "datetime": {"datetime": "2024-04-07 20:39:58", "elapsed": 890.488307, "delta": 8.731332}}
{"target": 33.64013545267506, "params": {"frequency_log": 2.527791666086471, "magnitude": 0.00030448858693818073, "magnitude_min": -0.0001592686949115651}, "datetime": {"datetime": "2024-04-07 20:40:08", "elapsed": 900.39732, "delta": 9.909013}}
{"target": 44.1870759878977, "params": {"frequency_log": 2.950597575378218, "magnitude": 0.0002812184013867972, "magnitude_min": -0.00047910383087853805}, "datetime": {"datetime": "2024-04-07 20:40:20", "elapsed": 912.345994, "delta": 11.948674}}
{"target": 22.444256514209396, "params": {"frequency_log": 2.526837030588195, "magnitude": 0.0004528952501646085, "magnitude_min": -6.627854301885332e-05}, "datetime": {"datetime": "2024-04-07 20:40:28", "elapsed": 920.416027, "delta": 8.070033}}
{"target": 54.669054863646075, "params": {"frequency_log": 3.2298548306161354, "magnitude": 0.0002792389050103145, "magnitude_min": -0.0006819882085073213}, "datetime": {"datetime": "2024-04-07 20:40:39", "elapsed": 931.91793, "delta": 11.501903}}
{"target": 53.66655389671287, "params": {"frequency_log": 2.5272102293061645, "magnitude": 5.444556352724634e-05, "magnitude_min": -0.0004055324872593574}, "datetime": {"datetime": "2024-04-07 20:40:48", "elapsed": 940.935993, "delta": 9.018063}}
{"target": 52.044846307757695, "params": {"frequency_log": 2.5269727576667433, "magnitude": 0.00027598549296079336, "magnitude_min": -0.0006830254293449297}, "datetime": {"datetime": "2024-04-07 20:41:01", "elapsed": 953.31115, "delta": 12.375157}}
{"target": 56.555826163249755, "params": {"frequency_log": 2.5274407211474803, "magnitude": 0.00020533258064679347, "magnitude_min": -0.00048438384087475656}, "datetime": {"datetime": "2024-04-07 20:41:12", "elapsed": 964.283031, "delta": 10.971881}}
{"target": 59.00640147229964, "params": {"frequency_log": 3.1054269264167216, "magnitude": 6.329520350391151e-05, "magnitude_min": -0.0006219609424878557}, "datetime": {"datetime": "2024-04-07 20:41:19", "elapsed": 972.167002, "delta": 7.883971}}
{"target": 23.332811133960067, "params": {"frequency_log": 2.5270976215222793, "magnitude": 0.0005420608039185884, "magnitude_min": -0.0006472676414933562}, "datetime": {"datetime": "2024-04-07 20:41:34", "elapsed": 986.686505, "delta": 14.519503}}
{"target": 62.377233766346876, "params": {"frequency_log": 2.951950051101586, "magnitude": 1.4537999656591138e-05, "magnitude_min": -0.0005012827627696154}, "datetime": {"datetime": "2024-04-07 20:41:41", "elapsed": 993.75045, "delta": 7.063945}}
