{"target": 37.11393514687618, "params": {"frequency_log": 2.0, "magnitude": 0.0002, "magnitude_min": -0.00035}, "datetime": {"datetime": "2024-04-07 20:25:07", "elapsed": 0.0, "delta": 0.0}}
{"target": 23.690978696650205, "params": {"frequency_log": 4.356397106171893, "magnitude": 0.0006199508441960632, "magnitude_min": -0.0004899993219357707}, "datetime": {"datetime": "2024-04-07 20:25:17", "elapsed": 10.165595, "delta": 10.165595}}
{"target": 58.275002398078634, "params": {"frequency_log": 4.454956530578907, "magnitude": 0.00020545120272245985, "magnitude_min": -0.000654160503842746}, "datetime": {"datetime": "2024-04-07 20:25:24", "elapsed": 17.202777, "delta": 7.037182}}
{"target": 37.182504110091884, "params": {"frequency_log": 3.1031665996446303, "magnitude": 0.00036466042664785, "magnitude_min": -0.0005565783080551631}, "datetime": {"datetime": "2024-04-07 20:25:35", "elapsed": 27.61752, "delta": 10.414743}}
{"target": 26.632097506166815, "params": {"frequency_log": 4.146616625703966, "magnitude": 0.00017973408651191807, "magnitude_min": -0.00027735520509065015}, "datetime": {"datetime": "2024-04-07 20:25:41", "elapsed": 33.299077, "delta": 5.681557}}
{"target": 22.980251423314115, "params": {"frequency_log": 2.1420608353660318, "magnitude": 0.00048402575039831306, "magnitude_min": -0.0004099872409754714}, "datetime": {"datetime": "2024-04-07 20:25:54", "elapsed": 46.629611, "delta": 13.330534}}
{"target": 30.343065412011008, "params": {"frequency_log": 4.885384519729238, "magnitude": 0.0005639601831940567, "magnitude_min": -0.0003153796101877676}, "datetime": {"datetime": "2024-04-07 20:26:04", "elapsed": 56.396286, "delta": 9.766675}}
{"target": 14.79495164865509, "params": {"frequency_log": 4.554922362195557, "magnitude": 7.123833486229479e-05, "magnitude_min": -1.4655280325405603e-05}, "datetime": {"datetime": "2024-04-07 20:26:08", "elapsed": 60.870076, "delta": 4.47379}}
{"target": 52.4160133247166, "params": {"frequency_log": 3.1032574833946542, "magnitude": 0.00033234217662122113, "magnitude_min": -0.0006136907740584935}, "datetime": {"datetime": "2024-04-07 20:26:21", "elapsed": 73.357775, "delta": 12.487699}}
{"target": 34.20809751804497, "params": {"frequency_log": 4.454847535067776, "magnitude": 0.0004465876673510596, "magnitude_min": -0.0006073067521129865}, "datetime": {"datetime": "2024-04-07 20:26:33", "elapsed": 86.185881, "delta": 12.828106}}
{"target": 51.22054061406535, "params": {"frequency_log": 3.103215676198902, "magnitude": 0.00020193962985315728, "magnitude_min": -0.00046065025537773535}, "datetime": {"datetime": "2024-04-07 20:26:44", "elapsed": 96.568489, "delta": 10.382608}}
{"target": 25.720586700770653, "params": {"frequency_log": 4.714504371885953, "magnitude": 0.0006022465469321568, "magnitude_min": -0.00046285746811126763}, "datetime": {"datetime": "2024-04-07 20:26:56", "elapsed": 109.168033, "delta": 12.599544}}
{"target": 30.53406879929836, "params": {"frequency_log": 2.000037681292618, "magnitude": 0.0003077216767005189, "magnitude_min": -0.00045579209096810984}, "datetime": {"datetime": "2024-04-07 20:27:11", "elapsed": 123.765669, "delta": 14.597636}}
{"target": 39.3693076996115, "params": {"frequency_log": 3.1033779032603386, "magnitude": 0.0002997847152275431, "magnitude_min": -0.00046241309341401085}, "datetime": {"datetime": "2024-04-07 20:27:24", "elapsed": 136.490157, "delta": 12.724488}}
{"target": 54.91887422501374, "params": {"frequency_log": 3.1031901728332745, "magnitude": 0.00027388697849439937, "magnitude_min": -0.000682660004321969}, "datetime": {"datetime": "2024-04-07 20:27:36", "elapsed": 148.787212, "delta": 12.297055}}
{"target": 55.13472859403305, "params": {"frequency_log": 3.1032310192961385, "magnitude": 0.0002018397721379223, "magnitude_min": -0.0006241723424828961}, "datetime": {"datetime": "2024-04-07 20:27:47", "elapsed": 159.330376, "delta": 10.543164}}
{"target": 62.804092786802876, "params": {"frequency_log": 3.103620629030304, "magnitude": 1.0546331934384967e-05, "magnitude_min": -0.0005380366567604587}, "datetime": {"datetime": "2024-04-07 20:27:54", "elapsed": 166.417413, "delta": 7.087037}}
{"target": 47.564717589300614, "params": {"frequency_log": 3.103330401409045, "magnitude": 8.670845229179818e-05, "magnitude_min": -0.0003686705500880007}, "datetime": {"datetime": "2024-04-07 20:28:02", "elapsed": 175.192465, "delta": 8.775052}}
{"target": 56.633207083653204, "params": {"frequency_log": 3.103323638289937, "magnitude": 8.614176937978699e-05, "magnitude_min": -0.0005687485788627588}, "datetime": {"datetime": "2024-04-07 20:28:11", "elapsed": 183.915984, "delta": 8.723519}}
{"target": 24.94505643837313, "params": {"frequency_log": 3.764148920116047, "magnitude": 0.0004167172138310138, "magnitude_min": -0.00036324676186669594}, "datetime": {"datetime": "2024-04-07 20:28:24", "elapsed": 196.590407, "delta": 12.674423}}
{"target": 20.697904964819163, "params": {"frequency_log": 2.9654043637304337, "magnitude": 3.272134937106297e-05, "magnitude_min": -0.00016184585168489392}, "datetime": {"datetime": "2024-04-07 20:28:30", "elapsed": 202.707898, "delta": 6.117491}}
{"target": 53.43479513009539, "params": {"frequency_log": 3.229869184071398, "magnitude": 8.284952016723466e-05, "magnitude_min": -0.0004748776384378568}, "datetime": {"datetime": "2024-04-07 20:28:39", "elapsed": 212.178708, "delta": 9.47081}}
{"target": 38.82726546092271, "params": {"frequency_log": 4.454631939427462, "magnitude": 0.00011427014848008026, "magnitude_min": -0.00041626402987694316}, "datetime": {"datetime": "2024-04-07 20:28:47", "elapsed": 219.626748, "delta": 7.44804}}
{"target": 40.34994500656361, "params": {"frequency_log": 3.2296246847294907, "magnitude": 0.0002663408652972288, "magnitude_min": -0.00040908641740862884}, "datetime": {"datetime": "2024-04-07 20:28:56", "elapsed": 228.74469, "delta": 9.117942}}
{"target": 52.438314609380434, "params": {"frequency_log": 3.104075936745918, "magnitude": 7.136363100288811e-05, "magnitude_min": -0.0003904983221264597}, "datetime": {"datetime": "2024-04-07 20:29:03", "elapsed": 235.522922, "delta": 6.778232}}
{"target": 56.65254442458514, "params": {"frequency_log": 3.103757038842586, "magnitude": 0.0001305983023254788, "magnitude_min": -0.0005600348808954863}, "datetime": {"datetime": "2024-04-07 20:29:10", "elapsed": 242.635396, "delta": 7.112474}}
{"target": 29.26326914219139, "params": {"frequency_log": 3.1040058817276104, "magnitude": 0.00014256873787901465, "magnitude_min": -7.659921394375074e-05}, "datetime": {"datetime": "2024-04-07 20:29:14", "elapsed": 247.258509, "delta": 4.623113}}
{"target": 44.520039029398774, "params": {"frequency_log": 4.455058689768247, "magnitude": 9.512345566551897e-05, "magnitude_min": -0.0005117156162723939}, "datetime": {"datetime": "2024-04-07 20:29:21", "elapsed": 253.27237, "delta": 6.013861}}
{"target": 28.913509659824467, "params": {"frequency_log": 3.2298456219977916, "magnitude": 0.0002329864076454397, "magnitude_min": -0.00013985975048391296}, "datetime": {"datetime": "2024-04-07 20:29:27", "elapsed": 259.379896, "delta": 6.107526}}
{"target": 37.0332178590544, "params": {"frequency_log": 4.455018726731904, "magnitude": 6.83647195262427e-05, "magnitude_min": -0.00041586513809066105}, "datetime": {"datetime": "2024-04-07 20:29:32", "elapsed": 265.009675, "delta": 5.629779}}
{"target": 58.4314265995338, "params": {"frequency_log": 3.1037712414523035, "magnitude": 0.0002994540332099517, "magnitude_min": -0.0006657188808095053}, "datetime": {"datetime": "2024-04-07 20:29:43", "elapsed": 275.401966, "delta": 10.392291}}
{"target": 24.40739936559354, "params": {"frequency_log": 3.104094879696384, "magnitude": 0.0004253197095479339, "magnitude_min": -0.0004180737767239604}, "datetime": {"datetime": "2024-04-07 20:29:54", "elapsed": 286.28506, "delta": 10.883094}}
{"target": 58.469628422268116, "params": {"frequency_log": 3.230127719112016, "magnitude": 0.00011452693863283501, "magnitude_min": -0.0006414443424220757}, "datetime": {"datetime": "2024-04-07 20:30:00", "elapsed": 293.194987, "delta": 6.909927}}
{"target": 60.42571026683686, "params": {"frequency_log": 3.103588129532226, "magnitude": 0.00023765114323152155, "magnitude_min": -0.0006201362239829219}, "datetime": {"datetime": "2024-04-07 20:30:09", "elapsed": 302.138402, "delta": 8.943415}}
{"target": 23.285901073650823, "params": {"frequency_log": 3.2312164183664818, "magnitude": 0.00022581439494648973, "magnitude_min": -5.897651994410868e-05}, "datetime": {"datetime": "2024-04-07 20:30:15", "elapsed": 307.371184, "delta": 5.232782}}
{"target": 57.72964722010763, "params": {"frequency_log": 3.1031693418834054, "magnitude": 9.718502903520231e-05, "magnitude_min": -0.0006904293409021035}, "datetime": {"datetime": "2024-04-07 20:30:21", "elapsed": 313.949622, "delta": 6.578438}}
{"target": 28.62552973079989, "params": {"frequency_log": 3.1026752703111193, "magnitude": 3.4018959668953474e-05, "magnitude_min": -0.0002538808648851506}, "datetime": {"datetime": "2024-04-07 20:30:27", "elapsed": 319.534644, "delta": 5.585022}}
{"target": 23.335137926414326, "params": {"frequency_log": 4.456892664161423, "magnitude": 0.0006848079382659857, "magnitude_min": -0.0006350618977526088}, "datetime": {"datetime": "2024-04-07 20:30:38", "elapsed": 331.192697, "delta": 11.658053}}
{"target": 55.17121521585239, "params": {"frequency_log": 3.2305071533974665, "magnitude": 0.00020176870384387623, "magnitude_min": -0.0006880609881531971}, "datetime": {"datetime": "2024-04-07 20:30:47", "elapsed": 339.544115, "delta": 8.351418}}
{"target": 23.51574176789066, "params": {"frequency_log": 3.2302759923261077, "magnitude": 0.0005913254918282272, "magnitude_min": -0.0003947540179119461}, "datetime": {"datetime": "2024-04-07 20:30:57", "elapsed": 350.218873, "delta": 10.674758}}
{"target": 56.08915780588387, "params": {"frequency_log": 3.1034200151693465, "magnitude": 0.0002515306539143298, "magnitude_min": -0.0006826901903900292}, "datetime": {"datetime": "2024-04-07 20:31:08", "elapsed": 361.205791, "delta": 10.986918}}
{"target": 37.35926382913224, "params": {"frequency_log": 3.103789781172276, "magnitude": 0.0003337488843516011, "magnitude_min": -0.0005189627634242192}, "datetime": {"datetime": "2024-04-07 20:31:21", "elapsed": 373.990584, "delta": 12.784793}}
{"target": 25.406479166610826, "params": {"frequency_log": 3.8518709725791727, "magnitude": 0.00026026370126879287, "magnitude_min": -0.00011536486332640512}, "datetime": {"datetime": "2024-04-07 20:31:27", "elapsed": 379.751556, "delta": 5.760972}}
{"target": 63.45305239253835, "params": {"frequency_log": 2.9503346406195257, "magnitude": 0.00023442481699185574, "magnitude_min": -0.0005605614879864763}, "datetime": {"datetime": "2024-04-07 20:31:37", "elapsed": 389.64594, "delta": 9.894384}}
{"target": 54.54056150550339, "params": {"frequency_log": 2.9503291208573708, "magnitude": 0.0001596209496968087, "magnitude_min": -0.00046944681841450185}, "datetime": {"datetime": "2024-04-07 20:31:46", "elapsed": 398.693341, "delta": 9.047401}}
{"target": 44.838828459404745, "params": {"frequency_log": 3.2303806013872722, "magnitude": 2.9142697210453294e-05, "magnitude_min": -0.00040034754166773677}, "datetime": {"datetime": "2024-04-07 20:31:52", "elapsed": 405.173466, "delta": 6.480125}}
{"target": 38.668920669382025, "params": {"frequency_log": 3.103963379883656, "magnitude": 0.0001404048244789846, "magnitude_min": -0.00033945710453714314}, "datetime": {"datetime": "2024-04-07 20:32:00", "elapsed": 413.238551, "delta": 8.065085}}
{"target": 24.633983928521673, "params": {"frequency_log": 2.950306090075031, "magnitude": 0.0005542166634847795, "magnitude_min": -0.0005918332153255319}, "datetime": {"datetime": "2024-04-07 20:32:13", "elapsed": 425.759382, "delta": 12.520831}}
{"target": 50.6364857630149, "params": {"frequency_log": 3.229862742017665, "magnitude": 7.896304817749114e-05, "magnitude_min": -0.00040461980650747164}, "datetime": {"datetime": "2024-04-07 20:32:20", "elapsed": 433.081861, "delta": 7.322479}}
{"target": 59.544651444007535, "params": {"frequency_log": 3.2307043488255363, "magnitude": 7.506416926792468e-05, "magnitude_min": -0.0005829406313971305}, "datetime": {"datetime": "2024-04-07 20:32:27", "elapsed": 439.799756, "delta": 6.717895}}
{"target": 63.73955416059076, "params": {"frequency_log": 3.104638368494518, "magnitude": 4.074651207475e-06, "magnitude_min": -0.0005627636097629783}, "datetime": {"datetime": "2024-04-07 20:32:33", "elapsed": 445.467045, "delta": 5.667289}}
{"target": 36.823701332421926, "params": {"frequency_log": 3.104829388088659, "magnitude": 0.0003930388115755263, "magnitude_min": -0.0006144353719474853}, "datetime": {"datetime": "2024-04-07 20:32:44", "elapsed": 456.875928, "delta": 11.408883}}
{"target": 36.43791777450929, "params": {"frequency_log": 2.949136497738691, "magnitude": 1.5145472948145155e-05, "magnitude_min": -0.00028861669536162717}, "datetime": {"datetime": "2024-04-07 20:32:51", "elapsed": 463.331116, "delta": 6.455188}}
{"target": 25.074995029658773, "params": {"frequency_log": 3.1045798865131675, "magnitude": 0.0002086246959884078, "magnitude_min": -0.00023764718658641847}, "datetime": {"datetime": "2024-04-07 20:32:59", "elapsed": 471.656964, "delta": 8.325848}}
{"target": 49.188581280899484, "params": {"frequency_log": 4.4553195479741685, "magnitude": 0.00038876361925676363, "magnitude_min": -0.0006859917953849511}, "datetime": {"datetime": "2024-04-07 20:33:11", "elapsed": 484.182048, "delta": 12.525084}}
{"target": 29.63862227968354, "params": {"frequency_log": 2.9508094353557954, "magnitude": 0.0002410293935674981, "magnitude_min": -0.00012754879713839523}, "datetime": {"datetime": "2024-04-07 20:33:20", "elapsed": 492.33641, "delta": 8.154362}}
{"target": 58.79203880426673, "params": {"frequency_log": 3.2308747853329534, "magnitude": 0.00025646496271055036, "magnitude_min": -0.0006665689092902297}, "datetime": {"datetime": "2024-04-07 20:33:31", "elapsed": 503.757229, "delta": 11.420819}}
{"target": 55.47962449824396, "params": {"frequency_log": 3.2298682721237983, "magnitude": 5.15181400605639e-05, "magnitude_min": -0.0006982808648520357}, "datetime": {"datetime": "2024-04-07 20:33:39", "elapsed": 511.388276, "delta": 7.631047}}
{"target": 62.74436846843675, "params": {"frequency_log": 3.105278963729583, "magnitude": 2.203255421326049e-05, "magnitude_min": -0.0005472601019449103}, "datetime": {"datetime": "2024-04-07 20:33:46", "elapsed": 519.181774, "delta": 7.793498}}
{"target": 52.57211213107022, "params": {"frequency_log": 2.950235838051735, "magnitude": 0.0001893827094882486, "magnitude_min": -0.0006953058109988422}, "datetime": {"datetime": "2024-04-07 20:33:58", "elapsed": 530.381582, "delta": 11.199808}}
{"target": 53.58862107002802, "params": {"frequency_log": 3.104393662015716, "magnitude": 0.00019809073733369418, "magnitude_min": -0.0006700614656880833}, "datetime": {"datetime": "2024-04-07 20:34:08", "elapsed": 541.133542, "delta": 10.75196}}
{"target": 25.80315625239509, "params": {"frequency_log": 3.106004178365216, "magnitude": 0.0004962602485169631, "magnitude_min": -0.0005946269032720889}, "datetime": {"datetime": "2024-04-07 20:34:24", "elapsed": 556.365668, "delta": 15.232126}}
{"target": 22.7446894869756, "params": {"frequency_log": 3.230858122162581, "magnitude": 0.0006296205833998664, "magnitude_min": -0.0005631823237621202}, "datetime": {"datetime": "2024-04-07 20:34:38", "elapsed": 571.255001, "delta": 14.889333}}
{"target": 58.06871340783835, "params": {"frequency_log": 2.950788948594122, "magnitude": 0.00025284870935993794, "magnitude_min": -0.0006517192639919052}, "datetime": {"datetime": "2024-04-07 20:34:51", "elapsed": 583.526527, "delta": 12.271526}}
{"target": 56.143886917732765, "params": {"frequency_log": 3.1051290523710873, "magnitude": 0.00010326100590556498, "magnitude_min": -0.0006784916935212705}, "datetime": {"datetime": "2024-04-07 20:35:00", "elapsed": 592.3506, "delta": 8.824073}}
{"target": 23.60322156447663, "params": {"frequency_log": 2.9510517863384274, "magnitude": 0.0006010071526137223, "magnitude_min": -0.0005656802242581245}, "datetime": {"datetime": "2024-04-07 20:35:15", "elapsed": 607.446182, "delta": 15.095582}}
{"target": 36.84229641156887, "params": {"frequency_log": 4.455706985490091, "magnitude": 0.0004346207856665197, "magnitude_min": -0.0006377948640900356}, "datetime": {"datetime": "2024-04-07 20:35:28", "elapsed": 620.771989, "delta": 13.325807}}
{"target": 37.5474751696889, "params": {"frequency_log": 3.105296274732084, "magnitude": 7.753261110148424e-06, "magnitude_min": -0.00030440059119960053}, "datetime": {"datetime": "2024-04-07 20:35:34", "elapsed": 627.153903, "delta": 6.381914}}
{"target": 54.049074864340575, "params": {"frequency_log": 2.950505430080616, "magnitude": 0.00012101948091333296, "magnitude_min": -0.0006764819754812593}, "datetime": {"datetime": "2024-04-07 20:35:42", "elapsed": 634.961835, "delta": 7.807932}}
{"target": 27.64493626750868, "params": {"frequency_log": 3.1054540414684926, "magnitude": 0.00036756027474663496, "magnitude_min": -0.00046530915316166446}, "datetime": {"datetime": "2024-04-07 20:35:54", "elapsed": 646.369366, "delta": 11.407531}}
{"target": 24.938297671233112, "params": {"frequency_log": 4.194860295329118, "magnitude": 0.0005745707702565202, "magnitude_min": -0.000215936440687664}, "datetime": {"datetime": "2024-04-07 20:36:03", "elapsed": 655.653619, "delta": 9.284253}}
{"target": 58.153726963005546, "params": {"frequency_log": 3.231269593433093, "magnitude": 7.420160781262315e-05, "magnitude_min": -0.0005495770020580349}, "datetime": {"datetime": "2024-04-07 20:36:11", "elapsed": 663.892702, "delta": 8.239083}}
{"target": 60.52851123833061, "params": {"frequency_log": 3.2315138666128216, "magnitude": 0.0003059468549354001, "magnitude_min": -0.0006213040816701386}, "datetime": {"datetime": "2024-04-07 20:36:24", "elapsed": 676.409736, "delta": 12.517034}}
{"target": 32.490831913502404, "params": {"frequency_log": 3.231740916593383, "magnitude": 0.0003106606376325635, "magnitude_min": -0.000420799870502975}, "datetime": {"datetime": "2024-04-07 20:36:36", "elapsed": 689.079437, "delta": 12.669701}}
{"target": 24.253796325185935, "params": {"frequency_log": 3.2313150924296443, "magnitude": 0.0004590126638648133, "magnitude_min": -0.0005129527078384144}, "datetime": {"datetime": "2024-04-07 20:36:50", "elapsed": 703.260467, "delta": 14.18103}}
{"target": 28.175153788754393, "params": {"frequency_log": 3.1895980796535857, "magnitude": 0.00035555865266477754, "magnitude_min": -1.865816315084034e-05}, "datetime": {"datetime": "2024-04-07 20:36:58", "elapsed": 710.754201, "delta": 7.493734}}
{"target": 18.41214514750707, "params": {"frequency_log": 4.908272165069903, "magnitude": 0.0002861105290949842, "magnitude_min": -4.265144092813471e-05}, "datetime": {"datetime": "2024-04-07 20:37:03", "elapsed": 716.036107, "delta": 5.281906}}
{"target": 48.512401569961966, "params": {"frequency_log": 3.1033963684986388, "magnitude": 9.192948740733264e-06, "magnitude_min": -0.0006871576327131093}, "datetime": {"datetime": "2024-04-07 20:37:10", "elapsed": 722.701147, "delta": 6.66504}}
{"target": 54.42605501697116, "params": {"frequency_log": 3.1046418311687756, "magnitude": 6.226439564331074e-05, "magnitude_min": -0.0006878002452148308}, "datetime": {"datetime": "2024-04-07 20:37:18", "elapsed": 730.680857, "delta": 7.97971}}
{"target": 48.28030664070009, "params": {"frequency_log": 3.230830091155312, "magnitude": 5.170920913721741e-05, "magnitude_min": -0.0004087544662369972}, "datetime": {"datetime": "2024-04-07 20:37:26", "elapsed": 739.031048, "delta": 8.350191}}
{"target": 24.790921234272215, "params": {"frequency_log": 3.456532088759989, "magnitude": 0.0005959730908926274, "magnitude_min": -0.0006844706831785979}, "datetime": {"datetime": "2024-04-07 20:37:41", "elapsed": 753.967241, "delta": 14.936193}}
{"target": 42.291686100507704, "params": {"frequency_log": 4.315494033616435, "magnitude": 0.0002908568474140387, "magnitude_min": -0.0004886199854328712}, "datetime": {"datetime": "2024-04-07 20:37:52", "elapsed": 765.012258, "delta": 11.045017}}
{"target": 24.36182038942211, "params": {"frequency_log": 4.314468229954353, "magnitude": 0.00046283721981396896, "magnitude_min": -0.0004309170865347443}, "datetime": {"datetime": "2024-04-07 20:38:05", "elapsed": 777.563338, "delta": 12.55108}}
{"target": 55.677069878172944, "params": {"frequency_log": 3.2314670980251794, "magnitude": 0.00011608437564518567, "magnitude_min": -0.000506393359856999}, "datetime": {"datetime": "2024-04-07 20:38:14", "elapsed": 786.695179, "delta": 9.131841}}
{"target": 26.360746484860393, "params": {"frequency_log": 4.3165399902034745, "magnitude": 0.0002336056042505906, "magnitude_min": -0.0002272705435197192}, "datetime": {"datetime": "2024-04-07 20:38:21", "elapsed": 793.320196, "delta": 6.625017}}
{"target": 17.345811436611648, "params": {"frequency_log": 4.561111389882433, "magnitude": 0.00015282470539021182, "magnitude_min": -0.00013203850470405113}, "datetime": {"datetime": "2024-04-07 20:38:25", "elapsed": 798.059842, "delta": 4.739646}}
{"target": 59.017383693551075, "params": {"frequency_log": 3.1049797471539295, "magnitude": 5.076627768144556e-05, "magnitude_min": -0.0006184059895557632}, "datetime": {"datetime": "2024-04-07 20:38:33", "elapsed": 805.38544, "delta": 7.325598}}
{"target": 23.48943362526315, "params": {"frequency_log": 3.644625588727343, "magnitude": 0.0006420615722397707, "magnitude_min": -0.0003351805571473118}, "datetime": {"datetime": "2024-04-07 20:38:44", "elapsed": 816.498643, "delta": 11.113203}}
{"target": 53.51461070848399, "params": {"frequency_log": 2.9510488653493585, "magnitude": 0.00014598594213590958, "magnitude_min": -0.000695978579624037}, "datetime": {"datetime": "2024-04-07 20:38:53", "elapsed": 825.337169, "delta": 8.838526}}
