{"target": -100.0, "params": {"E_EA": 61.9953224616453, "E_MC": 30.0, "J": 3.425920594506786}, "datetime": {"datetime": "2024-05-07 22:08:17", "elapsed": 85.882054, "delta": 7.925687}}
{"target": -100.0, "params": {"E_EA": 114.58346691325445, "E_MC": 11.989343083619968, "J": 10.190471313353882}, "datetime": {"datetime": "2024-05-07 22:08:18", "elapsed": 0.0, "delta": 0.0}}
{"target": -10.390467260697218, "params": {"E_EA": 129.61451086849945, "E_MC": 4.203908915561433, "J": -19.913884423103273}, "datetime": {"datetime": "2024-05-07 22:08:19", "elapsed": 65.297365, "delta": 5.890809}}
{"target": -100.0, "params": {"E_EA": 40.94817151574774, "E_MC": 21.24264858143712, "J": -2.9338133548538914}, "datetime": {"datetime": "2024-05-07 22:08:23", "elapsed": 92.169162, "delta": 6.287108}}
{"target": -100.0, "params": {"E_EA": 44.53268043756302, "E_MC": 30.0, "J": 8.1504221768931}, "datetime": {"datetime": "2024-05-07 22:08:25", "elapsed": 71.059757, "delta": 5.762392}}
{"target": -100.0, "params": {"E_EA": 66.92957411673768, "E_MC": 10.41164266367213, "J": 12.006240650347616}, "datetime": {"datetime": "2024-05-07 22:08:27", "elapsed": 96.094703, "delta": 3.925541}}
{"target": -100.0, "params": {"E_EA": 115.4452105115947, "E_MC": 11.929053473593726, "J": 10.171194796862444}, "datetime": {"datetime": "2024-05-07 22:08:28", "elapsed": 74.749582, "delta": 3.689825}}
{"target": -100.0, "params": {"E_EA": 43.14698028551075, "E_MC": 3.0, "J": 20.0}, "datetime": {"datetime": "2024-05-07 22:08:30", "elapsed": 98.732954, "delta": 2.638251}}
{"target": -100.0, "params": {"E_EA": 31.89798099682872, "E_MC": 3.0, "J": -7.562903050052738}, "datetime": {"datetime": "2024-05-07 22:08:42", "elapsed": 23.824595, "delta": 23.824595}}
{"target": -100.0, "params": {"E_EA": 44.535517239228845, "E_MC": 30.0, "J": 8.151559342996396}, "datetime": {"datetime": "2024-05-07 22:08:49", "elapsed": 30.823605, "delta": 6.99901}}
{"target": -100.0, "params": {"E_EA": 27.357650101995272, "E_MC": 3.187359976242817, "J": 10.435622058431878}, "datetime": {"datetime": "2024-05-07 22:08:54", "elapsed": 0.0, "delta": 0.0}}
{"target": -100.0, "params": {"E_EA": 77.36366616695744, "E_MC": 30.0, "J": -3.549977678306575}, "datetime": {"datetime": "2024-05-07 22:09:01", "elapsed": 6.662793, "delta": 6.662793}}
{"target": -100.0, "params": {"E_EA": 29.550549596119843, "E_MC": 3.8116064219834893, "J": 8.699528796944712}, "datetime": {"datetime": "2024-05-07 22:09:05", "elapsed": 46.736689, "delta": 15.913084}}
{"target": -100.0, "params": {"E_EA": 36.66751060544685, "E_MC": 30.0, "J": 20.0}, "datetime": {"datetime": "2024-05-07 22:09:32", "elapsed": 37.666166, "delta": 31.003373}}
{"target": -100.0, "params": {"E_EA": 20.0, "E_MC": 30.0, "J": 8.004996432139514}, "datetime": {"datetime": "2024-05-07 22:09:36", "elapsed": 78.120328, "delta": 31.383639}}
{"target": -100.0, "params": {"E_EA": 77.97529430246777, "E_MC": 29.878752403524196, "J": -5.558913714947806}, "datetime": {"datetime": "2024-05-07 22:09:43", "elapsed": 85.726061, "delta": 7.605733}}
{"target": -100.0, "params": {"E_EA": 47.43018667212274, "E_MC": 15.390083851520247, "J": 0.7055788438984791}, "datetime": {"datetime": "2024-05-07 22:09:53", "elapsed": 95.174505, "delta": 9.448444}}
{"target": -29.44918534167867, "params": {"E_EA": 118.39611733139571, "E_MC": 29.92121742672949, "J": 3.781100381193582}, "datetime": {"datetime": "2024-05-07 22:09:58", "elapsed": 100.480726, "delta": 5.306221}}
{"target": -100.0, "params": {"E_EA": 20.34313143049086, "E_MC": 29.272135402085446, "J": 7.224318795296707}, "datetime": {"datetime": "2024-05-07 22:10:03", "elapsed": 69.012227, "delta": 31.346061}}
{"target": -77.7898726754168, "params": {"E_EA": 114.20775493576387, "E_MC": 29.92318924921911, "J": 1.9080606677404433}, "datetime": {"datetime": "2024-05-07 22:10:03", "elapsed": 105.455981, "delta": 4.975255}}
{"target": -100.0, "params": {"E_EA": 120.36757676680998, "E_MC": 21.954285975223527, "J": 11.548812712693657}, "datetime": {"datetime": "2024-05-07 22:10:07", "elapsed": 109.071753, "delta": 3.615772}}
{"target": -16.986094787731982, "params": {"E_EA": 119.81684685761401, "E_MC": 30.0, "J": 4.178012740293703}, "datetime": {"datetime": "2024-05-07 22:10:08", "elapsed": 73.845649, "delta": 4.833422}}
{"target": -100.0, "params": {"E_EA": 49.5828117528396, "E_MC": 3.0, "J": 3.965087185503486}, "datetime": {"datetime": "2024-05-07 22:10:09", "elapsed": 0.0, "delta": 0.0}}
{"target": -100.0, "params": {"E_EA": 54.19616028122184, "E_MC": 21.554197574431605, "J": 20.0}, "datetime": {"datetime": "2024-05-07 22:10:13", "elapsed": 4.167741, "delta": 4.167741}}
{"target": -50.478777262874935, "params": {"E_EA": 116.90327281083131, "E_MC": 29.95117957853024, "J": 2.7633288222828156}, "datetime": {"datetime": "2024-05-07 22:10:14", "elapsed": 79.918155, "delta": 6.072506}}
{"target": -100.0, "params": {"E_EA": 93.84671211178912, "E_MC": 3.0, "J": -20.0}, "datetime": {"datetime": "2024-05-07 22:10:20", "elapsed": 11.156861, "delta": 6.98912}}
{"target": -100.0, "params": {"E_EA": 123.45659982356203, "E_MC": 30.0, "J": -12.361813726561186}, "datetime": {"datetime": "2024-05-07 22:10:20", "elapsed": 86.394818, "delta": 6.476663}}
{"target": -100.0, "params": {"E_EA": 54.14836906826107, "E_MC": 21.529580433607272, "J": 20.0}, "datetime": {"datetime": "2024-05-07 22:10:25", "elapsed": 91.428926, "delta": 5.034108}}
{"target": -100.0, "params": {"E_EA": 115.02923006709163, "E_MC": 29.957150040034275, "J": -9.543872047499962}, "datetime": {"datetime": "2024-05-07 22:10:27", "elapsed": 18.024335, "delta": 6.867474}}
{"target": -100.0, "params": {"E_EA": 121.51604309762416, "E_MC": 22.2568365556715, "J": 13.062997214237527}, "datetime": {"datetime": "2024-05-07 22:10:31", "elapsed": 22.42468, "delta": 4.400345}}
{"target": -84.92127569519293, "params": {"E_EA": 118.38401631647889, "E_MC": 29.193344266876203, "J": 8.456196601063517}, "datetime": {"datetime": "2024-05-07 22:10:33", "elapsed": 98.956258, "delta": 7.527332}}
{"target": -100.0, "params": {"E_EA": 89.79272356904671, "E_MC": 21.80094045300595, "J": -14.690079852970603}, "datetime": {"datetime": "2024-05-07 22:10:40", "elapsed": 30.708828, "delta": 8.284148}}
{"target": -100.0, "params": {"E_EA": 46.614394476263264, "E_MC": 11.782392649300393, "J": -0.20786298766682165}, "datetime": {"datetime": "2024-05-07 22:10:43", "elapsed": 109.266381, "delta": 10.310123}}
{"target": -100.0, "params": {"E_EA": 40.139131571984194, "E_MC": 13.750442524639572, "J": 15.23533660955205}, "datetime": {"datetime": "2024-05-07 22:10:46", "elapsed": 36.728448, "delta": 6.01962}}
{"target": -60.06256115411393, "params": {"E_EA": 36.07898982771534, "E_MC": 15.115363242481799, "J": 12.783519636877084}, "datetime": {"datetime": "2024-05-07 22:11:18", "elapsed": 69.246072, "delta": 32.517624}}
{"target": -84.23365911562324, "params": {"E_EA": 36.369081726164836, "E_MC": 15.192973064742198, "J": 12.354479067821408}, "datetime": {"datetime": "2024-05-07 22:11:22", "elapsed": 0.0, "delta": 0.0}}
{"target": -100.0, "params": {"E_EA": 137.9259322704309, "E_MC": 29.456032445170575, "J": 19.969827042762333}, "datetime": {"datetime": "2024-05-07 22:11:23", "elapsed": 73.678807, "delta": 4.432735}}
{"target": -8.490691052509261, "params": {"E_EA": 111.68595578114767, "E_MC": 3.0, "J": -15.454614550241546}, "datetime": {"datetime": "2024-05-07 22:11:28", "elapsed": 5.977188, "delta": 5.977188}}
{"target": -100.0, "params": {"E_EA": 51.46894739936319, "E_MC": 3.0, "J": -20.0}, "datetime": {"datetime": "2024-05-07 22:11:32", "elapsed": 82.789736, "delta": 9.110929}}
{"target": -75.23172908843887, "params": {"E_EA": 112.45717882650877, "E_MC": 6.416397341925393, "J": -15.960136334579179}, "datetime": {"datetime": "2024-05-07 22:11:33", "elapsed": 10.921715, "delta": 4.944527}}
{"target": -7.678102792703679, "params": {"E_EA": 107.73533131689179, "E_MC": 3.408204142461299, "J": -14.844771056300686}, "datetime": {"datetime": "2024-05-07 22:11:37", "elapsed": 15.001965, "delta": 4.08025}}
{"target": -12.080924004787274, "params": {"E_EA": 109.78541764451991, "E_MC": 5.004529729522258, "J": -12.918901275184682}, "datetime": {"datetime": "2024-05-07 22:11:42", "elapsed": 19.84182, "delta": 4.839855}}
{"target": -87.19827071953122, "params": {"E_EA": 111.54976360490065, "E_MC": 4.207549856685297, "J": -12.650537689797483}, "datetime": {"datetime": "2024-05-07 22:11:46", "elapsed": 0.0, "delta": 0.0}}
{"target": -53.98905904047423, "params": {"E_EA": 109.65025951559574, "E_MC": 3.0, "J": -17.800360736981027}, "datetime": {"datetime": "2024-05-07 22:11:49", "elapsed": 26.437744, "delta": 6.595924}}
{"target": -100.0, "params": {"E_EA": 106.63399084101286, "E_MC": 3.2182283197499237, "J": -11.15127494782465}, "datetime": {"datetime": "2024-05-07 22:11:52", "elapsed": 29.875989, "delta": 3.438245}}
{"target": -95.60234479355105, "params": {"E_EA": 111.80048216846974, "E_MC": 4.027260576024196, "J": -19.82838587348922}, "datetime": {"datetime": "2024-05-07 22:11:54", "elapsed": 7.849014, "delta": 7.849014}}
{"target": -73.80175559458323, "params": {"E_EA": 111.91683734205593, "E_MC": 4.002859742091144, "J": -13.135510104173296}, "datetime": {"datetime": "2024-05-07 22:11:57", "elapsed": 35.27659, "delta": 5.400601}}
{"target": -28.722631044317218, "params": {"E_EA": 104.51829904104422, "E_MC": 3.0, "J": -13.116876755148544}, "datetime": {"datetime": "2024-05-07 22:12:03", "elapsed": 17.288438, "delta": 9.439424}}
{"target": -92.42853288741654, "params": {"E_EA": 108.45566597436621, "E_MC": 7.916555961921489, "J": -15.025225399239401}, "datetime": {"datetime": "2024-05-07 22:12:06", "elapsed": 43.583026, "delta": 8.306436}}
{"target": -100.0, "params": {"E_EA": 67.47837201586472, "E_MC": 3.0, "J": -0.08923108310629309}, "datetime": {"datetime": "2024-05-07 22:12:12", "elapsed": 50.183716, "delta": 6.60069}}
{"target": -18.489038859788877, "params": {"E_EA": 30.96254766390252, "E_MC": 14.015494786752843, "J": 14.745172180344596}, "datetime": {"datetime": "2024-05-07 22:12:36", "elapsed": 50.384714, "delta": 33.096276}}
{"target": -41.024197659234574, "params": {"E_EA": 31.454472729028875, "E_MC": 15.47709541315797, "J": 14.262761219570123}, "datetime": {"datetime": "2024-05-07 22:12:52", "elapsed": 0.0, "delta": 0.0}}
{"target": -8.896638790176041, "params": {"E_EA": 100.27866264051028, "E_MC": 3.330553447493293, "J": -12.89026944462674}, "datetime": {"datetime": "2024-05-07 22:12:58", "elapsed": 5.590233, "delta": 5.590233}}
{"target": -100.0, "params": {"E_EA": 98.69904421380933, "E_MC": 4.09634439899769, "J": -9.768942570938695}, "datetime": {"datetime": "2024-05-07 22:13:02", "elapsed": 10.164246, "delta": 4.574013}}
{"target": -58.72921938622164, "params": {"E_EA": 102.57341962646487, "E_MC": 4.62820482109383, "J": -14.732870687222377}, "datetime": {"datetime": "2024-05-07 22:13:07", "elapsed": 14.591189, "delta": 4.426943}}
{"target": -100.0, "params": {"E_EA": 85.42533582663324, "E_MC": 3.9507146685010692, "J": 4.29728415068044}, "datetime": {"datetime": "2024-05-07 22:13:09", "elapsed": 16.804592, "delta": 2.213403}}
{"target": -100.0, "params": {"E_EA": 31.100063508866505, "E_MC": 17.619009038002886, "J": 14.068172852102705}, "datetime": {"datetime": "2024-05-07 22:13:10", "elapsed": 84.275338, "delta": 33.890624}}
{"target": -18.21873930059266, "params": {"E_EA": 87.45336362062554, "E_MC": 23.737154457285506, "J": 9.467328995201377}, "datetime": {"datetime": "2024-05-07 22:13:14", "elapsed": 21.770685, "delta": 4.966093}}
{"target": -100.0, "params": {"E_EA": 29.55762736913653, "E_MC": 11.727451512333415, "J": 19.28941044382558}, "datetime": {"datetime": "2024-05-07 22:13:14", "elapsed": 88.26523, "delta": 3.989892}}
{"target": -100.0, "params": {"E_EA": 86.25914984484767, "E_MC": 22.00216478516875, "J": 13.283175832488084}, "datetime": {"datetime": "2024-05-07 22:13:18", "elapsed": 26.166732, "delta": 4.396047}}
{"target": -18.888083828440138, "params": {"E_EA": 90.11150054990293, "E_MC": 23.683190191671276, "J": 8.692591290866332}, "datetime": {"datetime": "2024-05-07 22:13:28", "elapsed": 35.952587, "delta": 9.785855}}
{"target": -100.0, "params": {"E_EA": 102.56298144461995, "E_MC": 10.581289673921379, "J": 12.837222676931718}, "datetime": {"datetime": "2024-05-07 22:13:32", "elapsed": 40.1141, "delta": 4.161513}}
{"target": -100.0, "params": {"E_EA": 127.89659468874821, "E_MC": 6.319525854386679, "J": -1.0509738304580694}, "datetime": {"datetime": "2024-05-07 22:13:37", "elapsed": 45.048106, "delta": 4.934006}}
{"target": -100.0, "params": {"E_EA": 31.83422268788341, "E_MC": 10.75878468229623, "J": 12.666446584129943}, "datetime": {"datetime": "2024-05-07 22:13:43", "elapsed": 117.656701, "delta": 29.391471}}
{"target": -49.73020761629057, "params": {"E_EA": 99.22425772762088, "E_MC": 3.0, "J": -11.365375920595142}, "datetime": {"datetime": "2024-05-07 22:13:51", "elapsed": 125.733125, "delta": 8.076424}}
{"target": -100.0, "params": {"E_EA": 85.31635950863574, "E_MC": 4.058281047440893, "J": 4.303977985537209}, "datetime": {"datetime": "2024-05-07 22:13:55", "elapsed": 129.752719, "delta": 4.019594}}
{"target": -19.217518946243235, "params": {"E_EA": 30.813734327234766, "E_MC": 11.754261174812301, "J": 12.558917843454296}, "datetime": {"datetime": "2024-05-07 22:14:02", "elapsed": 0.0, "delta": 0.0}}
{"target": -100.0, "params": {"E_EA": 67.42683329790026, "E_MC": 3.0, "J": -0.10292527643226028}, "datetime": {"datetime": "2024-05-07 22:14:04", "elapsed": 138.164201, "delta": 8.411482}}
{"target": -86.17497494678551, "params": {"E_EA": 97.35782482601924, "E_MC": 3.8602243044960844, "J": -15.063099406711572}, "datetime": {"datetime": "2024-05-07 22:14:08", "elapsed": 6.358915, "delta": 6.358915}}
{"target": -100.0, "params": {"E_EA": 102.56360204473896, "E_MC": 10.579666126609203, "J": 12.839563405477554}, "datetime": {"datetime": "2024-05-07 22:14:14", "elapsed": 11.81224, "delta": 5.453325}}
{"target": -100.0, "params": {"E_EA": 130.0624075662653, "E_MC": 3.0682158906516115, "J": -5.302318118848252}, "datetime": {"datetime": "2024-05-07 22:14:19", "elapsed": 17.360416, "delta": 5.548176}}
{"target": -79.05491363037686, "params": {"E_EA": 119.9888662602568, "E_MC": 22.497808583349414, "J": 1.9270036358479992}, "datetime": {"datetime": "2024-05-07 22:14:25", "elapsed": 23.03056, "delta": 5.670144}}
{"target": -100.0, "params": {"E_EA": 59.98635695291724, "E_MC": 3.163274708557796, "J": 13.508721635132815}, "datetime": {"datetime": "2024-05-07 22:14:29", "elapsed": 27.098332, "delta": 4.067772}}
{"target": -100.0, "params": {"E_EA": 71.42589235583074, "E_MC": 13.38898447521619, "J": 20.0}, "datetime": {"datetime": "2024-05-07 22:14:34", "elapsed": 32.182016, "delta": 5.083684}}
{"target": -69.89468387807385, "params": {"E_EA": 27.48504833400931, "E_MC": 12.942013813849405, "J": 11.904164174517046}, "datetime": {"datetime": "2024-05-07 22:14:59", "elapsed": 0.0, "delta": 0.0}}
{"target": -44.95341115095088, "params": {"E_EA": 33.86379990307148, "E_MC": 13.205755934129712, "J": 14.407729055823772}, "datetime": {"datetime": "2024-05-07 22:15:02", "elapsed": 59.78127, "delta": 27.599254}}
{"target": -100.0, "params": {"E_EA": 35.17852211326871, "E_MC": 30.0, "J": -20.0}, "datetime": {"datetime": "2024-05-07 22:15:15", "elapsed": 73.411185, "delta": 13.629915}}
{"target": -67.47907034653838, "params": {"E_EA": 116.43893778617579, "E_MC": 18.525484110203973, "J": -7.346789120994115}, "datetime": {"datetime": "2024-05-07 22:15:22", "elapsed": 79.465062, "delta": 6.053877}}
{"target": -100.0, "params": {"E_EA": 31.403272099077732, "E_MC": 14.32137592898058, "J": 11.168965134587367}, "datetime": {"datetime": "2024-05-07 22:15:32", "elapsed": 32.804624, "delta": 32.804624}}
{"target": -16.5014098368723, "params": {"E_EA": 70.6500693342594, "E_MC": 25.92499834816127, "J": 16.324906557395053}, "datetime": {"datetime": "2024-05-07 22:15:34", "elapsed": 0.0, "delta": 0.0}}
{"target": -5.803110212722144, "params": {"E_EA": 71.38453753528701, "E_MC": 26.635902984461975, "J": 15.785537550870174}, "datetime": {"datetime": "2024-05-07 22:15:37", "elapsed": 38.201725, "delta": 5.397101}}
{"target": -8.99370223571519, "params": {"E_EA": 109.3644131842248, "E_MC": 3.8799901064708786, "J": -14.948123451286989}, "datetime": {"datetime": "2024-05-07 22:15:43", "elapsed": 8.634501, "delta": 8.634501}}
{"target": -79.80066827427858, "params": {"E_EA": 116.40619044230004, "E_MC": 18.552416851903725, "J": -7.2391138258075385}, "datetime": {"datetime": "2024-05-07 22:15:46", "elapsed": 46.785571, "delta": 8.583846}}
{"target": -100.0, "params": {"E_EA": 60.61270675572504, "E_MC": 3.240072142123845, "J": 11.750136180676115}, "datetime": {"datetime": "2024-05-07 22:15:51", "elapsed": 52.26088, "delta": 5.475309}}
{"target": -100.0, "params": {"E_EA": 29.234916952183955, "E_MC": 22.95075170582182, "J": -1.1233435347049159}, "datetime": {"datetime": "2024-05-07 22:16:14", "elapsed": 39.462882, "delta": 30.828381}}
{"target": -100.0, "params": {"E_EA": 127.27333106754402, "E_MC": 11.931067591935538, "J": 19.618456696242752}, "datetime": {"datetime": "2024-05-07 22:16:21", "elapsed": 47.232527, "delta": 7.769645}}
{"target": -100.0, "params": {"E_EA": 29.236584586052356, "E_MC": 22.853369053919298, "J": -1.086266460446552}, "datetime": {"datetime": "2024-05-07 22:16:22", "elapsed": 82.703539, "delta": 30.442659}}
{"target": -100.0, "params": {"E_EA": 129.87293794314667, "E_MC": 3.0, "J": 10.229629390775155}, "datetime": {"datetime": "2024-05-07 22:16:30", "elapsed": 55.554043, "delta": 8.321516}}
{"target": -100.0, "params": {"E_EA": 40.09099830070545, "E_MC": 13.080113977538788, "J": -12.707851244521477}, "datetime": {"datetime": "2024-05-07 22:16:35", "elapsed": 95.398154, "delta": 12.694615}}
{"target": -100.0, "params": {"E_EA": 74.60230900709072, "E_MC": 12.703897295087023, "J": -16.089504542165255}, "datetime": {"datetime": "2024-05-07 22:16:39", "elapsed": 64.553476, "delta": 8.999433}}
{"target": -100.0, "params": {"E_EA": 72.24220795523286, "E_MC": 13.06110357818578, "J": 19.580686452391532}, "datetime": {"datetime": "2024-05-07 22:16:41", "elapsed": 102.232672, "delta": 6.834518}}
{"target": -100.0, "params": {"E_EA": 129.8174753326476, "E_MC": 3.0, "J": 10.276286193503003}, "datetime": {"datetime": "2024-05-07 22:16:47", "elapsed": 107.521382, "delta": 5.28871}}
{"target": -100.0, "params": {"E_EA": 40.403506134991524, "E_MC": 11.867714810080665, "J": -12.635448905890744}, "datetime": {"datetime": "2024-05-07 22:16:50", "elapsed": 75.657011, "delta": 11.103535}}
{"target": -22.54502325855393, "params": {"E_EA": 48.82820684910557, "E_MC": 16.216132033683134, "J": 11.852565198553219}, "datetime": {"datetime": "2024-05-07 22:16:54", "elapsed": 114.840246, "delta": 7.318864}}
{"target": -100.0, "params": {"E_EA": 117.17139834597018, "E_MC": 17.864611465301383, "J": -9.964063813100513}, "datetime": {"datetime": "2024-05-07 22:17:09", "elapsed": 0.0, "delta": 0.0}}
{"target": -53.22962181568411, "params": {"E_EA": 117.13450000248994, "E_MC": 19.346477518496897, "J": -0.7624454303889578}, "datetime": {"datetime": "2024-05-07 22:17:16", "elapsed": 6.272116, "delta": 6.272116}}
{"target": -100.0, "params": {"E_EA": 20.0, "E_MC": 20.38359473611287, "J": -20.0}, "datetime": {"datetime": "2024-05-07 22:17:20", "elapsed": 105.952648, "delta": 30.295637}}
{"target": -100.0, "params": {"E_EA": 48.47473276174528, "E_MC": 12.510722137210223, "J": 14.099297457990538}, "datetime": {"datetime": "2024-05-07 22:17:21", "elapsed": 11.825672, "delta": 5.553556}}
{"target": -100.0, "params": {"E_EA": 143.54001897797255, "E_MC": 9.465744893517456, "J": -0.27331990174857523}, "datetime": {"datetime": "2024-05-07 22:17:24", "elapsed": 110.130756, "delta": 4.178108}}
{"target": -100.0, "params": {"E_EA": 48.77564855377028, "E_MC": 17.287461699638584, "J": 8.481861109709222}, "datetime": {"datetime": "2024-05-07 22:17:29", "elapsed": 20.170438, "delta": 8.344766}}
{"target": -30.544863263296893, "params": {"E_EA": 85.9550774928629, "E_MC": 26.335764402222335, "J": 8.931931287126709}, "datetime": {"datetime": "2024-05-07 22:17:34", "elapsed": 25.065621, "delta": 4.895183}}
{"target": -100.0, "params": {"E_EA": 47.859745460602184, "E_MC": 16.590907886336314, "J": 8.847425087708222}, "datetime": {"datetime": "2024-05-07 22:17:39", "elapsed": 0.0, "delta": 0.0}}
{"target": -3.3412230711979802, "params": {"E_EA": 89.65590965543772, "E_MC": 26.302607545055455, "J": 10.118714891079279}, "datetime": {"datetime": "2024-05-07 22:17:41", "elapsed": 31.25424, "delta": 6.188619}}
{"target": -42.44105915400932, "params": {"E_EA": 50.945781525305335, "E_MC": 18.83158137493117, "J": 12.667730674207334}, "datetime": {"datetime": "2024-05-07 22:17:46", "elapsed": 6.834034, "delta": 6.834034}}
{"target": -17.9187158482664, "params": {"E_EA": 49.75686537559253, "E_MC": 18.59118372179013, "J": 13.956568006485938}, "datetime": {"datetime": "2024-05-07 22:17:49", "elapsed": 39.773883, "delta": 8.519643}}
{"target": -32.14686925046784, "params": {"E_EA": 86.02811514392539, "E_MC": 26.674909495629993, "J": 9.182879779336282}, "datetime": {"datetime": "2024-05-07 22:17:55", "elapsed": 15.228764, "delta": 8.39473}}
{"target": -17.276622170181735, "params": {"E_EA": 52.91215534802551, "E_MC": 17.965505413323413, "J": 12.577778699565762}, "datetime": {"datetime": "2024-05-07 22:17:57", "elapsed": 47.738128, "delta": 7.964245}}
{"target": -78.23290242244451, "params": {"E_EA": 29.94462743681026, "E_MC": 13.771027930965788, "J": 12.301733275734385}, "datetime": {"datetime": "2024-05-07 22:17:57", "elapsed": 143.388266, "delta": 33.25751}}
{"target": -100.0, "params": {"E_EA": 80.44044345081998, "E_MC": 11.536215423947402, "J": 1.7729627748914787}, "datetime": {"datetime": "2024-05-07 22:18:00", "elapsed": 20.289714, "delta": 5.06095}}
