{"target": -18.460721476498772, "params": {"E_EA": 98.0, "E_MC": 16.0, "J": 0.0}, "datetime": {"datetime": "2024-05-07 21:36:58", "elapsed": 0.0, "delta": 0.0}}
{"target": -100.0, "params": {"E_EA": 63.22610213041799, "E_MC": 15.379792152454415, "J": 1.2895742305535336}, "datetime": {"datetime": "2024-05-07 21:37:01", "elapsed": 3.286609, "delta": 3.286609}}
{"target": -100.0, "params": {"E_EA": 95.55966658263095, "E_MC": 13.907449712168765, "J": -17.534175661429956}, "datetime": {"datetime": "2024-05-07 21:37:01", "elapsed": 3.751351, "delta": 3.751351}}
{"target": -100.0, "params": {"E_EA": 101.55391564914227, "E_MC": 18.013890065185418, "J": -9.170510146815305}, "datetime": {"datetime": "2024-05-07 21:37:04", "elapsed": 6.327485, "delta": 2.576134}}
{"target": -100.0, "params": {"E_EA": 67.44922618816175, "E_MC": 11.255934975798434, "J": -6.85819196946194}, "datetime": {"datetime": "2024-05-07 21:37:04", "elapsed": 6.50286, "delta": 3.216251}}
{"target": -100.0, "params": {"E_EA": 105.88131559628157, "E_MC": 7.759959245811328, "J": -7.5702052510897175}, "datetime": {"datetime": "2024-05-07 21:37:05", "elapsed": 7.58287, "delta": 1.08001}}
{"target": -100.0, "params": {"E_EA": 104.92900336241188, "E_MC": 27.00903052501015, "J": -7.724046788602168}, "datetime": {"datetime": "2024-05-07 21:37:07", "elapsed": 9.500161, "delta": 3.172676}}
{"target": -100.0, "params": {"E_EA": 143.77258366542756, "E_MC": 27.840968543237548, "J": 12.117566854189988}, "datetime": {"datetime": "2024-05-07 21:37:08", "elapsed": 10.208499, "delta": 0.708338}}
{"target": -19.394664095096076, "params": {"E_EA": 62.15308884622399, "E_MC": 6.217246140243087, "J": -1.129801096599003}, "datetime": {"datetime": "2024-05-07 21:37:08", "elapsed": 10.454752, "delta": 2.871882}}
{"target": -28.839833425250262, "params": {"E_EA": 146.52485805279684, "E_MC": 25.303060727057073, "J": -7.31221572132668}, "datetime": {"datetime": "2024-05-07 21:37:10", "elapsed": 12.381042, "delta": 2.172543}}
{"target": -100.0, "params": {"E_EA": 51.97136880998125, "E_MC": 10.93117009553389, "J": 8.20057106886133}, "datetime": {"datetime": "2024-05-07 21:37:10", "elapsed": 12.658113, "delta": 2.203361}}
{"target": -35.43887727671089, "params": {"E_EA": 98.45256964997978, "E_MC": 15.269255222908871, "J": -0.27434395351358276}, "datetime": {"datetime": "2024-05-07 21:37:12", "elapsed": 14.123204, "delta": 1.742162}}
{"target": -46.18684310427759, "params": {"E_EA": 96.44837504457121, "E_MC": 17.140970464532405, "J": 2.075834653755979}, "datetime": {"datetime": "2024-05-07 21:37:13", "elapsed": 15.913402, "delta": 1.790198}}
{"target": -35.66267288827493, "params": {"E_EA": 46.35319296298691, "E_MC": 12.673470806910142, "J": 10.279635979221908}, "datetime": {"datetime": "2024-05-07 21:37:14", "elapsed": 16.027766, "delta": 3.369653}}
{"target": -37.01699560582165, "params": {"E_EA": 97.34342495216416, "E_MC": 15.394100414167328, "J": 0.08563895943190758}, "datetime": {"datetime": "2024-05-07 21:37:15", "elapsed": 17.720402, "delta": 1.692636}}
{"target": -42.53128611707718, "params": {"E_EA": 97.71829074297335, "E_MC": 18.30877585611251, "J": -1.3456069050021482}, "datetime": {"datetime": "2024-05-07 21:37:16", "elapsed": 18.342228, "delta": 2.428826}}
{"target": -2.361271564349471, "params": {"E_EA": 98.87503175855278, "E_MC": 18.101225159046823, "J": 0.5634558245808082}, "datetime": {"datetime": "2024-05-07 21:37:18", "elapsed": 20.140197, "delta": 2.419795}}
{"target": -2.9633542257342778, "params": {"E_EA": 95.42388688236026, "E_MC": 15.625130470096526, "J": -0.9706879490901512}, "datetime": {"datetime": "2024-05-07 21:37:18", "elapsed": 20.912508, "delta": 2.57028}}
{"target": -8.988907352789944, "params": {"E_EA": 93.01510175679054, "E_MC": 13.747904922266901, "J": -1.1571110040114376}, "datetime": {"datetime": "2024-05-07 21:37:20", "elapsed": 22.814569, "delta": 1.902061}}
{"target": -8.97887188118377, "params": {"E_EA": 101.50535193333542, "E_MC": 17.341011286807746, "J": -1.6342057834539627}, "datetime": {"datetime": "2024-05-07 21:37:20", "elapsed": 22.76329, "delta": 2.623093}}
{"target": -100.0, "params": {"E_EA": 102.1596079756773, "E_MC": 16.25584177910841, "J": 2.855794769672467}, "datetime": {"datetime": "2024-05-07 21:37:22", "elapsed": 24.006895, "delta": 1.243605}}
{"target": -100.0, "params": {"E_EA": 91.76006776883725, "E_MC": 15.665016342455363, "J": -4.148962189517658}, "datetime": {"datetime": "2024-05-07 21:37:24", "elapsed": 25.985778, "delta": 3.171209}}
{"target": -79.80943421350652, "params": {"E_EA": 98.53334338744922, "E_MC": 18.614930245848154, "J": -2.434308553926731}, "datetime": {"datetime": "2024-05-07 21:37:24", "elapsed": 26.819899, "delta": 2.813004}}
{"target": -100.0, "params": {"E_EA": 94.82975798084527, "E_MC": 13.3378539707243, "J": 0.712099568816208}, "datetime": {"datetime": "2024-05-07 21:37:25", "elapsed": 27.380965, "delta": 1.395187}}
{"target": -23.120636992569064, "params": {"E_EA": 100.49436631036238, "E_MC": 16.40897377932125, "J": -0.08653654527387289}, "datetime": {"datetime": "2024-05-07 21:37:26", "elapsed": 28.744446, "delta": 1.924547}}
{"target": -10.106606223503238, "params": {"E_EA": 96.72389294128881, "E_MC": 16.138353639890088, "J": -1.5016549061476185}, "datetime": {"datetime": "2024-05-07 21:37:27", "elapsed": 29.754048, "delta": 2.373083}}
{"target": -3.7000837560019244, "params": {"E_EA": 96.92914287544406, "E_MC": 19.016317402645374, "J": 2.002960418030554}, "datetime": {"datetime": "2024-05-07 21:37:28", "elapsed": 30.837694, "delta": 2.093248}}
{"target": -5.14751751464125, "params": {"E_EA": 94.81834495804944, "E_MC": 16.60544748264875, "J": -0.3273810156728416}, "datetime": {"datetime": "2024-05-07 21:37:30", "elapsed": 31.988221, "delta": 2.234173}}
{"target": -13.763953482883549, "params": {"E_EA": 98.524827965133, "E_MC": 22.011077006898596, "J": 2.7419759030666526}, "datetime": {"datetime": "2024-05-07 21:37:31", "elapsed": 33.103984, "delta": 2.26629}}
{"target": -10.759150140997894, "params": {"E_EA": 90.62375322854453, "E_MC": 15.729296700901239, "J": 1.2429428210249647}, "datetime": {"datetime": "2024-05-07 21:37:32", "elapsed": 34.016943, "delta": 2.028722}}
{"target": -79.30462862214434, "params": {"E_EA": 97.3960681097456, "E_MC": 19.867086799156162, "J": 4.821748033340166}, "datetime": {"datetime": "2024-05-07 21:37:32", "elapsed": 34.77872, "delta": 1.674736}}
{"target": -56.73836991317663, "params": {"E_EA": 96.50438554479605, "E_MC": 21.213892623227053, "J": 0.8199268638307101}, "datetime": {"datetime": "2024-05-07 21:37:54", "elapsed": 0.0, "delta": 0.0}}
{"target": -5.855969602837537, "params": {"E_EA": 99.7115006224557, "E_MC": 20.203863511529377, "J": 1.5798547311966635}, "datetime": {"datetime": "2024-05-07 21:37:57", "elapsed": 2.66071, "delta": 2.66071}}
{"target": -8.405276341204365, "params": {"E_EA": 101.5647298815395, "E_MC": 22.321074594030858, "J": 2.8083219223560505}, "datetime": {"datetime": "2024-05-07 21:37:59", "elapsed": 5.066933, "delta": 2.406223}}
{"target": -45.79783328907303, "params": {"E_EA": 90.17959680051855, "E_MC": 13.171535555715149, "J": -0.15609454421506347}, "datetime": {"datetime": "2024-05-07 21:38:01", "elapsed": 7.197673, "delta": 2.13074}}
{"target": -76.20298697360641, "params": {"E_EA": 100.4447263453453, "E_MC": 23.345133860199557, "J": 0.82958916317288}, "datetime": {"datetime": "2024-05-07 21:38:04", "elapsed": 10.054725, "delta": 2.857052}}
{"target": -19.931078645355097, "params": {"E_EA": 101.97681545255277, "E_MC": 22.890044842754936, "J": 5.216016929611321}, "datetime": {"datetime": "2024-05-07 21:38:06", "elapsed": 11.899295, "delta": 1.84457}}
{"target": -7.418998738253458, "params": {"E_EA": 92.52344439082255, "E_MC": 18.02754925321406, "J": 1.2362144660954435}, "datetime": {"datetime": "2024-05-07 21:38:09", "elapsed": 14.412938, "delta": 2.513643}}
{"target": -12.397148942919303, "params": {"E_EA": 89.8311904147494, "E_MC": 18.349801527394213, "J": 1.9268309516482651}, "datetime": {"datetime": "2024-05-07 21:38:11", "elapsed": 16.569035, "delta": 2.156097}}
{"target": -46.151551632986184, "params": {"E_EA": 91.19241539345298, "E_MC": 17.78319791290925, "J": 3.817056559614702}, "datetime": {"datetime": "2024-05-07 21:38:12", "elapsed": 18.236527, "delta": 1.667492}}
{"target": -12.717738979519158, "params": {"E_EA": 103.70939568549998, "E_MC": 21.337252392659746, "J": 3.0899180836655837}, "datetime": {"datetime": "2024-05-07 21:38:14", "elapsed": 20.076417, "delta": 1.83989}}
{"target": -67.39532875036015, "params": {"E_EA": 90.01109523866582, "E_MC": 18.584353242868456, "J": -0.022277901387987242}, "datetime": {"datetime": "2024-05-07 21:38:29", "elapsed": 0.0, "delta": 0.0}}
{"target": -8.512292422841988, "params": {"E_EA": 103.98155846086486, "E_MC": 23.836650097598028, "J": 3.4905660785107524}, "datetime": {"datetime": "2024-05-07 21:38:31", "elapsed": 1.879519, "delta": 1.879519}}
{"target": -100.0, "params": {"E_EA": 104.72401221101839, "E_MC": 21.52883021648337, "J": 5.596703477735826}, "datetime": {"datetime": "2024-05-07 21:38:32", "elapsed": 3.148458, "delta": 1.268939}}
{"target": -20.436004640466244, "params": {"E_EA": 101.94981085824158, "E_MC": 24.974297047709747, "J": 4.16024213557829}, "datetime": {"datetime": "2024-05-07 21:38:34", "elapsed": 5.557337, "delta": 2.408879}}
{"target": -16.113543478344898, "params": {"E_EA": 88.30701353073117, "E_MC": 16.42681203424109, "J": 2.561679611570957}, "datetime": {"datetime": "2024-05-07 21:38:36", "elapsed": 7.486295, "delta": 1.928958}}
{"target": -13.424106700138427, "params": {"E_EA": 105.16099398252379, "E_MC": 21.977095079177882, "J": 1.0987914177656037}, "datetime": {"datetime": "2024-05-07 21:38:38", "elapsed": 9.639722, "delta": 2.153427}}
{"target": -13.934794332636043, "params": {"E_EA": 103.37310497007002, "E_MC": 20.776375533299735, "J": 0.501930964030386}, "datetime": {"datetime": "2024-05-07 21:38:41", "elapsed": 11.920335, "delta": 2.280613}}
{"target": -14.397293174496351, "params": {"E_EA": 104.0670198347303, "E_MC": 18.41633888368656, "J": -1.756035427061841}, "datetime": {"datetime": "2024-05-07 21:38:43", "elapsed": 13.81088, "delta": 1.890545}}
{"target": -76.97265073346833, "params": {"E_EA": 105.9540542662316, "E_MC": 25.88013470980516, "J": 1.17572877617107}, "datetime": {"datetime": "2024-05-07 21:38:45", "elapsed": 16.606648, "delta": 2.795768}}
{"target": -17.400437408503855, "params": {"E_EA": 87.51345941228405, "E_MC": 19.74269071859509, "J": 3.3896402960936314}, "datetime": {"datetime": "2024-05-07 21:38:47", "elapsed": 0.0, "delta": 0.0}}
{"target": -12.563437782370105, "params": {"E_EA": 105.92685468043479, "E_MC": 20.130173018027925, "J": -0.5994103905306112}, "datetime": {"datetime": "2024-05-07 21:38:47", "elapsed": 18.460431, "delta": 1.853783}}
{"target": -44.23837377132098, "params": {"E_EA": 105.68816644584597, "E_MC": 24.954321767530335, "J": 1.8863159149163806}, "datetime": {"datetime": "2024-05-07 21:38:49", "elapsed": 2.278172, "delta": 2.278172}}
{"target": -4.519369622747042, "params": {"E_EA": 103.96414823878875, "E_MC": 15.078244158517247, "J": -3.838089466885531}, "datetime": {"datetime": "2024-05-07 21:38:51", "elapsed": 4.140625, "delta": 1.862453}}
{"target": -26.987458816176673, "params": {"E_EA": 104.4338917272066, "E_MC": 15.346660115317652, "J": -1.859635296062212}, "datetime": {"datetime": "2024-05-07 21:38:53", "elapsed": 5.87749, "delta": 1.736865}}
{"target": -77.24261533091088, "params": {"E_EA": 105.7934499664094, "E_MC": 18.560906707919855, "J": -4.3486194152545785}, "datetime": {"datetime": "2024-05-07 21:38:56", "elapsed": 8.517776, "delta": 2.640286}}
{"target": -2.9576006852322885, "params": {"E_EA": 101.92790558975832, "E_MC": 13.185240201838646, "J": -4.271997113586185}, "datetime": {"datetime": "2024-05-07 21:38:58", "elapsed": 10.658172, "delta": 2.140396}}
{"target": -28.779787937804148, "params": {"E_EA": 105.10524661145524, "E_MC": 12.999266036030356, "J": -4.0702947501882605}, "datetime": {"datetime": "2024-05-07 21:39:00", "elapsed": 12.681661, "delta": 2.023489}}
{"target": -2.285685405525942, "params": {"E_EA": 100.75206599563624, "E_MC": 15.267183132568615, "J": -2.4122839272142436}, "datetime": {"datetime": "2024-05-07 21:39:02", "elapsed": 14.64759, "delta": 1.965929}}
{"target": -100.0, "params": {"E_EA": 101.17644006577383, "E_MC": 11.00620219820502, "J": -2.6502333866120296}, "datetime": {"datetime": "2024-05-07 21:39:03", "elapsed": 15.69997, "delta": 1.05238}}
{"target": -28.121588508925836, "params": {"E_EA": 102.20652458761221, "E_MC": 14.368551627466827, "J": -5.330174345119879}, "datetime": {"datetime": "2024-05-07 21:39:05", "elapsed": 18.167824, "delta": 2.467854}}
{"target": -3.0945818311383118, "params": {"E_EA": 85.23034069855599, "E_MC": 17.63232983967944, "J": 3.1910495303386592}, "datetime": {"datetime": "2024-05-07 21:39:13", "elapsed": 0.0, "delta": 0.0}}
{"target": -100.0, "params": {"E_EA": 86.0003838580334, "E_MC": 16.010436767654266, "J": 4.876698748428879}, "datetime": {"datetime": "2024-05-07 21:39:15", "elapsed": 1.203908, "delta": 1.203908}}
{"target": -58.881976052750055, "params": {"E_EA": 85.53718864466026, "E_MC": 18.64318739657088, "J": 1.5131665394667286}, "datetime": {"datetime": "2024-05-07 21:39:17", "elapsed": 3.790711, "delta": 2.586803}}
{"target": -15.957100025004802, "params": {"E_EA": 101.85956068402544, "E_MC": 14.810426254188418, "J": -2.0346477304331323}, "datetime": {"datetime": "2024-05-07 21:39:19", "elapsed": 5.532394, "delta": 1.741683}}
{"target": -9.585809466692895, "params": {"E_EA": 84.38344125200958, "E_MC": 19.152679393261916, "J": 4.194826054900488}, "datetime": {"datetime": "2024-05-07 21:39:21", "elapsed": 7.53751, "delta": 2.005116}}
{"target": -55.67568219274283, "params": {"E_EA": 102.31054033993604, "E_MC": 17.329455495660945, "J": -3.810706344788649}, "datetime": {"datetime": "2024-05-07 21:39:23", "elapsed": 9.75625, "delta": 2.21874}}
{"target": -3.1835274256745283, "params": {"E_EA": 92.38338685406254, "E_MC": 15.5917801688318, "J": 0.1558105318613947}, "datetime": {"datetime": "2024-05-07 21:39:25", "elapsed": 11.91016, "delta": 2.15391}}
{"target": -11.640314827701088, "params": {"E_EA": 93.56900219760432, "E_MC": 15.381124200636936, "J": -1.524557065139863}, "datetime": {"datetime": "2024-05-07 21:39:27", "elapsed": 13.935036, "delta": 2.024876}}
{"target": -5.710039910580725, "params": {"E_EA": 100.26648690495294, "E_MC": 14.118888037475527, "J": -3.785705338936026}, "datetime": {"datetime": "2024-05-07 21:39:30", "elapsed": 16.317357, "delta": 2.382321}}
{"target": -8.755877381572802, "params": {"E_EA": 82.8699985569234, "E_MC": 17.552327635371395, "J": 3.1706453209812118}, "datetime": {"datetime": "2024-05-07 21:39:32", "elapsed": 18.400107, "delta": 2.08275}}
{"target": -2.5559086005532334, "params": {"E_EA": 102.70721278867659, "E_MC": 18.476744955026234, "J": 0.017703911525025262}, "datetime": {"datetime": "2024-05-07 21:39:34", "elapsed": 0.0, "delta": 0.0}}
{"target": -22.173993591091318, "params": {"E_EA": 86.63708231009787, "E_MC": 22.00766996703611, "J": 5.341860437383605}, "datetime": {"datetime": "2024-05-07 21:39:36", "elapsed": 2.22321, "delta": 2.22321}}
{"target": -6.044522804620637, "params": {"E_EA": 81.74700073967655, "E_MC": 16.942972919419503, "J": 3.1485335622530464}, "datetime": {"datetime": "2024-05-07 21:39:38", "elapsed": 4.566524, "delta": 2.343314}}
{"target": -23.448913451583273, "params": {"E_EA": 105.08997632410428, "E_MC": 18.816648785894248, "J": 0.9889845997030988}, "datetime": {"datetime": "2024-05-07 21:39:40", "elapsed": 6.125946, "delta": 1.559422}}
{"target": -8.63559900950259, "params": {"E_EA": 80.2161668933929, "E_MC": 17.71389095178889, "J": 5.355014720130473}, "datetime": {"datetime": "2024-05-07 21:39:41", "elapsed": 7.92244, "delta": 1.796494}}
{"target": -29.0022948988263, "params": {"E_EA": 78.49565994595119, "E_MC": 16.093678509890218, "J": 5.0313563804185435}, "datetime": {"datetime": "2024-05-07 21:39:43", "elapsed": 9.95154, "delta": 2.0291}}
{"target": -40.09212805838472, "params": {"E_EA": 81.37446485031197, "E_MC": 19.4177124660608, "J": 3.691909965415317}, "datetime": {"datetime": "2024-05-07 21:39:46", "elapsed": 12.216646, "delta": 2.265106}}
{"target": -64.57974910633605, "params": {"E_EA": 80.46969248095346, "E_MC": 19.342505936825937, "J": 3.2539703159904305}, "datetime": {"datetime": "2024-05-07 21:39:46", "elapsed": 0.0, "delta": 0.0}}
{"target": -100.0, "params": {"E_EA": 81.09804442776996, "E_MC": 14.761144018557946, "J": 5.025144127071229}, "datetime": {"datetime": "2024-05-07 21:39:47", "elapsed": 13.925941, "delta": 1.709295}}
{"target": -3.967017876778454, "params": {"E_EA": 81.96971812716853, "E_MC": 15.284857376669652, "J": 1.8761367836556815}, "datetime": {"datetime": "2024-05-07 21:39:48", "elapsed": 2.285049, "delta": 2.285049}}
{"target": -6.054797900239505, "params": {"E_EA": 76.93970143603687, "E_MC": 18.98286670544977, "J": 6.182313687698176}, "datetime": {"datetime": "2024-05-07 21:39:50", "elapsed": 16.191232, "delta": 2.265291}}
{"target": -72.00885202769601, "params": {"E_EA": 82.53516439427793, "E_MC": 18.452000904448237, "J": 6.8595916657948734}, "datetime": {"datetime": "2024-05-07 21:39:50", "elapsed": 4.382394, "delta": 2.097345}}
{"target": -28.44903551822526, "params": {"E_EA": 79.0393156333396, "E_MC": 18.80497700744457, "J": 7.331339747846378}, "datetime": {"datetime": "2024-05-07 21:39:52", "elapsed": 18.254973, "delta": 2.063741}}
{"target": -25.714761173399822, "params": {"E_EA": 79.28950779974392, "E_MC": 15.023311358857486, "J": 1.1990755801318684}, "datetime": {"datetime": "2024-05-07 21:39:53", "elapsed": 6.750848, "delta": 2.368454}}
{"target": -100.0, "params": {"E_EA": 80.9142852754121, "E_MC": 13.88492862268564, "J": 5.329493455642901}, "datetime": {"datetime": "2024-05-07 21:39:54", "elapsed": 7.685855, "delta": 0.935007}}
{"target": -57.470097718291605, "params": {"E_EA": 82.26214368306255, "E_MC": 15.602990824315262, "J": 0.04379783162697137}, "datetime": {"datetime": "2024-05-07 21:39:56", "elapsed": 10.521551, "delta": 2.835696}}
{"target": -2.663507358345812, "params": {"E_EA": 78.08120137027623, "E_MC": 18.72708038276732, "J": 6.403992985996105}, "datetime": {"datetime": "2024-05-07 21:39:59", "elapsed": 12.773083, "delta": 2.251532}}
{"target": -100.0, "params": {"E_EA": 77.90874147818556, "E_MC": 17.47875375543892, "J": 8.24207801042831}, "datetime": {"datetime": "2024-05-07 21:40:00", "elapsed": 14.009228, "delta": 1.236145}}
{"target": -38.584561676306656, "params": {"E_EA": 77.37272999516958, "E_MC": 18.759471982671457, "J": 4.577580486343642}, "datetime": {"datetime": "2024-05-07 21:40:03", "elapsed": 17.018789, "delta": 3.009561}}
{"target": -12.467443219956118, "params": {"E_EA": 101.97728805804385, "E_MC": 20.138363815605217, "J": 2.476760932053118}, "datetime": {"datetime": "2024-05-07 21:40:05", "elapsed": 18.952044, "delta": 1.933255}}
{"target": -60.483686948057084, "params": {"E_EA": 78.58000335115403, "E_MC": 22.399986641174266, "J": 6.644882518234496}, "datetime": {"datetime": "2024-05-07 21:40:08", "elapsed": 0.0, "delta": 0.0}}
{"target": -100.0, "params": {"E_EA": 61.4568435049385, "E_MC": 5.791551273481169, "J": 1.8091359807167642}, "datetime": {"datetime": "2024-05-07 21:40:09", "elapsed": 1.248938, "delta": 1.248938}}
{"target": -100.0, "params": {"E_EA": 62.44044396527294, "E_MC": 6.222576077825, "J": -3.675987965322447}, "datetime": {"datetime": "2024-05-07 21:40:13", "elapsed": 4.491942, "delta": 3.243004}}
{"target": -6.266596910976529, "params": {"E_EA": 108.29512882914112, "E_MC": 21.441208895391345, "J": 0.44778853208720903}, "datetime": {"datetime": "2024-05-07 21:40:15", "elapsed": 6.449459, "delta": 1.957517}}
{"target": -31.109814736337444, "params": {"E_EA": 109.7514320123129, "E_MC": 21.737161745161455, "J": -1.2161299527324871}, "datetime": {"datetime": "2024-05-07 21:40:17", "elapsed": 9.087505, "delta": 2.638046}}
{"target": -69.30297214827877, "params": {"E_EA": 109.43029363826867, "E_MC": 20.62551284752965, "J": 2.4288496415594736}, "datetime": {"datetime": "2024-05-07 21:40:19", "elapsed": 10.564135, "delta": 1.47663}}
{"target": -4.327824537902841, "params": {"E_EA": 98.83548788664422, "E_MC": 23.457756118624395, "J": 4.866180083018683}, "datetime": {"datetime": "2024-05-07 21:40:20", "elapsed": 12.31786, "delta": 1.753725}}
{"target": -4.228830008455751, "params": {"E_EA": 99.41961207178012, "E_MC": 25.53921792436589, "J": 6.838093993388444}, "datetime": {"datetime": "2024-05-07 21:40:22", "elapsed": 14.006955, "delta": 1.689095}}
{"target": -12.307206976832978, "params": {"E_EA": 98.1643157042601, "E_MC": 25.176422737730324, "J": 5.7837999003171525}, "datetime": {"datetime": "2024-05-07 21:40:24", "elapsed": 16.11631, "delta": 2.109355}}
{"target": -27.6899966037756, "params": {"E_EA": 101.615155557606, "E_MC": 25.67617057795552, "J": 8.044123537731874}, "datetime": {"datetime": "2024-05-07 21:40:26", "elapsed": 17.653169, "delta": 1.536859}}
{"target": -57.34010121901598, "params": {"E_EA": 98.41577901039015, "E_MC": 23.87211374722919, "J": 7.82317434486464}, "datetime": {"datetime": "2024-05-07 21:40:33", "elapsed": 0.0, "delta": 0.0}}
{"target": -14.928689321027406, "params": {"E_EA": 100.02691595209366, "E_MC": 24.242741431903667, "J": 4.1854668333981095}, "datetime": {"datetime": "2024-05-07 21:40:35", "elapsed": 2.044826, "delta": 2.044826}}
{"target": -39.416838214214515, "params": {"E_EA": 99.81539348945887, "E_MC": 27.259344490810165, "J": 5.650101684593701}, "datetime": {"datetime": "2024-05-07 21:40:37", "elapsed": 4.124915, "delta": 2.080089}}
{"target": -50.58572113916737, "params": {"E_EA": 106.97602200099627, "E_MC": 22.317485344180493, "J": -0.8607712834691675}, "datetime": {"datetime": "2024-05-07 21:40:39", "elapsed": 6.105479, "delta": 1.980564}}
