{"target": -100.0, "params": {"E_EA": 67.63285423478536, "E_MC": 26.347543184756923, "J": 20.0}, "datetime": {"datetime": "2024-05-07 21:57:45", "elapsed": 67.024361, "delta": 2.667142}}
{"target": -89.3441409280283, "params": {"E_EA": 72.33580625351827, "E_MC": 21.952055026273328, "J": 13.260606641857954}, "datetime": {"datetime": "2024-05-07 21:57:48", "elapsed": 0.0, "delta": 0.0}}
{"target": -100.0, "params": {"E_EA": 120.82366183464104, "E_MC": 3.0, "J": 5.972517353899119}, "datetime": {"datetime": "2024-05-07 21:57:50", "elapsed": 1.42694, "delta": 1.42694}}
{"target": -100.0, "params": {"E_EA": 20.0, "E_MC": 11.367518733933087, "J": -20.0}, "datetime": {"datetime": "2024-05-07 21:58:19", "elapsed": 31.043757, "delta": 29.616817}}
{"target": -100.0, "params": {"E_EA": 60.52501513391351, "E_MC": 3.4352049471069503, "J": -19.957616589944717}, "datetime": {"datetime": "2024-05-07 21:58:26", "elapsed": 37.682522, "delta": 6.638765}}
{"target": -100.0, "params": {"E_EA": 94.99929180518471, "E_MC": 30.0, "J": -20.0}, "datetime": {"datetime": "2024-05-07 21:58:32", "elapsed": 43.596296, "delta": 5.913774}}
{"target": -100.0, "params": {"E_EA": 39.66093092778393, "E_MC": 3.0, "J": -0.06821818947301511}, "datetime": {"datetime": "2024-05-07 21:59:08", "elapsed": 79.642613, "delta": 36.046317}}
{"target": -100.0, "params": {"E_EA": 66.97405262749554, "E_MC": 30.0, "J": -6.108122941425594}, "datetime": {"datetime": "2024-05-07 21:59:15", "elapsed": 86.551912, "delta": 6.909299}}
{"target": -100.0, "params": {"E_EA": 129.1303758478547, "E_MC": 30.0, "J": 20.0}, "datetime": {"datetime": "2024-05-07 21:59:17", "elapsed": 89.098184, "delta": 2.546272}}
{"target": -100.0, "params": {"E_EA": 49.193064766746126, "E_MC": 15.233379679798148, "J": -9.512076268667403}, "datetime": {"datetime": "2024-05-07 21:59:24", "elapsed": 95.76256, "delta": 6.664376}}
{"target": -100.0, "params": {"E_EA": 145.09945937356858, "E_MC": 15.727224457616627, "J": 20.0}, "datetime": {"datetime": "2024-05-07 21:59:27", "elapsed": 98.534859, "delta": 2.772299}}
{"target": -100.0, "params": {"E_EA": 67.30172250580405, "E_MC": 17.694849560005764, "J": -20.0}, "datetime": {"datetime": "2024-05-07 21:59:35", "elapsed": 0.0, "delta": 0.0}}
{"target": -100.0, "params": {"E_EA": 39.659080632500824, "E_MC": 3.0, "J": -0.06758171291649487}, "datetime": {"datetime": "2024-05-07 21:59:35", "elapsed": 0.0, "delta": 0.0}}
{"target": -100.0, "params": {"E_EA": 132.42552347415636, "E_MC": 20.854080053673883, "J": 20.0}, "datetime": {"datetime": "2024-05-07 21:59:37", "elapsed": 2.257406, "delta": 2.257406}}
{"target": -100.0, "params": {"E_EA": 135.45501938193772, "E_MC": 3.0, "J": 2.7153743500482657}, "datetime": {"datetime": "2024-05-07 21:59:37", "elapsed": 2.652674, "delta": 2.652674}}
{"target": -100.0, "params": {"E_EA": 53.63836719378393, "E_MC": 3.0111382056766423, "J": 19.46358942842921}, "datetime": {"datetime": "2024-05-07 21:59:40", "elapsed": 5.419833, "delta": 2.767159}}
{"target": -100.0, "params": {"E_EA": 66.97245435992976, "E_MC": 30.0, "J": -6.112543450613859}, "datetime": {"datetime": "2024-05-07 21:59:43", "elapsed": 8.460166, "delta": 6.20276}}
{"target": -100.0, "params": {"E_EA": 112.30428154519336, "E_MC": 15.468357265211472, "J": -20.0}, "datetime": {"datetime": "2024-05-07 21:59:45", "elapsed": 10.63717, "delta": 5.217337}}
{"target": -100.0, "params": {"E_EA": 49.19704330799141, "E_MC": 15.233738177809922, "J": -9.514338049798557}, "datetime": {"datetime": "2024-05-07 21:59:50", "elapsed": 14.908166, "delta": 6.448}}
{"target": -100.0, "params": {"E_EA": 67.2992321337018, "E_MC": 17.69497233064482, "J": -20.0}, "datetime": {"datetime": "2024-05-07 21:59:56", "elapsed": 20.975343, "delta": 6.067177}}
{"target": -100.0, "params": {"E_EA": 149.48183870605052, "E_MC": 16.898707362635605, "J": 19.80279488270856}, "datetime": {"datetime": "2024-05-07 21:59:59", "elapsed": 24.139044, "delta": 3.163701}}
{"target": -100.0, "params": {"E_EA": 136.40926293964998, "E_MC": 3.6505739641050274, "J": 2.201221800790517}, "datetime": {"datetime": "2024-05-07 22:00:01", "elapsed": 26.517873, "delta": 2.378829}}
{"target": -100.0, "params": {"E_EA": 34.16433279646547, "E_MC": 29.879280543878426, "J": 4.056066493739845}, "datetime": {"datetime": "2024-05-07 22:00:02", "elapsed": 27.863725, "delta": 17.226555}}
{"target": -100.0, "params": {"E_EA": 112.29679385957716, "E_MC": 15.47936151602863, "J": -20.0}, "datetime": {"datetime": "2024-05-07 22:00:08", "elapsed": 33.153343, "delta": 6.63547}}
{"target": -100.0, "params": {"E_EA": 59.47734975808341, "E_MC": 13.382535973548126, "J": 20.0}, "datetime": {"datetime": "2024-05-07 22:00:10", "elapsed": 35.040002, "delta": 1.886659}}
{"target": -100.0, "params": {"E_EA": 40.97708077034137, "E_MC": 20.46946020112796, "J": -20.0}, "datetime": {"datetime": "2024-05-07 22:00:18", "elapsed": 43.733449, "delta": 8.693447}}
{"target": -100.0, "params": {"E_EA": 33.238985881848166, "E_MC": 14.315842302573207, "J": -5.773125471036371}, "datetime": {"datetime": "2024-05-07 22:00:35", "elapsed": 60.354612, "delta": 32.490887}}
{"target": -100.0, "params": {"E_EA": 132.31329511964358, "E_MC": 30.0, "J": -20.0}, "datetime": {"datetime": "2024-05-07 22:00:41", "elapsed": 66.461997, "delta": 6.107385}}
{"target": -32.40390653901685, "params": {"E_EA": 86.09621074326154, "E_MC": 3.060284133496873, "J": -8.778820053179754}, "datetime": {"datetime": "2024-05-07 22:00:44", "elapsed": 0.0, "delta": 0.0}}
{"target": -100.0, "params": {"E_EA": 91.35931454713015, "E_MC": 3.04032607237285, "J": -5.8670932291430375}, "datetime": {"datetime": "2024-05-07 22:00:46", "elapsed": 2.240228, "delta": 2.240228}}
{"target": -100.0, "params": {"E_EA": 41.05151373556717, "E_MC": 20.608919573399916, "J": -20.0}, "datetime": {"datetime": "2024-05-07 22:00:48", "elapsed": 73.770042, "delta": 7.308045}}
{"target": -100.0, "params": {"E_EA": 82.64899279680928, "E_MC": 5.384012023026436, "J": -11.064511088242256}, "datetime": {"datetime": "2024-05-07 22:00:51", "elapsed": 7.432138, "delta": 5.19191}}
{"target": -10.793099969664418, "params": {"E_EA": 89.16004373769267, "E_MC": 3.5210475962047973, "J": -10.210542320109791}, "datetime": {"datetime": "2024-05-07 22:00:52", "elapsed": 77.447508, "delta": 3.677466}}
{"target": -100.0, "params": {"E_EA": 87.13021680491919, "E_MC": 3.0, "J": -7.126646656970633}, "datetime": {"datetime": "2024-05-07 22:00:54", "elapsed": 79.652185, "delta": 2.204677}}
{"target": -100.0, "params": {"E_EA": 103.73378710227394, "E_MC": 3.0, "J": -20.0}, "datetime": {"datetime": "2024-05-07 22:00:57", "elapsed": 13.359924, "delta": 5.927786}}
{"target": -100.0, "params": {"E_EA": 133.79819860694388, "E_MC": 29.673485398602754, "J": -19.96853158866611}, "datetime": {"datetime": "2024-05-07 22:01:03", "elapsed": 19.7794, "delta": 6.419476}}
{"target": -100.0, "params": {"E_EA": 94.8308240833601, "E_MC": 14.24547265338042, "J": 20.0}, "datetime": {"datetime": "2024-05-07 22:01:05", "elapsed": 21.646117, "delta": 1.866717}}
{"target": -100.0, "params": {"E_EA": 82.51255837071935, "E_MC": 16.524796742148336, "J": -20.0}, "datetime": {"datetime": "2024-05-07 22:01:12", "elapsed": 28.767607, "delta": 7.12149}}
{"target": -100.0, "params": {"E_EA": 118.7121193858357, "E_MC": 3.5327966599301805, "J": -7.157930824964861}, "datetime": {"datetime": "2024-05-07 22:01:16", "elapsed": 32.577751, "delta": 3.810144}}
{"target": -70.89405030364942, "params": {"E_EA": 88.25284333792604, "E_MC": 3.506082439910103, "J": -12.343398708210106}, "datetime": {"datetime": "2024-05-07 22:01:20", "elapsed": 0.0, "delta": 0.0}}
{"target": -60.89169224264822, "params": {"E_EA": 92.2094767524363, "E_MC": 6.71538930430145, "J": -10.181367213899879}, "datetime": {"datetime": "2024-05-07 22:01:25", "elapsed": 4.827958, "delta": 4.827958}}
{"target": -100.0, "params": {"E_EA": 119.94708542414666, "E_MC": 3.220987423464811, "J": -6.1356141258680275}, "datetime": {"datetime": "2024-05-07 22:01:28", "elapsed": 7.8254, "delta": 2.997442}}
{"target": -76.91944166202472, "params": {"E_EA": 24.47910145906259, "E_MC": 15.391941039738457, "J": 14.03891148822521}, "datetime": {"datetime": "2024-05-07 22:01:54", "elapsed": 70.350617, "delta": 37.772866}}
{"target": -100.0, "params": {"E_EA": 87.97371973921672, "E_MC": 30.0, "J": -8.714787130075717}, "datetime": {"datetime": "2024-05-07 22:02:00", "elapsed": 76.700514, "delta": 6.349897}}
{"target": -100.0, "params": {"E_EA": 20.71539176994077, "E_MC": 16.4927106983561, "J": 13.771201053849474}, "datetime": {"datetime": "2024-05-07 22:02:04", "elapsed": 44.381822, "delta": 36.556422}}
{"target": -100.0, "params": {"E_EA": 127.31347982602944, "E_MC": 13.609671283406461, "J": 10.146658588777143}, "datetime": {"datetime": "2024-05-07 22:02:07", "elapsed": 47.55353, "delta": 3.171708}}
{"target": -100.0, "params": {"E_EA": 50.68316167597058, "E_MC": 3.0, "J": -7.320262212825261}, "datetime": {"datetime": "2024-05-07 22:02:14", "elapsed": 54.052966, "delta": 6.499436}}
{"target": -100.0, "params": {"E_EA": 94.76285482354703, "E_MC": 3.0, "J": 9.578161764088097}, "datetime": {"datetime": "2024-05-07 22:02:17", "elapsed": 56.925795, "delta": 2.872829}}
{"target": -100.0, "params": {"E_EA": 87.97228317054558, "E_MC": 30.0, "J": -8.719904547356391}, "datetime": {"datetime": "2024-05-07 22:02:24", "elapsed": 63.81157, "delta": 6.885775}}
{"target": -100.0, "params": {"E_EA": 108.26069932352883, "E_MC": 3.0, "J": 6.185713861634941}, "datetime": {"datetime": "2024-05-07 22:02:27", "elapsed": 66.867147, "delta": 3.055577}}
{"target": -100.0, "params": {"E_EA": 54.03990560258146, "E_MC": 23.052502090788554, "J": 8.925396391138122}, "datetime": {"datetime": "2024-05-07 22:02:34", "elapsed": 73.839993, "delta": 6.972846}}
{"target": -100.0, "params": {"E_EA": 54.848244515344454, "E_MC": 23.37203719100899, "J": 7.73339480126652}, "datetime": {"datetime": "2024-05-07 22:02:35", "elapsed": 0.0, "delta": 0.0}}
{"target": -100.0, "params": {"E_EA": 54.54195903360082, "E_MC": 14.851849611158466, "J": -20.0}, "datetime": {"datetime": "2024-05-07 22:02:43", "elapsed": 7.86659, "delta": 7.86659}}
{"target": -100.0, "params": {"E_EA": 117.16220088397898, "E_MC": 30.0, "J": 20.0}, "datetime": {"datetime": "2024-05-07 22:02:45", "elapsed": 10.277822, "delta": 2.411232}}
{"target": -100.0, "params": {"E_EA": 78.52443935877078, "E_MC": 3.0, "J": 11.01262300421474}, "datetime": {"datetime": "2024-05-07 22:02:49", "elapsed": 13.423326, "delta": 3.145504}}
{"target": -100.0, "params": {"E_EA": 42.080706417447956, "E_MC": 10.456897265286386, "J": 9.98248360720579}, "datetime": {"datetime": "2024-05-07 22:02:56", "elapsed": 21.269051, "delta": 7.845725}}
{"target": -100.0, "params": {"E_EA": 28.206257138935865, "E_MC": 3.0, "J": -20.0}, "datetime": {"datetime": "2024-05-07 22:03:20", "elapsed": 45.155792, "delta": 23.886741}}
{"target": -100.0, "params": {"E_EA": 27.74795232307002, "E_MC": 3.3445457718756155, "J": -18.14860724832844}, "datetime": {"datetime": "2024-05-07 22:03:31", "elapsed": 0.0, "delta": 0.0}}
{"target": -100.0, "params": {"E_EA": 41.21205628711587, "E_MC": 30.0, "J": -13.394855119135567}, "datetime": {"datetime": "2024-05-07 22:03:40", "elapsed": 8.080465, "delta": 8.080465}}
{"target": -100.0, "params": {"E_EA": 20.0, "E_MC": 17.89447640208576, "J": -9.28512092136119}, "datetime": {"datetime": "2024-05-07 22:03:55", "elapsed": 79.795412, "delta": 34.63962}}
{"target": -89.42138353319146, "params": {"E_EA": 83.54207119092861, "E_MC": 29.869896558867417, "J": 18.205240491949183}, "datetime": {"datetime": "2024-05-07 22:04:00", "elapsed": 85.376328, "delta": 5.580916}}
{"target": -100.0, "params": {"E_EA": 106.14618945505153, "E_MC": 18.147892238249355, "J": 20.0}, "datetime": {"datetime": "2024-05-07 22:04:07", "elapsed": 91.852291, "delta": 6.475963}}
{"target": -100.0, "params": {"E_EA": 149.7471091772007, "E_MC": 3.6597863324956137, "J": -4.452180178920253}, "datetime": {"datetime": "2024-05-07 22:04:10", "elapsed": 95.012009, "delta": 3.159718}}
{"target": -100.0, "params": {"E_EA": 20.0, "E_MC": 17.910439783071364, "J": -9.286222039194229}, "datetime": {"datetime": "2024-05-07 22:04:14", "elapsed": 42.180278, "delta": 34.099813}}
{"target": -100.0, "params": {"E_EA": 150.0, "E_MC": 30.0, "J": -20.0}, "datetime": {"datetime": "2024-05-07 22:04:19", "elapsed": 47.518404, "delta": 5.338126}}
{"target": -100.0, "params": {"E_EA": 119.21486166504533, "E_MC": 3.067086001211104, "J": 19.284498192784923}, "datetime": {"datetime": "2024-05-07 22:04:20", "elapsed": 0.0, "delta": 0.0}}
{"target": -100.0, "params": {"E_EA": 140.46597106257377, "E_MC": 13.457273858846323, "J": 9.04800014080723}, "datetime": {"datetime": "2024-05-07 22:04:22", "elapsed": 50.176309, "delta": 2.657905}}
{"target": -100.0, "params": {"E_EA": 140.29296842282014, "E_MC": 13.605853459309309, "J": 9.16111960680297}, "datetime": {"datetime": "2024-05-07 22:04:22", "elapsed": 2.041845, "delta": 2.041845}}
{"target": -100.0, "params": {"E_EA": 82.63906016823165, "E_MC": 29.909362804021452, "J": 19.29585417038433}, "datetime": {"datetime": "2024-05-07 22:04:25", "elapsed": 53.706092, "delta": 3.529783}}
{"target": -100.0, "params": {"E_EA": 31.539539220798932, "E_MC": 3.0, "J": 20.0}, "datetime": {"datetime": "2024-05-07 22:04:28", "elapsed": 56.516345, "delta": 2.810253}}
{"target": -100.0, "params": {"E_EA": 150.0, "E_MC": 30.0, "J": 20.0}, "datetime": {"datetime": "2024-05-07 22:04:30", "elapsed": 58.4372, "delta": 1.920855}}
{"target": -10.672512188549296, "params": {"E_EA": 126.57031528445593, "E_MC": 3.0, "J": -20.0}, "datetime": {"datetime": "2024-05-07 22:04:33", "elapsed": 61.84273, "delta": 3.40553}}
{"target": -30.12256267537406, "params": {"E_EA": 126.15985786760452, "E_MC": 6.5460045950490064, "J": -18.02430890809803}, "datetime": {"datetime": "2024-05-07 22:04:38", "elapsed": 66.912601, "delta": 5.069871}}
{"target": -100.0, "params": {"E_EA": 20.0, "E_MC": 30.0, "J": -6.039334723862279}, "datetime": {"datetime": "2024-05-07 22:04:49", "elapsed": 29.20395, "delta": 27.162105}}
{"target": -58.28509892529084, "params": {"E_EA": 123.02522188604166, "E_MC": 4.423258760512615, "J": -19.991610723393933}, "datetime": {"datetime": "2024-05-07 22:04:51", "elapsed": 0.0, "delta": 0.0}}
{"target": -100.0, "params": {"E_EA": 150.0, "E_MC": 30.0, "J": -20.0}, "datetime": {"datetime": "2024-05-07 22:04:55", "elapsed": 35.027938, "delta": 5.823988}}
{"target": -11.199300974169688, "params": {"E_EA": 129.95600013588182, "E_MC": 4.411853024880138, "J": -18.138399416525314}, "datetime": {"datetime": "2024-05-07 22:04:56", "elapsed": 4.470318, "delta": 4.470318}}
{"target": -88.44222835930503, "params": {"E_EA": 127.43101328208182, "E_MC": 3.396112901617901, "J": -16.907260059724166}, "datetime": {"datetime": "2024-05-07 22:04:59", "elapsed": 7.997989, "delta": 3.527671}}
{"target": -100.0, "params": {"E_EA": 105.89260625960996, "E_MC": 26.192099962320846, "J": -20.0}, "datetime": {"datetime": "2024-05-07 22:05:02", "elapsed": 41.775951, "delta": 6.748013}}
{"target": -77.194209346644, "params": {"E_EA": 128.58311624015516, "E_MC": 8.249619999142434, "J": -19.42648108418735}, "datetime": {"datetime": "2024-05-07 22:05:03", "elapsed": 12.133317, "delta": 4.135328}}
{"target": -100.0, "params": {"E_EA": 81.77563691046366, "E_MC": 14.263312881084246, "J": 20.0}, "datetime": {"datetime": "2024-05-07 22:05:06", "elapsed": 14.768771, "delta": 2.635454}}
{"target": -6.175342219189821, "params": {"E_EA": 127.2377911634159, "E_MC": 3.2779072534289915, "J": -18.88203696135946}, "datetime": {"datetime": "2024-05-07 22:05:06", "elapsed": 46.119649, "delta": 4.343698}}
{"target": -7.16344085660803, "params": {"E_EA": 131.2401484374521, "E_MC": 3.0, "J": -20.0}, "datetime": {"datetime": "2024-05-07 22:05:10", "elapsed": 18.899439, "delta": 4.130668}}
{"target": -7.4746951434301145, "params": {"E_EA": 124.71279756131418, "E_MC": 3.994412587093938, "J": -17.483704387830763}, "datetime": {"datetime": "2024-05-07 22:05:11", "elapsed": 50.888126, "delta": 4.768477}}
{"target": -78.96166719020887, "params": {"E_EA": 125.77612117458575, "E_MC": 6.482117272005767, "J": -20.0}, "datetime": {"datetime": "2024-05-07 22:05:17", "elapsed": 56.670587, "delta": 5.782461}}
{"target": -100.0, "params": {"E_EA": 106.25991448377013, "E_MC": 26.292736486704303, "J": -18.95471719518031}, "datetime": {"datetime": "2024-05-07 22:05:17", "elapsed": 25.677952, "delta": 6.778513}}
{"target": -77.46802359039104, "params": {"E_EA": 127.67573871362032, "E_MC": 4.803358242214319, "J": -16.092313711358894}, "datetime": {"datetime": "2024-05-07 22:05:20", "elapsed": 60.258372, "delta": 3.587785}}
{"target": -100.0, "params": {"E_EA": 121.5332118482452, "E_MC": 3.7614866940384264, "J": -14.497035523315326}, "datetime": {"datetime": "2024-05-07 22:05:25", "elapsed": 64.74942, "delta": 4.491048}}
{"target": -100.0, "params": {"E_EA": 59.3626068918711, "E_MC": 21.67064626236741, "J": -9.189686166274765}, "datetime": {"datetime": "2024-05-07 22:05:48", "elapsed": 0.0, "delta": 0.0}}
{"target": -100.0, "params": {"E_EA": 20.0, "E_MC": 30.0, "J": -6.0394752498300655}, "datetime": {"datetime": "2024-05-07 22:05:50", "elapsed": 59.326419, "delta": 33.648467}}
{"target": -100.0, "params": {"E_EA": 75.02785796599127, "E_MC": 21.314343135913695, "J": -10.136643992921405}, "datetime": {"datetime": "2024-05-07 22:05:55", "elapsed": 7.534885, "delta": 7.534885}}
{"target": -100.0, "params": {"E_EA": 59.68076914180956, "E_MC": 21.66118964141994, "J": -9.564214584175517}, "datetime": {"datetime": "2024-05-07 22:05:58", "elapsed": 66.531169, "delta": 7.20475}}
{"target": -94.52222890742095, "params": {"E_EA": 122.24247724845878, "E_MC": 10.075845013244798, "J": -16.226343349909897}, "datetime": {"datetime": "2024-05-07 22:06:03", "elapsed": 71.622459, "delta": 5.09129}}
{"target": -100.0, "params": {"E_EA": 29.543439260271537, "E_MC": 13.482390024954373, "J": 5.099968909697152}, "datetime": {"datetime": "2024-05-07 22:06:28", "elapsed": 40.030795, "delta": 32.49591}}
{"target": -100.0, "params": {"E_EA": 29.54308981764647, "E_MC": 13.50081922596361, "J": 5.1108474058883155}, "datetime": {"datetime": "2024-05-07 22:06:51", "elapsed": 0.0, "delta": 0.0}}
{"target": -100.0, "params": {"E_EA": 31.775860625375568, "E_MC": 14.1918389879893, "J": -20.0}, "datetime": {"datetime": "2024-05-07 22:06:56", "elapsed": 68.532809, "delta": 28.502014}}
{"target": -100.0, "params": {"E_EA": 123.99929648527487, "E_MC": 20.702100114367408, "J": -20.0}, "datetime": {"datetime": "2024-05-07 22:07:01", "elapsed": 73.553596, "delta": 5.020787}}
{"target": -100.0, "params": {"E_EA": 146.5507848673409, "E_MC": 3.0, "J": 20.0}, "datetime": {"datetime": "2024-05-07 22:07:04", "elapsed": 75.723585, "delta": 2.169989}}
{"target": -100.0, "params": {"E_EA": 43.13399256254084, "E_MC": 3.0, "J": 20.0}, "datetime": {"datetime": "2024-05-07 22:07:07", "elapsed": 79.634657, "delta": 3.911072}}
{"target": -14.89839909948503, "params": {"E_EA": 128.73502403320023, "E_MC": 4.109393195335006, "J": -19.890429007617428}, "datetime": {"datetime": "2024-05-07 22:07:12", "elapsed": 83.773029, "delta": 4.138372}}
{"target": -100.0, "params": {"E_EA": 66.5225948810671, "E_MC": 29.251846609592228, "J": -19.503196558967755}, "datetime": {"datetime": "2024-05-07 22:07:13", "elapsed": 0.0, "delta": 0.0}}
{"target": -100.0, "params": {"E_EA": 66.93270037380849, "E_MC": 10.412651256546539, "J": 12.001626364504796}, "datetime": {"datetime": "2024-05-07 22:07:16", "elapsed": 2.774812, "delta": 2.774812}}
{"target": -100.0, "params": {"E_EA": 31.77701681874647, "E_MC": 14.191321022110444, "J": -20.0}, "datetime": {"datetime": "2024-05-07 22:07:18", "elapsed": 26.871788, "delta": 26.871788}}
{"target": -100.0, "params": {"E_EA": 62.01500234773623, "E_MC": 30.0, "J": 3.4439472394834287}, "datetime": {"datetime": "2024-05-07 22:07:19", "elapsed": 91.202822, "delta": 7.429793}}
{"target": -100.0, "params": {"E_EA": 133.27991359430484, "E_MC": 3.1021990928503698, "J": -17.47886172037329}, "datetime": {"datetime": "2024-05-07 22:07:23", "elapsed": 94.898408, "delta": 3.695586}}
{"target": -100.0, "params": {"E_EA": 61.9889009269258, "E_MC": 30.0, "J": 3.4202583787531093}, "datetime": {"datetime": "2024-05-07 22:07:25", "elapsed": 11.176973, "delta": 8.402161}}
{"target": -100.0, "params": {"E_EA": 67.14490200823728, "E_MC": 30.0, "J": -20.0}, "datetime": {"datetime": "2024-05-07 22:07:27", "elapsed": 36.337408, "delta": 9.46562}}
{"target": -100.0, "params": {"E_EA": 20.0, "E_MC": 30.0, "J": -20.0}, "datetime": {"datetime": "2024-05-07 22:07:53", "elapsed": 39.445604, "delta": 28.268631}}
{"target": -100.0, "params": {"E_EA": 20.02052745954186, "E_MC": 29.73227189349005, "J": -19.36875078909801}, "datetime": {"datetime": "2024-05-07 22:07:57", "elapsed": 65.922268, "delta": 29.58486}}
{"target": -100.0, "params": {"E_EA": 69.98556464690739, "E_MC": 4.330882784101171, "J": -14.901959753771798}, "datetime": {"datetime": "2024-05-07 22:08:00", "elapsed": 46.760435, "delta": 7.314831}}
{"target": -100.0, "params": {"E_EA": 70.08541127202979, "E_MC": 3.0, "J": -13.773914575359516}, "datetime": {"datetime": "2024-05-07 22:08:04", "elapsed": 73.407042, "delta": 7.484774}}
{"target": -100.0, "params": {"E_EA": 40.08196411413818, "E_MC": 22.10934020497608, "J": -3.8841048788720336}, "datetime": {"datetime": "2024-05-07 22:08:09", "elapsed": 55.389331, "delta": 8.628896}}
{"target": -100.0, "params": {"E_EA": 145.40379746929608, "E_MC": 3.1890860147926685, "J": 19.562306384470233}, "datetime": {"datetime": "2024-05-07 22:08:09", "elapsed": 77.956367, "delta": 4.549325}}
{"target": -100.0, "params": {"E_EA": 150.0, "E_MC": 17.719232642064473, "J": 8.149415161804534}, "datetime": {"datetime": "2024-05-07 22:08:13", "elapsed": 59.406556, "delta": 4.017225}}
