{"target": -22.940909550575103, "params": {"E_EA": 103.28069526189132, "E_MC": 22.904895179975952, "J": 2.0369103905601627}, "datetime": {"datetime": "2024-05-07 21:40:41", "elapsed": 8.01411, "delta": 1.908631}}
{"target": -3.6556432191014783, "params": {"E_EA": 98.38312931226329, "E_MC": 19.175698581305433, "J": 1.901881842428537}, "datetime": {"datetime": "2024-05-07 21:40:43", "elapsed": 9.707861, "delta": 1.693751}}
{"target": -29.826793244521138, "params": {"E_EA": 100.32151802777291, "E_MC": 21.5898487339469, "J": 4.801262241665697}, "datetime": {"datetime": "2024-05-07 21:40:44", "elapsed": 11.153364, "delta": 1.445503}}
{"target": -35.82058832691782, "params": {"E_EA": 89.0717736981931, "E_MC": 22.58852312999725, "J": 4.68417704207047}, "datetime": {"datetime": "2024-05-07 21:40:46", "elapsed": 13.04394, "delta": 1.890576}}
{"target": -41.029970179423835, "params": {"E_EA": 97.2267128818828, "E_MC": 24.40925195825921, "J": 3.908602601932838}, "datetime": {"datetime": "2024-05-07 21:40:48", "elapsed": 15.017838, "delta": 1.973898}}
{"target": -20.293542190141782, "params": {"E_EA": 101.7435377675343, "E_MC": 19.364077469172212, "J": -0.6612143292246095}, "datetime": {"datetime": "2024-05-07 21:40:50", "elapsed": 16.876569, "delta": 1.858731}}
{"target": -30.67562961909078, "params": {"E_EA": 94.72096621489462, "E_MC": 18.39231303113346, "J": -0.1945799604048588}, "datetime": {"datetime": "2024-05-07 21:40:53", "elapsed": 0.0, "delta": 0.0}}
{"target": -100.0, "params": {"E_EA": 84.2772592959778, "E_MC": 24.4747823870448, "J": 3.331826190477191}, "datetime": {"datetime": "2024-05-07 21:40:56", "elapsed": 2.66222, "delta": 2.66222}}
{"target": -83.5780797905021, "params": {"E_EA": 73.91329210861979, "E_MC": 20.25772579193531, "J": 5.474288406460495}, "datetime": {"datetime": "2024-05-07 21:40:58", "elapsed": 5.076461, "delta": 2.414241}}
{"target": -32.763979530000476, "params": {"E_EA": 87.80721952144474, "E_MC": 19.972014690169452, "J": 6.2304196159792244}, "datetime": {"datetime": "2024-05-07 21:40:59", "elapsed": 6.519155, "delta": 1.442694}}
{"target": -34.007955978252404, "params": {"E_EA": 96.30625550108445, "E_MC": 14.621885761618977, "J": -3.7780787656925057}, "datetime": {"datetime": "2024-05-07 21:41:01", "elapsed": 8.472426, "delta": 1.953271}}
{"target": -3.785819294896495, "params": {"E_EA": 108.37800354703433, "E_MC": 18.591615175800953, "J": -1.0313399089460553}, "datetime": {"datetime": "2024-05-07 21:41:03", "elapsed": 10.351859, "delta": 1.879433}}
{"target": -7.438564058235712, "params": {"E_EA": 110.91346446166062, "E_MC": 18.789456836461383, "J": -2.543554437300216}, "datetime": {"datetime": "2024-05-07 21:41:06", "elapsed": 12.934064, "delta": 2.582205}}
{"target": -55.304328474462054, "params": {"E_EA": 108.38049151460207, "E_MC": 16.677552143370242, "J": -1.043632471517025}, "datetime": {"datetime": "2024-05-07 21:41:07", "elapsed": 0.0, "delta": 0.0}}
{"target": -44.92536468061049, "params": {"E_EA": 110.1540475996413, "E_MC": 16.96373177010479, "J": -1.2128971436528875}, "datetime": {"datetime": "2024-05-07 21:41:07", "elapsed": 14.379096, "delta": 1.445032}}
{"target": -17.634077317362127, "params": {"E_EA": 109.9471216975851, "E_MC": 19.320020673528003, "J": 0.1522466654429202}, "datetime": {"datetime": "2024-05-07 21:41:09", "elapsed": 1.690198, "delta": 1.690198}}
{"target": -70.06018873098978, "params": {"E_EA": 111.05074596686973, "E_MC": 18.696074883134337, "J": -5.351140364845266}, "datetime": {"datetime": "2024-05-07 21:41:10", "elapsed": 16.594521, "delta": 2.215425}}
{"target": -2.9944102875073493, "params": {"E_EA": 110.18249400100555, "E_MC": 18.5076392700804, "J": -2.1047700648083953}, "datetime": {"datetime": "2024-05-07 21:41:11", "elapsed": 4.095438, "delta": 2.40524}}
{"target": -14.931869190913318, "params": {"E_EA": 112.72261445767508, "E_MC": 19.89524823172539, "J": -2.594060868789242}, "datetime": {"datetime": "2024-05-07 21:41:12", "elapsed": 19.377285, "delta": 2.782764}}
{"target": -12.643997700157556, "params": {"E_EA": 112.36022057866835, "E_MC": 17.888457486313413, "J": -1.9578016697716727}, "datetime": {"datetime": "2024-05-07 21:41:13", "elapsed": 5.985352, "delta": 1.889914}}
{"target": -46.15931102693339, "params": {"E_EA": 112.18236695936163, "E_MC": 15.179970645981685, "J": -3.2727779345199224}, "datetime": {"datetime": "2024-05-07 21:41:15", "elapsed": 8.26912, "delta": 2.283768}}
{"target": -32.19274111632812, "params": {"E_EA": 111.69703778153733, "E_MC": 19.759394695636257, "J": -3.375719545844153}, "datetime": {"datetime": "2024-05-07 21:41:17", "elapsed": 10.29601, "delta": 2.02689}}
{"target": -35.413709980807425, "params": {"E_EA": 113.52129587138859, "E_MC": 19.040172103699728, "J": -0.3912473715082996}, "datetime": {"datetime": "2024-05-07 21:41:19", "elapsed": 11.751469, "delta": 1.455459}}
{"target": -59.303480695144586, "params": {"E_EA": 99.4519405746046, "E_MC": 13.21810130087506, "J": -6.620523220331149}, "datetime": {"datetime": "2024-05-07 21:41:21", "elapsed": 14.018966, "delta": 2.267497}}
{"target": -6.460215238901734, "params": {"E_EA": 105.00107799891401, "E_MC": 26.133880804087934, "J": 5.503147286333132}, "datetime": {"datetime": "2024-05-07 21:41:23", "elapsed": 15.772664, "delta": 1.753698}}
{"target": -17.88852236629023, "params": {"E_EA": 105.08365057641615, "E_MC": 26.424839677550057, "J": 7.449697093573008}, "datetime": {"datetime": "2024-05-07 21:41:24", "elapsed": 17.183914, "delta": 1.41125}}
{"target": -7.9171033214978435, "params": {"E_EA": 107.148303133767, "E_MC": 27.235040365088942, "J": 5.78154987179979}, "datetime": {"datetime": "2024-05-07 21:41:25", "elapsed": 0.0, "delta": 0.0}}
{"target": -13.569266102861995, "params": {"E_EA": 109.6682133004687, "E_MC": 27.87604473929757, "J": 7.405654990960912}, "datetime": {"datetime": "2024-05-07 21:41:27", "elapsed": 1.430208, "delta": 1.430208}}
{"target": -18.885004820880624, "params": {"E_EA": 106.12372186226324, "E_MC": 27.190718308980255, "J": 7.934627281900835}, "datetime": {"datetime": "2024-05-07 21:41:28", "elapsed": 2.89366, "delta": 1.463452}}
{"target": -37.16061917554403, "params": {"E_EA": 108.80158365650003, "E_MC": 29.761869505388148, "J": 5.35295099558077}, "datetime": {"datetime": "2024-05-07 21:41:30", "elapsed": 4.908655, "delta": 2.014995}}
{"target": -60.629924381612305, "params": {"E_EA": 108.38187617271532, "E_MC": 25.52697560579536, "J": 6.987026811624848}, "datetime": {"datetime": "2024-05-07 21:41:32", "elapsed": 6.285598, "delta": 1.376943}}
{"target": -13.888359784313806, "params": {"E_EA": 104.66634122740665, "E_MC": 28.809434157458313, "J": 7.1930009067958345}, "datetime": {"datetime": "2024-05-07 21:41:33", "elapsed": 8.076592, "delta": 1.790994}}
{"target": -41.44141651723098, "params": {"E_EA": 105.2617197669904, "E_MC": 28.468421002737973, "J": 4.980816346565426}, "datetime": {"datetime": "2024-05-07 21:41:36", "elapsed": 10.200638, "delta": 2.124046}}
{"target": -72.04615082809856, "params": {"E_EA": 111.9843512874409, "E_MC": 28.330412745554767, "J": 8.986929095493764}, "datetime": {"datetime": "2024-05-07 21:41:37", "elapsed": 11.493086, "delta": 1.292448}}
{"target": -8.177415872769037, "params": {"E_EA": 108.83847747942887, "E_MC": 19.59813591754862, "J": -1.4411116819069676}, "datetime": {"datetime": "2024-05-07 21:41:39", "elapsed": 13.37933, "delta": 1.886244}}
{"target": -24.746556648757316, "params": {"E_EA": 104.83676792940767, "E_MC": 28.408732379432642, "J": 9.55339903941843}, "datetime": {"datetime": "2024-05-07 21:41:40", "elapsed": 15.075546, "delta": 1.696216}}
{"target": -6.216811437774631, "params": {"E_EA": 98.76223869172416, "E_MC": 27.936427455171298, "J": 9.182004092246888}, "datetime": {"datetime": "2024-05-07 21:42:02", "elapsed": 0.0, "delta": 0.0}}
{"target": -6.414127364540472, "params": {"E_EA": 101.31143219046804, "E_MC": 28.97939801507571, "J": 9.030264355571891}, "datetime": {"datetime": "2024-05-07 21:42:04", "elapsed": 1.8352, "delta": 1.8352}}
{"target": -4.6727544251238955, "params": {"E_EA": 96.8999460408422, "E_MC": 29.851594362726686, "J": 11.122550395648794}, "datetime": {"datetime": "2024-05-07 21:42:06", "elapsed": 3.427496, "delta": 1.592296}}
{"target": -5.933991129265442, "params": {"E_EA": 99.9501583021375, "E_MC": 29.79911875396394, "J": 10.684877416962408}, "datetime": {"datetime": "2024-05-07 21:42:07", "elapsed": 4.952945, "delta": 1.525449}}
{"target": -76.040872565464, "params": {"E_EA": 97.73097803299265, "E_MC": 27.830947461154537, "J": 11.880330991615274}, "datetime": {"datetime": "2024-05-07 21:42:08", "elapsed": 0.0, "delta": 0.0}}
{"target": -62.191894412692385, "params": {"E_EA": 98.46096379746871, "E_MC": 28.049575251457114, "J": 11.777190154857252}, "datetime": {"datetime": "2024-05-07 21:42:08", "elapsed": 6.259046, "delta": 1.306101}}
{"target": -32.18246358234292, "params": {"E_EA": 95.97316577419674, "E_MC": 28.419018017253226, "J": 7.814475563520908}, "datetime": {"datetime": "2024-05-07 21:42:10", "elapsed": 1.864988, "delta": 1.864988}}
{"target": -4.488528875937805, "params": {"E_EA": 94.91971529913452, "E_MC": 29.11654796657719, "J": 10.864124748726638}, "datetime": {"datetime": "2024-05-07 21:42:10", "elapsed": 7.83057, "delta": 1.571524}}
{"target": -15.506928551160112, "params": {"E_EA": 98.67739997902575, "E_MC": 30.0, "J": 9.247492641634935}, "datetime": {"datetime": "2024-05-07 21:42:12", "elapsed": 3.724965, "delta": 1.859977}}
{"target": -37.74972752925785, "params": {"E_EA": 96.12320214792472, "E_MC": 29.152629227391344, "J": 8.190106987351825}, "datetime": {"datetime": "2024-05-07 21:42:12", "elapsed": 9.671577, "delta": 1.841007}}
{"target": -20.289084637860913, "params": {"E_EA": 99.23424693949093, "E_MC": 29.59823624898337, "J": 8.708054951717322}, "datetime": {"datetime": "2024-05-07 21:42:14", "elapsed": 11.513225, "delta": 1.841648}}
{"target": -49.496746268122095, "params": {"E_EA": 100.20964017809062, "E_MC": 29.978991907932524, "J": 7.030361845636655}, "datetime": {"datetime": "2024-05-07 21:42:14", "elapsed": 5.789195, "delta": 2.06423}}
{"target": -6.3231024250450405, "params": {"E_EA": 94.39358662652525, "E_MC": 29.3628048951561, "J": 12.042686905874376}, "datetime": {"datetime": "2024-05-07 21:42:15", "elapsed": 7.374968, "delta": 1.585773}}
{"target": -10.16718261394106, "params": {"E_EA": 95.11654301536072, "E_MC": 30.0, "J": 12.76319540002922}, "datetime": {"datetime": "2024-05-07 21:42:15", "elapsed": 13.324382, "delta": 1.811157}}
{"target": -39.92358313941792, "params": {"E_EA": 95.13573959056016, "E_MC": 30.0, "J": 13.959509721445066}, "datetime": {"datetime": "2024-05-07 21:42:17", "elapsed": 8.918636, "delta": 1.543668}}
{"target": -10.526865439648727, "params": {"E_EA": 92.79121968941938, "E_MC": 30.0, "J": 11.487447077431211}, "datetime": {"datetime": "2024-05-07 21:42:17", "elapsed": 15.216947, "delta": 1.892565}}
{"target": -22.857308966517188, "params": {"E_EA": 95.07656866384572, "E_MC": 30.0, "J": 10.171590235785716}, "datetime": {"datetime": "2024-05-07 21:42:19", "elapsed": 10.900512, "delta": 1.981876}}
{"target": -3.5497174646806533, "params": {"E_EA": 92.72561918909524, "E_MC": 29.980295265945312, "J": 12.441249300536434}, "datetime": {"datetime": "2024-05-07 21:42:21", "elapsed": 12.547819, "delta": 1.647307}}
{"target": -5.9729696006171435, "params": {"E_EA": 91.6664526633029, "E_MC": 28.170821728618375, "J": 10.634242979049514}, "datetime": {"datetime": "2024-05-07 21:42:22", "elapsed": 14.358582, "delta": 1.810763}}
{"target": -100.0, "params": {"E_EA": 92.4671359372492, "E_MC": 27.275080474103042, "J": 13.287470679892849}, "datetime": {"datetime": "2024-05-07 21:42:24", "elapsed": 15.783997, "delta": 1.425415}}
{"target": -9.706097697943804, "params": {"E_EA": 102.1150172604791, "E_MC": 29.884030301366302, "J": 10.845076463447327}, "datetime": {"datetime": "2024-05-07 21:42:29", "elapsed": 0.0, "delta": 0.0}}
{"target": -68.94633523138194, "params": {"E_EA": 90.95707790233075, "E_MC": 27.796064222834566, "J": 7.225139146260325}, "datetime": {"datetime": "2024-05-07 21:42:31", "elapsed": 2.394171, "delta": 2.394171}}
{"target": -34.282512962736014, "params": {"E_EA": 89.04969743208565, "E_MC": 29.512150178144182, "J": 10.788716818737718}, "datetime": {"datetime": "2024-05-07 21:42:33", "elapsed": 4.345937, "delta": 1.951766}}
{"target": -27.46877483568837, "params": {"E_EA": 100.83587388509616, "E_MC": 28.24495129563765, "J": 10.61190947445208}, "datetime": {"datetime": "2024-05-07 21:42:35", "elapsed": 6.082191, "delta": 1.736254}}
{"target": -6.897348677320751, "params": {"E_EA": 108.08331648387185, "E_MC": 29.644911653618603, "J": 8.035102759803863}, "datetime": {"datetime": "2024-05-07 21:42:37", "elapsed": 8.06096, "delta": 1.978769}}
{"target": -100.0, "params": {"E_EA": 107.20603218682918, "E_MC": 29.79514517777293, "J": 12.87643661370275}, "datetime": {"datetime": "2024-05-07 21:42:38", "elapsed": 9.371221, "delta": 1.310261}}
{"target": -9.759448054497378, "params": {"E_EA": 115.86461104074935, "E_MC": 19.443044074608217, "J": -3.3996134011814094}, "datetime": {"datetime": "2024-05-07 21:42:41", "elapsed": 11.623902, "delta": 2.252681}}
{"target": -68.1295826520465, "params": {"E_EA": 115.6337416286543, "E_MC": 22.12280882812471, "J": -3.763428480735076}, "datetime": {"datetime": "2024-05-07 21:42:43", "elapsed": 13.997719, "delta": 2.373817}}
{"target": -82.49694369516787, "params": {"E_EA": 117.32302888548475, "E_MC": 16.489744450333156, "J": -2.674097563292989}, "datetime": {"datetime": "2024-05-07 21:42:45", "elapsed": 15.588526, "delta": 1.590807}}
{"target": -9.659164075810862, "params": {"E_EA": 146.5135883516214, "E_MC": 21.640886565662836, "J": -9.169061841904988}, "datetime": {"datetime": "2024-05-07 21:42:47", "elapsed": 17.763619, "delta": 2.175093}}
{"target": -4.179227323555703, "params": {"E_EA": 148.90212427947162, "E_MC": 22.196228573480855, "J": -8.439413516842437}, "datetime": {"datetime": "2024-05-07 21:42:57", "elapsed": 0.0, "delta": 0.0}}
{"target": -24.417293357244713, "params": {"E_EA": 147.49429786990348, "E_MC": 21.291889234695986, "J": -6.7497905704230465}, "datetime": {"datetime": "2024-05-07 21:42:59", "elapsed": 1.978103, "delta": 1.978103}}
{"target": -6.3979985795993715, "params": {"E_EA": 148.70865637498636, "E_MC": 20.57510056375757, "J": -10.175417756552646}, "datetime": {"datetime": "2024-05-07 21:43:01", "elapsed": 4.684997, "delta": 2.706894}}
{"target": -22.577552124288573, "params": {"E_EA": 146.71836314870544, "E_MC": 18.300613875549416, "J": -9.39202895939868}, "datetime": {"datetime": "2024-05-07 21:43:03", "elapsed": 6.681027, "delta": 1.99603}}
{"target": -80.72853306269155, "params": {"E_EA": 148.08812412689724, "E_MC": 22.425330558629305, "J": -12.104888128859791}, "datetime": {"datetime": "2024-05-07 21:43:06", "elapsed": 9.511821, "delta": 2.830794}}
{"target": -10.472000238303776, "params": {"E_EA": 149.82706059760145, "E_MC": 24.564915551244006, "J": -7.399077042775385}, "datetime": {"datetime": "2024-05-07 21:43:09", "elapsed": 11.936456, "delta": 2.424635}}
{"target": -100.0, "params": {"E_EA": 149.75033543747858, "E_MC": 18.186755236727798, "J": -8.096142278556187}, "datetime": {"datetime": "2024-05-07 21:43:10", "elapsed": 13.44917, "delta": 1.512714}}
{"target": -6.048955793436595, "params": {"E_EA": 143.47292840388081, "E_MC": 20.1461391753632, "J": -7.914966663148743}, "datetime": {"datetime": "2024-05-07 21:43:12", "elapsed": 15.628236, "delta": 2.179066}}
{"target": -16.49356786306401, "params": {"E_EA": 142.87373246044794, "E_MC": 19.653928244681502, "J": -10.27974526417002}, "datetime": {"datetime": "2024-05-07 21:43:15", "elapsed": 18.27154, "delta": 2.643304}}
{"target": -7.896663861557114, "params": {"E_EA": 144.79349578700285, "E_MC": 20.220713219594792, "J": -9.587821498219867}, "datetime": {"datetime": "2024-05-07 21:43:17", "elapsed": 20.824655, "delta": 2.553115}}
{"target": -41.4456615796813, "params": {"E_EA": 141.975649078512, "E_MC": 22.76560791183132, "J": -8.997736695717894}, "datetime": {"datetime": "2024-05-07 21:43:24", "elapsed": 0.0, "delta": 0.0}}
{"target": -47.406148228457305, "params": {"E_EA": 143.84295906817124, "E_MC": 17.84335449017225, "J": -8.368399596482051}, "datetime": {"datetime": "2024-05-07 21:43:26", "elapsed": 1.826791, "delta": 1.826791}}
{"target": -4.08802655492986, "params": {"E_EA": 144.71649333381416, "E_MC": 21.83921528321579, "J": -7.197965999361374}, "datetime": {"datetime": "2024-05-07 21:43:28", "elapsed": 4.116816, "delta": 2.290025}}
{"target": -43.035623967042106, "params": {"E_EA": 142.63627877739643, "E_MC": 22.00688131269075, "J": -4.383390175357945}, "datetime": {"datetime": "2024-05-07 21:43:30", "elapsed": 5.948969, "delta": 1.832153}}
{"target": -5.877671675362931, "params": {"E_EA": 149.42266284999988, "E_MC": 25.85837428579726, "J": -4.720651451217094}, "datetime": {"datetime": "2024-05-07 21:43:32", "elapsed": 8.100781, "delta": 2.151812}}
{"target": -28.15455218169829, "params": {"E_EA": 150.0, "E_MC": 27.299348212844922, "J": -6.555031671229603}, "datetime": {"datetime": "2024-05-07 21:43:35", "elapsed": 10.66602, "delta": 2.565239}}
{"target": -100.0, "params": {"E_EA": 149.1619033877676, "E_MC": 23.420034054836147, "J": -3.1637255886209275}, "datetime": {"datetime": "2024-05-07 21:43:36", "elapsed": 12.217891, "delta": 1.551871}}
{"target": -11.280349732356733, "params": {"E_EA": 149.31568357145517, "E_MC": 28.33094983577302, "J": -4.17308550425914}, "datetime": {"datetime": "2024-05-07 21:43:39", "elapsed": 14.586829, "delta": 2.368938}}
{"target": -12.55619144465492, "params": {"E_EA": 147.41190095299805, "E_MC": 27.12926585361949, "J": -4.746008901050801}, "datetime": {"datetime": "2024-05-07 21:43:41", "elapsed": 16.937954, "delta": 2.351125}}
{"target": -10.238123871016795, "params": {"E_EA": 147.8940527155732, "E_MC": 29.64490288502529, "J": -2.434072937254914}, "datetime": {"datetime": "2024-05-07 21:43:43", "elapsed": 19.229404, "delta": 2.29145}}
{"target": -30.485819358636824, "params": {"E_EA": 145.55100439428492, "E_MC": 28.929566363051922, "J": -4.3038826580251754}, "datetime": {"datetime": "2024-05-07 21:43:46", "elapsed": 0.0, "delta": 0.0}}
{"target": -19.09206639825345, "params": {"E_EA": 149.83983761807997, "E_MC": 27.60099287640489, "J": -2.0491060357118904}, "datetime": {"datetime": "2024-05-07 21:43:49", "elapsed": 2.411214, "delta": 2.411214}}
{"target": -19.208390667532598, "params": {"E_EA": 146.95049114154543, "E_MC": 27.612507940547804, "J": -1.2520523927290697}, "datetime": {"datetime": "2024-05-07 21:43:51", "elapsed": 4.583379, "delta": 2.172165}}
{"target": -67.9039850646389, "params": {"E_EA": 141.91661696903634, "E_MC": 18.68572675871475, "J": -13.512668451474998}, "datetime": {"datetime": "2024-05-07 21:43:54", "elapsed": 7.516377, "delta": 2.932998}}
{"target": -65.28967633978252, "params": {"E_EA": 149.51876479684108, "E_MC": 29.847903665582354, "J": 1.3353501077353904}, "datetime": {"datetime": "2024-05-07 21:43:56", "elapsed": 9.348483, "delta": 1.832106}}
{"target": -38.77969069948964, "params": {"E_EA": 143.06870755078083, "E_MC": 28.236062911801927, "J": 0.9161906577914003}, "datetime": {"datetime": "2024-05-07 21:43:57", "elapsed": 11.298092, "delta": 1.949609}}
{"target": -6.8903340913525915, "params": {"E_EA": 140.8966707116249, "E_MC": 19.843582510566403, "J": -7.513654944598404}, "datetime": {"datetime": "2024-05-07 21:44:00", "elapsed": 13.54026, "delta": 2.242168}}
{"target": -4.528486464603959, "params": {"E_EA": 138.59856485237816, "E_MC": 18.90462290157061, "J": -8.891773845781863}, "datetime": {"datetime": "2024-05-07 21:44:02", "elapsed": 15.993432, "delta": 2.453172}}
{"target": -35.76967303877925, "params": {"E_EA": 138.65388017838183, "E_MC": 18.869084328035353, "J": -6.563666569886908}, "datetime": {"datetime": "2024-05-07 21:44:04", "elapsed": 17.943676, "delta": 1.950244}}
{"target": -20.40677197112903, "params": {"E_EA": 140.06082945506594, "E_MC": 20.083408661089052, "J": -9.690457948439535}, "datetime": {"datetime": "2024-05-07 21:44:07", "elapsed": 20.607072, "delta": 2.663396}}
{"target": -81.74369026444104, "params": {"E_EA": 135.07477142653727, "E_MC": 21.01181006338745, "J": -9.961749775066338}, "datetime": {"datetime": "2024-05-07 21:44:16", "elapsed": 0.0, "delta": 0.0}}
{"target": -4.210060487387995, "params": {"E_EA": 138.54960445825208, "E_MC": 16.230226144666354, "J": -10.233452463397409}, "datetime": {"datetime": "2024-05-07 21:44:18", "elapsed": 2.155926, "delta": 2.155926}}
{"target": -4.242345138754656, "params": {"E_EA": 136.47380124407917, "E_MC": 15.548570784495912, "J": -10.326575348760372}, "datetime": {"datetime": "2024-05-07 21:44:20", "elapsed": 4.470992, "delta": 2.315066}}
{"target": -91.82245656534849, "params": {"E_EA": 137.18409386580663, "E_MC": 14.792966843205052, "J": -8.607166393061817}, "datetime": {"datetime": "2024-05-07 21:44:22", "elapsed": 6.13768, "delta": 1.666688}}
{"target": -18.477125885710393, "params": {"E_EA": 138.13111273027135, "E_MC": 16.085966827687038, "J": -12.320137370235615}, "datetime": {"datetime": "2024-05-07 21:44:25", "elapsed": 8.630147, "delta": 2.492467}}
{"target": -3.229741344303688, "params": {"E_EA": 136.08004170082202, "E_MC": 14.003348100023421, "J": -12.459406508375057}, "datetime": {"datetime": "2024-05-07 21:44:27", "elapsed": 10.929017, "delta": 2.29887}}
{"target": -21.805296912819415, "params": {"E_EA": 135.3947804880712, "E_MC": 16.09521032032658, "J": -11.875334537714185}, "datetime": {"datetime": "2024-05-07 21:44:30", "elapsed": 13.648967, "delta": 2.71995}}
{"target": -15.390919890410892, "params": {"E_EA": 137.06869586623705, "E_MC": 17.797437689058356, "J": -10.522679300951797}, "datetime": {"datetime": "2024-05-07 21:44:32", "elapsed": 0.0, "delta": 0.0}}
