{"target": -23.895865550237705, "params": {"E_EA": 137.7927323242211, "E_MC": 18.266145349707273, "J": -10.777185134950287}, "datetime": {"datetime": "2024-05-07 21:44:32", "elapsed": 16.366291, "delta": 2.717324}}
{"target": -14.720394575687388, "params": {"E_EA": 138.23739496716485, "E_MC": 13.549964547064809, "J": -11.811725587104043}, "datetime": {"datetime": "2024-05-07 21:44:34", "elapsed": 18.569172, "delta": 2.202881}}
{"target": -50.59365722027424, "params": {"E_EA": 133.98378947260252, "E_MC": 15.848963327199517, "J": -12.854138102356805}, "datetime": {"datetime": "2024-05-07 21:44:35", "elapsed": 2.836048, "delta": 2.836048}}
{"target": -3.166854213458246, "params": {"E_EA": 140.1724021269123, "E_MC": 17.990914622953646, "J": -9.359383770836875}, "datetime": {"datetime": "2024-05-07 21:44:37", "elapsed": 20.885952, "delta": 2.31678}}
{"target": -17.13543916596213, "params": {"E_EA": 137.60617146225297, "E_MC": 13.88367578138966, "J": -11.177893602327199}, "datetime": {"datetime": "2024-05-07 21:44:37", "elapsed": 4.941484, "delta": 2.105436}}
{"target": -9.446375859254188, "params": {"E_EA": 139.78602350555178, "E_MC": 17.915450438420542, "J": -8.702411739563555}, "datetime": {"datetime": "2024-05-07 21:44:39", "elapsed": 7.112345, "delta": 2.170861}}
{"target": -21.199442703157988, "params": {"E_EA": 136.35036294984585, "E_MC": 11.840478562123959, "J": -15.666357016344419}, "datetime": {"datetime": "2024-05-07 21:44:42", "elapsed": 10.04261, "delta": 2.930265}}
{"target": -50.73194520259006, "params": {"E_EA": 136.75135413885891, "E_MC": 10.826219180677963, "J": -12.897622700906869}, "datetime": {"datetime": "2024-05-07 21:44:44", "elapsed": 12.010194, "delta": 1.967584}}
{"target": -45.869564552786116, "params": {"E_EA": 136.89680627827994, "E_MC": 14.247968928541978, "J": -14.879735271448013}, "datetime": {"datetime": "2024-05-07 21:44:47", "elapsed": 14.917004, "delta": 2.90681}}
{"target": -82.08323647095445, "params": {"E_EA": 135.2620747760987, "E_MC": 10.86113160010052, "J": -18.47712796617316}, "datetime": {"datetime": "2024-05-07 21:44:50", "elapsed": 17.827159, "delta": 2.910155}}
{"target": -27.45564133436921, "params": {"E_EA": 136.2699480143035, "E_MC": 16.295383638671904, "J": -12.06232290576645}, "datetime": {"datetime": "2024-05-07 21:44:52", "elapsed": 20.441448, "delta": 2.614289}}
{"target": -3.534443482746583, "params": {"E_EA": 140.52697987356717, "E_MC": 16.625376585320154, "J": -10.44593975751587}, "datetime": {"datetime": "2024-05-07 21:44:55", "elapsed": 22.64807, "delta": 2.206622}}
{"target": -14.521485672001205, "params": {"E_EA": 140.55439830668507, "E_MC": 14.876897835735747, "J": -11.19048709955203}, "datetime": {"datetime": "2024-05-07 21:45:03", "elapsed": 0.0, "delta": 0.0}}
{"target": -65.21282397626739, "params": {"E_EA": 142.61083100904648, "E_MC": 11.765584649939033, "J": -13.119973465279218}, "datetime": {"datetime": "2024-05-07 21:45:05", "elapsed": 1.743318, "delta": 1.743318}}
{"target": -6.9635246481108375, "params": {"E_EA": 77.04492511727418, "E_MC": 11.553655869443018, "J": -0.26105867602524313}, "datetime": {"datetime": "2024-05-07 21:45:08", "elapsed": 4.432048, "delta": 2.68873}}
{"target": -50.424971774591505, "params": {"E_EA": 75.40947387111966, "E_MC": 13.321195289323084, "J": -0.027842235178568854}, "datetime": {"datetime": "2024-05-07 21:45:11", "elapsed": 7.556731, "delta": 3.124683}}
{"target": -33.19119876793991, "params": {"E_EA": 78.57694853423277, "E_MC": 9.88971464338597, "J": -0.5142334575308456}, "datetime": {"datetime": "2024-05-07 21:45:13", "elapsed": 9.780781, "delta": 2.22405}}
{"target": -100.0, "params": {"E_EA": 75.83872123088109, "E_MC": 9.834987815501176, "J": 1.0488037512858115}, "datetime": {"datetime": "2024-05-07 21:45:15", "elapsed": 11.819239, "delta": 2.038458}}
{"target": -33.82887096070779, "params": {"E_EA": 78.26993476916834, "E_MC": 12.353597594318078, "J": -1.020196342293616}, "datetime": {"datetime": "2024-05-07 21:45:18", "elapsed": 14.949576, "delta": 3.130337}}
{"target": -9.862220665351739, "params": {"E_EA": 146.18481104887417, "E_MC": 19.149055170353122, "J": -11.146584476848309}, "datetime": {"datetime": "2024-05-07 21:45:21", "elapsed": 17.879538, "delta": 2.929962}}
{"target": -2.6941565053729892, "params": {"E_EA": 147.22333217163887, "E_MC": 16.846182419657474, "J": -12.435531679092424}, "datetime": {"datetime": "2024-05-07 21:45:23", "elapsed": 20.325877, "delta": 2.446339}}
{"target": -37.97085244999384, "params": {"E_EA": 147.9250244756493, "E_MC": 14.386511851426196, "J": -12.452920380869074}, "datetime": {"datetime": "2024-05-07 21:45:26", "elapsed": 22.432177, "delta": 2.1063}}
{"target": -20.575333985547474, "params": {"E_EA": 149.35771339827514, "E_MC": 17.259097374243055, "J": -14.354419186332388}, "datetime": {"datetime": "2024-05-07 21:45:30", "elapsed": 0.0, "delta": 0.0}}
{"target": -16.506401051450144, "params": {"E_EA": 147.0860631132698, "E_MC": 16.460613347884824, "J": -14.016183971094737}, "datetime": {"datetime": "2024-05-07 21:45:33", "elapsed": 2.678283, "delta": 2.678283}}
{"target": -81.03904164213064, "params": {"E_EA": 147.0100624537427, "E_MC": 19.183958225850475, "J": -14.992626765173034}, "datetime": {"datetime": "2024-05-07 21:45:36", "elapsed": 6.033646, "delta": 3.355363}}
{"target": -28.99849770049285, "params": {"E_EA": 149.86415688834245, "E_MC": 14.366543315149617, "J": -17.31588576895239}, "datetime": {"datetime": "2024-05-07 21:45:39", "elapsed": 8.902937, "delta": 2.869291}}
{"target": -14.51728755469905, "params": {"E_EA": 133.9927014247799, "E_MC": 12.817081073446738, "J": -11.378852613191865}, "datetime": {"datetime": "2024-05-07 21:45:41", "elapsed": 11.21979, "delta": 2.316853}}
{"target": -6.433753085161837, "params": {"E_EA": 145.47329322531363, "E_MC": 16.186921126725917, "J": -11.724751374114138}, "datetime": {"datetime": "2024-05-07 21:45:44", "elapsed": 13.461142, "delta": 2.241352}}
{"target": -76.07718842072026, "params": {"E_EA": 130.38752626526792, "E_MC": 11.643198540911479, "J": -10.338162146987631}, "datetime": {"datetime": "2024-05-07 21:45:46", "elapsed": 15.322944, "delta": 1.861802}}
{"target": -8.847967748788088, "params": {"E_EA": 103.14643552118248, "E_MC": 29.703476014197292, "J": 8.761101865484253}, "datetime": {"datetime": "2024-05-07 21:45:48", "elapsed": 17.705325, "delta": 2.382381}}
{"target": -57.70972045897281, "params": {"E_EA": 76.78717819714728, "E_MC": 10.626460318455328, "J": -2.751012489021207}, "datetime": {"datetime": "2024-05-07 21:45:51", "elapsed": 20.950132, "delta": 3.244807}}
{"target": -59.12915106236454, "params": {"E_EA": 149.3630399130398, "E_MC": 25.25581430983157, "J": -9.67841202089511}, "datetime": {"datetime": "2024-05-07 21:45:54", "elapsed": 23.762065, "delta": 2.811933}}
{"target": -61.36107448459355, "params": {"E_EA": 148.03659278669463, "E_MC": 30.0, "J": -5.4214213937375755}, "datetime": {"datetime": "2024-05-07 21:45:55", "elapsed": 0.0, "delta": 0.0}}
{"target": -4.189764870091103, "params": {"E_EA": 107.08787965103566, "E_MC": 20.061516878110076, "J": 0.5358635085347174}, "datetime": {"datetime": "2024-05-07 21:45:57", "elapsed": 2.344316, "delta": 2.344316}}
{"target": -4.084689892754048, "params": {"E_EA": 93.5745579572779, "E_MC": 27.511056983137387, "J": 9.742499055648134}, "datetime": {"datetime": "2024-05-07 21:45:59", "elapsed": 4.842852, "delta": 2.498536}}
{"target": -39.45021320342581, "params": {"E_EA": 145.01950890838413, "E_MC": 20.28289570110174, "J": -6.6259156234326575}, "datetime": {"datetime": "2024-05-07 21:46:01", "elapsed": 6.77679, "delta": 1.933938}}
{"target": -38.14476837345384, "params": {"E_EA": 149.87953926340808, "E_MC": 24.04012315202974, "J": -9.692276280634777}, "datetime": {"datetime": "2024-05-07 21:46:04", "elapsed": 9.576893, "delta": 2.800103}}
{"target": -28.36895361937744, "params": {"E_EA": 144.30318378092994, "E_MC": 22.490076976775303, "J": -9.116420542751964}, "datetime": {"datetime": "2024-05-07 21:46:07", "elapsed": 12.458248, "delta": 2.881355}}
{"target": -8.647213115439639, "params": {"E_EA": 145.55008426168962, "E_MC": 29.797599239773525, "J": -1.4024737110520533}, "datetime": {"datetime": "2024-05-07 21:46:09", "elapsed": 14.804859, "delta": 2.346611}}
{"target": -6.883356736120351, "params": {"E_EA": 147.20961156773396, "E_MC": 9.533595618449185, "J": -19.34409580835699}, "datetime": {"datetime": "2024-05-07 21:46:12", "elapsed": 17.35832, "delta": 2.553461}}
{"target": -17.43196899611316, "params": {"E_EA": 145.9211007148756, "E_MC": 7.544762424827609, "J": -18.767177827886314}, "datetime": {"datetime": "2024-05-07 21:46:14", "elapsed": 19.48443, "delta": 2.12611}}
{"target": -33.85338230957142, "params": {"E_EA": 146.84110211888398, "E_MC": 12.103003460472811, "J": -18.510815492571826}, "datetime": {"datetime": "2024-05-07 21:46:17", "elapsed": 22.332778, "delta": 2.848348}}
{"target": -26.03416544018156, "params": {"E_EA": 144.8762052242756, "E_MC": 9.66243493119276, "J": -20.0}, "datetime": {"datetime": "2024-05-07 21:46:28", "elapsed": 0.0, "delta": 0.0}}
{"target": -5.40530777021162, "params": {"E_EA": 149.54147903912104, "E_MC": 8.93094245833558, "J": -18.985924748676297}, "datetime": {"datetime": "2024-05-07 21:46:31", "elapsed": 2.179192, "delta": 2.179192}}
{"target": -100.0, "params": {"E_EA": 147.57136200661384, "E_MC": 7.764550072392241, "J": -16.421350900631964}, "datetime": {"datetime": "2024-05-07 21:46:32", "elapsed": 3.529004, "delta": 1.349812}}
{"target": -3.8500792583731687, "params": {"E_EA": 149.16538116288524, "E_MC": 10.698522532636858, "J": -18.612974732623975}, "datetime": {"datetime": "2024-05-07 21:46:34", "elapsed": 5.999639, "delta": 2.470635}}
{"target": -20.239732003927017, "params": {"E_EA": 148.7094972995426, "E_MC": 10.448270550293268, "J": -19.92017769503263}, "datetime": {"datetime": "2024-05-07 21:46:37", "elapsed": 8.766257, "delta": 2.766618}}
{"target": -11.315208282466529, "params": {"E_EA": 142.4423321086174, "E_MC": 6.456858022094722, "J": -19.204388491119392}, "datetime": {"datetime": "2024-05-07 21:46:40", "elapsed": 11.2288, "delta": 2.462543}}
{"target": -2.5376509111956875, "params": {"E_EA": 140.48498875575154, "E_MC": 7.874161410522765, "J": -18.46982198370594}, "datetime": {"datetime": "2024-05-07 21:46:42", "elapsed": 13.846693, "delta": 2.617893}}
{"target": -100.0, "params": {"E_EA": 139.11756048247656, "E_MC": 4.698965305498973, "J": -17.93016576642284}, "datetime": {"datetime": "2024-05-07 21:46:44", "elapsed": 15.608391, "delta": 1.761698}}
{"target": -3.57427682804658, "params": {"E_EA": 141.30226499306426, "E_MC": 9.160597575656329, "J": -17.15739696066446}, "datetime": {"datetime": "2024-05-07 21:46:46", "elapsed": 18.002428, "delta": 2.394037}}
{"target": -21.22750838779111, "params": {"E_EA": 141.797934490374, "E_MC": 9.032679284997162, "J": -19.365048671974307}, "datetime": {"datetime": "2024-05-07 21:46:49", "elapsed": 20.959392, "delta": 2.956964}}
{"target": -16.21813576390949, "params": {"E_EA": 143.3173800594853, "E_MC": 8.937035880087528, "J": -16.940157117830772}, "datetime": {"datetime": "2024-05-07 21:47:05", "elapsed": 0.0, "delta": 0.0}}
{"target": -84.89321898619127, "params": {"E_EA": 142.21547965991877, "E_MC": 7.591288320118195, "J": -16.461921077282287}, "datetime": {"datetime": "2024-05-07 21:47:06", "elapsed": 1.235425, "delta": 1.235425}}
{"target": -17.113638884393502, "params": {"E_EA": 143.82713658160975, "E_MC": 11.662273810833717, "J": -17.428052880430812}, "datetime": {"datetime": "2024-05-07 21:47:08", "elapsed": 3.144421, "delta": 1.908996}}
{"target": -40.92857676739776, "params": {"E_EA": 141.11597069482377, "E_MC": 11.632314600414047, "J": -18.016123426380602}, "datetime": {"datetime": "2024-05-07 21:47:11", "elapsed": 6.219031, "delta": 3.07461}}
{"target": -47.27108623560647, "params": {"E_EA": 95.069481090498, "E_MC": 16.78908897401407, "J": -2.121820750790014}, "datetime": {"datetime": "2024-05-07 21:47:14", "elapsed": 8.936058, "delta": 2.717027}}
{"target": -24.600424466794706, "params": {"E_EA": 139.82560286943146, "E_MC": 9.266686577857602, "J": -18.835477089212027}, "datetime": {"datetime": "2024-05-07 21:47:17", "elapsed": 11.857082, "delta": 2.921024}}
{"target": -93.51581448078831, "params": {"E_EA": 101.02946236656108, "E_MC": 29.967501267314514, "J": 13.287430722394376}, "datetime": {"datetime": "2024-05-07 21:47:19", "elapsed": 14.086325, "delta": 2.229243}}
{"target": -38.73068688976327, "params": {"E_EA": 148.78561952223194, "E_MC": 6.338256937392471, "J": -19.94652853401913}, "datetime": {"datetime": "2024-05-07 21:47:21", "elapsed": 16.262149, "delta": 2.175824}}
{"target": -18.006956463554822, "params": {"E_EA": 144.848760404858, "E_MC": 5.85094026333583, "J": -19.967566361528405}, "datetime": {"datetime": "2024-05-07 21:47:24", "elapsed": 18.493062, "delta": 2.230913}}
{"target": -5.784093378596854, "params": {"E_EA": 143.79370460794036, "E_MC": 27.056616630284733, "J": -2.389356707420042}, "datetime": {"datetime": "2024-05-07 21:47:26", "elapsed": 21.061936, "delta": 2.568874}}
{"target": -20.88100184322882, "params": {"E_EA": 145.16321219697898, "E_MC": 25.94808328561626, "J": -2.1975425506067054}, "datetime": {"datetime": "2024-05-07 21:47:40", "elapsed": 0.0, "delta": 0.0}}
{"target": -24.209533694408996, "params": {"E_EA": 141.95759194733304, "E_MC": 28.959945677008758, "J": -2.906482363966923}, "datetime": {"datetime": "2024-05-07 21:47:43", "elapsed": 2.583423, "delta": 2.583423}}
{"target": -24.17604551966807, "params": {"E_EA": 142.6863234184218, "E_MC": 25.98687904756006, "J": -5.557457671941037}, "datetime": {"datetime": "2024-05-07 21:47:45", "elapsed": 5.332521, "delta": 2.749098}}
{"target": -9.001030726592246, "params": {"E_EA": 141.86579093537742, "E_MC": 26.428053637182295, "J": -2.2771766832393183}, "datetime": {"datetime": "2024-05-07 21:47:48", "elapsed": 7.53954, "delta": 2.207019}}
{"target": -16.545704130531618, "params": {"E_EA": 139.82870119917615, "E_MC": 26.46492365109159, "J": -3.8728670779421153}, "datetime": {"datetime": "2024-05-07 21:47:50", "elapsed": 10.031271, "delta": 2.491731}}
{"target": -100.0, "params": {"E_EA": 142.99073517356132, "E_MC": 24.76175066360402, "J": -0.08949560478966845}, "datetime": {"datetime": "2024-05-07 21:47:52", "elapsed": 11.610798, "delta": 1.579527}}
{"target": -6.903992807144522, "params": {"E_EA": 138.77517829772708, "E_MC": 26.975498969966985, "J": -1.177092351759601}, "datetime": {"datetime": "2024-05-07 21:47:54", "elapsed": 13.909485, "delta": 2.298687}}
{"target": -26.225589169276667, "params": {"E_EA": 138.50412965507593, "E_MC": 28.708738161429928, "J": -2.5558724063781666}, "datetime": {"datetime": "2024-05-07 21:47:57", "elapsed": 16.503537, "delta": 2.594052}}
{"target": -5.004427121517587, "params": {"E_EA": 138.09585142748412, "E_MC": 25.632852532445135, "J": -2.4706418271359922}, "datetime": {"datetime": "2024-05-07 21:47:59", "elapsed": 18.826469, "delta": 2.322932}}
{"target": -7.986880040379602, "params": {"E_EA": 136.53036361213418, "E_MC": 26.195716528908722, "J": -0.8707560493485906}, "datetime": {"datetime": "2024-05-07 21:48:01", "elapsed": 21.070229, "delta": 2.24376}}
{"target": -71.72116262330577, "params": {"E_EA": 138.0077624276911, "E_MC": 24.55373464163233, "J": -0.5173778903497516}, "datetime": {"datetime": "2024-05-07 21:48:12", "elapsed": 0.0, "delta": 0.0}}
{"target": -25.325532377653122, "params": {"E_EA": 135.81603740901303, "E_MC": 27.96780645856083, "J": -2.055496831994944}, "datetime": {"datetime": "2024-05-07 21:48:14", "elapsed": 2.441607, "delta": 2.441607}}
{"target": -7.679198438423898, "params": {"E_EA": 137.13028833236453, "E_MC": 28.097565906212537, "J": 0.40237845426138624}, "datetime": {"datetime": "2024-05-07 21:48:16", "elapsed": 4.58906, "delta": 2.147453}}
{"target": -28.491276110014297, "params": {"E_EA": 135.17209330515936, "E_MC": 27.012240918927322, "J": 1.2839465125216094}, "datetime": {"datetime": "2024-05-07 21:48:18", "elapsed": 6.549973, "delta": 1.960913}}
{"target": -20.427444717488356, "params": {"E_EA": 136.76591783167984, "E_MC": 25.9448964404789, "J": -4.006328576138501}, "datetime": {"datetime": "2024-05-07 21:48:21", "elapsed": 9.207608, "delta": 2.657635}}
{"target": -8.586471024040083, "params": {"E_EA": 136.27155797824986, "E_MC": 29.83477012894844, "J": 1.9959264913738934}, "datetime": {"datetime": "2024-05-07 21:48:23", "elapsed": 11.459178, "delta": 2.25157}}
{"target": -99.13491090426565, "params": {"E_EA": 136.46478873236907, "E_MC": 28.79496597713744, "J": 4.044696684087519}, "datetime": {"datetime": "2024-05-07 21:48:25", "elapsed": 13.225799, "delta": 1.766621}}
{"target": -5.937856425290237, "params": {"E_EA": 147.76922358226452, "E_MC": 23.466942387770064, "J": -7.283824033651074}, "datetime": {"datetime": "2024-05-07 21:48:27", "elapsed": 15.465532, "delta": 2.239733}}
{"target": -6.612441963861072, "params": {"E_EA": 139.2013581637537, "E_MC": 29.44921635501899, "J": 0.8082314672467952}, "datetime": {"datetime": "2024-05-07 21:48:29", "elapsed": 17.788917, "delta": 2.323385}}
{"target": -27.577991518549354, "params": {"E_EA": 136.24052287380005, "E_MC": 29.766520791203362, "J": -0.9420919326386965}, "datetime": {"datetime": "2024-05-07 21:48:32", "elapsed": 20.334966, "delta": 2.546049}}
{"target": -24.55888666063113, "params": {"E_EA": 93.98804443317962, "E_MC": 25.445160190602156, "J": 9.597222900862398}, "datetime": {"datetime": "2024-05-07 21:48:53", "elapsed": 0.0, "delta": 0.0}}
{"target": -7.123296813638313, "params": {"E_EA": 148.23330875238526, "E_MC": 27.06448579406468, "J": -3.1376872606642507}, "datetime": {"datetime": "2024-05-07 21:48:54", "elapsed": 1.615363, "delta": 1.615363}}
{"target": -5.061440301279189, "params": {"E_EA": 133.27479281052416, "E_MC": 25.22675317660322, "J": -1.6703345718856966}, "datetime": {"datetime": "2024-05-07 21:48:56", "elapsed": 3.539768, "delta": 1.924405}}
{"target": -55.20538864798736, "params": {"E_EA": 132.6399573105988, "E_MC": 26.83632037596201, "J": -3.8799595508495486}, "datetime": {"datetime": "2024-05-07 21:48:59", "elapsed": 6.361259, "delta": 2.821491}}
{"target": -53.376001354909924, "params": {"E_EA": 131.41920419800243, "E_MC": 24.297323456001482, "J": 0.4878632547866637}, "datetime": {"datetime": "2024-05-07 21:49:01", "elapsed": 8.271064, "delta": 1.909805}}
{"target": -28.289507524107798, "params": {"E_EA": 134.84540752251075, "E_MC": 24.931568706053007, "J": -0.45224985732420464}, "datetime": {"datetime": "2024-05-07 21:49:03", "elapsed": 10.534402, "delta": 2.263338}}
{"target": -4.42328743245532, "params": {"E_EA": 145.93428608637132, "E_MC": 23.14149071533854, "J": -6.533481584915538}, "datetime": {"datetime": "2024-05-07 21:49:06", "elapsed": 13.063976, "delta": 2.529574}}
{"target": -17.964685012296965, "params": {"E_EA": 140.24306004332368, "E_MC": 29.89620878394327, "J": -0.9964485152114051}, "datetime": {"datetime": "2024-05-07 21:49:08", "elapsed": 15.839652, "delta": 2.775676}}
{"target": -3.851718630843857, "params": {"E_EA": 132.8977626500189, "E_MC": 23.377718503183793, "J": -3.0838982972341853}, "datetime": {"datetime": "2024-05-07 21:49:11", "elapsed": 18.376321, "delta": 2.536669}}
{"target": -6.146514539004548, "params": {"E_EA": 131.60232595600698, "E_MC": 21.32871582165979, "J": -3.958230809503391}, "datetime": {"datetime": "2024-05-07 21:49:14", "elapsed": 20.942958, "delta": 2.566637}}
{"target": -4.620786798761183, "params": {"E_EA": 134.33793978865248, "E_MC": 22.63971465994079, "J": -3.8975488457222696}, "datetime": {"datetime": "2024-05-07 21:49:26", "elapsed": 0.0, "delta": 0.0}}
{"target": -15.842022009245836, "params": {"E_EA": 133.44322312305434, "E_MC": 20.918757509719292, "J": -4.069025110269205}, "datetime": {"datetime": "2024-05-07 21:49:29", "elapsed": 2.333889, "delta": 2.333889}}
{"target": -100.0, "params": {"E_EA": 132.15444495622413, "E_MC": 20.598009662939216, "J": -2.1330636488414676}, "datetime": {"datetime": "2024-05-07 21:49:31", "elapsed": 4.321117, "delta": 1.987228}}
{"target": -19.710506226179668, "params": {"E_EA": 131.14581612169297, "E_MC": 22.511471958241028, "J": -5.2024133861945465}, "datetime": {"datetime": "2024-05-07 21:49:33", "elapsed": 6.929177, "delta": 2.60806}}
{"target": -18.922340204378827, "params": {"E_EA": 133.2838657083925, "E_MC": 23.52702018710785, "J": -4.88864556419038}, "datetime": {"datetime": "2024-05-07 21:49:36", "elapsed": 9.753868, "delta": 2.824691}}
{"target": -7.408536360104581, "params": {"E_EA": 131.22788150824874, "E_MC": 20.159085203523297, "J": -6.27663466200076}, "datetime": {"datetime": "2024-05-07 21:49:39", "elapsed": 12.66555, "delta": 2.911682}}
{"target": -12.164128496641961, "params": {"E_EA": 133.2127204577626, "E_MC": 19.103312038534312, "J": -5.87416886937914}, "datetime": {"datetime": "2024-05-07 21:49:42", "elapsed": 15.139616, "delta": 2.474066}}
{"target": -6.929106374553655, "params": {"E_EA": 130.64894768287874, "E_MC": 17.389826895734956, "J": -7.213786303799665}, "datetime": {"datetime": "2024-05-07 21:49:44", "elapsed": 17.893391, "delta": 2.753775}}
{"target": -31.72500921187629, "params": {"E_EA": 130.32141232575464, "E_MC": 18.863577101518814, "J": -8.69941283047362}, "datetime": {"datetime": "2024-05-07 21:49:47", "elapsed": 20.842195, "delta": 2.948804}}
{"target": -18.97155831084547, "params": {"E_EA": 128.49778017350098, "E_MC": 17.78784979222995, "J": -5.615029869080983}, "datetime": {"datetime": "2024-05-07 21:49:50", "elapsed": 23.250734, "delta": 2.408539}}
{"target": -6.220179198353763, "params": {"E_EA": 134.32339091325406, "E_MC": 24.454359496040283, "J": -3.067278472317284}, "datetime": {"datetime": "2024-05-07 21:49:57", "elapsed": 0.0, "delta": 0.0}}
{"target": -65.0541438567361, "params": {"E_EA": 132.28114736909686, "E_MC": 17.020009465896173, "J": -5.976611986789301}, "datetime": {"datetime": "2024-05-07 21:49:59", "elapsed": 2.061949, "delta": 2.061949}}
