{"target": -5.557881733412869, "params": {"E_EA": 83.16041592349009, "E_MC": 27.081908034795983, "J": 11.943016617913432}, "datetime": {"datetime": "2024-05-07 22:48:10", "elapsed": 8.179982, "delta": 8.179982}}
{"target": -2.610153206413951, "params": {"E_EA": 85.68114925407482, "E_MC": 22.214591755501242, "J": 7.469152238207904}, "datetime": {"datetime": "2024-05-07 22:48:18", "elapsed": 97.244568, "delta": 20.063376}}
{"target": -6.386927048704458, "params": {"E_EA": 85.5899168701412, "E_MC": 21.81111919248619, "J": 7.581186126413499}, "datetime": {"datetime": "2024-05-07 22:48:29", "elapsed": 27.473345, "delta": 19.293363}}
{"target": -47.442131525635126, "params": {"E_EA": 68.52707649118571, "E_MC": 23.48529656512145, "J": 15.407574439207949}, "datetime": {"datetime": "2024-05-07 22:48:30", "elapsed": 108.598841, "delta": 11.354273}}
{"target": -5.640618536599384, "params": {"E_EA": 81.18096705896569, "E_MC": 25.962033684289118, "J": 11.374621147557363}, "datetime": {"datetime": "2024-05-07 22:48:45", "elapsed": 43.1942, "delta": 15.720855}}
{"target": -34.29367700158521, "params": {"E_EA": 60.08687398042268, "E_MC": 23.585604597223846, "J": 17.630293680561405}, "datetime": {"datetime": "2024-05-07 22:48:50", "elapsed": 129.209746, "delta": 20.610905}}
{"target": -3.112509408974603, "params": {"E_EA": 83.90746449581955, "E_MC": 15.873476509133646, "J": 1.9850811781937274}, "datetime": {"datetime": "2024-05-07 22:48:57", "elapsed": 56.061338, "delta": 12.867138}}
{"target": -2.442444199666996, "params": {"E_EA": 134.81460178770203, "E_MC": 16.14409518120926, "J": -9.917204375588838}, "datetime": {"datetime": "2024-05-07 22:49:08", "elapsed": 147.196051, "delta": 17.986305}}
{"target": -82.56652962686093, "params": {"E_EA": 87.46602851745295, "E_MC": 21.40120705007324, "J": 8.410428499630651}, "datetime": {"datetime": "2024-05-07 22:49:10", "elapsed": 68.798588, "delta": 12.73725}}
{"target": -6.826798905157765, "params": {"E_EA": 84.24740331723005, "E_MC": 24.073006966102227, "J": 8.676499471812512}, "datetime": {"datetime": "2024-05-07 22:49:26", "elapsed": 84.59394, "delta": 15.795352}}
{"target": -24.7234769209698, "params": {"E_EA": 81.37873046800746, "E_MC": 29.644502972709816, "J": 13.73178869266139}, "datetime": {"datetime": "2024-05-07 22:49:30", "elapsed": 169.113489, "delta": 21.917438}}
{"target": -8.892304632485242, "params": {"E_EA": 85.00296785515282, "E_MC": 20.91851023720977, "J": 5.6261752940586796}, "datetime": {"datetime": "2024-05-07 22:49:47", "elapsed": 105.496503, "delta": 20.902563}}
{"target": -33.849288900214546, "params": {"E_EA": 83.16113314457439, "E_MC": 21.719860143767388, "J": 9.1597860548655}, "datetime": {"datetime": "2024-05-07 22:50:06", "elapsed": 124.591072, "delta": 19.094569}}
{"target": -5.396197785044127, "params": {"E_EA": 82.82998256985212, "E_MC": 21.657315948495672, "J": 8.091513976345563}, "datetime": {"datetime": "2024-05-07 22:50:13", "elapsed": 0.0, "delta": 0.0}}
{"target": -6.7889108312308855, "params": {"E_EA": 134.4044043559073, "E_MC": 16.518131540732657, "J": -10.3188214544859}, "datetime": {"datetime": "2024-05-07 22:50:19", "elapsed": 137.819621, "delta": 13.228549}}
{"target": -11.459507989568248, "params": {"E_EA": 57.51820663230272, "E_MC": 23.70809802118546, "J": 16.799663146309896}, "datetime": {"datetime": "2024-05-07 22:50:24", "elapsed": 11.192876, "delta": 11.192876}}
{"target": -28.881392661597708, "params": {"E_EA": 82.56990704093427, "E_MC": 22.529757777440363, "J": 6.577291731735482}, "datetime": {"datetime": "2024-05-07 22:50:40", "elapsed": 27.651481, "delta": 16.458605}}
{"target": -7.459682262062597, "params": {"E_EA": 106.23622292872145, "E_MC": 29.92097384945494, "J": 8.439133724946508}, "datetime": {"datetime": "2024-05-07 22:50:53", "elapsed": 40.121087, "delta": 12.469606}}
{"target": -100.0, "params": {"E_EA": 113.98622598838519, "E_MC": 3.0, "J": 12.564775384428032}, "datetime": {"datetime": "2024-05-07 22:51:21", "elapsed": 0.0, "delta": 0.0}}
{"target": -100.0, "params": {"E_EA": 59.91916691018286, "E_MC": 21.547559759132177, "J": -20.0}, "datetime": {"datetime": "2024-05-07 22:51:26", "elapsed": 73.828003, "delta": 33.706916}}
{"target": -75.20187023061601, "params": {"E_EA": 142.05195049051895, "E_MC": 29.980019218604767, "J": 3.4823234238999525}, "datetime": {"datetime": "2024-05-07 22:51:36", "elapsed": 14.470469, "delta": 14.470469}}
{"target": -94.24683558538239, "params": {"E_EA": 141.27217420280562, "E_MC": 29.54220719633825, "J": 3.596283497228665}, "datetime": {"datetime": "2024-05-07 22:51:41", "elapsed": 88.762475, "delta": 14.934472}}
{"target": -4.934550917064964, "params": {"E_EA": 87.18392512455198, "E_MC": 14.7284524114716, "J": 0.042949469871714996}, "datetime": {"datetime": "2024-05-07 22:51:51", "elapsed": 97.992298, "delta": 9.229823}}
{"target": -49.43414797716619, "params": {"E_EA": 86.35520317254617, "E_MC": 13.917800914706882, "J": 1.444803988167898}, "datetime": {"datetime": "2024-05-07 22:51:51", "elapsed": 29.844612, "delta": 15.374143}}
{"target": -3.9787307135771366, "params": {"E_EA": 85.87108311718427, "E_MC": 13.18601381060824, "J": -0.8396996774227574}, "datetime": {"datetime": "2024-05-07 22:52:06", "elapsed": 113.740641, "delta": 15.748343}}
{"target": -10.852464725332506, "params": {"E_EA": 143.24795481913276, "E_MC": 30.0, "J": -1.0108890322392463}, "datetime": {"datetime": "2024-05-07 22:52:10", "elapsed": 49.107373, "delta": 19.262761}}
{"target": -100.0, "params": {"E_EA": 85.1468188281102, "E_MC": 12.838750798567528, "J": 1.4041321110407807}, "datetime": {"datetime": "2024-05-07 22:52:15", "elapsed": 122.327261, "delta": 8.58662}}
{"target": -100.0, "params": {"E_EA": 133.8649715148306, "E_MC": 12.354625081756202, "J": 3.259248173055596}, "datetime": {"datetime": "2024-05-07 22:52:25", "elapsed": 63.633249, "delta": 14.525876}}
{"target": -16.379315266312734, "params": {"E_EA": 86.04433665701156, "E_MC": 11.761902752003635, "J": -2.7839385310265676}, "datetime": {"datetime": "2024-05-07 22:52:33", "elapsed": 140.089249, "delta": 17.761988}}
{"target": -100.0, "params": {"E_EA": 42.600219832574, "E_MC": 6.155813123516412, "J": -7.090310310744229}, "datetime": {"datetime": "2024-05-07 22:52:46", "elapsed": 84.962343, "delta": 21.329094}}
{"target": -100.0, "params": {"E_EA": 111.45698157490816, "E_MC": 19.413907277793744, "J": 12.916805779128929}, "datetime": {"datetime": "2024-05-07 22:53:03", "elapsed": 101.506359, "delta": 16.544016}}
{"target": -100.0, "params": {"E_EA": 66.93953827591699, "E_MC": 23.289358630313703, "J": -13.496717871577228}, "datetime": {"datetime": "2024-05-07 22:53:20", "elapsed": 118.759567, "delta": 17.253208}}
{"target": -100.0, "params": {"E_EA": 85.61759577795475, "E_MC": 15.279834399015671, "J": -2.386758383620503}, "datetime": {"datetime": "2024-05-07 22:53:22", "elapsed": 0.0, "delta": 0.0}}
{"target": -3.8378313000124322, "params": {"E_EA": 141.83764745345366, "E_MC": 10.767566678490862, "J": -15.71325522587831}, "datetime": {"datetime": "2024-05-07 22:53:40", "elapsed": 139.064519, "delta": 20.304952}}
{"target": -13.626039032875216, "params": {"E_EA": 87.9433319516209, "E_MC": 11.774091123316591, "J": -1.5623140006491525}, "datetime": {"datetime": "2024-05-07 22:53:45", "elapsed": 22.722169, "delta": 22.722169}}
{"target": -74.76712571490197, "params": {"E_EA": 85.72568061367771, "E_MC": 10.685794097932998, "J": -1.0270526919349123}, "datetime": {"datetime": "2024-05-07 22:53:57", "elapsed": 35.553493, "delta": 12.831324}}
{"target": -64.8352492432713, "params": {"E_EA": 88.39678905859864, "E_MC": 11.663572942960213, "J": -5.246566011670556}, "datetime": {"datetime": "2024-05-07 22:54:09", "elapsed": 47.568357, "delta": 12.014864}}
{"target": -3.414196759146753, "params": {"E_EA": 87.61263653320287, "E_MC": 13.522737215121916, "J": -0.5655260199616166}, "datetime": {"datetime": "2024-05-07 22:54:24", "elapsed": 62.386051, "delta": 14.817694}}
{"target": -100.0, "params": {"E_EA": 36.57510076434868, "E_MC": 11.782312294034705, "J": 1.32714213904762}, "datetime": {"datetime": "2024-05-07 22:54:30", "elapsed": 188.617788, "delta": 49.553269}}
{"target": -100.0, "params": {"E_EA": 67.40727946289324, "E_MC": 23.866972198695446, "J": -13.22242054479159}, "datetime": {"datetime": "2024-05-07 22:54:46", "elapsed": 83.774928, "delta": 21.388877}}
{"target": -100.0, "params": {"E_EA": 150.0, "E_MC": 13.906670198400137, "J": 0.5194101709297296}, "datetime": {"datetime": "2024-05-07 22:55:02", "elapsed": 0.0, "delta": 0.0}}
{"target": -100.0, "params": {"E_EA": 66.13973077401629, "E_MC": 9.613594381865592, "J": -20.0}, "datetime": {"datetime": "2024-05-07 22:55:12", "elapsed": 110.483985, "delta": 26.709057}}
{"target": -100.0, "params": {"E_EA": 131.9750000961855, "E_MC": 30.0, "J": -11.160415834769928}, "datetime": {"datetime": "2024-05-07 22:55:18", "elapsed": 15.767686, "delta": 15.767686}}
{"target": -100.0, "params": {"E_EA": 66.13914460279622, "E_MC": 9.614588108476823, "J": -20.0}, "datetime": {"datetime": "2024-05-07 22:55:37", "elapsed": 34.995529, "delta": 19.227843}}
{"target": -5.1966964673683105, "params": {"E_EA": 84.23971024081754, "E_MC": 22.443380528424075, "J": 7.357503851297702}, "datetime": {"datetime": "2024-05-07 22:55:52", "elapsed": 50.194749, "delta": 15.19922}}
{"target": -100.0, "params": {"E_EA": 113.73749314730449, "E_MC": 23.09498349383659, "J": -16.093456093277368}, "datetime": {"datetime": "2024-05-07 22:56:04", "elapsed": 61.903672, "delta": 11.708923}}
{"target": -76.47002033564276, "params": {"E_EA": 20.16341436317835, "E_MC": 7.379872634536181, "J": 8.722456931276469}, "datetime": {"datetime": "2024-05-07 22:56:05", "elapsed": 163.14554, "delta": 52.661555}}
{"target": -100.0, "params": {"E_EA": 38.167711282893876, "E_MC": 3.0, "J": 8.6707667334598}, "datetime": {"datetime": "2024-05-07 22:56:17", "elapsed": 75.221054, "delta": 13.317382}}
{"target": -17.447930932213975, "params": {"E_EA": 120.78069481185864, "E_MC": 27.663410180679023, "J": 4.730503844752995}, "datetime": {"datetime": "2024-05-07 22:56:30", "elapsed": 88.200352, "delta": 12.979298}}
{"target": -100.0, "params": {"E_EA": 37.51467703783028, "E_MC": 11.609351300091607, "J": 1.336654280885657}, "datetime": {"datetime": "2024-05-07 22:56:38", "elapsed": 196.205468, "delta": 33.059928}}
{"target": -9.59588830558162, "params": {"E_EA": 58.04882823130922, "E_MC": 25.53693760450158, "J": 19.25407860905724}, "datetime": {"datetime": "2024-05-07 22:56:44", "elapsed": 101.74651, "delta": 13.546158}}
{"target": -9.083475690545088, "params": {"E_EA": 120.80840119267056, "E_MC": 27.825574899867032, "J": 4.18393602608376}, "datetime": {"datetime": "2024-05-07 22:56:56", "elapsed": 214.514149, "delta": 18.308681}}
{"target": -100.0, "params": {"E_EA": 65.64639255674065, "E_MC": 21.983977291116293, "J": 6.365457552943081}, "datetime": {"datetime": "2024-05-07 22:57:05", "elapsed": 123.0858, "delta": 21.33929}}
{"target": -100.0, "params": {"E_EA": 57.553279692739125, "E_MC": 23.474246429266955, "J": 19.475865415720172}, "datetime": {"datetime": "2024-05-07 22:57:13", "elapsed": 0.0, "delta": 0.0}}
{"target": -5.5421477211695915, "params": {"E_EA": 75.23490269589692, "E_MC": 27.93456528527519, "J": 15.903613468620584}, "datetime": {"datetime": "2024-05-07 22:57:24", "elapsed": 141.87527, "delta": 18.78947}}
{"target": -6.162302241326916, "params": {"E_EA": 75.0811248874301, "E_MC": 27.314496789526686, "J": 15.570270460547597}, "datetime": {"datetime": "2024-05-07 22:57:30", "elapsed": 16.808537, "delta": 16.808537}}
{"target": -15.22785303660753, "params": {"E_EA": 107.82507642200561, "E_MC": 5.153112856918787, "J": -13.814105550298311}, "datetime": {"datetime": "2024-05-07 22:57:52", "elapsed": 39.109503, "delta": 22.300966}}
{"target": -31.580079651846887, "params": {"E_EA": 57.57150633615405, "E_MC": 26.541957470162064, "J": 18.04234405347978}, "datetime": {"datetime": "2024-05-07 22:58:02", "elapsed": 48.652282, "delta": 9.542779}}
{"target": -100.0, "params": {"E_EA": 36.615721061394375, "E_MC": 30.0, "J": 11.89765646000671}, "datetime": {"datetime": "2024-05-07 22:58:52", "elapsed": 98.275005, "delta": 49.622723}}
{"target": -10.403022567793744, "params": {"E_EA": 122.45229936768462, "E_MC": 29.39505602297487, "J": 5.437884509615081}, "datetime": {"datetime": "2024-05-07 22:59:06", "elapsed": 113.146967, "delta": 14.871962}}
{"target": -19.718271714396995, "params": {"E_EA": 117.77384642849935, "E_MC": 26.363622706605423, "J": 4.382177200755542}, "datetime": {"datetime": "2024-05-07 22:59:08", "elapsed": 0.0, "delta": 0.0}}
{"target": -100.0, "params": {"E_EA": 115.23807993767802, "E_MC": 24.76020635260715, "J": 5.4316338563581255}, "datetime": {"datetime": "2024-05-07 22:59:26", "elapsed": 17.503735, "delta": 17.503735}}
{"target": -5.249535575178533, "params": {"E_EA": 121.61444804076568, "E_MC": 26.59899428977358, "J": 2.400081828164904}, "datetime": {"datetime": "2024-05-07 22:59:35", "elapsed": 27.299647, "delta": 9.795912}}
{"target": -14.551900228029668, "params": {"E_EA": 120.31782560187271, "E_MC": 25.794286469841474, "J": 3.0819014462212024}, "datetime": {"datetime": "2024-05-07 22:59:45", "elapsed": 37.223797, "delta": 9.92415}}
{"target": -100.0, "params": {"E_EA": 25.671089509978, "E_MC": 30.0, "J": 0.33498616457020236}, "datetime": {"datetime": "2024-05-07 22:59:55", "elapsed": 161.254956, "delta": 48.107989}}
{"target": -11.139858984740286, "params": {"E_EA": 59.46040015760545, "E_MC": 26.735579290160054, "J": 19.02226017233661}, "datetime": {"datetime": "2024-05-07 23:00:06", "elapsed": 57.993092, "delta": 20.769295}}
{"target": -100.0, "params": {"E_EA": 65.91975459968707, "E_MC": 21.131477785392494, "J": 6.431205883074952}, "datetime": {"datetime": "2024-05-07 23:00:13", "elapsed": 179.316947, "delta": 18.061991}}
{"target": -100.0, "params": {"E_EA": 123.82534148249769, "E_MC": 22.478515123533736, "J": 20.0}, "datetime": {"datetime": "2024-05-07 23:00:25", "elapsed": 76.531953, "delta": 18.538861}}
{"target": -8.067041926195989, "params": {"E_EA": 137.68422957109385, "E_MC": 29.896091535834916, "J": 0.7347559630345017}, "datetime": {"datetime": "2024-05-07 23:00:31", "elapsed": 197.24795, "delta": 17.931003}}
{"target": -100.0, "params": {"E_EA": 123.82428532167124, "E_MC": 22.478357739673392, "J": 20.0}, "datetime": {"datetime": "2024-05-07 23:00:42", "elapsed": 0.0, "delta": 0.0}}
{"target": -10.39080383027443, "params": {"E_EA": 59.29687275302608, "E_MC": 26.338072866441017, "J": 18.707728803767218}, "datetime": {"datetime": "2024-05-07 23:00:47", "elapsed": 214.158709, "delta": 16.910759}}
{"target": -8.402307018910621, "params": {"E_EA": 140.43091036076532, "E_MC": 7.026639906657501, "J": -19.98242061028618}, "datetime": {"datetime": "2024-05-07 23:00:56", "elapsed": 107.866588, "delta": 31.334635}}
{"target": -100.0, "params": {"E_EA": 141.77132166323406, "E_MC": 22.650605818756016, "J": 19.31623511917688}, "datetime": {"datetime": "2024-05-07 23:01:00", "elapsed": 18.797924, "delta": 18.797924}}
{"target": -17.187130730816218, "params": {"E_EA": 119.45267042802472, "E_MC": 26.81053519857227, "J": 1.4486952776222815}, "datetime": {"datetime": "2024-05-07 23:01:19", "elapsed": 37.065963, "delta": 18.268039}}
{"target": -100.0, "params": {"E_EA": 74.0544357510208, "E_MC": 21.756077364824172, "J": -19.51445894613963}, "datetime": {"datetime": "2024-05-07 23:01:35", "elapsed": 53.9129, "delta": 16.846937}}
{"target": -100.0, "params": {"E_EA": 37.346359460451204, "E_MC": 29.80880632634743, "J": 12.130141131495286}, "datetime": {"datetime": "2024-05-07 23:01:47", "elapsed": 159.037304, "delta": 51.170716}}
{"target": -31.7184349878726, "params": {"E_EA": 119.08771068448621, "E_MC": 27.23026155115563, "J": 1.2748098998750805}, "datetime": {"datetime": "2024-05-07 23:01:57", "elapsed": 169.196074, "delta": 10.15877}}
{"target": -100.0, "params": {"E_EA": 96.3502520158043, "E_MC": 22.126386576306853, "J": -20.0}, "datetime": {"datetime": "2024-05-07 23:01:58", "elapsed": 76.467018, "delta": 22.554118}}
{"target": -100.0, "params": {"E_EA": 110.90471950513974, "E_MC": 10.677352454831746, "J": 20.0}, "datetime": {"datetime": "2024-05-07 23:02:13", "elapsed": 184.591766, "delta": 15.395692}}
{"target": -6.483950443721086, "params": {"E_EA": 121.42600140308294, "E_MC": 24.511947142423757, "J": -0.0024333010416235368}, "datetime": {"datetime": "2024-05-07 23:02:16", "elapsed": 0.0, "delta": 0.0}}
{"target": -100.0, "params": {"E_EA": 142.5020295490756, "E_MC": 24.57885515580542, "J": -20.0}, "datetime": {"datetime": "2024-05-07 23:02:19", "elapsed": 97.825131, "delta": 21.358113}}
{"target": -55.11724698319943, "params": {"E_EA": 119.74039583617476, "E_MC": 25.960007760110916, "J": -1.173989895565498}, "datetime": {"datetime": "2024-05-07 23:02:40", "elapsed": 23.950711, "delta": 23.950711}}
{"target": -20.653205302312607, "params": {"E_EA": 145.46822938590287, "E_MC": 30.0, "J": 1.0741190592520213}, "datetime": {"datetime": "2024-05-07 23:02:44", "elapsed": 122.617103, "delta": 24.791972}}
{"target": -100.0, "params": {"E_EA": 110.67976453712248, "E_MC": 10.91259124288251, "J": 19.576695334444246}, "datetime": {"datetime": "2024-05-07 23:02:55", "elapsed": 133.787029, "delta": 11.169926}}
{"target": -100.0, "params": {"E_EA": 112.1244543888255, "E_MC": 10.091714893759535, "J": 19.10097132014978}, "datetime": {"datetime": "2024-05-07 23:02:56", "elapsed": 40.016421, "delta": 16.06571}}
{"target": -4.868198817836403, "params": {"E_EA": 123.37606211748181, "E_MC": 25.83253884085117, "J": 1.2835209323375878}, "datetime": {"datetime": "2024-05-07 23:03:05", "elapsed": 49.78611, "delta": 9.769689}}
{"target": -100.0, "params": {"E_EA": 59.24340706367554, "E_MC": 3.0338326169013223, "J": -10.932337899113689}, "datetime": {"datetime": "2024-05-07 23:03:09", "elapsed": 147.368711, "delta": 13.581682}}
{"target": -100.0, "params": {"E_EA": 96.34895915025132, "E_MC": 22.12798362221808, "J": -20.0}, "datetime": {"datetime": "2024-05-07 23:03:25", "elapsed": 69.513116, "delta": 19.727006}}
{"target": -9.426225139464954, "params": {"E_EA": 150.0, "E_MC": 30.0, "J": -2.4845446220736265}, "datetime": {"datetime": "2024-05-07 23:03:29", "elapsed": 167.917904, "delta": 20.549193}}
{"target": -100.0, "params": {"E_EA": 141.72066582534276, "E_MC": 23.674736780889315, "J": -19.992314127045706}, "datetime": {"datetime": "2024-05-07 23:03:43", "elapsed": 87.704792, "delta": 18.191676}}
{"target": -100.0, "params": {"E_EA": 76.87317177404468, "E_MC": 10.320137914336938, "J": 13.513587097719979}, "datetime": {"datetime": "2024-05-07 23:04:03", "elapsed": 107.209859, "delta": 19.505067}}
{"target": -100.0, "params": {"E_EA": 62.348937374787425, "E_MC": 3.332770154222013, "J": -11.346197074402461}, "datetime": {"datetime": "2024-05-07 23:04:20", "elapsed": 123.822834, "delta": 16.612975}}
{"target": -100.0, "params": {"E_EA": 89.48487284343521, "E_MC": 20.310944179725034, "J": 20.0}, "datetime": {"datetime": "2024-05-07 23:04:32", "elapsed": 0.0, "delta": 0.0}}
{"target": -100.0, "params": {"E_EA": 52.88060182518492, "E_MC": 30.0, "J": 6.423317960927288}, "datetime": {"datetime": "2024-05-07 23:04:36", "elapsed": 140.090565, "delta": 16.267731}}
{"target": -56.18632289363578, "params": {"E_EA": 55.02073089826562, "E_MC": 23.94824708269066, "J": 15.517463292641658}, "datetime": {"datetime": "2024-05-07 23:04:51", "elapsed": 19.262898, "delta": 19.262898}}
{"target": -100.0, "params": {"E_EA": 122.7409442222886, "E_MC": 7.418931691899575, "J": 12.982137749820154}, "datetime": {"datetime": "2024-05-07 23:04:53", "elapsed": 157.427958, "delta": 17.337393}}
{"target": -20.73941290626939, "params": {"E_EA": 113.56278285478042, "E_MC": 11.150042172883492, "J": -7.880117019752042}, "datetime": {"datetime": "2024-05-07 23:05:15", "elapsed": 43.737497, "delta": 24.474599}}
{"target": -6.577134687498141, "params": {"E_EA": 110.7544977273991, "E_MC": 12.164009504345497, "J": -8.127925034114568}, "datetime": {"datetime": "2024-05-07 23:05:42", "elapsed": 70.328925, "delta": 26.591428}}
{"target": -42.41121956930524, "params": {"E_EA": 116.18209374020797, "E_MC": 10.700457936092642, "J": -8.335593865841515}, "datetime": {"datetime": "2024-05-07 23:05:50", "elapsed": 0.0, "delta": 0.0}}
{"target": -57.40090402151453, "params": {"E_EA": 112.10321737195439, "E_MC": 12.745732153710824, "J": -10.227406010128197}, "datetime": {"datetime": "2024-05-07 23:05:59", "elapsed": 87.658112, "delta": 17.329187}}
{"target": -3.414115822203435, "params": {"E_EA": 111.0825414556329, "E_MC": 12.291614500610814, "J": -7.897978696892167}, "datetime": {"datetime": "2024-05-07 23:06:10", "elapsed": 20.373034, "delta": 20.373034}}
{"target": -100.0, "params": {"E_EA": 110.8437738572588, "E_MC": 10.419882859594452, "J": -5.792908131763568}, "datetime": {"datetime": "2024-05-07 23:06:20", "elapsed": 108.581896, "delta": 20.923784}}
{"target": -4.631716092819155, "params": {"E_EA": 111.47096158807217, "E_MC": 9.949211854651677, "J": -9.29173677992145}, "datetime": {"datetime": "2024-05-07 23:06:35", "elapsed": 45.562903, "delta": 25.189869}}
{"target": -51.633365699046834, "params": {"E_EA": 108.36472341649326, "E_MC": 14.279706557864866, "J": -7.624357343651237}, "datetime": {"datetime": "2024-05-07 23:06:43", "elapsed": 131.823734, "delta": 23.241838}}
{"target": -54.91999019925025, "params": {"E_EA": 111.80562958489448, "E_MC": 12.30219446105588, "J": -10.336046117975465}, "datetime": {"datetime": "2024-05-07 23:07:00", "elapsed": 69.98083, "delta": 24.417927}}
{"target": -54.558424872317296, "params": {"E_EA": 116.76290568332871, "E_MC": 10.50821524884201, "J": -8.513153873586887}, "datetime": {"datetime": "2024-05-07 23:07:06", "elapsed": 154.700864, "delta": 22.87713}}
{"target": -100.0, "params": {"E_EA": 110.59487430641335, "E_MC": 9.333925772374673, "J": -7.1364705516254965}, "datetime": {"datetime": "2024-05-07 23:07:18", "elapsed": 88.459044, "delta": 18.478214}}
