{"target": -7.6935138577657485, "params": {"E_EA": 91.62136489389641, "E_MC": 25.778819221580928, "J": 9.717607584703643}, "datetime": {"datetime": "2024-05-07 22:33:52", "elapsed": 86.571077, "delta": 14.283079}}
{"target": -12.875877392314795, "params": {"E_EA": 132.8170274121424, "E_MC": 27.51362300040281, "J": -0.9175598541692267}, "datetime": {"datetime": "2024-05-07 22:33:52", "elapsed": 10.018495, "delta": 10.018495}}
{"target": -100.0, "params": {"E_EA": 143.88571489096472, "E_MC": 13.970107396621467, "J": -10.400054262639514}, "datetime": {"datetime": "2024-05-07 22:34:03", "elapsed": 97.813263, "delta": 11.242186}}
{"target": -9.20733355151114, "params": {"E_EA": 125.8828434125802, "E_MC": 27.47435175490865, "J": 1.1447540571327472}, "datetime": {"datetime": "2024-05-07 22:34:15", "elapsed": 109.398951, "delta": 11.585688}}
{"target": -32.24073386145363, "params": {"E_EA": 144.17587975492162, "E_MC": 17.113529003159094, "J": -13.552442578747211}, "datetime": {"datetime": "2024-05-07 22:34:29", "elapsed": 123.262861, "delta": 13.86391}}
{"target": -50.63603921616372, "params": {"E_EA": 30.980958715284387, "E_MC": 22.36976046071633, "J": 20.0}, "datetime": {"datetime": "2024-05-07 22:34:32", "elapsed": 228.462414, "delta": 45.045053}}
{"target": -61.29374795169903, "params": {"E_EA": 21.29426210087583, "E_MC": 11.900868018318306, "J": 13.425365990730569}, "datetime": {"datetime": "2024-05-07 22:34:38", "elapsed": 55.64301, "delta": 45.624515}}
{"target": -3.0432387224662585, "params": {"E_EA": 148.24455847297554, "E_MC": 13.931235208574108, "J": -15.462171690139126}, "datetime": {"datetime": "2024-05-07 22:34:47", "elapsed": 141.537165, "delta": 18.274304}}
{"target": -16.219097086659602, "params": {"E_EA": 126.57319015993849, "E_MC": 27.184620123101936, "J": 0.19110006029902848}, "datetime": {"datetime": "2024-05-07 22:34:54", "elapsed": 71.370157, "delta": 15.727147}}
{"target": -2.5920446263554533, "params": {"E_EA": 143.79349481721488, "E_MC": 8.019761085171144, "J": -19.207679562463504}, "datetime": {"datetime": "2024-05-07 22:35:06", "elapsed": 83.465203, "delta": 12.095046}}
{"target": -5.033207031958691, "params": {"E_EA": 145.01816457145804, "E_MC": 10.028574639984916, "J": -17.046842256342227}, "datetime": {"datetime": "2024-05-07 22:35:14", "elapsed": 0.0, "delta": 0.0}}
{"target": -2.0329667627993806, "params": {"E_EA": 145.70352274918156, "E_MC": 11.009800363389294, "J": -16.804117841537213}, "datetime": {"datetime": "2024-05-07 22:35:16", "elapsed": 93.58526, "delta": 10.120057}}
{"target": -100.0, "params": {"E_EA": 20.57330466711425, "E_MC": 16.763833638320293, "J": 19.759226281283475}, "datetime": {"datetime": "2024-05-07 22:35:20", "elapsed": 276.529396, "delta": 48.066982}}
{"target": -3.2497270381325403, "params": {"E_EA": 92.92900987054682, "E_MC": 12.721969406769793, "J": -2.8813625593319294}, "datetime": {"datetime": "2024-05-07 22:35:25", "elapsed": 11.641656, "delta": 11.641656}}
{"target": -4.542873830270449, "params": {"E_EA": 144.08096564062294, "E_MC": 23.38413785459459, "J": -6.134636828248773}, "datetime": {"datetime": "2024-05-07 22:35:30", "elapsed": 108.004619, "delta": 14.419359}}
{"target": -10.95419036669495, "params": {"E_EA": 91.57019279353786, "E_MC": 3.175348349753467, "J": -10.912883376207256}, "datetime": {"datetime": "2024-05-07 22:35:34", "elapsed": 290.45783, "delta": 13.928434}}
{"target": -9.029151692176026, "params": {"E_EA": 143.86622315840896, "E_MC": 23.927437338196246, "J": -6.35100022702189}, "datetime": {"datetime": "2024-05-07 22:35:35", "elapsed": 21.716916, "delta": 10.07526}}
{"target": -4.016308568851593, "params": {"E_EA": 91.59680727061053, "E_MC": 26.112376226301734, "J": 9.169175736487944}, "datetime": {"datetime": "2024-05-07 22:35:40", "elapsed": 117.768653, "delta": 9.764034}}
{"target": -100.0, "params": {"E_EA": 122.89626391956465, "E_MC": 13.385535046921575, "J": 2.938262010015798}, "datetime": {"datetime": "2024-05-07 22:35:41", "elapsed": 297.542136, "delta": 7.084306}}
{"target": -11.466986903502248, "params": {"E_EA": 137.25952243088102, "E_MC": 20.710545009087493, "J": -7.76825360685339}, "datetime": {"datetime": "2024-05-07 22:35:46", "elapsed": 32.149958, "delta": 10.433042}}
{"target": -3.6093537690263875, "params": {"E_EA": 148.34291660389425, "E_MC": 14.370137373941198, "J": -15.211571759971264}, "datetime": {"datetime": "2024-05-07 22:35:53", "elapsed": 131.181361, "delta": 13.412708}}
{"target": -62.41015371839108, "params": {"E_EA": 71.51789412485257, "E_MC": 27.68302859812198, "J": 13.957798110731197}, "datetime": {"datetime": "2024-05-07 22:35:59", "elapsed": 45.562802, "delta": 13.412844}}
{"target": -68.19911156190916, "params": {"E_EA": 143.91957456825642, "E_MC": 14.390578479520158, "J": -11.020084812469749}, "datetime": {"datetime": "2024-05-07 22:36:03", "elapsed": 140.822176, "delta": 9.640815}}
{"target": -3.6367311012042065, "params": {"E_EA": 144.4571915379097, "E_MC": 17.859631200965122, "J": -11.073846021482515}, "datetime": {"datetime": "2024-05-07 22:36:12", "elapsed": 58.306127, "delta": 12.743325}}
{"target": -3.5365441681270604, "params": {"E_EA": 139.03569222501025, "E_MC": 10.041673397912778, "J": -15.779481729535467}, "datetime": {"datetime": "2024-05-07 22:36:21", "elapsed": 67.043158, "delta": 8.737031}}
{"target": -4.564790647378561, "params": {"E_EA": 140.01393539750433, "E_MC": 24.275269639955333, "J": -4.17830108046501}, "datetime": {"datetime": "2024-05-07 22:36:23", "elapsed": 0.0, "delta": 0.0}}
{"target": -11.763645754327063, "params": {"E_EA": 130.65561980798373, "E_MC": 26.97651420332581, "J": -0.5313648425439084}, "datetime": {"datetime": "2024-05-07 22:36:32", "elapsed": 8.709633, "delta": 8.709633}}
{"target": -5.471380254968772, "params": {"E_EA": 129.36521126129227, "E_MC": 25.301602979932202, "J": -0.8677312180095456}, "datetime": {"datetime": "2024-05-07 22:36:32", "elapsed": 78.013619, "delta": 10.970461}}
{"target": -7.545794850528069, "params": {"E_EA": 139.48036413261048, "E_MC": 22.132758943330266, "J": -6.78241315761921}, "datetime": {"datetime": "2024-05-07 22:36:39", "elapsed": 16.116632, "delta": 7.406999}}
{"target": -11.787655534711229, "params": {"E_EA": 138.37049663060918, "E_MC": 11.797018194429457, "J": -15.68134820118452}, "datetime": {"datetime": "2024-05-07 22:36:46", "elapsed": 92.292768, "delta": 14.279149}}
{"target": -6.33054871800362, "params": {"E_EA": 128.68809125264033, "E_MC": 24.372054733854974, "J": -0.7501944138195853}, "datetime": {"datetime": "2024-05-07 22:36:52", "elapsed": 28.888394, "delta": 12.771762}}
{"target": -21.716247844378618, "params": {"E_EA": 144.48004480901304, "E_MC": 11.144638758356406, "J": -15.047539019590497}, "datetime": {"datetime": "2024-05-07 22:36:56", "elapsed": 102.252919, "delta": 9.960151}}
{"target": -4.404768404789223, "params": {"E_EA": 141.59735317126035, "E_MC": 21.826875215288055, "J": -7.148139800372562}, "datetime": {"datetime": "2024-05-07 22:37:09", "elapsed": 45.687346, "delta": 16.798952}}
{"target": -3.96571960962575, "params": {"E_EA": 139.422784997203, "E_MC": 11.514387783074607, "J": -15.475351945795222}, "datetime": {"datetime": "2024-05-07 22:37:23", "elapsed": 60.327574, "delta": 14.640228}}
{"target": -8.492168949218458, "params": {"E_EA": 138.48700178594854, "E_MC": 9.37689959916451, "J": -15.762166687522443}, "datetime": {"datetime": "2024-05-07 22:37:34", "elapsed": 71.148036, "delta": 10.820462}}
{"target": -10.045980192215655, "params": {"E_EA": 102.96570949222462, "E_MC": 26.960801886949035, "J": 6.292608459429355}, "datetime": {"datetime": "2024-05-07 22:37:44", "elapsed": 81.406131, "delta": 10.258095}}
{"target": -7.619069454283042, "params": {"E_EA": 149.88165284964984, "E_MC": 15.397228004396828, "J": -13.332422112140513}, "datetime": {"datetime": "2024-05-07 22:37:55", "elapsed": 92.40119, "delta": 10.995059}}
{"target": -7.145123271170972, "params": {"E_EA": 145.38678613212085, "E_MC": 24.475938690820023, "J": -4.606383242669292}, "datetime": {"datetime": "2024-05-07 22:38:02", "elapsed": 0.0, "delta": 0.0}}
{"target": -51.064543062921054, "params": {"E_EA": 149.77643955310143, "E_MC": 13.049645541691868, "J": -13.827240340079431}, "datetime": {"datetime": "2024-05-07 22:38:03", "elapsed": 99.962513, "delta": 7.561323}}
{"target": -7.254768038851048, "params": {"E_EA": 74.90641337839288, "E_MC": 28.849093752927736, "J": 17.2224516636942}, "datetime": {"datetime": "2024-05-07 22:38:14", "elapsed": 12.650422, "delta": 12.650422}}
{"target": -3.8848942702212534, "params": {"E_EA": 92.77484611318542, "E_MC": 24.15661773866918, "J": 7.11340569787404}, "datetime": {"datetime": "2024-05-07 22:38:27", "elapsed": 25.270572, "delta": 12.62015}}
{"target": -26.86144999304988, "params": {"E_EA": 92.76861454933064, "E_MC": 23.304310979281585, "J": 4.841360287205735}, "datetime": {"datetime": "2024-05-07 22:38:41", "elapsed": 38.952801, "delta": 13.682229}}
{"target": -100.0, "params": {"E_EA": 92.77518491036945, "E_MC": 21.448733261102845, "J": 9.517454406806188}, "datetime": {"datetime": "2024-05-07 22:38:55", "elapsed": 53.647089, "delta": 14.694288}}
{"target": -3.8316588075163573, "params": {"E_EA": 133.08520666786882, "E_MC": 15.031723466190632, "J": -10.093661976908187}, "datetime": {"datetime": "2024-05-07 22:39:16", "elapsed": 74.295294, "delta": 20.648205}}
{"target": -15.544612222944933, "params": {"E_EA": 77.01636656748755, "E_MC": 27.402193744716122, "J": 15.81783081823555}, "datetime": {"datetime": "2024-05-07 22:39:26", "elapsed": 84.501074, "delta": 10.20578}}
{"target": -51.36160423399298, "params": {"E_EA": 94.15569789823861, "E_MC": 26.514983627626428, "J": 5.975667723134173}, "datetime": {"datetime": "2024-05-07 22:39:27", "elapsed": 0.0, "delta": 0.0}}
{"target": -7.038728800436867, "params": {"E_EA": 148.17022668587913, "E_MC": 10.909695237181047, "J": -16.85101280584815}, "datetime": {"datetime": "2024-05-07 22:39:38", "elapsed": 10.844098, "delta": 10.844098}}
{"target": -100.0, "params": {"E_EA": 76.96885093935637, "E_MC": 27.304366044903595, "J": 19.149803723067073}, "datetime": {"datetime": "2024-05-07 22:39:43", "elapsed": 101.37204, "delta": 16.870966}}
{"target": -7.920322404975958, "params": {"E_EA": 149.60458698843848, "E_MC": 16.694506953993574, "J": -12.15543700677821}, "datetime": {"datetime": "2024-05-07 22:39:53", "elapsed": 25.831905, "delta": 14.987807}}
{"target": -17.36682706122398, "params": {"E_EA": 94.7436175328744, "E_MC": 26.09512403789902, "J": 7.02127164134582}, "datetime": {"datetime": "2024-05-07 22:39:54", "elapsed": 112.138976, "delta": 10.766936}}
{"target": -41.73922642937272, "params": {"E_EA": 77.5125329605996, "E_MC": 29.911548241731747, "J": 14.805213225829775}, "datetime": {"datetime": "2024-05-07 22:40:06", "elapsed": 124.128379, "delta": 11.989403}}
{"target": -14.361187766043185, "params": {"E_EA": 77.90126191987419, "E_MC": 29.62109040403042, "J": 17.64980094380033}, "datetime": {"datetime": "2024-05-07 22:40:07", "elapsed": 40.323947, "delta": 14.492042}}
{"target": -95.28114187827735, "params": {"E_EA": 77.57349126194634, "E_MC": 27.07937214670904, "J": 17.60040781624351}, "datetime": {"datetime": "2024-05-07 22:40:17", "elapsed": 49.642659, "delta": 9.318712}}
{"target": -6.358897521886273, "params": {"E_EA": 76.17701141890952, "E_MC": 29.79750490691283, "J": 17.101011801576497}, "datetime": {"datetime": "2024-05-07 22:40:32", "elapsed": 64.964449, "delta": 15.32179}}
{"target": -11.951100218654425, "params": {"E_EA": 140.77694262109642, "E_MC": 16.147007913727663, "J": -12.490856663829604}, "datetime": {"datetime": "2024-05-07 22:40:35", "elapsed": 0.0, "delta": 0.0}}
{"target": -28.592097853945454, "params": {"E_EA": 77.10022221784183, "E_MC": 29.95949367980408, "J": 15.42615014918016}, "datetime": {"datetime": "2024-05-07 22:40:48", "elapsed": 80.957271, "delta": 15.992822}}
{"target": -25.89175588892373, "params": {"E_EA": 92.41251814904847, "E_MC": 20.245659068074023, "J": 2.2131462913196067}, "datetime": {"datetime": "2024-05-07 22:40:53", "elapsed": 17.659235, "delta": 17.659235}}
{"target": -39.58651110414737, "params": {"E_EA": 91.38049216744221, "E_MC": 20.38673786668139, "J": 1.9409590308378313}, "datetime": {"datetime": "2024-05-07 22:41:03", "elapsed": 95.956103, "delta": 14.998832}}
{"target": -4.817813922696269, "params": {"E_EA": 77.80880087042756, "E_MC": 26.135693909393115, "J": 13.638767346763444}, "datetime": {"datetime": "2024-05-07 22:41:07", "elapsed": 31.53867, "delta": 13.879435}}
{"target": -26.562511938646903, "params": {"E_EA": 90.98435377319754, "E_MC": 24.054835348914494, "J": 5.722540303175137}, "datetime": {"datetime": "2024-05-07 22:41:16", "elapsed": 108.653401, "delta": 12.697298}}
{"target": -31.74112507807345, "params": {"E_EA": 58.20663006360129, "E_MC": 21.24210678404864, "J": 16.232758832153458}, "datetime": {"datetime": "2024-05-07 22:41:23", "elapsed": 116.199278, "delta": 7.545877}}
{"target": -6.788330879352447, "params": {"E_EA": 79.61062724312531, "E_MC": 27.285750788174962, "J": 14.517704185289176}, "datetime": {"datetime": "2024-05-07 22:41:25", "elapsed": 49.629567, "delta": 18.090897}}
{"target": -7.703294037273286, "params": {"E_EA": 79.859533162106, "E_MC": 25.285878285555267, "J": 12.53885821053597}, "datetime": {"datetime": "2024-05-07 22:41:39", "elapsed": 63.270283, "delta": 13.640716}}
{"target": -32.170333926578586, "params": {"E_EA": 78.52283796857624, "E_MC": 25.941529255722585, "J": 10.759875355477575}, "datetime": {"datetime": "2024-05-07 22:41:56", "elapsed": 80.26912, "delta": 16.998837}}
{"target": -100.0, "params": {"E_EA": 79.55316017064555, "E_MC": 24.65674466054579, "J": 14.62170913035361}, "datetime": {"datetime": "2024-05-07 22:42:04", "elapsed": 0.0, "delta": 0.0}}
{"target": -100.0, "params": {"E_EA": 81.12964375771361, "E_MC": 25.183501196570337, "J": 14.526426612176678}, "datetime": {"datetime": "2024-05-07 22:42:12", "elapsed": 97.013239, "delta": 16.744119}}
{"target": -2.2179830433471217, "params": {"E_EA": 80.60993313487072, "E_MC": 24.4294433149391, "J": 10.6922933592104}, "datetime": {"datetime": "2024-05-07 22:42:22", "elapsed": 17.305913, "delta": 17.305913}}
{"target": -42.61940393662561, "params": {"E_EA": 78.33562347159628, "E_MC": 28.45439958605701, "J": 12.939063049847142}, "datetime": {"datetime": "2024-05-07 22:42:31", "elapsed": 115.562018, "delta": 18.548779}}
{"target": -64.22727497517558, "params": {"E_EA": 78.111176044107, "E_MC": 27.062111831679506, "J": 10.681833542076063}, "datetime": {"datetime": "2024-05-07 22:42:38", "elapsed": 33.275701, "delta": 15.969788}}
{"target": -46.635070528660265, "params": {"E_EA": 79.85838572669833, "E_MC": 22.494964615935377, "J": 10.967945472310248}, "datetime": {"datetime": "2024-05-07 22:42:44", "elapsed": 128.3842, "delta": 12.822182}}
{"target": -3.915123175460443, "params": {"E_EA": 82.49079334183956, "E_MC": 25.79477492916399, "J": 11.895015843261856}, "datetime": {"datetime": "2024-05-07 22:42:53", "elapsed": 48.151575, "delta": 14.875874}}
{"target": -28.193396110885665, "params": {"E_EA": 89.1117720434948, "E_MC": 25.8180445436943, "J": 7.778326596874745}, "datetime": {"datetime": "2024-05-07 22:42:54", "elapsed": 138.814119, "delta": 10.429919}}
{"target": -65.29729200920197, "params": {"E_EA": 82.18689394221363, "E_MC": 24.12451450375715, "J": 12.248492361647195}, "datetime": {"datetime": "2024-05-07 22:43:01", "elapsed": 56.50363, "delta": 8.352055}}
{"target": -43.7185660333781, "params": {"E_EA": 80.90699809210139, "E_MC": 25.193878843412623, "J": 9.006682869472233}, "datetime": {"datetime": "2024-05-07 22:43:13", "elapsed": 68.158571, "delta": 11.654941}}
{"target": -36.035311629950776, "params": {"E_EA": 82.44871762055585, "E_MC": 25.677530818632388, "J": 9.372958829998531}, "datetime": {"datetime": "2024-05-07 22:43:17", "elapsed": 0.0, "delta": 0.0}}
{"target": -3.457100166856446, "params": {"E_EA": 78.78195405042848, "E_MC": 24.010614863980486, "J": 11.28196613801391}, "datetime": {"datetime": "2024-05-07 22:43:23", "elapsed": 78.027798, "delta": 9.869227}}
{"target": -6.618706358618341, "params": {"E_EA": 80.01030341939502, "E_MC": 26.956289433786203, "J": 12.695201924944449}, "datetime": {"datetime": "2024-05-07 22:43:31", "elapsed": 14.204889, "delta": 14.204889}}
{"target": -21.5387472521683, "params": {"E_EA": 85.19224761704072, "E_MC": 26.304776589776935, "J": 12.625036580573301}, "datetime": {"datetime": "2024-05-07 22:43:42", "elapsed": 97.12897, "delta": 19.101172}}
{"target": -23.775734105355, "params": {"E_EA": 131.77519024551944, "E_MC": 5.4026978789008995, "J": -20.0}, "datetime": {"datetime": "2024-05-07 22:43:47", "elapsed": 30.141266, "delta": 15.936377}}
{"target": -14.141294221072567, "params": {"E_EA": 141.26557935819892, "E_MC": 24.07578820502224, "J": -6.071415239248736}, "datetime": {"datetime": "2024-05-07 22:44:03", "elapsed": 118.118663, "delta": 20.989693}}
{"target": -5.164157277966865, "params": {"E_EA": 86.31420631213068, "E_MC": 28.098901626063512, "J": 13.123879543130812}, "datetime": {"datetime": "2024-05-07 22:44:04", "elapsed": 47.089177, "delta": 16.947911}}
{"target": -11.646954853920741, "params": {"E_EA": 81.60357930234622, "E_MC": 27.381074392113774, "J": 14.334067102207527}, "datetime": {"datetime": "2024-05-07 22:44:17", "elapsed": 132.927489, "delta": 14.808826}}
{"target": -63.34915108685827, "params": {"E_EA": 88.06677830890547, "E_MC": 26.457254351218683, "J": 12.892193682850873}, "datetime": {"datetime": "2024-05-07 22:44:23", "elapsed": 66.282326, "delta": 19.193149}}
{"target": -3.0498462797173236, "params": {"E_EA": 86.58564049457154, "E_MC": 29.82053604777784, "J": 13.989657296836164}, "datetime": {"datetime": "2024-05-07 22:44:39", "elapsed": 81.908122, "delta": 15.625796}}
{"target": -60.02993380329717, "params": {"E_EA": 84.30206063695137, "E_MC": 27.427150101370817, "J": 14.85621704872947}, "datetime": {"datetime": "2024-05-07 22:44:51", "elapsed": 93.921325, "delta": 12.013203}}
{"target": -46.8170775389401, "params": {"E_EA": 87.84008927834225, "E_MC": 28.977643857519876, "J": 15.111496898501152}, "datetime": {"datetime": "2024-05-07 22:45:10", "elapsed": 112.642804, "delta": 18.721479}}
{"target": -8.040019178533711, "params": {"E_EA": 142.9184975977593, "E_MC": 24.541609033933714, "J": -3.853187986844887}, "datetime": {"datetime": "2024-05-07 22:45:18", "elapsed": 120.879529, "delta": 8.236725}}
{"target": -5.4109607948932, "params": {"E_EA": 148.14708122378636, "E_MC": 25.078766555928404, "J": -5.669665704824913}, "datetime": {"datetime": "2024-05-07 22:45:25", "elapsed": 0.0, "delta": 0.0}}
{"target": -29.71940577720907, "params": {"E_EA": 85.00961977706226, "E_MC": 29.54033418199666, "J": 12.273808637822825}, "datetime": {"datetime": "2024-05-07 22:45:27", "elapsed": 130.332121, "delta": 9.452592}}
{"target": -100.0, "params": {"E_EA": 126.57880190268374, "E_MC": 20.354529084122966, "J": 1.7976967531214498}, "datetime": {"datetime": "2024-05-07 22:45:35", "elapsed": 10.053343, "delta": 10.053343}}
{"target": -31.04413847799563, "params": {"E_EA": 122.95801672379945, "E_MC": 23.478059213312115, "J": -3.0523461679321002}, "datetime": {"datetime": "2024-05-07 22:45:45", "elapsed": 20.419969, "delta": 10.366626}}
{"target": -5.737151385678346, "params": {"E_EA": 76.5732449779149, "E_MC": 24.193715043386614, "J": 12.278374335552257}, "datetime": {"datetime": "2024-05-07 22:45:56", "elapsed": 31.485495, "delta": 11.065526}}
{"target": -22.884571077063455, "params": {"E_EA": 86.16839121601672, "E_MC": 28.7387819879474, "J": 11.322961599836358}, "datetime": {"datetime": "2024-05-07 22:46:08", "elapsed": 43.485017, "delta": 11.999522}}
{"target": -28.415847638162695, "params": {"E_EA": 75.65233553167897, "E_MC": 23.5386728805732, "J": 9.619206062724174}, "datetime": {"datetime": "2024-05-07 22:46:17", "elapsed": 52.008246, "delta": 8.523229}}
{"target": -7.998599076736672, "params": {"E_EA": 84.25499696372253, "E_MC": 28.4555099650982, "J": 12.790441615080354}, "datetime": {"datetime": "2024-05-07 22:46:33", "elapsed": 68.489079, "delta": 16.480833}}
{"target": -58.95094389726253, "params": {"E_EA": 74.81537489193643, "E_MC": 24.51903159707447, "J": 14.719352212388145}, "datetime": {"datetime": "2024-05-07 22:46:41", "elapsed": 0.0, "delta": 0.0}}
{"target": -15.894248767285033, "params": {"E_EA": 75.06385923308576, "E_MC": 25.684464692664495, "J": 14.753724697753498}, "datetime": {"datetime": "2024-05-07 22:46:48", "elapsed": 83.440088, "delta": 14.951009}}
{"target": -80.87542020602812, "params": {"E_EA": 57.357549679852376, "E_MC": 22.408169037124555, "J": 13.20414060317627}, "datetime": {"datetime": "2024-05-07 22:46:56", "elapsed": 14.975888, "delta": 14.975888}}
{"target": -100.0, "params": {"E_EA": 98.93531170341417, "E_MC": 23.58426300784535, "J": 19.968224552523218}, "datetime": {"datetime": "2024-05-07 22:47:01", "elapsed": 96.241174, "delta": 12.801086}}
{"target": -100.0, "params": {"E_EA": 55.66336684583862, "E_MC": 19.885253370430892, "J": 16.20693721082172}, "datetime": {"datetime": "2024-05-07 22:47:12", "elapsed": 30.861592, "delta": 15.885704}}
{"target": -22.204677147536962, "params": {"E_EA": 81.51120757967205, "E_MC": 29.45284422469065, "J": 13.734775580190359}, "datetime": {"datetime": "2024-05-07 22:47:17", "elapsed": 112.363117, "delta": 16.121943}}
{"target": -100.0, "params": {"E_EA": 35.93017917940491, "E_MC": 20.919548112887163, "J": -12.41110809449323}, "datetime": {"datetime": "2024-05-07 22:47:42", "elapsed": 61.175543, "delta": 30.313951}}
{"target": -5.462549568988764, "params": {"E_EA": 80.80841183879738, "E_MC": 29.734572561761208, "J": 15.562134171882533}, "datetime": {"datetime": "2024-05-07 22:47:58", "elapsed": 77.181192, "delta": 16.005649}}
{"target": -100.0, "params": {"E_EA": 61.84185699201563, "E_MC": 23.661512657521143, "J": 18.525512142106805}, "datetime": {"datetime": "2024-05-07 22:48:01", "elapsed": 0.0, "delta": 0.0}}
