{"target": -2.4744270271432387, "params": {"E_EA": 111.96852694343704, "E_MC": 13.811157121626978, "J": -6.302910929850958}, "datetime": {"datetime": "2024-05-07 23:07:32", "elapsed": 180.480929, "delta": 25.780065}}
{"target": -32.96065806480194, "params": {"E_EA": 113.9743082836616, "E_MC": 8.576562501033973, "J": -10.037805533164462}, "datetime": {"datetime": "2024-05-07 23:07:42", "elapsed": 112.629647, "delta": 24.170603}}
{"target": -15.203313729116038, "params": {"E_EA": 114.14329018435457, "E_MC": 13.091314153774112, "J": -6.480486752884435}, "datetime": {"datetime": "2024-05-07 23:07:53", "elapsed": 201.466894, "delta": 20.985965}}
{"target": -5.354295700166548, "params": {"E_EA": 112.20901963535775, "E_MC": 13.98958051262846, "J": -6.830777518605409}, "datetime": {"datetime": "2024-05-07 23:08:02", "elapsed": 132.464175, "delta": 19.834528}}
{"target": -15.116561440253934, "params": {"E_EA": 109.66461222751411, "E_MC": 14.196811456430916, "J": -6.69812454705038}, "datetime": {"datetime": "2024-05-07 23:08:24", "elapsed": 154.116839, "delta": 21.652664}}
{"target": -100.0, "params": {"E_EA": 109.30739853841732, "E_MC": 14.910251260790709, "J": -9.619469856702931}, "datetime": {"datetime": "2024-05-07 23:08:38", "elapsed": 168.383158, "delta": 14.266319}}
{"target": -32.63112743160131, "params": {"E_EA": 111.12558746913324, "E_MC": 12.84023862615961, "J": -5.559378698177723}, "datetime": {"datetime": "2024-05-07 23:08:51", "elapsed": 180.903237, "delta": 12.520079}}
{"target": -44.96977549444298, "params": {"E_EA": 28.90752807876892, "E_MC": 18.23078534705088, "J": 20.0}, "datetime": {"datetime": "2024-05-07 23:09:02", "elapsed": 0.0, "delta": 0.0}}
{"target": -100.0, "params": {"E_EA": 82.09656189061025, "E_MC": 23.671209955650898, "J": -11.91992722963752}, "datetime": {"datetime": "2024-05-07 23:09:26", "elapsed": 23.831703, "delta": 23.831703}}
{"target": -8.432901273068802, "params": {"E_EA": 110.56223059245097, "E_MC": 8.443346780271659, "J": -11.253113398744947}, "datetime": {"datetime": "2024-05-07 23:09:51", "elapsed": 48.194724, "delta": 24.363021}}
{"target": -100.0, "params": {"E_EA": 72.71565157342992, "E_MC": 30.0, "J": -12.220439237848646}, "datetime": {"datetime": "2024-05-07 23:10:07", "elapsed": 64.51974, "delta": 16.325016}}
{"target": -100.0, "params": {"E_EA": 125.04118054202891, "E_MC": 30.0, "J": -20.0}, "datetime": {"datetime": "2024-05-07 23:10:23", "elapsed": 80.724524, "delta": 16.204784}}
{"target": -100.0, "params": {"E_EA": 48.54430850578994, "E_MC": 21.271337826455333, "J": -19.9656922966013}, "datetime": {"datetime": "2024-05-07 23:10:44", "elapsed": 101.39979, "delta": 20.675266}}
{"target": -100.0, "params": {"E_EA": 45.49112371513355, "E_MC": 23.770809696505424, "J": 3.04613006621192}, "datetime": {"datetime": "2024-05-07 23:11:03", "elapsed": 120.505427, "delta": 19.105637}}
{"target": -100.0, "params": {"E_EA": 35.87275078769736, "E_MC": 22.210286090756032, "J": 4.254295590295037}, "datetime": {"datetime": "2024-05-07 23:11:05", "elapsed": 0.0, "delta": 0.0}}
{"target": -100.0, "params": {"E_EA": 50.54115264681607, "E_MC": 7.85455056967834, "J": -13.558417865167742}, "datetime": {"datetime": "2024-05-07 23:11:26", "elapsed": 143.601857, "delta": 23.09643}}
{"target": -100.0, "params": {"E_EA": 149.6851170245308, "E_MC": 23.12579299899867, "J": 14.359609063585154}, "datetime": {"datetime": "2024-05-07 23:11:28", "elapsed": 23.415203, "delta": 23.415203}}
{"target": -100.0, "params": {"E_EA": 62.15648985585076, "E_MC": 5.858834101394285, "J": 20.0}, "datetime": {"datetime": "2024-05-07 23:11:39", "elapsed": 34.151523, "delta": 10.73632}}
{"target": -25.194873131667695, "params": {"E_EA": 109.30275609710964, "E_MC": 9.830224096793724, "J": -10.745687332660175}, "datetime": {"datetime": "2024-05-07 23:11:52", "elapsed": 169.718723, "delta": 26.116866}}
{"target": -100.0, "params": {"E_EA": 149.91510114479507, "E_MC": 9.694716917873613, "J": 18.299208809166856}, "datetime": {"datetime": "2024-05-07 23:11:57", "elapsed": 51.821561, "delta": 17.670038}}
{"target": -26.112090611693727, "params": {"E_EA": 109.29436323764214, "E_MC": 9.988291129159448, "J": -10.524675824295121}, "datetime": {"datetime": "2024-05-07 23:12:08", "elapsed": 0.0, "delta": 0.0}}
{"target": -100.0, "params": {"E_EA": 62.00961758992668, "E_MC": 6.168623002342958, "J": 19.858195858373662}, "datetime": {"datetime": "2024-05-07 23:12:13", "elapsed": 190.196098, "delta": 20.477375}}
{"target": -22.642464790493566, "params": {"E_EA": 112.27268158624653, "E_MC": 9.485533846584396, "J": -11.614393282857723}, "datetime": {"datetime": "2024-05-07 23:12:13", "elapsed": 68.086827, "delta": 16.265266}}
{"target": -100.0, "params": {"E_EA": 20.430739895018633, "E_MC": 24.20544746922596, "J": -12.653882912027058}, "datetime": {"datetime": "2024-05-07 23:12:55", "elapsed": 47.374307, "delta": 47.374307}}
{"target": -100.0, "params": {"E_EA": 20.100727013991374, "E_MC": 24.44321924316756, "J": -13.017688926648558}, "datetime": {"datetime": "2024-05-07 23:13:00", "elapsed": 114.570294, "delta": 46.483467}}
{"target": -100.0, "params": {"E_EA": 53.41646038348874, "E_MC": 10.488680001203043, "J": -4.597635333055599}, "datetime": {"datetime": "2024-05-07 23:13:16", "elapsed": 131.019546, "delta": 16.449252}}
{"target": -100.0, "params": {"E_EA": 27.65654416183433, "E_MC": 18.467513191748857, "J": -12.110179479183483}, "datetime": {"datetime": "2024-05-07 23:13:39", "elapsed": 91.090893, "delta": 43.716586}}
{"target": -45.0878907805639, "params": {"E_EA": 112.0712141264472, "E_MC": 9.76502914368718, "J": -12.217528548750423}, "datetime": {"datetime": "2024-05-07 23:13:59", "elapsed": 111.134014, "delta": 20.043121}}
{"target": -100.0, "params": {"E_EA": 27.867071260738317, "E_MC": 18.20191674752576, "J": -12.895438452807745}, "datetime": {"datetime": "2024-05-07 23:14:01", "elapsed": 175.486524, "delta": 44.466978}}
{"target": -6.559020582733753, "params": {"E_EA": 107.63860754670655, "E_MC": 28.44487848903492, "J": 7.196152910908168}, "datetime": {"datetime": "2024-05-07 23:14:18", "elapsed": 192.527006, "delta": 17.040482}}
{"target": -100.0, "params": {"E_EA": 128.7142821208925, "E_MC": 14.493669560212886, "J": -16.406818890470248}, "datetime": {"datetime": "2024-05-07 23:14:25", "elapsed": 136.973968, "delta": 25.839954}}
{"target": -100.0, "params": {"E_EA": 91.81538218201779, "E_MC": 29.924319873816817, "J": 19.971000972223052}, "datetime": {"datetime": "2024-05-07 23:14:35", "elapsed": 0.0, "delta": 0.0}}
{"target": -100.0, "params": {"E_EA": 107.8777486795332, "E_MC": 11.12926392412945, "J": 6.164135202334458}, "datetime": {"datetime": "2024-05-07 23:14:44", "elapsed": 156.226226, "delta": 19.252258}}
{"target": -100.0, "params": {"E_EA": 49.5224938160961, "E_MC": 21.17171018609781, "J": -17.944417190422225}, "datetime": {"datetime": "2024-05-07 23:14:45", "elapsed": 220.053295, "delta": 27.526289}}
{"target": -100.0, "params": {"E_EA": 23.025669830880233, "E_MC": 10.043197403792867, "J": 20.0}, "datetime": {"datetime": "2024-05-07 23:14:45", "elapsed": 10.073782, "delta": 10.073782}}
{"target": -100.0, "params": {"E_EA": 107.93780798530331, "E_MC": 11.147713908651545, "J": 5.8593236182874655}, "datetime": {"datetime": "2024-05-07 23:15:03", "elapsed": 27.522936, "delta": 17.449154}}
{"target": -5.199384016253859, "params": {"E_EA": 108.72733102076492, "E_MC": 6.435434577535973, "J": -11.838511076235942}, "datetime": {"datetime": "2024-05-07 23:15:22", "elapsed": 46.977575, "delta": 19.454639}}
{"target": -100.0, "params": {"E_EA": 33.304609322522836, "E_MC": 8.15551001448859, "J": -14.334325673223526}, "datetime": {"datetime": "2024-05-07 23:15:26", "elapsed": 197.96416, "delta": 41.737934}}
{"target": -46.34482046724637, "params": {"E_EA": 56.70333167313732, "E_MC": 3.149981419733651, "J": -2.041035125522587}, "datetime": {"datetime": "2024-05-07 23:15:43", "elapsed": 215.392935, "delta": 17.428775}}
{"target": -100.0, "params": {"E_EA": 134.10624585853074, "E_MC": 9.868998801653065, "J": 12.71946140215603}, "datetime": {"datetime": "2024-05-07 23:15:53", "elapsed": 224.769982, "delta": 9.377047}}
{"target": -100.0, "params": {"E_EA": 33.30829510232354, "E_MC": 8.139408186212528, "J": -14.34302615461845}, "datetime": {"datetime": "2024-05-07 23:16:02", "elapsed": 86.948377, "delta": 39.970802}}
{"target": -100.0, "params": {"E_EA": 149.77035643663564, "E_MC": 11.510668061716096, "J": 14.934488103987178}, "datetime": {"datetime": "2024-05-07 23:16:07", "elapsed": 238.860105, "delta": 14.090123}}
{"target": -100.0, "params": {"E_EA": 128.36780921855745, "E_MC": 14.713926635332747, "J": -16.4391836494175}, "datetime": {"datetime": "2024-05-07 23:16:14", "elapsed": 99.183671, "delta": 12.235294}}
{"target": -93.02787484854059, "params": {"E_EA": 150.0, "E_MC": 18.29773165883805, "J": -20.0}, "datetime": {"datetime": "2024-05-07 23:16:23", "elapsed": 107.817501, "delta": 8.63383}}
{"target": -100.0, "params": {"E_EA": 102.44376542671696, "E_MC": 3.0, "J": 11.59850652188938}, "datetime": {"datetime": "2024-05-07 23:16:34", "elapsed": 118.973556, "delta": 11.156055}}
{"target": -100.0, "params": {"E_EA": 27.219396590603644, "E_MC": 10.660314031129598, "J": -2.2501050104896017}, "datetime": {"datetime": "2024-05-07 23:17:02", "elapsed": 146.862434, "delta": 27.888878}}
{"target": -100.0, "params": {"E_EA": 135.08301821223472, "E_MC": 9.7957990344877, "J": 12.565653082525913}, "datetime": {"datetime": "2024-05-07 23:17:18", "elapsed": 162.922501, "delta": 16.060067}}
{"target": -38.44166705966334, "params": {"E_EA": 132.98800788407172, "E_MC": 8.756398238481113, "J": -14.167588757485989}, "datetime": {"datetime": "2024-05-08 12:12:51", "elapsed": 0.0, "delta": 0.0}}
{"target": -100.0, "params": {"E_EA": 69.84313260168666, "E_MC": 13.283132028876677, "J": 5.504335255347119}, "datetime": {"datetime": "2024-05-08 12:12:56", "elapsed": 0.0, "delta": 0.0}}
{"target": -100.0, "params": {"E_EA": 122.98307993074413, "E_MC": 30.0, "J": 14.57397062545929}, "datetime": {"datetime": "2024-05-08 12:13:09", "elapsed": 17.660154, "delta": 17.660154}}
{"target": -100.0, "params": {"E_EA": 142.1682304960409, "E_MC": 21.297300136296805, "J": 7.936313028200402}, "datetime": {"datetime": "2024-05-08 12:13:16", "elapsed": 25.370403, "delta": 7.710249}}
{"target": -38.47213065170787, "params": {"E_EA": 36.67202483878118, "E_MC": 22.865047478873958, "J": 20.0}, "datetime": {"datetime": "2024-05-08 12:13:33", "elapsed": 36.802714, "delta": 36.802714}}
{"target": -33.53998275481855, "params": {"E_EA": 39.673711201233544, "E_MC": 23.2091590811945, "J": 20.0}, "datetime": {"datetime": "2024-05-08 12:13:41", "elapsed": 49.525236, "delta": 24.154833}}
{"target": -48.066464721609215, "params": {"E_EA": 40.42767329882179, "E_MC": 23.613811696115402, "J": 19.429320476113844}, "datetime": {"datetime": "2024-05-08 12:14:09", "elapsed": 72.791724, "delta": 35.98901}}
{"target": -100.0, "params": {"E_EA": 74.6385936270409, "E_MC": 7.726997645182157, "J": -9.257129530436075}, "datetime": {"datetime": "2024-05-08 12:14:34", "elapsed": 97.502541, "delta": 24.710817}}
{"target": -100.0, "params": {"E_EA": 36.36272645574725, "E_MC": 23.4727807588566, "J": 18.205832769709545}, "datetime": {"datetime": "2024-05-08 12:14:37", "elapsed": 105.792329, "delta": 56.267093}}
{"target": -100.0, "params": {"E_EA": 101.46572563692784, "E_MC": 17.753935479239555, "J": 13.42102503967196}, "datetime": {"datetime": "2024-05-08 12:14:51", "elapsed": 115.399413, "delta": 17.896872}}
{"target": -24.08557279072148, "params": {"E_EA": 42.8899936078855, "E_MC": 23.559589508108434, "J": 20.0}, "datetime": {"datetime": "2024-05-08 12:15:07", "elapsed": 136.201153, "delta": 30.408824}}
{"target": -100.0, "params": {"E_EA": 65.5115867634855, "E_MC": 16.490462419825054, "J": -12.021977192560866}, "datetime": {"datetime": "2024-05-08 12:15:09", "elapsed": 133.091953, "delta": 17.69254}}
{"target": -100.0, "params": {"E_EA": 100.21428598403429, "E_MC": 17.870590815553353, "J": 13.883820541820677}, "datetime": {"datetime": "2024-05-08 12:15:23", "elapsed": 152.496842, "delta": 16.295689}}
{"target": -100.0, "params": {"E_EA": 41.639518521783245, "E_MC": 25.922452342129738, "J": 19.582094232273725}, "datetime": {"datetime": "2024-05-08 12:15:54", "elapsed": 183.373698, "delta": 30.876856}}
{"target": -100.0, "params": {"E_EA": 59.63944546655434, "E_MC": 11.371539330923198, "J": 7.901411532788459}, "datetime": {"datetime": "2024-05-08 13:18:54", "elapsed": 0.0, "delta": 0.0}}
{"target": -11.952390720586026, "params": {"E_EA": 40.90766506609721, "E_MC": 20.72359199134955, "J": 19.82104536266069}, "datetime": {"datetime": "2024-05-08 13:19:02", "elapsed": 0.0, "delta": 0.0}}
{"target": -15.296675159765128, "params": {"E_EA": 42.24295775905852, "E_MC": 20.970868901274024, "J": 19.049242748592782}, "datetime": {"datetime": "2024-05-08 13:19:24", "elapsed": 30.232588, "delta": 30.232588}}
{"target": -10.976686196795827, "params": {"E_EA": 45.73480188313491, "E_MC": 22.480962268327627, "J": 19.740112257507576}, "datetime": {"datetime": "2024-05-08 13:19:44", "elapsed": 49.601682, "delta": 19.369094}}
{"target": -70.76388234510357, "params": {"E_EA": 20.0, "E_MC": 22.23746884011112, "J": 20.0}, "datetime": {"datetime": "2024-05-08 13:19:51", "elapsed": 49.255062, "delta": 49.255062}}
{"target": -100.0, "params": {"E_EA": 150.0, "E_MC": 3.0, "J": -11.502943107003555}, "datetime": {"datetime": "2024-05-08 13:20:03", "elapsed": 68.605838, "delta": 19.004156}}
{"target": -100.0, "params": {"E_EA": 108.76079425564328, "E_MC": 29.65007419615666, "J": -13.684774308851498}, "datetime": {"datetime": "2024-05-08 13:20:22", "elapsed": 80.261074, "delta": 31.006012}}
{"target": -9.112947708328822, "params": {"E_EA": 44.22316330426651, "E_MC": 21.75610485881824, "J": 19.918583655315565}, "datetime": {"datetime": "2024-05-08 13:20:27", "elapsed": 92.921849, "delta": 24.316011}}
{"target": -12.310567947714926, "params": {"E_EA": 42.856697391103694, "E_MC": 19.92527117991133, "J": 18.11804414960237}, "datetime": {"datetime": "2024-05-08 13:20:40", "elapsed": 98.556984, "delta": 18.29591}}
{"target": -100.0, "params": {"E_EA": 94.47718804151776, "E_MC": 22.91772490543667, "J": -8.973504616169494}, "datetime": {"datetime": "2024-05-08 13:20:46", "elapsed": 111.724107, "delta": 18.802258}}
{"target": -27.87841377686002, "params": {"E_EA": 44.131936409813974, "E_MC": 21.897691651629785, "J": 17.91310954579788}, "datetime": {"datetime": "2024-05-08 13:21:05", "elapsed": 123.170061, "delta": 24.613077}}
{"target": -100.0, "params": {"E_EA": 123.00186361138628, "E_MC": 11.024622204216119, "J": -5.524697496986186}, "datetime": {"datetime": "2024-05-08 13:21:13", "elapsed": 139.030967, "delta": 27.30686}}
{"target": -100.0, "params": {"E_EA": 85.9054637692203, "E_MC": 3.3730010183681243, "J": 11.531867663601929}, "datetime": {"datetime": "2024-05-08 13:21:38", "elapsed": 156.154821, "delta": 32.98476}}
{"target": -12.762789628677577, "params": {"E_EA": 37.523378941223065, "E_MC": 20.019320361906217, "J": 19.88808945563423}, "datetime": {"datetime": "2024-05-08 13:21:39", "elapsed": 164.71684, "delta": 25.685873}}
{"target": -12.78099807594532, "params": {"E_EA": 37.68556396241565, "E_MC": 20.299120276814133, "J": 19.899997635068715}, "datetime": {"datetime": "2024-05-08 13:22:09", "elapsed": 187.06624, "delta": 30.911419}}
{"target": -48.50054039470376, "params": {"E_EA": 44.020699594716106, "E_MC": 22.560273954409535, "J": 17.35686435099347}, "datetime": {"datetime": "2024-05-08 13:22:11", "elapsed": 196.830633, "delta": 32.113793}}
