{"target": -63.26534657807206, "params": {"E_EA": 129.11781927293345, "E_MC": 15.104702671989767, "J": -7.05686025081215}, "datetime": {"datetime": "2024-05-07 21:50:01", "elapsed": 4.158789, "delta": 2.09684}}
{"target": -5.323136680098546, "params": {"E_EA": 132.46775846215337, "E_MC": 20.80955458332129, "J": -5.858872357307989}, "datetime": {"datetime": "2024-05-07 21:50:04", "elapsed": 6.858676, "delta": 2.699887}}
{"target": -24.972418581931674, "params": {"E_EA": 128.41108982170527, "E_MC": 20.316024556011286, "J": -6.718671015389894}, "datetime": {"datetime": "2024-05-07 21:50:07", "elapsed": 9.898833, "delta": 3.040157}}
{"target": -22.247350790101386, "params": {"E_EA": 129.3815148294758, "E_MC": 19.623941152943605, "J": -4.085175804415822}, "datetime": {"datetime": "2024-05-07 21:50:09", "elapsed": 12.048412, "delta": 2.149579}}
{"target": -3.966722139308865, "params": {"E_EA": 136.51893180783807, "E_MC": 21.73244309750841, "J": -5.407004077331683}, "datetime": {"datetime": "2024-05-07 21:50:12", "elapsed": 14.576876, "delta": 2.528464}}
{"target": -8.75492476304691, "params": {"E_EA": 135.2551564764343, "E_MC": 19.847324405164844, "J": -5.967034378290052}, "datetime": {"datetime": "2024-05-07 21:50:14", "elapsed": 17.068161, "delta": 2.491285}}
{"target": -7.087772000037557, "params": {"E_EA": 138.3404528295644, "E_MC": 24.211595147574123, "J": -4.591071843289441}, "datetime": {"datetime": "2024-05-07 21:50:17", "elapsed": 20.489374, "delta": 3.421213}}
{"target": -40.7803319781436, "params": {"E_EA": 138.25426126731978, "E_MC": 23.943795782027596, "J": -6.882734863794875}, "datetime": {"datetime": "2024-05-07 21:50:20", "elapsed": 23.25575, "delta": 2.766376}}
{"target": -63.54300431644879, "params": {"E_EA": 137.22286237885004, "E_MC": 21.19510952404909, "J": -3.44405831638014}, "datetime": {"datetime": "2024-05-07 21:50:31", "elapsed": 0.0, "delta": 0.0}}
{"target": -4.152810765169773, "params": {"E_EA": 148.35699474103583, "E_MC": 18.388045755897245, "J": -11.649160300074408}, "datetime": {"datetime": "2024-05-07 21:50:34", "elapsed": 2.472406, "delta": 2.472406}}
{"target": -38.102180594011806, "params": {"E_EA": 135.5729265409338, "E_MC": 24.01665362627084, "J": -6.019532411068882}, "datetime": {"datetime": "2024-05-07 21:50:36", "elapsed": 5.268243, "delta": 2.795837}}
{"target": -31.610432743151264, "params": {"E_EA": 92.84401813519162, "E_MC": 16.34429083805876, "J": 1.732773485216519}, "datetime": {"datetime": "2024-05-07 21:50:38", "elapsed": 7.4641, "delta": 2.195857}}
{"target": -5.381781567266103, "params": {"E_EA": 98.21590421339666, "E_MC": 26.5890423707182, "J": 7.627523736048918}, "datetime": {"datetime": "2024-05-07 21:50:41", "elapsed": 9.944927, "delta": 2.480827}}
{"target": -9.772491198933263, "params": {"E_EA": 144.2081126227351, "E_MC": 26.306292172737212, "J": -4.309023364404974}, "datetime": {"datetime": "2024-05-07 21:50:44", "elapsed": 12.482788, "delta": 2.537861}}
{"target": -5.712361131876604, "params": {"E_EA": 126.32914750173542, "E_MC": 19.253744982801962, "J": -4.534507587627141}, "datetime": {"datetime": "2024-05-07 21:50:46", "elapsed": 14.825969, "delta": 2.343181}}
{"target": -44.22676086689491, "params": {"E_EA": 124.94055853746686, "E_MC": 17.52767527386474, "J": -4.267751003011142}, "datetime": {"datetime": "2024-05-07 21:50:48", "elapsed": 16.95601, "delta": 2.130041}}
{"target": -10.38689678578681, "params": {"E_EA": 127.17195671694594, "E_MC": 20.74351493411089, "J": -3.1012910280375507}, "datetime": {"datetime": "2024-05-07 21:50:50", "elapsed": 19.272801, "delta": 2.316791}}
{"target": -12.570870809133432, "params": {"E_EA": 125.51372133924004, "E_MC": 21.73259977107763, "J": -4.099102142191846}, "datetime": {"datetime": "2024-05-07 21:50:53", "elapsed": 22.208666, "delta": 2.935865}}
{"target": -18.787662851370825, "params": {"E_EA": 127.35895802880195, "E_MC": 21.793014529828305, "J": -4.879523226567661}, "datetime": {"datetime": "2024-05-07 21:50:56", "elapsed": 0.0, "delta": 0.0}}
{"target": -28.108688255528964, "params": {"E_EA": 124.64092485383016, "E_MC": 21.574674527876017, "J": -4.9220513476037375}, "datetime": {"datetime": "2024-05-07 21:50:59", "elapsed": 2.831169, "delta": 2.831169}}
{"target": -12.104706567678411, "params": {"E_EA": 125.95522046405006, "E_MC": 23.198129354483367, "J": -2.663680749553592}, "datetime": {"datetime": "2024-05-07 21:51:01", "elapsed": 5.421959, "delta": 2.59079}}
{"target": -24.233611493926443, "params": {"E_EA": 123.77140222864799, "E_MC": 21.963895994911553, "J": -0.6345418739128519}, "datetime": {"datetime": "2024-05-07 21:51:04", "elapsed": 7.972783, "delta": 2.550824}}
{"target": -36.282641460928076, "params": {"E_EA": 125.25198620223547, "E_MC": 20.164704318801945, "J": -2.2083849195916683}, "datetime": {"datetime": "2024-05-07 21:51:06", "elapsed": 10.188897, "delta": 2.216114}}
{"target": -20.391898095403807, "params": {"E_EA": 124.63107053023882, "E_MC": 25.142613242680262, "J": -1.430289278470341}, "datetime": {"datetime": "2024-05-07 21:51:09", "elapsed": 13.307835, "delta": 3.118938}}
{"target": -10.165738970168293, "params": {"E_EA": 134.8525247248494, "E_MC": 29.87519320431028, "J": 1.1023134992610615}, "datetime": {"datetime": "2024-05-07 21:51:12", "elapsed": 15.906353, "delta": 2.598518}}
{"target": -8.08557701460654, "params": {"E_EA": 128.48850927388028, "E_MC": 23.387289539282317, "J": -2.8668919302764726}, "datetime": {"datetime": "2024-05-07 21:51:15", "elapsed": 19.023705, "delta": 3.117352}}
{"target": -13.6623920548612, "params": {"E_EA": 127.17048589289078, "E_MC": 23.376669416337087, "J": -0.6528937791467337}, "datetime": {"datetime": "2024-05-07 21:51:17", "elapsed": 21.336889, "delta": 2.313184}}
{"target": -25.94034455747648, "params": {"E_EA": 127.25167130236137, "E_MC": 26.100266241447905, "J": -1.7948505508636785}, "datetime": {"datetime": "2024-05-07 21:51:20", "elapsed": 24.355928, "delta": 3.019039}}
{"target": -47.24689153906437, "params": {"E_EA": 127.39581386128364, "E_MC": 24.725438702968187, "J": -3.9521102418969853}, "datetime": {"datetime": "2024-05-07 21:51:32", "elapsed": 0.0, "delta": 0.0}}
{"target": -34.93143615293794, "params": {"E_EA": 125.25542507165802, "E_MC": 24.296445297609182, "J": 1.4501552876753485}, "datetime": {"datetime": "2024-05-07 21:51:34", "elapsed": 2.106761, "delta": 2.106761}}
{"target": -82.4768425071856, "params": {"E_EA": 122.98209646355774, "E_MC": 28.13650306069728, "J": -1.6834490277475993}, "datetime": {"datetime": "2024-05-07 21:51:37", "elapsed": 5.094653, "delta": 2.987892}}
{"target": -11.102448115642876, "params": {"E_EA": 131.48651223858386, "E_MC": 29.083202010080246, "J": 1.2170711474038818}, "datetime": {"datetime": "2024-05-07 21:51:40", "elapsed": 7.779914, "delta": 2.685261}}
{"target": -5.593409878064679, "params": {"E_EA": 135.16726821086615, "E_MC": 14.352819640944514, "J": -10.899623491820543}, "datetime": {"datetime": "2024-05-07 21:51:42", "elapsed": 10.122231, "delta": 2.342317}}
{"target": -58.6848582771284, "params": {"E_EA": 129.322019959479, "E_MC": 29.871233302991076, "J": -0.914912882210924}, "datetime": {"datetime": "2024-05-07 21:51:45", "elapsed": 12.964868, "delta": 2.842637}}
{"target": -7.454493840271533, "params": {"E_EA": 129.68918005801365, "E_MC": 28.7699921317138, "J": 2.711228384930557}, "datetime": {"datetime": "2024-05-07 21:51:47", "elapsed": 15.402891, "delta": 2.438023}}
{"target": -16.438010447614765, "params": {"E_EA": 131.75669448910912, "E_MC": 29.62703739921639, "J": 3.7408299244038936}, "datetime": {"datetime": "2024-05-07 21:51:50", "elapsed": 17.909259, "delta": 2.506368}}
{"target": -66.83917736114505, "params": {"E_EA": 131.0197402069801, "E_MC": 27.143438127720817, "J": 3.4178166233938434}, "datetime": {"datetime": "2024-05-07 21:51:52", "elapsed": 20.171915, "delta": 2.262656}}
{"target": -7.384328739129153, "params": {"E_EA": 134.9830254850057, "E_MC": 22.008182254763216, "J": -5.7007882725518755}, "datetime": {"datetime": "2024-05-07 21:51:55", "elapsed": 22.808476, "delta": 2.636561}}
{"target": -31.62366774015685, "params": {"E_EA": 128.9920035737109, "E_MC": 29.91779961688473, "J": 5.345613522879802}, "datetime": {"datetime": "2024-05-07 21:52:06", "elapsed": 0.0, "delta": 0.0}}
{"target": -6.306487971393439, "params": {"E_EA": 126.84312558589691, "E_MC": 29.160414918772148, "J": 3.225870584695553}, "datetime": {"datetime": "2024-05-07 21:52:09", "elapsed": 2.684324, "delta": 2.684324}}
{"target": -5.774561462339261, "params": {"E_EA": 124.91237156107324, "E_MC": 30.0, "J": 4.40408626027923}, "datetime": {"datetime": "2024-05-07 21:52:11", "elapsed": 5.223552, "delta": 2.539228}}
{"target": -55.03950577936089, "params": {"E_EA": 124.64939444999591, "E_MC": 27.28136526634843, "J": 4.7083488738584265}, "datetime": {"datetime": "2024-05-07 21:52:14", "elapsed": 7.464615, "delta": 2.241063}}
{"target": -9.213089239913009, "params": {"E_EA": 130.89639836388108, "E_MC": 24.22001004006169, "J": -3.0541701766606693}, "datetime": {"datetime": "2024-05-07 21:52:16", "elapsed": 10.155418, "delta": 2.690803}}
{"target": -46.26547095394992, "params": {"E_EA": 124.62796653354667, "E_MC": 29.826695087996303, "J": 6.725535120994369}, "datetime": {"datetime": "2024-05-07 21:52:19", "elapsed": 12.738254, "delta": 2.582836}}
{"target": -30.107441902072072, "params": {"E_EA": 124.47541203463241, "E_MC": 29.62032004334211, "J": 1.518824540598139}, "datetime": {"datetime": "2024-05-07 21:52:22", "elapsed": 15.662417, "delta": 2.924163}}
{"target": -12.963908669195046, "params": {"E_EA": 126.3178863821546, "E_MC": 18.97693275140229, "J": -6.564969752785071}, "datetime": {"datetime": "2024-05-07 21:52:24", "elapsed": 18.277438, "delta": 2.615021}}
{"target": -85.81905658443299, "params": {"E_EA": 124.68800958552987, "E_MC": 18.303130840726652, "J": -10.230206595566216}, "datetime": {"datetime": "2024-05-07 21:52:28", "elapsed": 21.738607, "delta": 3.461169}}
{"target": -8.592314465822081, "params": {"E_EA": 140.36880397657262, "E_MC": 27.979434219124926, "J": -0.365627172721652}, "datetime": {"datetime": "2024-05-07 21:52:48", "elapsed": 0.0, "delta": 0.0}}
{"target": -28.55758010779731, "params": {"E_EA": 127.50325604766299, "E_MC": 29.931463781153607, "J": 1.4559945538857555}, "datetime": {"datetime": "2024-05-07 21:52:51", "elapsed": 2.93236, "delta": 2.93236}}
{"target": -100.0, "params": {"E_EA": 29.464085680331586, "E_MC": 26.738016385340284, "J": -10.789073942267105}, "datetime": {"datetime": "2024-05-07 21:53:01", "elapsed": 55.188427, "delta": 33.44982}}
{"target": -100.0, "params": {"E_EA": 27.817569164204716, "E_MC": 25.385857504347843, "J": -17.36369070761048}, "datetime": {"datetime": "2024-05-07 21:53:25", "elapsed": 37.63531, "delta": 34.70295}}
{"target": -100.0, "params": {"E_EA": 20.016915432579207, "E_MC": 4.706228735608585, "J": 19.52288058411885}, "datetime": {"datetime": "2024-05-07 21:53:36", "elapsed": 0.0, "delta": 0.0}}
{"target": -100.0, "params": {"E_EA": 130.6319231507897, "E_MC": 3.9285064291482574, "J": 19.757551238154335}, "datetime": {"datetime": "2024-05-07 21:53:38", "elapsed": 1.475921, "delta": 1.475921}}
{"target": -100.0, "params": {"E_EA": 21.37310782746169, "E_MC": 28.585993494483436, "J": 18.565244269191595}, "datetime": {"datetime": "2024-05-07 21:54:02", "elapsed": 73.907953, "delta": 36.272643}}
{"target": -100.0, "params": {"E_EA": 28.112491930849025, "E_MC": 29.956508514807307, "J": 16.723616525032895}, "datetime": {"datetime": "2024-05-07 21:54:14", "elapsed": 37.410814, "delta": 35.934893}}
{"target": -100.0, "params": {"E_EA": 56.960496586662245, "E_MC": 29.326346156398593, "J": -19.811761310711923}, "datetime": {"datetime": "2024-05-07 21:54:19", "elapsed": 42.840183, "delta": 5.429369}}
{"target": -100.0, "params": {"E_EA": 42.86527049297405, "E_MC": 4.932766726905937, "J": -19.515158492091125}, "datetime": {"datetime": "2024-05-07 21:54:26", "elapsed": 49.901311, "delta": 7.061128}}
{"target": -100.0, "params": {"E_EA": 39.61181575772844, "E_MC": 3.3179118674836072, "J": -15.80430381984021}, "datetime": {"datetime": "2024-05-07 21:54:34", "elapsed": 0.0, "delta": 0.0}}
{"target": -100.0, "params": {"E_EA": 21.280378055700645, "E_MC": 4.3351584833217665, "J": 3.126827513676588}, "datetime": {"datetime": "2024-05-07 21:54:37", "elapsed": 109.573646, "delta": 35.665693}}
{"target": -100.0, "params": {"E_EA": 135.08007689968156, "E_MC": 3.1053159881973214, "J": 19.1721921469587}, "datetime": {"datetime": "2024-05-07 21:54:39", "elapsed": 111.025661, "delta": 1.452015}}
{"target": -100.0, "params": {"E_EA": 53.322143327633704, "E_MC": 28.204571243969706, "J": -19.05089592700923}, "datetime": {"datetime": "2024-05-07 21:54:39", "elapsed": 5.72133, "delta": 5.72133}}
{"target": -49.958523491294336, "params": {"E_EA": 58.938622939881476, "E_MC": 29.50357824027371, "J": 19.55177694132457}, "datetime": {"datetime": "2024-05-07 21:54:43", "elapsed": 9.731748, "delta": 4.010418}}
{"target": -100.0, "params": {"E_EA": 53.845841084162664, "E_MC": 29.71237483015588, "J": -17.976237423289763}, "datetime": {"datetime": "2024-05-07 21:54:45", "elapsed": 116.844478, "delta": 5.818817}}
{"target": -100.0, "params": {"E_EA": 41.23791552808622, "E_MC": 4.130431844762085, "J": -18.96275370375824}, "datetime": {"datetime": "2024-05-07 21:54:55", "elapsed": 126.890646, "delta": 10.046168}}
{"target": -100.0, "params": {"E_EA": 46.03517627089712, "E_MC": 29.89401827414195, "J": 18.765075088615603}, "datetime": {"datetime": "2024-05-07 21:55:00", "elapsed": 132.615049, "delta": 5.724403}}
{"target": -100.0, "params": {"E_EA": 20.92712595034185, "E_MC": 3.351687551726652, "J": -6.772276157933629}, "datetime": {"datetime": "2024-05-07 21:55:02", "elapsed": 85.514225, "delta": 35.612914}}
{"target": -100.0, "params": {"E_EA": 77.64189233356956, "E_MC": 28.37233130955656, "J": -19.76659286137666}, "datetime": {"datetime": "2024-05-07 21:55:06", "elapsed": 138.131174, "delta": 5.516125}}
{"target": -70.01453914915439, "params": {"E_EA": 55.401604530541164, "E_MC": 29.86621123437365, "J": 19.862529926982077}, "datetime": {"datetime": "2024-05-07 21:55:06", "elapsed": 90.163372, "delta": 4.649147}}
{"target": -100.0, "params": {"E_EA": 78.79055195281441, "E_MC": 29.86165085099419, "J": -17.59254032891495}, "datetime": {"datetime": "2024-05-07 21:55:12", "elapsed": 95.826679, "delta": 5.663307}}
{"target": -100.0, "params": {"E_EA": 149.67355853005262, "E_MC": 3.7931682259224835, "J": 8.072399499559708}, "datetime": {"datetime": "2024-05-07 21:55:14", "elapsed": 97.192337, "delta": 1.365658}}
{"target": -100.0, "params": {"E_EA": 105.3811946561821, "E_MC": 4.358239867037562, "J": 19.744407236170986}, "datetime": {"datetime": "2024-05-07 21:55:16", "elapsed": 99.60181, "delta": 2.409473}}
{"target": -100.0, "params": {"E_EA": 21.133577949130206, "E_MC": 5.334290737567482, "J": -4.6017898103993815}, "datetime": {"datetime": "2024-05-07 21:55:20", "elapsed": 46.028173, "delta": 36.296425}}
{"target": -31.544059992486304, "params": {"E_EA": 40.080667538650594, "E_MC": 14.393574718036845, "J": 12.499890512035321}, "datetime": {"datetime": "2024-05-07 21:55:20", "elapsed": 0.0, "delta": 0.0}}
{"target": -100.0, "params": {"E_EA": 77.43586146664126, "E_MC": 29.86685893299369, "J": -19.24016424793743}, "datetime": {"datetime": "2024-05-07 21:55:25", "elapsed": 51.790414, "delta": 5.762241}}
{"target": -100.0, "params": {"E_EA": 107.78740021704442, "E_MC": 3.2204878199781346, "J": 19.29761579257687}, "datetime": {"datetime": "2024-05-07 21:55:27", "elapsed": 53.356547, "delta": 1.566133}}
{"target": -100.0, "params": {"E_EA": 149.91193533022602, "E_MC": 5.2591115296041835, "J": 11.131583547071209}, "datetime": {"datetime": "2024-05-07 21:55:28", "elapsed": 54.740566, "delta": 1.384019}}
{"target": -100.0, "params": {"E_EA": 41.24193469111814, "E_MC": 17.50952798522099, "J": 7.827469657554217}, "datetime": {"datetime": "2024-05-07 21:55:39", "elapsed": 18.484708, "delta": 18.484708}}
{"target": -100.0, "params": {"E_EA": 37.4710275296289, "E_MC": 10.197189879876195, "J": 14.068793303344165}, "datetime": {"datetime": "2024-05-07 21:55:40", "elapsed": 20.011384, "delta": 1.526676}}
{"target": -100.0, "params": {"E_EA": 44.7332848207634, "E_MC": 16.094058400853193, "J": 18.846349190354502}, "datetime": {"datetime": "2024-05-07 21:55:42", "elapsed": 21.626405, "delta": 1.615021}}
{"target": -100.0, "params": {"E_EA": 103.06013704310257, "E_MC": 3.0, "J": 20.0}, "datetime": {"datetime": "2024-05-07 21:55:43", "elapsed": 23.184661, "delta": 1.558256}}
{"target": -18.83527109581294, "params": {"E_EA": 38.4416370680485, "E_MC": 15.826715164027174, "J": 14.984526771685609}, "datetime": {"datetime": "2024-05-07 21:55:44", "elapsed": 70.560975, "delta": 15.820409}}
{"target": -100.0, "params": {"E_EA": 150.0, "E_MC": 3.0, "J": 6.206934530534529}, "datetime": {"datetime": "2024-05-07 21:55:45", "elapsed": 24.727083, "delta": 1.542422}}
{"target": -100.0, "params": {"E_EA": 36.49993490390122, "E_MC": 15.740225675759003, "J": 17.90795239088037}, "datetime": {"datetime": "2024-05-07 21:55:50", "elapsed": 76.589549, "delta": 6.028574}}
{"target": -100.0, "params": {"E_EA": 79.03653828011933, "E_MC": 3.0, "J": -20.0}, "datetime": {"datetime": "2024-05-07 21:55:51", "elapsed": 30.212919, "delta": 5.485836}}
{"target": -100.0, "params": {"E_EA": 69.47915315589303, "E_MC": 3.0, "J": 20.0}, "datetime": {"datetime": "2024-05-07 21:55:52", "elapsed": 31.891299, "delta": 1.67838}}
{"target": -55.806418389461065, "params": {"E_EA": 117.80173081619317, "E_MC": 3.596862733869364, "J": -19.553866370292695}, "datetime": {"datetime": "2024-05-07 21:55:56", "elapsed": 35.676186, "delta": 3.784887}}
{"target": -100.0, "params": {"E_EA": 117.5093815841119, "E_MC": 15.438288142882689, "J": 20.0}, "datetime": {"datetime": "2024-05-07 21:55:57", "elapsed": 37.152707, "delta": 1.476521}}
{"target": -79.72978317054636, "params": {"E_EA": 40.08631911940064, "E_MC": 15.906692206260312, "J": 12.493187531675678}, "datetime": {"datetime": "2024-05-07 21:56:11", "elapsed": 97.595758, "delta": 21.006209}}
{"target": -100.0, "params": {"E_EA": 50.79191980730294, "E_MC": 29.46811034858904, "J": -1.5261065135426044}, "datetime": {"datetime": "2024-05-07 21:56:36", "elapsed": 0.0, "delta": 0.0}}
{"target": -100.0, "params": {"E_EA": 39.66658016987308, "E_MC": 19.84992331797591, "J": 13.762560660142562}, "datetime": {"datetime": "2024-05-07 21:56:38", "elapsed": 0.0, "delta": 0.0}}
{"target": -100.0, "params": {"E_EA": 117.19642939154602, "E_MC": 30.0, "J": -20.0}, "datetime": {"datetime": "2024-05-07 21:56:42", "elapsed": 5.547237, "delta": 5.547237}}
{"target": -100.0, "params": {"E_EA": 86.44506006149456, "E_MC": 3.0, "J": 20.0}, "datetime": {"datetime": "2024-05-07 21:56:44", "elapsed": 7.484189, "delta": 1.936952}}
{"target": -100.0, "params": {"E_EA": 47.180143678128196, "E_MC": 29.914536939980472, "J": -3.157671831910047}, "datetime": {"datetime": "2024-05-07 21:56:44", "elapsed": 6.13508, "delta": 6.13508}}
{"target": -24.88716118442298, "params": {"E_EA": 73.35627366098801, "E_MC": 30.0, "J": 20.0}, "datetime": {"datetime": "2024-05-07 21:56:47", "elapsed": 11.027344, "delta": 3.543155}}
{"target": -100.0, "params": {"E_EA": 117.17543510341655, "E_MC": 30.0, "J": -20.0}, "datetime": {"datetime": "2024-05-07 21:56:50", "elapsed": 12.055808, "delta": 5.920728}}
{"target": -7.671911120717721, "params": {"E_EA": 72.75128408757936, "E_MC": 27.57727412220683, "J": 15.81814083033531}, "datetime": {"datetime": "2024-05-07 21:56:51", "elapsed": 14.358801, "delta": 3.331457}}
{"target": -100.0, "params": {"E_EA": 86.4623276478861, "E_MC": 3.0, "J": 20.0}, "datetime": {"datetime": "2024-05-07 21:56:51", "elapsed": 13.749621, "delta": 1.693813}}
{"target": -100.0, "params": {"E_EA": 72.9614126157808, "E_MC": 25.30923329165003, "J": 18.591781948691434}, "datetime": {"datetime": "2024-05-07 21:56:53", "elapsed": 16.950936, "delta": 2.592135}}
{"target": -52.47307341794261, "params": {"E_EA": 72.17401413040278, "E_MC": 29.989801184812826, "J": 16.08544979190075}, "datetime": {"datetime": "2024-05-07 21:56:57", "elapsed": 20.865296, "delta": 3.91436}}
{"target": -60.75479492156132, "params": {"E_EA": 74.41201454238185, "E_MC": 28.013293082311325, "J": 13.34572378805484}, "datetime": {"datetime": "2024-05-07 21:57:01", "elapsed": 24.429496, "delta": 3.5642}}
{"target": -9.330886812481234, "params": {"E_EA": 70.20846346686012, "E_MC": 25.300302060461515, "J": 14.2317425138354}, "datetime": {"datetime": "2024-05-07 21:57:04", "elapsed": 27.773224, "delta": 3.343728}}
{"target": -100.0, "params": {"E_EA": 67.33835007923238, "E_MC": 27.053145849058946, "J": 13.635161842684541}, "datetime": {"datetime": "2024-05-07 21:57:09", "elapsed": 32.880279, "delta": 5.107055}}
{"target": -100.0, "params": {"E_EA": 20.0, "E_MC": 22.232960306479484, "J": 2.4023960476826054}, "datetime": {"datetime": "2024-05-07 21:57:27", "elapsed": 49.4406, "delta": 35.690979}}
{"target": -11.138855636753435, "params": {"E_EA": 71.75271281627708, "E_MC": 29.8072044733596, "J": 19.41144571972444}, "datetime": {"datetime": "2024-05-07 21:57:30", "elapsed": 52.61121, "delta": 3.17061}}
{"target": -8.842713884253378, "params": {"E_EA": 68.45595441539128, "E_MC": 29.960729731314817, "J": 19.744169739391637}, "datetime": {"datetime": "2024-05-07 21:57:34", "elapsed": 56.564962, "delta": 3.953752}}
{"target": -10.20821428588069, "params": {"E_EA": 69.11672651893295, "E_MC": 27.015235797251446, "J": 17.392079127059475}, "datetime": {"datetime": "2024-05-07 21:57:38", "elapsed": 59.956738, "delta": 3.391776}}
{"target": -53.33405768576137, "params": {"E_EA": 71.32773382839373, "E_MC": 29.87250296126539, "J": 16.21811254320601}, "datetime": {"datetime": "2024-05-07 21:57:42", "elapsed": 64.357219, "delta": 4.400481}}
