{"target": -100.0, "params": {"E_EA": 52.10662230605645, "E_MC": 16.56801397876181, "J": 14.957173308880725}, "datetime": {"datetime": "2024-05-07 22:18:03", "elapsed": 53.660334, "delta": 5.922206}}
{"target": -13.240690365087554, "params": {"E_EA": 149.66639435894587, "E_MC": 12.212020349876274, "J": -15.793403945984403}, "datetime": {"datetime": "2024-05-07 22:18:09", "elapsed": 29.22942, "delta": 8.939706}}
{"target": -100.0, "params": {"E_EA": 51.2359498571425, "E_MC": 20.40221883129837, "J": 11.73931637308499}, "datetime": {"datetime": "2024-05-07 22:18:09", "elapsed": 59.772757, "delta": 6.112423}}
{"target": -26.15471299162804, "params": {"E_EA": 47.62519284795505, "E_MC": 18.353120512505498, "J": 13.838284011353378}, "datetime": {"datetime": "2024-05-07 22:18:17", "elapsed": 37.027075, "delta": 7.797655}}
{"target": -5.682253146342493, "params": {"E_EA": 88.71540542388836, "E_MC": 25.492080717575984, "J": 10.082523725100234}, "datetime": {"datetime": "2024-05-07 22:18:23", "elapsed": 43.608503, "delta": 6.581428}}
{"target": -14.892856210907187, "params": {"E_EA": 55.48640493191158, "E_MC": 16.954644279781, "J": 11.033160627570773}, "datetime": {"datetime": "2024-05-07 22:18:26", "elapsed": 0.0, "delta": 0.0}}
{"target": -18.548875958784663, "params": {"E_EA": 56.82683290296129, "E_MC": 18.817282770256032, "J": 12.96486055451509}, "datetime": {"datetime": "2024-05-07 22:18:33", "elapsed": 6.942517, "delta": 6.942517}}
{"target": -100.0, "params": {"E_EA": 47.434840175572205, "E_MC": 22.432508721667908, "J": 15.291473928988147}, "datetime": {"datetime": "2024-05-07 22:18:33", "elapsed": 53.67784, "delta": 10.069337}}
{"target": -100.0, "params": {"E_EA": 71.21631919276918, "E_MC": 29.683105334138375, "J": 4.566208916043884}, "datetime": {"datetime": "2024-05-07 22:18:44", "elapsed": 64.780446, "delta": 11.102606}}
{"target": -81.57032153917343, "params": {"E_EA": 58.08870039464898, "E_MC": 18.651228929408216, "J": 9.59825839375722}, "datetime": {"datetime": "2024-05-07 22:18:45", "elapsed": 19.532169, "delta": 12.589652}}
{"target": -100.0, "params": {"E_EA": 56.94684423211796, "E_MC": 15.48655154902101, "J": 13.768972138480123}, "datetime": {"datetime": "2024-05-07 22:18:53", "elapsed": 27.173435, "delta": 7.641266}}
{"target": -100.0, "params": {"E_EA": 82.5838085588779, "E_MC": 30.0, "J": 10.42631096121827}, "datetime": {"datetime": "2024-05-07 22:18:54", "elapsed": 74.325298, "delta": 9.544852}}
{"target": -22.889095854962573, "params": {"E_EA": 53.447775836090635, "E_MC": 16.150430737522207, "J": 10.288039204652208}, "datetime": {"datetime": "2024-05-07 22:19:03", "elapsed": 36.878977, "delta": 9.705542}}
{"target": -30.046062377128983, "params": {"E_EA": 59.388572270571636, "E_MC": 23.24366277603174, "J": 14.627497839820755}, "datetime": {"datetime": "2024-05-07 22:19:11", "elapsed": 44.873576, "delta": 7.994599}}
{"target": -78.3329663884676, "params": {"E_EA": 61.22417732084162, "E_MC": 20.13914253710592, "J": 14.751385967628451}, "datetime": {"datetime": "2024-05-07 22:19:20", "elapsed": 53.978284, "delta": 9.104708}}
{"target": -100.0, "params": {"E_EA": 58.53476052753894, "E_MC": 26.981543497581093, "J": 14.345685124961394}, "datetime": {"datetime": "2024-05-07 22:19:27", "elapsed": 61.41703, "delta": 7.438746}}
{"target": -45.36981615186687, "params": {"E_EA": 67.52765969510074, "E_MC": 29.89697496578822, "J": 17.780008788975998}, "datetime": {"datetime": "2024-05-07 22:19:35", "elapsed": 68.968975, "delta": 7.551945}}
{"target": -15.095040415755806, "params": {"E_EA": 56.15814235205381, "E_MC": 21.22938771718192, "J": 14.741278992876452}, "datetime": {"datetime": "2024-05-07 22:19:45", "elapsed": 0.0, "delta": 0.0}}
{"target": -100.0, "params": {"E_EA": 58.29154213714851, "E_MC": 10.218737997120346, "J": -12.052663450265818}, "datetime": {"datetime": "2024-05-07 22:19:48", "elapsed": 81.641772, "delta": 12.672797}}
{"target": -36.26977958147273, "params": {"E_EA": 132.9242990580738, "E_MC": 12.511104663143309, "J": -14.787921724880707}, "datetime": {"datetime": "2024-05-07 22:19:53", "elapsed": 7.963678, "delta": 7.963678}}
{"target": -100.0, "params": {"E_EA": 29.80749513700397, "E_MC": 11.475069339990776, "J": 14.341746821571064}, "datetime": {"datetime": "2024-05-07 22:20:26", "elapsed": 41.551729, "delta": 33.588051}}
{"target": -41.509089165204536, "params": {"E_EA": 120.49048485855515, "E_MC": 29.6641519905286, "J": 2.0037232600673107}, "datetime": {"datetime": "2024-05-07 22:20:35", "elapsed": 50.650753, "delta": 9.099024}}
{"target": -100.0, "params": {"E_EA": 60.26849052398668, "E_MC": 9.182020964031095, "J": -1.0637596352715624}, "datetime": {"datetime": "2024-05-07 22:20:44", "elapsed": 59.078259, "delta": 8.427506}}
{"target": -33.39809649302552, "params": {"E_EA": 55.102562608926185, "E_MC": 19.941403014279256, "J": 12.644334126545104}, "datetime": {"datetime": "2024-05-07 22:20:52", "elapsed": 67.222386, "delta": 8.144127}}
{"target": -100.0, "params": {"E_EA": 58.57239921012392, "E_MC": 10.425548419709068, "J": -12.631431931393438}, "datetime": {"datetime": "2024-05-07 22:21:00", "elapsed": 75.074303, "delta": 7.851917}}
{"target": -18.167941136357054, "params": {"E_EA": 87.58915306431172, "E_MC": 24.052482831607215, "J": 7.083453069918523}, "datetime": {"datetime": "2024-05-07 22:21:06", "elapsed": 81.716288, "delta": 6.641985}}
{"target": -100.0, "params": {"E_EA": 20.0, "E_MC": 13.384311850968814, "J": 0.4035800869646159}, "datetime": {"datetime": "2024-05-07 22:21:08", "elapsed": 0.0, "delta": 0.0}}
{"target": -16.930905067906128, "params": {"E_EA": 145.9640973260517, "E_MC": 14.231577092753119, "J": -15.702941173518848}, "datetime": {"datetime": "2024-05-07 22:21:14", "elapsed": 88.970641, "delta": 7.254353}}
{"target": -14.845941029080059, "params": {"E_EA": 145.24849030456113, "E_MC": 14.028822386783025, "J": -15.719834108748966}, "datetime": {"datetime": "2024-05-07 22:21:14", "elapsed": 6.129522, "delta": 6.129522}}
{"target": -22.333850444963474, "params": {"E_EA": 121.74587774176686, "E_MC": 29.81962495738847, "J": 3.049258417747115}, "datetime": {"datetime": "2024-05-07 22:21:23", "elapsed": 15.751297, "delta": 9.621775}}
{"target": -100.0, "params": {"E_EA": 97.02012236937166, "E_MC": 30.0, "J": -10.20737900057719}, "datetime": {"datetime": "2024-05-07 22:21:25", "elapsed": 100.758893, "delta": 11.788252}}
{"target": -3.7381306212742103, "params": {"E_EA": 147.08869791673771, "E_MC": 12.480438316420003, "J": -15.510287448381309}, "datetime": {"datetime": "2024-05-07 22:21:33", "elapsed": 25.094003, "delta": 9.342706}}
{"target": -100.0, "params": {"E_EA": 140.7141420682819, "E_MC": 30.0, "J": -13.95310327274254}, "datetime": {"datetime": "2024-05-07 22:21:41", "elapsed": 32.954278, "delta": 7.860275}}
{"target": -100.0, "params": {"E_EA": 113.61730589498377, "E_MC": 8.179283143537306, "J": -0.3013295602718425}, "datetime": {"datetime": "2024-05-07 22:21:48", "elapsed": 0.0, "delta": 0.0}}
{"target": -30.93455283279375, "params": {"E_EA": 54.501119067952075, "E_MC": 19.612265194880592, "J": 12.72466003579742}, "datetime": {"datetime": "2024-05-07 22:21:54", "elapsed": 46.301041, "delta": 13.346763}}
{"target": -100.0, "params": {"E_EA": 49.19756911342422, "E_MC": 24.428665538436366, "J": -11.457030757973332}, "datetime": {"datetime": "2024-05-07 22:22:02", "elapsed": 13.891391, "delta": 13.891391}}
{"target": -18.481760942474626, "params": {"E_EA": 93.30175482341387, "E_MC": 10.841979760221067, "J": -3.551034948419354}, "datetime": {"datetime": "2024-05-07 22:22:04", "elapsed": 56.008312, "delta": 9.707271}}
{"target": -3.286772753523559, "params": {"E_EA": 114.89252991612796, "E_MC": 19.00493775783419, "J": -2.5248021277642465}, "datetime": {"datetime": "2024-05-07 22:22:13", "elapsed": 24.35108, "delta": 10.459689}}
{"target": -31.050399511761285, "params": {"E_EA": 101.85549288284729, "E_MC": 3.0840935147245165, "J": -12.30870275906943}, "datetime": {"datetime": "2024-05-07 22:22:13", "elapsed": 65.751966, "delta": 9.743654}}
{"target": -100.0, "params": {"E_EA": 91.68518272914906, "E_MC": 8.552054401609642, "J": -2.0369794186295778}, "datetime": {"datetime": "2024-05-07 22:22:22", "elapsed": 74.140287, "delta": 8.388321}}
{"target": -100.0, "params": {"E_EA": 140.17694859713572, "E_MC": 3.3182205582888336, "J": 11.01503046978599}, "datetime": {"datetime": "2024-05-07 22:22:23", "elapsed": 34.901487, "delta": 10.550407}}
{"target": -46.287620518514906, "params": {"E_EA": 94.43940368268673, "E_MC": 11.341956083960586, "J": -6.299123990266446}, "datetime": {"datetime": "2024-05-07 22:22:30", "elapsed": 82.323551, "delta": 8.183264}}
{"target": -100.0, "params": {"E_EA": 25.993510626366792, "E_MC": 10.679951780204092, "J": -11.524746606181836}, "datetime": {"datetime": "2024-05-07 22:23:01", "elapsed": 72.727178, "delta": 37.825691}}
{"target": -100.0, "params": {"E_EA": 88.98852690466627, "E_MC": 9.942130925254036, "J": 13.475546072739826}, "datetime": {"datetime": "2024-05-07 22:23:09", "elapsed": 80.750582, "delta": 8.023404}}
{"target": -100.0, "params": {"E_EA": 89.87747953154992, "E_MC": 9.895566570373283, "J": 13.815292150041202}, "datetime": {"datetime": "2024-05-07 22:23:11", "elapsed": 0.0, "delta": 0.0}}
{"target": -100.0, "params": {"E_EA": 139.95329715957809, "E_MC": 3.0, "J": -6.741594169531168}, "datetime": {"datetime": "2024-05-07 22:23:18", "elapsed": 89.865872, "delta": 9.11529}}
{"target": -100.0, "params": {"E_EA": 134.56933179142422, "E_MC": 20.984141106928785, "J": 11.179236214419902}, "datetime": {"datetime": "2024-05-07 22:23:21", "elapsed": 9.620431, "delta": 9.620431}}
{"target": -100.0, "params": {"E_EA": 137.1929656825265, "E_MC": 12.16956569832519, "J": 20.0}, "datetime": {"datetime": "2024-05-07 22:23:28", "elapsed": 17.054146, "delta": 7.433715}}
{"target": -100.0, "params": {"E_EA": 103.13268461218462, "E_MC": 17.383668454206617, "J": -20.0}, "datetime": {"datetime": "2024-05-07 22:23:33", "elapsed": 104.326964, "delta": 14.461092}}
{"target": -59.318857421834885, "params": {"E_EA": 88.11286752459294, "E_MC": 5.885121917983568, "J": -9.730125532518024}, "datetime": {"datetime": "2024-05-07 22:23:42", "elapsed": 113.802136, "delta": 9.475172}}
{"target": -100.0, "params": {"E_EA": 57.41072708846565, "E_MC": 30.0, "J": -8.412833258170963}, "datetime": {"datetime": "2024-05-07 22:23:46", "elapsed": 35.266484, "delta": 18.212338}}
{"target": -100.0, "params": {"E_EA": 134.5692637483548, "E_MC": 20.98189736266811, "J": 11.181463928219824}, "datetime": {"datetime": "2024-05-07 22:23:48", "elapsed": 119.921827, "delta": 6.119691}}
{"target": -100.0, "params": {"E_EA": 103.13077315578104, "E_MC": 17.383946101415304, "J": -20.0}, "datetime": {"datetime": "2024-05-07 22:24:01", "elapsed": 50.004737, "delta": 14.738253}}
{"target": -100.0, "params": {"E_EA": 55.33771475243395, "E_MC": 20.158423504260107, "J": -1.248871701689911}, "datetime": {"datetime": "2024-05-07 22:24:16", "elapsed": 64.859109, "delta": 14.854372}}
{"target": -100.0, "params": {"E_EA": 82.65935171048653, "E_MC": 15.958109394782513, "J": -9.532734304615694}, "datetime": {"datetime": "2024-05-07 22:24:27", "elapsed": 75.8179, "delta": 10.958791}}
{"target": -100.0, "params": {"E_EA": 78.11708783677516, "E_MC": 3.0, "J": -3.8499708937392203}, "datetime": {"datetime": "2024-05-07 22:24:32", "elapsed": 0.0, "delta": 0.0}}
{"target": -100.0, "params": {"E_EA": 78.0788201716572, "E_MC": 3.0, "J": -3.810000498292161}, "datetime": {"datetime": "2024-05-07 22:24:37", "elapsed": 86.335161, "delta": 10.517261}}
{"target": -100.0, "params": {"E_EA": 36.169192037397075, "E_MC": 30.0, "J": -5.164929665952501}, "datetime": {"datetime": "2024-05-07 22:24:50", "elapsed": 18.556258, "delta": 18.556258}}
{"target": -100.0, "params": {"E_EA": 68.96260418396704, "E_MC": 20.764807887183384, "J": -3.640768073463832}, "datetime": {"datetime": "2024-05-07 22:24:52", "elapsed": 101.550661, "delta": 15.2155}}
{"target": -8.306837889213206, "params": {"E_EA": 128.02997691882172, "E_MC": 26.675858596928336, "J": 1.4637971790387212}, "datetime": {"datetime": "2024-05-07 22:25:01", "elapsed": 29.506113, "delta": 10.949855}}
{"target": -100.0, "params": {"E_EA": 130.56145484230927, "E_MC": 30.0, "J": 11.391054142251711}, "datetime": {"datetime": "2024-05-07 22:25:13", "elapsed": 41.164885, "delta": 11.658772}}
{"target": -100.0, "params": {"E_EA": 36.169695600209124, "E_MC": 30.0, "J": -5.164631856569506}, "datetime": {"datetime": "2024-05-07 22:25:16", "elapsed": 124.725423, "delta": 23.174762}}
{"target": -10.492465223600238, "params": {"E_EA": 94.99469461218204, "E_MC": 12.256723244458565, "J": -2.921506457332388}, "datetime": {"datetime": "2024-05-07 22:25:23", "elapsed": 51.676626, "delta": 10.511741}}
{"target": -100.0, "params": {"E_EA": 83.31646079040856, "E_MC": 16.1162631207675, "J": -10.668936390181315}, "datetime": {"datetime": "2024-05-07 22:25:36", "elapsed": 64.662783, "delta": 12.986157}}
{"target": -100.0, "params": {"E_EA": 94.9899307623716, "E_MC": 3.0, "J": 20.0}, "datetime": {"datetime": "2024-05-07 22:25:42", "elapsed": 0.0, "delta": 0.0}}
{"target": -100.0, "params": {"E_EA": 67.79274479348811, "E_MC": 21.46482837671244, "J": -3.7676996365056716}, "datetime": {"datetime": "2024-05-07 22:25:52", "elapsed": 80.708213, "delta": 16.04543}}
{"target": -100.0, "params": {"E_EA": 134.1218339923511, "E_MC": 20.86858891691224, "J": -20.0}, "datetime": {"datetime": "2024-05-07 22:26:00", "elapsed": 88.530517, "delta": 7.822304}}
{"target": -100.0, "params": {"E_EA": 20.123372781389772, "E_MC": 4.219086201565838, "J": -15.55213549065173}, "datetime": {"datetime": "2024-05-07 22:26:14", "elapsed": 31.520063, "delta": 31.520063}}
{"target": -100.0, "params": {"E_EA": 77.88470869934926, "E_MC": 3.0, "J": 20.0}, "datetime": {"datetime": "2024-05-07 22:26:21", "elapsed": 38.542399, "delta": 7.022336}}
{"target": -100.0, "params": {"E_EA": 20.0, "E_MC": 3.0, "J": -20.0}, "datetime": {"datetime": "2024-05-07 22:26:24", "elapsed": 112.354167, "delta": 23.82365}}
{"target": -100.0, "params": {"E_EA": 99.91490822754638, "E_MC": 3.0, "J": 2.024336887046481}, "datetime": {"datetime": "2024-05-07 22:26:32", "elapsed": 49.887435, "delta": 11.345036}}
{"target": -100.0, "params": {"E_EA": 87.21392092918032, "E_MC": 9.309184495212062, "J": -20.0}, "datetime": {"datetime": "2024-05-07 22:26:34", "elapsed": 122.569253, "delta": 10.215086}}
{"target": -100.0, "params": {"E_EA": 46.14576357935075, "E_MC": 13.087618908393125, "J": -20.0}, "datetime": {"datetime": "2024-05-07 22:26:45", "elapsed": 62.258633, "delta": 12.371198}}
{"target": -100.0, "params": {"E_EA": 86.64314974537929, "E_MC": 30.0, "J": -20.0}, "datetime": {"datetime": "2024-05-07 22:26:57", "elapsed": 74.283278, "delta": 12.024645}}
{"target": -17.51118770023332, "params": {"E_EA": 114.69874236309042, "E_MC": 3.0, "J": -15.791735214456105}, "datetime": {"datetime": "2024-05-07 22:27:23", "elapsed": 0.0, "delta": 0.0}}
{"target": -100.0, "params": {"E_EA": 45.50308082030761, "E_MC": 30.0, "J": -20.0}, "datetime": {"datetime": "2024-05-07 22:27:35", "elapsed": 12.025737, "delta": 12.025737}}
{"target": -16.82840431211042, "params": {"E_EA": 20.0, "E_MC": 8.339088446440561, "J": 10.770802122320163}, "datetime": {"datetime": "2024-05-07 22:27:37", "elapsed": 114.395995, "delta": 40.112717}}
{"target": -100.0, "params": {"E_EA": 143.59763245865224, "E_MC": 3.0, "J": -20.0}, "datetime": {"datetime": "2024-05-07 22:27:46", "elapsed": 22.55328, "delta": 10.527543}}
{"target": -13.08835165531003, "params": {"E_EA": 70.15882031259369, "E_MC": 28.595153061710047, "J": 18.801920438525585}, "datetime": {"datetime": "2024-05-07 22:27:53", "elapsed": 30.191925, "delta": 7.638645}}
{"target": -100.0, "params": {"E_EA": 70.05987326737858, "E_MC": 3.0, "J": 8.778146486793641}, "datetime": {"datetime": "2024-05-07 22:28:01", "elapsed": 38.204077, "delta": 8.012152}}
{"target": -3.417223876904605, "params": {"E_EA": 143.37848523272305, "E_MC": 15.36017679130961, "J": -13.035366855200593}, "datetime": {"datetime": "2024-05-07 22:28:11", "elapsed": 47.263254, "delta": 9.059177}}
{"target": -100.0, "params": {"E_EA": 20.715057581496044, "E_MC": 4.795243949916374, "J": 11.923590315000649}, "datetime": {"datetime": "2024-05-07 22:28:16", "elapsed": 153.58887, "delta": 39.192875}}
{"target": -36.16658059681847, "params": {"E_EA": 141.66363901708127, "E_MC": 14.342104032188928, "J": -15.620005157493178}, "datetime": {"datetime": "2024-05-07 22:28:25", "elapsed": 61.216605, "delta": 13.953351}}
{"target": -100.0, "params": {"E_EA": 20.42145288447426, "E_MC": 10.991441708129338, "J": 7.860323245681336}, "datetime": {"datetime": "2024-05-07 22:28:58", "elapsed": 195.680219, "delta": 42.091349}}
{"target": -100.0, "params": {"E_EA": 28.12169187828578, "E_MC": 25.073179691908315, "J": 8.685846503209522}, "datetime": {"datetime": "2024-05-07 22:29:10", "elapsed": 106.940201, "delta": 45.723596}}
{"target": -5.39857180293967, "params": {"E_EA": 132.6994921475855, "E_MC": 16.815950851280178, "J": -9.39921550583366}, "datetime": {"datetime": "2024-05-07 22:29:21", "elapsed": 117.647168, "delta": 10.706967}}
{"target": -100.0, "params": {"E_EA": 150.0, "E_MC": 30.0, "J": 8.734997780048328}, "datetime": {"datetime": "2024-05-07 22:29:31", "elapsed": 127.547773, "delta": 9.900605}}
{"target": -100.0, "params": {"E_EA": 20.76981582061449, "E_MC": 10.341126622933983, "J": 13.58842368506508}, "datetime": {"datetime": "2024-05-07 22:29:45", "elapsed": 242.905241, "delta": 47.225022}}
{"target": -22.172274793184652, "params": {"E_EA": 21.010478781210473, "E_MC": 10.420661639402743, "J": 13.179422300268811}, "datetime": {"datetime": "2024-05-07 22:29:59", "elapsed": 0.0, "delta": 0.0}}
{"target": -100.0, "params": {"E_EA": 23.593576880331884, "E_MC": 8.781385078642902, "J": 12.098348287147253}, "datetime": {"datetime": "2024-05-07 22:30:43", "elapsed": 43.854364, "delta": 43.854364}}
{"target": -100.0, "params": {"E_EA": 30.358809988566733, "E_MC": 3.0, "J": 0.6439485826065133}, "datetime": {"datetime": "2024-05-07 22:30:43", "elapsed": 0.0, "delta": 0.0}}
{"target": -100.0, "params": {"E_EA": 92.58978205493395, "E_MC": 30.0, "J": -1.2709730126825634}, "datetime": {"datetime": "2024-05-07 22:30:50", "elapsed": 7.120932, "delta": 7.120932}}
{"target": -100.0, "params": {"E_EA": 21.004713299252405, "E_MC": 9.991439071310428, "J": 16.75034431990786}, "datetime": {"datetime": "2024-05-07 22:31:28", "elapsed": 89.597194, "delta": 45.74283}}
{"target": -27.142330008057257, "params": {"E_EA": 23.092641547436386, "E_MC": 20.379525661278297, "J": 19.756662272785476}, "datetime": {"datetime": "2024-05-07 22:31:32", "elapsed": 49.133629, "delta": 42.012697}}
{"target": -3.8035186162284362, "params": {"E_EA": 142.9890797148253, "E_MC": 16.358878804562814, "J": -11.200990882579914}, "datetime": {"datetime": "2024-05-07 22:31:40", "elapsed": 101.104254, "delta": 11.50706}}
{"target": -100.0, "params": {"E_EA": 46.973637522303584, "E_MC": 3.0, "J": 12.093948989339772}, "datetime": {"datetime": "2024-05-07 22:31:52", "elapsed": 113.76052, "delta": 12.656266}}
{"target": -100.0, "params": {"E_EA": 150.0, "E_MC": 30.0, "J": 8.730607674855595}, "datetime": {"datetime": "2024-05-07 22:32:02", "elapsed": 123.640694, "delta": 9.880174}}
{"target": -5.556941716014765, "params": {"E_EA": 133.49744255893373, "E_MC": 17.438892467769026, "J": -9.055109401230052}, "datetime": {"datetime": "2024-05-07 22:32:13", "elapsed": 134.833656, "delta": 11.192962}}
{"target": -32.9505675541858, "params": {"E_EA": 26.749467772833693, "E_MC": 21.11534906666508, "J": 20.0}, "datetime": {"datetime": "2024-05-07 22:32:17", "elapsed": 93.759734, "delta": 44.626105}}
{"target": -11.199201766733948, "params": {"E_EA": 131.90801211653556, "E_MC": 16.498596658469438, "J": -10.07576030391283}, "datetime": {"datetime": "2024-05-07 22:32:22", "elapsed": 143.596215, "delta": 8.762559}}
{"target": -100.0, "params": {"E_EA": 21.703582439757742, "E_MC": 10.057092339483056, "J": 12.084897978111314}, "datetime": {"datetime": "2024-05-07 22:32:25", "elapsed": 0.0, "delta": 0.0}}
{"target": -100.0, "params": {"E_EA": 122.90081296083399, "E_MC": 12.778864330485566, "J": 2.9494582514795993}, "datetime": {"datetime": "2024-05-07 22:32:33", "elapsed": 154.66237, "delta": 11.066155}}
{"target": -9.09312200886646, "params": {"E_EA": 144.83928019776374, "E_MC": 13.577898245589827, "J": -13.571342799327542}, "datetime": {"datetime": "2024-05-07 22:32:39", "elapsed": 13.222636, "delta": 13.222636}}
{"target": -100.0, "params": {"E_EA": 110.04529708903053, "E_MC": 25.443905177400268, "J": 20.0}, "datetime": {"datetime": "2024-05-07 22:32:49", "elapsed": 170.036842, "delta": 15.374472}}
{"target": -44.00742567231298, "params": {"E_EA": 24.66601462030044, "E_MC": 18.06230671041363, "J": 19.469233630312182}, "datetime": {"datetime": "2024-05-07 22:33:06", "elapsed": 142.750521, "delta": 48.990787}}
{"target": -93.84442898142592, "params": {"E_EA": 21.668318490639205, "E_MC": 13.272378747373523, "J": 11.862781444508457}, "datetime": {"datetime": "2024-05-07 22:33:20", "elapsed": 55.049554, "delta": 41.826918}}
{"target": -2.9185671687546177, "params": {"E_EA": 134.88888650135578, "E_MC": 17.429280175150684, "J": -8.910526834183425}, "datetime": {"datetime": "2024-05-07 22:33:29", "elapsed": 64.121908, "delta": 9.072354}}
{"target": -12.422502748865353, "params": {"E_EA": 133.29986104995265, "E_MC": 18.491651245643986, "J": -8.74653525485094}, "datetime": {"datetime": "2024-05-07 22:33:38", "elapsed": 72.287998, "delta": 8.16609}}
{"target": -36.52112569250397, "params": {"E_EA": 20.094590712047843, "E_MC": 11.674284500071783, "J": 11.962325135602953}, "datetime": {"datetime": "2024-05-07 22:33:42", "elapsed": 0.0, "delta": 0.0}}
{"target": -100.0, "params": {"E_EA": 24.132533734766646, "E_MC": 22.93887354947787, "J": 16.97551262419868}, "datetime": {"datetime": "2024-05-07 22:33:47", "elapsed": 183.417361, "delta": 40.66684}}
