{"target": 78.81381185679724, "params": {"frequency_log": 4.394491767413157, "magnitude": 0.0003994742756218847, "magnitude_min": -0.0005980684369581084}, "datetime": {"datetime": "2024-04-07 20:41:53", "elapsed": 1005.258012, "delta": 11.692271}}
{"target": 384.7248703221871, "params": {"frequency_log": 2.0005522180774507, "magnitude": 0.00033308750460457, "magnitude_min": -0.0003437772203079912}, "datetime": {"datetime": "2024-04-07 20:42:05", "elapsed": 1018.174168, "delta": 12.916156}}
{"target": 111.20106633827571, "params": {"frequency_log": 2.173860110721042, "magnitude": 0.0006925971290568749, "magnitude_min": -0.00038351098839207906}, "datetime": {"datetime": "2024-04-07 20:42:17", "elapsed": 1029.728457, "delta": 11.554289}}
{"target": 44.92931488535783, "params": {"frequency_log": 3.0200498274326293, "magnitude": 9.821655876146319e-05, "magnitude_min": -0.0006725382267173412}, "datetime": {"datetime": "2024-04-07 20:42:24", "elapsed": 1037.041598, "delta": 7.313141}}
{"target": 22.10932110149503, "params": {"frequency_log": 4.252829533210759, "magnitude": 9.346048324804145e-05, "magnitude_min": -0.0003147876525335681}, "datetime": {"datetime": "2024-04-07 20:42:30", "elapsed": 1042.722957, "delta": 5.681359}}
{"target": 138.4559356940831, "params": {"frequency_log": 2.3836901734346667, "magnitude": 0.00021381898307799217, "magnitude_min": -0.0005434426748960622}, "datetime": {"datetime": "2024-04-07 20:42:40", "elapsed": 1053.023309, "delta": 10.300352}}
{"target": 153.97537096458964, "params": {"frequency_log": 3.0192996799079714, "magnitude": 0.0006738587136236361, "magnitude_min": -0.0006976315440703736}, "datetime": {"datetime": "2024-04-07 20:42:54", "elapsed": 1066.555708, "delta": 13.532399}}
{"target": 337.03276073877913, "params": {"frequency_log": 2.0007812119951423, "magnitude": 0.00027503066009621873, "magnitude_min": -0.00035564143555233857}, "datetime": {"datetime": "2024-04-07 20:43:06", "elapsed": 1078.297251, "delta": 11.741543}}
{"target": 242.3789551790705, "params": {"frequency_log": 2.0008436907402856, "magnitude": 0.00034629332310864077, "magnitude_min": -0.0005395558698864016}, "datetime": {"datetime": "2024-04-07 20:43:19", "elapsed": 1091.590259, "delta": 13.293008}}
{"target": 48.694657465071636, "params": {"frequency_log": 3.667337309436002, "magnitude": 0.00014660370865251992, "magnitude_min": -0.0003894547233945853}, "datetime": {"datetime": "2024-04-07 20:43:26", "elapsed": 1098.431082, "delta": 6.840823}}
{"target": 59.83776361760635, "params": {"frequency_log": 3.1247670642702916, "magnitude": 0.00019625760915487867, "magnitude_min": -0.0006953911506329718}, "datetime": {"datetime": "2024-04-07 20:43:34", "elapsed": 1106.256502, "delta": 7.82542}}
{"target": 145.50206341055699, "params": {"frequency_log": 2.9097350470571204, "magnitude": 0.00030830441692079094, "magnitude_min": -0.0004016779472090521}, "datetime": {"datetime": "2024-04-07 20:43:43", "elapsed": 1116.030101, "delta": 9.773599}}
{"target": 336.65627939895785, "params": {"frequency_log": 2.000997979335123, "magnitude": 0.00031522450282799177, "magnitude_min": -0.0004103723382212618}, "datetime": {"datetime": "2024-04-07 20:43:55", "elapsed": 1127.343188, "delta": 11.313087}}
{"target": 151.78111591045473, "params": {"frequency_log": 2.0014316039766418, "magnitude": 0.00037354031218646765, "magnitude_min": -0.0006877017894427442}, "datetime": {"datetime": "2024-04-07 20:44:07", "elapsed": 1139.468605, "delta": 12.125417}}
{"target": 98.78216262990537, "params": {"frequency_log": 2.001147874189643, "magnitude": 0.00010712833598918582, "magnitude_min": -0.0005272732223379629}, "datetime": {"datetime": "2024-04-07 20:44:15", "elapsed": 1148.168213, "delta": 8.699608}}
{"target": 251.56947742534848, "params": {"frequency_log": 2.0012257132714844, "magnitude": 0.0002509973483169882, "magnitude_min": -0.00021280360656990006}, "datetime": {"datetime": "2024-04-07 20:44:25", "elapsed": 1157.272615, "delta": 9.104402}}
{"target": 223.1598086393241, "params": {"frequency_log": 2.0010823204246595, "magnitude": 0.0005192524535741596, "magnitude_min": -0.00037082035533105554}, "datetime": {"datetime": "2024-04-07 20:44:36", "elapsed": 1168.523123, "delta": 11.250508}}
{"target": 66.47844830977961, "params": {"frequency_log": 2.0017877381531437, "magnitude": 0.0006978839124169116, "magnitude_min": -0.00021723129125012603}, "datetime": {"datetime": "2024-04-07 20:44:44", "elapsed": 1176.767109, "delta": 8.243986}}
