{"target": 289.62775609221796, "params": {"frequency_log": 2.0, "magnitude": 0.0002, "magnitude_min": -0.00035}, "datetime": {"datetime": "2024-04-07 20:25:07", "elapsed": 0.0, "delta": 0.0}}
{"target": 88.34993770029503, "params": {"frequency_log": 4.34937368935374, "magnitude": 0.00041135258700124484, "magnitude_min": -0.0005568196223583808}, "datetime": {"datetime": "2024-04-07 20:25:17", "elapsed": 10.132955, "delta": 10.132955}}
{"target": 29.240052241969643, "params": {"frequency_log": 3.9536473837654103, "magnitude": 3.1470885415879404e-05, "magnitude_min": -0.00044272315531054053}, "datetime": {"datetime": "2024-04-07 20:25:23", "elapsed": 15.406438, "delta": 5.273483}}
{"target": 36.22133911326637, "params": {"frequency_log": 4.170510388534304, "magnitude": 0.00036185214303818976, "magnitude_min": -0.00016915015475378896}, "datetime": {"datetime": "2024-04-07 20:25:29", "elapsed": 21.59392, "delta": 6.187482}}
{"target": 118.26744823998905, "params": {"frequency_log": 4.152617106846407, "magnitude": 0.0005415229062588982, "magnitude_min": -0.0005161146996455714}, "datetime": {"datetime": "2024-04-07 20:25:39", "elapsed": 31.838297, "delta": 10.244377}}
{"target": 108.05925744995628, "params": {"frequency_log": 3.1621016139036486, "magnitude": 0.00040513132976668546, "magnitude_min": -0.00023972127860686358}, "datetime": {"datetime": "2024-04-07 20:25:49", "elapsed": 41.259355, "delta": 9.421058}}
{"target": 161.45567028856445, "params": {"frequency_log": 3.046184606022135, "magnitude": 0.00041006516618227284, "magnitude_min": -0.0005705354906647003}, "datetime": {"datetime": "2024-04-07 20:26:02", "elapsed": 54.380693, "delta": 13.121338}}
{"target": 245.03264618511426, "params": {"frequency_log": 2.0075922705144778, "magnitude": 0.0004624597035292581, "magnitude_min": -0.0003174921814502863}, "datetime": {"datetime": "2024-04-07 20:26:15", "elapsed": 68.071689, "delta": 13.690996}}
{"target": 180.71474980423943, "params": {"frequency_log": 2.0074817159459526, "magnitude": 0.00053896711283396, "magnitude_min": -0.00033162075388817414}, "datetime": {"datetime": "2024-04-07 20:26:29", "elapsed": 81.615748, "delta": 13.544059}}
{"target": 365.65499274799424, "params": {"frequency_log": 2.000318206634515, "magnitude": 0.00034428111529122225, "magnitude_min": -0.000413719122447876}, "datetime": {"datetime": "2024-04-07 20:26:44", "elapsed": 96.597792, "delta": 14.982044}}
{"target": 227.6007157938918, "params": {"frequency_log": 2.007581586523006, "magnitude": 0.0005626594039995134, "magnitude_min": -0.00048366323369270365}, "datetime": {"datetime": "2024-04-07 20:26:59", "elapsed": 111.727378, "delta": 15.129586}}
{"target": 247.33118082863388, "params": {"frequency_log": 2.0000743956363123, "magnitude": 0.0001924787907209147, "magnitude_min": -0.00028522138703348463}, "datetime": {"datetime": "2024-04-07 20:27:11", "elapsed": 123.591285, "delta": 11.863907}}
{"target": 150.63603939726164, "params": {"frequency_log": 2.0004593107828708, "magnitude": 0.00024562912827033823, "magnitude_min": -0.000579580779736104}, "datetime": {"datetime": "2024-04-07 20:27:25", "elapsed": 137.322789, "delta": 13.731504}}
{"target": 39.763080890631905, "params": {"frequency_log": 4.629385108026006, "magnitude": 0.0002587374514226455, "magnitude_min": -0.0004099296375526566}, "datetime": {"datetime": "2024-04-07 20:27:34", "elapsed": 147.058517, "delta": 9.735728}}
{"target": 243.49420697373657, "params": {"frequency_log": 2.0001070928441336, "magnitude": 0.00027972204570326506, "magnitude_min": -0.00019719525509495942}, "datetime": {"datetime": "2024-04-07 20:27:47", "elapsed": 159.367082, "delta": 12.308565}}
{"target": 247.569598995293, "params": {"frequency_log": 2.0006175715986654, "magnitude": 0.0005366494913294653, "magnitude_min": -0.0004872419621590212}, "datetime": {"datetime": "2024-04-07 20:28:03", "elapsed": 175.237263, "delta": 15.870181}}
{"target": 201.0156429698025, "params": {"frequency_log": 2.000237440830759, "magnitude": 0.0006113549389028609, "magnitude_min": -0.0005332611805076692}, "datetime": {"datetime": "2024-04-07 20:28:19", "elapsed": 191.33103, "delta": 16.093767}}
{"target": 303.3963829386981, "params": {"frequency_log": 2.000034363442535, "magnitude": 0.0004082883722428653, "magnitude_min": -0.0005103389018959948}, "datetime": {"datetime": "2024-04-07 20:28:36", "elapsed": 208.297377, "delta": 16.966347}}
{"target": 359.62861043640766, "params": {"frequency_log": 2.0076287392781236, "magnitude": 0.00032278299863341747, "magnitude_min": -0.00028476984128963256}, "datetime": {"datetime": "2024-04-07 20:28:49", "elapsed": 221.620316, "delta": 13.322939}}
{"target": 223.5827159868763, "params": {"frequency_log": 2.0003881825132477, "magnitude": 0.0004359946011073941, "magnitude_min": -0.0002519651154277058}, "datetime": {"datetime": "2024-04-07 20:29:00", "elapsed": 232.362008, "delta": 10.741692}}
{"target": 135.00989917029392, "params": {"frequency_log": 2.007578964376288, "magnitude": 0.0001421254567271089, "magnitude_min": -0.00018383343438831286}, "datetime": {"datetime": "2024-04-07 20:29:07", "elapsed": 240.194841, "delta": 7.832833}}
{"target": 272.85001182475526, "params": {"frequency_log": 2.007652873915377, "magnitude": 0.00021962888415065298, "magnitude_min": -0.0002935767249735078}, "datetime": {"datetime": "2024-04-07 20:29:18", "elapsed": 250.382377, "delta": 10.187536}}
{"target": 308.5124778338182, "params": {"frequency_log": 2.0002148110365146, "magnitude": 0.00023650798016577982, "magnitude_min": -0.0003743678311599673}, "datetime": {"datetime": "2024-04-07 20:29:29", "elapsed": 261.336149, "delta": 10.953772}}
{"target": 180.44906591573525, "params": {"frequency_log": 2.0000587307682736, "magnitude": 0.00019823292117286404, "magnitude_min": -0.00018085696101917902}, "datetime": {"datetime": "2024-04-07 20:29:37", "elapsed": 270.014986, "delta": 8.678837}}
{"target": 197.59739283573617, "params": {"frequency_log": 2.000809289220985, "magnitude": 0.000624930258747533, "magnitude_min": -0.0006611864544750638}, "datetime": {"datetime": "2024-04-07 20:29:50", "elapsed": 282.989457, "delta": 12.974471}}
{"target": 177.9704161690271, "params": {"frequency_log": 2.0000920113370224, "magnitude": 0.00022067021008560255, "magnitude_min": -0.0005229611613222003}, "datetime": {"datetime": "2024-04-07 20:30:01", "elapsed": 293.399364, "delta": 10.409907}}
{"target": 300.80207015590463, "params": {"frequency_log": 2.0000145026706897, "magnitude": 0.00029683598787381065, "magnitude_min": -0.0001964875137939366}, "datetime": {"datetime": "2024-04-07 20:30:10", "elapsed": 303.09623, "delta": 9.696866}}
{"target": 128.75703051346213, "params": {"frequency_log": 3.456692212184706, "magnitude": 0.0003496426148221477, "magnitude_min": -0.00047617547671855007}, "datetime": {"datetime": "2024-04-07 20:30:20", "elapsed": 312.970779, "delta": 9.874549}}
{"target": 372.4115708428408, "params": {"frequency_log": 2.0077481671107806, "magnitude": 0.00034032423104637445, "magnitude_min": -0.0003266949094262453}, "datetime": {"datetime": "2024-04-07 20:30:31", "elapsed": 324.183613, "delta": 11.212834}}
{"target": 181.5222145062647, "params": {"frequency_log": 2.00767797807672, "magnitude": 0.0004368858427580295, "magnitude_min": -0.0001954110518540544}, "datetime": {"datetime": "2024-04-07 20:30:41", "elapsed": 333.806081, "delta": 9.622468}}
{"target": 224.03621671947622, "params": {"frequency_log": 2.008178292435805, "magnitude": 0.0005468263028543385, "magnitude_min": -0.0006142581201336011}, "datetime": {"datetime": "2024-04-07 20:30:54", "elapsed": 346.314744, "delta": 12.508663}}
{"target": 367.6820169808897, "params": {"frequency_log": 2.0000870085211697, "magnitude": 0.0003427432478464705, "magnitude_min": -0.0003213965911873885}, "datetime": {"datetime": "2024-04-07 20:31:06", "elapsed": 359.083877, "delta": 12.769133}}
{"target": 196.8532077749183, "params": {"frequency_log": 2.000255433372201, "magnitude": 7.137703922760072e-05, "magnitude_min": -0.0003047896387432426}, "datetime": {"datetime": "2024-04-07 20:31:16", "elapsed": 369.130857, "delta": 10.04698}}
{"target": 24.619677753242712, "params": {"frequency_log": 4.557471276631805, "magnitude": 0.0002500448531166264, "magnitude_min": -0.00023554348581657106}, "datetime": {"datetime": "2024-04-07 20:31:22", "elapsed": 374.874607, "delta": 5.74375}}
{"target": 215.4114855515632, "params": {"frequency_log": 2.007606056425464, "magnitude": 0.00014599902452967122, "magnitude_min": -0.0004170858421696855}, "datetime": {"datetime": "2024-04-07 20:31:32", "elapsed": 384.768245, "delta": 9.893638}}
{"target": 39.72184153476222, "params": {"frequency_log": 2.0081557038756106, "magnitude": 0.00010903641033235627, "magnitude_min": -8.486437472823632e-06}, "datetime": {"datetime": "2024-04-07 20:31:38", "elapsed": 390.888641, "delta": 6.120396}}
{"target": 160.47681578601012, "params": {"frequency_log": 2.000010566915235, "magnitude": 0.00040620720821154854, "magnitude_min": -0.0001148998191964751}, "datetime": {"datetime": "2024-04-07 20:31:47", "elapsed": 399.720816, "delta": 8.832175}}
{"target": 148.1444689633503, "params": {"frequency_log": 2.007391157358039, "magnitude": 0.00032212025189255164, "magnitude_min": -0.0006445806664544283}, "datetime": {"datetime": "2024-04-07 20:31:59", "elapsed": 412.039533, "delta": 12.318717}}
{"target": 189.43057615875327, "params": {"frequency_log": 3.0197317479437498, "magnitude": 0.00045088362356096335, "magnitude_min": -0.000507300694666002}, "datetime": {"datetime": "2024-04-07 20:32:11", "elapsed": 423.902471, "delta": 11.862938}}
{"target": 280.66321514783357, "params": {"frequency_log": 2.008198655862177, "magnitude": 0.0004930975490706557, "magnitude_min": -0.0004907747349150453}, "datetime": {"datetime": "2024-04-07 20:32:24", "elapsed": 436.743877, "delta": 12.841406}}
{"target": 163.52681595676512, "params": {"frequency_log": 2.0081204060919404, "magnitude": 0.0006154615338417912, "magnitude_min": -0.00041481212932020935}, "datetime": {"datetime": "2024-04-07 20:32:36", "elapsed": 448.485186, "delta": 11.741309}}
{"target": 188.97969096060632, "params": {"frequency_log": 2.007699244468995, "magnitude": 0.0001344723541569188, "magnitude_min": -0.00025090423120792594}, "datetime": {"datetime": "2024-04-07 20:32:44", "elapsed": 457.2168, "delta": 8.731614}}
{"target": 31.532898547307486, "params": {"frequency_log": 2.148362543005704, "magnitude": 1.8125486124354218e-05, "magnitude_min": -9.707010236283825e-05}, "datetime": {"datetime": "2024-04-07 20:32:50", "elapsed": 462.439313, "delta": 5.222513}}
{"target": 55.51187333283759, "params": {"frequency_log": 2.0008536632856693, "magnitude": 0.000698920968272912, "magnitude_min": -0.0001501486891284738}, "datetime": {"datetime": "2024-04-07 20:32:59", "elapsed": 471.227272, "delta": 8.787959}}
{"target": 342.4388504694187, "params": {"frequency_log": 2.007624347833406, "magnitude": 0.00029841889877448485, "magnitude_min": -0.00039050929881343047}, "datetime": {"datetime": "2024-04-07 20:33:13", "elapsed": 485.458807, "delta": 14.231535}}
{"target": 336.16335044538107, "params": {"frequency_log": 2.000427684406044, "magnitude": 0.0004202097417380122, "magnitude_min": -0.00047785795569490563}, "datetime": {"datetime": "2024-04-07 20:33:28", "elapsed": 500.700072, "delta": 15.241265}}
{"target": 144.0408367916143, "params": {"frequency_log": 2.0085337746879453, "magnitude": 0.00033174052685738765, "magnitude_min": -0.0006559370105130313}, "datetime": {"datetime": "2024-04-07 20:33:43", "elapsed": 515.956845, "delta": 15.256773}}
{"target": 248.7183395609597, "params": {"frequency_log": 2.008051332913083, "magnitude": 0.00026748603180374567, "magnitude_min": -0.0004549803413999562}, "datetime": {"datetime": "2024-04-07 20:33:57", "elapsed": 530.047252, "delta": 14.090407}}
{"target": 153.79121247146182, "params": {"frequency_log": 2.0076548164482704, "magnitude": 0.00015118278045323934, "magnitude_min": -0.0004898738567801881}, "datetime": {"datetime": "2024-04-07 20:34:09", "elapsed": 542.176356, "delta": 12.129104}}
{"target": 53.37011427326781, "params": {"frequency_log": 4.599580791769755, "magnitude": 0.00045061249704739427, "magnitude_min": -0.0003009610664932296}, "datetime": {"datetime": "2024-04-07 20:34:20", "elapsed": 552.506148, "delta": 10.329792}}
{"target": 107.11842075262538, "params": {"frequency_log": 4.205078631884606, "magnitude": 0.0006785819986586888, "magnitude_min": -0.0005468747749817474}, "datetime": {"datetime": "2024-04-07 20:34:33", "elapsed": 565.771486, "delta": 13.265338}}
{"target": 235.17318630253402, "params": {"frequency_log": 2.000686179820626, "magnitude": 0.0005473848795765073, "magnitude_min": -0.0004901702578380476}, "datetime": {"datetime": "2024-04-07 20:34:49", "elapsed": 581.355011, "delta": 15.583525}}
{"target": 117.71119439491979, "params": {"frequency_log": 3.2582792878056255, "magnitude": 0.00030226275815827306, "magnitude_min": -0.0004275090976208714}, "datetime": {"datetime": "2024-04-07 20:35:01", "elapsed": 593.594576, "delta": 12.239565}}
{"target": 36.890299569693894, "params": {"frequency_log": 3.0132029952225388, "magnitude": 4.821793571545481e-05, "magnitude_min": -0.0006639665093090298}, "datetime": {"datetime": "2024-04-07 20:35:09", "elapsed": 601.27652, "delta": 7.681944}}
{"target": 153.0083172294631, "params": {"frequency_log": 2.00856078600036, "magnitude": 0.0005722556958094714, "magnitude_min": -0.00032123852250444016}, "datetime": {"datetime": "2024-04-07 20:35:22", "elapsed": 615.078429, "delta": 13.801909}}
{"target": 215.555036208801, "params": {"frequency_log": 2.00772841304442, "magnitude": 0.0004468142244119785, "magnitude_min": -0.0006336258627433994}, "datetime": {"datetime": "2024-04-07 20:35:37", "elapsed": 629.786918, "delta": 14.708489}}
{"target": 316.52820678153324, "params": {"frequency_log": 2.0077841023813585, "magnitude": 0.00028379575079451086, "magnitude_min": -0.00043187282591055336}, "datetime": {"datetime": "2024-04-07 20:35:49", "elapsed": 641.254729, "delta": 11.467811}}
{"target": 335.48155643442936, "params": {"frequency_log": 2.0078861532538363, "magnitude": 0.0004376276332025934, "magnitude_min": -0.0003810192936696736}, "datetime": {"datetime": "2024-04-07 20:36:03", "elapsed": 655.326471, "delta": 14.071742}}
{"target": 45.73482630365774, "params": {"frequency_log": 4.312007615316554, "magnitude": 0.0005788263001538659, "magnitude_min": -0.00017209576220018658}, "datetime": {"datetime": "2024-04-07 20:36:11", "elapsed": 663.4503, "delta": 8.123829}}
{"target": 77.14439548470129, "params": {"frequency_log": 4.115687876260074, "magnitude": 0.00035606457187824627, "magnitude_min": -0.0006743991934441064}, "datetime": {"datetime": "2024-04-07 20:36:23", "elapsed": 675.999572, "delta": 12.549272}}
{"target": 75.88602744857316, "params": {"frequency_log": 3.020843060180788, "magnitude": 0.0005358547001449473, "magnitude_min": -0.0001749850601300239}, "datetime": {"datetime": "2024-04-07 20:36:33", "elapsed": 685.436828, "delta": 9.437256}}
{"target": 158.5748326825825, "params": {"frequency_log": 3.0187671715687574, "magnitude": 0.00041463013889148477, "magnitude_min": -0.00035810668651060684}, "datetime": {"datetime": "2024-04-07 20:36:45", "elapsed": 698.185135, "delta": 12.748307}}
{"target": 43.75568844930146, "params": {"frequency_log": 4.774991325371431, "magnitude": 0.0002597618085353206, "magnitude_min": -0.0006967630392396764}, "datetime": {"datetime": "2024-04-07 20:36:55", "elapsed": 708.053731, "delta": 9.868596}}
{"target": 255.28937331452462, "params": {"frequency_log": 2.174136417751538, "magnitude": 0.0002322897136314479, "magnitude_min": -0.0003495820138469111}, "datetime": {"datetime": "2024-04-07 20:37:08", "elapsed": 720.551644, "delta": 12.497913}}
{"target": 136.41729918823665, "params": {"frequency_log": 2.1741430083115056, "magnitude": 0.00046479057212753174, "magnitude_min": -0.0001697864567795132}, "datetime": {"datetime": "2024-04-07 20:37:19", "elapsed": 731.28095, "delta": 10.729306}}
{"target": 133.42243705524683, "params": {"frequency_log": 2.174357103263774, "magnitude": 0.0002817036062459532, "magnitude_min": -0.0006320354242663123}, "datetime": {"datetime": "2024-04-07 20:37:32", "elapsed": 744.908657, "delta": 13.627707}}
{"target": 323.230166967234, "params": {"frequency_log": 2.000450398199861, "magnitude": 0.00023529655290882438, "magnitude_min": -0.00033026848193327697}, "datetime": {"datetime": "2024-04-07 20:37:45", "elapsed": 757.855758, "delta": 12.947101}}
{"target": 226.19025299796658, "params": {"frequency_log": 2.173745195035789, "magnitude": 0.00043727098362847253, "magnitude_min": -0.0005802482400969649}, "datetime": {"datetime": "2024-04-07 20:38:00", "elapsed": 773.137328, "delta": 15.28157}}
{"target": 63.34318128710141, "params": {"frequency_log": 2.1740414021568872, "magnitude": 2.6898267518286166e-06, "magnitude_min": -0.000474068635281877}, "datetime": {"datetime": "2024-04-07 20:38:09", "elapsed": 781.352847, "delta": 8.215519}}
{"target": 234.40758300530314, "params": {"frequency_log": 2.173390328009988, "magnitude": 0.00042399185385061144, "magnitude_min": -0.00028606378142302896}, "datetime": {"datetime": "2024-04-07 20:38:22", "elapsed": 794.496146, "delta": 13.143299}}
{"target": 133.22836969088013, "params": {"frequency_log": 2.173200110492866, "magnitude": 0.0006449108411474659, "magnitude_min": -0.00038418377762368557}, "datetime": {"datetime": "2024-04-07 20:38:35", "elapsed": 807.409838, "delta": 12.913692}}
{"target": 144.6355034645453, "params": {"frequency_log": 3.3188650046975225, "magnitude": 0.0006957394134817216, "magnitude_min": -0.0006745219385032984}, "datetime": {"datetime": "2024-04-07 20:38:49", "elapsed": 821.476928, "delta": 14.06709}}
{"target": 255.52711387945598, "params": {"frequency_log": 2.000585656250289, "magnitude": 0.00028310728114102496, "magnitude_min": -0.00018054160649711034}, "datetime": {"datetime": "2024-04-07 20:39:00", "elapsed": 832.873876, "delta": 11.396948}}
{"target": 89.10065005127427, "params": {"frequency_log": 3.476980031459905, "magnitude": 0.00027768512464356116, "magnitude_min": -0.0006424904267936974}, "datetime": {"datetime": "2024-04-07 20:39:11", "elapsed": 843.923041, "delta": 11.049165}}
{"target": 121.69501067967515, "params": {"frequency_log": 2.0008009733837984, "magnitude": 6.859227152828839e-06, "magnitude_min": -0.0002592363048219601}, "datetime": {"datetime": "2024-04-07 20:39:20", "elapsed": 852.746391, "delta": 8.82335}}
{"target": 41.00428404861746, "params": {"frequency_log": 2.174303229129716, "magnitude": 2.9088734091227984e-05, "magnitude_min": -0.00012533560425704736}, "datetime": {"datetime": "2024-04-07 20:39:26", "elapsed": 858.716266, "delta": 5.969875}}
{"target": 114.08196137985303, "params": {"frequency_log": 2.173428158023923, "magnitude": 0.0003000355757461678, "magnitude_min": -4.170747063011028e-05}, "datetime": {"datetime": "2024-04-07 20:39:35", "elapsed": 867.364009, "delta": 8.647743}}
{"target": 254.6082111578391, "params": {"frequency_log": 2.000053813928547, "magnitude": 0.0005220417888529444, "magnitude_min": -0.00046318806384384537}, "datetime": {"datetime": "2024-04-07 20:39:49", "elapsed": 881.89363, "delta": 14.529621}}
{"target": 56.03661599241002, "params": {"frequency_log": 3.019646115665308, "magnitude": 0.00040320521298964275, "magnitude_min": -5.7845052606193e-05}, "datetime": {"datetime": "2024-04-07 20:39:57", "elapsed": 889.269571, "delta": 7.375941}}
{"target": 68.52568047799758, "params": {"frequency_log": 2.1730759429717894, "magnitude": 0.00011207641440298224, "magnitude_min": -0.0006163492113366957}, "datetime": {"datetime": "2024-04-07 20:40:07", "elapsed": 899.273485, "delta": 10.003914}}
{"target": 105.71687593632942, "params": {"frequency_log": 3.891622308725018, "magnitude": 0.00039081184653541655, "magnitude_min": -0.0005546613750064942}, "datetime": {"datetime": "2024-04-07 20:40:19", "elapsed": 911.830482, "delta": 12.556997}}
{"target": 38.90168673820306, "params": {"frequency_log": 3.7950570022658225, "magnitude": 0.0005404887370735157, "magnitude_min": -7.933372924192987e-05}, "datetime": {"datetime": "2024-04-07 20:40:26", "elapsed": 918.766867, "delta": 6.936385}}
{"target": 36.01480613194241, "params": {"frequency_log": 2.967396135299036, "magnitude": 3.303227140988053e-05, "magnitude_min": -0.0002608332226721758}, "datetime": {"datetime": "2024-04-07 20:40:33", "elapsed": 925.549464, "delta": 6.782597}}
{"target": 90.29829691777061, "params": {"frequency_log": 4.120646290862194, "magnitude": 0.0003711032788588188, "magnitude_min": -0.0005146527146326534}, "datetime": {"datetime": "2024-04-07 20:40:45", "elapsed": 937.447, "delta": 11.897536}}
{"target": 101.78089651918717, "params": {"frequency_log": 2.0082354624427583, "magnitude": 0.00025004115531852345, "magnitude_min": -0.0006727721475905441}, "datetime": {"datetime": "2024-04-07 20:40:58", "elapsed": 950.36232, "delta": 12.91532}}
{"target": 303.8621724701756, "params": {"frequency_log": 2.007971407772229, "magnitude": 0.0003754265664542138, "magnitude_min": -0.0004763703222801099}, "datetime": {"datetime": "2024-04-07 20:41:12", "elapsed": 964.810165, "delta": 14.447845}}
{"target": 389.6865142298725, "params": {"frequency_log": 2.0001562415581935, "magnitude": 0.00036512555386290297, "magnitude_min": -0.00034312390763655383}, "datetime": {"datetime": "2024-04-07 20:41:26", "elapsed": 978.677491, "delta": 13.867326}}
{"target": 288.06305890531576, "params": {"frequency_log": 2.0001811716372613, "magnitude": 0.000421348221324041, "magnitude_min": -0.0005324748373030645}, "datetime": {"datetime": "2024-04-07 20:41:41", "elapsed": 993.565741, "delta": 14.88825}}
