{"target": 21.180290976065837, "params": {"frequency_log": 3.581898908975174, "gradient": 0.24242139101467644, "magnitude": 0.0005529997417256992, "magnitude_min": -0.00024974620621698535}, "datetime": {"datetime": "2024-04-03 16:36:25", "elapsed": 2065.388697, "delta": 48.0376}}
{"target": 22.27647135719923, "params": {"frequency_log": 4.740549547383001, "gradient": 0.21553836152737282, "magnitude": 0.00037249643823009565, "magnitude_min": -0.0003767643511173375}, "datetime": {"datetime": "2024-04-03 16:37:04", "elapsed": 2104.302654, "delta": 38.913957}}
{"target": 21.09487855843151, "params": {"frequency_log": 2.2074490856253117, "gradient": 0.29264088013699224, "magnitude": 0.0006561390539738123, "magnitude_min": -0.0005055295399165074}, "datetime": {"datetime": "2024-04-03 16:39:04", "elapsed": 2225.009884, "delta": 120.70723}}
{"target": 23.140480809452207, "params": {"frequency_log": 4.581860424865171, "gradient": 0.09359762915090143, "magnitude": 0.00047454401309920204, "magnitude_min": -7.45443692635033e-05}, "datetime": {"datetime": "2024-04-03 16:39:14", "elapsed": 2234.454388, "delta": 9.444504}}
{"target": 25.461824650837624, "params": {"frequency_log": 2.60698635135988, "gradient": 0.24048575975362368, "magnitude": 0.00030504668100469643, "magnitude_min": -0.00047903348490634546}, "datetime": {"datetime": "2024-04-03 16:39:52", "elapsed": 2272.292038, "delta": 37.83765}}
{"target": 23.54822422940172, "params": {"frequency_log": 3.812359947129118, "gradient": 0.20701885243909443, "magnitude": 0.0004565572147965852, "magnitude_min": -0.0004094341867295912}, "datetime": {"datetime": "2024-04-03 16:40:18", "elapsed": 2298.336316, "delta": 26.044278}}
{"target": 18.54408181976906, "params": {"frequency_log": 2.5637089940127713, "gradient": 0.029308454326497112, "magnitude": 0.0004042540670543229, "magnitude_min": -6.898914039661966e-05}, "datetime": {"datetime": "2024-04-03 16:40:33", "elapsed": 2313.427817, "delta": 15.091501}}
{"target": 23.931134397959205, "params": {"frequency_log": 2.826992745613704, "gradient": 0.11788067975744942, "magnitude": 0.0003977194200865323, "magnitude_min": -0.0006162547902540523}, "datetime": {"datetime": "2024-04-03 16:41:08", "elapsed": 2349.145042, "delta": 35.717225}}
{"target": 20.70045234014171, "params": {"frequency_log": 3.0063346174784504, "gradient": 0.11377620687403803, "magnitude": 0.0001426735547504587, "magnitude_min": -0.00027382889141600074}, "datetime": {"datetime": "2024-04-03 16:41:26", "elapsed": 2366.522249, "delta": 17.377207}}
{"target": 20.57606468051542, "params": {"frequency_log": 4.288223336838422, "gradient": 0.19749686343567902, "magnitude": 0.00020928674641883602, "magnitude_min": -0.000219592382143753}, "datetime": {"datetime": "2024-04-03 16:41:37", "elapsed": 2377.352832, "delta": 10.830583}}
{"target": 24.012068845121235, "params": {"frequency_log": 4.235550975613943, "gradient": 0.03540006253200271, "magnitude": 7.551922268455214e-06, "magnitude_min": -0.0002871980998352733}, "datetime": {"datetime": "2024-04-03 16:41:44", "elapsed": 2384.595804, "delta": 7.242972}}
{"target": 25.545236993331955, "params": {"frequency_log": 4.865587187788644, "gradient": 0.19001182518423418, "magnitude": 0.0003207603063281533, "magnitude_min": -0.0001292476584375629}, "datetime": {"datetime": "2024-04-03 16:41:55", "elapsed": 2395.461329, "delta": 10.865525}}
{"target": 33.644081966681604, "params": {"frequency_log": 3.1327510708024926, "gradient": 0.26963780222462186, "magnitude": 0.0002749637287338856, "magnitude_min": -0.00017532768017174236}, "datetime": {"datetime": "2024-04-03 16:42:24", "elapsed": 2424.454612, "delta": 28.993283}}
{"target": 19.007640846942525, "params": {"frequency_log": 2.715188622984004, "gradient": 0.2859566038621102, "magnitude": 0.0006791873124241147, "magnitude_min": -0.000322730466947772}, "datetime": {"datetime": "2024-04-03 16:43:06", "elapsed": 2467.129801, "delta": 42.675189}}
{"target": 23.080442969184233, "params": {"frequency_log": 3.626726752935096, "gradient": 0.18809395401921578, "magnitude": 0.0003486013803579371, "magnitude_min": -0.000572122132446294}, "datetime": {"datetime": "2024-04-03 16:43:37", "elapsed": 2498.085909, "delta": 30.956108}}
{"target": 20.726283739039197, "params": {"frequency_log": 2.330438043649851, "gradient": 0.1461489275425014, "magnitude": 0.0006352244266285594, "magnitude_min": -0.0004977040223917185}, "datetime": {"datetime": "2024-04-03 16:44:18", "elapsed": 2538.262824, "delta": 40.176915}}
{"target": 25.08184251178141, "params": {"frequency_log": 4.163235977019645, "gradient": 0.27510087857438376, "magnitude": 0.00044922399290413576, "magnitude_min": -0.0005412200124041293}, "datetime": {"datetime": "2024-04-03 16:44:50", "elapsed": 2570.967866, "delta": 32.705042}}
{"target": 22.695562841655665, "params": {"frequency_log": 4.115032086341626, "gradient": 0.1467378327773007, "magnitude": 0.00034491582574537117, "magnitude_min": -0.0005614991463337778}, "datetime": {"datetime": "2024-04-03 16:45:19", "elapsed": 2599.280011, "delta": 28.312145}}
{"target": 20.954198525166262, "params": {"frequency_log": 3.267220838632523, "gradient": 0.21603484526692698, "magnitude": 0.000587858574133294, "magnitude_min": -0.0004087702061078145}, "datetime": {"datetime": "2024-04-03 16:45:52", "elapsed": 2632.702363, "delta": 33.422352}}
{"target": 19.541927792012125, "params": {"frequency_log": 4.776760455329404, "gradient": 0.2161490925994442, "magnitude": 0.00011555529627806349, "magnitude_min": -0.0002361161060535965}, "datetime": {"datetime": "2024-04-03 16:46:00", "elapsed": 2640.868845, "delta": 8.166482}}
{"target": 18.690137981394603, "params": {"frequency_log": 3.481553219397286, "gradient": 0.15293607122544764, "magnitude": 0.00013352876156461852, "magnitude_min": -0.00023246315070158232}, "datetime": {"datetime": "2024-04-03 16:46:13", "elapsed": 2653.594215, "delta": 12.72537}}
{"target": 29.921497938715493, "params": {"frequency_log": 2.584159304784103, "gradient": 0.26248489568969496, "magnitude": 3.6873703661188696e-06, "magnitude_min": -0.0006159821530461464}, "datetime": {"datetime": "2024-04-03 16:46:43", "elapsed": 2684.129133, "delta": 30.534918}}
{"target": 21.81960507527657, "params": {"frequency_log": 3.493289215610655, "gradient": 0.07604075468662065, "magnitude": 0.0004357807854902046, "magnitude_min": -0.00012199335389905864}, "datetime": {"datetime": "2024-04-03 16:47:01", "elapsed": 2701.335016, "delta": 17.205883}}
{"target": 24.07202723919008, "params": {"frequency_log": 2.716384399722487, "gradient": 0.09184234421971685, "magnitude": 0.0003357026080165521, "magnitude_min": -0.0006099122265382658}, "datetime": {"datetime": "2024-04-03 16:47:33", "elapsed": 2733.41704, "delta": 32.082024}}
{"target": 21.51531557018173, "params": {"frequency_log": 3.064997022304915, "gradient": 0.03181893866579514, "magnitude": 0.0002500126328589435, "magnitude_min": -5.67030190827321e-05}, "datetime": {"datetime": "2024-04-03 16:47:45", "elapsed": 2745.485185, "delta": 12.068145}}
{"target": 17.942385408688537, "params": {"frequency_log": 2.7379649441787626, "gradient": 0.06081010763493283, "magnitude": 0.0005589530545369496, "magnitude_min": -0.0001003351469129189}, "datetime": {"datetime": "2024-04-03 16:48:01", "elapsed": 2761.755823, "delta": 16.270638}}
{"target": 25.37163999858401, "params": {"frequency_log": 2.4730576687849197, "gradient": 0.1380150472453444, "magnitude": 0.0003106183289056909, "magnitude_min": -0.0006609249813363808}, "datetime": {"datetime": "2024-04-03 16:48:30", "elapsed": 2791.203679, "delta": 29.447856}}
{"target": 23.963820030486346, "params": {"frequency_log": 3.9303627470559954, "gradient": 0.23971577838425084, "magnitude": 0.00020229750505151725, "magnitude_min": -0.00039615821499559324}, "datetime": {"datetime": "2024-04-03 16:48:45", "elapsed": 2805.350451, "delta": 14.146772}}
