{"target": 25.212288993744853, "params": {"frequency_log": 2.0, "gradient": 0.1, "magnitude": 0.0002, "magnitude_min": -0.00035}, "datetime": {"datetime": "2024-04-03 15:57:10", "elapsed": 0.0, "delta": 0.0}}
{"target": 33.22423844326943, "params": {"frequency_log": 3.251066014107722, "gradient": 0.21609734803264743, "magnitude": 8.006237214142064e-08, "magnitude_min": -0.0004883671991577122}, "datetime": {"datetime": "2024-04-03 15:57:22", "elapsed": 12.685318, "delta": 12.685318}}
{"target": 23.341587828220565, "params": {"frequency_log": 2.440267672451339, "gradient": 0.027701578430639338, "magnitude": 0.00013038214796436964, "magnitude_min": -0.00045810749106986654}, "datetime": {"datetime": "2024-04-03 15:57:43", "elapsed": 33.786612, "delta": 21.101294}}
{"target": 27.28840336833918, "params": {"frequency_log": 3.19030242269201, "gradient": 0.16164502020100707, "magnitude": 0.00029343616008230635, "magnitude_min": -0.00022034634972226835}, "datetime": {"datetime": "2024-04-03 15:58:01", "elapsed": 51.332256, "delta": 17.545644}}
{"target": 28.881765077976308, "params": {"frequency_log": 2.613356749194552, "gradient": 0.2634352309172836, "magnitude": 1.9171315238548315e-05, "magnitude_min": -0.00023067274287511842}, "datetime": {"datetime": "2024-04-03 15:58:43", "elapsed": 93.253153, "delta": 41.920897}}
{"target": 25.819274893521136, "params": {"frequency_log": 3.251914407101381, "gradient": 0.16760694853372549, "magnitude": 9.827085701666364e-05, "magnitude_min": -0.0005613289576405848}, "datetime": {"datetime": "2024-04-03 15:58:59", "elapsed": 109.341895, "delta": 16.088742}}
{"target": 18.77527039458511, "params": {"frequency_log": 2.023159567952363, "gradient": 0.04855828026380886, "magnitude": 0.0004965583239189989, "magnitude_min": -0.00016468419870587934}, "datetime": {"datetime": "2024-04-03 16:01:59", "elapsed": 0.0, "delta": 0.0}}
{"target": 24.60051029710229, "params": {"frequency_log": 3.327671952366387, "gradient": 0.12404121238022008, "magnitude": 0.00038346346204996953, "magnitude_min": -0.0001790588928973347}, "datetime": {"datetime": "2024-04-03 16:02:17", "elapsed": 18.123781, "delta": 18.123781}}
{"target": 21.593318070628165, "params": {"frequency_log": 3.249818264717163, "gradient": 0.23186805539673794, "magnitude": 0.0005329519738186517, "magnitude_min": -0.0002772663298835897}, "datetime": {"datetime": "2024-04-03 16:02:48", "elapsed": 48.569245, "delta": 30.445464}}
{"target": 18.684829924913632, "params": {"frequency_log": 2.0636188209578865, "gradient": 0.24236437188801635, "magnitude": 0.0006753988787722318, "magnitude_min": -0.00020854888092948314}, "datetime": {"datetime": "2024-04-03 16:03:41", "elapsed": 101.976647, "delta": 53.407402}}
{"target": 23.54755562985227, "params": {"frequency_log": 3.0932575747022857, "gradient": 0.006719433340067848, "magnitude": 0.00010669004233772452, "magnitude_min": -1.9934933282947983e-05}, "datetime": {"datetime": "2024-04-03 16:03:47", "elapsed": 107.570373, "delta": 5.593726}}
{"target": 24.216061718950215, "params": {"frequency_log": 4.98590062390559, "gradient": 0.09755175176481339, "magnitude": 0.0005718061880925927, "magnitude_min": -0.0006687562299452875}, "datetime": {"datetime": "2024-04-03 16:04:22", "elapsed": 143.108126, "delta": 35.537753}}
{"target": 21.822397183872468, "params": {"frequency_log": 4.943693881935696, "gradient": 0.08112519854432167, "magnitude": 0.0005661495126488377, "magnitude_min": -0.00038740846750982}, "datetime": {"datetime": "2024-04-03 16:04:50", "elapsed": 171.071499, "delta": 27.963373}}
{"target": 30.300787137126054, "params": {"frequency_log": 2.974627284197036, "gradient": 0.1907344248557382, "magnitude": 0.00028035357655264244, "magnitude_min": -0.0001739116400597769}, "datetime": {"datetime": "2024-04-03 16:05:14", "elapsed": 194.710054, "delta": 23.638555}}
{"target": 26.852359202279246, "params": {"frequency_log": 2.917733662011333, "gradient": 0.20299599120390802, "magnitude": 0.0003859672097924863, "magnitude_min": -0.0004788996325020018}, "datetime": {"datetime": "2024-04-03 16:05:52", "elapsed": 232.996709, "delta": 38.286655}}
{"target": 25.281290859122425, "params": {"frequency_log": 3.191553592461858, "gradient": 0.05825336892575787, "magnitude": 3.699918387580985e-05, "magnitude_min": -0.00045853357817194197}, "datetime": {"datetime": "2024-04-03 16:06:06", "elapsed": 246.422167, "delta": 13.425458}}
{"target": 26.53834644947106, "params": {"frequency_log": 2.028390956475857, "gradient": 0.16506127003732135, "magnitude": 0.00011339179341470655, "magnitude_min": -0.00036554056057928815}, "datetime": {"datetime": "2024-04-03 16:06:42", "elapsed": 282.950512, "delta": 36.528345}}
{"target": 25.638249837294357, "params": {"frequency_log": 2.9970579957890715, "gradient": 0.1454377519540884, "magnitude": 0.0002917784160818304, "magnitude_min": -0.000125418804589282}, "datetime": {"datetime": "2024-04-03 16:06:58", "elapsed": 298.879521, "delta": 15.929009}}
{"target": 23.24238950624121, "params": {"frequency_log": 2.702171222603207, "gradient": 0.13410055670361823, "magnitude": 0.0003850767991317916, "magnitude_min": -3.5572118801792505e-05}, "datetime": {"datetime": "2024-04-03 16:07:14", "elapsed": 314.418734, "delta": 15.539213}}
{"target": 25.55743233681338, "params": {"frequency_log": 2.3536131895492165, "gradient": 0.1651593287330035, "magnitude": 0.00034402559832147746, "magnitude_min": -0.0005978276074198323}, "datetime": {"datetime": "2024-04-03 16:07:59", "elapsed": 359.405999, "delta": 44.987265}}
{"target": 17.91940863645651, "params": {"frequency_log": 2.7881606260490273, "gradient": 0.006550156593460077, "magnitude": 0.0001172288620378674, "magnitude_min": -0.000250860420704965}, "datetime": {"datetime": "2024-04-03 16:08:16", "elapsed": 376.42666, "delta": 17.020661}}
{"target": 24.99085818256419, "params": {"frequency_log": 2.588243899289827, "gradient": 0.12011073395740138, "magnitude": 0.0003607298984496744, "magnitude_min": -0.0006509397023508343}, "datetime": {"datetime": "2024-04-03 16:08:54", "elapsed": 414.344604, "delta": 37.917944}}
{"target": 18.613813992737118, "params": {"frequency_log": 2.542365559033146, "gradient": 0.08153138834837391, "magnitude": 0.0005624784323563651, "magnitude_min": -0.0002463730194846338}, "datetime": {"datetime": "2024-04-03 16:09:21", "elapsed": 442.011623, "delta": 27.667019}}
{"target": 18.449027615731627, "params": {"frequency_log": 2.4011389332363335, "gradient": 0.15235458257963105, "magnitude": 0.000622372325474782, "magnitude_min": -0.0003029851349081176}, "datetime": {"datetime": "2024-04-03 16:09:53", "elapsed": 473.869051, "delta": 31.857428}}
{"target": 18.79731107586685, "params": {"frequency_log": 2.454910416258749, "gradient": 0.06127923627297655, "magnitude": 0.00047073294869710077, "magnitude_min": -8.763169740648924e-05}, "datetime": {"datetime": "2024-04-03 16:10:09", "elapsed": 489.463719, "delta": 15.594668}}
{"target": 23.119836106860678, "params": {"frequency_log": 4.454125847035011, "gradient": 0.049058013623085636, "magnitude": 1.0523252249267512e-05, "magnitude_min": -0.0005873079039841687}, "datetime": {"datetime": "2024-04-03 16:10:16", "elapsed": 497.113143, "delta": 7.649424}}
{"target": 24.917553244138166, "params": {"frequency_log": 4.958029068313245, "gradient": 0.21249829196948436, "magnitude": 0.00040775914959107, "magnitude_min": -0.00017771290405760917}, "datetime": {"datetime": "2024-04-03 16:10:29", "elapsed": 509.280557, "delta": 12.167414}}
{"target": 22.582570339652428, "params": {"frequency_log": 4.696997099994606, "gradient": 0.13566583464224952, "magnitude": 0.0002794504052885328, "magnitude_min": -0.00048193025352913734}, "datetime": {"datetime": "2024-04-03 16:10:47", "elapsed": 527.451949, "delta": 18.171392}}
{"target": 20.839231113318633, "params": {"frequency_log": 4.105103243524165, "gradient": 0.11527074924764852, "magnitude": 0.00018785574549121329, "magnitude_min": -0.0003575716349042419}, "datetime": {"datetime": "2024-04-03 16:11:01", "elapsed": 541.483433, "delta": 14.031484}}
{"target": 20.979259964945793, "params": {"frequency_log": 4.982714852727483, "gradient": 0.07675249314516955, "magnitude": 0.00043304018222239406, "magnitude_min": -0.00044111360242713826}, "datetime": {"datetime": "2024-04-03 16:11:22", "elapsed": 562.820037, "delta": 21.336604}}
{"target": 22.836785783543593, "params": {"frequency_log": 4.553059733854639, "gradient": 0.2348868498175421, "magnitude": 0.000631533240194636, "magnitude_min": -0.000634627113883888}, "datetime": {"datetime": "2024-04-03 16:11:51", "elapsed": 591.725384, "delta": 28.905347}}
{"target": 26.905645241290273, "params": {"frequency_log": 3.1838706097188503, "gradient": 0.19459094351814418, "magnitude": 0.00010979080027701247, "magnitude_min": -0.0004078605511724741}, "datetime": {"datetime": "2024-04-03 16:12:08", "elapsed": 608.963745, "delta": 17.238361}}
{"target": 19.22332876383837, "params": {"frequency_log": 3.6177935797067824, "gradient": 0.11762182176699562, "magnitude": 0.0006560735256184651, "magnitude_min": -0.00040484325087090884}, "datetime": {"datetime": "2024-04-03 16:12:34", "elapsed": 634.400683, "delta": 25.436938}}
{"target": 18.494874818257603, "params": {"frequency_log": 3.4654970865550454, "gradient": 0.01925845221696244, "magnitude": 0.00023074571371637918, "magnitude_min": -0.0002518734231546636}, "datetime": {"datetime": "2024-04-03 16:12:47", "elapsed": 647.802624, "delta": 13.401941}}
{"target": 18.84712647186162, "params": {"frequency_log": 3.216608415630254, "gradient": 0.004190771790093706, "magnitude": 0.00028570543873284555, "magnitude_min": -0.00014849067673724072}, "datetime": {"datetime": "2024-04-03 16:13:01", "elapsed": 661.896734, "delta": 14.09411}}
{"target": 18.942282549777072, "params": {"frequency_log": 3.9651899550691025, "gradient": 0.06532520944345611, "magnitude": 0.0004918586071098892, "magnitude_min": -6.510162340920308e-05}, "datetime": {"datetime": "2024-04-03 16:13:12", "elapsed": 672.656076, "delta": 10.759342}}
{"target": 19.512150112789513, "params": {"frequency_log": 2.9041254129701617, "gradient": 0.18968481758547373, "magnitude": 0.0006250184160949681, "magnitude_min": -0.0003471162387347098}, "datetime": {"datetime": "2024-04-03 16:13:39", "elapsed": 699.947799, "delta": 27.291723}}
{"target": 20.240632403204668, "params": {"frequency_log": 4.220535019081495, "gradient": 0.2951663831946482, "magnitude": 0.0001122811780204308, "magnitude_min": -0.00018121434517014753}, "datetime": {"datetime": "2024-04-03 16:13:48", "elapsed": 708.385984, "delta": 8.438185}}
{"target": 22.066499125095948, "params": {"frequency_log": 3.0789933971189583, "gradient": 0.152082870814431, "magnitude": 0.0005073853845979102, "magnitude_min": -0.00033534851154514296}, "datetime": {"datetime": "2024-04-03 16:14:15", "elapsed": 735.908501, "delta": 27.522517}}
{"target": 22.17182844650443, "params": {"frequency_log": 3.4569552082533623, "gradient": 0.20651121422990357, "magnitude": 0.000453339168347752, "magnitude_min": -0.00013927611038405013}, "datetime": {"datetime": "2024-04-03 16:14:33", "elapsed": 753.591694, "delta": 17.683193}}
{"target": 23.99960755001458, "params": {"frequency_log": 4.7921065430613705, "gradient": 0.27374712328247786, "magnitude": 0.0005284599143645048, "magnitude_min": -0.00021745583603125217}, "datetime": {"datetime": "2024-04-03 16:14:50", "elapsed": 770.51233, "delta": 16.920636}}
{"target": 20.192454979789233, "params": {"frequency_log": 3.180053941821796, "gradient": 0.2833395499272721, "magnitude": 0.0005354575773167248, "magnitude_min": -0.00014963614323332567}, "datetime": {"datetime": "2024-04-03 16:15:13", "elapsed": 793.31831, "delta": 22.80598}}
{"target": 25.530824962294584, "params": {"frequency_log": 3.0504572777082704, "gradient": 0.2828755527480434, "magnitude": 0.00026554308460338493, "magnitude_min": -0.0004974275079722076}, "datetime": {"datetime": "2024-04-03 16:15:54", "elapsed": 835.094329, "delta": 41.776019}}
{"target": 18.533048315268147, "params": {"frequency_log": 3.295549050388917, "gradient": 0.20365155869059928, "magnitude": 0.0006521658436808223, "magnitude_min": -0.00022707770866995877}, "datetime": {"datetime": "2024-04-03 16:16:14", "elapsed": 855.215724, "delta": 20.121395}}
{"target": 21.33548254524846, "params": {"frequency_log": 3.9348519458239095, "gradient": 0.037566230683765085, "magnitude": 0.0004756071312174332, "magnitude_min": -0.0005202095494640082}, "datetime": {"datetime": "2024-04-03 16:16:44", "elapsed": 884.830269, "delta": 29.614545}}
{"target": 21.205944758974997, "params": {"frequency_log": 3.2642357779189073, "gradient": 0.1254165584940634, "magnitude": 0.0005774527958424401, "magnitude_min": -0.0004494310478742687}, "datetime": {"datetime": "2024-04-03 16:17:18", "elapsed": 918.393225, "delta": 33.562956}}
{"target": 25.223694893950828, "params": {"frequency_log": 4.884400797698916, "gradient": 0.20459193457064911, "magnitude": 0.0004163531821109658, "magnitude_min": -0.0002141852195808434}, "datetime": {"datetime": "2024-04-03 16:17:32", "elapsed": 933.037843, "delta": 14.644618}}
{"target": 27.267755607977975, "params": {"frequency_log": 4.97095036909531, "gradient": 0.19321192799824025, "magnitude": 6.14671301228797e-05, "magnitude_min": -0.0006505668367532612}, "datetime": {"datetime": "2024-04-03 16:17:42", "elapsed": 943.011386, "delta": 9.973543}}
{"target": 22.885114671550127, "params": {"frequency_log": 3.2858425308321006, "gradient": 0.05262925289416946, "magnitude": 0.0002918517352815826, "magnitude_min": -0.00010406106846882286}, "datetime": {"datetime": "2024-04-03 16:17:57", "elapsed": 958.199478, "delta": 15.188092}}
{"target": 22.62910551197468, "params": {"frequency_log": 4.067294206258313, "gradient": 0.03535407250616363, "magnitude": 0.00038046201162399195, "magnitude_min": -0.0002103799785034598}, "datetime": {"datetime": "2024-04-03 16:18:15", "elapsed": 975.558282, "delta": 17.358804}}
{"target": 25.900657336399057, "params": {"frequency_log": 3.1404885397708435, "gradient": 0.2545187497000013, "magnitude": 0.00028765658028684945, "magnitude_min": -0.0004390134186962127}, "datetime": {"datetime": "2024-04-03 16:18:48", "elapsed": 1008.57081, "delta": 33.012528}}
{"target": 23.868856895948777, "params": {"frequency_log": 4.338369153581661, "gradient": 0.27091346405082034, "magnitude": 0.00035868777021173673, "magnitude_min": -0.0004933368850581806}, "datetime": {"datetime": "2024-04-03 16:19:17", "elapsed": 1037.558549, "delta": 28.987739}}
{"target": 24.04683027975246, "params": {"frequency_log": 3.9905688663437937, "gradient": 0.13734989102301282, "magnitude": 0.0002719226934534824, "magnitude_min": -0.000643242340820873}, "datetime": {"datetime": "2024-04-03 16:19:42", "elapsed": 1062.398473, "delta": 24.839924}}
{"target": 22.986943101132997, "params": {"frequency_log": 4.766345252828749, "gradient": 0.09166229546573725, "magnitude": 0.00037838544284336025, "magnitude_min": -0.0006188176835857734}, "datetime": {"datetime": "2024-04-03 16:20:05", "elapsed": 1085.329593, "delta": 22.93112}}
{"target": 21.354290975097168, "params": {"frequency_log": 2.859696038368549, "gradient": 0.031160133320007798, "magnitude": 0.0005974964847842251, "magnitude_min": -0.0006011932171494863}, "datetime": {"datetime": "2024-04-03 16:20:37", "elapsed": 1118.214341, "delta": 32.884748}}
{"target": 25.715892845314276, "params": {"frequency_log": 4.1594092276014365, "gradient": 0.08611122805962657, "magnitude": 0.00017219676203799025, "magnitude_min": -0.000576999656719257}, "datetime": {"datetime": "2024-04-03 16:20:56", "elapsed": 1136.798244, "delta": 18.583903}}
{"target": 27.99950338692585, "params": {"frequency_log": 4.817567674710645, "gradient": 0.29156747985379966, "magnitude": 0.00017372552739094188, "magnitude_min": -0.000603079574974452}, "datetime": {"datetime": "2024-04-03 16:21:11", "elapsed": 1151.92865, "delta": 15.130406}}
{"target": 25.662654306512763, "params": {"frequency_log": 3.6818667244783434, "gradient": 0.24475907286626267, "magnitude": 0.0004950552327173583, "magnitude_min": -0.0005881465271249985}, "datetime": {"datetime": "2024-04-03 16:21:42", "elapsed": 1182.647925, "delta": 30.719275}}
{"target": 23.429264074074112, "params": {"frequency_log": 3.429935389821386, "gradient": 0.24463528985907557, "magnitude": 0.00044091702064635055, "magnitude_min": -6.200408483446644e-05}, "datetime": {"datetime": "2024-04-03 16:21:57", "elapsed": 1197.418141, "delta": 14.770216}}
{"target": 21.98457782420734, "params": {"frequency_log": 4.1604562432466246, "gradient": 0.17181928481068792, "magnitude": 0.00046120513718284176, "magnitude_min": -6.053389938428773e-06}, "datetime": {"datetime": "2024-04-03 16:22:08", "elapsed": 1209.034333, "delta": 11.616192}}
{"target": 25.77797987732184, "params": {"frequency_log": 2.477056887429504, "gradient": 0.14353093520673194, "magnitude": 0.00035468398547074765, "magnitude_min": -0.0006152031222193818}, "datetime": {"datetime": "2024-04-03 16:23:19", "elapsed": 1279.670856, "delta": 70.636523}}
{"target": 17.92435816048221, "params": {"frequency_log": 4.930106753352381, "gradient": 0.1616652533607587, "magnitude": 0.0006890974470793235, "magnitude_min": -0.00014567698158727725}, "datetime": {"datetime": "2024-04-03 16:23:41", "elapsed": 1301.936866, "delta": 22.26601}}
{"target": 22.771989308031056, "params": {"frequency_log": 3.6765956031240683, "gradient": 0.05994080157407204, "magnitude": 0.0005622844266704354, "magnitude_min": -0.0006430654407972461}, "datetime": {"datetime": "2024-04-03 16:24:45", "elapsed": 1365.530322, "delta": 63.593456}}
{"target": 17.18037865692866, "params": {"frequency_log": 4.392574495343878, "gradient": 0.054954694410861815, "magnitude": 0.0001518311940159751, "magnitude_min": -3.7607715723603696e-05}, "datetime": {"datetime": "2024-04-03 16:24:56", "elapsed": 1376.938593, "delta": 11.408271}}
{"target": 25.35629948938181, "params": {"frequency_log": 2.5452546284049795, "gradient": 0.26822795505289865, "magnitude": 0.0003531800080032715, "magnitude_min": -9.62396321730534e-06}, "datetime": {"datetime": "2024-04-03 16:26:01", "elapsed": 1442.193119, "delta": 65.254526}}
{"target": 23.0567520623221, "params": {"frequency_log": 4.0374812452329785, "gradient": 0.24868232788257724, "magnitude": 0.0002294157336463466, "magnitude_min": -0.00043422885458395703}, "datetime": {"datetime": "2024-04-03 16:26:41", "elapsed": 1481.637925, "delta": 39.444806}}
{"target": 22.37840766249945, "params": {"frequency_log": 4.397945976179701, "gradient": 0.08160673947822752, "magnitude": 0.0004890474959507873, "magnitude_min": -0.0003892677154915618}, "datetime": {"datetime": "2024-04-03 16:27:28", "elapsed": 1528.819308, "delta": 47.181383}}
{"target": 22.557099261441927, "params": {"frequency_log": 3.210166745655683, "gradient": 0.2961420954807889, "magnitude": 0.0004769045876653873, "magnitude_min": -6.408760184754727e-05}, "datetime": {"datetime": "2024-04-03 16:28:05", "elapsed": 1565.3941, "delta": 36.574792}}
{"target": 22.15850867186028, "params": {"frequency_log": 3.9301735668482958, "gradient": 0.18327795914967826, "magnitude": 0.0006050136173642911, "magnitude_min": -0.0005550158545571662}, "datetime": {"datetime": "2024-04-03 16:29:13", "elapsed": 1633.673601, "delta": 68.279501}}
{"target": 17.596755364982275, "params": {"frequency_log": 3.6197835362209743, "gradient": 0.09637850457943313, "magnitude": 0.0005860374720191699, "magnitude_min": -7.285776225386697e-06}, "datetime": {"datetime": "2024-04-03 16:29:32", "elapsed": 1653.06519, "delta": 19.391589}}
{"target": 19.372466027098913, "params": {"frequency_log": 4.399052529552244, "gradient": 0.1150869964068719, "magnitude": 0.0005485219300945005, "magnitude_min": -0.00020010821347383036}, "datetime": {"datetime": "2024-04-03 16:30:08", "elapsed": 1688.606859, "delta": 35.541669}}
{"target": 24.197097650128637, "params": {"frequency_log": 4.997080915985382, "gradient": 0.17544021133535734, "magnitude": 0.00033262202859339634, "magnitude_min": -8.014355345331103e-05}, "datetime": {"datetime": "2024-04-03 16:30:26", "elapsed": 1706.335848, "delta": 17.728989}}
{"target": 24.78931000796107, "params": {"frequency_log": 4.979042731251649, "gradient": 0.07993911019667777, "magnitude": 3.0854670349780486e-05, "magnitude_min": -0.00031731571388863926}, "datetime": {"datetime": "2024-04-03 16:30:38", "elapsed": 1718.824926, "delta": 12.489078}}
{"target": 18.14166353230247, "params": {"frequency_log": 3.709739039407675, "gradient": 0.010449208902207806, "magnitude": 0.0005869607188019474, "magnitude_min": -0.00032176175524625486}, "datetime": {"datetime": "2024-04-03 16:31:30", "elapsed": 1770.330831, "delta": 51.505905}}
{"target": 23.50019502659118, "params": {"frequency_log": 2.384129594775237, "gradient": 0.04551363130981303, "magnitude": 0.0004503537989815029, "magnitude_min": -0.000566601738901006}, "datetime": {"datetime": "2024-04-03 16:32:45", "elapsed": 1845.755075, "delta": 75.424244}}
{"target": 20.018031883148026, "params": {"frequency_log": 4.860053733248497, "gradient": 0.22985558204831458, "magnitude": 0.0006998031069634358, "magnitude_min": -0.0004645402036032489}, "datetime": {"datetime": "2024-04-03 16:33:44", "elapsed": 1904.897835, "delta": 59.14276}}
{"target": 23.981549454940794, "params": {"frequency_log": 2.1380213531651484, "gradient": 0.07285925057929554, "magnitude": 0.00024155908685110023, "magnitude_min": -0.0006395698921378083}, "datetime": {"datetime": "2024-04-03 16:34:50", "elapsed": 1970.817542, "delta": 65.919707}}
{"target": 18.441611468925036, "params": {"frequency_log": 2.604715218077236, "gradient": 0.06616404562968689, "magnitude": 0.0005700936675475902, "magnitude_min": -0.00017997724701493032}, "datetime": {"datetime": "2024-04-03 16:35:37", "elapsed": 2017.351097, "delta": 46.533555}}
