{"target": 22.973260760657464, "params": {"frequency_log": 2.0, "gradient": 0.1, "magnitude": 0.0002, "magnitude_min": -0.00035}, "datetime": {"datetime": "2024-04-03 15:57:10", "elapsed": 0.0, "delta": 0.0}}
{"target": 39.02829077164458, "params": {"frequency_log": 3.251066014107722, "gradient": 0.21609734803264743, "magnitude": 8.006237214142064e-08, "magnitude_min": -0.0004883671991577122}, "datetime": {"datetime": "2024-04-03 15:57:23", "elapsed": 12.791266, "delta": 12.791266}}
{"target": 30.343393090344758, "params": {"frequency_log": 2.440267672451339, "gradient": 0.027701578430639338, "magnitude": 0.00013038214796436964, "magnitude_min": -0.00045810749106986654}, "datetime": {"datetime": "2024-04-03 15:57:44", "elapsed": 33.783085, "delta": 20.991819}}
{"target": 30.283683236676712, "params": {"frequency_log": 3.19030242269201, "gradient": 0.16164502020100707, "magnitude": 0.00029343616008230635, "magnitude_min": -0.00022034634972226835}, "datetime": {"datetime": "2024-04-03 15:58:01", "elapsed": 51.055461, "delta": 17.272376}}
{"target": 24.448985937168676, "params": {"frequency_log": 2.613356749194552, "gradient": 0.2634352309172836, "magnitude": 1.9171315238548315e-05, "magnitude_min": -0.00023067274287511842}, "datetime": {"datetime": "2024-04-03 15:58:43", "elapsed": 93.129194, "delta": 42.073733}}
{"target": 34.16328216620217, "params": {"frequency_log": 3.251914407101381, "gradient": 0.16760694853372549, "magnitude": 9.827085701666364e-05, "magnitude_min": -0.0005613289576405848}, "datetime": {"datetime": "2024-04-03 15:58:59", "elapsed": 109.258589, "delta": 16.129395}}
{"target": 37.130165065472546, "params": {"frequency_log": 3.303043549788404, "gradient": 0.2556004108801825, "magnitude": 0.0, "magnitude_min": -0.0007}, "datetime": {"datetime": "2024-04-03 16:01:50", "elapsed": 0.0, "delta": 0.0}}
{"target": 34.10996961736974, "params": {"frequency_log": 3.299467798747579, "gradient": 0.25782169426445567, "magnitude": 0.00020162998874384287, "magnitude_min": -7.955881034321709e-05}, "datetime": {"datetime": "2024-04-03 16:02:03", "elapsed": 13.108499, "delta": 13.108499}}
{"target": 30.052699489203988, "params": {"frequency_log": 3.2440555773430764, "gradient": 0.22249300954734055, "magnitude": 0.00014376573134795544, "magnitude_min": -0.0004304595815035958}, "datetime": {"datetime": "2024-04-03 16:02:23", "elapsed": 33.501468, "delta": 20.392969}}
{"target": 37.04248789763478, "params": {"frequency_log": 3.255950859999781, "gradient": 0.21343886657891956, "magnitude": 1.751204505109577e-05, "magnitude_min": -0.0006972456969831658}, "datetime": {"datetime": "2024-04-03 16:02:38", "elapsed": 48.190683, "delta": 14.689215}}
{"target": 20.57467048805888, "params": {"frequency_log": 3.309209303696043, "gradient": 0.24857202965519665, "magnitude": 0.0006903688434197218, "magnitude_min": -0.000494923672545633}, "datetime": {"datetime": "2024-04-03 16:03:14", "elapsed": 83.588762, "delta": 35.398079}}
{"target": 24.320041996734354, "params": {"frequency_log": 4.98590062390559, "gradient": 0.09755175176481339, "magnitude": 0.0005718061880925927, "magnitude_min": -0.0006687562299452875}, "datetime": {"datetime": "2024-04-03 16:03:47", "elapsed": 117.440081, "delta": 33.851319}}
{"target": 25.49002942196161, "params": {"frequency_log": 3.2530164372894363, "gradient": 0.21865962702024921, "magnitude": 0.00035544716976779227, "magnitude_min": -0.0005044331474430958}, "datetime": {"datetime": "2024-04-03 16:04:22", "elapsed": 151.584868, "delta": 34.144787}}
{"target": 32.2292483343463, "params": {"frequency_log": 2.974627284197036, "gradient": 0.1907344248557382, "magnitude": 0.00028035357655264244, "magnitude_min": -0.0001739116400597769}, "datetime": {"datetime": "2024-04-03 16:04:45", "elapsed": 174.557599, "delta": 22.972731}}
{"target": 25.513426713649952, "params": {"frequency_log": 2.917733662011333, "gradient": 0.20299599120390802, "magnitude": 0.0003859672097924863, "magnitude_min": -0.0004788996325020018}, "datetime": {"datetime": "2024-04-03 16:05:22", "elapsed": 211.900451, "delta": 37.342852}}
{"target": 33.27236934508472, "params": {"frequency_log": 3.191553592461858, "gradient": 0.05825336892575787, "magnitude": 3.699918387580985e-05, "magnitude_min": -0.00045853357817194197}, "datetime": {"datetime": "2024-04-03 16:05:37", "elapsed": 227.236744, "delta": 15.336293}}
{"target": 25.71670884731948, "params": {"frequency_log": 2.028390956475857, "gradient": 0.16506127003732135, "magnitude": 0.00011339179341470655, "magnitude_min": -0.00036554056057928815}, "datetime": {"datetime": "2024-04-03 16:06:16", "elapsed": 265.97237, "delta": 38.735626}}
{"target": 31.863052072439867, "params": {"frequency_log": 2.9970579957890715, "gradient": 0.1454377519540884, "magnitude": 0.0002917784160818304, "magnitude_min": -0.000125418804589282}, "datetime": {"datetime": "2024-04-03 16:06:32", "elapsed": 281.668982, "delta": 15.696612}}
{"target": 27.38752450954473, "params": {"frequency_log": 2.702171222603207, "gradient": 0.13410055670361823, "magnitude": 0.0003850767991317916, "magnitude_min": -3.5572118801792505e-05}, "datetime": {"datetime": "2024-04-03 16:06:46", "elapsed": 296.219632, "delta": 14.55065}}
{"target": 27.151345743287916, "params": {"frequency_log": 2.3536131895492165, "gradient": 0.1651593287330035, "magnitude": 0.00034402559832147746, "magnitude_min": -0.0005978276074198323}, "datetime": {"datetime": "2024-04-03 16:07:23", "elapsed": 333.539912, "delta": 37.32028}}
{"target": 22.199910607376275, "params": {"frequency_log": 2.7881606260490273, "gradient": 0.006550156593460077, "magnitude": 0.0001172288620378674, "magnitude_min": -0.000250860420704965}, "datetime": {"datetime": "2024-04-03 16:07:40", "elapsed": 349.838996, "delta": 16.299084}}
{"target": 27.79525334708636, "params": {"frequency_log": 2.588243899289827, "gradient": 0.12011073395740138, "magnitude": 0.0003607298984496744, "magnitude_min": -0.0006509397023508343}, "datetime": {"datetime": "2024-04-03 16:08:18", "elapsed": 388.076451, "delta": 38.237455}}
{"target": 19.255829696470222, "params": {"frequency_log": 2.542365559033146, "gradient": 0.08153138834837391, "magnitude": 0.0005624784323563651, "magnitude_min": -0.0002463730194846338}, "datetime": {"datetime": "2024-04-03 16:08:45", "elapsed": 415.232772, "delta": 27.156321}}
{"target": 19.136477631469226, "params": {"frequency_log": 2.4011389332363335, "gradient": 0.15235458257963105, "magnitude": 0.000622372325474782, "magnitude_min": -0.0003029851349081176}, "datetime": {"datetime": "2024-04-03 16:09:17", "elapsed": 446.698584, "delta": 31.465812}}
{"target": 19.564658037050783, "params": {"frequency_log": 2.454910416258749, "gradient": 0.06127923627297655, "magnitude": 0.00047073294869710077, "magnitude_min": -8.763169740648924e-05}, "datetime": {"datetime": "2024-04-03 16:09:36", "elapsed": 466.099821, "delta": 19.401237}}
{"target": 38.63736679683055, "params": {"frequency_log": 4.454125847035011, "gradient": 0.049058013623085636, "magnitude": 1.0523252249267512e-05, "magnitude_min": -0.0005873079039841687}, "datetime": {"datetime": "2024-04-03 16:09:45", "elapsed": 475.382587, "delta": 9.282766}}
{"target": 32.38404446292504, "params": {"frequency_log": 4.958029068313245, "gradient": 0.21249829196948436, "magnitude": 0.00040775914959107, "magnitude_min": -0.00017771290405760917}, "datetime": {"datetime": "2024-04-03 16:09:59", "elapsed": 489.27072, "delta": 13.888133}}
{"target": 30.31907051272833, "params": {"frequency_log": 4.696997099994606, "gradient": 0.13566583464224952, "magnitude": 0.0002794504052885328, "magnitude_min": -0.00048193025352913734}, "datetime": {"datetime": "2024-04-03 16:10:17", "elapsed": 507.286242, "delta": 18.015522}}
{"target": 27.834097521682345, "params": {"frequency_log": 4.105103243524165, "gradient": 0.11527074924764852, "magnitude": 0.00018785574549121329, "magnitude_min": -0.0003575716349042419}, "datetime": {"datetime": "2024-04-03 16:10:31", "elapsed": 521.109031, "delta": 13.822789}}
{"target": 22.595382096792523, "params": {"frequency_log": 4.982714852727483, "gradient": 0.07675249314516955, "magnitude": 0.00043304018222239406, "magnitude_min": -0.00044111360242713826}, "datetime": {"datetime": "2024-04-03 16:10:53", "elapsed": 542.654054, "delta": 21.545023}}
{"target": 23.788348336333033, "params": {"frequency_log": 4.553059733854639, "gradient": 0.2348868498175421, "magnitude": 0.000631533240194636, "magnitude_min": -0.000634627113883888}, "datetime": {"datetime": "2024-04-03 16:11:21", "elapsed": 570.77199, "delta": 28.117936}}
{"target": 29.452370454327795, "params": {"frequency_log": 3.1838706097188503, "gradient": 0.19459094351814418, "magnitude": 0.00010979080027701247, "magnitude_min": -0.0004078605511724741}, "datetime": {"datetime": "2024-04-03 16:11:38", "elapsed": 588.052968, "delta": 17.280978}}
{"target": 20.389647620942323, "params": {"frequency_log": 3.6177935797067824, "gradient": 0.11762182176699562, "magnitude": 0.0006560735256184651, "magnitude_min": -0.00040484325087090884}, "datetime": {"datetime": "2024-04-03 16:12:03", "elapsed": 613.045133, "delta": 24.992165}}
{"target": 23.047809301069787, "params": {"frequency_log": 3.4654970865550454, "gradient": 0.01925845221696244, "magnitude": 0.00023074571371637918, "magnitude_min": -0.0002518734231546636}, "datetime": {"datetime": "2024-04-03 16:12:16", "elapsed": 626.173758, "delta": 13.128625}}
{"target": 23.59485021747331, "params": {"frequency_log": 3.216608415630254, "gradient": 0.004190771790093706, "magnitude": 0.00028570543873284555, "magnitude_min": -0.00014849067673724072}, "datetime": {"datetime": "2024-04-03 16:12:30", "elapsed": 640.374685, "delta": 14.200927}}
{"target": 23.29507752426716, "params": {"frequency_log": 3.9651899550691025, "gradient": 0.06532520944345611, "magnitude": 0.0004918586071098892, "magnitude_min": -6.510162340920308e-05}, "datetime": {"datetime": "2024-04-03 16:12:41", "elapsed": 651.259854, "delta": 10.885169}}
{"target": 35.510908486298604, "params": {"frequency_log": 4.453580820801958, "gradient": 0.05065154062101161, "magnitude": 4.260483028028773e-05, "magnitude_min": -0.0004066361336381207}, "datetime": {"datetime": "2024-04-03 16:12:50", "elapsed": 660.449195, "delta": 9.189341}}
{"target": 21.125825887011853, "params": {"frequency_log": 4.220535019081495, "gradient": 0.2951663831946482, "magnitude": 0.0001122811780204308, "magnitude_min": -0.00018121434517014753}, "datetime": {"datetime": "2024-04-03 16:12:59", "elapsed": 668.982663, "delta": 8.533468}}
{"target": 25.60994705507499, "params": {"frequency_log": 3.2487808402250544, "gradient": 0.21764901448085452, "magnitude": 0.00043269814914703584, "magnitude_min": -3.0886548470155945e-05}, "datetime": {"datetime": "2024-04-03 16:13:11", "elapsed": 681.520218, "delta": 12.537555}}
{"target": 27.01292892653661, "params": {"frequency_log": 3.4569552082533623, "gradient": 0.20651121422990357, "magnitude": 0.000453339168347752, "magnitude_min": -0.00013927611038405013}, "datetime": {"datetime": "2024-04-03 16:13:29", "elapsed": 699.502214, "delta": 17.981996}}
{"target": 31.23587926404451, "params": {"frequency_log": 4.7921065430613705, "gradient": 0.27374712328247786, "magnitude": 0.0005284599143645048, "magnitude_min": -0.00021745583603125217}, "datetime": {"datetime": "2024-04-03 16:13:45", "elapsed": 715.028835, "delta": 15.526621}}
{"target": 32.61266479689461, "params": {"frequency_log": 4.959563292884163, "gradient": 0.2145511616116476, "magnitude": 0.00036417561435692417, "magnitude_min": -0.00017036696986650772}, "datetime": {"datetime": "2024-04-03 16:13:57", "elapsed": 727.087083, "delta": 12.058248}}
{"target": 30.520325332517963, "params": {"frequency_log": 3.2568849255291075, "gradient": 0.2141942154381482, "magnitude": 0.00019573924265931916, "magnitude_min": -0.0005049513556790145}, "datetime": {"datetime": "2024-04-03 16:14:20", "elapsed": 750.525622, "delta": 23.438539}}
{"target": 18.84020373866393, "params": {"frequency_log": 3.295549050388917, "gradient": 0.20365155869059928, "magnitude": 0.0006521658436808223, "magnitude_min": -0.00022707770866995877}, "datetime": {"datetime": "2024-04-03 16:14:41", "elapsed": 770.707103, "delta": 20.181481}}
{"target": 23.0031269660286, "params": {"frequency_log": 3.9348519458239095, "gradient": 0.037566230683765085, "magnitude": 0.0004756071312174332, "magnitude_min": -0.0005202095494640082}, "datetime": {"datetime": "2024-04-03 16:15:10", "elapsed": 799.758931, "delta": 29.051828}}
{"target": 21.768397806821035, "params": {"frequency_log": 4.96043842179464, "gradient": 0.21266925783182644, "magnitude": 0.0005703764750960822, "magnitude_min": -6.049769718695635e-05}, "datetime": {"datetime": "2024-04-03 16:15:20", "elapsed": 809.956575, "delta": 10.197644}}
{"target": 34.6266427171967, "params": {"frequency_log": 4.884400797698916, "gradient": 0.20459193457064911, "magnitude": 0.0004163531821109658, "magnitude_min": -0.0002141852195808434}, "datetime": {"datetime": "2024-04-03 16:15:38", "elapsed": 827.583239, "delta": 17.626664}}
{"target": 30.026007142175, "params": {"frequency_log": 4.4547545885974955, "gradient": 0.04855363376346944, "magnitude": 0.00022020156007992442, "magnitude_min": -0.00018239691797562274}, "datetime": {"datetime": "2024-04-03 16:15:45", "elapsed": 835.223159, "delta": 7.63992}}
{"target": 27.311328901630528, "params": {"frequency_log": 3.191857416330183, "gradient": 0.056861184396434956, "magnitude": 0.0003000133786193876, "magnitude_min": -3.880813649824271e-05}, "datetime": {"datetime": "2024-04-03 16:15:58", "elapsed": 847.5633, "delta": 12.340141}}
{"target": 32.12121488396477, "params": {"frequency_log": 4.884567978439051, "gradient": 0.20399662160132326, "magnitude": 0.0004486276271667589, "magnitude_min": -0.0002793569103878491}, "datetime": {"datetime": "2024-04-03 16:16:16", "elapsed": 865.896877, "delta": 18.333577}}
{"target": 24.568498454720118, "params": {"frequency_log": 3.1404885397708435, "gradient": 0.2545187497000013, "magnitude": 0.00028765658028684945, "magnitude_min": -0.0004390134186962127}, "datetime": {"datetime": "2024-04-03 16:16:46", "elapsed": 896.47315, "delta": 30.576273}}
{"target": 24.120130611252964, "params": {"frequency_log": 4.338369153581661, "gradient": 0.27091346405082034, "magnitude": 0.00035868777021173673, "magnitude_min": -0.0004933368850581806}, "datetime": {"datetime": "2024-04-03 16:17:14", "elapsed": 923.951964, "delta": 27.478814}}
{"target": 26.556536981445817, "params": {"frequency_log": 4.885993769182129, "gradient": 0.2061904813009197, "magnitude": 0.0003427421163267195, "magnitude_min": -0.0003069174926142694}, "datetime": {"datetime": "2024-04-03 16:17:29", "elapsed": 938.975583, "delta": 15.023619}}
{"target": 28.303211786915654, "params": {"frequency_log": 4.766345252828749, "gradient": 0.09166229546573725, "magnitude": 0.00037838544284336025, "magnitude_min": -0.0006188176835857734}, "datetime": {"datetime": "2024-04-03 16:17:55", "elapsed": 965.013955, "delta": 26.038372}}
{"target": 21.36377000737951, "params": {"frequency_log": 2.859696038368549, "gradient": 0.031160133320007798, "magnitude": 0.0005974964847842251, "magnitude_min": -0.0006011932171494863}, "datetime": {"datetime": "2024-04-03 16:18:29", "elapsed": 999.199159, "delta": 34.185204}}
{"target": 35.16268240175492, "params": {"frequency_log": 4.1594092276014365, "gradient": 0.08611122805962657, "magnitude": 0.00017219676203799025, "magnitude_min": -0.000576999656719257}, "datetime": {"datetime": "2024-04-03 16:18:48", "elapsed": 1018.37263, "delta": 19.173471}}
{"target": 33.46814301744195, "params": {"frequency_log": 4.817567674710645, "gradient": 0.29156747985379966, "magnitude": 0.00017372552739094188, "magnitude_min": -0.000603079574974452}, "datetime": {"datetime": "2024-04-03 16:19:08", "elapsed": 1037.663761, "delta": 19.291131}}
{"target": 25.341063103386272, "params": {"frequency_log": 3.6818667244783434, "gradient": 0.24475907286626267, "magnitude": 0.0004950552327173583, "magnitude_min": -0.0005881465271249985}, "datetime": {"datetime": "2024-04-03 16:19:44", "elapsed": 1073.94765, "delta": 36.283889}}
{"target": 22.200521255702892, "params": {"frequency_log": 3.255108434293323, "gradient": 0.21188726595061275, "magnitude": 0.00022238217686672125, "magnitude_min": -0.00040699755095663696}, "datetime": {"datetime": "2024-04-03 16:20:06", "elapsed": 1095.553123, "delta": 21.605473}}
{"target": 23.900759675452147, "params": {"frequency_log": 4.818459676615941, "gradient": 0.2922584953609728, "magnitude": 0.0006437644241875782, "magnitude_min": -0.0004793356264127214}, "datetime": {"datetime": "2024-04-03 16:20:32", "elapsed": 1121.719169, "delta": 26.166046}}
{"target": 31.61330315590646, "params": {"frequency_log": 4.793395455189511, "gradient": 0.27284529132800567, "magnitude": 0.00024201490288028017, "magnitude_min": -0.0001624503458726559}, "datetime": {"datetime": "2024-04-03 16:20:42", "elapsed": 1132.0278, "delta": 10.308631}}
{"target": 25.759682982778543, "params": {"frequency_log": 3.2566516024020973, "gradient": 0.21322860987812495, "magnitude": 0.00023078249632969703, "magnitude_min": -0.0004570775294570642}, "datetime": {"datetime": "2024-04-03 16:21:06", "elapsed": 1156.397785, "delta": 24.369985}}
{"target": 18.512210242786608, "params": {"frequency_log": 4.959119480121607, "gradient": 0.21443752421499582, "magnitude": 0.0006447426878946518, "magnitude_min": -1.187841362723771e-05}, "datetime": {"datetime": "2024-04-03 16:21:13", "elapsed": 1162.687333, "delta": 6.289548}}
{"target": 17.982696896568736, "params": {"frequency_log": 4.392574495343878, "gradient": 0.054954694410861815, "magnitude": 0.0001518311940159751, "magnitude_min": -3.7607715723603696e-05}, "datetime": {"datetime": "2024-04-03 16:21:17", "elapsed": 1167.192598, "delta": 4.505265}}
{"target": 27.778415869288498, "params": {"frequency_log": 2.5452546284049795, "gradient": 0.26822795505289865, "magnitude": 0.0003531800080032715, "magnitude_min": -9.62396321730534e-06}, "datetime": {"datetime": "2024-04-03 16:21:50", "elapsed": 1199.842625, "delta": 32.650027}}
{"target": 26.713972706221178, "params": {"frequency_log": 4.0374812452329785, "gradient": 0.24868232788257724, "magnitude": 0.0002294157336463466, "magnitude_min": -0.00043422885458395703}, "datetime": {"datetime": "2024-04-03 16:22:16", "elapsed": 1226.364879, "delta": 26.522254}}
{"target": 26.56909078890305, "params": {"frequency_log": 4.397945976179701, "gradient": 0.08160673947822752, "magnitude": 0.0004890474959507873, "magnitude_min": -0.0003892677154915618}, "datetime": {"datetime": "2024-04-03 16:23:07", "elapsed": 1276.674942, "delta": 50.310063}}
{"target": 25.524381629396295, "params": {"frequency_log": 3.210166745655683, "gradient": 0.2961420954807889, "magnitude": 0.0004769045876653873, "magnitude_min": -6.408760184754727e-05}, "datetime": {"datetime": "2024-04-03 16:23:44", "elapsed": 1314.004182, "delta": 37.32924}}
{"target": 22.910535320424078, "params": {"frequency_log": 3.9301735668482958, "gradient": 0.18327795914967826, "magnitude": 0.0006050136173642911, "magnitude_min": -0.0005550158545571662}, "datetime": {"datetime": "2024-04-03 16:24:44", "elapsed": 1374.50934, "delta": 60.505158}}
{"target": 17.723175360020857, "params": {"frequency_log": 3.6197835362209743, "gradient": 0.09637850457943313, "magnitude": 0.0005860374720191699, "magnitude_min": -7.285776225386697e-06}, "datetime": {"datetime": "2024-04-03 16:25:05", "elapsed": 1395.023602, "delta": 20.514262}}
{"target": 25.30481869561005, "params": {"frequency_log": 4.399052529552244, "gradient": 0.1150869964068719, "magnitude": 0.0005485219300945005, "magnitude_min": -0.00020010821347383036}, "datetime": {"datetime": "2024-04-03 16:25:35", "elapsed": 1425.225904, "delta": 30.202302}}
{"target": 25.51994203214877, "params": {"frequency_log": 4.997080915985382, "gradient": 0.17544021133535734, "magnitude": 0.00033262202859339634, "magnitude_min": -8.014355345331103e-05}, "datetime": {"datetime": "2024-04-03 16:25:51", "elapsed": 1440.564597, "delta": 15.338693}}
{"target": 26.856714611992196, "params": {"frequency_log": 4.979042731251649, "gradient": 0.07993911019667777, "magnitude": 3.0854670349780486e-05, "magnitude_min": -0.00031731571388863926}, "datetime": {"datetime": "2024-04-03 16:26:02", "elapsed": 1451.775846, "delta": 11.211249}}
{"target": 21.858654077620688, "params": {"frequency_log": 3.709739039407675, "gradient": 0.010449208902207806, "magnitude": 0.0005869607188019474, "magnitude_min": -0.00032176175524625486}, "datetime": {"datetime": "2024-04-03 16:26:47", "elapsed": 1496.844271, "delta": 45.068425}}
{"target": 24.645686550585552, "params": {"frequency_log": 2.384129594775237, "gradient": 0.04551363130981303, "magnitude": 0.0004503537989815029, "magnitude_min": -0.000566601738901006}, "datetime": {"datetime": "2024-04-03 16:27:53", "elapsed": 1562.688669, "delta": 65.844398}}
{"target": 22.847941473610113, "params": {"frequency_log": 4.860053733248497, "gradient": 0.22985558204831458, "magnitude": 0.0006998031069634358, "magnitude_min": -0.0004645402036032489}, "datetime": {"datetime": "2024-04-03 16:28:50", "elapsed": 1619.938998, "delta": 57.250329}}
{"target": 30.861840656385322, "params": {"frequency_log": 2.1380213531651484, "gradient": 0.07285925057929554, "magnitude": 0.00024155908685110023, "magnitude_min": -0.0006395698921378083}, "datetime": {"datetime": "2024-04-03 16:29:53", "elapsed": 1683.328643, "delta": 63.389645}}
{"target": 18.86124642204711, "params": {"frequency_log": 2.604715218077236, "gradient": 0.06616404562968689, "magnitude": 0.0005700936675475902, "magnitude_min": -0.00017997724701493032}, "datetime": {"datetime": "2024-04-03 16:30:36", "elapsed": 1725.982889, "delta": 42.654246}}
