{"target": 24.246203847483354, "params": {"frequency_log": 3.581898908975174, "gradient": 0.24242139101467644, "magnitude": 0.0005529997417256992, "magnitude_min": -0.00024974620621698535}, "datetime": {"datetime": "2024-04-03 16:31:24", "elapsed": 1774.297656, "delta": 48.314767}}
{"target": 23.27683263317319, "params": {"frequency_log": 4.740549547383001, "gradient": 0.21553836152737282, "magnitude": 0.00037249643823009565, "magnitude_min": -0.0003767643511173375}, "datetime": {"datetime": "2024-04-03 16:32:09", "elapsed": 1819.349851, "delta": 45.052195}}
{"target": 20.30226930145364, "params": {"frequency_log": 2.2074490856253117, "gradient": 0.29264088013699224, "magnitude": 0.0006561390539738123, "magnitude_min": -0.0005055295399165074}, "datetime": {"datetime": "2024-04-03 16:35:32", "elapsed": 2021.751174, "delta": 202.401323}}
{"target": 29.77204015779698, "params": {"frequency_log": 4.581860424865171, "gradient": 0.09359762915090143, "magnitude": 0.00047454401309920204, "magnitude_min": -7.45443692635033e-05}, "datetime": {"datetime": "2024-04-03 16:35:56", "elapsed": 2046.15285, "delta": 24.401676}}
{"target": 26.672996718410143, "params": {"frequency_log": 2.60698635135988, "gradient": 0.24048575975362368, "magnitude": 0.00030504668100469643, "magnitude_min": -0.00047903348490634546}, "datetime": {"datetime": "2024-04-03 16:37:18", "elapsed": 2128.204059, "delta": 82.051209}}
{"target": 24.153789675971396, "params": {"frequency_log": 3.812359947129118, "gradient": 0.20701885243909443, "magnitude": 0.0004565572147965852, "magnitude_min": -0.0004094341867295912}, "datetime": {"datetime": "2024-04-03 16:38:07", "elapsed": 2177.455241, "delta": 49.251182}}
{"target": 22.874134051971303, "params": {"frequency_log": 2.5637089940127713, "gradient": 0.029308454326497112, "magnitude": 0.0004042540670543229, "magnitude_min": -6.898914039661966e-05}, "datetime": {"datetime": "2024-04-03 16:38:29", "elapsed": 2199.058816, "delta": 21.603575}}
{"target": 26.30728678846367, "params": {"frequency_log": 2.826992745613704, "gradient": 0.11788067975744942, "magnitude": 0.0003977194200865323, "magnitude_min": -0.0006162547902540523}, "datetime": {"datetime": "2024-04-03 16:39:00", "elapsed": 2229.97419, "delta": 30.915374}}
{"target": 21.28167036146267, "params": {"frequency_log": 3.0063346174784504, "gradient": 0.11377620687403803, "magnitude": 0.0001426735547504587, "magnitude_min": -0.00027382889141600074}, "datetime": {"datetime": "2024-04-03 16:39:13", "elapsed": 2243.311923, "delta": 13.337733}}
{"target": 22.493156087324007, "params": {"frequency_log": 4.288223336838422, "gradient": 0.19749686343567902, "magnitude": 0.00020928674641883602, "magnitude_min": -0.000219592382143753}, "datetime": {"datetime": "2024-04-03 16:39:22", "elapsed": 2251.650675, "delta": 8.338752}}
{"target": 27.610815286052148, "params": {"frequency_log": 4.235550975613943, "gradient": 0.03540006253200271, "magnitude": 7.551922268455214e-06, "magnitude_min": -0.0002871980998352733}, "datetime": {"datetime": "2024-04-03 16:39:27", "elapsed": 2257.335555, "delta": 5.68488}}
{"target": 28.498064600381102, "params": {"frequency_log": 4.865587187788644, "gradient": 0.19001182518423418, "magnitude": 0.0003207603063281533, "magnitude_min": -0.0001292476584375629}, "datetime": {"datetime": "2024-04-03 16:39:36", "elapsed": 2265.928645, "delta": 8.59309}}
{"target": 39.72233211566333, "params": {"frequency_log": 3.1327510708024926, "gradient": 0.26963780222462186, "magnitude": 0.0002749637287338856, "magnitude_min": -0.00017532768017174236}, "datetime": {"datetime": "2024-04-03 16:39:58", "elapsed": 2288.217758, "delta": 22.289113}}
{"target": 19.28517491502611, "params": {"frequency_log": 2.715188622984004, "gradient": 0.2859566038621102, "magnitude": 0.0006791873124241147, "magnitude_min": -0.000322730466947772}, "datetime": {"datetime": "2024-04-03 16:40:33", "elapsed": 2322.856319, "delta": 34.638561}}
{"target": 25.985703185837234, "params": {"frequency_log": 3.626726752935096, "gradient": 0.18809395401921578, "magnitude": 0.0003486013803579371, "magnitude_min": -0.000572122132446294}, "datetime": {"datetime": "2024-04-03 16:41:03", "elapsed": 2353.020255, "delta": 30.163936}}
{"target": 19.991586498171962, "params": {"frequency_log": 2.330438043649851, "gradient": 0.1461489275425014, "magnitude": 0.0006352244266285594, "magnitude_min": -0.0004977040223917185}, "datetime": {"datetime": "2024-04-03 16:41:43", "elapsed": 2393.012066, "delta": 39.991811}}
{"target": 24.57825211210989, "params": {"frequency_log": 4.163235977019645, "gradient": 0.27510087857438376, "magnitude": 0.00044922399290413576, "magnitude_min": -0.0005412200124041293}, "datetime": {"datetime": "2024-04-03 16:42:16", "elapsed": 2425.910297, "delta": 32.898231}}
{"target": 26.301030368058736, "params": {"frequency_log": 4.115032086341626, "gradient": 0.1467378327773007, "magnitude": 0.00034491582574537117, "magnitude_min": -0.0005614991463337778}, "datetime": {"datetime": "2024-04-03 16:42:44", "elapsed": 2454.076667, "delta": 28.16637}}
{"target": 22.56365744385027, "params": {"frequency_log": 3.267220838632523, "gradient": 0.21603484526692698, "magnitude": 0.000587858574133294, "magnitude_min": -0.0004087702061078145}, "datetime": {"datetime": "2024-04-03 16:43:17", "elapsed": 2487.074908, "delta": 32.998241}}
{"target": 23.540623560771543, "params": {"frequency_log": 4.776760455329404, "gradient": 0.2161490925994442, "magnitude": 0.00011555529627806349, "magnitude_min": -0.0002361161060535965}, "datetime": {"datetime": "2024-04-03 16:43:25", "elapsed": 2495.072819, "delta": 7.997911}}
{"target": 22.330504472098493, "params": {"frequency_log": 3.481553219397286, "gradient": 0.15293607122544764, "magnitude": 0.00013352876156461852, "magnitude_min": -0.00023246315070158232}, "datetime": {"datetime": "2024-04-03 16:43:38", "elapsed": 2507.584511, "delta": 12.511692}}
{"target": 43.07275192222677, "params": {"frequency_log": 2.584159304784103, "gradient": 0.26248489568969496, "magnitude": 3.6873703661188696e-06, "magnitude_min": -0.0006159821530461464}, "datetime": {"datetime": "2024-04-03 16:44:07", "elapsed": 2537.263492, "delta": 29.678981}}
{"target": 29.676684629785157, "params": {"frequency_log": 3.493289215610655, "gradient": 0.07604075468662065, "magnitude": 0.0004357807854902046, "magnitude_min": -0.00012199335389905864}, "datetime": {"datetime": "2024-04-03 16:44:25", "elapsed": 2554.918544, "delta": 17.655052}}
{"target": 26.647704642644044, "params": {"frequency_log": 2.716384399722487, "gradient": 0.09184234421971685, "magnitude": 0.0003357026080165521, "magnitude_min": -0.0006099122265382658}, "datetime": {"datetime": "2024-04-03 16:44:59", "elapsed": 2588.846875, "delta": 33.928331}}
{"target": 25.460308957123402, "params": {"frequency_log": 3.064997022304915, "gradient": 0.03181893866579514, "magnitude": 0.0002500126328589435, "magnitude_min": -5.67030190827321e-05}, "datetime": {"datetime": "2024-04-03 16:45:12", "elapsed": 2601.551935, "delta": 12.70506}}
{"target": 18.313151937947204, "params": {"frequency_log": 2.7379649441787626, "gradient": 0.06081010763493283, "magnitude": 0.0005589530545369496, "magnitude_min": -0.0001003351469129189}, "datetime": {"datetime": "2024-04-03 16:45:29", "elapsed": 2619.305834, "delta": 17.753899}}
{"target": 29.7526262581209, "params": {"frequency_log": 2.4730576687849197, "gradient": 0.1380150472453444, "magnitude": 0.0003106183289056909, "magnitude_min": -0.0006609249813363808}, "datetime": {"datetime": "2024-04-03 16:46:05", "elapsed": 2655.518847, "delta": 36.213013}}
{"target": 25.62518951505032, "params": {"frequency_log": 3.9303627470559954, "gradient": 0.23971577838425084, "magnitude": 0.00020229750505151725, "magnitude_min": -0.00039615821499559324}, "datetime": {"datetime": "2024-04-03 16:46:27", "elapsed": 2676.681942, "delta": 21.163095}}
