{"target": 22.674382324101565, "params": {"frequency_log": 2.0, "magnitude": 0.0002, "magnitude_min": -0.00035}, "datetime": {"datetime": "2024-04-07 20:25:07", "elapsed": 0.0, "delta": 0.0}}
{"target": 21.147989870129084, "params": {"frequency_log": 2.7748059294717597, "magnitude": 0.0005515624459401825, "magnitude_min": -0.0004912080914718129}, "datetime": {"datetime": "2024-04-07 20:25:18", "elapsed": 10.858722, "delta": 10.858722}}
{"target": 22.508425840485007, "params": {"frequency_log": 2.405811182124444, "magnitude": 0.0003915433583000895, "magnitude_min": -0.0006110350111973147}, "datetime": {"datetime": "2024-04-07 20:25:30", "elapsed": 22.270539, "delta": 11.411817}}
{"target": 21.02119397469415, "params": {"frequency_log": 2.8011953364913245, "magnitude": 0.0006791575497801863, "magnitude_min": -0.0003756485380215414}, "datetime": {"datetime": "2024-04-07 20:25:40", "elapsed": 32.124, "delta": 9.853461}}
{"target": 17.389763767404926, "params": {"frequency_log": 4.911216707961921, "magnitude": 0.0001011842243607972, "magnitude_min": -8.40727091396767e-05}, "datetime": {"datetime": "2024-04-07 20:25:43", "elapsed": 35.875887, "delta": 3.751887}}
{"target": 18.17323214513549, "params": {"frequency_log": 3.500020780477093, "magnitude": 1.3294399910132238e-05, "magnitude_min": -0.0003953056846799504}, "datetime": {"datetime": "2024-04-07 20:25:50", "elapsed": 42.125467, "delta": 6.24958}}
{"target": 19.64887352601895, "params": {"frequency_log": 2.170399362398148, "magnitude": 0.0, "magnitude_min": -0.0007}, "datetime": {"datetime": "2024-04-07 20:25:57", "elapsed": 49.678839, "delta": 7.553372}}
{"target": 24.463895485109173, "params": {"frequency_log": 2.0022919300064386, "magnitude": 0.0006211227398663746, "magnitude_min": -0.0005964220169585048}, "datetime": {"datetime": "2024-04-07 20:26:13", "elapsed": 65.64646, "delta": 15.967621}}
{"target": 19.070106943815208, "params": {"frequency_log": 3.1262119150763903, "magnitude": 9.12348533856875e-05, "magnitude_min": -0.0005373749777929885}, "datetime": {"datetime": "2024-04-07 20:26:22", "elapsed": 74.445349, "delta": 8.798889}}
{"target": 22.556513538343893, "params": {"frequency_log": 2.000140081350301, "magnitude": 0.0004922279578677807, "magnitude_min": -0.00025341037388027605}, "datetime": {"datetime": "2024-04-07 20:26:35", "elapsed": 87.456633, "delta": 13.011284}}
{"target": 19.548054195396606, "params": {"frequency_log": 2.0053641712826713, "magnitude": 0.0, "magnitude_min": -0.0007}, "datetime": {"datetime": "2024-04-07 20:26:43", "elapsed": 95.399453, "delta": 7.94282}}
{"target": 23.471822392502098, "params": {"frequency_log": 2.0001542810381188, "magnitude": 0.00046285264123176146, "magnitude_min": -0.0003112998237470279}, "datetime": {"datetime": "2024-04-07 20:26:57", "elapsed": 110.071429, "delta": 14.671976}}
{"target": 24.49259222840079, "params": {"frequency_log": 2.002146491324821, "magnitude": 0.0004002734191801221, "magnitude_min": -0.0005599657388304026}, "datetime": {"datetime": "2024-04-07 20:27:13", "elapsed": 126.074482, "delta": 16.003053}}
{"target": 23.10598879596776, "params": {"frequency_log": 2.0025018671914565, "magnitude": 0.0002697639052134649, "magnitude_min": -0.0005145034303967733}, "datetime": {"datetime": "2024-04-07 20:27:28", "elapsed": 140.292002, "delta": 14.21752}}
{"target": 23.837824484428168, "params": {"frequency_log": 2.0002878899886967, "magnitude": 0.0006074683888627617, "magnitude_min": -0.0005994623070428142}, "datetime": {"datetime": "2024-04-07 20:27:44", "elapsed": 156.921533, "delta": 16.629531}}
{"target": 23.217089144706996, "params": {"frequency_log": 2.001798719718682, "magnitude": 0.00016121425565306232, "magnitude_min": -0.0003967723683573303}, "datetime": {"datetime": "2024-04-07 20:27:57", "elapsed": 169.383704, "delta": 12.462171}}
{"target": 23.613501832885035, "params": {"frequency_log": 2.000422388143454, "magnitude": 0.00031287346484175685, "magnitude_min": -0.0005190087219527267}, "datetime": {"datetime": "2024-04-07 20:28:12", "elapsed": 184.303423, "delta": 14.919719}}
{"target": 22.04260624314916, "params": {"frequency_log": 2.0020560272229613, "magnitude": 0.0005873936692859606, "magnitude_min": -0.0003539001086901022}, "datetime": {"datetime": "2024-04-07 20:28:26", "elapsed": 198.523208, "delta": 14.219785}}
{"target": 24.72781498806825, "params": {"frequency_log": 2.002699868347455, "magnitude": 0.0006332063556822816, "magnitude_min": -0.0006586858352379787}, "datetime": {"datetime": "2024-04-07 20:28:44", "elapsed": 216.200742, "delta": 17.677534}}
{"target": 22.59067369137256, "params": {"frequency_log": 2.0034963002098434, "magnitude": 0.0006760070951767963, "magnitude_min": -0.0003087294569509389}, "datetime": {"datetime": "2024-04-07 20:28:54", "elapsed": 226.558253, "delta": 10.357511}}
{"target": 24.677282467841465, "params": {"frequency_log": 2.0031799476918595, "magnitude": 0.0004216915792869606, "magnitude_min": -0.0005059642795403293}, "datetime": {"datetime": "2024-04-07 20:29:07", "elapsed": 239.342673, "delta": 12.78442}}
{"target": 22.709027644647037, "params": {"frequency_log": 2.0030403153898915, "magnitude": 0.00029360368160829484, "magnitude_min": -0.00021237397330545259}, "datetime": {"datetime": "2024-04-07 20:29:17", "elapsed": 249.593858, "delta": 10.251185}}
{"target": 22.895693563896913, "params": {"frequency_log": 2.00356497339535, "magnitude": 0.00018041011164795964, "magnitude_min": -0.0004880355550721336}, "datetime": {"datetime": "2024-04-07 20:29:27", "elapsed": 259.943187, "delta": 10.349329}}
{"target": 25.15236115859724, "params": {"frequency_log": 2.0009166170519714, "magnitude": 0.0006501906254533199, "magnitude_min": -0.0006725888186019176}, "datetime": {"datetime": "2024-04-07 20:29:41", "elapsed": 273.533151, "delta": 13.589964}}
{"target": 22.032505549425302, "params": {"frequency_log": 2.0007522906415147, "magnitude": 0.0005742500442269278, "magnitude_min": -0.00019452959942530836}, "datetime": {"datetime": "2024-04-07 20:29:50", "elapsed": 282.677288, "delta": 9.144137}}
{"target": 23.260171074974558, "params": {"frequency_log": 2.001124804601311, "magnitude": 0.0005015207015997411, "magnitude_min": -0.00038193924259470905}, "datetime": {"datetime": "2024-04-07 20:30:02", "elapsed": 294.918069, "delta": 12.240781}}
{"target": 21.459597634104593, "params": {"frequency_log": 2.002865093432263, "magnitude": 0.0006860594169212045, "magnitude_min": -0.00023715573720615752}, "datetime": {"datetime": "2024-04-07 20:30:11", "elapsed": 303.897873, "delta": 8.979804}}
{"target": 23.606119524480114, "params": {"frequency_log": 2.4068385418981633, "magnitude": 0.00037542339769526783, "magnitude_min": -0.0006491841440352378}, "datetime": {"datetime": "2024-04-07 20:30:24", "elapsed": 316.169805, "delta": 12.271932}}
{"target": 21.372709923442642, "params": {"frequency_log": 2.4071570221632697, "magnitude": 0.0006105886920930635, "magnitude_min": -0.00021093107708365676}, "datetime": {"datetime": "2024-04-07 20:30:32", "elapsed": 324.761646, "delta": 8.591841}}
{"target": 23.980892705937904, "params": {"frequency_log": 2.40639484012725, "magnitude": 0.0005419169889902235, "magnitude_min": -0.000553749276207458}, "datetime": {"datetime": "2024-04-07 20:30:44", "elapsed": 336.80474, "delta": 12.043094}}
{"target": 22.001761781562884, "params": {"frequency_log": 2.4064346866434407, "magnitude": 0.00013339421341338815, "magnitude_min": -0.00039875083555568407}, "datetime": {"datetime": "2024-04-07 20:30:53", "elapsed": 345.42401, "delta": 8.61927}}
{"target": 22.029995556787203, "params": {"frequency_log": 2.0028896020612654, "magnitude": 7.177539509130774e-05, "magnitude_min": -0.0006725764797875579}, "datetime": {"datetime": "2024-04-07 20:31:01", "elapsed": 353.139367, "delta": 7.715357}}
{"target": 20.421713556174343, "params": {"frequency_log": 2.404294817327388, "magnitude": 0.00038041731997440583, "magnitude_min": -0.00023920298282722454}, "datetime": {"datetime": "2024-04-07 20:31:13", "elapsed": 365.137011, "delta": 11.997644}}
{"target": 16.863027285587073, "params": {"frequency_log": 4.9874000359877, "magnitude": 0.0003910601245804506, "magnitude_min": -3.4838864156486204e-05}, "datetime": {"datetime": "2024-04-07 20:31:18", "elapsed": 370.929725, "delta": 5.792714}}
{"target": 24.72056069371906, "params": {"frequency_log": 2.0885031394107267, "magnitude": 0.00044862430366410217, "magnitude_min": -0.0004525026056448193}, "datetime": {"datetime": "2024-04-07 20:31:31", "elapsed": 384.041856, "delta": 13.112131}}
{"target": 22.99400002132237, "params": {"frequency_log": 2.0880648496020964, "magnitude": 0.0004650383317289435, "magnitude_min": -0.00038105013644465545}, "datetime": {"datetime": "2024-04-07 20:31:44", "elapsed": 396.528114, "delta": 12.486258}}
{"target": 22.88000551773274, "params": {"frequency_log": 2.0883904624161063, "magnitude": 0.00014275130259183791, "magnitude_min": -0.0006013074564510759}, "datetime": {"datetime": "2024-04-07 20:31:54", "elapsed": 406.468823, "delta": 9.940709}}
{"target": 18.92873288216914, "params": {"frequency_log": 2.0885911763065685, "magnitude": 0.0005254518565265192, "magnitude_min": -6.967656416814543e-06}, "datetime": {"datetime": "2024-04-07 20:32:00", "elapsed": 412.890438, "delta": 6.421615}}
{"target": 20.254646802467565, "params": {"frequency_log": 2.406114217761132, "magnitude": 0.0005677840681359895, "magnitude_min": -0.00011927034939341512}, "datetime": {"datetime": "2024-04-07 20:32:08", "elapsed": 420.442002, "delta": 7.551564}}
{"target": 23.805973667290864, "params": {"frequency_log": 2.001136065432193, "magnitude": 0.00023071977507171403, "magnitude_min": -0.0006797266678264314}, "datetime": {"datetime": "2024-04-07 20:32:18", "elapsed": 430.882992, "delta": 10.44099}}
{"target": 25.292618744126898, "params": {"frequency_log": 2.088350499548067, "magnitude": 0.0005189682882692441, "magnitude_min": -0.0006825898497003365}, "datetime": {"datetime": "2024-04-07 20:32:31", "elapsed": 443.857598, "delta": 12.974606}}
{"target": 24.762510019491774, "params": {"frequency_log": 2.0891108350054735, "magnitude": 0.0005233412524662729, "magnitude_min": -0.0005967601543152353}, "datetime": {"datetime": "2024-04-07 20:32:44", "elapsed": 456.622939, "delta": 12.765341}}
{"target": 23.27953659720786, "params": {"frequency_log": 2.0894889335085316, "magnitude": 0.00019183236416212083, "magnitude_min": -0.0006154358241051521}, "datetime": {"datetime": "2024-04-07 20:32:55", "elapsed": 467.346782, "delta": 10.723843}}
{"target": 24.845898320578776, "params": {"frequency_log": 2.0900287529928705, "magnitude": 0.0005736971252421373, "magnitude_min": -0.0005534251352545456}, "datetime": {"datetime": "2024-04-07 20:33:10", "elapsed": 482.848091, "delta": 15.501309}}
{"target": 25.240494403461774, "params": {"frequency_log": 2.088599250822773, "magnitude": 0.0004857557022790647, "magnitude_min": -0.0006709483384758303}, "datetime": {"datetime": "2024-04-07 20:33:26", "elapsed": 498.856661, "delta": 16.00857}}
{"target": 24.06629485672877, "params": {"frequency_log": 2.0899626783224887, "magnitude": 0.00025649833300851076, "magnitude_min": -0.0006199636876259373}, "datetime": {"datetime": "2024-04-07 20:33:40", "elapsed": 512.420552, "delta": 13.563891}}
{"target": 21.132858020165088, "params": {"frequency_log": 2.089671197634622, "magnitude": 0.0006414585508892474, "magnitude_min": -0.00017312759662296796}, "datetime": {"datetime": "2024-04-07 20:33:50", "elapsed": 522.522155, "delta": 10.101603}}
{"target": 24.05052964551413, "params": {"frequency_log": 2.0903274874914306, "magnitude": 0.0005979518431326039, "magnitude_min": -0.000639048828171979}, "datetime": {"datetime": "2024-04-07 20:34:07", "elapsed": 539.156244, "delta": 16.634089}}
{"target": 24.195030294096693, "params": {"frequency_log": 2.002546403983603, "magnitude": 0.00032781907643191036, "magnitude_min": -0.0005653009305027792}, "datetime": {"datetime": "2024-04-07 20:34:21", "elapsed": 554.005571, "delta": 14.849327}}
{"target": 24.075570850528955, "params": {"frequency_log": 2.0910025062071007, "magnitude": 0.0004619137772026205, "magnitude_min": -0.0006396218658935213}, "datetime": {"datetime": "2024-04-07 20:34:37", "elapsed": 570.086608, "delta": 16.081037}}
{"target": 23.54300217865133, "params": {"frequency_log": 2.4068571603742948, "magnitude": 0.0005114167808985788, "magnitude_min": -0.0006310395104893588}, "datetime": {"datetime": "2024-04-07 20:34:53", "elapsed": 585.712447, "delta": 15.625839}}
{"target": 20.6892597462895, "params": {"frequency_log": 2.0907427699401193, "magnitude": 0.0002375812132404199, "magnitude_min": -3.422918707268925e-05}, "datetime": {"datetime": "2024-04-07 20:35:02", "elapsed": 594.394996, "delta": 8.682549}}
{"target": 23.88643414784702, "params": {"frequency_log": 2.091552469133293, "magnitude": 0.00053059298055943, "magnitude_min": -0.0003628864364099614}, "datetime": {"datetime": "2024-04-07 20:35:16", "elapsed": 608.318291, "delta": 13.923295}}
{"target": 23.96908631250543, "params": {"frequency_log": 2.0919865383654637, "magnitude": 0.0006638887370118142, "magnitude_min": -0.0006829909437919642}, "datetime": {"datetime": "2024-04-07 20:35:31", "elapsed": 623.889294, "delta": 15.571003}}
{"target": 23.36198631767753, "params": {"frequency_log": 2.092088059195881, "magnitude": 0.00018148829104044516, "magnitude_min": -0.0006365716653016206}, "datetime": {"datetime": "2024-04-07 20:35:41", "elapsed": 633.490798, "delta": 9.601504}}
{"target": 23.964608469668065, "params": {"frequency_log": 2.0910797509637704, "magnitude": 0.00036675535115241966, "magnitude_min": -0.0006089872739881744}, "datetime": {"datetime": "2024-04-07 20:35:53", "elapsed": 645.874923, "delta": 12.384125}}
{"target": 22.194984952878908, "params": {"frequency_log": 2.0923208772772157, "magnitude": 0.0006572228948481003, "magnitude_min": -0.0004188761788512714}, "datetime": {"datetime": "2024-04-07 20:36:07", "elapsed": 659.754943, "delta": 13.88002}}
{"target": 23.62288717627964, "params": {"frequency_log": 2.0008217545873563, "magnitude": 0.0006894913630087653, "magnitude_min": -0.0005977316494347371}, "datetime": {"datetime": "2024-04-07 20:36:23", "elapsed": 675.271569, "delta": 15.516626}}
{"target": 20.781586280518706, "params": {"frequency_log": 2.0884847372159223, "magnitude": 0.0004877105593737231, "magnitude_min": -0.00035086631791012083}, "datetime": {"datetime": "2024-04-07 20:36:37", "elapsed": 689.348994, "delta": 14.077425}}
{"target": 23.245633004779272, "params": {"frequency_log": 2.0002769689157343, "magnitude": 0.0005992032261391153, "magnitude_min": -0.0005496972535700388}, "datetime": {"datetime": "2024-04-07 20:36:52", "elapsed": 704.684121, "delta": 15.335127}}
{"target": 24.098671049140655, "params": {"frequency_log": 2.088974571373546, "magnitude": 0.0003813183505287394, "magnitude_min": -0.0005969554273321606}, "datetime": {"datetime": "2024-04-07 20:37:07", "elapsed": 719.58736, "delta": 14.903239}}
{"target": 23.244666848456067, "params": {"frequency_log": 2.000737624778158, "magnitude": 0.00025879496261748346, "magnitude_min": -0.0005687975219653326}, "datetime": {"datetime": "2024-04-07 20:37:21", "elapsed": 733.16157, "delta": 13.57421}}
{"target": 24.414502620614524, "params": {"frequency_log": 2.0886397091224995, "magnitude": 0.00039945394085601525, "magnitude_min": -0.000609304366286026}, "datetime": {"datetime": "2024-04-07 20:37:36", "elapsed": 748.399586, "delta": 15.238016}}
{"target": 24.70456023205988, "params": {"frequency_log": 2.003184480945288, "magnitude": 0.0005505495307778294, "magnitude_min": -0.0006361278516684946}, "datetime": {"datetime": "2024-04-07 20:37:52", "elapsed": 764.23128, "delta": 15.831694}}
{"target": 23.311994764801238, "params": {"frequency_log": 2.0886910264723184, "magnitude": 0.0006760518206155881, "magnitude_min": -0.0005562891653611862}, "datetime": {"datetime": "2024-04-07 20:38:07", "elapsed": 779.158252, "delta": 14.926972}}
{"target": 23.67049930694389, "params": {"frequency_log": 2.0033309464305997, "magnitude": 0.00034697213321980983, "magnitude_min": -0.0006943379478101157}, "datetime": {"datetime": "2024-04-07 20:38:21", "elapsed": 794.019181, "delta": 14.860929}}
{"target": 24.449210547803936, "params": {"frequency_log": 2.0894362736801737, "magnitude": 0.0006191832065167792, "magnitude_min": -0.0006571233049737853}, "datetime": {"datetime": "2024-04-07 20:38:36", "elapsed": 808.812663, "delta": 14.793482}}
{"target": 24.27969389254205, "params": {"frequency_log": 2.091779167203864, "magnitude": 0.00037625812047814084, "magnitude_min": -0.0006333515734118182}, "datetime": {"datetime": "2024-04-07 20:38:51", "elapsed": 823.521277, "delta": 14.708614}}
{"target": 21.008691734370526, "params": {"frequency_log": 2.091418973846296, "magnitude": 0.00012499647144391155, "magnitude_min": -0.0003353369851548061}, "datetime": {"datetime": "2024-04-07 20:39:01", "elapsed": 834.031503, "delta": 10.510226}}
{"target": 23.21290830955757, "params": {"frequency_log": 2.0916856420753867, "magnitude": 0.0006452148310060089, "magnitude_min": -0.000586851113439186}, "datetime": {"datetime": "2024-04-07 20:39:16", "elapsed": 848.707859, "delta": 14.676356}}
{"target": 22.37844120758028, "params": {"frequency_log": 2.0902497417312946, "magnitude": 0.0005812282259565148, "magnitude_min": -0.0004062131682834686}, "datetime": {"datetime": "2024-04-07 20:39:30", "elapsed": 862.209024, "delta": 13.501165}}
{"target": 24.498714079274876, "params": {"frequency_log": 2.00119864604823, "magnitude": 0.0005213706659715394, "magnitude_min": -0.0006233549662389016}, "datetime": {"datetime": "2024-04-07 20:39:44", "elapsed": 877.031824, "delta": 14.8228}}
{"target": 21.162707810071392, "params": {"frequency_log": 2.407251507683209, "magnitude": 8.932250047121302e-05, "magnitude_min": -0.0006989067710219082}, "datetime": {"datetime": "2024-04-07 20:39:53", "elapsed": 885.492818, "delta": 8.460994}}
{"target": 23.414901272544107, "params": {"frequency_log": 2.0893666394525656, "magnitude": 0.00043138936914352875, "magnitude_min": -0.0003548902792636759}, "datetime": {"datetime": "2024-04-07 20:40:06", "elapsed": 898.827414, "delta": 13.334596}}
{"target": 23.75983782084068, "params": {"frequency_log": 2.0891615470074583, "magnitude": 0.0006937118540395725, "magnitude_min": -0.0005647228074627663}, "datetime": {"datetime": "2024-04-07 20:40:21", "elapsed": 913.437961, "delta": 14.610547}}
{"target": 22.56455213690832, "params": {"frequency_log": 2.087078829982063, "magnitude": 0.00040438804595101257, "magnitude_min": -0.00023013178721988976}, "datetime": {"datetime": "2024-04-07 20:40:33", "elapsed": 925.461735, "delta": 12.023774}}
{"target": 22.8709644821862, "params": {"frequency_log": 2.091240082792421, "magnitude": 0.0005996937757440996, "magnitude_min": -0.00047601072608647785}, "datetime": {"datetime": "2024-04-07 20:40:47", "elapsed": 939.977759, "delta": 14.516024}}
{"target": 23.217542724097015, "params": {"frequency_log": 2.0919045856377854, "magnitude": 0.0005927346452102238, "magnitude_min": -0.00036638149517875384}, "datetime": {"datetime": "2024-04-07 20:41:00", "elapsed": 953.079604, "delta": 13.101845}}
{"target": 23.797307611000072, "params": {"frequency_log": 2.089768088627614, "magnitude": 0.000500593194971804, "magnitude_min": -0.00050572354376022}, "datetime": {"datetime": "2024-04-07 20:41:15", "elapsed": 967.2771, "delta": 14.197496}}
{"target": 24.763906919333362, "params": {"frequency_log": 2.088337015908358, "magnitude": 0.0003970918667029283, "magnitude_min": -0.000557109562657031}, "datetime": {"datetime": "2024-04-07 20:41:29", "elapsed": 981.694105, "delta": 14.417005}}
{"target": 23.33899755114302, "params": {"frequency_log": 2.090536808552424, "magnitude": 0.00021261900575328862, "magnitude_min": -0.0005979740021422369}, "datetime": {"datetime": "2024-04-07 20:41:41", "elapsed": 993.153231, "delta": 11.459126}}
{"target": 24.585690658922793, "params": {"frequency_log": 2.0892779100984886, "magnitude": 0.00044531045159310094, "magnitude_min": -0.0006255665843239666}, "datetime": {"datetime": "2024-04-07 20:41:55", "elapsed": 1007.82756, "delta": 14.674329}}
{"target": 24.681416962553968, "params": {"frequency_log": 2.001105709223545, "magnitude": 0.0006433259177052217, "magnitude_min": -0.0006957027678767986}, "datetime": {"datetime": "2024-04-07 20:42:09", "elapsed": 1022.090159, "delta": 14.262599}}
{"target": 17.542885759683585, "params": {"frequency_log": 3.940449223145703, "magnitude": 0.0005659095763341251, "magnitude_min": -2.334364000873459e-05}, "datetime": {"datetime": "2024-04-07 20:42:14", "elapsed": 1027.044337, "delta": 4.954178}}
{"target": 24.218459046978374, "params": {"frequency_log": 2.0026239416611835, "magnitude": 0.00047909217122571755, "magnitude_min": -0.0006993139788528925}, "datetime": {"datetime": "2024-04-07 20:42:29", "elapsed": 1041.132601, "delta": 14.088264}}
{"target": 19.01785082641975, "params": {"frequency_log": 4.19390006361416, "magnitude": 0.00017102287365804007, "magnitude_min": -0.0004804732506079651}, "datetime": {"datetime": "2024-04-07 20:42:36", "elapsed": 1049.037286, "delta": 7.904685}}
{"target": 21.632509800203408, "params": {"frequency_log": 3.6943053798647907, "magnitude": 0.000583721607062078, "magnitude_min": -0.0004820684654325423}, "datetime": {"datetime": "2024-04-07 20:42:48", "elapsed": 1060.723758, "delta": 11.686472}}
{"target": 23.646450799180975, "params": {"frequency_log": 2.0884437693225184, "magnitude": 0.0006202044883223138, "magnitude_min": -0.0005878878131048291}, "datetime": {"datetime": "2024-04-07 20:43:02", "elapsed": 1074.458789, "delta": 13.735031}}
{"target": 20.9965598905522, "params": {"frequency_log": 2.087645536897459, "magnitude": 0.00010357040341264776, "magnitude_min": -0.00030687705635381744}, "datetime": {"datetime": "2024-04-07 20:43:11", "elapsed": 1083.556833, "delta": 9.098044}}
