{"target": 18.69082476685104, "params": {"frequency_log": 4.870452699203249, "magnitude": 0.00017743163875278347, "magnitude_min": -0.0006344368362879793}, "datetime": {"datetime": "2024-04-07 20:43:18", "elapsed": 1090.852816, "delta": 7.295983}}
{"target": 24.229895552584427, "params": {"frequency_log": 2.0015243941292904, "magnitude": 0.0003700982365712668, "magnitude_min": -0.000562958532454931}, "datetime": {"datetime": "2024-04-07 20:43:31", "elapsed": 1103.152515, "delta": 12.299699}}
{"target": 23.753177554196256, "params": {"frequency_log": 2.002937462728058, "magnitude": 0.0004775200802135765, "magnitude_min": -0.0006226137248791842}, "datetime": {"datetime": "2024-04-07 20:43:43", "elapsed": 1115.2733, "delta": 12.120785}}
{"target": 21.378964299225846, "params": {"frequency_log": 2.738988200252891, "magnitude": 0.00015971938515226415, "magnitude_min": -0.0006990423729643281}, "datetime": {"datetime": "2024-04-07 20:43:50", "elapsed": 1122.808142, "delta": 7.534842}}
{"target": 22.19321144111318, "params": {"frequency_log": 3.8382230082334683, "magnitude": 0.0005891250758118243, "magnitude_min": -0.000608887638624046}, "datetime": {"datetime": "2024-04-07 20:44:01", "elapsed": 1133.823306, "delta": 11.015164}}
{"target": 23.84749336054464, "params": {"frequency_log": 2.0025484315255184, "magnitude": 0.0005697263928561989, "magnitude_min": -0.0005289761190619529}, "datetime": {"datetime": "2024-04-07 20:44:14", "elapsed": 1146.150058, "delta": 12.326752}}
{"target": 21.85042735507176, "params": {"frequency_log": 2.002012300560904, "magnitude": 0.0001010863403386617, "magnitude_min": -0.0006999751971783043}, "datetime": {"datetime": "2024-04-07 20:44:21", "elapsed": 1153.69978, "delta": 7.549722}}
{"target": 23.390700494862337, "params": {"frequency_log": 2.0015137314499873, "magnitude": 0.00039472914853455095, "magnitude_min": -0.0002826546721468793}, "datetime": {"datetime": "2024-04-07 20:44:32", "elapsed": 1164.599515, "delta": 10.899735}}
{"target": 25.07385447400852, "params": {"frequency_log": 2.090711483307265, "magnitude": 0.000559119988672543, "magnitude_min": -0.000693120191683616}, "datetime": {"datetime": "2024-04-07 20:44:44", "elapsed": 1176.658759, "delta": 12.059244}}
{"target": 23.40145810694866, "params": {"frequency_log": 2.090060180009823, "magnitude": 0.0005229780880761385, "magnitude_min": -0.0006934872472112885}, "datetime": {"datetime": "2024-04-07 20:44:57", "elapsed": 1189.246879, "delta": 12.58812}}
{"target": 21.85611101010612, "params": {"frequency_log": 2.00134441145304, "magnitude": 5.1203138193210026e-05, "magnitude_min": -0.000443452247667206}, "datetime": {"datetime": "2024-04-07 20:45:05", "elapsed": 1197.444172, "delta": 8.197293}}
{"target": 18.775473628362626, "params": {"frequency_log": 4.547696137657611, "magnitude": 0.0001538712748271346, "magnitude_min": -0.0004024172321681077}, "datetime": {"datetime": "2024-04-07 20:45:11", "elapsed": 1203.424003, "delta": 5.979831}}
{"target": 19.577480622502662, "params": {"frequency_log": 2.0898964483733042, "magnitude": 6.191257648320628e-05, "magnitude_min": -0.00020749366776774702}, "datetime": {"datetime": "2024-04-07 20:45:18", "elapsed": 1210.972067, "delta": 7.548064}}
{"target": 20.871570799802445, "params": {"frequency_log": 4.723527028125059, "magnitude": 0.0005430692942518984, "magnitude_min": -0.0006048185875685829}, "datetime": {"datetime": "2024-04-07 20:45:28", "elapsed": 1220.314851, "delta": 9.342784}}
{"target": 24.077949973460342, "params": {"frequency_log": 2.000025265053154, "magnitude": 0.0006391925754818364, "magnitude_min": -0.000682413947537881}, "datetime": {"datetime": "2024-04-07 20:45:39", "elapsed": 1231.112242, "delta": 10.797391}}
{"target": 23.495797694767553, "params": {"frequency_log": 2.09081151198525, "magnitude": 0.000502744757831552, "magnitude_min": -0.00040984360669939907}, "datetime": {"datetime": "2024-04-07 20:45:49", "elapsed": 1241.146041, "delta": 10.033799}}
{"target": 19.270096110274498, "params": {"frequency_log": 4.600120480570533, "magnitude": 0.0004394339761387186, "magnitude_min": -0.00043141818057268726}, "datetime": {"datetime": "2024-04-07 20:45:57", "elapsed": 1249.733242, "delta": 8.587201}}
