{"target": 30.37843603630781, "params": {"frequency_log": 3.581898908975174, "gradient": 0.24242139101467644, "magnitude": 0.0005529997417256992, "magnitude_min": -0.00024974620621698535}, "datetime": {"datetime": "2024-04-03 16:35:25", "elapsed": 2014.623562, "delta": 49.482545}}
{"target": 28.915874230570267, "params": {"frequency_log": 4.740549547383001, "gradient": 0.21553836152737282, "magnitude": 0.00037249643823009565, "magnitude_min": -0.0003767643511173375}, "datetime": {"datetime": "2024-04-03 16:36:11", "elapsed": 2060.550038, "delta": 45.926476}}
{"target": 25.338757342816173, "params": {"frequency_log": 2.2074490856253117, "gradient": 0.29264088013699224, "magnitude": 0.0006561390539738123, "magnitude_min": -0.0005055295399165074}, "datetime": {"datetime": "2024-04-03 16:38:38", "elapsed": 2208.036809, "delta": 147.486771}}
{"target": 25.20488853407215, "params": {"frequency_log": 4.581860424865171, "gradient": 0.09359762915090143, "magnitude": 0.00047454401309920204, "magnitude_min": -7.45443692635033e-05}, "datetime": {"datetime": "2024-04-03 16:38:48", "elapsed": 2217.948293, "delta": 9.911484}}
{"target": 44.117099473391875, "params": {"frequency_log": 2.60698635135988, "gradient": 0.24048575975362368, "magnitude": 0.00030504668100469643, "magnitude_min": -0.00047903348490634546}, "datetime": {"datetime": "2024-04-03 16:39:25", "elapsed": 2254.793523, "delta": 36.84523}}
{"target": 25.09385179369048, "params": {"frequency_log": 3.812359947129118, "gradient": 0.20701885243909443, "magnitude": 0.0004565572147965852, "magnitude_min": -0.0004094341867295912}, "datetime": {"datetime": "2024-04-03 16:39:49", "elapsed": 2278.657615, "delta": 23.864092}}
{"target": 39.16444423002278, "params": {"frequency_log": 2.5637089940127713, "gradient": 0.029308454326497112, "magnitude": 0.0004042540670543229, "magnitude_min": -6.898914039661966e-05}, "datetime": {"datetime": "2024-04-03 16:40:03", "elapsed": 2292.546262, "delta": 13.888647}}
{"target": 44.35346673693233, "params": {"frequency_log": 2.826992745613704, "gradient": 0.11788067975744942, "magnitude": 0.0003977194200865323, "magnitude_min": -0.0006162547902540523}, "datetime": {"datetime": "2024-04-03 16:40:33", "elapsed": 2323.170578, "delta": 30.624316}}
{"target": 32.81603690714563, "params": {"frequency_log": 3.0063346174784504, "gradient": 0.11377620687403803, "magnitude": 0.0001426735547504587, "magnitude_min": -0.00027382889141600074}, "datetime": {"datetime": "2024-04-03 16:40:50", "elapsed": 2339.815997, "delta": 16.645419}}
{"target": 26.407792168378112, "params": {"frequency_log": 4.288223336838422, "gradient": 0.19749686343567902, "magnitude": 0.00020928674641883602, "magnitude_min": -0.000219592382143753}, "datetime": {"datetime": "2024-04-03 16:41:00", "elapsed": 2350.279372, "delta": 10.463375}}
{"target": 23.395245825444583, "params": {"frequency_log": 4.235550975613943, "gradient": 0.03540006253200271, "magnitude": 7.551922268455214e-06, "magnitude_min": -0.0002871980998352733}, "datetime": {"datetime": "2024-04-03 16:41:08", "elapsed": 2357.338386, "delta": 7.059014}}
{"target": 24.050585214510953, "params": {"frequency_log": 4.865587187788644, "gradient": 0.19001182518423418, "magnitude": 0.0003207603063281533, "magnitude_min": -0.0001292476584375629}, "datetime": {"datetime": "2024-04-03 16:41:18", "elapsed": 2367.77658, "delta": 10.438194}}
{"target": 34.73781224044686, "params": {"frequency_log": 3.1327510708024926, "gradient": 0.26963780222462186, "magnitude": 0.0002749637287338856, "magnitude_min": -0.00017532768017174236}, "datetime": {"datetime": "2024-04-03 16:41:47", "elapsed": 2396.41424, "delta": 28.63766}}
{"target": 28.101991404733507, "params": {"frequency_log": 2.715188622984004, "gradient": 0.2859566038621102, "magnitude": 0.0006791873124241147, "magnitude_min": -0.000322730466947772}, "datetime": {"datetime": "2024-04-03 16:42:28", "elapsed": 2437.972971, "delta": 41.558731}}
{"target": 59.52948387908742, "params": {"frequency_log": 3.626726752935096, "gradient": 0.18809395401921578, "magnitude": 0.0003486013803579371, "magnitude_min": -0.000572122132446294}, "datetime": {"datetime": "2024-04-03 16:42:59", "elapsed": 2468.510418, "delta": 30.537447}}
{"target": 26.46620653866878, "params": {"frequency_log": 2.330438043649851, "gradient": 0.1461489275425014, "magnitude": 0.0006352244266285594, "magnitude_min": -0.0004977040223917185}, "datetime": {"datetime": "2024-04-03 16:43:39", "elapsed": 2508.428224, "delta": 39.917806}}
{"target": 30.64456251942656, "params": {"frequency_log": 4.163235977019645, "gradient": 0.27510087857438376, "magnitude": 0.00044922399290413576, "magnitude_min": -0.0005412200124041293}, "datetime": {"datetime": "2024-04-03 16:44:12", "elapsed": 2541.4743, "delta": 33.046076}}
{"target": 56.999344726887855, "params": {"frequency_log": 4.115032086341626, "gradient": 0.1467378327773007, "magnitude": 0.00034491582574537117, "magnitude_min": -0.0005614991463337778}, "datetime": {"datetime": "2024-04-03 16:44:40", "elapsed": 2569.673896, "delta": 28.199596}}
{"target": 27.621476905908324, "params": {"frequency_log": 3.267220838632523, "gradient": 0.21603484526692698, "magnitude": 0.000587858574133294, "magnitude_min": -0.0004087702061078145}, "datetime": {"datetime": "2024-04-03 16:45:13", "elapsed": 2602.664218, "delta": 32.990322}}
{"target": 25.532554738949266, "params": {"frequency_log": 4.776760455329404, "gradient": 0.2161490925994442, "magnitude": 0.00011555529627806349, "magnitude_min": -0.0002361161060535965}, "datetime": {"datetime": "2024-04-03 16:45:21", "elapsed": 2610.896472, "delta": 8.232254}}
{"target": 29.7469487853266, "params": {"frequency_log": 3.481553219397286, "gradient": 0.15293607122544764, "magnitude": 0.00013352876156461852, "magnitude_min": -0.00023246315070158232}, "datetime": {"datetime": "2024-04-03 16:45:34", "elapsed": 2623.330223, "delta": 12.433751}}
{"target": 82.05736675798728, "params": {"frequency_log": 2.584159304784103, "gradient": 0.26248489568969496, "magnitude": 3.6873703661188696e-06, "magnitude_min": -0.0006159821530461464}, "datetime": {"datetime": "2024-04-03 16:46:02", "elapsed": 2652.294347, "delta": 28.964124}}
{"target": 36.884603256148836, "params": {"frequency_log": 3.493289215610655, "gradient": 0.07604075468662065, "magnitude": 0.0004357807854902046, "magnitude_min": -0.00012199335389905864}, "datetime": {"datetime": "2024-04-03 16:46:21", "elapsed": 2670.395374, "delta": 18.101027}}
{"target": 61.36001377987597, "params": {"frequency_log": 2.716384399722487, "gradient": 0.09184234421971685, "magnitude": 0.0003357026080165521, "magnitude_min": -0.0006099122265382658}, "datetime": {"datetime": "2024-04-03 16:46:54", "elapsed": 2703.73634, "delta": 33.340966}}
{"target": 25.535572332888385, "params": {"frequency_log": 3.064997022304915, "gradient": 0.03181893866579514, "magnitude": 0.0002500126328589435, "magnitude_min": -5.67030190827321e-05}, "datetime": {"datetime": "2024-04-03 16:47:06", "elapsed": 2715.586758, "delta": 11.850418}}
{"target": 22.231335756325485, "params": {"frequency_log": 2.7379649441787626, "gradient": 0.06081010763493283, "magnitude": 0.0005589530545369496, "magnitude_min": -0.0001003351469129189}, "datetime": {"datetime": "2024-04-03 16:47:22", "elapsed": 2731.736523, "delta": 16.149765}}
{"target": 77.03914366839243, "params": {"frequency_log": 2.4730576687849197, "gradient": 0.1380150472453444, "magnitude": 0.0003106183289056909, "magnitude_min": -0.0006609249813363808}, "datetime": {"datetime": "2024-04-03 16:47:55", "elapsed": 2765.238501, "delta": 33.501978}}
{"target": 73.19849190420828, "params": {"frequency_log": 3.9303627470559954, "gradient": 0.23971577838425084, "magnitude": 0.00020229750505151725, "magnitude_min": -0.00039615821499559324}, "datetime": {"datetime": "2024-04-03 16:48:15", "elapsed": 2785.015627, "delta": 19.777126}}
