{"target": 47.469398558490354, "params": {"frequency_log": 2.0, "gradient": 0.1, "magnitude": 0.0002, "magnitude_min": -0.00035}, "datetime": {"datetime": "2024-04-03 15:57:10", "elapsed": 0.0, "delta": 0.0}}
{"target": 81.45513205555572, "params": {"frequency_log": 3.251066014107722, "gradient": 0.21609734803264743, "magnitude": 8.006237214142064e-08, "magnitude_min": -0.0004883671991577122}, "datetime": {"datetime": "2024-04-03 15:57:23", "elapsed": 12.854799, "delta": 12.854799}}
{"target": 69.82497432681778, "params": {"frequency_log": 2.440267672451339, "gradient": 0.027701578430639338, "magnitude": 0.00013038214796436964, "magnitude_min": -0.00045810749106986654}, "datetime": {"datetime": "2024-04-03 15:57:44", "elapsed": 34.23731, "delta": 21.382511}}
{"target": 28.222389030815854, "params": {"frequency_log": 3.19030242269201, "gradient": 0.16164502020100707, "magnitude": 0.00029343616008230635, "magnitude_min": -0.00022034634972226835}, "datetime": {"datetime": "2024-04-03 15:58:02", "elapsed": 51.681863, "delta": 17.444553}}
{"target": 37.374198027482876, "params": {"frequency_log": 2.613356749194552, "gradient": 0.2634352309172836, "magnitude": 1.9171315238548315e-05, "magnitude_min": -0.00023067274287511842}, "datetime": {"datetime": "2024-04-03 15:58:45", "elapsed": 94.963692, "delta": 43.281829}}
{"target": 81.05104753682457, "params": {"frequency_log": 3.251914407101381, "gradient": 0.16760694853372549, "magnitude": 9.827085701666364e-05, "magnitude_min": -0.0005613289576405848}, "datetime": {"datetime": "2024-04-03 15:59:01", "elapsed": 110.988232, "delta": 16.02454}}
{"target": 76.50419810730617, "params": {"frequency_log": 3.2713765252185176, "gradient": 0.1919231964562221, "magnitude": 0.0, "magnitude_min": -0.0005745376037210667}, "datetime": {"datetime": "2024-04-03 16:01:50", "elapsed": 0.0, "delta": 0.0}}
{"target": 28.960849411220174, "params": {"frequency_log": 3.248917690779111, "gradient": 0.17179711048982257, "magnitude": 0.0005360225044176151, "magnitude_min": -0.0003909960129817989}, "datetime": {"datetime": "2024-04-03 16:02:16", "elapsed": 25.505479, "delta": 25.505479}}
{"target": 20.482458356152353, "params": {"frequency_log": 3.8701570588357623, "gradient": 0.06696736098041242, "magnitude": 0.0006713662529162275, "magnitude_min": -0.0001367204895209997}, "datetime": {"datetime": "2024-04-03 16:02:32", "elapsed": 41.856466, "delta": 16.350987}}
{"target": 22.3756452559691, "params": {"frequency_log": 2.0636188209578865, "gradient": 0.24236437188801635, "magnitude": 0.0006753988787722318, "magnitude_min": -0.00020854888092948314}, "datetime": {"datetime": "2024-04-03 16:03:24", "elapsed": 93.908696, "delta": 52.05223}}
{"target": 21.559327119318983, "params": {"frequency_log": 3.0932575747022857, "gradient": 0.006719433340067848, "magnitude": 0.00010669004233772452, "magnitude_min": -1.9934933282947983e-05}, "datetime": {"datetime": "2024-04-03 16:03:30", "elapsed": 99.556701, "delta": 5.648005}}
{"target": 28.133498884982384, "params": {"frequency_log": 4.98590062390559, "gradient": 0.09755175176481339, "magnitude": 0.0005718061880925927, "magnitude_min": -0.0006687562299452875}, "datetime": {"datetime": "2024-04-03 16:04:04", "elapsed": 133.830157, "delta": 34.273456}}
{"target": 31.462524361468994, "params": {"frequency_log": 4.943693881935696, "gradient": 0.08112519854432167, "magnitude": 0.0005661495126488377, "magnitude_min": -0.00038740846750982}, "datetime": {"datetime": "2024-04-03 16:04:32", "elapsed": 161.985653, "delta": 28.155496}}
{"target": 32.284862831837756, "params": {"frequency_log": 2.974627284197036, "gradient": 0.1907344248557382, "magnitude": 0.00028035357655264244, "magnitude_min": -0.0001739116400597769}, "datetime": {"datetime": "2024-04-03 16:04:55", "elapsed": 184.801268, "delta": 22.815615}}
{"target": 31.0713059397782, "params": {"frequency_log": 2.917733662011333, "gradient": 0.20299599120390802, "magnitude": 0.0003859672097924863, "magnitude_min": -0.0004788996325020018}, "datetime": {"datetime": "2024-04-03 16:05:33", "elapsed": 223.168972, "delta": 38.367704}}
{"target": 58.945056329399584, "params": {"frequency_log": 3.191553592461858, "gradient": 0.05825336892575787, "magnitude": 3.699918387580985e-05, "magnitude_min": -0.00045853357817194197}, "datetime": {"datetime": "2024-04-03 16:05:49", "elapsed": 238.71692, "delta": 15.547948}}
{"target": 61.996257101133345, "params": {"frequency_log": 2.028390956475857, "gradient": 0.16506127003732135, "magnitude": 0.00011339179341470655, "magnitude_min": -0.00036554056057928815}, "datetime": {"datetime": "2024-04-03 16:06:26", "elapsed": 276.085702, "delta": 37.368782}}
{"target": 30.783019547416288, "params": {"frequency_log": 2.9970579957890715, "gradient": 0.1454377519540884, "magnitude": 0.0002917784160818304, "magnitude_min": -0.000125418804589282}, "datetime": {"datetime": "2024-04-03 16:06:42", "elapsed": 291.981888, "delta": 15.896186}}
{"target": 34.85594258912947, "params": {"frequency_log": 2.702171222603207, "gradient": 0.13410055670361823, "magnitude": 0.0003850767991317916, "magnitude_min": -3.5572118801792505e-05}, "datetime": {"datetime": "2024-04-03 16:06:57", "elapsed": 306.364946, "delta": 14.383058}}
{"target": 52.87741086093002, "params": {"frequency_log": 2.3536131895492165, "gradient": 0.1651593287330035, "magnitude": 0.00034402559832147746, "magnitude_min": -0.0005978276074198323}, "datetime": {"datetime": "2024-04-03 16:07:37", "elapsed": 346.75487, "delta": 40.389924}}
{"target": 27.638699154713166, "params": {"frequency_log": 2.7881606260490273, "gradient": 0.006550156593460077, "magnitude": 0.0001172288620378674, "magnitude_min": -0.000250860420704965}, "datetime": {"datetime": "2024-04-03 16:07:53", "elapsed": 363.220466, "delta": 16.465596}}
{"target": 58.37452182964276, "params": {"frequency_log": 2.588243899289827, "gradient": 0.12011073395740138, "magnitude": 0.0003607298984496744, "magnitude_min": -0.0006509397023508343}, "datetime": {"datetime": "2024-04-03 16:08:31", "elapsed": 400.892548, "delta": 37.672082}}
{"target": 36.999559485214746, "params": {"frequency_log": 2.542365559033146, "gradient": 0.08153138834837391, "magnitude": 0.0005624784323563651, "magnitude_min": -0.0002463730194846338}, "datetime": {"datetime": "2024-04-03 16:08:58", "elapsed": 427.823124, "delta": 26.930576}}
{"target": 30.448831124546672, "params": {"frequency_log": 2.4011389332363335, "gradient": 0.15235458257963105, "magnitude": 0.000622372325474782, "magnitude_min": -0.0003029851349081176}, "datetime": {"datetime": "2024-04-03 16:09:29", "elapsed": 459.289057, "delta": 31.465933}}
{"target": 31.832213030511745, "params": {"frequency_log": 2.454910416258749, "gradient": 0.06127923627297655, "magnitude": 0.00047073294869710077, "magnitude_min": -8.763169740648924e-05}, "datetime": {"datetime": "2024-04-03 16:09:49", "elapsed": 478.663282, "delta": 19.374225}}
{"target": 34.57878037658408, "params": {"frequency_log": 4.454125847035011, "gradient": 0.049058013623085636, "magnitude": 1.0523252249267512e-05, "magnitude_min": -0.0005873079039841687}, "datetime": {"datetime": "2024-04-03 16:09:57", "elapsed": 486.929049, "delta": 8.265767}}
{"target": 25.820555795601226, "params": {"frequency_log": 4.958029068313245, "gradient": 0.21249829196948436, "magnitude": 0.00040775914959107, "magnitude_min": -0.00017771290405760917}, "datetime": {"datetime": "2024-04-03 16:10:10", "elapsed": 499.383259, "delta": 12.45421}}
{"target": 46.84962167716716, "params": {"frequency_log": 4.696997099994606, "gradient": 0.13566583464224952, "magnitude": 0.0002794504052885328, "magnitude_min": -0.00048193025352913734}, "datetime": {"datetime": "2024-04-03 16:10:27", "elapsed": 517.186023, "delta": 17.802764}}
{"target": 34.40018139120395, "params": {"frequency_log": 4.105103243524165, "gradient": 0.11527074924764852, "magnitude": 0.00018785574549121329, "magnitude_min": -0.0003575716349042419}, "datetime": {"datetime": "2024-04-03 16:10:41", "elapsed": 531.175299, "delta": 13.989276}}
{"target": 24.276067140885647, "params": {"frequency_log": 4.982714852727483, "gradient": 0.07675249314516955, "magnitude": 0.00043304018222239406, "magnitude_min": -0.00044111360242713826}, "datetime": {"datetime": "2024-04-03 16:11:03", "elapsed": 552.381026, "delta": 21.205727}}
{"target": 25.508926407336887, "params": {"frequency_log": 4.553059733854639, "gradient": 0.2348868498175421, "magnitude": 0.000631533240194636, "magnitude_min": -0.000634627113883888}, "datetime": {"datetime": "2024-04-03 16:11:31", "elapsed": 580.648761, "delta": 28.267735}}
{"target": 80.66833725550927, "params": {"frequency_log": 3.1838706097188503, "gradient": 0.19459094351814418, "magnitude": 0.00010979080027701247, "magnitude_min": -0.0004078605511724741}, "datetime": {"datetime": "2024-04-03 16:11:48", "elapsed": 597.988533, "delta": 17.339772}}
{"target": 29.32570906617567, "params": {"frequency_log": 3.6177935797067824, "gradient": 0.11762182176699562, "magnitude": 0.0006560735256184651, "magnitude_min": -0.00040484325087090884}, "datetime": {"datetime": "2024-04-03 16:12:13", "elapsed": 622.501866, "delta": 24.513333}}
{"target": 24.635441511744453, "params": {"frequency_log": 3.4654970865550454, "gradient": 0.01925845221696244, "magnitude": 0.00023074571371637918, "magnitude_min": -0.0002518734231546636}, "datetime": {"datetime": "2024-04-03 16:12:26", "elapsed": 635.994911, "delta": 13.493045}}
{"target": 26.18305860127536, "params": {"frequency_log": 3.216608415630254, "gradient": 0.004190771790093706, "magnitude": 0.00028570543873284555, "magnitude_min": -0.00014849067673724072}, "datetime": {"datetime": "2024-04-03 16:12:40", "elapsed": 650.049421, "delta": 14.05451}}
{"target": 25.241648351524088, "params": {"frequency_log": 3.9651899550691025, "gradient": 0.06532520944345611, "magnitude": 0.0004918586071098892, "magnitude_min": -6.510162340920308e-05}, "datetime": {"datetime": "2024-04-03 16:12:51", "elapsed": 660.916361, "delta": 10.86694}}
{"target": 28.66563337396583, "params": {"frequency_log": 2.9041254129701617, "gradient": 0.18968481758547373, "magnitude": 0.0006250184160949681, "magnitude_min": -0.0003471162387347098}, "datetime": {"datetime": "2024-04-03 16:13:17", "elapsed": 686.967401, "delta": 26.05104}}
{"target": 27.785249201998536, "params": {"frequency_log": 4.220535019081495, "gradient": 0.2951663831946482, "magnitude": 0.0001122811780204308, "magnitude_min": -0.00018121434517014753}, "datetime": {"datetime": "2024-04-03 16:13:27", "elapsed": 697.124411, "delta": 10.15701}}
{"target": 34.258106137707415, "params": {"frequency_log": 3.0789933971189583, "gradient": 0.152082870814431, "magnitude": 0.0005073853845979102, "magnitude_min": -0.00033534851154514296}, "datetime": {"datetime": "2024-04-03 16:13:53", "elapsed": 722.376752, "delta": 25.252341}}
{"target": 33.454937720638895, "params": {"frequency_log": 3.4569552082533623, "gradient": 0.20651121422990357, "magnitude": 0.000453339168347752, "magnitude_min": -0.00013927611038405013}, "datetime": {"datetime": "2024-04-03 16:14:10", "elapsed": 739.557037, "delta": 17.180285}}
{"target": 28.095752161040732, "params": {"frequency_log": 4.7921065430613705, "gradient": 0.27374712328247786, "magnitude": 0.0005284599143645048, "magnitude_min": -0.00021745583603125217}, "datetime": {"datetime": "2024-04-03 16:14:28", "elapsed": 757.39666, "delta": 17.839623}}
{"target": 29.34027623550755, "params": {"frequency_log": 3.180053941821796, "gradient": 0.2833395499272721, "magnitude": 0.0005354575773167248, "magnitude_min": -0.00014963614323332567}, "datetime": {"datetime": "2024-04-03 16:14:49", "elapsed": 778.673164, "delta": 21.276504}}
{"target": 55.5985663773557, "params": {"frequency_log": 3.0504572777082704, "gradient": 0.2828755527480434, "magnitude": 0.00026554308460338493, "magnitude_min": -0.0004974275079722076}, "datetime": {"datetime": "2024-04-03 16:15:29", "elapsed": 819.204073, "delta": 40.530909}}
{"target": 25.117374307424033, "params": {"frequency_log": 3.295549050388917, "gradient": 0.20365155869059928, "magnitude": 0.0006521658436808223, "magnitude_min": -0.00022707770866995877}, "datetime": {"datetime": "2024-04-03 16:15:52", "elapsed": 841.853708, "delta": 22.649635}}
{"target": 27.188097897191593, "params": {"frequency_log": 3.9348519458239095, "gradient": 0.037566230683765085, "magnitude": 0.0004756071312174332, "magnitude_min": -0.0005202095494640082}, "datetime": {"datetime": "2024-04-03 16:16:21", "elapsed": 870.685077, "delta": 28.831369}}
{"target": 28.219545567497153, "params": {"frequency_log": 3.2642357779189073, "gradient": 0.1254165584940634, "magnitude": 0.0005774527958424401, "magnitude_min": -0.0004494310478742687}, "datetime": {"datetime": "2024-04-03 16:16:53", "elapsed": 902.615136, "delta": 31.930059}}
{"target": 28.773970130163416, "params": {"frequency_log": 4.884400797698916, "gradient": 0.20459193457064911, "magnitude": 0.0004163531821109658, "magnitude_min": -0.0002141852195808434}, "datetime": {"datetime": "2024-04-03 16:17:10", "elapsed": 919.351126, "delta": 16.73599}}
{"target": 40.98318624722958, "params": {"frequency_log": 4.97095036909531, "gradient": 0.19321192799824025, "magnitude": 6.14671301228797e-05, "magnitude_min": -0.0006505668367532612}, "datetime": {"datetime": "2024-04-03 16:17:19", "elapsed": 928.826163, "delta": 9.475037}}
{"target": 27.052243738372002, "params": {"frequency_log": 3.2858425308321006, "gradient": 0.05262925289416946, "magnitude": 0.0002918517352815826, "magnitude_min": -0.00010406106846882286}, "datetime": {"datetime": "2024-04-03 16:17:32", "elapsed": 941.586527, "delta": 12.760364}}
{"target": 28.749684518839786, "params": {"frequency_log": 4.067294206258313, "gradient": 0.03535407250616363, "magnitude": 0.00038046201162399195, "magnitude_min": -0.0002103799785034598}, "datetime": {"datetime": "2024-04-03 16:17:50", "elapsed": 959.697812, "delta": 18.111285}}
{"target": 46.95443323635052, "params": {"frequency_log": 3.1404885397708435, "gradient": 0.2545187497000013, "magnitude": 0.00028765658028684945, "magnitude_min": -0.0004390134186962127}, "datetime": {"datetime": "2024-04-03 16:18:21", "elapsed": 991.111627, "delta": 31.413815}}
{"target": 40.986990884355954, "params": {"frequency_log": 4.338369153581661, "gradient": 0.27091346405082034, "magnitude": 0.00035868777021173673, "magnitude_min": -0.0004933368850581806}, "datetime": {"datetime": "2024-04-03 16:18:48", "elapsed": 1018.16568, "delta": 27.054053}}
{"target": 81.53910680877028, "params": {"frequency_log": 3.9905688663437937, "gradient": 0.13734989102301282, "magnitude": 0.0002719226934534824, "magnitude_min": -0.000643242340820873}, "datetime": {"datetime": "2024-04-03 16:19:14", "elapsed": 1044.090015, "delta": 25.924335}}
{"target": 52.411927867743984, "params": {"frequency_log": 4.766345252828749, "gradient": 0.09166229546573725, "magnitude": 0.00037838544284336025, "magnitude_min": -0.0006188176835857734}, "datetime": {"datetime": "2024-04-03 16:19:42", "elapsed": 1071.844797, "delta": 27.754782}}
{"target": 27.185092166923848, "params": {"frequency_log": 2.859696038368549, "gradient": 0.031160133320007798, "magnitude": 0.0005974964847842251, "magnitude_min": -0.0006011932171494863}, "datetime": {"datetime": "2024-04-03 16:20:13", "elapsed": 1103.155417, "delta": 31.31062}}
{"target": 58.29229467809461, "params": {"frequency_log": 4.1594092276014365, "gradient": 0.08611122805962657, "magnitude": 0.00017219676203799025, "magnitude_min": -0.000576999656719257}, "datetime": {"datetime": "2024-04-03 16:20:29", "elapsed": 1119.281215, "delta": 16.125798}}
{"target": 77.61750238622395, "params": {"frequency_log": 4.817567674710645, "gradient": 0.29156747985379966, "magnitude": 0.00017372552739094188, "magnitude_min": -0.000603079574974452}, "datetime": {"datetime": "2024-04-03 16:20:47", "elapsed": 1137.132975, "delta": 17.85176}}
{"target": 28.984165840463795, "params": {"frequency_log": 3.6818667244783434, "gradient": 0.24475907286626267, "magnitude": 0.0004950552327173583, "magnitude_min": -0.0005881465271249985}, "datetime": {"datetime": "2024-04-03 16:21:18", "elapsed": 1168.049619, "delta": 30.916644}}
{"target": 28.006076813331045, "params": {"frequency_log": 3.429935389821386, "gradient": 0.24463528985907557, "magnitude": 0.00044091702064635055, "magnitude_min": -6.200408483446644e-05}, "datetime": {"datetime": "2024-04-03 16:21:32", "elapsed": 1181.578611, "delta": 13.528992}}
{"target": 24.117958495119204, "params": {"frequency_log": 4.1604562432466246, "gradient": 0.17181928481068792, "magnitude": 0.00046120513718284176, "magnitude_min": -6.053389938428773e-06}, "datetime": {"datetime": "2024-04-03 16:21:40", "elapsed": 1190.286685, "delta": 8.708074}}
{"target": 54.47993771949667, "params": {"frequency_log": 2.477056887429504, "gradient": 0.14353093520673194, "magnitude": 0.00035468398547074765, "magnitude_min": -0.0006152031222193818}, "datetime": {"datetime": "2024-04-03 16:22:26", "elapsed": 1235.4989, "delta": 45.212215}}
{"target": 22.373143842314697, "params": {"frequency_log": 4.930106753352381, "gradient": 0.1616652533607587, "magnitude": 0.0006890974470793235, "magnitude_min": -0.00014567698158727725}, "datetime": {"datetime": "2024-04-03 16:22:48", "elapsed": 1258.240245, "delta": 22.741345}}
{"target": 28.248245176945805, "params": {"frequency_log": 3.6765956031240683, "gradient": 0.05994080157407204, "magnitude": 0.0005622844266704354, "magnitude_min": -0.0006430654407972461}, "datetime": {"datetime": "2024-04-03 16:23:54", "elapsed": 1323.717344, "delta": 65.477099}}
{"target": 17.457372086899735, "params": {"frequency_log": 4.392574495343878, "gradient": 0.054954694410861815, "magnitude": 0.0001518311940159751, "magnitude_min": -3.7607715723603696e-05}, "datetime": {"datetime": "2024-04-03 16:24:03", "elapsed": 1332.323009, "delta": 8.605665}}
{"target": 37.54991028378768, "params": {"frequency_log": 2.5452546284049795, "gradient": 0.26822795505289865, "magnitude": 0.0003531800080032715, "magnitude_min": -9.62396321730534e-06}, "datetime": {"datetime": "2024-04-03 16:25:10", "elapsed": 1399.856902, "delta": 67.533893}}
{"target": 76.15765069084459, "params": {"frequency_log": 4.0374812452329785, "gradient": 0.24868232788257724, "magnitude": 0.0002294157336463466, "magnitude_min": -0.00043422885458395703}, "datetime": {"datetime": "2024-04-03 16:25:48", "elapsed": 1438.141142, "delta": 38.28424}}
{"target": 28.47443987596592, "params": {"frequency_log": 4.397945976179701, "gradient": 0.08160673947822752, "magnitude": 0.0004890474959507873, "magnitude_min": -0.0003892677154915618}, "datetime": {"datetime": "2024-04-03 16:26:36", "elapsed": 1485.907211, "delta": 47.766069}}
{"target": 27.698883976317685, "params": {"frequency_log": 3.210166745655683, "gradient": 0.2961420954807889, "magnitude": 0.0004769045876653873, "magnitude_min": -6.408760184754727e-05}, "datetime": {"datetime": "2024-04-03 16:27:13", "elapsed": 1523.224353, "delta": 37.317142}}
{"target": 26.311447385968936, "params": {"frequency_log": 3.9301735668482958, "gradient": 0.18327795914967826, "magnitude": 0.0006050136173642911, "magnitude_min": -0.0005550158545571662}, "datetime": {"datetime": "2024-04-03 16:28:13", "elapsed": 1582.775906, "delta": 59.551553}}
{"target": 18.950927205535596, "params": {"frequency_log": 3.6197835362209743, "gradient": 0.09637850457943313, "magnitude": 0.0005860374720191699, "magnitude_min": -7.285776225386697e-06}, "datetime": {"datetime": "2024-04-03 16:28:32", "elapsed": 1602.290162, "delta": 19.514256}}
{"target": 28.887784196665, "params": {"frequency_log": 4.399052529552244, "gradient": 0.1150869964068719, "magnitude": 0.0005485219300945005, "magnitude_min": -0.00020010821347383036}, "datetime": {"datetime": "2024-04-03 16:29:07", "elapsed": 1636.679238, "delta": 34.389076}}
{"target": 22.676549160703814, "params": {"frequency_log": 4.997080915985382, "gradient": 0.17544021133535734, "magnitude": 0.00033262202859339634, "magnitude_min": -8.014355345331103e-05}, "datetime": {"datetime": "2024-04-03 16:29:25", "elapsed": 1654.435539, "delta": 17.756301}}
{"target": 22.157611712368173, "params": {"frequency_log": 4.979042731251649, "gradient": 0.07993911019667777, "magnitude": 3.0854670349780486e-05, "magnitude_min": -0.00031731571388863926}, "datetime": {"datetime": "2024-04-03 16:29:37", "elapsed": 1667.299378, "delta": 12.863839}}
{"target": 34.93172483093827, "params": {"frequency_log": 3.709739039407675, "gradient": 0.010449208902207806, "magnitude": 0.0005869607188019474, "magnitude_min": -0.00032176175524625486}, "datetime": {"datetime": "2024-04-03 16:30:29", "elapsed": 1718.365575, "delta": 51.066197}}
{"target": 30.544337074236104, "params": {"frequency_log": 2.384129594775237, "gradient": 0.04551363130981303, "magnitude": 0.0004503537989815029, "magnitude_min": -0.000566601738901006}, "datetime": {"datetime": "2024-04-03 16:31:44", "elapsed": 1794.260696, "delta": 75.895121}}
{"target": 27.77076717521664, "params": {"frequency_log": 3.2525198613517343, "gradient": 0.2170240325020489, "magnitude": 0.0006794309070873787, "magnitude_min": -0.0004033859676883714}, "datetime": {"datetime": "2024-04-03 16:32:45", "elapsed": 1855.008139, "delta": 60.747443}}
{"target": 85.53279595323166, "params": {"frequency_log": 2.1380213531651484, "gradient": 0.07285925057929554, "magnitude": 0.00024155908685110023, "magnitude_min": -0.0006395698921378083}, "datetime": {"datetime": "2024-04-03 16:33:51", "elapsed": 1920.320746, "delta": 65.312607}}
{"target": 29.11190893711737, "params": {"frequency_log": 2.604715218077236, "gradient": 0.06616404562968689, "magnitude": 0.0005700936675475902, "magnitude_min": -0.00017997724701493032}, "datetime": {"datetime": "2024-04-03 16:34:35", "elapsed": 1965.141017, "delta": 44.820271}}
