{"target": 29.53366475854692, "params": {"frequency_log": 3.866168213430779, "magnitude": 1.3923002928205242e-05, "magnitude_min": -0.0006393198853018152}, "datetime": {"datetime": "2024-04-07 20:38:21", "elapsed": 793.902141, "delta": 5.829392}}
{"target": 30.71463540860855, "params": {"frequency_log": 3.8658504641340867, "magnitude": 3.544195805373507e-05, "magnitude_min": -0.0006503316373769334}, "datetime": {"datetime": "2024-04-07 20:38:27", "elapsed": 799.897692, "delta": 5.995551}}
{"target": 23.443465940332107, "params": {"frequency_log": 3.865591911554651, "magnitude": 0.00031102902252694986, "magnitude_min": -0.00021539220312228653}, "datetime": {"datetime": "2024-04-07 20:38:35", "elapsed": 808.065819, "delta": 8.168127}}
{"target": 24.21048267564603, "params": {"frequency_log": 2.1521231012306017, "magnitude": 7.847974591658556e-05, "magnitude_min": -0.0006140597090451346}, "datetime": {"datetime": "2024-04-07 20:38:44", "elapsed": 817.108082, "delta": 9.042263}}
{"target": 31.364650088230395, "params": {"frequency_log": 3.8677156904196583, "magnitude": 0.00015055962292814706, "magnitude_min": -0.0005321707823608171}, "datetime": {"datetime": "2024-04-07 20:38:53", "elapsed": 825.393533, "delta": 8.285451}}
{"target": 32.013828286287065, "params": {"frequency_log": 3.868386192163885, "magnitude": 0.00013360072707366947, "magnitude_min": -0.00038222149369387064}, "datetime": {"datetime": "2024-04-07 20:39:01", "elapsed": 833.244932, "delta": 7.851399}}
{"target": 17.50845577808715, "params": {"frequency_log": 3.868236215677526, "magnitude": 0.00017684247518990018, "magnitude_min": -4.0635142914057995e-05}, "datetime": {"datetime": "2024-04-07 20:39:06", "elapsed": 838.268364, "delta": 5.023432}}
{"target": 28.70039841012942, "params": {"frequency_log": 3.868511331508563, "magnitude": 0.00019127983558217142, "magnitude_min": -0.0006914109316828591}, "datetime": {"datetime": "2024-04-07 20:39:14", "elapsed": 847.037629, "delta": 8.769265}}
{"target": 30.22037932129044, "params": {"frequency_log": 3.86849580275621, "magnitude": 0.00029111044116014647, "magnitude_min": -0.0004957112064152001}, "datetime": {"datetime": "2024-04-07 20:39:25", "elapsed": 857.680185, "delta": 10.642556}}
{"target": 28.33165229852847, "params": {"frequency_log": 3.8681161034374894, "magnitude": 0.00034659811551847276, "magnitude_min": -0.0006608755892806851}, "datetime": {"datetime": "2024-04-07 20:39:37", "elapsed": 869.423468, "delta": 11.743283}}
{"target": 29.14368092030028, "params": {"frequency_log": 3.865491526488604, "magnitude": 0.00010221784526473674, "magnitude_min": -0.0006636584151815051}, "datetime": {"datetime": "2024-04-07 20:39:44", "elapsed": 876.876201, "delta": 7.452733}}
{"target": 28.231973472778016, "params": {"frequency_log": 3.868753268274917, "magnitude": 3.266462973783746e-07, "magnitude_min": -0.0006631499366048856}, "datetime": {"datetime": "2024-04-07 20:39:50", "elapsed": 882.550328, "delta": 5.674127}}
{"target": 31.909049287782707, "params": {"frequency_log": 3.8673098918160536, "magnitude": 5.861671622776177e-07, "magnitude_min": -0.0003628143586202197}, "datetime": {"datetime": "2024-04-07 20:39:56", "elapsed": 888.509917, "delta": 5.959589}}
{"target": 26.183809697981495, "params": {"frequency_log": 3.8658988216512586, "magnitude": 0.0003959702830996153, "magnitude_min": -0.0006825819934796455}, "datetime": {"datetime": "2024-04-07 20:40:08", "elapsed": 901.178995, "delta": 12.669078}}
{"target": 24.617942759528326, "params": {"frequency_log": 3.8686943436455836, "magnitude": 0.00011720097038966809, "magnitude_min": -0.00025977901769839176}, "datetime": {"datetime": "2024-04-07 20:40:15", "elapsed": 907.562499, "delta": 6.383504}}
{"target": 20.252534296527024, "params": {"frequency_log": 3.8639902053700084, "magnitude": 0.0005649070244095893, "magnitude_min": -0.0005641140301923408}, "datetime": {"datetime": "2024-04-07 20:40:28", "elapsed": 920.968654, "delta": 13.406155}}
{"target": 17.928600863079918, "params": {"frequency_log": 3.336430710067312, "magnitude": 2.270808104794215e-05, "magnitude_min": -0.00011068629710119177}, "datetime": {"datetime": "2024-04-07 20:40:33", "elapsed": 925.793683, "delta": 4.825029}}
