{"target": 24.605793301455428, "params": {"frequency_log": 2.0, "magnitude": 0.0002, "magnitude_min": -0.00035}, "datetime": {"datetime": "2024-04-07 20:25:07", "elapsed": 0.0, "delta": 0.0}}
{"target": 21.07426194174801, "params": {"frequency_log": 3.357125797201203, "magnitude": 0.0003588097002472693, "magnitude_min": -0.0003535340319767252}, "datetime": {"datetime": "2024-04-07 20:25:17", "elapsed": 9.430208, "delta": 9.430208}}
{"target": 22.593779758664105, "params": {"frequency_log": 3.2032771573387144, "magnitude": 0.00012192352015549641, "magnitude_min": -5.353451210303819e-05}, "datetime": {"datetime": "2024-04-07 20:25:21", "elapsed": 13.35727, "delta": 3.927062}}
{"target": 25.233149826508697, "params": {"frequency_log": 2.141067527359891, "magnitude": 0.00021098798371329685, "magnitude_min": -0.000454001499607332}, "datetime": {"datetime": "2024-04-07 20:25:30", "elapsed": 22.857369, "delta": 9.500099}}
{"target": 22.07095246153769, "params": {"frequency_log": 2.387148014497816, "magnitude": 0.00024391379291921865, "magnitude_min": -6.059144574564312e-05}, "datetime": {"datetime": "2024-04-07 20:25:36", "elapsed": 29.19903, "delta": 6.341661}}
{"target": 18.24293877444059, "params": {"frequency_log": 2.367992491267831, "magnitude": 0.00044795674239027166, "magnitude_min": -8.971282988636789e-05}, "datetime": {"datetime": "2024-04-07 20:25:44", "elapsed": 36.527241, "delta": 7.328211}}
{"target": 28.776642322804115, "params": {"frequency_log": 3.3373151163562813, "magnitude": 0.0002413630158487981, "magnitude_min": -0.0006033575869011075}, "datetime": {"datetime": "2024-04-07 20:25:54", "elapsed": 46.978193, "delta": 10.450952}}
{"target": 17.732464474319336, "params": {"frequency_log": 2.1895889377743574, "magnitude": 0.000578810864579227, "magnitude_min": -6.301853385709706e-05}, "datetime": {"datetime": "2024-04-07 20:26:02", "elapsed": 54.547513, "delta": 7.56932}}
{"target": 25.526403510418636, "params": {"frequency_log": 2.472518997339947, "magnitude": 7.944130407775061e-05, "magnitude_min": -0.0006241858459676158}, "datetime": {"datetime": "2024-04-07 20:26:10", "elapsed": 62.894626, "delta": 8.347113}}
{"target": 26.72643985050532, "params": {"frequency_log": 2.994410335265605, "magnitude": 0.0002124879532250635, "magnitude_min": -0.0004097405120965909}, "datetime": {"datetime": "2024-04-07 20:26:21", "elapsed": 73.233062, "delta": 10.338436}}
{"target": 19.57697327404972, "params": {"frequency_log": 2.4243954178390412, "magnitude": 0.0005680748357708847, "magnitude_min": -0.0005608021192637957}, "datetime": {"datetime": "2024-04-07 20:26:35", "elapsed": 87.957963, "delta": 14.724901}}
{"target": 25.293938637593406, "params": {"frequency_log": 2.578861889139945, "magnitude": 0.0001618333401242106, "magnitude_min": -5.0305313069042316e-05}, "datetime": {"datetime": "2024-04-07 20:26:42", "elapsed": 94.431643, "delta": 6.47368}}
{"target": 29.007877435685526, "params": {"frequency_log": 3.3356941142169214, "magnitude": 0.000244377483558132, "magnitude_min": -0.000628506951980874}, "datetime": {"datetime": "2024-04-07 20:26:53", "elapsed": 105.297195, "delta": 10.865552}}
{"target": 22.636842670852978, "params": {"frequency_log": 2.0001274416872654, "magnitude": 0.0001936235769102945, "magnitude_min": -0.00026427643563182047}, "datetime": {"datetime": "2024-04-07 20:27:04", "elapsed": 116.860877, "delta": 11.563682}}
{"target": 24.39370376379695, "params": {"frequency_log": 3.3377354795458736, "magnitude": 0.00031275470976908784, "magnitude_min": -0.00018209699634273507}, "datetime": {"datetime": "2024-04-07 20:27:13", "elapsed": 125.535523, "delta": 8.674646}}
{"target": 26.87039633814225, "params": {"frequency_log": 3.3355748671376064, "magnitude": 0.00016523195334331648, "magnitude_min": -0.0005881305013117303}, "datetime": {"datetime": "2024-04-07 20:27:23", "elapsed": 135.240368, "delta": 9.704845}}
{"target": 27.73963240086922, "params": {"frequency_log": 3.3356596741669016, "magnitude": 8.262405306820016e-05, "magnitude_min": -0.00063970623784967}, "datetime": {"datetime": "2024-04-07 20:27:31", "elapsed": 143.236657, "delta": 7.996289}}
{"target": 19.87822014654624, "params": {"frequency_log": 2.5788798391183994, "magnitude": 6.065629397777934e-05, "magnitude_min": -0.00014943654331768432}, "datetime": {"datetime": "2024-04-07 20:27:37", "elapsed": 149.846007, "delta": 6.60935}}
{"target": 26.456352743477126, "params": {"frequency_log": 3.336987605845782, "magnitude": 0.00031369390124552117, "magnitude_min": -0.0005454888088663981}, "datetime": {"datetime": "2024-04-07 20:27:50", "elapsed": 162.648603, "delta": 12.802596}}
{"target": 32.621977827870765, "params": {"frequency_log": 3.337354685045912, "magnitude": 0.00011588877275141059, "magnitude_min": -0.000434631224780386}, "datetime": {"datetime": "2024-04-07 20:27:59", "elapsed": 171.544967, "delta": 8.896364}}
{"target": 29.14180299650169, "params": {"frequency_log": 3.3356816730537533, "magnitude": 0.0002561056531024509, "magnitude_min": -0.0006267728174656141}, "datetime": {"datetime": "2024-04-07 20:28:10", "elapsed": 183.128542, "delta": 11.583575}}
{"target": 24.961820133324327, "params": {"frequency_log": 3.337021739155331, "magnitude": 0.0004422449456511041, "magnitude_min": -0.00027610434692236415}, "datetime": {"datetime": "2024-04-07 20:28:22", "elapsed": 194.712974, "delta": 11.584432}}
{"target": 18.31929217882628, "params": {"frequency_log": 3.335361899565888, "magnitude": 0.0006018811590604011, "magnitude_min": -0.00048559048967294297}, "datetime": {"datetime": "2024-04-07 20:28:37", "elapsed": 209.610893, "delta": 14.897919}}
{"target": 29.55867028193013, "params": {"frequency_log": 3.3372059741525537, "magnitude": 4.210854816838543e-05, "magnitude_min": -0.0005649204213332315}, "datetime": {"datetime": "2024-04-07 20:28:45", "elapsed": 217.505986, "delta": 7.895093}}
{"target": 24.20644315531765, "params": {"frequency_log": 3.3373724765658896, "magnitude": 0.00022838162720851518, "magnitude_min": -1.8654706091670702e-06}, "datetime": {"datetime": "2024-04-07 20:28:49", "elapsed": 222.037866, "delta": 4.53188}}
{"target": 31.38042322409742, "params": {"frequency_log": 3.3372805007257083, "magnitude": 6.801230549251069e-06, "magnitude_min": -0.0004431244833364006}, "datetime": {"datetime": "2024-04-07 20:28:55", "elapsed": 227.947912, "delta": 5.910046}}
{"target": 30.21229613639734, "params": {"frequency_log": 3.336185786244761, "magnitude": 0.00013210879655690724, "magnitude_min": -0.0004725709733830845}, "datetime": {"datetime": "2024-04-07 20:29:03", "elapsed": 235.485052, "delta": 7.53714}}
{"target": 24.353643787546982, "params": {"frequency_log": 3.336329133161872, "magnitude": 0.00041519357077119773, "magnitude_min": -0.00027662521779859054}, "datetime": {"datetime": "2024-04-07 20:29:12", "elapsed": 244.703205, "delta": 9.218153}}
{"target": 18.206215759171386, "params": {"frequency_log": 2.5787823807175716, "magnitude": 0.000561123394488324, "magnitude_min": -0.000206202282106495}, "datetime": {"datetime": "2024-04-07 20:29:20", "elapsed": 252.937292, "delta": 8.234087}}
{"target": 28.904325611668327, "params": {"frequency_log": 3.3375422191505706, "magnitude": 0.000263334011582557, "magnitude_min": -0.0005190570444799749}, "datetime": {"datetime": "2024-04-07 20:29:30", "elapsed": 262.333097, "delta": 9.395805}}
{"target": 20.815276614076957, "params": {"frequency_log": 3.3359010452238977, "magnitude": 0.000588024880657587, "magnitude_min": -0.0006706411034301276}, "datetime": {"datetime": "2024-04-07 20:29:42", "elapsed": 274.431599, "delta": 12.098502}}
{"target": 28.71057632773518, "params": {"frequency_log": 3.33593187158797, "magnitude": 2.5931522909871907e-05, "magnitude_min": -0.0006124223886418576}, "datetime": {"datetime": "2024-04-07 20:29:47", "elapsed": 280.159653, "delta": 5.728054}}
{"target": 27.038201894289266, "params": {"frequency_log": 3.3373113550687146, "magnitude": 0.00023014758905931507, "magnitude_min": -0.00034372199727802726}, "datetime": {"datetime": "2024-04-07 20:29:56", "elapsed": 288.432325, "delta": 8.272672}}
{"target": 29.63708570049455, "params": {"frequency_log": 3.3375652602142187, "magnitude": 0.00012123809011418382, "magnitude_min": -0.0005411851599484867}, "datetime": {"datetime": "2024-04-07 20:30:03", "elapsed": 295.295239, "delta": 6.862914}}
{"target": 16.772253977642833, "params": {"frequency_log": 3.3359238220514658, "magnitude": 0.00012110063076065065, "magnitude_min": -1.7018214826106928e-05}, "datetime": {"datetime": "2024-04-07 20:30:07", "elapsed": 299.313455, "delta": 4.018216}}
{"target": 23.033122294664253, "params": {"frequency_log": 2.993978352296062, "magnitude": 0.0001334608180623881, "magnitude_min": -0.00022408840516178146}, "datetime": {"datetime": "2024-04-07 20:30:13", "elapsed": 305.355071, "delta": 6.041616}}
{"target": 23.6152022243601, "params": {"frequency_log": 2.99473338931508, "magnitude": 0.00018474590517708785, "magnitude_min": -3.75216379461023e-05}, "datetime": {"datetime": "2024-04-07 20:30:18", "elapsed": 310.351704, "delta": 4.996633}}
{"target": 22.38874023485689, "params": {"frequency_log": 2.994849056364627, "magnitude": 0.00043896620083490773, "magnitude_min": -0.0006577535729883127}, "datetime": {"datetime": "2024-04-07 20:30:29", "elapsed": 321.67886, "delta": 11.327156}}
{"target": 21.253993438056288, "params": {"frequency_log": 2.994224037810504, "magnitude": 0.0005437744903664357, "magnitude_min": -0.0006705021481063919}, "datetime": {"datetime": "2024-04-07 20:30:41", "elapsed": 333.889661, "delta": 12.210801}}
{"target": 18.297330682773353, "params": {"frequency_log": 2.472948885011182, "magnitude": 0.0005525385786402903, "magnitude_min": -0.0004731848956926946}, "datetime": {"datetime": "2024-04-07 20:30:53", "elapsed": 345.315201, "delta": 11.42554}}
{"target": 18.03008322585648, "params": {"frequency_log": 2.141416531513481, "magnitude": 0.000498439048045608, "magnitude_min": -0.0001880480822831097}, "datetime": {"datetime": "2024-04-07 20:31:02", "elapsed": 354.302248, "delta": 8.987047}}
{"target": 28.08077206721554, "params": {"frequency_log": 3.336721667378887, "magnitude": 0.00017490687137944842, "magnitude_min": -0.0006751330828798107}, "datetime": {"datetime": "2024-04-07 20:31:11", "elapsed": 364.202394, "delta": 9.900146}}
{"target": 31.19796965905446, "params": {"frequency_log": 3.33664863021498, "magnitude": 0.00014693400189837492, "magnitude_min": -0.0004352778536503784}, "datetime": {"datetime": "2024-04-07 20:31:21", "elapsed": 373.226602, "delta": 9.024208}}
{"target": 22.39884284263909, "params": {"frequency_log": 2.140279680959655, "magnitude": 0.00017007619261098282, "magnitude_min": -8.885188381135758e-05}, "datetime": {"datetime": "2024-04-07 20:31:28", "elapsed": 380.344583, "delta": 7.117981}}
{"target": 31.30905811798208, "params": {"frequency_log": 3.336472879728661, "magnitude": 0.00013984091836189875, "magnitude_min": -0.00038254038482894975}, "datetime": {"datetime": "2024-04-07 20:31:35", "elapsed": 388.119985, "delta": 7.775402}}
{"target": 26.33999934032256, "params": {"frequency_log": 2.471699815216919, "magnitude": 7.816900949590331e-05, "magnitude_min": -0.0006055595425076611}, "datetime": {"datetime": "2024-04-07 20:31:43", "elapsed": 395.880649, "delta": 7.760664}}
{"target": 21.873662323759223, "params": {"frequency_log": 2.471902837794258, "magnitude": 0.0002864337322939384, "magnitude_min": -0.00013376290254840596}, "datetime": {"datetime": "2024-04-07 20:31:52", "elapsed": 404.246514, "delta": 8.365865}}
{"target": 19.618061617411996, "params": {"frequency_log": 2.471066786404579, "magnitude": 0.00026224330035878537, "magnitude_min": -0.00023698998015973235}, "datetime": {"datetime": "2024-04-07 20:32:01", "elapsed": 413.708855, "delta": 9.462341}}
{"target": 20.4284234354242, "params": {"frequency_log": 3.3366774691218835, "magnitude": 0.0005657724709688189, "magnitude_min": -0.0006124772004655702}, "datetime": {"datetime": "2024-04-07 20:32:13", "elapsed": 425.567488, "delta": 11.858633}}
{"target": 34.50834930623214, "params": {"frequency_log": 3.336325345663101, "magnitude": 2.79493113969684e-05, "magnitude_min": -0.00039376017120533945}, "datetime": {"datetime": "2024-04-07 20:32:19", "elapsed": 432.143798, "delta": 6.57631}}
{"target": 25.839152952845282, "params": {"frequency_log": 2.7291102526058215, "magnitude": 0.00024958771216100585, "magnitude_min": -4.356389958830775e-05}, "datetime": {"datetime": "2024-04-07 20:32:25", "elapsed": 438.217991, "delta": 6.074193}}
{"target": 28.072827560299398, "params": {"frequency_log": 2.7286970441693166, "magnitude": 0.0002038599332274832, "magnitude_min": -0.0004947041577456518}, "datetime": {"datetime": "2024-04-07 20:32:35", "elapsed": 447.274232, "delta": 9.056241}}
{"target": 20.8226028320651, "params": {"frequency_log": 2.7286793110704775, "magnitude": 0.0005248983528631082, "magnitude_min": -0.0006518402401750075}, "datetime": {"datetime": "2024-04-07 20:32:47", "elapsed": 459.629183, "delta": 12.354951}}
{"target": 30.55370230999164, "params": {"frequency_log": 3.336817477129813, "magnitude": 2.89078201128251e-05, "magnitude_min": -0.00042280909052585803}, "datetime": {"datetime": "2024-04-07 20:32:53", "elapsed": 466.066706, "delta": 6.437523}}
{"target": 25.155947557801067, "params": {"frequency_log": 2.7281452158187154, "magnitude": 0.00012801318090616717, "magnitude_min": -0.00028678826430218133}, "datetime": {"datetime": "2024-04-07 20:33:02", "elapsed": 474.922978, "delta": 8.856272}}
{"target": 27.59234336285342, "params": {"frequency_log": 2.7284977179269885, "magnitude": 1.0702430649670269e-05, "magnitude_min": -0.0005127157883072472}, "datetime": {"datetime": "2024-04-07 20:33:10", "elapsed": 482.224416, "delta": 7.301438}}
{"target": 18.255793770679645, "params": {"frequency_log": 2.728571188685214, "magnitude": 0.0004607245702239066, "magnitude_min": -3.067103404369822e-05}, "datetime": {"datetime": "2024-04-07 20:33:17", "elapsed": 489.568794, "delta": 7.344378}}
{"target": 30.093131528594327, "params": {"frequency_log": 2.7292600723632545, "magnitude": 0.00011996303736454088, "magnitude_min": -0.0004604743228126116}, "datetime": {"datetime": "2024-04-07 20:33:27", "elapsed": 499.328239, "delta": 9.759445}}
{"target": 19.19605159739093, "params": {"frequency_log": 2.7296415210064158, "magnitude": 0.0005305372883332746, "magnitude_min": -0.0004207648886508253}, "datetime": {"datetime": "2024-04-07 20:33:41", "elapsed": 513.274701, "delta": 13.946462}}
{"target": 27.20967834839122, "params": {"frequency_log": 3.3366689404834258, "magnitude": 0.00020640759164741035, "magnitude_min": -6.891358910861669e-05}, "datetime": {"datetime": "2024-04-07 20:33:47", "elapsed": 519.630052, "delta": 6.355351}}
{"target": 24.755352228330132, "params": {"frequency_log": 2.7273655926898916, "magnitude": 4.14725438838265e-05, "magnitude_min": -0.0006717544365800652}, "datetime": {"datetime": "2024-04-07 20:33:55", "elapsed": 527.539382, "delta": 7.90933}}
{"target": 23.953893509269573, "params": {"frequency_log": 2.7291193256651303, "magnitude": 0.00033915606559986323, "magnitude_min": -0.0006633054034625614}, "datetime": {"datetime": "2024-04-07 20:34:09", "elapsed": 541.243457, "delta": 13.704075}}
{"target": 28.4077359901104, "params": {"frequency_log": 2.729374740890622, "magnitude": 4.506213570898061e-05, "magnitude_min": -0.0005678289721478853}, "datetime": {"datetime": "2024-04-07 20:34:17", "elapsed": 549.662591, "delta": 8.419134}}
{"target": 20.446441985397726, "params": {"frequency_log": 4.527253241695743, "magnitude": 0.0004920141483759418, "magnitude_min": -0.0004751723421235271}, "datetime": {"datetime": "2024-04-07 20:34:30", "elapsed": 562.677116, "delta": 13.014525}}
{"target": 19.94586938706516, "params": {"frequency_log": 2.7293210744720886, "magnitude": 6.838403310267693e-05, "magnitude_min": -0.00015264103535203198}, "datetime": {"datetime": "2024-04-07 20:34:36", "elapsed": 568.878268, "delta": 6.201152}}
{"target": 33.859404015510385, "params": {"frequency_log": 3.3363354278118984, "magnitude": 7.088451589443128e-05, "magnitude_min": -0.00034073440103066493}, "datetime": {"datetime": "2024-04-07 20:34:44", "elapsed": 576.673702, "delta": 7.795434}}
{"target": 31.864283181519568, "params": {"frequency_log": 3.8673616634756334, "magnitude": 0.00022290763395328513, "magnitude_min": -0.0005872596712935353}, "datetime": {"datetime": "2024-04-07 20:34:54", "elapsed": 586.890949, "delta": 10.217247}}
{"target": 21.589770038382373, "params": {"frequency_log": 3.867613736280716, "magnitude": 0.0005463167583149159, "magnitude_min": -0.0003848972904396924}, "datetime": {"datetime": "2024-04-07 20:35:07", "elapsed": 599.227366, "delta": 12.336417}}
{"target": 28.946122193301743, "params": {"frequency_log": 2.7290514327150506, "magnitude": 1.5265670077205484e-05, "magnitude_min": -0.00044538544563201026}, "datetime": {"datetime": "2024-04-07 20:35:14", "elapsed": 607.198605, "delta": 7.971239}}
{"target": 24.387830157887347, "params": {"frequency_log": 3.867024122119161, "magnitude": 0.0003969441249368771, "magnitude_min": -0.00055975544466297}, "datetime": {"datetime": "2024-04-07 20:35:27", "elapsed": 620.130734, "delta": 12.932129}}
{"target": 20.771080905495815, "params": {"frequency_log": 3.8864992379475822, "magnitude": 0.0004987734416565774, "magnitude_min": -0.00047054872832287987}, "datetime": {"datetime": "2024-04-07 20:35:39", "elapsed": 631.719903, "delta": 11.589169}}
{"target": 22.737070844643736, "params": {"frequency_log": 2.1326024979362717, "magnitude": 0.00033722446838444886, "magnitude_min": -0.0006871825124996798}, "datetime": {"datetime": "2024-04-07 20:35:51", "elapsed": 643.226208, "delta": 11.506305}}
{"target": 31.464248435737055, "params": {"frequency_log": 3.8672257740046385, "magnitude": 0.00014872315155484264, "magnitude_min": -0.0003443713177444449}, "datetime": {"datetime": "2024-04-07 20:35:58", "elapsed": 651.195866, "delta": 7.969658}}
{"target": 21.61709185190613, "params": {"frequency_log": 3.866616680532488, "magnitude": 0.0002672928191558186, "magnitude_min": -2.442256313810718e-05}, "datetime": {"datetime": "2024-04-07 20:36:04", "elapsed": 657.041922, "delta": 5.846056}}
{"target": 28.068171223718764, "params": {"frequency_log": 3.3365140727511693, "magnitude": 8.137060811794949e-05, "magnitude_min": -0.0006334433644077839}, "datetime": {"datetime": "2024-04-07 20:36:12", "elapsed": 664.965198, "delta": 7.923276}}
{"target": 22.318112001994145, "params": {"frequency_log": 3.9173946608191335, "magnitude": 0.00048744605813719026, "magnitude_min": -0.000511656232479644}, "datetime": {"datetime": "2024-04-07 20:36:26", "elapsed": 678.770755, "delta": 13.805557}}
{"target": 21.875141025025258, "params": {"frequency_log": 2.5505868278228934, "magnitude": 0.00042423242777328405, "magnitude_min": -0.00017814571175605188}, "datetime": {"datetime": "2024-04-07 20:36:37", "elapsed": 689.364185, "delta": 10.59343}}
{"target": 35.33753252398495, "params": {"frequency_log": 3.8676766864212935, "magnitude": 4.2272432121516315e-05, "magnitude_min": -0.000499177424750851}, "datetime": {"datetime": "2024-04-07 20:36:43", "elapsed": 696.207019, "delta": 6.842834}}
{"target": 33.87302029443007, "params": {"frequency_log": 3.867075263336259, "magnitude": 1.482047524400143e-06, "magnitude_min": -0.0005312007924427948}, "datetime": {"datetime": "2024-04-07 20:36:50", "elapsed": 702.637215, "delta": 6.430196}}
{"target": 26.703556059468188, "params": {"frequency_log": 3.8676795326821125, "magnitude": 9.459890576938911e-06, "magnitude_min": -0.0006930015174940362}, "datetime": {"datetime": "2024-04-07 20:36:56", "elapsed": 708.517168, "delta": 5.879953}}
{"target": 29.291101675733472, "params": {"frequency_log": 3.866587088897255, "magnitude": 0.00012718749318418453, "magnitude_min": -0.0006289927124931402}, "datetime": {"datetime": "2024-04-07 20:37:04", "elapsed": 716.568173, "delta": 8.051005}}
{"target": 24.97632707331128, "params": {"frequency_log": 3.866825485735141, "magnitude": 2.1334112818774176e-05, "magnitude_min": -0.00022496814021522298}, "datetime": {"datetime": "2024-04-07 20:37:09", "elapsed": 721.908385, "delta": 5.340212}}
{"target": 31.683970422384473, "params": {"frequency_log": 3.867527389275573, "magnitude": 0.0001769572758045497, "magnitude_min": -0.0003810913971425653}, "datetime": {"datetime": "2024-04-07 20:37:18", "elapsed": 730.636821, "delta": 8.728436}}
{"target": 29.404469427743667, "params": {"frequency_log": 3.8678575608524364, "magnitude": 0.00030859888469533987, "magnitude_min": -0.0004852939166639813}, "datetime": {"datetime": "2024-04-07 20:37:29", "elapsed": 741.97191, "delta": 11.335089}}
{"target": 24.293554019094323, "params": {"frequency_log": 3.8662960474618524, "magnitude": 0.000498227664229099, "magnitude_min": -0.0006924747941713949}, "datetime": {"datetime": "2024-04-07 20:37:43", "elapsed": 755.858276, "delta": 13.886366}}
{"target": 28.802199892795127, "params": {"frequency_log": 3.8677652074752604, "magnitude": 0.0, "magnitude_min": -0.00032550318566716403}, "datetime": {"datetime": "2024-04-07 20:37:49", "elapsed": 761.905655, "delta": 6.047379}}
{"target": 33.867056998210096, "params": {"frequency_log": 3.867265611375853, "magnitude": 6.216381144034075e-05, "magnitude_min": -0.0004661369091144322}, "datetime": {"datetime": "2024-04-07 20:37:57", "elapsed": 769.295349, "delta": 7.389694}}
{"target": 19.33474501615326, "params": {"frequency_log": 3.868925953802367, "magnitude": 0.0006504388574910499, "magnitude_min": -0.00042251065181802785}, "datetime": {"datetime": "2024-04-07 20:38:09", "elapsed": 781.883176, "delta": 12.587827}}
{"target": 32.56408731689102, "params": {"frequency_log": 3.8674110556329193, "magnitude": 1.1472095425782213e-05, "magnitude_min": -0.0005868506193717839}, "datetime": {"datetime": "2024-04-07 20:38:15", "elapsed": 788.072749, "delta": 6.189573}}
