{"target": 37.03998266169817, "params": {"frequency_log": 2.0, "gradient": 0.1, "magnitude": 0.0002, "magnitude_min": -0.00035}, "datetime": {"datetime": "2024-04-03 15:57:09", "elapsed": 0.0, "delta": 0.0}}
{"target": 42.99776882881292, "params": {"frequency_log": 3.251066014107722, "gradient": 0.21609734803264743, "magnitude": 8.006237214142064e-08, "magnitude_min": -0.0004883671991577122}, "datetime": {"datetime": "2024-04-03 15:57:22", "elapsed": 12.779964, "delta": 12.779964}}
{"target": 36.75202348955708, "params": {"frequency_log": 2.440267672451339, "gradient": 0.027701578430639338, "magnitude": 0.00013038214796436964, "magnitude_min": -0.00045810749106986654}, "datetime": {"datetime": "2024-04-03 15:57:44", "elapsed": 34.19574, "delta": 21.415776}}
{"target": 25.065016444341904, "params": {"frequency_log": 3.19030242269201, "gradient": 0.16164502020100707, "magnitude": 0.00029343616008230635, "magnitude_min": -0.00022034634972226835}, "datetime": {"datetime": "2024-04-03 15:58:01", "elapsed": 51.601956, "delta": 17.406216}}
{"target": 36.68539064915685, "params": {"frequency_log": 2.613356749194552, "gradient": 0.2634352309172836, "magnitude": 1.9171315238548315e-05, "magnitude_min": -0.00023067274287511842}, "datetime": {"datetime": "2024-04-03 15:58:43", "elapsed": 93.34065, "delta": 41.738694}}
{"target": 43.39367039288342, "params": {"frequency_log": 3.251914407101381, "gradient": 0.16760694853372549, "magnitude": 9.827085701666364e-05, "magnitude_min": -0.0005613289576405848}, "datetime": {"datetime": "2024-04-03 15:58:59", "elapsed": 109.488596, "delta": 16.147946}}
{"target": 43.044054738441936, "params": {"frequency_log": 3.2607875246987668, "gradient": 0.19134083656013737, "magnitude": 2.279238650953074e-05, "magnitude_min": -0.0005786008207117838}, "datetime": {"datetime": "2024-04-03 16:01:51", "elapsed": 0.0, "delta": 0.0}}
{"target": 25.048009367298953, "params": {"frequency_log": 3.248917690779111, "gradient": 0.17179711048982257, "magnitude": 0.0005360225044176151, "magnitude_min": -0.0003909960129817989}, "datetime": {"datetime": "2024-04-03 16:02:16", "elapsed": 25.025007, "delta": 25.025007}}
{"target": 19.61338469934038, "params": {"frequency_log": 3.8701570588357623, "gradient": 0.06696736098041242, "magnitude": 0.0006713662529162275, "magnitude_min": -0.0001367204895209997}, "datetime": {"datetime": "2024-04-03 16:02:32", "elapsed": 41.253225, "delta": 16.228218}}
{"target": 21.64641490194598, "params": {"frequency_log": 2.0636188209578865, "gradient": 0.24236437188801635, "magnitude": 0.0006753988787722318, "magnitude_min": -0.00020854888092948314}, "datetime": {"datetime": "2024-04-03 16:03:25", "elapsed": 93.825382, "delta": 52.572157}}
{"target": 18.57370671993128, "params": {"frequency_log": 3.0932575747022857, "gradient": 0.006719433340067848, "magnitude": 0.00010669004233772452, "magnitude_min": -1.9934933282947983e-05}, "datetime": {"datetime": "2024-04-03 16:03:31", "elapsed": 99.360816, "delta": 5.535434}}
{"target": 25.54526086025889, "params": {"frequency_log": 4.98590062390559, "gradient": 0.09755175176481339, "magnitude": 0.0005718061880925927, "magnitude_min": -0.0006687562299452875}, "datetime": {"datetime": "2024-04-03 16:04:04", "elapsed": 133.124096, "delta": 33.76328}}
{"target": 23.79041831462218, "params": {"frequency_log": 4.943693881935696, "gradient": 0.08112519854432167, "magnitude": 0.0005661495126488377, "magnitude_min": -0.00038740846750982}, "datetime": {"datetime": "2024-04-03 16:04:32", "elapsed": 160.440069, "delta": 27.315973}}
{"target": 25.489358263073562, "params": {"frequency_log": 2.974627284197036, "gradient": 0.1907344248557382, "magnitude": 0.00028035357655264244, "magnitude_min": -0.0001739116400597769}, "datetime": {"datetime": "2024-04-03 16:04:54", "elapsed": 182.497488, "delta": 22.057419}}
{"target": 29.428280990575367, "params": {"frequency_log": 2.917733662011333, "gradient": 0.20299599120390802, "magnitude": 0.0003859672097924863, "magnitude_min": -0.0004788996325020018}, "datetime": {"datetime": "2024-04-03 16:05:32", "elapsed": 220.505955, "delta": 38.008467}}
{"target": 30.82754872944968, "params": {"frequency_log": 3.191553592461858, "gradient": 0.05825336892575787, "magnitude": 3.699918387580985e-05, "magnitude_min": -0.00045853357817194197}, "datetime": {"datetime": "2024-04-03 16:05:47", "elapsed": 235.722991, "delta": 15.217036}}
{"target": 46.55504810113763, "params": {"frequency_log": 2.028390956475857, "gradient": 0.16506127003732135, "magnitude": 0.00011339179341470655, "magnitude_min": -0.00036554056057928815}, "datetime": {"datetime": "2024-04-03 16:06:24", "elapsed": 272.957271, "delta": 37.23428}}
{"target": 25.5452254168972, "params": {"frequency_log": 2.9970579957890715, "gradient": 0.1454377519540884, "magnitude": 0.0002917784160818304, "magnitude_min": -0.000125418804589282}, "datetime": {"datetime": "2024-04-03 16:06:40", "elapsed": 288.734958, "delta": 15.777687}}
{"target": 25.601663647071863, "params": {"frequency_log": 2.702171222603207, "gradient": 0.13410055670361823, "magnitude": 0.0003850767991317916, "magnitude_min": -3.5572118801792505e-05}, "datetime": {"datetime": "2024-04-03 16:06:54", "elapsed": 302.698437, "delta": 13.963479}}
{"target": 43.63434992833589, "params": {"frequency_log": 2.3536131895492165, "gradient": 0.1651593287330035, "magnitude": 0.00034402559832147746, "magnitude_min": -0.0005978276074198323}, "datetime": {"datetime": "2024-04-03 16:07:34", "elapsed": 342.375759, "delta": 39.677322}}
{"target": 22.309649042449756, "params": {"frequency_log": 2.7881606260490273, "gradient": 0.006550156593460077, "magnitude": 0.0001172288620378674, "magnitude_min": -0.000250860420704965}, "datetime": {"datetime": "2024-04-03 16:07:50", "elapsed": 358.859132, "delta": 16.483373}}
{"target": 43.39358049629944, "params": {"frequency_log": 2.588243899289827, "gradient": 0.12011073395740138, "magnitude": 0.0003607298984496744, "magnitude_min": -0.0006509397023508343}, "datetime": {"datetime": "2024-04-03 16:08:28", "elapsed": 396.703206, "delta": 37.844074}}
{"target": 27.87099023837371, "params": {"frequency_log": 2.542365559033146, "gradient": 0.08153138834837391, "magnitude": 0.0005624784323563651, "magnitude_min": -0.0002463730194846338}, "datetime": {"datetime": "2024-04-03 16:08:55", "elapsed": 423.540508, "delta": 26.837302}}
{"target": 26.17023188790235, "params": {"frequency_log": 2.4011389332363335, "gradient": 0.15235458257963105, "magnitude": 0.000622372325474782, "magnitude_min": -0.0003029851349081176}, "datetime": {"datetime": "2024-04-03 16:09:26", "elapsed": 455.239837, "delta": 31.699329}}
{"target": 26.084831822883068, "params": {"frequency_log": 2.454910416258749, "gradient": 0.06127923627297655, "magnitude": 0.00047073294869710077, "magnitude_min": -8.763169740648924e-05}, "datetime": {"datetime": "2024-04-03 16:09:46", "elapsed": 474.416788, "delta": 19.176951}}
{"target": 21.661785130541293, "params": {"frequency_log": 4.454125847035011, "gradient": 0.049058013623085636, "magnitude": 1.0523252249267512e-05, "magnitude_min": -0.0005873079039841687}, "datetime": {"datetime": "2024-04-03 16:09:55", "elapsed": 483.346322, "delta": 8.929534}}
{"target": 21.891454813448075, "params": {"frequency_log": 4.958029068313245, "gradient": 0.21249829196948436, "magnitude": 0.00040775914959107, "magnitude_min": -0.00017771290405760917}, "datetime": {"datetime": "2024-04-03 16:10:07", "elapsed": 495.615391, "delta": 12.269069}}
{"target": 26.471642414133576, "params": {"frequency_log": 4.696997099994606, "gradient": 0.13566583464224952, "magnitude": 0.0002794504052885328, "magnitude_min": -0.00048193025352913734}, "datetime": {"datetime": "2024-04-03 16:10:25", "elapsed": 513.59878, "delta": 17.983389}}
{"target": 23.628407541693623, "params": {"frequency_log": 4.105103243524165, "gradient": 0.11527074924764852, "magnitude": 0.00018785574549121329, "magnitude_min": -0.0003575716349042419}, "datetime": {"datetime": "2024-04-03 16:10:39", "elapsed": 527.555601, "delta": 13.956821}}
{"target": 22.41896715542163, "params": {"frequency_log": 4.982714852727483, "gradient": 0.07675249314516955, "magnitude": 0.00043304018222239406, "magnitude_min": -0.00044111360242713826}, "datetime": {"datetime": "2024-04-03 16:11:00", "elapsed": 549.050866, "delta": 21.495265}}
{"target": 24.01415836936625, "params": {"frequency_log": 4.553059733854639, "gradient": 0.2348868498175421, "magnitude": 0.000631533240194636, "magnitude_min": -0.000634627113883888}, "datetime": {"datetime": "2024-04-03 16:11:29", "elapsed": 577.566018, "delta": 28.515152}}
{"target": 44.62960730173772, "params": {"frequency_log": 3.1838706097188503, "gradient": 0.19459094351814418, "magnitude": 0.00010979080027701247, "magnitude_min": -0.0004078605511724741}, "datetime": {"datetime": "2024-04-03 16:11:46", "elapsed": 594.721892, "delta": 17.155874}}
{"target": 26.055008845423018, "params": {"frequency_log": 3.6177935797067824, "gradient": 0.11762182176699562, "magnitude": 0.0006560735256184651, "magnitude_min": -0.00040484325087090884}, "datetime": {"datetime": "2024-04-03 16:12:11", "elapsed": 619.351111, "delta": 24.629219}}
{"target": 22.864474210089448, "params": {"frequency_log": 3.4654970865550454, "gradient": 0.01925845221696244, "magnitude": 0.00023074571371637918, "magnitude_min": -0.0002518734231546636}, "datetime": {"datetime": "2024-04-03 16:12:24", "elapsed": 632.857586, "delta": 13.506475}}
{"target": 21.917783990761595, "params": {"frequency_log": 3.216608415630254, "gradient": 0.004190771790093706, "magnitude": 0.00028570543873284555, "magnitude_min": -0.00014849067673724072}, "datetime": {"datetime": "2024-04-03 16:12:38", "elapsed": 646.899573, "delta": 14.041987}}
{"target": 21.8522961377133, "params": {"frequency_log": 3.9651899550691025, "gradient": 0.06532520944345611, "magnitude": 0.0004918586071098892, "magnitude_min": -6.510162340920308e-05}, "datetime": {"datetime": "2024-04-03 16:12:49", "elapsed": 657.641811, "delta": 10.742238}}
{"target": 26.543835816400275, "params": {"frequency_log": 2.9041254129701617, "gradient": 0.18968481758547373, "magnitude": 0.0006250184160949681, "magnitude_min": -0.0003471162387347098}, "datetime": {"datetime": "2024-04-03 16:13:14", "elapsed": 682.975021, "delta": 25.33321}}
{"target": 24.93500814512544, "params": {"frequency_log": 4.220535019081495, "gradient": 0.2951663831946482, "magnitude": 0.0001122811780204308, "magnitude_min": -0.00018121434517014753}, "datetime": {"datetime": "2024-04-03 16:13:24", "elapsed": 693.107838, "delta": 10.132817}}
{"target": 26.725997036641214, "params": {"frequency_log": 3.0789933971189583, "gradient": 0.152082870814431, "magnitude": 0.0005073853845979102, "magnitude_min": -0.00033534851154514296}, "datetime": {"datetime": "2024-04-03 16:13:49", "elapsed": 718.242224, "delta": 25.134386}}
{"target": 25.011569426998864, "params": {"frequency_log": 3.4569552082533623, "gradient": 0.20651121422990357, "magnitude": 0.000453339168347752, "magnitude_min": -0.00013927611038405013}, "datetime": {"datetime": "2024-04-03 16:14:07", "elapsed": 735.430331, "delta": 17.188107}}
{"target": 22.264426954092716, "params": {"frequency_log": 4.7921065430613705, "gradient": 0.27374712328247786, "magnitude": 0.0005284599143645048, "magnitude_min": -0.00021745583603125217}, "datetime": {"datetime": "2024-04-03 16:14:24", "elapsed": 753.192769, "delta": 17.762438}}
{"target": 22.953314581285632, "params": {"frequency_log": 3.180053941821796, "gradient": 0.2833395499272721, "magnitude": 0.0005354575773167248, "magnitude_min": -0.00014963614323332567}, "datetime": {"datetime": "2024-04-03 16:14:46", "elapsed": 774.342233, "delta": 21.149464}}
{"target": 52.55512934432473, "params": {"frequency_log": 3.0504572777082704, "gradient": 0.2828755527480434, "magnitude": 0.00026554308460338493, "magnitude_min": -0.0004974275079722076}, "datetime": {"datetime": "2024-04-03 16:15:25", "elapsed": 813.439879, "delta": 39.097646}}
{"target": 21.40292130248707, "params": {"frequency_log": 3.295549050388917, "gradient": 0.20365155869059928, "magnitude": 0.0006521658436808223, "magnitude_min": -0.00022707770866995877}, "datetime": {"datetime": "2024-04-03 16:15:48", "elapsed": 836.754877, "delta": 23.314998}}
{"target": 24.65420027035707, "params": {"frequency_log": 3.9348519458239095, "gradient": 0.037566230683765085, "magnitude": 0.0004756071312174332, "magnitude_min": -0.0005202095494640082}, "datetime": {"datetime": "2024-04-03 16:16:18", "elapsed": 866.336199, "delta": 29.581322}}
{"target": 26.038168715414088, "params": {"frequency_log": 3.2642357779189073, "gradient": 0.1254165584940634, "magnitude": 0.0005774527958424401, "magnitude_min": -0.0004494310478742687}, "datetime": {"datetime": "2024-04-03 16:16:48", "elapsed": 897.063299, "delta": 30.7271}}
{"target": 22.024021058266932, "params": {"frequency_log": 4.884400797698916, "gradient": 0.20459193457064911, "magnitude": 0.0004163531821109658, "magnitude_min": -0.0002141852195808434}, "datetime": {"datetime": "2024-04-03 16:17:06", "elapsed": 914.556524, "delta": 17.493225}}
{"target": 24.22052838739889, "params": {"frequency_log": 4.97095036909531, "gradient": 0.19321192799824025, "magnitude": 6.14671301228797e-05, "magnitude_min": -0.0006505668367532612}, "datetime": {"datetime": "2024-04-03 16:17:15", "elapsed": 924.02174, "delta": 9.465216}}
{"target": 22.364118934135423, "params": {"frequency_log": 3.2858425308321006, "gradient": 0.05262925289416946, "magnitude": 0.0002918517352815826, "magnitude_min": -0.00010406106846882286}, "datetime": {"datetime": "2024-04-03 16:17:28", "elapsed": 936.811776, "delta": 12.790036}}
{"target": 22.145382841007777, "params": {"frequency_log": 4.067294206258313, "gradient": 0.03535407250616363, "magnitude": 0.00038046201162399195, "magnitude_min": -0.0002103799785034598}, "datetime": {"datetime": "2024-04-03 16:17:45", "elapsed": 954.207097, "delta": 17.395321}}
{"target": 43.07910455603144, "params": {"frequency_log": 3.1404885397708435, "gradient": 0.2545187497000013, "magnitude": 0.00028765658028684945, "magnitude_min": -0.0004390134186962127}, "datetime": {"datetime": "2024-04-03 16:18:17", "elapsed": 986.154733, "delta": 31.947636}}
{"target": 34.8018828210455, "params": {"frequency_log": 4.338369153581661, "gradient": 0.27091346405082034, "magnitude": 0.00035868777021173673, "magnitude_min": -0.0004933368850581806}, "datetime": {"datetime": "2024-04-03 16:18:44", "elapsed": 1012.632503, "delta": 26.47777}}
{"target": 37.156100863524784, "params": {"frequency_log": 3.9905688663437937, "gradient": 0.13734989102301282, "magnitude": 0.0002719226934534824, "magnitude_min": -0.000643242340820873}, "datetime": {"datetime": "2024-04-03 16:19:10", "elapsed": 1038.580996, "delta": 25.948493}}
{"target": 29.176729974140535, "params": {"frequency_log": 4.766345252828749, "gradient": 0.09166229546573725, "magnitude": 0.00037838544284336025, "magnitude_min": -0.0006188176835857734}, "datetime": {"datetime": "2024-04-03 16:19:38", "elapsed": 1067.149336, "delta": 28.56834}}
{"target": 26.319710604517855, "params": {"frequency_log": 2.859696038368549, "gradient": 0.031160133320007798, "magnitude": 0.0005974964847842251, "magnitude_min": -0.0006011932171494863}, "datetime": {"datetime": "2024-04-03 16:20:10", "elapsed": 1098.660655, "delta": 31.511319}}
{"target": 30.876866152104324, "params": {"frequency_log": 4.1594092276014365, "gradient": 0.08611122805962657, "magnitude": 0.00017219676203799025, "magnitude_min": -0.000576999656719257}, "datetime": {"datetime": "2024-04-03 16:20:26", "elapsed": 1114.93742, "delta": 16.276765}}
{"target": 36.66388248497402, "params": {"frequency_log": 4.817567674710645, "gradient": 0.29156747985379966, "magnitude": 0.00017372552739094188, "magnitude_min": -0.000603079574974452}, "datetime": {"datetime": "2024-04-03 16:20:43", "elapsed": 1131.738591, "delta": 16.801171}}
{"target": 26.87340249212777, "params": {"frequency_log": 3.6818667244783434, "gradient": 0.24475907286626267, "magnitude": 0.0004950552327173583, "magnitude_min": -0.0005881465271249985}, "datetime": {"datetime": "2024-04-03 16:21:15", "elapsed": 1163.72242, "delta": 31.983829}}
{"target": 23.003684727395083, "params": {"frequency_log": 3.429935389821386, "gradient": 0.24463528985907557, "magnitude": 0.00044091702064635055, "magnitude_min": -6.200408483446644e-05}, "datetime": {"datetime": "2024-04-03 16:21:29", "elapsed": 1177.515697, "delta": 13.793277}}
{"target": 21.44210033219818, "params": {"frequency_log": 4.1604562432466246, "gradient": 0.17181928481068792, "magnitude": 0.00046120513718284176, "magnitude_min": -6.053389938428773e-06}, "datetime": {"datetime": "2024-04-03 16:21:37", "elapsed": 1186.18006, "delta": 8.664363}}
{"target": 43.80259186654168, "params": {"frequency_log": 2.477056887429504, "gradient": 0.14353093520673194, "magnitude": 0.00035468398547074765, "magnitude_min": -0.0006152031222193818}, "datetime": {"datetime": "2024-04-03 16:22:18", "elapsed": 1226.84733, "delta": 40.66727}}
{"target": 21.556201508360083, "params": {"frequency_log": 4.930106753352381, "gradient": 0.1616652533607587, "magnitude": 0.0006890974470793235, "magnitude_min": -0.00014567698158727725}, "datetime": {"datetime": "2024-04-03 16:22:40", "elapsed": 1248.812189, "delta": 21.964859}}
{"target": 25.131645826301483, "params": {"frequency_log": 3.6765956031240683, "gradient": 0.05994080157407204, "magnitude": 0.0005622844266704354, "magnitude_min": -0.0006430654407972461}, "datetime": {"datetime": "2024-04-03 16:23:47", "elapsed": 1315.35655, "delta": 66.544361}}
{"target": 17.550657318017944, "params": {"frequency_log": 4.392574495343878, "gradient": 0.054954694410861815, "magnitude": 0.0001518311940159751, "magnitude_min": -3.7607715723603696e-05}, "datetime": {"datetime": "2024-04-03 16:23:55", "elapsed": 1323.941209, "delta": 8.584659}}
{"target": 28.49322601873921, "params": {"frequency_log": 2.5452546284049795, "gradient": 0.26822795505289865, "magnitude": 0.0003531800080032715, "magnitude_min": -9.62396321730534e-06}, "datetime": {"datetime": "2024-04-03 16:25:04", "elapsed": 1392.450896, "delta": 68.509687}}
{"target": 39.827651085903334, "params": {"frequency_log": 4.0374812452329785, "gradient": 0.24868232788257724, "magnitude": 0.0002294157336463466, "magnitude_min": -0.00043422885458395703}, "datetime": {"datetime": "2024-04-03 16:25:41", "elapsed": 1430.195094, "delta": 37.744198}}
{"target": 23.16285787119885, "params": {"frequency_log": 4.397945976179701, "gradient": 0.08160673947822752, "magnitude": 0.0004890474959507873, "magnitude_min": -0.0003892677154915618}, "datetime": {"datetime": "2024-04-03 16:26:28", "elapsed": 1477.125521, "delta": 46.930427}}
{"target": 23.085340532520693, "params": {"frequency_log": 3.210166745655683, "gradient": 0.2961420954807889, "magnitude": 0.0004769045876653873, "magnitude_min": -6.408760184754727e-05}, "datetime": {"datetime": "2024-04-03 16:27:06", "elapsed": 1514.726793, "delta": 37.601272}}
{"target": 24.702565348871108, "params": {"frequency_log": 3.9301735668482958, "gradient": 0.18327795914967826, "magnitude": 0.0006050136173642911, "magnitude_min": -0.0005550158545571662}, "datetime": {"datetime": "2024-04-03 16:28:05", "elapsed": 1573.683758, "delta": 58.956965}}
{"target": 19.049112702036595, "params": {"frequency_log": 3.6197835362209743, "gradient": 0.09637850457943313, "magnitude": 0.0005860374720191699, "magnitude_min": -7.285776225386697e-06}, "datetime": {"datetime": "2024-04-03 16:28:24", "elapsed": 1593.052628, "delta": 19.36887}}
{"target": 22.949728416384275, "params": {"frequency_log": 4.399052529552244, "gradient": 0.1150869964068719, "magnitude": 0.0005485219300945005, "magnitude_min": -0.00020010821347383036}, "datetime": {"datetime": "2024-04-03 16:28:59", "elapsed": 1628.135236, "delta": 35.082608}}
{"target": 20.808350031070265, "params": {"frequency_log": 4.997080915985382, "gradient": 0.17544021133535734, "magnitude": 0.00033262202859339634, "magnitude_min": -8.014355345331103e-05}, "datetime": {"datetime": "2024-04-03 16:29:16", "elapsed": 1644.988951, "delta": 16.853715}}
{"target": 19.683492379574837, "params": {"frequency_log": 4.979042731251649, "gradient": 0.07993911019667777, "magnitude": 3.0854670349780486e-05, "magnitude_min": -0.00031731571388863926}, "datetime": {"datetime": "2024-04-03 16:29:29", "elapsed": 1658.205988, "delta": 13.217037}}
{"target": 26.777788313005143, "params": {"frequency_log": 3.709739039407675, "gradient": 0.010449208902207806, "magnitude": 0.0005869607188019474, "magnitude_min": -0.00032176175524625486}, "datetime": {"datetime": "2024-04-03 16:30:20", "elapsed": 1709.227234, "delta": 51.021246}}
{"target": 26.02909553587295, "params": {"frequency_log": 2.587330029972135, "gradient": 0.12091628007568948, "magnitude": 0.0006972027098055187, "magnitude_min": -0.0006399711401781061}, "datetime": {"datetime": "2024-04-03 16:31:37", "elapsed": 1786.079035, "delta": 76.851801}}
{"target": 23.49548378777274, "params": {"frequency_log": 4.860053733248497, "gradient": 0.22985558204831458, "magnitude": 0.0006998031069634358, "magnitude_min": -0.0004645402036032489}, "datetime": {"datetime": "2024-04-03 16:32:34", "elapsed": 1843.178297, "delta": 57.099262}}
{"target": 50.888704703204205, "params": {"frequency_log": 2.1380213531651484, "gradient": 0.07285925057929554, "magnitude": 0.00024155908685110023, "magnitude_min": -0.0006395698921378083}, "datetime": {"datetime": "2024-04-03 16:33:40", "elapsed": 1909.055779, "delta": 65.877482}}
{"target": 23.459295344458234, "params": {"frequency_log": 2.604715218077236, "gradient": 0.06616404562968689, "magnitude": 0.0005700936675475902, "magnitude_min": -0.00017997724701493032}, "datetime": {"datetime": "2024-04-03 16:34:25", "elapsed": 1954.210996, "delta": 45.155217}}
