{"target": 24.067957719033792, "params": {"frequency_log": 3.581898908975174, "gradient": 0.24242139101467644, "magnitude": 0.0005529997417256992, "magnitude_min": -0.00024974620621698535}, "datetime": {"datetime": "2024-04-03 16:35:14", "elapsed": 2003.218119, "delta": 49.007123}}
{"target": 24.35065612607363, "params": {"frequency_log": 4.740549547383001, "gradient": 0.21553836152737282, "magnitude": 0.00037249643823009565, "magnitude_min": -0.0003767643511173375}, "datetime": {"datetime": "2024-04-03 16:36:01", "elapsed": 2050.267485, "delta": 47.049366}}
{"target": 25.711612364849152, "params": {"frequency_log": 2.2074490856253117, "gradient": 0.29264088013699224, "magnitude": 0.0006561390539738123, "magnitude_min": -0.0005055295399165074}, "datetime": {"datetime": "2024-04-03 16:38:36", "elapsed": 2204.542607, "delta": 154.275122}}
{"target": 21.038530319327965, "params": {"frequency_log": 4.581860424865171, "gradient": 0.09359762915090143, "magnitude": 0.00047454401309920204, "magnitude_min": -7.45443692635033e-05}, "datetime": {"datetime": "2024-04-03 16:38:46", "elapsed": 2214.384728, "delta": 9.842121}}
{"target": 41.97009498127966, "params": {"frequency_log": 2.60698635135988, "gradient": 0.24048575975362368, "magnitude": 0.00030504668100469643, "magnitude_min": -0.00047903348490634546}, "datetime": {"datetime": "2024-04-03 16:39:24", "elapsed": 2252.513284, "delta": 38.128556}}
{"target": 23.991551612641324, "params": {"frequency_log": 3.812359947129118, "gradient": 0.20701885243909443, "magnitude": 0.0004565572147965852, "magnitude_min": -0.0004094341867295912}, "datetime": {"datetime": "2024-04-03 16:39:48", "elapsed": 2276.482019, "delta": 23.968735}}
{"target": 26.015595644247473, "params": {"frequency_log": 2.5637089940127713, "gradient": 0.029308454326497112, "magnitude": 0.0004042540670543229, "magnitude_min": -6.898914039661966e-05}, "datetime": {"datetime": "2024-04-03 16:40:02", "elapsed": 2290.83184, "delta": 14.349821}}
{"target": 36.32545047995456, "params": {"frequency_log": 2.826992745613704, "gradient": 0.11788067975744942, "magnitude": 0.0003977194200865323, "magnitude_min": -0.0006162547902540523}, "datetime": {"datetime": "2024-04-03 16:40:33", "elapsed": 2321.446266, "delta": 30.614426}}
{"target": 27.392306511639216, "params": {"frequency_log": 3.0063346174784504, "gradient": 0.11377620687403803, "magnitude": 0.0001426735547504587, "magnitude_min": -0.00027382889141600074}, "datetime": {"datetime": "2024-04-03 16:40:49", "elapsed": 2337.710781, "delta": 16.264515}}
{"target": 22.248114269685438, "params": {"frequency_log": 4.288223336838422, "gradient": 0.19749686343567902, "magnitude": 0.00020928674641883602, "magnitude_min": -0.000219592382143753}, "datetime": {"datetime": "2024-04-03 16:40:59", "elapsed": 2348.27531, "delta": 10.564529}}
{"target": 20.54764412160756, "params": {"frequency_log": 4.235550975613943, "gradient": 0.03540006253200271, "magnitude": 7.551922268455214e-06, "magnitude_min": -0.0002871980998352733}, "datetime": {"datetime": "2024-04-03 16:41:07", "elapsed": 2355.44135, "delta": 7.16604}}
{"target": 21.234677682975224, "params": {"frequency_log": 4.865587187788644, "gradient": 0.19001182518423418, "magnitude": 0.0003207603063281533, "magnitude_min": -0.0001292476584375629}, "datetime": {"datetime": "2024-04-03 16:41:17", "elapsed": 2366.262495, "delta": 10.821145}}
{"target": 26.968964077734995, "params": {"frequency_log": 3.1327510708024926, "gradient": 0.26963780222462186, "magnitude": 0.0002749637287338856, "magnitude_min": -0.00017532768017174236}, "datetime": {"datetime": "2024-04-03 16:41:46", "elapsed": 2394.748254, "delta": 28.485759}}
{"target": 24.093304057691853, "params": {"frequency_log": 2.715188622984004, "gradient": 0.2859566038621102, "magnitude": 0.0006791873124241147, "magnitude_min": -0.000322730466947772}, "datetime": {"datetime": "2024-04-03 16:42:28", "elapsed": 2436.554474, "delta": 41.80622}}
{"target": 40.887539680541884, "params": {"frequency_log": 3.626726752935096, "gradient": 0.18809395401921578, "magnitude": 0.0003486013803579371, "magnitude_min": -0.000572122132446294}, "datetime": {"datetime": "2024-04-03 16:42:58", "elapsed": 2466.818494, "delta": 30.26402}}
{"target": 25.439725662090726, "params": {"frequency_log": 2.330438043649851, "gradient": 0.1461489275425014, "magnitude": 0.0006352244266285594, "magnitude_min": -0.0004977040223917185}, "datetime": {"datetime": "2024-04-03 16:43:38", "elapsed": 2506.760059, "delta": 39.941565}}
{"target": 28.95771097448495, "params": {"frequency_log": 4.163235977019645, "gradient": 0.27510087857438376, "magnitude": 0.00044922399290413576, "magnitude_min": -0.0005412200124041293}, "datetime": {"datetime": "2024-04-03 16:44:11", "elapsed": 2539.665907, "delta": 32.905848}}
{"target": 34.10739983695977, "params": {"frequency_log": 4.115032086341626, "gradient": 0.1467378327773007, "magnitude": 0.00034491582574537117, "magnitude_min": -0.0005614991463337778}, "datetime": {"datetime": "2024-04-03 16:44:39", "elapsed": 2567.759953, "delta": 28.094046}}
{"target": 25.216076107930753, "params": {"frequency_log": 3.267220838632523, "gradient": 0.21603484526692698, "magnitude": 0.000587858574133294, "magnitude_min": -0.0004087702061078145}, "datetime": {"datetime": "2024-04-03 16:45:12", "elapsed": 2600.714614, "delta": 32.954661}}
{"target": 21.883776986749, "params": {"frequency_log": 4.776760455329404, "gradient": 0.2161490925994442, "magnitude": 0.00011555529627806349, "magnitude_min": -0.0002361161060535965}, "datetime": {"datetime": "2024-04-03 16:45:20", "elapsed": 2608.773952, "delta": 8.059338}}
{"target": 26.077631202394812, "params": {"frequency_log": 3.481553219397286, "gradient": 0.15293607122544764, "magnitude": 0.00013352876156461852, "magnitude_min": -0.00023246315070158232}, "datetime": {"datetime": "2024-04-03 16:45:33", "elapsed": 2621.415496, "delta": 12.641544}}
{"target": 47.443579572019765, "params": {"frequency_log": 2.584159304784103, "gradient": 0.26248489568969496, "magnitude": 3.6873703661188696e-06, "magnitude_min": -0.0006159821530461464}, "datetime": {"datetime": "2024-04-03 16:46:01", "elapsed": 2649.919738, "delta": 28.504242}}
{"target": 23.178759046718334, "params": {"frequency_log": 3.493289215610655, "gradient": 0.07604075468662065, "magnitude": 0.0004357807854902046, "magnitude_min": -0.00012199335389905864}, "datetime": {"datetime": "2024-04-03 16:46:19", "elapsed": 2667.758567, "delta": 17.838829}}
{"target": 42.908913784714834, "params": {"frequency_log": 2.716384399722487, "gradient": 0.09184234421971685, "magnitude": 0.0003357026080165521, "magnitude_min": -0.0006099122265382658}, "datetime": {"datetime": "2024-04-03 16:46:53", "elapsed": 2701.382526, "delta": 33.623959}}
{"target": 22.35756292406281, "params": {"frequency_log": 3.064997022304915, "gradient": 0.03181893866579514, "magnitude": 0.0002500126328589435, "magnitude_min": -5.67030190827321e-05}, "datetime": {"datetime": "2024-04-03 16:47:04", "elapsed": 2713.15737, "delta": 11.774844}}
{"target": 20.6206880245472, "params": {"frequency_log": 2.7379649441787626, "gradient": 0.06081010763493283, "magnitude": 0.0005589530545369496, "magnitude_min": -0.0001003351469129189}, "datetime": {"datetime": "2024-04-03 16:47:21", "elapsed": 2729.305403, "delta": 16.148033}}
{"target": 52.27682578901454, "params": {"frequency_log": 2.4730576687849197, "gradient": 0.1380150472453444, "magnitude": 0.0003106183289056909, "magnitude_min": -0.0006609249813363808}, "datetime": {"datetime": "2024-04-03 16:47:54", "elapsed": 2762.65035, "delta": 33.344947}}
{"target": 39.58015722218965, "params": {"frequency_log": 3.9303627470559954, "gradient": 0.23971577838425084, "magnitude": 0.00020229750505151725, "magnitude_min": -0.00039615821499559324}, "datetime": {"datetime": "2024-04-03 16:48:14", "elapsed": 2782.577575, "delta": 19.927225}}
