{"target": 34.65657861270188, "params": {"frequency_log": 2.0, "gradient": 0.1, "magnitude": 0.0002, "magnitude_min": -0.00035}, "datetime": {"datetime": "2024-04-07 16:46:10", "elapsed": 0.0, "delta": 0.0}}
{"target": 55.91859978833179, "params": {"frequency_log": 2.3574175365318006, "gradient": 0.0331045073991185, "magnitude": 0.00011645211872295599, "magnitude_min": -0.00043450037473242027}, "datetime": {"datetime": "2024-04-07 16:46:18", "elapsed": 7.494818, "delta": 7.494818}}
{"target": 33.23430439095004, "params": {"frequency_log": 4.67076799545026, "gradient": 0.09043121726767052, "magnitude": 0.0004618336103567276, "magnitude_min": -0.00015331099642538267}, "datetime": {"datetime": "2024-04-07 16:46:23", "elapsed": 13.151089, "delta": 5.656271}}
{"target": 19.9040262534183, "params": {"frequency_log": 2.3906841663635072, "gradient": 0.24814717935487754, "magnitude": 0.0006061586274211488, "magnitude_min": -0.00017500922497442467}, "datetime": {"datetime": "2024-04-07 16:46:34", "elapsed": 23.733381, "delta": 10.582292}}
{"target": 26.914021045056256, "params": {"frequency_log": 2.086814216594099, "gradient": 0.2044028415180895, "magnitude": 0.00046001449100813234, "magnitude_min": -0.00035468937362155903}, "datetime": {"datetime": "2024-04-07 16:46:50", "elapsed": 39.80882, "delta": 16.075439}}
{"target": 27.891740358324114, "params": {"frequency_log": 4.783043295769728, "gradient": 0.11059481972589397, "magnitude": 0.0004838078089149417, "magnitude_min": -0.0005581895215073994}, "datetime": {"datetime": "2024-04-07 16:47:00", "elapsed": 49.621235, "delta": 9.812415}}
{"target": 50.2947950792991, "params": {"frequency_log": 2.483593472828538, "gradient": 0.270110049258283, "magnitude": 0.00010906754770927213, "magnitude_min": -0.0005952558311965943}, "datetime": {"datetime": "2024-04-07 16:47:15", "elapsed": 65.038865, "delta": 15.41763}}
{"target": 26.49741570003509, "params": {"frequency_log": 2.2120099590779154, "gradient": 0.16462500036275374, "magnitude": 0.00020610417866126932, "magnitude_min": -0.0002179350485923974}, "datetime": {"datetime": "2024-04-07 16:47:26", "elapsed": 76.075425, "delta": 11.03656}}
{"target": 32.29714975699954, "params": {"frequency_log": 4.786501399878649, "gradient": 0.09984245669885128, "magnitude": 0.00047947171827351963, "magnitude_min": -0.00035947541572022023}, "datetime": {"datetime": "2024-04-07 16:47:34", "elapsed": 84.417701, "delta": 8.342276}}
{"target": 40.73628545549972, "params": {"frequency_log": 2.3392250576279636, "gradient": 0.015950698269906503, "magnitude": 0.000317962007017376, "magnitude_min": -2.106151198259722e-05}, "datetime": {"datetime": "2024-04-07 16:47:41", "elapsed": 91.138375, "delta": 6.720674}}
{"target": 47.36892750837749, "params": {"frequency_log": 4.742508758383278, "gradient": 0.13288260405651214, "magnitude": 0.00016902244218673033, "magnitude_min": -0.0004488959751820438}, "datetime": {"datetime": "2024-04-07 16:47:48", "elapsed": 97.507226, "delta": 6.368851}}
{"target": 27.316705553984836, "params": {"frequency_log": 4.297315230072774, "gradient": 0.2607340056226964, "magnitude": 0.000571493980404959, "magnitude_min": -0.0004174302676521345}, "datetime": {"datetime": "2024-04-07 16:47:58", "elapsed": 107.640659, "delta": 10.133433}}
{"target": 28.824722203361496, "params": {"frequency_log": 2.365500496469833, "gradient": 0.04923061683224086, "magnitude": 0.000239343083516595, "magnitude_min": -0.00014470529759077317}, "datetime": {"datetime": "2024-04-07 16:48:06", "elapsed": 115.98727, "delta": 8.346611}}
{"target": 18.1683540339806, "params": {"frequency_log": 2.3610913063975727, "gradient": 0.031030072078816626, "magnitude": 0.000624443116848301, "magnitude_min": -8.108539214790264e-05}, "datetime": {"datetime": "2024-04-07 16:48:12", "elapsed": 122.371993, "delta": 6.384723}}
{"target": 24.869321686164987, "params": {"frequency_log": 3.070719371757876, "gradient": 0.08159703636052558, "magnitude": 8.744982081154557e-05, "magnitude_min": -0.00020525899737476713}, "datetime": {"datetime": "2024-04-07 16:48:18", "elapsed": 127.731241, "delta": 5.359248}}
{"target": 56.59801241477273, "params": {"frequency_log": 4.226232697812409, "gradient": 0.21554405047362818, "magnitude": 0.00018174748433859552, "magnitude_min": -0.0006157478826552458}, "datetime": {"datetime": "2024-04-07 16:48:25", "elapsed": 134.969677, "delta": 7.238436}}
{"target": 29.984097433421386, "params": {"frequency_log": 4.681042503716399, "gradient": 0.06787457469829503, "magnitude": 8.661585060920344e-05, "magnitude_min": -0.0003489798519447071}, "datetime": {"datetime": "2024-04-07 16:48:30", "elapsed": 139.989134, "delta": 5.019457}}
{"target": 40.13862080622776, "params": {"frequency_log": 2.059167431569801, "gradient": 0.15884305006293784, "magnitude": 0.0003610870720253916, "magnitude_min": -0.00021513803555397472}, "datetime": {"datetime": "2024-04-07 16:48:43", "elapsed": 152.947075, "delta": 12.957941}}
{"target": 30.676461867793915, "params": {"frequency_log": 3.5938050157918013, "gradient": 0.11177285457481646, "magnitude": 0.00025591669553380695, "magnitude_min": -0.00015295186965618443}, "datetime": {"datetime": "2024-04-07 16:48:49", "elapsed": 159.172634, "delta": 6.225559}}
{"target": 20.832564592994142, "params": {"frequency_log": 4.759067915434494, "gradient": 0.09100269936313261, "magnitude": 7.263124068011899e-05, "magnitude_min": -0.0002198551125000058}, "datetime": {"datetime": "2024-04-07 16:48:53", "elapsed": 163.059465, "delta": 3.886831}}
{"target": 20.354473383179347, "params": {"frequency_log": 2.340347676429719, "gradient": 0.07689121847374482, "magnitude": 5.6093873039517016e-05, "magnitude_min": -0.00011456156394709996}, "datetime": {"datetime": "2024-04-07 16:48:58", "elapsed": 167.982101, "delta": 4.922636}}
{"target": 22.122818479766046, "params": {"frequency_log": 3.3698227689176186, "gradient": 0.1682250665542049, "magnitude": 0.000632984308601613, "magnitude_min": -0.0002405672717231588}, "datetime": {"datetime": "2024-04-07 16:49:06", "elapsed": 176.04201, "delta": 8.059909}}
{"target": 54.24577196950813, "params": {"frequency_log": 4.934918400697353, "gradient": 0.2715458859687307, "magnitude": 4.5171557637853955e-05, "magnitude_min": -0.0006207034326498064}, "datetime": {"datetime": "2024-04-07 16:49:11", "elapsed": 180.927192, "delta": 4.885182}}
{"target": 21.030927483420058, "params": {"frequency_log": 3.0271590289518624, "gradient": 0.0029935663376198904, "magnitude": 0.0006093461731409388, "magnitude_min": -0.00020389932853574592}, "datetime": {"datetime": "2024-04-07 16:49:19", "elapsed": 188.648594, "delta": 7.721402}}
{"target": 18.288212706752734, "params": {"frequency_log": 3.98197968270476, "gradient": 0.17758377200320194, "magnitude": 0.0006135188182545083, "magnitude_min": -6.25282581512461e-05}, "datetime": {"datetime": "2024-04-07 16:49:24", "elapsed": 193.747339, "delta": 5.098745}}
{"target": 55.98133297905731, "params": {"frequency_log": 4.880180672761054, "gradient": 0.10109345232173714, "magnitude": 0.00031379151051144833, "magnitude_min": -0.0006490898816639584}, "datetime": {"datetime": "2024-04-07 16:49:32", "elapsed": 202.289154, "delta": 8.541815}}
{"target": 54.927925370209145, "params": {"frequency_log": 4.085561827801433, "gradient": 0.21017061234507928, "magnitude": 0.00019440829995144373, "magnitude_min": -0.0005969542557795872}, "datetime": {"datetime": "2024-04-07 16:49:40", "elapsed": 209.896374, "delta": 7.60722}}
{"target": 30.78325479110086, "params": {"frequency_log": 3.3901882988871033, "gradient": 0.09495868656029673, "magnitude": 6.756097930952197e-05, "magnitude_min": -0.0002642213413687375}, "datetime": {"datetime": "2024-04-07 16:49:45", "elapsed": 215.307937, "delta": 5.411563}}
{"target": 26.81927163191229, "params": {"frequency_log": 4.981033692477243, "gradient": 0.025036379620314565, "magnitude": 0.0003161154671644989, "magnitude_min": -0.0002586010215019048}, "datetime": {"datetime": "2024-04-07 16:49:51", "elapsed": 221.231, "delta": 5.923063}}
{"target": 19.383452433517647, "params": {"frequency_log": 2.7972041422864113, "gradient": 0.14091473231836102, "magnitude": 0.0005555291404741367, "magnitude_min": -7.186360091959829e-05}, "datetime": {"datetime": "2024-04-07 16:49:58", "elapsed": 227.601677, "delta": 6.370677}}
{"target": 23.25406892162063, "params": {"frequency_log": 3.5440331307795323, "gradient": 0.18749057836129643, "magnitude": 0.0004677889034992006, "magnitude_min": -5.8785424644254005e-05}, "datetime": {"datetime": "2024-04-07 16:50:04", "elapsed": 233.84103, "delta": 6.239353}}
{"target": 17.956940531875734, "params": {"frequency_log": 4.245755233528142, "gradient": 0.06845301714384898, "magnitude": 0.0006749208834439268, "magnitude_min": -8.180093682061916e-05}, "datetime": {"datetime": "2024-04-07 16:50:10", "elapsed": 240.354936, "delta": 6.513906}}
{"target": 22.63911246482149, "params": {"frequency_log": 2.5255468300914576, "gradient": 0.05383538802509056, "magnitude": 0.0005738892828513835, "magnitude_min": -0.00044966001252726856}, "datetime": {"datetime": "2024-04-07 16:50:23", "elapsed": 253.407634, "delta": 13.052698}}
{"target": 25.110187309991016, "params": {"frequency_log": 4.944677412664935, "gradient": 0.27996204704167, "magnitude": 0.0004710014939893438, "magnitude_min": -0.00043960206345421826}, "datetime": {"datetime": "2024-04-07 16:50:33", "elapsed": 262.756704, "delta": 9.34907}}
{"target": 40.785713501657234, "params": {"frequency_log": 3.3798886972584787, "gradient": 0.029361885012993194, "magnitude": 1.3477897076842848e-05, "magnitude_min": -0.0003832669136997221}, "datetime": {"datetime": "2024-04-07 16:50:38", "elapsed": 268.119379, "delta": 5.362675}}
{"target": 50.481389570196576, "params": {"frequency_log": 2.180102822068241, "gradient": 0.2899911517053507, "magnitude": 1.8854570810437277e-05, "magnitude_min": -0.0005148618980773211}, "datetime": {"datetime": "2024-04-07 16:51:08", "elapsed": 297.81525, "delta": 29.695871}}
{"target": 22.867422201024482, "params": {"frequency_log": 2.2041277152530094, "gradient": 0.20819870643317903, "magnitude": 0.0006859158637064929, "magnitude_min": -0.0006729509303723127}, "datetime": {"datetime": "2024-04-07 16:51:23", "elapsed": 312.699929, "delta": 14.884679}}
{"target": 54.97496784436834, "params": {"frequency_log": 4.522972655449907, "gradient": 0.21703185565773658, "magnitude": 0.00029355390202966055, "magnitude_min": -0.0004982946347218906}, "datetime": {"datetime": "2024-04-07 16:51:31", "elapsed": 321.04509, "delta": 8.345161}}
{"target": 57.641500071234525, "params": {"frequency_log": 4.537105121833994, "gradient": 0.2208696924397178, "magnitude": 0.0003646396112733906, "magnitude_min": -0.0006675666849120316}, "datetime": {"datetime": "2024-04-07 16:51:41", "elapsed": 330.712745, "delta": 9.667655}}
{"target": 26.469124765093646, "params": {"frequency_log": 4.227977768447181, "gradient": 0.1853868331827632, "magnitude": 0.0005395390870112551, "magnitude_min": -0.0004397464556650541}, "datetime": {"datetime": "2024-04-07 16:51:51", "elapsed": 340.504645, "delta": 9.7919}}
{"target": 22.46973820340167, "params": {"frequency_log": 4.240244726579521, "gradient": 0.21214157087980018, "magnitude": 0.0005091855697453487, "magnitude_min": -5.354517908950083e-05}, "datetime": {"datetime": "2024-04-07 16:51:56", "elapsed": 345.963434, "delta": 5.458789}}
{"target": 19.512193035232315, "params": {"frequency_log": 4.192529455538234, "gradient": 0.027959120726501207, "magnitude": 0.0005808163649179711, "magnitude_min": -8.323596851808764e-05}, "datetime": {"datetime": "2024-04-07 16:52:01", "elapsed": 351.217696, "delta": 5.254262}}
{"target": 27.666629461498434, "params": {"frequency_log": 4.18082414623631, "gradient": 0.02657232659568528, "magnitude": 0.0002621320145868752, "magnitude_min": -0.0002034338482329916}, "datetime": {"datetime": "2024-04-07 16:52:07", "elapsed": 356.840578, "delta": 5.622882}}
{"target": 33.60051809612146, "params": {"frequency_log": 2.9100767641956296, "gradient": 0.24330756265575687, "magnitude": 1.4208967877605282e-05, "magnitude_min": -0.00029953874460718013}, "datetime": {"datetime": "2024-04-07 16:52:16", "elapsed": 365.520765, "delta": 8.680187}}
{"target": 24.335000674427512, "params": {"frequency_log": 4.435086306272584, "gradient": 0.025863675074659274, "magnitude": 0.00031379000831677434, "magnitude_min": -6.974711691781527e-05}, "datetime": {"datetime": "2024-04-07 16:52:21", "elapsed": 370.458299, "delta": 4.937534}}
{"target": 24.228334433113474, "params": {"frequency_log": 3.4384595358779473, "gradient": 0.2320240633198709, "magnitude": 0.0006591151510067868, "magnitude_min": -0.00043830816538968366}, "datetime": {"datetime": "2024-04-07 16:52:31", "elapsed": 381.047912, "delta": 10.589613}}
{"target": 18.857973996937364, "params": {"frequency_log": 3.3747800570100126, "gradient": 0.015895553120085913, "magnitude": 0.0005769016802341458, "magnitude_min": -8.550199270450246e-05}, "datetime": {"datetime": "2024-04-07 16:52:37", "elapsed": 386.660745, "delta": 5.612833}}
{"target": 50.96351781075142, "params": {"frequency_log": 2.404415234293767, "gradient": 0.26234693184318325, "magnitude": 0.00020163581528816524, "magnitude_min": -0.0006016808196056239}, "datetime": {"datetime": "2024-04-07 16:52:58", "elapsed": 407.904459, "delta": 21.243714}}
{"target": 23.554554105316406, "params": {"frequency_log": 3.2612860917577127, "gradient": 0.2967245602272363, "magnitude": 0.0002067140036668893, "magnitude_min": -1.2829263821087381e-05}, "datetime": {"datetime": "2024-04-07 16:53:07", "elapsed": 417.055978, "delta": 9.151519}}
{"target": 38.63439510963022, "params": {"frequency_log": 4.463352562361814, "gradient": 0.03631911331795048, "magnitude": 0.00010491995291336675, "magnitude_min": -0.000435864640535871}, "datetime": {"datetime": "2024-04-07 16:53:13", "elapsed": 422.722129, "delta": 5.666151}}
{"target": 34.547941946195145, "params": {"frequency_log": 2.291804778287714, "gradient": 0.2923799565259955, "magnitude": 0.0002248540989643103, "magnitude_min": -6.555443257261293e-05}, "datetime": {"datetime": "2024-04-07 16:53:56", "elapsed": 466.289669, "delta": 43.56754}}
{"target": 38.66268352192971, "params": {"frequency_log": 4.173384810909395, "gradient": 0.18215243624687885, "magnitude": 0.0004444002134429905, "magnitude_min": -0.000681859210963978}, "datetime": {"datetime": "2024-04-07 16:54:07", "elapsed": 477.081712, "delta": 10.792043}}
{"target": 61.496586305266405, "params": {"frequency_log": 4.247159182050903, "gradient": 0.2098943826229641, "magnitude": 0.00024318298551451067, "magnitude_min": -0.0005511088551223589}, "datetime": {"datetime": "2024-04-07 16:54:15", "elapsed": 485.415041, "delta": 8.333329}}
{"target": 45.80306956693607, "params": {"frequency_log": 2.2584908607009235, "gradient": 0.03466266683589879, "magnitude": 0.00011453813968222536, "magnitude_min": -0.0006774826317129429}, "datetime": {"datetime": "2024-04-07 16:54:23", "elapsed": 493.274442, "delta": 7.859401}}
{"target": 51.2576470795647, "params": {"frequency_log": 2.9472338778592277, "gradient": 0.21780170543880287, "magnitude": 4.873099311126474e-05, "magnitude_min": -0.0005085155664979354}, "datetime": {"datetime": "2024-04-07 16:54:31", "elapsed": 500.915577, "delta": 7.641135}}
{"target": 24.25035097390146, "params": {"frequency_log": 4.196405475023816, "gradient": 0.05503409706757127, "magnitude": 0.0006031725341181086, "magnitude_min": -0.00022893164181178626}, "datetime": {"datetime": "2024-04-07 16:54:38", "elapsed": 508.212735, "delta": 7.297158}}
{"target": 51.55890437165002, "params": {"frequency_log": 3.825357738569314, "gradient": 0.24126844176283016, "magnitude": 0.0002979838427133087, "magnitude_min": -0.0006832233731428813}, "datetime": {"datetime": "2024-04-07 16:54:48", "elapsed": 517.735588, "delta": 9.522853}}
{"target": 18.105730768767387, "params": {"frequency_log": 2.3310755033326696, "gradient": 0.26314052783804215, "magnitude": 0.0006849809322945683, "magnitude_min": -8.358177171525485e-05}, "datetime": {"datetime": "2024-04-07 16:54:58", "elapsed": 527.783121, "delta": 10.047533}}
{"target": 20.492546594193968, "params": {"frequency_log": 4.39029241464689, "gradient": 0.08296604017293997, "magnitude": 0.0006707984288759109, "magnitude_min": -0.0001777117981522678}, "datetime": {"datetime": "2024-04-07 16:55:05", "elapsed": 534.489707, "delta": 6.706586}}
{"target": 23.31817945015939, "params": {"frequency_log": 3.4853153793167424, "gradient": 0.2211313452544664, "magnitude": 0.0006842595210665311, "magnitude_min": -0.00031037380758140633}, "datetime": {"datetime": "2024-04-07 16:55:13", "elapsed": 543.334495, "delta": 8.844788}}
{"target": 22.76361817806427, "params": {"frequency_log": 2.3217809154452476, "gradient": 0.04557736826914973, "magnitude": 0.0005828452946744486, "magnitude_min": -0.00043928848785508513}, "datetime": {"datetime": "2024-04-07 16:55:25", "elapsed": 555.141188, "delta": 11.806693}}
{"target": 54.43068361780089, "params": {"frequency_log": 2.9848584696654603, "gradient": 0.02919224056376017, "magnitude": 0.0001173593403435028, "magnitude_min": -0.0006385000535994192}, "datetime": {"datetime": "2024-04-07 16:55:32", "elapsed": 562.350634, "delta": 7.209446}}
{"target": 25.587783799498737, "params": {"frequency_log": 3.1360359901938417, "gradient": 0.054552384919935956, "magnitude": 0.0005455141148133341, "magnitude_min": -0.0005301933871137959}, "datetime": {"datetime": "2024-04-07 16:55:44", "elapsed": 573.671524, "delta": 11.32089}}
{"target": 61.16887883188598, "params": {"frequency_log": 3.5300389136275423, "gradient": 0.06782540596504318, "magnitude": 0.00026348577381333366, "magnitude_min": -0.0006317808474539898}, "datetime": {"datetime": "2024-04-07 16:55:53", "elapsed": 582.792444, "delta": 9.12092}}
{"target": 24.600307624438017, "params": {"frequency_log": 4.0098281461111, "gradient": 0.13757079161198668, "magnitude": 0.0004379026498324381, "magnitude_min": -2.9124910146565808e-05}, "datetime": {"datetime": "2024-04-07 16:55:58", "elapsed": 587.756477, "delta": 4.964033}}
{"target": 24.84335780207672, "params": {"frequency_log": 4.145909838773988, "gradient": 0.2408361845515604, "magnitude": 0.0006855339935212718, "magnitude_min": -0.0005179062630658821}, "datetime": {"datetime": "2024-04-07 16:56:08", "elapsed": 598.286297, "delta": 10.52982}}
{"target": 20.71300736313478, "params": {"frequency_log": 3.162887015833521, "gradient": 0.050249730725885386, "magnitude": 0.000694923218605279, "magnitude_min": -0.00029874070456041476}, "datetime": {"datetime": "2024-04-07 16:56:17", "elapsed": 607.081416, "delta": 8.795119}}
{"target": 35.5866684426718, "params": {"frequency_log": 2.320292089972098, "gradient": 0.0460592049124367, "magnitude": 0.00013738002197324534, "magnitude_min": -5.9832198298611586e-05}, "datetime": {"datetime": "2024-04-07 16:56:23", "elapsed": 612.446259, "delta": 5.364843}}
{"target": 23.595510668622946, "params": {"frequency_log": 4.327962500591793, "gradient": 0.09699181329089847, "magnitude": 0.00033380226832143724, "magnitude_min": -0.000301694928238584}, "datetime": {"datetime": "2024-04-07 16:56:30", "elapsed": 619.877331, "delta": 7.431072}}
{"target": 62.063757418217214, "params": {"frequency_log": 3.8723202673931905, "gradient": 0.0672156657410924, "magnitude": 0.00012551310066739565, "magnitude_min": -0.0006886308696076441}, "datetime": {"datetime": "2024-04-07 16:56:36", "elapsed": 626.326429, "delta": 6.449098}}
{"target": 21.28662019198283, "params": {"frequency_log": 4.108427362548007, "gradient": 0.1765392448962928, "magnitude": 0.000599578989577169, "magnitude_min": -0.00013042784977132906}, "datetime": {"datetime": "2024-04-07 16:56:43", "elapsed": 632.604527, "delta": 6.278098}}
{"target": 24.2449632658941, "params": {"frequency_log": 3.3430782931917467, "gradient": 0.05937929825417584, "magnitude": 0.0005607984501421112, "magnitude_min": -0.000586673143199225}, "datetime": {"datetime": "2024-04-07 16:56:54", "elapsed": 644.063517, "delta": 11.45899}}
{"target": 43.0207289893071, "params": {"frequency_log": 2.024617099955227, "gradient": 0.0031673371031725405, "magnitude": 0.0003176789707332407, "magnitude_min": -0.0006238256126745877}, "datetime": {"datetime": "2024-04-07 16:57:06", "elapsed": 655.870582, "delta": 11.807065}}
{"target": 48.030175056666494, "params": {"frequency_log": 3.636611745861197, "gradient": 0.2231524688092783, "magnitude": 9.700545918095081e-05, "magnitude_min": -0.00038233958644610764}, "datetime": {"datetime": "2024-04-07 16:57:13", "elapsed": 662.574737, "delta": 6.704155}}
{"target": 22.36941765703711, "params": {"frequency_log": 3.1680644566774316, "gradient": 0.25384780176692184, "magnitude": 0.0005755076500500937, "magnitude_min": -0.00016933192764538455}, "datetime": {"datetime": "2024-04-07 16:57:21", "elapsed": 670.847354, "delta": 8.272617}}
{"target": 29.39259246862168, "params": {"frequency_log": 2.4653341912355633, "gradient": 0.2938348109541452, "magnitude": 0.0004047757651448127, "magnitude_min": -0.0002907180382515518}, "datetime": {"datetime": "2024-04-07 16:57:45", "elapsed": 694.784711, "delta": 23.937357}}
{"target": 19.82076855655244, "params": {"frequency_log": 4.445802859768118, "gradient": 0.01099409382976334, "magnitude": 0.0006098807216403741, "magnitude_min": -0.00012319116444085344}, "datetime": {"datetime": "2024-04-07 16:57:51", "elapsed": 700.708882, "delta": 5.924171}}
{"target": 30.909670158420678, "params": {"frequency_log": 4.592128510237185, "gradient": 0.24852927429444205, "magnitude": 0.0003535380643575511, "magnitude_min": -7.858007328679468e-05}, "datetime": {"datetime": "2024-04-07 16:57:56", "elapsed": 705.825505, "delta": 5.116623}}
