{"target": 36.90890116653109, "params": {"frequency_log": 2.3970712025261163, "gradient": 0.1827075883859563, "magnitude": 4.7607184281781336e-05, "magnitude_min": -0.00029850379879583865}, "datetime": {"datetime": "2024-04-07 16:58:05", "elapsed": 715.380196, "delta": 9.554691}}
{"target": 26.883373279547747, "params": {"frequency_log": 2.3049376962774524, "gradient": 0.2309023657897118, "magnitude": 0.0005619077744242791, "magnitude_min": -0.0006977377412884199}, "datetime": {"datetime": "2024-04-07 16:58:23", "elapsed": 733.175358, "delta": 17.795162}}
{"target": 35.89464210949111, "params": {"frequency_log": 2.9974037701753264, "gradient": 0.27369419389877486, "magnitude": 0.00030399408100591885, "magnitude_min": -7.289629203547927e-05}, "datetime": {"datetime": "2024-04-07 16:58:33", "elapsed": 743.119468, "delta": 9.94411}}
{"target": 48.696447921974496, "params": {"frequency_log": 2.6530495497606967, "gradient": 0.15534376522178217, "magnitude": 0.00016049979310644514, "magnitude_min": -0.0004919607444093003}, "datetime": {"datetime": "2024-04-07 16:58:43", "elapsed": 752.429204, "delta": 9.309736}}
{"target": 43.01611623361823, "params": {"frequency_log": 2.8436032068473667, "gradient": 0.07913920132823128, "magnitude": 1.6989331231997684e-05, "magnitude_min": -0.00032070112053789965}, "datetime": {"datetime": "2024-04-07 16:58:49", "elapsed": 758.560907, "delta": 6.131703}}
{"target": 30.129712363192287, "params": {"frequency_log": 2.0085667375751606, "gradient": 0.2750904179095607, "magnitude": 0.00010594334729497073, "magnitude_min": -0.00029989300054234695}, "datetime": {"datetime": "2024-04-07 16:59:51", "elapsed": 820.456047, "delta": 61.89514}}
{"target": 57.449745595305856, "params": {"frequency_log": 3.1540976186329983, "gradient": 0.022537499035768738, "magnitude": 0.00012452242992090897, "magnitude_min": -0.00045486419452213904}, "datetime": {"datetime": "2024-04-07 16:59:58", "elapsed": 828.051575, "delta": 7.595528}}
{"target": 22.728059768072963, "params": {"frequency_log": 2.2571501373782983, "gradient": 0.020135753430299098, "magnitude": 0.000588925569051353, "magnitude_min": -0.00041372593618859614}, "datetime": {"datetime": "2024-04-07 17:00:09", "elapsed": 839.249652, "delta": 11.198077}}
{"target": 23.378708414584462, "params": {"frequency_log": 2.5035561313288976, "gradient": 0.09503331985152194, "magnitude": 0.0005904097896037204, "magnitude_min": -0.0005234730659087882}, "datetime": {"datetime": "2024-04-07 17:00:21", "elapsed": 851.113303, "delta": 11.863651}}
{"target": 31.538283251246394, "params": {"frequency_log": 4.490050208381612, "gradient": 0.21448405224779643, "magnitude": 0.0004597109154181356, "magnitude_min": -0.0002995655134769804}, "datetime": {"datetime": "2024-04-07 17:00:30", "elapsed": 859.522073, "delta": 8.40877}}
{"target": 32.00821080026069, "params": {"frequency_log": 3.6686200658751678, "gradient": 0.06283108877235075, "magnitude": 0.00013757908618995072, "magnitude_min": -0.00031241016968707233}, "datetime": {"datetime": "2024-04-07 17:00:37", "elapsed": 866.821268, "delta": 7.299195}}
{"target": 36.3689048858349, "params": {"frequency_log": 4.6645735250886595, "gradient": 0.1733241551863938, "magnitude": 0.00043695639089296866, "magnitude_min": -0.0006053754161062254}, "datetime": {"datetime": "2024-04-07 17:00:50", "elapsed": 879.887783, "delta": 13.066515}}
{"target": 31.29291222347344, "params": {"frequency_log": 2.7645446405035665, "gradient": 0.0669359088645617, "magnitude": 0.00039353632109174455, "magnitude_min": -0.0005533935665734469}, "datetime": {"datetime": "2024-04-07 17:01:01", "elapsed": 891.098282, "delta": 11.210499}}
{"target": 27.10814771525902, "params": {"frequency_log": 2.626848123082078, "gradient": 0.28156371398199126, "magnitude": 0.0004997343473388863, "magnitude_min": -0.000599034343096578}, "datetime": {"datetime": "2024-04-07 17:01:24", "elapsed": 913.894799, "delta": 22.796517}}
{"target": 17.913981491430736, "params": {"frequency_log": 2.8709910587989547, "gradient": 0.04333042099161536, "magnitude": 0.0006365164340693429, "magnitude_min": -2.2809028504241005e-05}, "datetime": {"datetime": "2024-04-07 17:01:30", "elapsed": 920.289154, "delta": 6.394355}}
{"target": 29.71429892469483, "params": {"frequency_log": 3.6180393445428183, "gradient": 0.29376545897003103, "magnitude": 0.00041226729312395026, "magnitude_min": -0.0002525409800469884}, "datetime": {"datetime": "2024-04-07 17:01:42", "elapsed": 931.670445, "delta": 11.381291}}
{"target": 29.74123357697065, "params": {"frequency_log": 4.138541533444351, "gradient": 0.18366731449169768, "magnitude": 0.0001942120887173885, "magnitude_min": -0.00013857568018263466}, "datetime": {"datetime": "2024-04-07 17:01:48", "elapsed": 937.699086, "delta": 6.028641}}
{"target": 23.00933084407762, "params": {"frequency_log": 3.3860957266482448, "gradient": 0.0671404334917782, "magnitude": 0.0002049791307706242, "magnitude_min": -1.6685218801903903e-05}, "datetime": {"datetime": "2024-04-07 17:01:53", "elapsed": 943.345293, "delta": 5.646207}}
{"target": 26.01313895953593, "params": {"frequency_log": 2.3274950528121714, "gradient": 0.01315420644515065, "magnitude": 0.0005420818640216737, "magnitude_min": -0.00024226351034014844}, "datetime": {"datetime": "2024-04-07 17:02:05", "elapsed": 954.750725, "delta": 11.405432}}
{"target": 30.680427753048093, "params": {"frequency_log": 2.5168962301404965, "gradient": 0.28923863597702215, "magnitude": 0.0005567169822594502, "magnitude_min": -0.0002641750446721994}, "datetime": {"datetime": "2024-04-07 17:02:25", "elapsed": 974.835345, "delta": 20.08462}}
{"target": 49.417162741252184, "params": {"frequency_log": 4.717758446196626, "gradient": 0.06417561027548598, "magnitude": 9.281075869133097e-05, "magnitude_min": -0.0005983875922907185}, "datetime": {"datetime": "2024-04-07 17:02:32", "elapsed": 981.492516, "delta": 6.657171}}
{"target": 31.438817333569222, "params": {"frequency_log": 3.854801511125939, "gradient": 0.2905362362107032, "magnitude": 0.0004831837029353845, "magnitude_min": -0.00022422968799534803}, "datetime": {"datetime": "2024-04-07 17:02:41", "elapsed": 991.078372, "delta": 9.585856}}
{"target": 36.515909135348316, "params": {"frequency_log": 3.026921546179206, "gradient": 0.11918758600723207, "magnitude": 0.00014738483804628013, "magnitude_min": -0.0003092833326291168}, "datetime": {"datetime": "2024-04-07 17:02:50", "elapsed": 999.865635, "delta": 8.787263}}
{"target": 24.873108836136122, "params": {"frequency_log": 2.0048155131514527, "gradient": 0.18925480407900291, "magnitude": 0.0005506143925685811, "magnitude_min": -0.0006569116528044594}, "datetime": {"datetime": "2024-04-07 17:03:09", "elapsed": 1018.59312, "delta": 18.727485}}
{"target": 23.688150049724378, "params": {"frequency_log": 2.1286536007209453, "gradient": 0.09438207164856142, "magnitude": 0.0004257622970923654, "magnitude_min": -3.836654815349879e-05}, "datetime": {"datetime": "2024-04-07 17:03:17", "elapsed": 1026.429425, "delta": 7.836305}}
{"target": 54.92273502010696, "params": {"frequency_log": 4.215340564410322, "gradient": 0.29466338831143696, "magnitude": 7.9485649787966e-05, "magnitude_min": -0.000515028557191161}, "datetime": {"datetime": "2024-04-07 17:03:24", "elapsed": 1033.817136, "delta": 7.387711}}
{"target": 25.025898294842182, "params": {"frequency_log": 4.017825681660515, "gradient": 0.2378784706948419, "magnitude": 0.0006477287283262901, "magnitude_min": -0.000623899536295199}, "datetime": {"datetime": "2024-04-07 17:03:36", "elapsed": 1046.203047, "delta": 12.385911}}
{"target": 52.923952023073426, "params": {"frequency_log": 2.282065431021528, "gradient": 0.06693305083393197, "magnitude": 0.00024134737909824503, "magnitude_min": -0.0006503275193718701}, "datetime": {"datetime": "2024-04-07 17:03:48", "elapsed": 1057.460623, "delta": 11.257576}}
