{"target": 54.05564104124601, "params": {"frequency_log": 2.6164971614765253, "gradient": 0.2196917384070206, "magnitude": 0.0005823576665387516, "magnitude_min": -8.42922284827899e-05}, "datetime": {"datetime": "2024-04-07 17:01:25", "elapsed": 915.167176, "delta": 9.342009}}
{"target": 57.73193999178201, "params": {"frequency_log": 2.5704078663902172, "gradient": 0.24391220033998223, "magnitude": 0.00012246940092378795, "magnitude_min": -0.0006862565821370407}, "datetime": {"datetime": "2024-04-07 17:01:39", "elapsed": 929.431783, "delta": 14.264607}}
{"target": 42.115295576427336, "params": {"frequency_log": 2.7221109454015604, "gradient": 0.14525596321965809, "magnitude": 7.31133964931257e-05, "magnitude_min": -6.0987044749877175e-05}, "datetime": {"datetime": "2024-04-07 17:01:45", "elapsed": 935.395888, "delta": 5.964105}}
{"target": 255.73867192010286, "params": {"frequency_log": 2.5837193858670275, "gradient": 0.15317850871786573, "magnitude": 0.0001407452352635393, "magnitude_min": -0.00015727147429230157}, "datetime": {"datetime": "2024-04-07 17:01:54", "elapsed": 944.172306, "delta": 8.776418}}
{"target": 48.07577020730532, "params": {"frequency_log": 3.4387011493570507, "gradient": 0.2090847890748517, "magnitude": 9.970029566204079e-05, "magnitude_min": -0.0006428430048205449}, "datetime": {"datetime": "2024-04-07 17:02:03", "elapsed": 952.943881, "delta": 8.771575}}
{"target": 151.11782621689073, "params": {"frequency_log": 2.987807654971802, "gradient": 0.07983026926202708, "magnitude": 0.0004733330506077785, "magnitude_min": -0.000307165612998304}, "datetime": {"datetime": "2024-04-07 17:02:15", "elapsed": 964.847556, "delta": 11.903675}}
{"target": 163.23368909168565, "params": {"frequency_log": 3.0312643154842758, "gradient": 0.1027471972882303, "magnitude": 0.0002998697834720782, "magnitude_min": -0.0002562759570088044}, "datetime": {"datetime": "2024-04-07 17:02:25", "elapsed": 975.132985, "delta": 10.285429}}
{"target": 44.29516746492351, "params": {"frequency_log": 4.070636266350305, "gradient": 0.15195478856426878, "magnitude": 0.00016899627541629113, "magnitude_min": -0.0006833657001990738}, "datetime": {"datetime": "2024-04-07 17:02:33", "elapsed": 983.419729, "delta": 8.286744}}
{"target": 372.7648107686922, "params": {"frequency_log": 3.049337644370755, "gradient": 0.2995912547625111, "magnitude": 0.00034833540984282143, "magnitude_min": -0.00028850615205108614}, "datetime": {"datetime": "2024-04-07 17:02:49", "elapsed": 999.762135, "delta": 16.342406}}
{"target": 169.5982755899771, "params": {"frequency_log": 2.0004864005293386, "gradient": 0.0987522554955197, "magnitude": 0.0003663549912091933, "magnitude_min": -0.0006500827118635935}, "datetime": {"datetime": "2024-04-07 17:03:04", "elapsed": 1014.677067, "delta": 14.914932}}
{"target": 222.94357121883303, "params": {"frequency_log": 2.0143392095968373, "gradient": 0.04182724393541454, "magnitude": 0.0004930244366095118, "magnitude_min": -0.00034222156384788963}, "datetime": {"datetime": "2024-04-07 17:03:17", "elapsed": 1027.369145, "delta": 12.692078}}
{"target": 120.40603735950803, "params": {"frequency_log": 2.2775839535846294, "gradient": 0.22869656686388926, "magnitude": 0.0006192640169635298, "magnitude_min": -0.00029481242646684126}, "datetime": {"datetime": "2024-04-07 17:03:33", "elapsed": 1042.884359, "delta": 15.515214}}
{"target": 26.194513566881984, "params": {"frequency_log": 4.576348841093743, "gradient": 0.0025196061246272384, "magnitude": 0.0001198174492932215, "magnitude_min": -0.00041866487529061046}, "datetime": {"datetime": "2024-04-07 17:03:39", "elapsed": 1049.20157, "delta": 6.317211}}
{"target": 60.77814868442928, "params": {"frequency_log": 3.5466279847083446, "gradient": 0.21047950565290477, "magnitude": 0.000612599122523665, "magnitude_min": -0.0001979951272306767}, "datetime": {"datetime": "2024-04-07 17:03:47", "elapsed": 1057.57061, "delta": 8.36904}}
{"target": 567.1423819029561, "params": {"frequency_log": 2.2764744003485147, "gradient": 0.29675485748772973, "magnitude": 0.0003270969675908937, "magnitude_min": -0.00023346814477725629}, "datetime": {"datetime": "2024-04-07 17:04:27", "elapsed": 1096.796532, "delta": 39.225922}}
{"target": 810.1608329343983, "params": {"frequency_log": 2.277734054793872, "gradient": 0.2299354533427804, "magnitude": 0.00025749180205282595, "magnitude_min": -0.0002947000265285595}, "datetime": {"datetime": "2024-04-07 17:04:45", "elapsed": 1115.53396, "delta": 18.737428}}
{"target": 39.4786237730083, "params": {"frequency_log": 4.866195282372523, "gradient": 0.19800580096443016, "magnitude": 0.00035153911313660886, "magnitude_min": -0.0001579117013884465}, "datetime": {"datetime": "2024-04-07 17:04:51", "elapsed": 1121.18531, "delta": 5.65135}}
{"target": 166.12357874926892, "params": {"frequency_log": 3.087957263926513, "gradient": 0.046883807570301146, "magnitude": 0.0006117106808230801, "magnitude_min": -0.0006544042993854895}, "datetime": {"datetime": "2024-04-07 17:05:02", "elapsed": 1132.499035, "delta": 11.313725}}
{"target": 97.9441643849049, "params": {"frequency_log": 2.2784721819409914, "gradient": 0.23096596132078567, "magnitude": 0.0004918909140609903, "magnitude_min": -0.00011959111655361805}, "datetime": {"datetime": "2024-04-07 17:05:14", "elapsed": 1144.410473, "delta": 11.911438}}
{"target": 232.75528249633717, "params": {"frequency_log": 2.0005203954474715, "gradient": 0.10137530575823149, "magnitude": 0.000371624281178492, "magnitude_min": -0.0005789462531019944}, "datetime": {"datetime": "2024-04-07 17:05:28", "elapsed": 1158.089433, "delta": 13.67896}}
{"target": 46.333638355694866, "params": {"frequency_log": 2.279038531151224, "gradient": 0.2957610325006691, "magnitude": 4.6762807176564755e-05, "magnitude_min": -0.0006653020810955331}, "datetime": {"datetime": "2024-04-07 17:05:54", "elapsed": 1184.577863, "delta": 26.48843}}
{"target": 171.22389294694398, "params": {"frequency_log": 2.2768906208334303, "gradient": 0.29618561130973403, "magnitude": 0.0006870760252228655, "magnitude_min": -0.0005215295876116336}, "datetime": {"datetime": "2024-04-07 17:06:22", "elapsed": 1212.7448, "delta": 28.166937}}
{"target": 48.96422209678449, "params": {"frequency_log": 4.135913811250314, "gradient": 0.2673876879072061, "magnitude": 0.0006978616368876312, "magnitude_min": -0.00019927144787734935}, "datetime": {"datetime": "2024-04-07 17:06:30", "elapsed": 1220.186115, "delta": 7.441315}}
{"target": 218.0591925134286, "params": {"frequency_log": 2.1376234972343577, "gradient": 0.2600959493346961, "magnitude": 5.5636011076203526e-05, "magnitude_min": -0.0003535964164675137}, "datetime": {"datetime": "2024-04-07 17:06:52", "elapsed": 1242.369678, "delta": 22.183563}}
{"target": 74.66623026160224, "params": {"frequency_log": 4.183323933051637, "gradient": 0.23657185639696166, "magnitude": 0.00012073332736456411, "magnitude_min": -0.0003222134433842892}, "datetime": {"datetime": "2024-04-07 17:06:56", "elapsed": 1246.698581, "delta": 4.328903}}
{"target": 35.503039740652724, "params": {"frequency_log": 3.9830645091780776, "gradient": 0.20761026812674085, "magnitude": 0.0006224124383838512, "magnitude_min": -6.092756307023129e-05}, "datetime": {"datetime": "2024-04-07 17:07:00", "elapsed": 1250.316441, "delta": 3.61786}}
{"target": 253.2739560616595, "params": {"frequency_log": 3.159630178442102, "gradient": 0.20442290444383057, "magnitude": 0.00036902574679008315, "magnitude_min": -0.0004392197282788522}, "datetime": {"datetime": "2024-04-07 17:07:07", "elapsed": 1257.635316, "delta": 7.318875}}
{"target": 55.057815695440794, "params": {"frequency_log": 2.0012590704946804, "gradient": 0.09796773830672517, "magnitude": 7.555066494422549e-05, "magnitude_min": -0.0006556767443978188}, "datetime": {"datetime": "2024-04-07 17:07:13", "elapsed": 1263.430273, "delta": 5.794957}}
