{"target": 429.4207393222374, "params": {"frequency_log": 2.0, "gradient": 0.1, "magnitude": 0.0002, "magnitude_min": -0.00035}, "datetime": {"datetime": "2024-04-07 16:46:10", "elapsed": 0.0, "delta": 0.0}}
{"target": 54.887729618164315, "params": {"frequency_log": 4.1158650582788585, "gradient": 0.009007183397509931, "magnitude": 0.00024557265520830146, "magnitude_min": -0.0006988503729997336}, "datetime": {"datetime": "2024-04-07 16:46:17", "elapsed": 7.306087, "delta": 7.306087}}
{"target": 111.44966079530091, "params": {"frequency_log": 4.077578561888985, "gradient": 0.12733292583285322, "magnitude": 0.0006037141486129972, "magnitude_min": -0.0004447932548420685}, "datetime": {"datetime": "2024-04-07 16:46:27", "elapsed": 16.78927, "delta": 9.483183}}
{"target": 308.84459497878174, "params": {"frequency_log": 2.254099273084876, "gradient": 0.2734819237342209, "magnitude": 0.0003921789990323309, "magnitude_min": -0.00022712589513682307}, "datetime": {"datetime": "2024-04-07 16:46:49", "elapsed": 39.168862, "delta": 22.379592}}
{"target": 71.10864333083957, "params": {"frequency_log": 3.183922637367499, "gradient": 0.15092920689934916, "magnitude": 3.647566090345471e-05, "magnitude_min": -0.00023614835979235665}, "datetime": {"datetime": "2024-04-07 16:46:54", "elapsed": 44.582352, "delta": 5.41349}}
{"target": 145.30423624208993, "params": {"frequency_log": 2.1704374610028068, "gradient": 0.1372771541420638, "magnitude": 2.2102239848267257e-05, "magnitude_min": -0.00014050593782586522}, "datetime": {"datetime": "2024-04-07 16:47:02", "elapsed": 52.1414, "delta": 7.559048}}
{"target": 253.29181832066803, "params": {"frequency_log": 2.0, "gradient": 0.039527729744870045, "magnitude": 0.0005046356669067641, "magnitude_min": -0.0005976529491494049}, "datetime": {"datetime": "2024-04-07 16:47:14", "elapsed": 64.724026, "delta": 12.582626}}
{"target": 157.82291318175476, "params": {"frequency_log": 2.0295214789191798, "gradient": 0.0319431293683484, "magnitude": 0.0006409755966430945, "magnitude_min": -0.00043170466971144937}, "datetime": {"datetime": "2024-04-07 16:47:26", "elapsed": 75.94186, "delta": 11.217834}}
{"target": 163.5746635100381, "params": {"frequency_log": 2.0008096867487373, "gradient": 0.1387459841318342, "magnitude": 0.0001949835108538932, "magnitude_min": -0.0005256944719269311}, "datetime": {"datetime": "2024-04-07 16:47:39", "elapsed": 88.830791, "delta": 12.888931}}
{"target": 110.937959658798, "params": {"frequency_log": 4.666592407328497, "gradient": 0.07284011770440373, "magnitude": 0.0006263114518281354, "magnitude_min": -0.0006573847041062173}, "datetime": {"datetime": "2024-04-07 16:47:49", "elapsed": 99.743091, "delta": 10.9123}}
{"target": 95.78684124748287, "params": {"frequency_log": 4.427859004219558, "gradient": 0.2640501845064557, "magnitude": 0.0003504799908790709, "magnitude_min": -0.0006324995514834246}, "datetime": {"datetime": "2024-04-07 16:47:59", "elapsed": 109.409418, "delta": 9.666327}}
{"target": 50.206574911258485, "params": {"frequency_log": 2.664776904486914, "gradient": 0.014152776020600999, "magnitude": 0.0004999324502241784, "magnitude_min": -3.820272072836098e-05}, "datetime": {"datetime": "2024-04-07 16:48:05", "elapsed": 115.547743, "delta": 6.138325}}
{"target": 60.29148629264174, "params": {"frequency_log": 4.930812001846222, "gradient": 0.105692214673375, "magnitude": 0.0004938855293681812, "magnitude_min": -0.00032230248631500796}, "datetime": {"datetime": "2024-04-07 16:48:14", "elapsed": 123.902286, "delta": 8.354543}}
{"target": 353.774793535238, "params": {"frequency_log": 2.0059335054259773, "gradient": 0.10574820883330938, "magnitude": 0.00024583498489647157, "magnitude_min": -6.463333410056593e-05}, "datetime": {"datetime": "2024-04-07 16:48:22", "elapsed": 132.660366, "delta": 8.75808}}
{"target": 401.0429338489201, "params": {"frequency_log": 2.0035492380736746, "gradient": 0.08490301791512314, "magnitude": 0.00017652432416109576, "magnitude_min": -0.00018274025774058227}, "datetime": {"datetime": "2024-04-07 16:48:31", "elapsed": 141.416576, "delta": 8.75621}}
{"target": 269.9888568696734, "params": {"frequency_log": 2.2855406230126127, "gradient": 0.25651964438048036, "magnitude": 0.00033769412956440335, "magnitude_min": -0.000521403107763547}, "datetime": {"datetime": "2024-04-07 16:48:54", "elapsed": 164.4861, "delta": 23.069524}}
{"target": 165.72926672805053, "params": {"frequency_log": 2.2401975675640937, "gradient": 0.23999365403232162, "magnitude": 0.0006310563940324499, "magnitude_min": -0.0004274395912032719}, "datetime": {"datetime": "2024-04-07 16:49:10", "elapsed": 180.138413, "delta": 15.652313}}
{"target": 158.4417636305735, "params": {"frequency_log": 3.884358812416582, "gradient": 0.29315417181014386, "magnitude": 0.0005979818704202731, "magnitude_min": -0.0006964132803525698}, "datetime": {"datetime": "2024-04-07 16:49:22", "elapsed": 191.854057, "delta": 11.715644}}
{"target": 1139.2956964615576, "params": {"frequency_log": 2.2774363155244655, "gradient": 0.2966044944142483, "magnitude": 0.00016563495996296267, "magnitude_min": -0.0001561142235764182}, "datetime": {"datetime": "2024-04-07 16:50:22", "elapsed": 252.270479, "delta": 60.416422}}
{"target": 539.2048205990815, "params": {"frequency_log": 2.2874724380570983, "gradient": 0.29753718929678835, "magnitude": 0.00031560627323028666, "magnitude_min": -0.0003752662691634266}, "datetime": {"datetime": "2024-04-07 16:51:08", "elapsed": 298.194353, "delta": 45.923874}}
{"target": 209.5170880054736, "params": {"frequency_log": 2.275792794822965, "gradient": 0.2920972118976441, "magnitude": 0.0005912289288270445, "magnitude_min": -0.00045082392502177293}, "datetime": {"datetime": "2024-04-07 16:51:34", "elapsed": 324.689603, "delta": 26.49525}}
{"target": 48.69884403683965, "params": {"frequency_log": 2.811327737700963, "gradient": 0.2419137365702034, "magnitude": 9.933811808691778e-05, "magnitude_min": -0.0006980613341915294}, "datetime": {"datetime": "2024-04-07 16:51:43", "elapsed": 333.559064, "delta": 8.869461}}
{"target": 26.168863051268374, "params": {"frequency_log": 4.175452699489302, "gradient": 0.18176212856329968, "magnitude": 2.929460887876898e-05, "magnitude_min": -0.0006944582992988094}, "datetime": {"datetime": "2024-04-07 16:51:48", "elapsed": 338.336177, "delta": 4.777113}}
{"target": 146.5077770803696, "params": {"frequency_log": 3.2982428449006878, "gradient": 0.1597147591151138, "magnitude": 0.0006804103144001208, "magnitude_min": -0.0005564802771572028}, "datetime": {"datetime": "2024-04-07 16:51:59", "elapsed": 349.555796, "delta": 11.219619}}
{"target": 142.41846973722937, "params": {"frequency_log": 2.004777037393736, "gradient": 0.13952578940199203, "magnitude": 0.0005747991803240542, "magnitude_min": -0.0002991461221185446}, "datetime": {"datetime": "2024-04-07 16:52:11", "elapsed": 360.853294, "delta": 11.297498}}
{"target": 111.84385452252953, "params": {"frequency_log": 2.0668317948288557, "gradient": 0.20901154732253185, "magnitude": 0.0005706703915101018, "magnitude_min": -0.0002216075578789979}, "datetime": {"datetime": "2024-04-07 16:52:24", "elapsed": 373.964691, "delta": 13.111397}}
{"target": 208.86284670127503, "params": {"frequency_log": 2.0815943987040546, "gradient": 0.1849004242612319, "magnitude": 0.0005182666641774904, "magnitude_min": -0.0006860180625276895}, "datetime": {"datetime": "2024-04-07 16:52:40", "elapsed": 390.016835, "delta": 16.052144}}
{"target": 127.81235669777081, "params": {"frequency_log": 2.0039843629433474, "gradient": 0.1011045504382045, "magnitude": 0.00020910303788912774, "magnitude_min": -0.0005807274783724284}, "datetime": {"datetime": "2024-04-07 16:52:50", "elapsed": 400.745027, "delta": 10.728192}}
{"target": 360.6272734764952, "params": {"frequency_log": 2.0152625941736084, "gradient": 0.040178960795978436, "magnitude": 0.00024250393360666358, "magnitude_min": -0.00036319800257951355}, "datetime": {"datetime": "2024-04-07 16:53:01", "elapsed": 411.530256, "delta": 10.785229}}
{"target": 108.95923700594139, "params": {"frequency_log": 3.6056378492536534, "gradient": 0.14217569731814245, "magnitude": 0.0005205480439511046, "magnitude_min": -0.0003183025676648336}, "datetime": {"datetime": "2024-04-07 16:53:10", "elapsed": 420.540074, "delta": 9.009818}}
{"target": 203.8391636288411, "params": {"frequency_log": 3.0492283467236163, "gradient": 0.2172894668797036, "magnitude": 0.0005562019709618049, "magnitude_min": -0.0005438773640012617}, "datetime": {"datetime": "2024-04-07 16:53:23", "elapsed": 432.817893, "delta": 12.277819}}
{"target": 48.52367438715306, "params": {"frequency_log": 4.144613833961193, "gradient": 0.048309806094341275, "magnitude": 0.00017385681814334494, "magnitude_min": -0.0004411373202152324}, "datetime": {"datetime": "2024-04-07 16:53:30", "elapsed": 440.098397, "delta": 7.280504}}
{"target": 67.69164233433555, "params": {"frequency_log": 2.5789778879594203, "gradient": 0.1784869959400762, "magnitude": 0.0006646586108866718, "magnitude_min": -0.000219788058957279}, "datetime": {"datetime": "2024-04-07 16:53:38", "elapsed": 448.64905, "delta": 8.550653}}
{"target": 217.17682381105342, "params": {"frequency_log": 2.9000531235580196, "gradient": 0.2880613223958196, "magnitude": 0.000366658146902617, "magnitude_min": -0.0001653350305261935}, "datetime": {"datetime": "2024-04-07 16:53:51", "elapsed": 461.048126, "delta": 12.399076}}
{"target": 124.82723916810902, "params": {"frequency_log": 4.522357527078005, "gradient": 0.1625491624024056, "magnitude": 0.0006361704458329679, "magnitude_min": -0.0006690496794387114}, "datetime": {"datetime": "2024-04-07 16:54:02", "elapsed": 472.41312, "delta": 11.364994}}
{"target": 65.58762894091403, "params": {"frequency_log": 3.1830888810120093, "gradient": 0.13446580473864503, "magnitude": 0.0006820320828384138, "magnitude_min": -0.00026582380314323794}, "datetime": {"datetime": "2024-04-07 16:54:11", "elapsed": 480.821377, "delta": 8.408257}}
{"target": 104.07026567444497, "params": {"frequency_log": 4.2883348651139865, "gradient": 0.22364051796103684, "magnitude": 0.00029643712777835277, "magnitude_min": -0.00038692674855293367}, "datetime": {"datetime": "2024-04-07 16:54:19", "elapsed": 489.172283, "delta": 8.350906}}
{"target": 93.51461048911055, "params": {"frequency_log": 3.56963896110028, "gradient": 0.13851720207472976, "magnitude": 0.0004890304631524002, "magnitude_min": -0.00023648674723644828}, "datetime": {"datetime": "2024-04-07 16:54:27", "elapsed": 497.228347, "delta": 8.056064}}
{"target": 45.28631112129203, "params": {"frequency_log": 3.1387771703969807, "gradient": 0.1928932835614303, "magnitude": 0.0006595143876569169, "magnitude_min": -9.899623528057916e-05}, "datetime": {"datetime": "2024-04-07 16:54:33", "elapsed": 503.544185, "delta": 6.315838}}
{"target": 123.34304518944434, "params": {"frequency_log": 2.775691033989226, "gradient": 0.17680814294630928, "magnitude": 0.0003295578499339423, "magnitude_min": -0.0006816804269412539}, "datetime": {"datetime": "2024-04-07 16:54:44", "elapsed": 514.672375, "delta": 11.12819}}
{"target": 143.8936622065019, "params": {"frequency_log": 3.666011733605213, "gradient": 0.05286304356165404, "magnitude": 0.0004512415398443564, "magnitude_min": -0.0005484563982694053}, "datetime": {"datetime": "2024-04-07 16:54:55", "elapsed": 525.38312, "delta": 10.710745}}
{"target": 32.07033916492418, "params": {"frequency_log": 4.4340817121548834, "gradient": 0.22668042903469882, "magnitude": 0.0002268726875878906, "magnitude_min": -9.416784719331987e-05}, "datetime": {"datetime": "2024-04-07 16:55:00", "elapsed": 530.106487, "delta": 4.723367}}
{"target": 38.415466692513455, "params": {"frequency_log": 4.740696191412902, "gradient": 0.29511685584642583, "magnitude": 7.212823034072837e-05, "magnitude_min": -0.00047966282374260554}, "datetime": {"datetime": "2024-04-07 16:55:06", "elapsed": 535.922227, "delta": 5.81574}}
{"target": 267.94834823772237, "params": {"frequency_log": 2.570332367454361, "gradient": 0.24479798422171992, "magnitude": 0.0002463554978381132, "magnitude_min": -1.3378771117544255e-05}, "datetime": {"datetime": "2024-04-07 16:55:18", "elapsed": 548.135241, "delta": 12.213014}}
{"target": 50.497881774024535, "params": {"frequency_log": 4.828367757669634, "gradient": 0.11605725191941928, "magnitude": 0.0002839646975659782, "magnitude_min": -0.0003718325148819968}, "datetime": {"datetime": "2024-04-07 16:55:25", "elapsed": 555.27921, "delta": 7.143969}}
{"target": 36.271507212198486, "params": {"frequency_log": 4.408048435533575, "gradient": 0.1750191172442543, "magnitude": 0.0005969052863481581, "magnitude_min": -9.603176711175596e-05}, "datetime": {"datetime": "2024-04-07 16:55:31", "elapsed": 560.956572, "delta": 5.677362}}
{"target": 30.705869299502375, "params": {"frequency_log": 4.1731600717599955, "gradient": 0.02254342790801106, "magnitude": 0.00047779588355206993, "magnitude_min": -3.228078630275401e-05}, "datetime": {"datetime": "2024-04-07 16:55:35", "elapsed": 565.707023, "delta": 4.750451}}
{"target": 153.27372336305422, "params": {"frequency_log": 3.131000841457208, "gradient": 0.2495648287104794, "magnitude": 0.0006944050463100655, "magnitude_min": -0.0005560670370728445}, "datetime": {"datetime": "2024-04-07 16:55:47", "elapsed": 577.29736, "delta": 11.590337}}
{"target": 241.56797111100263, "params": {"frequency_log": 2.204220523389596, "gradient": 0.14314780863803783, "magnitude": 0.0003546302386055515, "magnitude_min": -0.00013545053908546188}, "datetime": {"datetime": "2024-04-07 16:55:57", "elapsed": 587.220131, "delta": 9.922771}}
{"target": 40.422906922701294, "params": {"frequency_log": 3.9791859139992107, "gradient": 0.25728072925485385, "magnitude": 5.7542219017282547e-05, "magnitude_min": -0.0005510316303923015}, "datetime": {"datetime": "2024-04-07 16:56:03", "elapsed": 593.130581, "delta": 5.91045}}
{"target": 111.96712346121917, "params": {"frequency_log": 4.537893707115214, "gradient": 0.155011113936231, "magnitude": 0.0004712195324737017, "magnitude_min": -0.0006408440784153842}, "datetime": {"datetime": "2024-04-07 16:56:13", "elapsed": 603.464713, "delta": 10.334132}}
{"target": 199.84871423522145, "params": {"frequency_log": 3.1004682312348164, "gradient": 0.16702975123238145, "magnitude": 0.00042367262513765463, "magnitude_min": -0.0005691145993134452}, "datetime": {"datetime": "2024-04-07 16:56:25", "elapsed": 615.101318, "delta": 11.636605}}
{"target": 67.75545219505216, "params": {"frequency_log": 4.492978282941006, "gradient": 0.182015405822263, "magnitude": 0.000314819396682286, "magnitude_min": -0.00027968052045689794}, "datetime": {"datetime": "2024-04-07 16:56:32", "elapsed": 622.204979, "delta": 7.103661}}
{"target": 185.2527002095988, "params": {"frequency_log": 3.7254669645323726, "gradient": 0.281752395826945, "magnitude": 0.00032158284071270236, "magnitude_min": -0.000502195794222742}, "datetime": {"datetime": "2024-04-07 16:56:42", "elapsed": 632.277669, "delta": 10.07269}}
{"target": 323.46994724239715, "params": {"frequency_log": 2.27710895652049, "gradient": 0.29751906969036496, "magnitude": 0.00044864254456252844, "magnitude_min": -0.0003401955098881799}, "datetime": {"datetime": "2024-04-07 16:57:14", "elapsed": 664.70064, "delta": 32.422971}}
{"target": 375.2784931112756, "params": {"frequency_log": 2.2772320196091105, "gradient": 0.22930424326085144, "magnitude": 0.00038747859559637714, "magnitude_min": -0.0004623695185887901}, "datetime": {"datetime": "2024-04-07 16:57:32", "elapsed": 682.674833, "delta": 17.974193}}
{"target": 50.40565020178036, "params": {"frequency_log": 2.9101785507307607, "gradient": 0.06301792854505471, "magnitude": 0.0006371183400530222, "magnitude_min": -0.00013222940994664823}, "datetime": {"datetime": "2024-04-07 16:57:39", "elapsed": 689.25383, "delta": 6.578997}}
{"target": 75.72988060406259, "params": {"frequency_log": 2.265385563824802, "gradient": 0.13100106311618948, "magnitude": 8.15915258563825e-05, "magnitude_min": -0.000540655035414359}, "datetime": {"datetime": "2024-04-07 16:57:48", "elapsed": 698.171746, "delta": 8.917916}}
{"target": 127.98042183739892, "params": {"frequency_log": 3.5524160354144008, "gradient": 0.20490142979028572, "magnitude": 0.0002846104009520606, "magnitude_min": -0.00016048903124901324}, "datetime": {"datetime": "2024-04-07 16:57:55", "elapsed": 705.29079, "delta": 7.119044}}
{"target": 30.42847048683537, "params": {"frequency_log": 4.782470744962089, "gradient": 0.05758617884918568, "magnitude": 0.0004284521930146061, "magnitude_min": -0.00013890399462471018}, "datetime": {"datetime": "2024-04-07 16:58:01", "elapsed": 711.253383, "delta": 5.962593}}
{"target": 161.22189333988698, "params": {"frequency_log": 3.394186902559518, "gradient": 0.1695448116958215, "magnitude": 0.00038656062382722635, "magnitude_min": -0.0005773959148787322}, "datetime": {"datetime": "2024-04-07 16:58:12", "elapsed": 721.787684, "delta": 10.534301}}
{"target": 34.03842382821595, "params": {"frequency_log": 4.513217665371888, "gradient": 0.20589689793628727, "magnitude": 0.0004379512777979667, "magnitude_min": -5.471966800822204e-05}, "datetime": {"datetime": "2024-04-07 16:58:17", "elapsed": 726.846059, "delta": 5.058375}}
{"target": 39.14234791910757, "params": {"frequency_log": 3.441446124053884, "gradient": 0.24401079888400848, "magnitude": 4.915098347442556e-05, "magnitude_min": -0.0006214324813994389}, "datetime": {"datetime": "2024-04-07 16:58:23", "elapsed": 733.101407, "delta": 6.255348}}
{"target": 91.26878754868618, "params": {"frequency_log": 2.2048633665922988, "gradient": 0.14441109128915605, "magnitude": 0.0004049962491881599, "magnitude_min": -2.8439510912610616e-05}, "datetime": {"datetime": "2024-04-07 16:58:30", "elapsed": 740.539098, "delta": 7.437691}}
{"target": 407.45250897769637, "params": {"frequency_log": 2.2762781694436844, "gradient": 0.2289029022210155, "magnitude": 0.00040356399508992687, "magnitude_min": -0.0003644335195621497}, "datetime": {"datetime": "2024-04-07 16:58:48", "elapsed": 758.62075, "delta": 18.081652}}
{"target": 601.3604328720011, "params": {"frequency_log": 2.0038295825833146, "gradient": 0.08640650442781107, "magnitude": 0.00025673220640558655, "magnitude_min": -0.0002502951168667817}, "datetime": {"datetime": "2024-04-07 16:58:59", "elapsed": 769.364533, "delta": 10.743783}}
{"target": 318.82655967530224, "params": {"frequency_log": 2.199893566994425, "gradient": 0.24028067674208647, "magnitude": 0.000412305973737124, "magnitude_min": -0.0005276619196408126}, "datetime": {"datetime": "2024-04-07 16:59:22", "elapsed": 792.507291, "delta": 23.142758}}
{"target": 370.481456689904, "params": {"frequency_log": 2.0009403438913353, "gradient": 0.09866577316412135, "magnitude": 0.00021666214008206293, "magnitude_min": -0.00039376830558365133}, "datetime": {"datetime": "2024-04-07 16:59:34", "elapsed": 804.363578, "delta": 11.856287}}
{"target": 55.9532253718387, "params": {"frequency_log": 2.901054919717856, "gradient": 0.28695754367595183, "magnitude": 2.824773560101951e-05, "magnitude_min": -0.0005192430385348649}, "datetime": {"datetime": "2024-04-07 16:59:45", "elapsed": 815.212619, "delta": 10.849041}}
{"target": 53.842697464465424, "params": {"frequency_log": 4.449968656918903, "gradient": 0.0005863378076362723, "magnitude": 0.0003369553184674667, "magnitude_min": -0.00038867873316650217}, "datetime": {"datetime": "2024-04-07 16:59:53", "elapsed": 823.680146, "delta": 8.467527}}
{"target": 47.2253804409386, "params": {"frequency_log": 2.278709041482209, "gradient": 0.22704626680750192, "magnitude": 2.3047215520842433e-06, "magnitude_min": -0.0005609231368232682}, "datetime": {"datetime": "2024-04-07 17:00:04", "elapsed": 834.159288, "delta": 10.479142}}
{"target": 175.27920746144386, "params": {"frequency_log": 2.202420093792039, "gradient": 0.14290319928375964, "magnitude": 0.0006761594601588373, "magnitude_min": -0.0005520710678730562}, "datetime": {"datetime": "2024-04-07 17:00:17", "elapsed": 847.022845, "delta": 12.863557}}
{"target": 471.5187174939143, "params": {"frequency_log": 2.0145204855500225, "gradient": 0.04212363285687821, "magnitude": 0.0003309980794342907, "magnitude_min": -0.0003580407739473201}, "datetime": {"datetime": "2024-04-07 17:00:28", "elapsed": 858.503193, "delta": 11.480348}}
{"target": 234.79189483925663, "params": {"frequency_log": 3.0491276154716234, "gradient": 0.2997860900775973, "magnitude": 0.0005256272970225694, "magnitude_min": -0.0005960710129056677}, "datetime": {"datetime": "2024-04-07 17:00:46", "elapsed": 876.158387, "delta": 17.655194}}
{"target": 281.3537989454942, "params": {"frequency_log": 2.014333335771424, "gradient": 0.04187357278939652, "magnitude": 0.00020942810012577828, "magnitude_min": -0.0002138653729342939}, "datetime": {"datetime": "2024-04-07 17:00:56", "elapsed": 886.314722, "delta": 10.156335}}
{"target": 48.901586920193836, "params": {"frequency_log": 2.606730265812986, "gradient": 0.11519647469424715, "magnitude": 0.0006203199339403859, "magnitude_min": -8.237087011500274e-05}, "datetime": {"datetime": "2024-04-07 17:01:03", "elapsed": 892.806887, "delta": 6.492165}}
{"target": 48.26301792170724, "params": {"frequency_log": 3.442369425939252, "gradient": 0.2976581719991161, "magnitude": 0.000687897569421617, "magnitude_min": -0.0001262739940497121}, "datetime": {"datetime": "2024-04-07 17:01:10", "elapsed": 900.57835, "delta": 7.771463}}
{"target": 23.070681926173886, "params": {"frequency_log": 3.9175307419042356, "gradient": 0.19989928092121176, "magnitude": 0.00015345656591601322, "magnitude_min": -2.4552063867686155e-05}, "datetime": {"datetime": "2024-04-07 17:01:16", "elapsed": 905.825167, "delta": 5.246817}}
