{"target": 35.421163359018564, "params": {"frequency_log": 2.816889550610214, "magnitude": 0.00015646851926567022, "magnitude_min": -0.0003390449543064174}, "datetime": {"datetime": "2024-04-07 20:40:08", "elapsed": 900.872473, "delta": 9.628456}}
{"target": 80.50784436576956, "params": {"frequency_log": 2.212470267758931, "magnitude": 5.288089209963584e-05, "magnitude_min": -0.0006441743158240888}, "datetime": {"datetime": "2024-04-07 20:40:16", "elapsed": 909.044825, "delta": 8.172352}}
{"target": 35.22710743983157, "params": {"frequency_log": 4.232474245422158, "magnitude": 6.843231984178598e-05, "magnitude_min": -0.0005595972145428992}, "datetime": {"datetime": "2024-04-07 20:40:23", "elapsed": 915.834068, "delta": 6.789243}}
{"target": 21.078177310984177, "params": {"frequency_log": 3.879391841919286, "magnitude": 0.00043840398620263634, "magnitude_min": -2.783386061578556e-05}, "datetime": {"datetime": "2024-04-07 20:40:30", "elapsed": 922.251289, "delta": 6.417221}}
{"target": 81.71759691817293, "params": {"frequency_log": 2.2138069347038694, "magnitude": 5.679547365911182e-05, "magnitude_min": -0.0006848614907479332}, "datetime": {"datetime": "2024-04-07 20:40:38", "elapsed": 930.354347, "delta": 8.103058}}
{"target": 22.805464935187533, "params": {"frequency_log": 2.89188490776735, "magnitude": 0.0004661622235520927, "magnitude_min": -8.037601660314687e-05}, "datetime": {"datetime": "2024-04-07 20:40:46", "elapsed": 938.127546, "delta": 7.773199}}
{"target": 54.8487385081835, "params": {"frequency_log": 2.5082046709418373, "magnitude": 0.0003530557215108921, "magnitude_min": -0.0006198784542262621}, "datetime": {"datetime": "2024-04-07 20:40:59", "elapsed": 951.727489, "delta": 13.599943}}
{"target": 24.71223020959139, "params": {"frequency_log": 3.7726365202523167, "magnitude": 0.0006590828564093631, "magnitude_min": -0.0005291056845530726}, "datetime": {"datetime": "2024-04-07 20:41:12", "elapsed": 964.562317, "delta": 12.834828}}
{"target": 42.17418442759052, "params": {"frequency_log": 4.037807708502425, "magnitude": 0.00014205261329538338, "magnitude_min": -0.0005643413546761962}, "datetime": {"datetime": "2024-04-07 20:41:20", "elapsed": 972.634813, "delta": 8.072496}}
{"target": 41.39437162254965, "params": {"frequency_log": 3.47596626355793, "magnitude": 0.00032729340247568005, "magnitude_min": -0.0005189917208059361}, "datetime": {"datetime": "2024-04-07 20:41:32", "elapsed": 984.067413, "delta": 11.4326}}
{"target": 24.045408566451172, "params": {"frequency_log": 3.2409235309271547, "magnitude": 0.0006936481950902959, "magnitude_min": -0.0004106415917952361}, "datetime": {"datetime": "2024-04-07 20:41:43", "elapsed": 995.806429, "delta": 11.739016}}
{"target": 21.416821815082113, "params": {"frequency_log": 4.855417235267215, "magnitude": 0.00020781477640870085, "magnitude_min": -0.00025766503369900796}, "datetime": {"datetime": "2024-04-07 20:41:49", "elapsed": 1001.503279, "delta": 5.69685}}
{"target": 16.75779973134573, "params": {"frequency_log": 3.1701689361711667, "magnitude": 0.0, "magnitude_min": 0.0}, "datetime": {"datetime": "2024-04-07 20:41:53", "elapsed": 1005.80014, "delta": 4.296861}}
{"target": 48.3576759475871, "params": {"frequency_log": 2.5757869261344686, "magnitude": 0.0002194279936747562, "magnitude_min": -0.0004138235377128694}, "datetime": {"datetime": "2024-04-07 20:42:04", "elapsed": 1016.420311, "delta": 10.620171}}
{"target": 44.74743570797463, "params": {"frequency_log": 2.5770853716867013, "magnitude": 0.0002608129685568399, "magnitude_min": -0.00043478735438212164}, "datetime": {"datetime": "2024-04-07 20:42:15", "elapsed": 1027.25997, "delta": 10.839659}}
{"target": 25.428065819012417, "params": {"frequency_log": 2.574896161118933, "magnitude": 0.0006508138073232867, "magnitude_min": -0.0005993847277841507}, "datetime": {"datetime": "2024-04-07 20:42:28", "elapsed": 1040.41169, "delta": 13.15172}}
{"target": 67.41273210598301, "params": {"frequency_log": 2.8613669206999206, "magnitude": 2.1521673175026325e-05, "magnitude_min": -0.0006520220524624746}, "datetime": {"datetime": "2024-04-07 20:42:34", "elapsed": 1046.671272, "delta": 6.259582}}
