{"target": 51.877085111445936, "params": {"frequency_log": 2.0, "magnitude": 0.0002, "magnitude_min": -0.00035}, "datetime": {"datetime": "2024-04-07 20:25:07", "elapsed": 0.0, "delta": 0.0}}
{"target": 27.044686795172485, "params": {"frequency_log": 4.901340420991387, "magnitude": 0.0001443925992138554, "magnitude_min": -0.00045104828717946343}, "datetime": {"datetime": "2024-04-07 20:25:13", "elapsed": 5.841656, "delta": 5.841656}}
{"target": 35.356754882216734, "params": {"frequency_log": 3.747568967668919, "magnitude": 0.00038747788211248614, "magnitude_min": -0.0005473496727260785}, "datetime": {"datetime": "2024-04-07 20:25:23", "elapsed": 15.759617, "delta": 9.917961}}
{"target": 25.026439458380825, "params": {"frequency_log": 4.723566700130269, "magnitude": 0.0006497655758532926, "magnitude_min": -0.0006164484434374656}, "datetime": {"datetime": "2024-04-07 20:25:34", "elapsed": 26.083627, "delta": 10.32401}}
{"target": 38.15160275305911, "params": {"frequency_log": 4.336087888359495, "magnitude": 0.0001572050070762757, "magnitude_min": -0.0005864913958710264}, "datetime": {"datetime": "2024-04-07 20:25:40", "elapsed": 32.682059, "delta": 6.598432}}
{"target": 22.44717890740756, "params": {"frequency_log": 4.596518488773162, "magnitude": 2.8145109019114468e-05, "magnitude_min": -0.00036265844998913815}, "datetime": {"datetime": "2024-04-07 20:25:45", "elapsed": 37.693743, "delta": 5.011684}}
{"target": 53.15608223213553, "params": {"frequency_log": 2.211847762928641, "magnitude": 0.00011756531820444645, "magnitude_min": -0.00037529282952687134}, "datetime": {"datetime": "2024-04-07 20:25:55", "elapsed": 47.618459, "delta": 9.924716}}
{"target": 24.319884192947587, "params": {"frequency_log": 2.586212017653239, "magnitude": 0.0007, "magnitude_min": -0.0007}, "datetime": {"datetime": "2024-04-07 20:26:10", "elapsed": 62.610583, "delta": 14.992124}}
{"target": 17.475179161153726, "params": {"frequency_log": 3.2723373790636137, "magnitude": 0.0, "magnitude_min": 0.0}, "datetime": {"datetime": "2024-04-07 20:26:15", "elapsed": 67.190784, "delta": 4.580201}}
{"target": 17.53220462930587, "params": {"frequency_log": 4.060020921215635, "magnitude": 0.0007, "magnitude_min": 0.0}, "datetime": {"datetime": "2024-04-07 20:26:20", "elapsed": 72.266123, "delta": 5.075339}}
{"target": 14.495956259750416, "params": {"frequency_log": 3.8668422572507852, "magnitude": 7.752257812901541e-05, "magnitude_min": -0.0001202409495231195}, "datetime": {"datetime": "2024-04-07 20:26:24", "elapsed": 76.683601, "delta": 4.417478}}
{"target": 25.9915272086771, "params": {"frequency_log": 4.302771061508718, "magnitude": 0.000402558489346423, "magnitude_min": -0.0002414147987083459}, "datetime": {"datetime": "2024-04-07 20:26:33", "elapsed": 85.552115, "delta": 8.868514}}
{"target": 56.82679688559659, "params": {"frequency_log": 2.8161043565300723, "magnitude": 0.0001461175654574588, "magnitude_min": -0.00047520194991116277}, "datetime": {"datetime": "2024-04-07 20:26:43", "elapsed": 95.460244, "delta": 9.908129}}
{"target": 19.304903232277, "params": {"frequency_log": 4.768464892130487, "magnitude": 0.0006391915750316603, "magnitude_min": -0.00012397443770947663}, "datetime": {"datetime": "2024-04-07 20:26:50", "elapsed": 102.372112, "delta": 6.911868}}
{"target": 68.59435665508983, "params": {"frequency_log": 2.860634368475739, "magnitude": 0.00024833081177015327, "magnitude_min": -0.0006467571271987408}, "datetime": {"datetime": "2024-04-07 20:27:02", "elapsed": 114.129979, "delta": 11.757867}}
{"target": 67.48580728624819, "params": {"frequency_log": 2.8138947404367056, "magnitude": 0.000186562422561735, "magnitude_min": -0.0005142253036157394}, "datetime": {"datetime": "2024-04-07 20:27:12", "elapsed": 124.626025, "delta": 10.496046}}
{"target": 28.191337718268656, "params": {"frequency_log": 2.8646942462859273, "magnitude": 0.000566371774168543, "magnitude_min": -0.0006017784006920156}, "datetime": {"datetime": "2024-04-07 20:27:27", "elapsed": 139.573442, "delta": 14.947417}}
{"target": 40.28907191847082, "params": {"frequency_log": 3.74763501924245, "magnitude": 0.00042866524539490785, "magnitude_min": -0.000653107590133306}, "datetime": {"datetime": "2024-04-07 20:27:41", "elapsed": 153.823407, "delta": 14.249965}}
{"target": 26.027821413443462, "params": {"frequency_log": 2.860966641449622, "magnitude": 0.00044898479062268585, "magnitude_min": -0.0004636241431351494}, "datetime": {"datetime": "2024-04-07 20:27:56", "elapsed": 168.381554, "delta": 14.558147}}
{"target": 63.05422109971315, "params": {"frequency_log": 2.8606003548646655, "magnitude": 0.0001733870701794302, "magnitude_min": -0.0005114532826656465}, "datetime": {"datetime": "2024-04-07 20:28:07", "elapsed": 179.150192, "delta": 10.768638}}
{"target": 60.91403218706161, "params": {"frequency_log": 2.813800688899563, "magnitude": 5.178294629052824e-05, "magnitude_min": -0.000521207883895929}, "datetime": {"datetime": "2024-04-07 20:28:15", "elapsed": 187.665111, "delta": 8.514919}}
{"target": 19.462981895052827, "params": {"frequency_log": 2.8137429652900177, "magnitude": 3.301142786293256e-05, "magnitude_min": -9.722826044647188e-05}, "datetime": {"datetime": "2024-04-07 20:28:20", "elapsed": 192.805263, "delta": 5.140152}}
{"target": 30.84948615613759, "params": {"frequency_log": 2.8162996710936268, "magnitude": 0.0003115335523061137, "magnitude_min": -9.830656945222804e-05}, "datetime": {"datetime": "2024-04-07 20:28:30", "elapsed": 202.262499, "delta": 9.457236}}
{"target": 37.387178158908895, "params": {"frequency_log": 2.8159139825045774, "magnitude": 0.0003178248633886458, "magnitude_min": -0.00047195767540784235}, "datetime": {"datetime": "2024-04-07 20:28:44", "elapsed": 216.759471, "delta": 14.496972}}
{"target": 40.83448399886705, "params": {"frequency_log": 2.8141032986148815, "magnitude": 6.0916460542380454e-05, "magnitude_min": -0.0003848301591506768}, "datetime": {"datetime": "2024-04-07 20:28:51", "elapsed": 223.657673, "delta": 6.898202}}
{"target": 58.981623116338184, "params": {"frequency_log": 2.860231030319144, "magnitude": 0.0003518503046577009, "magnitude_min": -0.0006510548326304992}, "datetime": {"datetime": "2024-04-07 20:29:03", "elapsed": 235.212886, "delta": 11.555213}}
{"target": 63.75538522608835, "params": {"frequency_log": 2.859965627929946, "magnitude": 0.00018642217113562718, "magnitude_min": -0.0005537132042591759}, "datetime": {"datetime": "2024-04-07 20:29:11", "elapsed": 243.654118, "delta": 8.441232}}
{"target": 33.8092113479537, "params": {"frequency_log": 4.405950115826938, "magnitude": 0.00043187836731598174, "magnitude_min": -0.000608404201065641}, "datetime": {"datetime": "2024-04-07 20:29:22", "elapsed": 254.088341, "delta": 10.434223}}
{"target": 31.185445575457038, "params": {"frequency_log": 2.8600951342576906, "magnitude": 0.0001947965618210803, "magnitude_min": -0.000338869914439411}, "datetime": {"datetime": "2024-04-07 20:29:30", "elapsed": 262.398125, "delta": 8.309784}}
{"target": 72.95474246436073, "params": {"frequency_log": 2.8599082029061798, "magnitude": 0.00010574884488031212, "magnitude_min": -0.0006403535453185662}, "datetime": {"datetime": "2024-04-07 20:29:37", "elapsed": 269.577551, "delta": 7.179426}}
{"target": 73.45261406683856, "params": {"frequency_log": 2.8608635382560283, "magnitude": 7.817438875120407e-05, "magnitude_min": -0.0006578013111801941}, "datetime": {"datetime": "2024-04-07 20:29:44", "elapsed": 276.15453, "delta": 6.576979}}
{"target": 42.57058714479924, "params": {"frequency_log": 2.2117403522575128, "magnitude": 0.00022230440516966677, "magnitude_min": -0.0003706742994215619}, "datetime": {"datetime": "2024-04-07 20:29:54", "elapsed": 286.156351, "delta": 10.001821}}
{"target": 70.64344517705922, "params": {"frequency_log": 2.212116366958526, "magnitude": 0.00031549747890913417, "magnitude_min": -0.0006640871895786508}, "datetime": {"datetime": "2024-04-07 20:30:05", "elapsed": 297.353395, "delta": 11.197044}}
{"target": 71.45735431080205, "params": {"frequency_log": 2.212170791852816, "magnitude": 0.0002533655881647993, "magnitude_min": -0.0005435330731838782}, "datetime": {"datetime": "2024-04-07 20:30:15", "elapsed": 307.676527, "delta": 10.323132}}
{"target": 75.73140154233445, "params": {"frequency_log": 2.2119082712175318, "magnitude": 2.2094164298266817e-05, "magnitude_min": -0.0006642601522747131}, "datetime": {"datetime": "2024-04-07 20:30:21", "elapsed": 314.032915, "delta": 6.356388}}
{"target": 71.784721211916, "params": {"frequency_log": 2.212128112646367, "magnitude": 0.00015245796125776606, "magnitude_min": -0.0005512487030591295}, "datetime": {"datetime": "2024-04-07 20:30:30", "elapsed": 322.824389, "delta": 8.791474}}
{"target": 58.50522903865887, "params": {"frequency_log": 2.212741338494352, "magnitude": 0.00034136543087187377, "magnitude_min": -0.0006191847762294672}, "datetime": {"datetime": "2024-04-07 20:30:42", "elapsed": 334.804637, "delta": 11.980248}}
{"target": 39.3436094217836, "params": {"frequency_log": 2.816120564511497, "magnitude": 6.791400960456229e-05, "magnitude_min": -0.00037748752700143536}, "datetime": {"datetime": "2024-04-07 20:30:49", "elapsed": 341.712184, "delta": 6.907547}}
{"target": 27.79246052042308, "params": {"frequency_log": 2.8139100305934486, "magnitude": 0.0005263885867397108, "magnitude_min": -0.0006474458267222094}, "datetime": {"datetime": "2024-04-07 20:31:02", "elapsed": 354.159327, "delta": 12.447143}}
{"target": 63.215772037447124, "params": {"frequency_log": 2.8605133698668936, "magnitude": 9.58711406530124e-06, "magnitude_min": -0.0005453959973948119}, "datetime": {"datetime": "2024-04-07 20:31:09", "elapsed": 361.314747, "delta": 7.15542}}
{"target": 59.90546112107008, "params": {"frequency_log": 2.212494158794031, "magnitude": 0.00036366588497885696, "magnitude_min": -0.0006973077443251354}, "datetime": {"datetime": "2024-04-07 20:31:23", "elapsed": 375.435777, "delta": 14.12103}}
{"target": 50.142577945624154, "params": {"frequency_log": 2.8603733339420523, "magnitude": 0.0003924544627662727, "magnitude_min": -0.0006540038365468683}, "datetime": {"datetime": "2024-04-07 20:31:35", "elapsed": 387.535922, "delta": 12.100145}}
{"target": 26.769876076672805, "params": {"frequency_log": 2.3753758831768903, "magnitude": 0.00027261646684431786, "magnitude_min": -0.0002034172451015158}, "datetime": {"datetime": "2024-04-07 20:31:44", "elapsed": 396.962261, "delta": 9.426339}}
{"target": 75.81790420716585, "params": {"frequency_log": 2.2119073146024024, "magnitude": 3.261486422104617e-05, "magnitude_min": -0.0006934102176911272}, "datetime": {"datetime": "2024-04-07 20:31:51", "elapsed": 403.947243, "delta": 6.984982}}
{"target": 47.28114666103782, "params": {"frequency_log": 2.859367767009786, "magnitude": 0.0001640095428283772, "magnitude_min": -0.0004141929809317753}, "datetime": {"datetime": "2024-04-07 20:32:00", "elapsed": 412.567024, "delta": 8.619781}}
{"target": 56.550097210382795, "params": {"frequency_log": 2.2135121979227828, "magnitude": 5.656894055500505e-05, "magnitude_min": -0.00039116230500567287}, "datetime": {"datetime": "2024-04-07 20:32:08", "elapsed": 420.661358, "delta": 8.094334}}
{"target": 72.55377328152234, "params": {"frequency_log": 2.81618794210302, "magnitude": 5.408109247242474e-05, "magnitude_min": -0.0006929611959375939}, "datetime": {"datetime": "2024-04-07 20:32:14", "elapsed": 426.981488, "delta": 6.32013}}
{"target": 30.465887517370945, "params": {"frequency_log": 2.212674911194713, "magnitude": 0.00011424602595681221, "magnitude_min": -0.0002521267621196691}, "datetime": {"datetime": "2024-04-07 20:32:22", "elapsed": 435.015085, "delta": 8.033597}}
{"target": 64.04261807318998, "params": {"frequency_log": 2.8165304937629423, "magnitude": 0.00015844557100517896, "magnitude_min": -0.0005576545742025335}, "datetime": {"datetime": "2024-04-07 20:32:31", "elapsed": 443.333167, "delta": 8.318082}}
{"target": 69.21629147509712, "params": {"frequency_log": 2.2140825785521985, "magnitude": 0.00016875955231235968, "magnitude_min": -0.0004972299861950571}, "datetime": {"datetime": "2024-04-07 20:32:40", "elapsed": 452.52119, "delta": 9.188023}}
{"target": 38.56102846663855, "params": {"frequency_log": 2.2139744810494864, "magnitude": 0.0002946319051913377, "magnitude_min": -2.5016769819201324e-05}, "datetime": {"datetime": "2024-04-07 20:32:47", "elapsed": 459.909063, "delta": 7.387873}}
{"target": 34.94432183692954, "params": {"frequency_log": 2.214597523627301, "magnitude": 0.00038060893979316397, "magnitude_min": -0.0005426672266695852}, "datetime": {"datetime": "2024-04-07 20:33:01", "elapsed": 473.63432, "delta": 13.725257}}
{"target": 80.87244785150695, "params": {"frequency_log": 2.2122806249507745, "magnitude": 0.0001191905641257213, "magnitude_min": -0.0006872536448018897}, "datetime": {"datetime": "2024-04-07 20:33:11", "elapsed": 483.731872, "delta": 10.097552}}
{"target": 74.53993005356217, "params": {"frequency_log": 2.213224252838993, "magnitude": 0.00030256132833078006, "magnitude_min": -0.0006757455342719545}, "datetime": {"datetime": "2024-04-07 20:33:25", "elapsed": 497.653967, "delta": 13.922095}}
{"target": 27.621390844764054, "params": {"frequency_log": 2.213230817009512, "magnitude": 0.00045654134857714456, "magnitude_min": -0.0005088149204343876}, "datetime": {"datetime": "2024-04-07 20:33:41", "elapsed": 513.174191, "delta": 15.520224}}
{"target": 69.14525759175045, "params": {"frequency_log": 2.8596530600027807, "magnitude": 0.00023120657496472394, "magnitude_min": -0.0006548134400735928}, "datetime": {"datetime": "2024-04-07 20:33:52", "elapsed": 524.67053, "delta": 11.496339}}
{"target": 72.15050666600976, "params": {"frequency_log": 2.2131019015559454, "magnitude": 3.621964858453175e-06, "magnitude_min": -0.0006641254622315549}, "datetime": {"datetime": "2024-04-07 20:34:00", "elapsed": 532.496272, "delta": 7.825742}}
{"target": 24.618782071084865, "params": {"frequency_log": 2.8174080365522114, "magnitude": 0.000662928733545742, "magnitude_min": -0.00038775249876603325}, "datetime": {"datetime": "2024-04-07 20:34:13", "elapsed": 545.726204, "delta": 13.229932}}
{"target": 67.08431014326626, "params": {"frequency_log": 2.8601544002863344, "magnitude": 4.2635085918994854e-05, "magnitude_min": -0.0006831264945341316}, "datetime": {"datetime": "2024-04-07 20:34:21", "elapsed": 553.120127, "delta": 7.393923}}
{"target": 28.47401860940813, "params": {"frequency_log": 2.000914930475929, "magnitude": 0.000407335245960763, "magnitude_min": -0.00032213632207242634}, "datetime": {"datetime": "2024-04-07 20:34:35", "elapsed": 567.619274, "delta": 14.499147}}
{"target": 14.473115840186727, "params": {"frequency_log": 4.297143397655137, "magnitude": 0.00025080620148462094, "magnitude_min": -1.2656629698884177e-05}, "datetime": {"datetime": "2024-04-07 20:34:40", "elapsed": 572.550002, "delta": 4.930728}}
{"target": 25.93433120909056, "params": {"frequency_log": 2.213908091698321, "magnitude": 0.0006084303513315334, "magnitude_min": -0.0005492823522525733}, "datetime": {"datetime": "2024-04-07 20:34:56", "elapsed": 588.154547, "delta": 15.604545}}
{"target": 27.529811885897733, "params": {"frequency_log": 2.8163658908018165, "magnitude": 0.0004997350620567754, "magnitude_min": -0.0005886010707746442}, "datetime": {"datetime": "2024-04-07 20:35:11", "elapsed": 603.403087, "delta": 15.24854}}
{"target": 49.60088868426882, "params": {"frequency_log": 2.859933181550172, "magnitude": 0.0004138938217112816, "magnitude_min": -0.0006747226829112475}, "datetime": {"datetime": "2024-04-07 20:35:25", "elapsed": 617.95375, "delta": 14.550663}}
{"target": 62.76519795759483, "params": {"frequency_log": 2.5100366281435775, "magnitude": 0.00013494921565260605, "magnitude_min": -0.0005086592649754515}, "datetime": {"datetime": "2024-04-07 20:35:35", "elapsed": 627.382601, "delta": 9.428851}}
{"target": 27.07501989128611, "params": {"frequency_log": 2.5100657297732876, "magnitude": 0.00023204043552554866, "magnitude_min": -0.00010531621072866861}, "datetime": {"datetime": "2024-04-07 20:35:42", "elapsed": 634.414348, "delta": 7.031747}}
{"target": 77.88069982268033, "params": {"frequency_log": 2.509228619342477, "magnitude": 0.00015618865564610108, "magnitude_min": -0.0006911545726186}, "datetime": {"datetime": "2024-04-07 20:35:50", "elapsed": 642.475303, "delta": 8.060955}}
{"target": 50.493279909335165, "params": {"frequency_log": 2.508712628213039, "magnitude": 0.00011702606094785718, "magnitude_min": -0.00037994050100022275}, "datetime": {"datetime": "2024-04-07 20:36:00", "elapsed": 652.626462, "delta": 10.151159}}
{"target": 46.05796218737697, "params": {"frequency_log": 2.509518928712208, "magnitude": 4.450204336678365e-05, "magnitude_min": -0.0003539641887300343}, "datetime": {"datetime": "2024-04-07 20:36:09", "elapsed": 661.36338, "delta": 8.736918}}
{"target": 77.54074877688977, "params": {"frequency_log": 2.2137126249556895, "magnitude": 0.00020116327038931497, "magnitude_min": -0.0006779043222774489}, "datetime": {"datetime": "2024-04-07 20:36:21", "elapsed": 673.082253, "delta": 11.718873}}
{"target": 27.30523222026062, "params": {"frequency_log": 2.509066735753949, "magnitude": 0.0006106673252092204, "magnitude_min": -0.0006936296532332177}, "datetime": {"datetime": "2024-04-07 20:36:36", "elapsed": 688.613682, "delta": 15.531429}}
{"target": 69.99133304698977, "params": {"frequency_log": 2.213854219468168, "magnitude": 0.0001247304747869248, "magnitude_min": -0.0005275346703809114}, "datetime": {"datetime": "2024-04-07 20:36:47", "elapsed": 699.205063, "delta": 10.591381}}
{"target": 70.81875398744359, "params": {"frequency_log": 2.509432295223094, "magnitude": 0.0002480428735077137, "magnitude_min": -0.0005656670061895421}, "datetime": {"datetime": "2024-04-07 20:36:59", "elapsed": 711.277757, "delta": 12.072694}}
{"target": 74.24390834987355, "params": {"frequency_log": 2.5111037749280483, "magnitude": 0.0002600290379806291, "magnitude_min": -0.0005934391402650072}, "datetime": {"datetime": "2024-04-07 20:37:11", "elapsed": 723.791743, "delta": 12.513986}}
{"target": 33.51426797356542, "params": {"frequency_log": 2.5113896687358386, "magnitude": 0.00028458270817062036, "magnitude_min": -0.0003994133555382254}, "datetime": {"datetime": "2024-04-07 20:37:24", "elapsed": 736.430263, "delta": 12.63852}}
{"target": 35.21670341227966, "params": {"frequency_log": 2.5105134633120794, "magnitude": 0.00035343067215454026, "magnitude_min": -0.0004914805571416121}, "datetime": {"datetime": "2024-04-07 20:37:38", "elapsed": 750.300854, "delta": 13.870591}}
{"target": 33.380934936246526, "params": {"frequency_log": 2.509239842988733, "magnitude": 0.00032627391131748466, "magnitude_min": -0.00044612156362172525}, "datetime": {"datetime": "2024-04-07 20:37:51", "elapsed": 763.742673, "delta": 13.441819}}
{"target": 28.86719963345472, "params": {"frequency_log": 2.5110351132066957, "magnitude": 0.0004262464751678366, "magnitude_min": -0.0005127985330559673}, "datetime": {"datetime": "2024-04-07 20:38:06", "elapsed": 778.466392, "delta": 14.723719}}
{"target": 32.973355780018025, "params": {"frequency_log": 2.50980775029423, "magnitude": 0.0004278871451957718, "magnitude_min": -0.0005905133124190827}, "datetime": {"datetime": "2024-04-07 20:38:20", "elapsed": 792.922869, "delta": 14.456477}}
{"target": 75.43088000722369, "params": {"frequency_log": 2.50945354053552, "magnitude": 4.1127111418753544e-05, "magnitude_min": -0.0006842415836380302}, "datetime": {"datetime": "2024-04-07 20:38:28", "elapsed": 800.773842, "delta": 7.850973}}
{"target": 68.67501264879485, "params": {"frequency_log": 2.510971680052606, "magnitude": 0.00010765619817241287, "magnitude_min": -0.0005393229329170813}, "datetime": {"datetime": "2024-04-07 20:38:38", "elapsed": 810.144114, "delta": 9.370272}}
{"target": 78.15763634742132, "params": {"frequency_log": 2.511108889262305, "magnitude": 0.0001286313756842796, "magnitude_min": -0.000672473557446717}, "datetime": {"datetime": "2024-04-07 20:38:47", "elapsed": 819.384044, "delta": 9.23993}}
{"target": 60.97985587772498, "params": {"frequency_log": 2.508115743479789, "magnitude": 0.00010977860656418825, "magnitude_min": -0.0005162665649259318}, "datetime": {"datetime": "2024-04-07 20:38:56", "elapsed": 828.849723, "delta": 9.465679}}
{"target": 79.51631804215226, "params": {"frequency_log": 2.213323807749872, "magnitude": 2.171142023148208e-05, "magnitude_min": -0.0006293683730534798}, "datetime": {"datetime": "2024-04-07 20:39:04", "elapsed": 836.565442, "delta": 7.715719}}
{"target": 23.822302681270973, "params": {"frequency_log": 2.50804938714526, "magnitude": 0.00013377431316600907, "magnitude_min": -0.0001990415429153783}, "datetime": {"datetime": "2024-04-07 20:39:12", "elapsed": 844.171432, "delta": 7.60599}}
{"target": 76.59362594870325, "params": {"frequency_log": 2.5076720183941954, "magnitude": 0.00011665670741854796, "magnitude_min": -0.0006443993999867344}, "datetime": {"datetime": "2024-04-07 20:39:21", "elapsed": 853.323409, "delta": 9.151977}}
{"target": 58.04786900108742, "params": {"frequency_log": 2.5076166345044957, "magnitude": 0.00032891414722314603, "magnitude_min": -0.0006068972220781761}, "datetime": {"datetime": "2024-04-07 20:39:34", "elapsed": 866.410616, "delta": 13.087207}}
{"target": 26.423900461450287, "params": {"frequency_log": 2.5069649562388348, "magnitude": 0.0005006323630616425, "magnitude_min": -0.0005096686033467078}, "datetime": {"datetime": "2024-04-07 20:39:48", "elapsed": 880.507597, "delta": 14.096981}}
{"target": 75.25002914563179, "params": {"frequency_log": 2.507800684228534, "magnitude": 0.0002154999791397368, "magnitude_min": -0.0006641115818395291}, "datetime": {"datetime": "2024-04-07 20:39:59", "elapsed": 891.244017, "delta": 10.73642}}
