{"target": 617.6479625017016, "params": {"frequency_log": 2.0, "gradient": 0.1, "magnitude": 0.0002, "magnitude_min": -0.00035}, "datetime": {"datetime": "2024-04-03 15:57:09", "elapsed": 0.0, "delta": 0.0}}
{"target": 54.88241575579808, "params": {"frequency_log": 3.251066014107722, "gradient": 0.21609734803264743, "magnitude": 8.006237214142064e-08, "magnitude_min": -0.0004883671991577122}, "datetime": {"datetime": "2024-04-03 15:57:22", "elapsed": 12.571502, "delta": 12.571502}}
{"target": 149.4018462497687, "params": {"frequency_log": 2.440267672451339, "gradient": 0.027701578430639338, "magnitude": 0.00013038214796436964, "magnitude_min": -0.00045810749106986654}, "datetime": {"datetime": "2024-04-03 15:57:43", "elapsed": 33.923516, "delta": 21.352014}}
{"target": 236.93020345991246, "params": {"frequency_log": 3.19030242269201, "gradient": 0.16164502020100707, "magnitude": 0.00029343616008230635, "magnitude_min": -0.00022034634972226835}, "datetime": {"datetime": "2024-04-03 15:58:00", "elapsed": 51.154326, "delta": 17.23081}}
{"target": 725.772927080072, "params": {"frequency_log": 2.613356749194552, "gradient": 0.2634352309172836, "magnitude": 1.9171315238548315e-05, "magnitude_min": -0.00023067274287511842}, "datetime": {"datetime": "2024-04-03 15:58:42", "elapsed": 92.869335, "delta": 41.715009}}
{"target": 68.51013424008703, "params": {"frequency_log": 3.251914407101381, "gradient": 0.16760694853372549, "magnitude": 9.827085701666364e-05, "magnitude_min": -0.0005613289576405848}, "datetime": {"datetime": "2024-04-03 15:58:58", "elapsed": 109.020628, "delta": 16.151293}}
{"target": 1009.4070247818727, "params": {"frequency_log": 2.746930945188496, "gradient": 0.3, "magnitude": 7.012748023674691e-05, "magnitude_min": -0.00016786121023587688}, "datetime": {"datetime": "2024-04-03 16:02:48", "elapsed": 0.0, "delta": 0.0}}
{"target": 629.9578151316668, "params": {"frequency_log": 2.6165962169630212, "gradient": 0.2599035894883691, "magnitude": 4.330456086507205e-05, "magnitude_min": -0.0002599755477790916}, "datetime": {"datetime": "2024-04-03 16:03:36", "elapsed": 47.171126, "delta": 47.171126}}
{"target": 742.5621985738632, "params": {"frequency_log": 2.720029093129108, "gradient": 0.3, "magnitude": 4.088185085193951e-06, "magnitude_min": -0.00021778103840222504}, "datetime": {"datetime": "2024-04-03 16:04:59", "elapsed": 130.257323, "delta": 83.086197}}
{"target": 16.73601158294556, "params": {"frequency_log": 2.7599577032450706, "gradient": 0.2717386875771632, "magnitude": 0.0, "magnitude_min": 0.0}, "datetime": {"datetime": "2024-04-03 16:05:30", "elapsed": 161.761054, "delta": 31.503731}}
{"target": 106.56054643313652, "params": {"frequency_log": 2.733919784982892, "gradient": 0.29851187513638816, "magnitude": 0.0001085515244791746, "magnitude_min": -0.0005475805558285289}, "datetime": {"datetime": "2024-04-03 16:06:23", "elapsed": 214.970585, "delta": 53.209531}}
{"target": 117.39344968244285, "params": {"frequency_log": 4.98590062390559, "gradient": 0.09755175176481339, "magnitude": 0.0005718061880925927, "magnitude_min": -0.0006687562299452875}, "datetime": {"datetime": "2024-04-03 16:06:52", "elapsed": 243.705815, "delta": 28.73523}}
{"target": 86.45737337741559, "params": {"frequency_log": 2.7518123497773868, "gradient": 0.29525528648333665, "magnitude": 0.00010718661124679549, "magnitude_min": -0.0005899242232461837}, "datetime": {"datetime": "2024-04-03 16:07:40", "elapsed": 291.614755, "delta": 47.90894}}
{"target": 346.0090463624949, "params": {"frequency_log": 2.974627284197036, "gradient": 0.1907344248557382, "magnitude": 0.00028035357655264244, "magnitude_min": -0.0001739116400597769}, "datetime": {"datetime": "2024-04-03 16:08:03", "elapsed": 314.834301, "delta": 23.219546}}
{"target": 371.6348431784919, "params": {"frequency_log": 2.6115257919927766, "gradient": 0.2627670155799959, "magnitude": 0.00030871255415028983, "magnitude_min": -0.00045338256967511226}, "datetime": {"datetime": "2024-04-03 16:09:08", "elapsed": 379.547512, "delta": 64.713211}}
{"target": 311.3520020838445, "params": {"frequency_log": 2.719260826196105, "gradient": 0.29962370700871044, "magnitude": 0.0003125799832228183, "magnitude_min": -5.180868420040085e-05}, "datetime": {"datetime": "2024-04-03 16:10:02", "elapsed": 433.284351, "delta": 53.736839}}
{"target": 388.41681269989243, "params": {"frequency_log": 2.028390956475857, "gradient": 0.16506127003732135, "magnitude": 0.00011339179341470655, "magnitude_min": -0.00036554056057928815}, "datetime": {"datetime": "2024-04-03 16:10:38", "elapsed": 469.063577, "delta": 35.779226}}
{"target": 207.49785684704847, "params": {"frequency_log": 2.9970579957890715, "gradient": 0.1454377519540884, "magnitude": 0.0002917784160818304, "magnitude_min": -0.000125418804589282}, "datetime": {"datetime": "2024-04-03 16:10:53", "elapsed": 484.572016, "delta": 15.508439}}
{"target": 102.79538933456422, "params": {"frequency_log": 2.702171222603207, "gradient": 0.13410055670361823, "magnitude": 0.0003850767991317916, "magnitude_min": -3.5572118801792505e-05}, "datetime": {"datetime": "2024-04-03 16:11:07", "elapsed": 498.530941, "delta": 13.958925}}
{"target": 207.98722662766656, "params": {"frequency_log": 2.3536131895492165, "gradient": 0.1651593287330035, "magnitude": 0.00034402559832147746, "magnitude_min": -0.0005978276074198323}, "datetime": {"datetime": "2024-04-03 16:11:41", "elapsed": 532.252865, "delta": 33.721924}}
{"target": 62.28049953366022, "params": {"frequency_log": 2.7881606260490273, "gradient": 0.006550156593460077, "magnitude": 0.0001172288620378674, "magnitude_min": -0.000250860420704965}, "datetime": {"datetime": "2024-04-03 16:11:54", "elapsed": 545.190894, "delta": 12.938029}}
{"target": 168.55479272739086, "params": {"frequency_log": 2.588243899289827, "gradient": 0.12011073395740138, "magnitude": 0.0003607298984496744, "magnitude_min": -0.0006509397023508343}, "datetime": {"datetime": "2024-04-03 16:12:24", "elapsed": 575.560178, "delta": 30.369284}}
{"target": 1498.498306017818, "params": {"frequency_log": 2.7479856826999014, "gradient": 0.2997675935468497, "magnitude": 0.00026220196169708107, "magnitude_min": -0.00027192933996518173}, "datetime": {"datetime": "2024-04-03 16:13:24", "elapsed": 635.655147, "delta": 60.094969}}
{"target": 1724.6999137046507, "params": {"frequency_log": 2.746069242643303, "gradient": 0.2985613142252511, "magnitude": 0.00022137769951563254, "magnitude_min": -0.00012036617657837053}, "datetime": {"datetime": "2024-04-03 16:14:28", "elapsed": 699.083657, "delta": 63.42851}}
{"target": 106.90055351350018, "params": {"frequency_log": 2.454910416258749, "gradient": 0.06127923627297655, "magnitude": 0.00047073294869710077, "magnitude_min": -8.763169740648924e-05}, "datetime": {"datetime": "2024-04-03 16:14:44", "elapsed": 715.902115, "delta": 16.818458}}
{"target": 25.06449961576979, "params": {"frequency_log": 4.454125847035011, "gradient": 0.049058013623085636, "magnitude": 1.0523252249267512e-05, "magnitude_min": -0.0005873079039841687}, "datetime": {"datetime": "2024-04-03 16:14:53", "elapsed": 724.067668, "delta": 8.165553}}
{"target": 289.04432870536226, "params": {"frequency_log": 2.748967490959441, "gradient": 0.29960882278468914, "magnitude": 0.00047217349489648305, "magnitude_min": -0.00034479563521601657}, "datetime": {"datetime": "2024-04-03 16:15:48", "elapsed": 779.931687, "delta": 55.864019}}
{"target": 75.5371975261324, "params": {"frequency_log": 4.696997099994606, "gradient": 0.13566583464224952, "magnitude": 0.0002794504052885328, "magnitude_min": -0.00048193025352913734}, "datetime": {"datetime": "2024-04-03 16:16:08", "elapsed": 799.650314, "delta": 19.718627}}
{"target": 77.55517610728323, "params": {"frequency_log": 4.105103243524165, "gradient": 0.11527074924764852, "magnitude": 0.00018785574549121329, "magnitude_min": -0.0003575716349042419}, "datetime": {"datetime": "2024-04-03 16:16:23", "elapsed": 814.520863, "delta": 14.870549}}
{"target": 76.35774954402767, "params": {"frequency_log": 4.982714852727483, "gradient": 0.07675249314516955, "magnitude": 0.00043304018222239406, "magnitude_min": -0.00044111360242713826}, "datetime": {"datetime": "2024-04-03 16:16:47", "elapsed": 838.974036, "delta": 24.453173}}
{"target": 132.703983114276, "params": {"frequency_log": 4.553059733854639, "gradient": 0.2348868498175421, "magnitude": 0.000631533240194636, "magnitude_min": -0.000634627113883888}, "datetime": {"datetime": "2024-04-03 16:17:21", "elapsed": 872.711269, "delta": 33.737233}}
{"target": 287.37198087385894, "params": {"frequency_log": 2.000135130668335, "gradient": 0.09790878524679801, "magnitude": 0.0001430080130700095, "magnitude_min": -0.00042732322192254795}, "datetime": {"datetime": "2024-04-03 16:17:50", "elapsed": 901.883778, "delta": 29.172509}}
{"target": 402.37182523235526, "params": {"frequency_log": 2.744098337107548, "gradient": 0.2931366952471726, "magnitude": 0.0003268874020736588, "magnitude_min": -0.00044577646918700554}, "datetime": {"datetime": "2024-04-03 16:18:50", "elapsed": 962.046439, "delta": 60.162661}}
{"target": 54.60142997850236, "params": {"frequency_log": 3.4654970865550454, "gradient": 0.01925845221696244, "magnitude": 0.00023074571371637918, "magnitude_min": -0.0002518734231546636}, "datetime": {"datetime": "2024-04-03 16:19:07", "elapsed": 978.53361, "delta": 16.487171}}
{"target": 159.43982131039903, "params": {"frequency_log": 2.72139800028495, "gradient": 0.29968215767566814, "magnitude": 0.00021786931595858868, "magnitude_min": -0.0005616940404216016}, "datetime": {"datetime": "2024-04-03 16:20:10", "elapsed": 1041.517602, "delta": 62.983992}}
{"target": 953.7469804804314, "params": {"frequency_log": 2.0011533044637604, "gradient": 0.09981816786351173, "magnitude": 0.00031030978644481887, "magnitude_min": -0.0002565305763227566}, "datetime": {"datetime": "2024-04-03 16:20:42", "elapsed": 1073.511215, "delta": 31.993613}}
{"target": 130.16982436123865, "params": {"frequency_log": 2.9041254129701617, "gradient": 0.18968481758547373, "magnitude": 0.0006250184160949681, "magnitude_min": -0.0003471162387347098}, "datetime": {"datetime": "2024-04-03 16:21:10", "elapsed": 1101.257962, "delta": 27.746747}}
{"target": 118.40564510500582, "params": {"frequency_log": 4.220535019081495, "gradient": 0.2951663831946482, "magnitude": 0.0001122811780204308, "magnitude_min": -0.00018121434517014753}, "datetime": {"datetime": "2024-04-03 16:21:19", "elapsed": 1110.277175, "delta": 9.019213}}
{"target": 206.59890246400295, "params": {"frequency_log": 2.7413824693122253, "gradient": 0.29202762348026157, "magnitude": 0.0006787960626572005, "magnitude_min": -0.0006169767593473428}, "datetime": {"datetime": "2024-04-03 16:22:10", "elapsed": 1161.631811, "delta": 51.354636}}
{"target": 87.27085309196843, "params": {"frequency_log": 3.4569552082533623, "gradient": 0.20651121422990357, "magnitude": 0.000453339168347752, "magnitude_min": -0.00013927611038405013}, "datetime": {"datetime": "2024-04-03 16:22:43", "elapsed": 1194.78837, "delta": 33.156559}}
{"target": 57.58341333906167, "params": {"frequency_log": 4.7921065430613705, "gradient": 0.27374712328247786, "magnitude": 0.0005284599143645048, "magnitude_min": -0.00021745583603125217}, "datetime": {"datetime": "2024-04-03 16:23:22", "elapsed": 1233.486008, "delta": 38.697638}}
{"target": 260.85720048437577, "params": {"frequency_log": 2.611676219032296, "gradient": 0.2610677344689319, "magnitude": 0.0002967214020833444, "magnitude_min": -4.284198487794141e-06}, "datetime": {"datetime": "2024-04-03 16:24:26", "elapsed": 1297.423939, "delta": 63.937931}}
{"target": 124.60098521813954, "params": {"frequency_log": 2.61551729418189, "gradient": 0.25775623376939166, "magnitude": 0.00023721994693940487, "magnitude_min": -0.000628789146246587}, "datetime": {"datetime": "2024-04-03 16:25:51", "elapsed": 1382.796177, "delta": 85.372238}}
{"target": 72.00981274404228, "params": {"frequency_log": 3.295549050388917, "gradient": 0.20365155869059928, "magnitude": 0.0006521658436808223, "magnitude_min": -0.00022707770866995877}, "datetime": {"datetime": "2024-04-03 16:26:29", "elapsed": 1420.534403, "delta": 37.738226}}
{"target": 141.98918224364618, "params": {"frequency_log": 3.9348519458239095, "gradient": 0.037566230683765085, "magnitude": 0.0004756071312174332, "magnitude_min": -0.0005202095494640082}, "datetime": {"datetime": "2024-04-03 16:27:27", "elapsed": 1478.18064, "delta": 57.646237}}
{"target": 55.47693792044061, "params": {"frequency_log": 2.9775898100154525, "gradient": 0.19088986746317674, "magnitude": 0.00069086418898849, "magnitude_min": -0.0001628564774950183}, "datetime": {"datetime": "2024-04-03 16:28:00", "elapsed": 1511.403913, "delta": 33.223273}}
{"target": 53.200158082674406, "params": {"frequency_log": 4.884400797698916, "gradient": 0.20459193457064911, "magnitude": 0.0004163531821109658, "magnitude_min": -0.0002141852195808434}, "datetime": {"datetime": "2024-04-03 16:28:34", "elapsed": 1545.807959, "delta": 34.404046}}
{"target": 120.68683783546807, "params": {"frequency_log": 2.7469748330371058, "gradient": 0.2967794369790483, "magnitude": 0.0004128729307080692, "magnitude_min": -5.1625744019859524e-05}, "datetime": {"datetime": "2024-04-03 16:29:46", "elapsed": 1617.386383, "delta": 71.578424}}
{"target": 112.96074570625397, "params": {"frequency_log": 2.7442846629566526, "gradient": 0.298414679543966, "magnitude": 0.0005766043010630159, "magnitude_min": -0.0002150308914346905}, "datetime": {"datetime": "2024-04-03 16:31:05", "elapsed": 1696.492769, "delta": 79.106386}}
{"target": 76.32083418314983, "params": {"frequency_log": 2.0303400683867787, "gradient": 0.16660898899931872, "magnitude": 0.0006443120135198717, "magnitude_min": -0.00016555142713785222}, "datetime": {"datetime": "2024-04-03 16:32:02", "elapsed": 1753.641827, "delta": 57.149058}}
{"target": 284.0002113540283, "params": {"frequency_log": 3.1404885397708435, "gradient": 0.2545187497000013, "magnitude": 0.00028765658028684945, "magnitude_min": -0.0004390134186962127}, "datetime": {"datetime": "2024-04-03 16:33:07", "elapsed": 1818.807155, "delta": 65.165328}}
{"target": 139.3118082367248, "params": {"frequency_log": 4.338369153581661, "gradient": 0.27091346405082034, "magnitude": 0.00035868777021173673, "magnitude_min": -0.0004933368850581806}, "datetime": {"datetime": "2024-04-03 16:34:05", "elapsed": 1876.801363, "delta": 57.994208}}
{"target": 216.73007923040234, "params": {"frequency_log": 2.7487769147097936, "gradient": 0.29879862601875107, "magnitude": 0.00026848663703052617, "magnitude_min": -0.0005323236675339353}, "datetime": {"datetime": "2024-04-03 16:36:32", "elapsed": 2023.389738, "delta": 146.588375}}
{"target": 88.76024519606902, "params": {"frequency_log": 4.766345252828749, "gradient": 0.09166229546573725, "magnitude": 0.00037838544284336025, "magnitude_min": -0.0006188176835857734}, "datetime": {"datetime": "2024-04-03 16:37:17", "elapsed": 2068.583457, "delta": 45.193719}}
{"target": 204.2067607388857, "params": {"frequency_log": 2.859696038368549, "gradient": 0.031160133320007798, "magnitude": 0.0005974964847842251, "magnitude_min": -0.0006011932171494863}, "datetime": {"datetime": "2024-04-03 16:38:18", "elapsed": 2129.187314, "delta": 60.603857}}
{"target": 60.757611217142184, "params": {"frequency_log": 4.1594092276014365, "gradient": 0.08611122805962657, "magnitude": 0.00017219676203799025, "magnitude_min": -0.000576999656719257}, "datetime": {"datetime": "2024-04-03 16:38:36", "elapsed": 2147.570845, "delta": 18.383531}}
{"target": 53.56378880689238, "params": {"frequency_log": 4.817567674710645, "gradient": 0.29156747985379966, "magnitude": 0.00017372552739094188, "magnitude_min": -0.000603079574974452}, "datetime": {"datetime": "2024-04-03 16:38:51", "elapsed": 2163.052462, "delta": 15.481617}}
{"target": 193.73580863896177, "params": {"frequency_log": 3.6818667244783434, "gradient": 0.24475907286626267, "magnitude": 0.0004950552327173583, "magnitude_min": -0.0005881465271249985}, "datetime": {"datetime": "2024-04-03 16:39:20", "elapsed": 2191.127142, "delta": 28.07468}}
{"target": 70.41409013939433, "params": {"frequency_log": 3.429935389821386, "gradient": 0.24463528985907557, "magnitude": 0.00044091702064635055, "magnitude_min": -6.200408483446644e-05}, "datetime": {"datetime": "2024-04-03 16:39:33", "elapsed": 2204.211459, "delta": 13.084317}}
{"target": 1077.3607899273793, "params": {"frequency_log": 2.7441194127466906, "gradient": 0.2939934678806781, "magnitude": 0.00028985885484782956, "magnitude_min": -0.00022236992291475876}, "datetime": {"datetime": "2024-04-03 16:40:25", "elapsed": 2256.299299, "delta": 52.08784}}
{"target": 55.96734878583841, "params": {"frequency_log": 2.746174264593264, "gradient": 0.2974675577106875, "magnitude": 4.795394812887971e-05, "magnitude_min": -0.0006183190200705008}, "datetime": {"datetime": "2024-04-03 16:41:05", "elapsed": 2296.298519, "delta": 39.99922}}
{"target": 38.432405448155414, "params": {"frequency_log": 4.930106753352381, "gradient": 0.1616652533607587, "magnitude": 0.0006890974470793235, "magnitude_min": -0.00014567698158727725}, "datetime": {"datetime": "2024-04-03 16:41:18", "elapsed": 2309.369243, "delta": 13.070724}}
{"target": 378.7157627250652, "params": {"frequency_log": 2.749319962062267, "gradient": 0.2993588195934762, "magnitude": 0.0004334114004496288, "magnitude_min": -0.00044304805823950196}, "datetime": {"datetime": "2024-04-03 16:42:22", "elapsed": 2373.670494, "delta": 64.301251}}
{"target": 1005.6069217490143, "params": {"frequency_log": 2.0055150910452477, "gradient": 0.10009554788496829, "magnitude": 0.00028949660131212784, "magnitude_min": -0.0002263307298733206}, "datetime": {"datetime": "2024-04-03 16:42:56", "elapsed": 2407.284051, "delta": 33.613557}}
{"target": 69.11125471771905, "params": {"frequency_log": 2.974405187143347, "gradient": 0.19170573824812573, "magnitude": 0.0001364941958632557, "magnitude_min": -0.0006381588813286071}, "datetime": {"datetime": "2024-04-03 16:43:19", "elapsed": 2430.465665, "delta": 23.181614}}
{"target": 159.33920179003732, "params": {"frequency_log": 2.747948536897259, "gradient": 0.29954045880875674, "magnitude": 0.0006341875399130547, "magnitude_min": -0.00038205601330537257}, "datetime": {"datetime": "2024-04-03 16:44:11", "elapsed": 2482.803776, "delta": 52.338111}}
{"target": 106.91370943095365, "params": {"frequency_log": 4.397945976179701, "gradient": 0.08160673947822752, "magnitude": 0.0004890474959507873, "magnitude_min": -0.0003892677154915618}, "datetime": {"datetime": "2024-04-03 16:44:39", "elapsed": 2510.74926, "delta": 27.945484}}
{"target": 74.72749457678087, "params": {"frequency_log": 3.210166745655683, "gradient": 0.2961420954807889, "magnitude": 0.0004769045876653873, "magnitude_min": -6.408760184754727e-05}, "datetime": {"datetime": "2024-04-03 16:45:01", "elapsed": 2532.079304, "delta": 21.330044}}
{"target": 151.43251337102225, "params": {"frequency_log": 3.9301735668482958, "gradient": 0.18327795914967826, "magnitude": 0.0006050136173642911, "magnitude_min": -0.0005550158545571662}, "datetime": {"datetime": "2024-04-03 16:45:36", "elapsed": 2567.636441, "delta": 35.557137}}
{"target": 35.40183599282703, "params": {"frequency_log": 3.6197835362209743, "gradient": 0.09637850457943313, "magnitude": 0.0005860374720191699, "magnitude_min": -7.285776225386697e-06}, "datetime": {"datetime": "2024-04-03 16:45:46", "elapsed": 2577.388374, "delta": 9.751933}}
{"target": 57.683817190229604, "params": {"frequency_log": 4.399052529552244, "gradient": 0.1150869964068719, "magnitude": 0.0005485219300945005, "magnitude_min": -0.00020010821347383036}, "datetime": {"datetime": "2024-04-03 16:46:04", "elapsed": 2595.815676, "delta": 18.427302}}
{"target": 27.75902371797335, "params": {"frequency_log": 4.997080915985382, "gradient": 0.17544021133535734, "magnitude": 0.00033262202859339634, "magnitude_min": -8.014355345331103e-05}, "datetime": {"datetime": "2024-04-03 16:46:13", "elapsed": 2604.730062, "delta": 8.914386}}
{"target": 17.624479001183342, "params": {"frequency_log": 4.979042731251649, "gradient": 0.07993911019667777, "magnitude": 3.0854670349780486e-05, "magnitude_min": -0.00031731571388863926}, "datetime": {"datetime": "2024-04-03 16:46:20", "elapsed": 2611.304891, "delta": 6.574829}}
{"target": 92.51803184374269, "params": {"frequency_log": 3.709739039407675, "gradient": 0.010449208902207806, "magnitude": 0.0005869607188019474, "magnitude_min": -0.00032176175524625486}, "datetime": {"datetime": "2024-04-03 16:46:46", "elapsed": 2637.597812, "delta": 26.292921}}
{"target": 276.73765611538636, "params": {"frequency_log": 2.384129594775237, "gradient": 0.04551363130981303, "magnitude": 0.0004503537989815029, "magnitude_min": -0.000566601738901006}, "datetime": {"datetime": "2024-04-03 16:47:23", "elapsed": 2674.352502, "delta": 36.75469}}
{"target": 86.26265655073402, "params": {"frequency_log": 4.860053733248497, "gradient": 0.22985558204831458, "magnitude": 0.0006998031069634358, "magnitude_min": -0.0004645402036032489}, "datetime": {"datetime": "2024-04-03 16:47:51", "elapsed": 2702.380761, "delta": 28.028259}}
{"target": 139.20671524410514, "params": {"frequency_log": 2.1380213531651484, "gradient": 0.07285925057929554, "magnitude": 0.00024155908685110023, "magnitude_min": -0.0006395698921378083}, "datetime": {"datetime": "2024-04-03 16:48:21", "elapsed": 2732.858586, "delta": 30.477825}}
{"target": 96.019587664594, "params": {"frequency_log": 2.604715218077236, "gradient": 0.06616404562968689, "magnitude": 0.0005700936675475902, "magnitude_min": -0.00017997724701493032}, "datetime": {"datetime": "2024-04-03 16:48:36", "elapsed": 2747.98668, "delta": 15.128094}}
