{"target": 95.35571368138169, "params": {"frequency_log": 3.581898908975174, "gradient": 0.24242139101467644, "magnitude": 0.0005529997417256992, "magnitude_min": -0.00024974620621698535}, "datetime": {"datetime": "2024-04-03 16:48:52", "elapsed": 2763.939557, "delta": 15.952877}}
{"target": 99.31349272460136, "params": {"frequency_log": 4.740549547383001, "gradient": 0.21553836152737282, "magnitude": 0.00037249643823009565, "magnitude_min": -0.0003767643511173375}, "datetime": {"datetime": "2024-04-03 16:49:06", "elapsed": 2777.510325, "delta": 13.570768}}
{"target": 204.16139336898325, "params": {"frequency_log": 2.2074490856253117, "gradient": 0.29264088013699224, "magnitude": 0.0006561390539738123, "magnitude_min": -0.0005055295399165074}, "datetime": {"datetime": "2024-04-03 16:50:11", "elapsed": 2842.717774, "delta": 65.207449}}
{"target": 35.5430405343808, "params": {"frequency_log": 4.581860424865171, "gradient": 0.09359762915090143, "magnitude": 0.00047454401309920204, "magnitude_min": -7.45443692635033e-05}, "datetime": {"datetime": "2024-04-03 16:50:20", "elapsed": 2851.54795, "delta": 8.830176}}
{"target": 308.92629427952363, "params": {"frequency_log": 2.60698635135988, "gradient": 0.24048575975362368, "magnitude": 0.00030504668100469643, "magnitude_min": -0.00047903348490634546}, "datetime": {"datetime": "2024-04-03 16:50:58", "elapsed": 2889.90135, "delta": 38.3534}}
{"target": 169.11789255933505, "params": {"frequency_log": 3.812359947129118, "gradient": 0.20701885243909443, "magnitude": 0.0004565572147965852, "magnitude_min": -0.0004094341867295912}, "datetime": {"datetime": "2024-04-03 16:51:23", "elapsed": 2914.208499, "delta": 24.307149}}
{"target": 112.29306332950381, "params": {"frequency_log": 2.5637089940127713, "gradient": 0.029308454326497112, "magnitude": 0.0004042540670543229, "magnitude_min": -6.898914039661966e-05}, "datetime": {"datetime": "2024-04-03 16:51:36", "elapsed": 2927.677584, "delta": 13.469085}}
{"target": 193.75560564803865, "params": {"frequency_log": 2.826992745613704, "gradient": 0.11788067975744942, "magnitude": 0.0003977194200865323, "magnitude_min": -0.0006162547902540523}, "datetime": {"datetime": "2024-04-03 16:52:04", "elapsed": 2956.051656, "delta": 28.374072}}
{"target": 188.11269029350575, "params": {"frequency_log": 3.0063346174784504, "gradient": 0.11377620687403803, "magnitude": 0.0001426735547504587, "magnitude_min": -0.00027382889141600074}, "datetime": {"datetime": "2024-04-03 16:52:19", "elapsed": 2970.978997, "delta": 14.927341}}
{"target": 56.479402849951214, "params": {"frequency_log": 4.288223336838422, "gradient": 0.19749686343567902, "magnitude": 0.00020928674641883602, "magnitude_min": -0.000219592382143753}, "datetime": {"datetime": "2024-04-03 16:52:28", "elapsed": 2979.616024, "delta": 8.637027}}
{"target": 19.18289823510805, "params": {"frequency_log": 4.235550975613943, "gradient": 0.03540006253200271, "magnitude": 7.551922268455214e-06, "magnitude_min": -0.0002871980998352733}, "datetime": {"datetime": "2024-04-03 16:52:34", "elapsed": 2985.506868, "delta": 5.890844}}
{"target": 37.88379735281878, "params": {"frequency_log": 4.865587187788644, "gradient": 0.19001182518423418, "magnitude": 0.0003207603063281533, "magnitude_min": -0.0001292476584375629}, "datetime": {"datetime": "2024-04-03 16:52:43", "elapsed": 2994.405214, "delta": 8.898346}}
{"target": 587.5201843322976, "params": {"frequency_log": 3.1327510708024926, "gradient": 0.26963780222462186, "magnitude": 0.0002749637287338856, "magnitude_min": -0.00017532768017174236}, "datetime": {"datetime": "2024-04-03 16:53:07", "elapsed": 3018.689765, "delta": 24.284551}}
{"target": 108.8125883277682, "params": {"frequency_log": 2.715188622984004, "gradient": 0.2859566038621102, "magnitude": 0.0006791873124241147, "magnitude_min": -0.000322730466947772}, "datetime": {"datetime": "2024-04-03 16:53:44", "elapsed": 3055.944118, "delta": 37.254353}}
{"target": 147.65618453960764, "params": {"frequency_log": 3.626726752935096, "gradient": 0.18809395401921578, "magnitude": 0.0003486013803579371, "magnitude_min": -0.000572122132446294}, "datetime": {"datetime": "2024-04-03 16:54:05", "elapsed": 3076.964319, "delta": 21.020201}}
{"target": 205.3307491396788, "params": {"frequency_log": 2.330438043649851, "gradient": 0.1461489275425014, "magnitude": 0.0006352244266285594, "magnitude_min": -0.0004977040223917185}, "datetime": {"datetime": "2024-04-03 16:54:28", "elapsed": 3099.349429, "delta": 22.38511}}
{"target": 164.65903689979353, "params": {"frequency_log": 4.163235977019645, "gradient": 0.27510087857438376, "magnitude": 0.00044922399290413576, "magnitude_min": -0.0005412200124041293}, "datetime": {"datetime": "2024-04-03 16:54:46", "elapsed": 3117.113912, "delta": 17.764483}}
{"target": 117.48185585093364, "params": {"frequency_log": 4.115032086341626, "gradient": 0.1467378327773007, "magnitude": 0.00034491582574537117, "magnitude_min": -0.0005614991463337778}, "datetime": {"datetime": "2024-04-03 16:55:02", "elapsed": 3133.074379, "delta": 15.960467}}
{"target": 152.17398475322784, "params": {"frequency_log": 3.267220838632523, "gradient": 0.21603484526692698, "magnitude": 0.000587858574133294, "magnitude_min": -0.0004087702061078145}, "datetime": {"datetime": "2024-04-03 16:55:20", "elapsed": 3151.704194, "delta": 18.629815}}
{"target": 35.04132077754218, "params": {"frequency_log": 4.776760455329404, "gradient": 0.2161490925994442, "magnitude": 0.00011555529627806349, "magnitude_min": -0.0002361161060535965}, "datetime": {"datetime": "2024-04-03 16:55:25", "elapsed": 3156.15885, "delta": 4.454656}}
{"target": 96.18681253719532, "params": {"frequency_log": 3.481553219397286, "gradient": 0.15293607122544764, "magnitude": 0.00013352876156461852, "magnitude_min": -0.00023246315070158232}, "datetime": {"datetime": "2024-04-03 16:55:31", "elapsed": 3163.036987, "delta": 6.878137}}
{"target": 47.45208569674612, "params": {"frequency_log": 2.584159304784103, "gradient": 0.26248489568969496, "magnitude": 3.6873703661188696e-06, "magnitude_min": -0.0006159821530461464}, "datetime": {"datetime": "2024-04-03 16:55:48", "elapsed": 3179.889024, "delta": 16.852037}}
{"target": 75.7995666061126, "params": {"frequency_log": 3.493289215610655, "gradient": 0.07604075468662065, "magnitude": 0.0004357807854902046, "magnitude_min": -0.00012199335389905864}, "datetime": {"datetime": "2024-04-03 16:55:58", "elapsed": 3190.037903, "delta": 10.148879}}
{"target": 179.35570647593156, "params": {"frequency_log": 2.716384399722487, "gradient": 0.09184234421971685, "magnitude": 0.0003357026080165521, "magnitude_min": -0.0006099122265382658}, "datetime": {"datetime": "2024-04-03 16:56:17", "elapsed": 3208.547301, "delta": 18.509398}}
{"target": 50.72914265908929, "params": {"frequency_log": 3.064997022304915, "gradient": 0.03181893866579514, "magnitude": 0.0002500126328589435, "magnitude_min": -5.67030190827321e-05}, "datetime": {"datetime": "2024-04-03 16:56:24", "elapsed": 3216.014658, "delta": 7.467357}}
{"target": 64.9498698782615, "params": {"frequency_log": 2.7379649441787626, "gradient": 0.06081010763493283, "magnitude": 0.0005589530545369496, "magnitude_min": -0.0001003351469129189}, "datetime": {"datetime": "2024-04-03 16:56:34", "elapsed": 3226.007545, "delta": 9.992887}}
{"target": 146.2734944398735, "params": {"frequency_log": 2.4730576687849197, "gradient": 0.1380150472453444, "magnitude": 0.0003106183289056909, "magnitude_min": -0.0006609249813363808}, "datetime": {"datetime": "2024-04-03 16:56:54", "elapsed": 3245.64137, "delta": 19.633825}}
{"target": 137.34890569617178, "params": {"frequency_log": 3.9303627470559954, "gradient": 0.23971577838425084, "magnitude": 0.00020229750505151725, "magnitude_min": -0.00039615821499559324}, "datetime": {"datetime": "2024-04-03 16:57:06", "elapsed": 3257.718065, "delta": 12.076695}}
