{"target": 25.056203561861484, "params": {"frequency_log": 2.0, "gradient": 0.1, "magnitude": 0.0002, "magnitude_min": -0.00035}, "datetime": {"datetime": "2024-04-07 16:46:10", "elapsed": 0.0, "delta": 0.0}}
{"target": 23.476505492394786, "params": {"frequency_log": 4.853441454659432, "gradient": 0.020713290056408228, "magnitude": 0.0001667561263572817, "magnitude_min": -0.0005629127157154112}, "datetime": {"datetime": "2024-04-07 16:46:16", "elapsed": 5.858604, "delta": 5.858604}}
{"target": 17.497271245169284, "params": {"frequency_log": 3.5539385350513073, "gradient": 0.057159866941693824, "magnitude": 0.0006993048554030201, "magnitude_min": -0.0004542507648534992}, "datetime": {"datetime": "2024-04-07 16:46:26", "elapsed": 15.595524, "delta": 9.73692}}
{"target": 22.565351211103398, "params": {"frequency_log": 4.20979216089144, "gradient": 0.0845971217611212, "magnitude": 0.00032011951912431185, "magnitude_min": -0.00026424783359738145}, "datetime": {"datetime": "2024-04-07 16:46:33", "elapsed": 22.300777, "delta": 6.705253}}
{"target": 21.510222793532428, "params": {"frequency_log": 4.075184930910764, "gradient": 0.25926953332457153, "magnitude": 0.0006904458015814607, "magnitude_min": -0.0006455469826352484}, "datetime": {"datetime": "2024-04-07 16:46:44", "elapsed": 33.411942, "delta": 11.111165}}
{"target": 26.132748507822228, "params": {"frequency_log": 4.548201933900693, "gradient": 0.24861510997087183, "magnitude": 0.0001038136638535367, "magnitude_min": -0.0005327803027391712}, "datetime": {"datetime": "2024-04-07 16:46:50", "elapsed": 39.214583, "delta": 5.802641}}
{"target": 23.970948923957874, "params": {"frequency_log": 3.3140512133650484, "gradient": 0.06582304923808747, "magnitude": 0.00016843047351744312, "magnitude_min": -0.0005565113092994025}, "datetime": {"datetime": "2024-04-07 16:46:57", "elapsed": 46.759174, "delta": 7.544591}}
{"target": 22.3143762111805, "params": {"frequency_log": 3.132336755440481, "gradient": 0.07311418952955352, "magnitude": 0.00027860851657656095, "magnitude_min": -0.00036725330250007}, "datetime": {"datetime": "2024-04-07 16:47:06", "elapsed": 55.667635, "delta": 8.908461}}
{"target": 27.90926096672398, "params": {"frequency_log": 4.3405698579222545, "gradient": 0.29321257632596853, "magnitude": 0.00014490657861402452, "magnitude_min": -0.0005143111905914207}, "datetime": {"datetime": "2024-04-07 16:47:13", "elapsed": 62.478005, "delta": 6.81037}}
{"target": 22.273297264041616, "params": {"frequency_log": 4.297691826005892, "gradient": 0.27604350027544905, "magnitude": 0.0005179125849247876, "magnitude_min": -0.00015693260964674426}, "datetime": {"datetime": "2024-04-07 16:47:19", "elapsed": 69.063727, "delta": 6.585722}}
{"target": 24.075909346303018, "params": {"frequency_log": 4.2007249977384635, "gradient": 0.250786822864138, "magnitude": 0.0004905825579944205, "magnitude_min": -0.0005513795053683608}, "datetime": {"datetime": "2024-04-07 16:47:30", "elapsed": 79.403385, "delta": 10.339658}}
{"target": 23.035458052944954, "params": {"frequency_log": 3.533337231233643, "gradient": 0.2641421501456101, "magnitude": 2.963782687678719e-05, "magnitude_min": -0.0002691196583100585}, "datetime": {"datetime": "2024-04-07 16:47:36", "elapsed": 85.398211, "delta": 5.994826}}
{"target": 24.62097863673215, "params": {"frequency_log": 3.153087760159458, "gradient": 0.12671422091665377, "magnitude": 0.00046378525951488525, "magnitude_min": -0.0005502415261384852}, "datetime": {"datetime": "2024-04-07 16:47:47", "elapsed": 96.691284, "delta": 11.293073}}
{"target": 19.026977637259495, "params": {"frequency_log": 3.4073153697875833, "gradient": 0.015349418878426712, "magnitude": 5.888391775683316e-05, "magnitude_min": -0.00020641386868269784}, "datetime": {"datetime": "2024-04-07 16:47:52", "elapsed": 101.493182, "delta": 4.801898}}
{"target": 17.60195833284766, "params": {"frequency_log": 3.4136663883783838, "gradient": 0.2859727224939652, "magnitude": 0.0006442841791103201, "magnitude_min": -3.3771259358456734e-05}, "datetime": {"datetime": "2024-04-07 16:47:58", "elapsed": 107.215179, "delta": 5.721997}}
{"target": 17.78975125655948, "params": {"frequency_log": 3.791892774926108, "gradient": 0.05458533307338685, "magnitude": 0.0005738836670581255, "magnitude_min": -0.0001950170894924676}, "datetime": {"datetime": "2024-04-07 16:48:05", "elapsed": 114.522986, "delta": 7.307807}}
{"target": 27.01212674854379, "params": {"frequency_log": 3.146422430859664, "gradient": 0.2625825959924735, "magnitude": 0.00023414951494126255, "magnitude_min": -0.00039778422416095796}, "datetime": {"datetime": "2024-04-07 16:48:16", "elapsed": 125.492726, "delta": 10.96974}}
{"target": 23.99033636957912, "params": {"frequency_log": 4.022675606575522, "gradient": 0.17247332450350517, "magnitude": 0.00033180579084635147, "magnitude_min": -0.0006389972317121596}, "datetime": {"datetime": "2024-04-07 16:48:25", "elapsed": 134.766763, "delta": 9.274037}}
{"target": 20.83133684570575, "params": {"frequency_log": 4.79030023029299, "gradient": 0.0381201634123749, "magnitude": 0.0002994751910878611, "magnitude_min": -0.0004034198043186095}, "datetime": {"datetime": "2024-04-07 16:48:32", "elapsed": 142.06452, "delta": 7.297757}}
{"target": 24.763516207982004, "params": {"frequency_log": 4.041602266284249, "gradient": 0.24041979078922346, "magnitude": 0.0003920947572112621, "magnitude_min": -0.0005096519869698523}, "datetime": {"datetime": "2024-04-07 16:48:43", "elapsed": 152.719808, "delta": 10.655288}}
{"target": 24.38045975022709, "params": {"frequency_log": 2.6218803782575497, "gradient": 0.24808975126982422, "magnitude": 0.0004144877092044524, "magnitude_min": -0.00032186725439273646}, "datetime": {"datetime": "2024-04-07 16:48:57", "elapsed": 166.178514, "delta": 13.458706}}
{"target": 21.587902920694322, "params": {"frequency_log": 4.600534657671609, "gradient": 0.17175535591345395, "magnitude": 0.0005618080026757704, "magnitude_min": -0.0005578151188857041}, "datetime": {"datetime": "2024-04-07 16:49:07", "elapsed": 176.855237, "delta": 10.676723}}
{"target": 18.307154657856458, "params": {"frequency_log": 3.8255193335914712, "gradient": 0.2997063542943906, "magnitude": 7.51159964807033e-05, "magnitude_min": -7.068457401956279e-05}, "datetime": {"datetime": "2024-04-07 16:49:13", "elapsed": 182.432041, "delta": 5.576804}}
{"target": 25.114326544939168, "params": {"frequency_log": 4.749025762500029, "gradient": 0.099723889280406, "magnitude": 0.00026214412052318406, "magnitude_min": -0.00047442511496562166}, "datetime": {"datetime": "2024-04-07 16:49:20", "elapsed": 189.954607, "delta": 7.522566}}
{"target": 19.41409892810788, "params": {"frequency_log": 2.088080092617985, "gradient": 0.00041496643798731857, "magnitude": 0.00020247453508830107, "magnitude_min": -0.00026441022942196046}, "datetime": {"datetime": "2024-04-07 16:49:30", "elapsed": 199.304255, "delta": 9.349648}}
{"target": 20.705783046669058, "params": {"frequency_log": 2.2754993129242784, "gradient": 0.03628006331662784, "magnitude": 0.00031476237895728743, "magnitude_min": -0.0005032250085340389}, "datetime": {"datetime": "2024-04-07 16:49:41", "elapsed": 210.553773, "delta": 11.249518}}
{"target": 20.513588451167628, "params": {"frequency_log": 3.913379325031888, "gradient": 0.16964538609677965, "magnitude": 0.00020770963854808768, "magnitude_min": -0.00021676131343444354}, "datetime": {"datetime": "2024-04-07 16:49:47", "elapsed": 216.288375, "delta": 5.734602}}
{"target": 24.418809312177494, "params": {"frequency_log": 4.376250554746171, "gradient": 0.12154813732687775, "magnitude": 0.00010476681921170027, "magnitude_min": -0.0004219938544961971}, "datetime": {"datetime": "2024-04-07 16:49:53", "elapsed": 222.348632, "delta": 6.060257}}
{"target": 20.68687552749427, "params": {"frequency_log": 2.478782574539255, "gradient": 0.0022856833178798272, "magnitude": 0.00038872762359654686, "magnitude_min": -0.0006963152207904548}, "datetime": {"datetime": "2024-04-07 16:50:05", "elapsed": 234.435358, "delta": 12.086726}}
{"target": 21.35878618700833, "params": {"frequency_log": 3.7194631917455148, "gradient": 0.20007174983411724, "magnitude": 0.0006399233986956147, "magnitude_min": -0.0006223300030683998}, "datetime": {"datetime": "2024-04-07 16:50:20", "elapsed": 249.178506, "delta": 14.743148}}
{"target": 18.67111729886019, "params": {"frequency_log": 4.98618673831826, "gradient": 0.2753976406122245, "magnitude": 0.0004076643101726728, "magnitude_min": -4.105467518926583e-06}, "datetime": {"datetime": "2024-04-07 16:50:24", "elapsed": 253.47181, "delta": 4.293304}}
{"target": 22.25285124010226, "params": {"frequency_log": 3.0618810568877404, "gradient": 0.2196820925423085, "magnitude": 0.00042586677325511364, "magnitude_min": -0.00017311351839051}, "datetime": {"datetime": "2024-04-07 16:50:32", "elapsed": 261.908062, "delta": 8.436252}}
{"target": 23.34828660439325, "params": {"frequency_log": 3.2972837630862637, "gradient": 0.053934814430169654, "magnitude": 5.419980954952418e-05, "magnitude_min": -0.000376893886986378}, "datetime": {"datetime": "2024-04-07 16:50:39", "elapsed": 268.174336, "delta": 6.266274}}
{"target": 23.24509393087012, "params": {"frequency_log": 2.0810197256505445, "gradient": 0.29438252009669136, "magnitude": 7.837085759154449e-05, "magnitude_min": -0.00023750622348844093}, "datetime": {"datetime": "2024-04-07 16:51:59", "elapsed": 348.554363, "delta": 80.380027}}
{"target": 20.27332504015939, "params": {"frequency_log": 4.2712418955053835, "gradient": 0.012864215877249119, "magnitude": 0.0003569069531975025, "magnitude_min": -0.00037960370311775196}, "datetime": {"datetime": "2024-04-07 16:52:08", "elapsed": 357.481499, "delta": 8.927136}}
{"target": 28.04345773709827, "params": {"frequency_log": 3.1455098811382363, "gradient": 0.2598474337911116, "magnitude": 8.390438119247235e-05, "magnitude_min": -0.0006165169055393129}, "datetime": {"datetime": "2024-04-07 16:52:16", "elapsed": 365.537707, "delta": 8.056208}}
{"target": 19.07921072891397, "params": {"frequency_log": 3.1374926053865226, "gradient": 0.2528776267791175, "magnitude": 0.0005623763903699167, "magnitude_min": -0.0002504937728538741}, "datetime": {"datetime": "2024-04-07 16:52:25", "elapsed": 374.963474, "delta": 9.425767}}
{"target": 27.324919810928034, "params": {"frequency_log": 4.079136693341148, "gradient": 0.22303165755466514, "magnitude": 9.06336827934726e-05, "magnitude_min": -0.0005376249575795181}, "datetime": {"datetime": "2024-04-07 16:52:32", "elapsed": 381.388226, "delta": 6.424752}}
{"target": 21.760226262809702, "params": {"frequency_log": 4.210150233877609, "gradient": 0.08389716153456396, "magnitude": 5.150345252081219e-05, "magnitude_min": -0.0006163367636014887}, "datetime": {"datetime": "2024-04-07 16:52:37", "elapsed": 386.667585, "delta": 5.279359}}
{"target": 22.11325671358065, "params": {"frequency_log": 3.1506593343148817, "gradient": 0.2601918290032894, "magnitude": 0.00047391293317664875, "magnitude_min": -0.00020461546730768897}, "datetime": {"datetime": "2024-04-07 16:52:47", "elapsed": 396.226926, "delta": 9.559341}}
{"target": 23.210415614876062, "params": {"frequency_log": 3.8464657002275544, "gradient": 0.2374354445046032, "magnitude": 0.00045047848450682754, "magnitude_min": -0.00013053516993683282}, "datetime": {"datetime": "2024-04-07 16:52:54", "elapsed": 403.19894, "delta": 6.972014}}
{"target": 22.7097142774751, "params": {"frequency_log": 4.341892398143328, "gradient": 0.29632637946080154, "magnitude": 0.0006498127354191487, "magnitude_min": -0.0006481704699218084}, "datetime": {"datetime": "2024-04-07 16:53:05", "elapsed": 414.972209, "delta": 11.773269}}
{"target": 19.30829044050221, "params": {"frequency_log": 4.075677158388496, "gradient": 0.2248731708270808, "magnitude": 0.00048135492784574097, "magnitude_min": -2.4226063115520102e-05}, "datetime": {"datetime": "2024-04-07 16:53:10", "elapsed": 420.031056, "delta": 5.058847}}
{"target": 19.86242029224763, "params": {"frequency_log": 4.490859809931065, "gradient": 0.06471130402400212, "magnitude": 0.000543297744289658, "magnitude_min": -0.00031827754138609985}, "datetime": {"datetime": "2024-04-07 16:53:20", "elapsed": 429.275514, "delta": 9.244458}}
{"target": 21.149100193809673, "params": {"frequency_log": 4.883998670080098, "gradient": 0.21327118299715142, "magnitude": 0.0005611856526410237, "magnitude_min": -0.0005160809697682435}, "datetime": {"datetime": "2024-04-07 16:53:30", "elapsed": 440.067153, "delta": 10.791639}}
{"target": 21.646506820870243, "params": {"frequency_log": 2.870677166508413, "gradient": 0.04935400093183643, "magnitude": 0.00041541760868176966, "magnitude_min": -0.0005300794224367049}, "datetime": {"datetime": "2024-04-07 16:53:42", "elapsed": 451.634279, "delta": 11.567126}}
{"target": 30.037989637860637, "params": {"frequency_log": 3.1456066990076677, "gradient": 0.25709389031984564, "magnitude": 2.2580145099651906e-05, "magnitude_min": -0.0004919732799777139}, "datetime": {"datetime": "2024-04-07 16:53:49", "elapsed": 459.095787, "delta": 7.461508}}
{"target": 20.661271363861605, "params": {"frequency_log": 4.795261489279943, "gradient": 0.2709640320873713, "magnitude": 0.0006345971384268369, "magnitude_min": -0.00038989279650677826}, "datetime": {"datetime": "2024-04-07 16:53:59", "elapsed": 468.499355, "delta": 9.403568}}
{"target": 26.2473298643479, "params": {"frequency_log": 3.1469033812232, "gradient": 0.25542495052568787, "magnitude": 0.0004485838380542363, "magnitude_min": -0.0005895583382562091}, "datetime": {"datetime": "2024-04-07 16:54:12", "elapsed": 481.276089, "delta": 12.776734}}
{"target": 26.269335600839504, "params": {"frequency_log": 4.479328463020104, "gradient": 0.271461389517113, "magnitude": 0.00029920437088003715, "magnitude_min": -0.0002271084014010829}, "datetime": {"datetime": "2024-04-07 16:54:18", "elapsed": 488.015992, "delta": 6.739903}}
{"target": 21.469908659201884, "params": {"frequency_log": 4.7493435476293175, "gradient": 0.10006616509786845, "magnitude": 0.00040083860355414746, "magnitude_min": -2.2186085947006884e-06}, "datetime": {"datetime": "2024-04-07 16:54:23", "elapsed": 492.660492, "delta": 4.6445}}
{"target": 27.126846779746707, "params": {"frequency_log": 2.1000276105230276, "gradient": 0.19945687967441386, "magnitude": 0.0003130673722186563, "magnitude_min": -0.0005780956647742578}, "datetime": {"datetime": "2024-04-07 16:54:40", "elapsed": 509.907629, "delta": 17.247137}}
{"target": 19.42235130259609, "params": {"frequency_log": 2.7432844152356806, "gradient": 0.03992630205109614, "magnitude": 0.00016103014234159063, "magnitude_min": -0.00021400636842569667}, "datetime": {"datetime": "2024-04-07 16:54:47", "elapsed": 516.728066, "delta": 6.820437}}
{"target": 25.83456832243156, "params": {"frequency_log": 4.260290271580686, "gradient": 0.25355221554728097, "magnitude": 7.548336199112021e-05, "magnitude_min": -0.0006686326760326154}, "datetime": {"datetime": "2024-04-07 16:54:53", "elapsed": 522.403983, "delta": 5.675917}}
{"target": 16.73810203257895, "params": {"frequency_log": 4.782362989382733, "gradient": 0.22070904816846862, "magnitude": 7.694215077825639e-07, "magnitude_min": -2.5088630940721802e-05}, "datetime": {"datetime": "2024-04-07 16:54:56", "elapsed": 525.97086, "delta": 3.566877}}
{"target": 23.072909386722994, "params": {"frequency_log": 3.1463678777459734, "gradient": 0.2584022866123703, "magnitude": 0.0003738062434360972, "magnitude_min": -9.298736311607269e-05}, "datetime": {"datetime": "2024-04-07 16:55:05", "elapsed": 534.67043, "delta": 8.69957}}
{"target": 25.18930048116685, "params": {"frequency_log": 2.030095023695013, "gradient": 0.09635485089919481, "magnitude": 0.00028888196910174563, "magnitude_min": -0.000545907393757168}, "datetime": {"datetime": "2024-04-07 16:55:18", "elapsed": 547.422721, "delta": 12.752291}}
{"target": 21.283409868741803, "params": {"frequency_log": 4.453278666387674, "gradient": 0.09676443125467933, "magnitude": 0.0005313154484436627, "magnitude_min": -0.0005352370462449076}, "datetime": {"datetime": "2024-04-07 16:55:29", "elapsed": 558.594298, "delta": 11.171577}}
{"target": 26.262443265589305, "params": {"frequency_log": 2.3708710346704267, "gradient": 0.11379681562725123, "magnitude": 7.460811104359195e-05, "magnitude_min": -0.00044988540961237285}, "datetime": {"datetime": "2024-04-07 16:55:37", "elapsed": 567.041808, "delta": 8.44751}}
{"target": 24.829195786262687, "params": {"frequency_log": 2.8678655194969958, "gradient": 0.16584008221998567, "magnitude": 0.00048110891246971833, "magnitude_min": -0.0005509343107458676}, "datetime": {"datetime": "2024-04-07 16:55:49", "elapsed": 578.955023, "delta": 11.913215}}
{"target": 22.20509018525574, "params": {"frequency_log": 4.868386706710529, "gradient": 0.08517229733145042, "magnitude": 6.885138074191934e-05, "magnitude_min": -0.0006354282594835687}, "datetime": {"datetime": "2024-04-07 16:55:55", "elapsed": 584.200952, "delta": 5.245929}}
{"target": 20.729610742877867, "params": {"frequency_log": 4.171976763009247, "gradient": 0.2880129359757297, "magnitude": 0.0006512311210705568, "magnitude_min": -0.0005048396786818168}, "datetime": {"datetime": "2024-04-07 16:56:05", "elapsed": 595.03065, "delta": 10.829698}}
{"target": 18.36622028413669, "params": {"frequency_log": 2.6148248900233213, "gradient": 0.00934707851754961, "magnitude": 0.0006626879934522892, "magnitude_min": -0.0005872531687769751}, "datetime": {"datetime": "2024-04-07 16:56:17", "elapsed": 607.096302, "delta": 12.065652}}
{"target": 17.765552407663, "params": {"frequency_log": 3.1331161277530053, "gradient": 0.23633000290121636, "magnitude": 0.0006548645074785436, "magnitude_min": -0.000147820050764318}, "datetime": {"datetime": "2024-04-07 16:56:25", "elapsed": 614.494931, "delta": 7.398629}}
{"target": 18.30810822288292, "params": {"frequency_log": 3.3921658466267655, "gradient": 0.22651606239517239, "magnitude": 0.0001872653796364527, "magnitude_min": -3.8368780261778144e-05}, "datetime": {"datetime": "2024-04-07 16:56:31", "elapsed": 620.446693, "delta": 5.951762}}
{"target": 23.81134841791428, "params": {"frequency_log": 3.6203130290937775, "gradient": 0.07688613131650636, "magnitude": 0.00015875779338525808, "magnitude_min": -0.0003520083500481352}, "datetime": {"datetime": "2024-04-07 16:56:38", "elapsed": 627.484391, "delta": 7.037698}}
{"target": 21.612939939652303, "params": {"frequency_log": 4.983012497939873, "gradient": 0.19711134515013276, "magnitude": 0.0006620643322350492, "magnitude_min": -0.0006527112075924869}, "datetime": {"datetime": "2024-04-07 16:56:49", "elapsed": 638.795377, "delta": 11.310986}}
{"target": 17.43695721433456, "params": {"frequency_log": 3.540140930617416, "gradient": 0.25755729247793885, "magnitude": 0.0005894851816199711, "magnitude_min": -6.716723042883305e-06}, "datetime": {"datetime": "2024-04-07 16:56:55", "elapsed": 644.163328, "delta": 5.367951}}
{"target": 22.116981905002604, "params": {"frequency_log": 4.366151178456763, "gradient": 0.2819353821413447, "magnitude": 0.0004384110689269353, "magnitude_min": -0.0003872646285694848}, "datetime": {"datetime": "2024-04-07 16:57:04", "elapsed": 653.90325, "delta": 9.739922}}
{"target": 24.477513681395013, "params": {"frequency_log": 3.148157801042715, "gradient": 0.25716394303505496, "magnitude": 0.000491901737922276, "magnitude_min": -0.0004818166714498352}, "datetime": {"datetime": "2024-04-07 16:57:16", "elapsed": 665.858645, "delta": 11.955395}}
{"target": 22.798963403988594, "params": {"frequency_log": 3.644852976467625, "gradient": 0.05345956650887065, "magnitude": 0.000402734007603052, "magnitude_min": -0.0006952014855721888}, "datetime": {"datetime": "2024-04-07 16:57:27", "elapsed": 676.743266, "delta": 10.884621}}
{"target": 21.629810045445083, "params": {"frequency_log": 3.9691788082654034, "gradient": 0.03933663106202923, "magnitude": 5.428068922841829e-05, "magnitude_min": -0.0004912480856781674}, "datetime": {"datetime": "2024-04-07 16:57:33", "elapsed": 682.506435, "delta": 5.763169}}
{"target": 25.514998793029484, "params": {"frequency_log": 2.368330225283583, "gradient": 0.11534541071300258, "magnitude": 0.00033163449426761385, "magnitude_min": -0.0005243843683569883}, "datetime": {"datetime": "2024-04-07 16:57:45", "elapsed": 694.64109, "delta": 12.134655}}
{"target": 20.980707753735754, "params": {"frequency_log": 4.080215892865585, "gradient": 0.10425719176342083, "magnitude": 0.0003538887208730759, "magnitude_min": -0.0001309071326702488}, "datetime": {"datetime": "2024-04-07 16:57:51", "elapsed": 700.837067, "delta": 6.195977}}
{"target": 23.69401026831059, "params": {"frequency_log": 3.4975029776180393, "gradient": 0.06622437146115347, "magnitude": 0.00021045839817770162, "magnitude_min": -0.0006675287052601327}, "datetime": {"datetime": "2024-04-07 16:57:59", "elapsed": 709.076022, "delta": 8.238955}}
{"target": 17.584988269444228, "params": {"frequency_log": 3.1454948404511915, "gradient": 0.2558909001776796, "magnitude": 0.0005741515326207924, "magnitude_min": -2.9905232900238692e-05}, "datetime": {"datetime": "2024-04-07 16:58:05", "elapsed": 714.942495, "delta": 5.866473}}
{"target": 27.23329938297846, "params": {"frequency_log": 2.516241308476075, "gradient": 0.16790009810414996, "magnitude": 0.00016823879784508205, "magnitude_min": -0.0006855787538059611}, "datetime": {"datetime": "2024-04-07 16:58:15", "elapsed": 724.73786, "delta": 9.795365}}
{"target": 25.66387603255004, "params": {"frequency_log": 4.358233083922557, "gradient": 0.14731184637700798, "magnitude": 0.0001709737803939828, "magnitude_min": -0.0004706422298348401}, "datetime": {"datetime": "2024-04-07 16:58:22", "elapsed": 731.980367, "delta": 7.242507}}
