{"target": 21.365611939129707, "params": {"frequency_log": 4.547445167381067, "gradient": 0.06250345436475731, "magnitude": 0.00041747345143310375, "magnitude_min": -0.00045795960412954985}, "datetime": {"datetime": "2024-04-07 16:58:32", "elapsed": 741.557373, "delta": 9.577006}}
{"target": 19.316764862050277, "params": {"frequency_log": 2.9469006725835305, "gradient": 0.03394067362949484, "magnitude": 0.0004872241073150489, "magnitude_min": -0.0003413744209560361}, "datetime": {"datetime": "2024-04-07 16:58:43", "elapsed": 752.140469, "delta": 10.583096}}
{"target": 24.623473379303334, "params": {"frequency_log": 4.896711729670151, "gradient": 0.1985045007028716, "magnitude": 0.0005709611458589806, "magnitude_min": -0.0006817767483063346}, "datetime": {"datetime": "2024-04-07 16:58:54", "elapsed": 763.366442, "delta": 11.225973}}
{"target": 19.690613117219854, "params": {"frequency_log": 4.727759646419839, "gradient": 0.13661981236767531, "magnitude": 0.00023825033113573948, "magnitude_min": -0.00023994659010772586}, "datetime": {"datetime": "2024-04-07 16:58:59", "elapsed": 768.332243, "delta": 4.965801}}
{"target": 21.910971022600744, "params": {"frequency_log": 3.5871452172226244, "gradient": 0.14509784030509326, "magnitude": 0.00017028574982734597, "magnitude_min": -7.907508434066592e-05}, "datetime": {"datetime": "2024-04-07 16:59:04", "elapsed": 773.442915, "delta": 5.110672}}
{"target": 22.763537658385026, "params": {"frequency_log": 4.711547430235828, "gradient": 0.10243439815681699, "magnitude": 0.0005595999587207024, "magnitude_min": -0.0006970744123468232}, "datetime": {"datetime": "2024-04-07 16:59:15", "elapsed": 784.617326, "delta": 11.174411}}
{"target": 26.312534551786676, "params": {"frequency_log": 2.433603059850427, "gradient": 0.2271081393334782, "magnitude": 0.000280336053412884, "magnitude_min": -0.0005322898232303168}, "datetime": {"datetime": "2024-04-07 16:59:31", "elapsed": 800.143585, "delta": 15.526259}}
{"target": 20.498589862924668, "params": {"frequency_log": 4.982232771764344, "gradient": 0.07729583231817383, "magnitude": 0.00040200676797755156, "magnitude_min": -0.0003615355255801822}, "datetime": {"datetime": "2024-04-07 16:59:39", "elapsed": 808.647128, "delta": 8.503543}}
{"target": 19.370743012317135, "params": {"frequency_log": 4.845449989716606, "gradient": 0.010970526895307942, "magnitude": 0.0005486610709644364, "magnitude_min": -0.0004908705600775615}, "datetime": {"datetime": "2024-04-07 16:59:49", "elapsed": 818.855458, "delta": 10.20833}}
{"target": 24.796195865196264, "params": {"frequency_log": 4.336645299896643, "gradient": 0.1607123155611297, "magnitude": 0.00021641402919661044, "magnitude_min": -0.0004347456210225803}, "datetime": {"datetime": "2024-04-07 16:59:57", "elapsed": 826.917441, "delta": 8.061983}}
{"target": 17.855400397803198, "params": {"frequency_log": 4.2216252242989984, "gradient": 0.2532437323830328, "magnitude": 0.0006090543812921944, "magnitude_min": -0.00011802011028005119}, "datetime": {"datetime": "2024-04-07 17:00:03", "elapsed": 833.080253, "delta": 6.162812}}
{"target": 22.3052298867578, "params": {"frequency_log": 4.399035328729747, "gradient": 0.09941639970331646, "magnitude": 3.397243488672953e-05, "magnitude_min": -0.0005860965718917535}, "datetime": {"datetime": "2024-04-07 17:00:09", "elapsed": 838.315756, "delta": 5.235503}}
{"target": 24.474368430640105, "params": {"frequency_log": 4.27016131331597, "gradient": 0.04105812488305446, "magnitude": 0.00021376109050707192, "magnitude_min": -0.00013412258332379029}, "datetime": {"datetime": "2024-04-07 17:00:13", "elapsed": 843.135838, "delta": 4.820082}}
{"target": 26.12835830447383, "params": {"frequency_log": 2.838521021403774, "gradient": 0.22450365526751473, "magnitude": 9.654475808492189e-05, "magnitude_min": -0.0003238420676419819}, "datetime": {"datetime": "2024-04-07 17:00:23", "elapsed": 852.539586, "delta": 9.403748}}
{"target": 24.703400423498454, "params": {"frequency_log": 2.4360148304622835, "gradient": 0.23590834889735562, "magnitude": 3.7540837655974027e-05, "magnitude_min": -0.0006910616917996743}, "datetime": {"datetime": "2024-04-07 17:00:32", "elapsed": 861.887533, "delta": 9.347947}}
{"target": 19.408445578431927, "params": {"frequency_log": 3.9971633865421703, "gradient": 0.011928989596684102, "magnitude": 0.0004814622193207276, "magnitude_min": -0.0002948209939592746}, "datetime": {"datetime": "2024-04-07 17:00:43", "elapsed": 872.620503, "delta": 10.73297}}
{"target": 29.918217148083034, "params": {"frequency_log": 2.1645725055070075, "gradient": 0.2667836661219873, "magnitude": 3.435159860777004e-06, "magnitude_min": -0.00046043921659031685}, "datetime": {"datetime": "2024-04-07 17:01:08", "elapsed": 897.796424, "delta": 25.175921}}
{"target": 17.71432893239423, "params": {"frequency_log": 2.012613655482649, "gradient": 0.053022021795150816, "magnitude": 0.0005533066812709891, "magnitude_min": -6.22721680321953e-05}, "datetime": {"datetime": "2024-04-07 17:01:16", "elapsed": 906.021588, "delta": 8.225164}}
{"target": 17.005051931089948, "params": {"frequency_log": 3.6761739108167264, "gradient": 0.03364855286411906, "magnitude": 0.0006940943630178296, "magnitude_min": -0.00016006978112959166}, "datetime": {"datetime": "2024-04-07 17:01:24", "elapsed": 914.040695, "delta": 8.019107}}
{"target": 16.24685070360745, "params": {"frequency_log": 4.6363289432698975, "gradient": 0.0460765834580455, "magnitude": 0.00010422102482399757, "magnitude_min": -0.00016006052566495336}, "datetime": {"datetime": "2024-04-07 17:01:29", "elapsed": 918.739387, "delta": 4.698692}}
{"target": 19.475119268958373, "params": {"frequency_log": 2.536351177197143, "gradient": 0.22515926171120987, "magnitude": 0.000591567912431076, "magnitude_min": -0.0003654929572129196}, "datetime": {"datetime": "2024-04-07 17:01:44", "elapsed": 933.636438, "delta": 14.897051}}
{"target": 18.751028276711146, "params": {"frequency_log": 3.661326908155486, "gradient": 0.17759693720625772, "magnitude": 0.000447812207951311, "magnitude_min": -5.184284973727975e-06}, "datetime": {"datetime": "2024-04-07 17:01:50", "elapsed": 940.072468, "delta": 6.43603}}
{"target": 21.81226930967538, "params": {"frequency_log": 2.8541883696322436, "gradient": 0.2772300540792515, "magnitude": 0.00045416547858120816, "magnitude_min": -0.0001031417864709377}, "datetime": {"datetime": "2024-04-07 17:02:03", "elapsed": 952.851387, "delta": 12.778919}}
{"target": 24.04868166994546, "params": {"frequency_log": 3.0380427428618457, "gradient": 0.1234327512434315, "magnitude": 5.947406003927105e-05, "magnitude_min": -0.00044371851615899284}, "datetime": {"datetime": "2024-04-07 17:02:11", "elapsed": 960.944134, "delta": 8.092747}}
{"target": 27.478284178767087, "params": {"frequency_log": 4.379566197773906, "gradient": 0.2881261868028483, "magnitude": 1.6672854899872125e-05, "magnitude_min": -0.0004674327835259153}, "datetime": {"datetime": "2024-04-07 17:02:18", "elapsed": 967.200421, "delta": 6.256287}}
{"target": 23.04897346974095, "params": {"frequency_log": 4.785977099412109, "gradient": 0.1275239985965893, "magnitude": 8.191621857105525e-05, "magnitude_min": -0.0006520862484101326}, "datetime": {"datetime": "2024-04-07 17:02:24", "elapsed": 973.358852, "delta": 6.158431}}
{"target": 20.03124939196366, "params": {"frequency_log": 3.129519743082009, "gradient": 0.012566525627510072, "magnitude": 0.00013264198758979455, "magnitude_min": -0.0006064807871443988}, "datetime": {"datetime": "2024-04-07 17:02:33", "elapsed": 982.283614, "delta": 8.924762}}
{"target": 17.41561674821221, "params": {"frequency_log": 2.8392795507754163, "gradient": 0.054891965704944465, "magnitude": 0.0005745861381220268, "magnitude_min": -0.0001602687064504774}, "datetime": {"datetime": "2024-04-07 17:02:41", "elapsed": 990.981648, "delta": 8.698034}}
