{"target": 25.157326068247666, "params": {"frequency_log": 2.0, "gradient": 0.1, "magnitude": 0.0002, "magnitude_min": -0.00035}, "datetime": {"datetime": "2024-04-07 16:46:11", "elapsed": 0.0, "delta": 0.0}}
{"target": 20.07344716049393, "params": {"frequency_log": 2.5488641465358137, "gradient": 0.028103960219916867, "magnitude": 0.0004927908955402081, "magnitude_min": -0.00042456859538736273}, "datetime": {"datetime": "2024-04-07 16:46:22", "elapsed": 10.884377, "delta": 10.884377}}
{"target": 18.851459463921344, "params": {"frequency_log": 3.8501964734466236, "gradient": 0.011297512231475336, "magnitude": 0.0005690749835203673, "magnitude_min": -0.00015052525883331555}, "datetime": {"datetime": "2024-04-07 16:46:28", "elapsed": 17.621812, "delta": 6.737435}}
{"target": 19.434985387145733, "params": {"frequency_log": 3.245252619050621, "gradient": 0.20425601917602268, "magnitude": 0.0005384443584669672, "magnitude_min": -8.57614654165696e-05}, "datetime": {"datetime": "2024-04-07 16:46:35", "elapsed": 24.084445, "delta": 6.462633}}
{"target": 30.987501339157223, "params": {"frequency_log": 4.9365460034454225, "gradient": 0.26678165950708543, "magnitude": 0.00035684828418637826, "magnitude_min": -0.00017492944966446418}, "datetime": {"datetime": "2024-04-07 16:46:41", "elapsed": 30.413184, "delta": 6.328739}}
{"target": 22.5131114450283, "params": {"frequency_log": 3.0469394822054188, "gradient": 0.10454765211131836, "magnitude": 0.0005399361246331493, "magnitude_min": -0.000556274111164863}, "datetime": {"datetime": "2024-04-07 16:46:53", "elapsed": 42.413975, "delta": 12.000791}}
{"target": 20.59355849146673, "params": {"frequency_log": 4.999267208941762, "gradient": 0.029883943847558866, "magnitude": 0.000682379155110521, "magnitude_min": -0.00045708462045774087}, "datetime": {"datetime": "2024-04-07 16:47:03", "elapsed": 51.773716, "delta": 9.359741}}
{"target": 28.58365017901301, "params": {"frequency_log": 3.285178396403634, "gradient": 0.298851739407525, "magnitude": 0.00044711594866134695, "magnitude_min": -0.0006092035254179994}, "datetime": {"datetime": "2024-04-07 16:47:15", "elapsed": 64.365664, "delta": 12.591948}}
{"target": 17.96577529545734, "params": {"frequency_log": 3.360359530394893, "gradient": 0.0594654703528662, "magnitude": 0.00053950084089156, "magnitude_min": -5.527868261587308e-05}, "datetime": {"datetime": "2024-04-07 16:47:21", "elapsed": 69.788845, "delta": 5.423181}}
{"target": 23.2633094792588, "params": {"frequency_log": 3.3594473942386562, "gradient": 0.08589644385575396, "magnitude": 0.00020912485226257801, "magnitude_min": -8.424071345840864e-05}, "datetime": {"datetime": "2024-04-07 16:47:26", "elapsed": 74.923377, "delta": 5.134532}}
{"target": 18.858995763765055, "params": {"frequency_log": 3.117310779494251, "gradient": 0.2628641846908723, "magnitude": 0.0006819154196164788, "magnitude_min": -0.00037586259413606747}, "datetime": {"datetime": "2024-04-07 16:47:36", "elapsed": 85.110985, "delta": 10.187608}}
{"target": 15.86953450748679, "params": {"frequency_log": 4.471275249793578, "gradient": 0.22480377596076967, "magnitude": 1.9783158343025808e-05, "magnitude_min": -8.468151289018754e-05}, "datetime": {"datetime": "2024-04-07 16:47:40", "elapsed": 88.96219, "delta": 3.851205}}
{"target": 33.718873924773, "params": {"frequency_log": 4.832023404265778, "gradient": 0.13764939105751015, "magnitude": 0.00013108985134448168, "magnitude_min": -0.0005588961346502845}, "datetime": {"datetime": "2024-04-07 16:47:46", "elapsed": 94.822092, "delta": 5.859902}}
{"target": 36.009643750755096, "params": {"frequency_log": 3.8166407916909226, "gradient": 0.07789233860021386, "magnitude": 4.065018489084446e-05, "magnitude_min": -0.0005239696494958356}, "datetime": {"datetime": "2024-04-07 16:47:51", "elapsed": 100.323203, "delta": 5.501111}}
{"target": 32.79111286885068, "params": {"frequency_log": 2.8234059422896793, "gradient": 0.13479066384742636, "magnitude": 0.0001595918613968844, "magnitude_min": -0.0005304217699167873}, "datetime": {"datetime": "2024-04-07 16:48:00", "elapsed": 109.212594, "delta": 8.889391}}
{"target": 27.40925743717488, "params": {"frequency_log": 4.739215272116354, "gradient": 0.2645435420407315, "magnitude": 0.0005124847101311096, "magnitude_min": -0.0006616798810646187}, "datetime": {"datetime": "2024-04-07 16:48:11", "elapsed": 119.987004, "delta": 10.77441}}
{"target": 30.116790626769284, "params": {"frequency_log": 4.258740077500419, "gradient": 0.11179580949781036, "magnitude": 0.000360542215555848, "magnitude_min": -0.00047079483170875354}, "datetime": {"datetime": "2024-04-07 16:48:20", "elapsed": 129.277723, "delta": 9.290719}}
{"target": 21.973058056114684, "params": {"frequency_log": 3.8263390784494105, "gradient": 0.0939507840579918, "magnitude": 0.0005353634995638427, "magnitude_min": -0.0002184256576954598}, "datetime": {"datetime": "2024-04-07 16:48:28", "elapsed": 136.706678, "delta": 7.428955}}
{"target": 36.317318442566695, "params": {"frequency_log": 4.257757313576605, "gradient": 0.030053728447689443, "magnitude": 5.60559915563652e-07, "magnitude_min": -0.0003996022422788254}, "datetime": {"datetime": "2024-04-07 16:48:32", "elapsed": 141.221956, "delta": 4.515278}}
{"target": 30.319511024639727, "params": {"frequency_log": 2.9637949225299587, "gradient": 0.010775665901734465, "magnitude": 4.300704302206311e-05, "magnitude_min": -0.00040998498411052117}, "datetime": {"datetime": "2024-04-07 16:48:39", "elapsed": 147.715549, "delta": 6.493593}}
{"target": 20.34231016577848, "params": {"frequency_log": 3.453885876603614, "gradient": 0.035508219586738395, "magnitude": 0.0005338529292816804, "magnitude_min": -0.00019382223202991271}, "datetime": {"datetime": "2024-04-07 16:48:46", "elapsed": 155.098555, "delta": 7.383006}}
{"target": 24.406147266187276, "params": {"frequency_log": 3.069033553862992, "gradient": 0.13529522048886305, "magnitude": 0.00025897559336220734, "magnitude_min": -0.00025094652632577717}, "datetime": {"datetime": "2024-04-07 16:48:54", "elapsed": 163.215855, "delta": 8.1173}}
{"target": 29.581470339941227, "params": {"frequency_log": 3.7218929590703103, "gradient": 0.21037010736632514, "magnitude": 0.00034986077341700987, "magnitude_min": -6.83067929695074e-05}, "datetime": {"datetime": "2024-04-07 16:49:00", "elapsed": 169.06427, "delta": 5.848415}}
{"target": 27.579001420891288, "params": {"frequency_log": 4.481804604168896, "gradient": 0.03352278999579293, "magnitude": 0.0001805566628508112, "magnitude_min": -0.0003342158094098187}, "datetime": {"datetime": "2024-04-07 16:49:06", "elapsed": 175.057255, "delta": 5.992985}}
{"target": 17.635100302280986, "params": {"frequency_log": 2.0651957872359943, "gradient": 0.09551910923553504, "magnitude": 0.0006641044863798917, "magnitude_min": -6.708118664787942e-05}, "datetime": {"datetime": "2024-04-07 16:49:12", "elapsed": 181.534795, "delta": 6.47754}}
{"target": 34.003695633090935, "params": {"frequency_log": 3.3552700644125446, "gradient": 0.11547053845219696, "magnitude": 0.00019068179096710385, "magnitude_min": -0.0006035131392185376}, "datetime": {"datetime": "2024-04-07 16:49:20", "elapsed": 189.516087, "delta": 7.981292}}
{"target": 29.48953850313929, "params": {"frequency_log": 3.178679809730067, "gradient": 0.008324874814958482, "magnitude": 0.00025310072762631605, "magnitude_min": -0.0006140129863682589}, "datetime": {"datetime": "2024-04-07 16:49:30", "elapsed": 198.790117, "delta": 9.27403}}
{"target": 29.177003745358963, "params": {"frequency_log": 4.163126698931756, "gradient": 0.20393656614265374, "magnitude": 0.00028002085070974816, "magnitude_min": -0.00012282751118811196}, "datetime": {"datetime": "2024-04-07 16:49:35", "elapsed": 204.225725, "delta": 5.435608}}
{"target": 32.51264432456101, "params": {"frequency_log": 2.8490565822137137, "gradient": 0.2313546551475159, "magnitude": 0.00034873909708339594, "magnitude_min": -0.0006505262097898822}, "datetime": {"datetime": "2024-04-07 16:49:47", "elapsed": 216.373983, "delta": 12.148258}}
{"target": 21.408187672716736, "params": {"frequency_log": 2.4537592373446153, "gradient": 0.19368648790287912, "magnitude": 0.0005447963704454499, "magnitude_min": -0.00039973762030376007}, "datetime": {"datetime": "2024-04-07 16:49:59", "elapsed": 228.525557, "delta": 12.151574}}
{"target": 20.893764885332708, "params": {"frequency_log": 4.243058669207884, "gradient": 0.05139105106713949, "magnitude": 0.0006218948436551371, "magnitude_min": -0.0006928613930587068}, "datetime": {"datetime": "2024-04-07 16:50:13", "elapsed": 242.104097, "delta": 13.57854}}
{"target": 26.08036110523905, "params": {"frequency_log": 3.5437773069783196, "gradient": 0.2836544785853585, "magnitude": 0.00029630738708372927, "magnitude_min": -7.909091018813805e-05}, "datetime": {"datetime": "2024-04-07 16:50:21", "elapsed": 250.338701, "delta": 8.234604}}
{"target": 27.43154086066978, "params": {"frequency_log": 2.9485860717399306, "gradient": 0.09434719269450273, "magnitude": 0.00022300210209618115, "magnitude_min": -5.58412470336849e-05}, "datetime": {"datetime": "2024-04-07 16:50:27", "elapsed": 256.109364, "delta": 5.770663}}
{"target": 30.082627406809298, "params": {"frequency_log": 3.3351154076364575, "gradient": 0.09402846190434616, "magnitude": 0.0003726255699248387, "magnitude_min": -0.00019646858157721498}, "datetime": {"datetime": "2024-04-07 16:50:35", "elapsed": 263.934801, "delta": 7.825437}}
{"target": 19.17674196880629, "params": {"frequency_log": 2.151024500969786, "gradient": 0.12231258461232408, "magnitude": 0.0005609367780190928, "magnitude_min": -0.0002930230339920692}, "datetime": {"datetime": "2024-04-07 16:50:45", "elapsed": 274.433425, "delta": 10.498624}}
{"target": 33.913102884229694, "params": {"frequency_log": 3.134038350815459, "gradient": 0.12077180774813018, "magnitude": 0.0001869997478312482, "magnitude_min": -0.0006903072630230924}, "datetime": {"datetime": "2024-04-07 16:50:53", "elapsed": 282.555781, "delta": 8.122356}}
{"target": 38.094913034568044, "params": {"frequency_log": 2.217791549370712, "gradient": 0.23742276605512863, "magnitude": 1.90548563477683e-05, "magnitude_min": -0.000596186994758012}, "datetime": {"datetime": "2024-04-07 16:51:06", "elapsed": 295.304576, "delta": 12.748795}}
{"target": 32.01858396171715, "params": {"frequency_log": 4.169901941346161, "gradient": 0.13990982462493487, "magnitude": 0.00019171278181540552, "magnitude_min": -0.0006445573404046146}, "datetime": {"datetime": "2024-04-07 16:51:14", "elapsed": 302.715236, "delta": 7.41066}}
{"target": 23.24714887290566, "params": {"frequency_log": 3.183733351023831, "gradient": 0.013262972487622215, "magnitude": 0.00010418775446901009, "magnitude_min": -0.0002513786631793237}, "datetime": {"datetime": "2024-04-07 16:51:19", "elapsed": 308.392115, "delta": 5.676879}}
{"target": 21.658408087839828, "params": {"frequency_log": 4.375599897585992, "gradient": 0.23757201072660575, "magnitude": 0.0005439667953800904, "magnitude_min": -0.0001264538202959166}, "datetime": {"datetime": "2024-04-07 16:51:25", "elapsed": 314.450967, "delta": 6.058852}}
{"target": 24.877543363262312, "params": {"frequency_log": 3.9916259005207007, "gradient": 0.17411760681020613, "magnitude": 0.0005403037069370317, "magnitude_min": -0.000302062705434999}, "datetime": {"datetime": "2024-04-07 16:51:34", "elapsed": 322.895549, "delta": 8.444582}}
{"target": 33.07397271728533, "params": {"frequency_log": 4.5895376909649235, "gradient": 0.26999831327230667, "magnitude": 0.00017238259679151993, "magnitude_min": -0.0005359789216295059}, "datetime": {"datetime": "2024-04-07 16:51:41", "elapsed": 329.93401, "delta": 7.038461}}
{"target": 21.508893236438094, "params": {"frequency_log": 4.182497596991614, "gradient": 0.1199867927842321, "magnitude": 0.0006064815802886727, "magnitude_min": -0.00030050797351213743}, "datetime": {"datetime": "2024-04-07 16:51:49", "elapsed": 338.185853, "delta": 8.251843}}
{"target": 22.038728698489173, "params": {"frequency_log": 4.677205644928173, "gradient": 0.15216884678757747, "magnitude": 0.0006392118847481284, "magnitude_min": -0.0005655176977069703}, "datetime": {"datetime": "2024-04-07 16:52:00", "elapsed": 348.759469, "delta": 10.573616}}
{"target": 36.51173481610193, "params": {"frequency_log": 2.280118822538128, "gradient": 0.1802440054645416, "magnitude": 0.0002712989753747222, "magnitude_min": -0.0006456349815503189}, "datetime": {"datetime": "2024-04-07 16:52:13", "elapsed": 362.220496, "delta": 13.461027}}
{"target": 26.667089495283435, "params": {"frequency_log": 2.207584442837535, "gradient": 0.13575965513919958, "magnitude": 0.0002375869418801017, "magnitude_min": -3.959844910102336e-05}, "datetime": {"datetime": "2024-04-07 16:52:21", "elapsed": 370.520281, "delta": 8.299785}}
{"target": 32.142918411002405, "params": {"frequency_log": 3.393850097658953, "gradient": 0.026555719994829828, "magnitude": 2.2609146392748024e-07, "magnitude_min": -0.0004185415164523919}, "datetime": {"datetime": "2024-04-07 16:52:27", "elapsed": 375.899202, "delta": 5.378921}}
{"target": 36.87730836738433, "params": {"frequency_log": 3.6282278672505583, "gradient": 0.25329413325072897, "magnitude": 7.815395169951052e-05, "magnitude_min": -0.0006591946118717206}, "datetime": {"datetime": "2024-04-07 16:52:33", "elapsed": 382.328094, "delta": 6.428892}}
{"target": 26.06146719829636, "params": {"frequency_log": 2.223539929749731, "gradient": 0.0003435936372971349, "magnitude": 0.0002153503049959864, "magnitude_min": -0.0005205076732653669}, "datetime": {"datetime": "2024-04-07 16:52:43", "elapsed": 392.142796, "delta": 9.814702}}
{"target": 18.718982886020743, "params": {"frequency_log": 3.762164562129876, "gradient": 0.27448754749509846, "magnitude": 8.02137754938437e-05, "magnitude_min": -0.00011747997352409237}, "datetime": {"datetime": "2024-04-07 16:52:48", "elapsed": 397.547844, "delta": 5.405048}}
{"target": 21.57483384837991, "params": {"frequency_log": 4.103324162768525, "gradient": 0.02548987514819596, "magnitude": 0.00047726600120581584, "magnitude_min": -0.0004898596466861901}, "datetime": {"datetime": "2024-04-07 16:52:59", "elapsed": 408.407846, "delta": 10.860002}}
{"target": 21.007918848245293, "params": {"frequency_log": 3.9173478530316346, "gradient": 0.14883435384518354, "magnitude": 0.0006318974556123004, "magnitude_min": -0.0005608290563598232}, "datetime": {"datetime": "2024-04-07 16:53:10", "elapsed": 419.41172, "delta": 11.003874}}
{"target": 35.41376107343173, "params": {"frequency_log": 4.735178310555003, "gradient": 0.20495036061928687, "magnitude": 0.00020835462422379869, "magnitude_min": -0.0005395317781284232}, "datetime": {"datetime": "2024-04-07 16:53:18", "elapsed": 427.039134, "delta": 7.627414}}
{"target": 27.224630459546447, "params": {"frequency_log": 2.3199748369969058, "gradient": 0.07816907978798553, "magnitude": 0.0004587504693465099, "magnitude_min": -0.0006958269682420393}, "datetime": {"datetime": "2024-04-07 16:53:31", "elapsed": 439.740932, "delta": 12.701798}}
{"target": 21.18842060811087, "params": {"frequency_log": 4.308806822451293, "gradient": 0.0034355997865926136, "magnitude": 0.0005607086048962652, "magnitude_min": -0.0006015004895054505}, "datetime": {"datetime": "2024-04-07 16:53:42", "elapsed": 450.823724, "delta": 11.082792}}
{"target": 26.529825547745308, "params": {"frequency_log": 2.6357162242746734, "gradient": 0.025685851279253723, "magnitude": 0.0001708621046351123, "magnitude_min": -0.0005929420891916231}, "datetime": {"datetime": "2024-04-07 16:53:50", "elapsed": 459.311266, "delta": 8.487542}}
{"target": 30.152774096715248, "params": {"frequency_log": 3.6588057799041014, "gradient": 0.161522154047114, "magnitude": 0.00017459188411378187, "magnitude_min": -0.00039296861168318885}, "datetime": {"datetime": "2024-04-07 16:53:57", "elapsed": 466.642847, "delta": 7.331581}}
{"target": 19.393155827308533, "params": {"frequency_log": 2.2383403780072966, "gradient": 0.10301854101956175, "magnitude": 0.000446709807559747, "magnitude_min": -7.374012548006827e-05}, "datetime": {"datetime": "2024-04-07 16:54:05", "elapsed": 474.047495, "delta": 7.404648}}
{"target": 30.744496714034547, "params": {"frequency_log": 3.3719889902677345, "gradient": 0.19538648894308583, "magnitude": 0.00023238255214334783, "magnitude_min": -0.00016762316900151698}, "datetime": {"datetime": "2024-04-07 16:54:12", "elapsed": 481.058974, "delta": 7.011479}}
{"target": 25.730983390400414, "params": {"frequency_log": 3.310275262061557, "gradient": 0.0035658714811503175, "magnitude": 0.0002522205791582016, "magnitude_min": -0.0003897238304447576}, "datetime": {"datetime": "2024-04-07 16:54:21", "elapsed": 489.952291, "delta": 8.893317}}
{"target": 23.18887749516096, "params": {"frequency_log": 4.9485285695076, "gradient": 0.2484209955897428, "magnitude": 0.00017777888674979945, "magnitude_min": -0.00014450028584690104}, "datetime": {"datetime": "2024-04-07 16:54:25", "elapsed": 494.17732, "delta": 4.225029}}
{"target": 26.85144476757856, "params": {"frequency_log": 3.3771144867253167, "gradient": 0.03548020084644926, "magnitude": 0.00020758267719576983, "magnitude_min": -9.08086220100453e-05}, "datetime": {"datetime": "2024-04-07 16:54:30", "elapsed": 499.400076, "delta": 5.222756}}
{"target": 33.362241006162925, "params": {"frequency_log": 2.194373298385169, "gradient": 0.22620846530331734, "magnitude": 0.00018949454254391787, "magnitude_min": -7.730309480589298e-05}, "datetime": {"datetime": "2024-04-07 16:54:51", "elapsed": 520.523566, "delta": 21.12349}}
{"target": 23.97607339619511, "params": {"frequency_log": 2.8553521185064255, "gradient": 0.15726460648905694, "magnitude": 0.0002674635166267793, "magnitude_min": -0.0003661780798434352}, "datetime": {"datetime": "2024-04-07 16:55:01", "elapsed": 530.476654, "delta": 9.953088}}
{"target": 34.600935317272175, "params": {"frequency_log": 2.9586556016226755, "gradient": 0.24708179176919298, "magnitude": 0.00021562058813151533, "magnitude_min": -0.000507600293134157}, "datetime": {"datetime": "2024-04-07 16:55:13", "elapsed": 541.817473, "delta": 11.340819}}
{"target": 18.030277675793936, "params": {"frequency_log": 4.036539571857864, "gradient": 0.2824461708618585, "magnitude": 0.00012548582864076334, "magnitude_min": -4.617338144170574e-05}, "datetime": {"datetime": "2024-04-07 16:55:17", "elapsed": 546.546799, "delta": 4.729326}}
{"target": 33.162474192807025, "params": {"frequency_log": 4.770732600727149, "gradient": 0.111638897540748, "magnitude": 0.0001954552769815326, "magnitude_min": -0.0006323163801745884}, "datetime": {"datetime": "2024-04-07 16:55:25", "elapsed": 553.886478, "delta": 7.339679}}
{"target": 31.926300847870056, "params": {"frequency_log": 4.178333036509577, "gradient": 0.2851654167901755, "magnitude": 0.0003096096949822094, "magnitude_min": -0.00020837668746164384}, "datetime": {"datetime": "2024-04-07 16:55:32", "elapsed": 561.03724, "delta": 7.150762}}
{"target": 19.078958115828144, "params": {"frequency_log": 3.5003462114369834, "gradient": 0.28973151116026047, "magnitude": 0.0006902515435017494, "magnitude_min": -0.00028571208722855574}, "datetime": {"datetime": "2024-04-07 16:55:41", "elapsed": 570.034835, "delta": 8.997595}}
{"target": 21.97829045711998, "params": {"frequency_log": 4.454871810057019, "gradient": 0.2175452772754303, "magnitude": 4.552147318564889e-05, "magnitude_min": -0.00021683162951065867}, "datetime": {"datetime": "2024-04-07 16:55:45", "elapsed": 574.268074, "delta": 4.233239}}
{"target": 25.873741359246317, "params": {"frequency_log": 2.027085366199648, "gradient": 0.22788539103144195, "magnitude": 0.0004394491515546622, "magnitude_min": -0.0004896348462188434}, "datetime": {"datetime": "2024-04-07 16:56:09", "elapsed": 598.034491, "delta": 23.766417}}
{"target": 24.03269231233623, "params": {"frequency_log": 3.1023677177776796, "gradient": 0.017157665720729496, "magnitude": 0.00039168174860022945, "magnitude_min": -0.0006237403187931153}, "datetime": {"datetime": "2024-04-07 16:56:20", "elapsed": 608.940707, "delta": 10.906216}}
{"target": 18.870074905709235, "params": {"frequency_log": 4.926297162718056, "gradient": 0.27841381109056323, "magnitude": 0.0005773581583233277, "magnitude_min": -1.3000307546567847e-05}, "datetime": {"datetime": "2024-04-07 16:56:24", "elapsed": 613.451235, "delta": 4.510528}}
{"target": 19.37265093373711, "params": {"frequency_log": 2.003968319294016, "gradient": 0.01335477098168698, "magnitude": 0.00044604814205975393, "magnitude_min": -0.00026443396213946685}, "datetime": {"datetime": "2024-04-07 16:56:35", "elapsed": 624.16414, "delta": 10.712905}}
{"target": 24.510658715703467, "params": {"frequency_log": 2.875418500779091, "gradient": 0.07922320064047451, "magnitude": 0.0004199243566070305, "magnitude_min": -0.0005057265936237556}, "datetime": {"datetime": "2024-04-07 16:56:46", "elapsed": 635.261696, "delta": 11.097556}}
{"target": 21.846529131890197, "params": {"frequency_log": 4.31842824507399, "gradient": 0.05853464228977207, "magnitude": 0.00042660958825529386, "magnitude_min": -0.00041064999229380845}, "datetime": {"datetime": "2024-04-07 16:56:56", "elapsed": 644.714785, "delta": 9.453089}}
{"target": 18.376170396456505, "params": {"frequency_log": 2.2820071258506505, "gradient": 0.17765066969465956, "magnitude": 0.0006330848684277984, "magnitude_min": -0.00023400335857020162}, "datetime": {"datetime": "2024-04-07 16:57:05", "elapsed": 654.55992, "delta": 9.845135}}
{"target": 27.331749451705612, "params": {"frequency_log": 2.7597210237909917, "gradient": 0.275379420374442, "magnitude": 0.00037998352176097896, "magnitude_min": -0.00012592188840758163}, "datetime": {"datetime": "2024-04-07 16:57:17", "elapsed": 666.588327, "delta": 12.028407}}
