{"target": 17.781032450887448, "params": {"frequency_log": 4.6756250956504015, "gradient": 0.17678349157424314, "magnitude": 0.00014336394980352918, "magnitude_min": -0.0001211458316470607}, "datetime": {"datetime": "2024-04-07 16:57:21", "elapsed": 670.634544, "delta": 4.046217}}
{"target": 20.875909645746482, "params": {"frequency_log": 2.8359873006956926, "gradient": 0.010274109711471602, "magnitude": 0.0003260661477765722, "magnitude_min": -0.0003684734608553071}, "datetime": {"datetime": "2024-04-07 16:57:31", "elapsed": 680.470772, "delta": 9.836228}}
{"target": 27.76026188892472, "params": {"frequency_log": 4.348860603244352, "gradient": 0.26599574810812315, "magnitude": 0.00040108212160108, "magnitude_min": -0.0006921268040994318}, "datetime": {"datetime": "2024-04-07 16:57:41", "elapsed": 690.543282, "delta": 10.07251}}
{"target": 25.963976678068207, "params": {"frequency_log": 4.371306727267845, "gradient": 0.26873072271174087, "magnitude": 0.0001146549129735374, "magnitude_min": -0.0003077086835244508}, "datetime": {"datetime": "2024-04-07 16:57:47", "elapsed": 696.536731, "delta": 5.993449}}
{"target": 22.072383267146584, "params": {"frequency_log": 3.230486734772289, "gradient": 0.10271939685990014, "magnitude": 2.987685247632401e-05, "magnitude_min": -0.00017951204655577524}, "datetime": {"datetime": "2024-04-07 16:57:52", "elapsed": 701.516452, "delta": 4.979721}}
{"target": 24.35815888840677, "params": {"frequency_log": 2.312878243071629, "gradient": 0.21583212364468488, "magnitude": 0.0005567309265020294, "magnitude_min": -0.0006514593023099964}, "datetime": {"datetime": "2024-04-07 16:58:08", "elapsed": 716.867106, "delta": 15.350654}}
{"target": 25.017428001734515, "params": {"frequency_log": 4.0729001440717045, "gradient": 0.2994453308578889, "magnitude": 0.0004338003046732502, "magnitude_min": -0.00035116385618326967}, "datetime": {"datetime": "2024-04-07 16:58:17", "elapsed": 726.26169, "delta": 9.394584}}
{"target": 21.719054525194185, "params": {"frequency_log": 3.9604380027852897, "gradient": 0.12480601553715615, "magnitude": 0.0005764342423110075, "magnitude_min": -0.000414468566604164}, "datetime": {"datetime": "2024-04-07 16:58:27", "elapsed": 735.948929, "delta": 9.687239}}
{"target": 24.17532051367434, "params": {"frequency_log": 3.5422737228726033, "gradient": 0.17525005211463776, "magnitude": 0.00017372408813369857, "magnitude_min": -4.042078908136275e-05}, "datetime": {"datetime": "2024-04-07 16:58:32", "elapsed": 740.754834, "delta": 4.805905}}
{"target": 27.69865296534962, "params": {"frequency_log": 2.846594999550868, "gradient": 0.2819770530739119, "magnitude": 8.055179622228663e-05, "magnitude_min": -0.0003260803562975666}, "datetime": {"datetime": "2024-04-07 16:58:46", "elapsed": 755.254889, "delta": 14.500055}}
{"target": 23.632424545382012, "params": {"frequency_log": 4.164634352889711, "gradient": 0.05081997956795368, "magnitude": 0.0004706601170837089, "magnitude_min": -0.0006464697676329559}, "datetime": {"datetime": "2024-04-07 16:58:57", "elapsed": 765.72307, "delta": 10.468181}}
{"target": 17.832023773833996, "params": {"frequency_log": 3.782266966775394, "gradient": 0.11165975331000935, "magnitude": 0.0006296984262906205, "magnitude_min": -5.942219327529968e-05}, "datetime": {"datetime": "2024-04-07 16:59:02", "elapsed": 771.166657, "delta": 5.443587}}
{"target": 31.268308099622843, "params": {"frequency_log": 4.942181545866793, "gradient": 0.24008582675537302, "magnitude": 0.00038336398520076977, "magnitude_min": -0.0002447754564316475}, "datetime": {"datetime": "2024-04-07 16:59:09", "elapsed": 778.115866, "delta": 6.949209}}
{"target": 21.987036398818223, "params": {"frequency_log": 4.482732115341361, "gradient": 0.05885178130872963, "magnitude": 0.0004572989030635195, "magnitude_min": -0.00048321233188271695}, "datetime": {"datetime": "2024-04-07 16:59:19", "elapsed": 788.224713, "delta": 10.108847}}
{"target": 18.84424743916825, "params": {"frequency_log": 3.731496364424882, "gradient": 0.21427925213640506, "magnitude": 0.0001464710286995354, "magnitude_min": -0.0001982130817602762}, "datetime": {"datetime": "2024-04-07 16:59:25", "elapsed": 793.826382, "delta": 5.601669}}
{"target": 23.757036330592054, "params": {"frequency_log": 3.5089648500140482, "gradient": 0.20305934832474734, "magnitude": 0.000412724742330474, "magnitude_min": -0.0003674340399376427}, "datetime": {"datetime": "2024-04-07 16:59:35", "elapsed": 804.329791, "delta": 10.503409}}
{"target": 22.892071283818133, "params": {"frequency_log": 2.4782876837130727, "gradient": 0.046988886767813855, "magnitude": 0.0004088787601207525, "magnitude_min": -0.0005622324690853543}, "datetime": {"datetime": "2024-04-07 16:59:47", "elapsed": 816.150978, "delta": 11.821187}}
{"target": 24.947586099751508, "params": {"frequency_log": 3.7485738192020817, "gradient": 0.24872656614914615, "magnitude": 0.0005695809145978294, "magnitude_min": -0.00034927463324751015}, "datetime": {"datetime": "2024-04-07 16:59:57", "elapsed": 826.274915, "delta": 10.123937}}
{"target": 21.934529899357347, "params": {"frequency_log": 2.634394708137847, "gradient": 0.11944409991401725, "magnitude": 0.00014013264297796471, "magnitude_min": -0.00025914673526357385}, "datetime": {"datetime": "2024-04-07 17:00:05", "elapsed": 833.909316, "delta": 7.634401}}
{"target": 22.07831030596841, "params": {"frequency_log": 3.908641430804512, "gradient": 0.25676803656378555, "magnitude": 0.0006122965709458347, "magnitude_min": -0.0004521702911812935}, "datetime": {"datetime": "2024-04-07 17:00:15", "elapsed": 844.554628, "delta": 10.645312}}
{"target": 32.66965975069138, "params": {"frequency_log": 3.155990931645713, "gradient": 0.20796955687807614, "magnitude": 9.015374433080237e-05, "magnitude_min": -0.0004742222084791535}, "datetime": {"datetime": "2024-04-07 17:00:23", "elapsed": 852.187487, "delta": 7.632859}}
{"target": 21.544710838434124, "params": {"frequency_log": 3.2958997532880234, "gradient": 0.18716200075299338, "magnitude": 0.00022404660204311172, "magnitude_min": -0.0002702964701231521}, "datetime": {"datetime": "2024-04-07 17:00:31", "elapsed": 859.951544, "delta": 7.764057}}
{"target": 35.86389312572832, "params": {"frequency_log": 3.6789073676868345, "gradient": 0.003219945177451011, "magnitude": 2.2888738827456702e-05, "magnitude_min": -0.00043992376468837344}, "datetime": {"datetime": "2024-04-07 17:00:37", "elapsed": 866.385253, "delta": 6.433709}}
{"target": 23.961695480359527, "params": {"frequency_log": 4.480730455600341, "gradient": 0.26370055002875753, "magnitude": 0.0002308847337090087, "magnitude_min": -0.0001968777426296465}, "datetime": {"datetime": "2024-04-07 17:00:44", "elapsed": 873.588098, "delta": 7.202845}}
{"target": 17.706938219601547, "params": {"frequency_log": 2.060821435386981, "gradient": 0.034829238111736646, "magnitude": 0.0006138995379575059, "magnitude_min": -0.0002645792025506245}, "datetime": {"datetime": "2024-04-07 17:00:55", "elapsed": 884.242725, "delta": 10.654627}}
{"target": 28.50953632647424, "params": {"frequency_log": 4.718434533794237, "gradient": 0.11577632445497506, "magnitude": 0.00045155249000426175, "magnitude_min": -0.0006856484701597866}, "datetime": {"datetime": "2024-04-07 17:01:06", "elapsed": 894.726769, "delta": 10.484044}}
{"target": 25.47016479213717, "params": {"frequency_log": 4.408342742162064, "gradient": 0.16946763069752113, "magnitude": 0.0003871162569279719, "magnitude_min": -0.00044798072764063997}, "datetime": {"datetime": "2024-04-07 17:01:17", "elapsed": 906.347437, "delta": 11.620668}}
{"target": 24.9772481254213, "params": {"frequency_log": 3.425944211929938, "gradient": 0.2527979306766694, "magnitude": 0.0005450356514968583, "magnitude_min": -0.0005937173196441634}, "datetime": {"datetime": "2024-04-07 17:01:32", "elapsed": 921.059729, "delta": 14.712292}}
