{"target": -4.309967419286219, "params": {"E_EA": 67.13151446672524, "E_MC": 29.44959775014262, "J": 9.104568084727447}, "datetime": {"datetime": "2024-05-07 22:43:58", "elapsed": 0.0, "delta": 0.0}}
{"target": -7.7257259041279545, "params": {"E_EA": 56.05001178451416, "E_MC": 18.210609735404113, "J": 4.949664803128265}, "datetime": {"datetime": "2024-05-07 22:44:08", "elapsed": 103.423117, "delta": 9.751946}}
{"target": -5.579514476781451, "params": {"E_EA": 66.63096954199679, "E_MC": 27.345101937419017, "J": 7.386004409056884}, "datetime": {"datetime": "2024-05-07 22:44:12", "elapsed": 13.511936, "delta": 13.511936}}
{"target": -4.25192219923486, "params": {"E_EA": 57.316456577887536, "E_MC": 19.82216265794234, "J": 6.083394001905546}, "datetime": {"datetime": "2024-05-07 22:44:19", "elapsed": 114.792643, "delta": 11.369526}}
{"target": -6.285328720327407, "params": {"E_EA": 68.63427906026007, "E_MC": 28.924096453708042, "J": 8.755908517514818}, "datetime": {"datetime": "2024-05-07 22:44:21", "elapsed": 22.886607, "delta": 9.374671}}
{"target": -5.02082738799022, "params": {"E_EA": 61.913570774131834, "E_MC": 26.76203230726987, "J": 8.332068177670045}, "datetime": {"datetime": "2024-05-07 22:44:28", "elapsed": 123.375226, "delta": 8.582583}}
{"target": -6.712861759791435, "params": {"E_EA": 54.41405040008788, "E_MC": 18.49184107363421, "J": 6.642275521577549}, "datetime": {"datetime": "2024-05-07 22:44:32", "elapsed": 33.821259, "delta": 10.934652}}
{"target": -3.837592644215997, "params": {"E_EA": 62.33057040547195, "E_MC": 23.01712432173918, "J": 6.780140552318834}, "datetime": {"datetime": "2024-05-07 22:44:44", "elapsed": 45.417458, "delta": 11.596199}}
{"target": -7.668563105222602, "params": {"E_EA": 63.758006010236, "E_MC": 26.674337951047686, "J": 9.342810662425354}, "datetime": {"datetime": "2024-05-07 22:44:59", "elapsed": 61.077725, "delta": 15.660267}}
{"target": -6.97233282352726, "params": {"E_EA": 63.203465696178114, "E_MC": 29.18528516488906, "J": 9.15664090094208}, "datetime": {"datetime": "2024-05-07 22:45:08", "elapsed": 70.06693, "delta": 8.989205}}
{"target": -5.125355878482728, "params": {"E_EA": 58.89414500814673, "E_MC": 23.26573641153255, "J": 7.301270361970154}, "datetime": {"datetime": "2024-05-07 22:45:19", "elapsed": 80.556043, "delta": 10.489113}}
{"target": -5.7368354855129695, "params": {"E_EA": 64.29468001657722, "E_MC": 28.4877291735754, "J": 9.609665401103737}, "datetime": {"datetime": "2024-05-07 22:45:27", "elapsed": 88.559171, "delta": 8.003128}}
{"target": -6.154256831915574, "params": {"E_EA": 63.106185425533624, "E_MC": 27.556301466509794, "J": 8.112836123285824}, "datetime": {"datetime": "2024-05-07 22:45:32", "elapsed": 0.0, "delta": 0.0}}
{"target": -6.60294797634277, "params": {"E_EA": 58.28482845471257, "E_MC": 22.15059920215372, "J": 8.079861678056272}, "datetime": {"datetime": "2024-05-07 22:45:36", "elapsed": 97.974223, "delta": 9.415052}}
{"target": -5.855711469253149, "params": {"E_EA": 63.938946982645064, "E_MC": 28.503601791736838, "J": 9.745444956308994}, "datetime": {"datetime": "2024-05-07 22:45:44", "elapsed": 11.594502, "delta": 11.594502}}
{"target": -4.94214275432513, "params": {"E_EA": 60.60096267557005, "E_MC": 20.56961543050976, "J": 5.970792131375092}, "datetime": {"datetime": "2024-05-07 22:45:55", "elapsed": 22.499708, "delta": 10.905206}}
{"target": -5.9747965443988535, "params": {"E_EA": 61.33401561083224, "E_MC": 24.242953491432402, "J": 8.444414297039849}, "datetime": {"datetime": "2024-05-07 22:46:06", "elapsed": 33.635941, "delta": 11.136233}}
{"target": -5.883498814894862, "params": {"E_EA": 58.516162614016984, "E_MC": 23.322065788060005, "J": 8.399467223856071}, "datetime": {"datetime": "2024-05-07 22:46:16", "elapsed": 43.960983, "delta": 10.325042}}
{"target": -8.985454703649301, "params": {"E_EA": 59.93891511255879, "E_MC": 20.981669470863977, "J": 5.316940837972531}, "datetime": {"datetime": "2024-05-07 22:46:29", "elapsed": 56.733346, "delta": 12.772363}}
{"target": -4.758868907192027, "params": {"E_EA": 61.67614534825033, "E_MC": 22.257765075280783, "J": 6.125515178320571}, "datetime": {"datetime": "2024-05-07 22:46:41", "elapsed": 69.023615, "delta": 12.290269}}
{"target": -7.169804433245691, "params": {"E_EA": 58.00922864849265, "E_MC": 23.58986792948114, "J": 7.770622069519592}, "datetime": {"datetime": "2024-05-07 22:46:52", "elapsed": 0.0, "delta": 0.0}}
{"target": -4.513025555228525, "params": {"E_EA": 62.6999864248446, "E_MC": 26.741839064435002, "J": 8.57057088513564}, "datetime": {"datetime": "2024-05-07 22:46:54", "elapsed": 82.23182, "delta": 13.208205}}
{"target": -5.105424046366898, "params": {"E_EA": 55.6427276569568, "E_MC": 17.29578479074815, "J": 5.264927160103063}, "datetime": {"datetime": "2024-05-07 22:47:03", "elapsed": 10.818085, "delta": 10.818085}}
{"target": -6.655972304707596, "params": {"E_EA": 59.13906478888644, "E_MC": 24.16776730143876, "J": 8.265044727640607}, "datetime": {"datetime": "2024-05-07 22:47:07", "elapsed": 94.547811, "delta": 12.315991}}
{"target": -7.208109215397957, "params": {"E_EA": 65.2963949099419, "E_MC": 21.83316525673076, "J": 5.269953792539397}, "datetime": {"datetime": "2024-05-07 22:47:11", "elapsed": 19.072102, "delta": 8.254017}}
{"target": -6.282607204964629, "params": {"E_EA": 59.868724638183636, "E_MC": 24.887257556405007, "J": 8.594942265792604}, "datetime": {"datetime": "2024-05-07 22:47:15", "elapsed": 103.218356, "delta": 8.670545}}
{"target": -6.596038652440985, "params": {"E_EA": 62.82753829479535, "E_MC": 26.85602930085638, "J": 9.532733749569676}, "datetime": {"datetime": "2024-05-07 22:47:21", "elapsed": 28.677744, "delta": 9.605642}}
{"target": -100.0, "params": {"E_EA": 146.36940283595754, "E_MC": 7.273852475611135, "J": 6.153115041679271}, "datetime": {"datetime": "2024-05-07 22:47:25", "elapsed": 32.359769, "delta": 3.682025}}
{"target": -6.123089433734191, "params": {"E_EA": 63.22750371177196, "E_MC": 21.784654825002097, "J": 5.704514942497304}, "datetime": {"datetime": "2024-05-07 22:47:32", "elapsed": 39.518021, "delta": 7.158252}}
{"target": -6.276042767124087, "params": {"E_EA": 65.30138274115643, "E_MC": 25.3056666054888, "J": 6.76900248220808}, "datetime": {"datetime": "2024-05-07 22:47:39", "elapsed": 47.012043, "delta": 7.494022}}
{"target": -5.34140748308587, "params": {"E_EA": 60.42406894345769, "E_MC": 19.609914082962014, "J": 5.31124408766469}, "datetime": {"datetime": "2024-05-07 22:47:55", "elapsed": 63.211811, "delta": 16.199768}}
{"target": -5.37285537411773, "params": {"E_EA": 61.04488391849446, "E_MC": 26.697951746269304, "J": 8.8444597595997}, "datetime": {"datetime": "2024-05-07 22:48:08", "elapsed": 75.895341, "delta": 12.68353}}
{"target": -8.32515483310195, "params": {"E_EA": 59.55607479629781, "E_MC": 25.68749892809659, "J": 9.278623361229652}, "datetime": {"datetime": "2024-05-07 22:48:11", "elapsed": 0.0, "delta": 0.0}}
{"target": -100.0, "params": {"E_EA": 57.97229312946815, "E_MC": 29.390936595787522, "J": -7.274684646470524}, "datetime": {"datetime": "2024-05-07 22:48:18", "elapsed": 85.466039, "delta": 9.570698}}
{"target": -6.444754666261461, "params": {"E_EA": 60.9837121506216, "E_MC": 26.69103243509991, "J": 8.84301951695373}, "datetime": {"datetime": "2024-05-07 22:48:27", "elapsed": 15.513547, "delta": 15.513547}}
{"target": -4.1553627313233905, "params": {"E_EA": 57.099931721861466, "E_MC": 18.514755034477375, "J": 5.481424179521483}, "datetime": {"datetime": "2024-05-07 22:48:41", "elapsed": 29.666293, "delta": 14.152746}}
{"target": -6.585414526974301, "params": {"E_EA": 59.56320295068911, "E_MC": 22.66339588120395, "J": 6.422270422175245}, "datetime": {"datetime": "2024-05-07 22:48:52", "elapsed": 40.631419, "delta": 10.965126}}
{"target": -4.107471451172392, "params": {"E_EA": 65.55964553693313, "E_MC": 25.91619755033742, "J": 7.592012777490275}, "datetime": {"datetime": "2024-05-07 22:49:01", "elapsed": 49.824842, "delta": 9.193423}}
{"target": -8.808774486973341, "params": {"E_EA": 63.33906967540591, "E_MC": 19.88055347710129, "J": 4.51442956317846}, "datetime": {"datetime": "2024-05-07 22:49:16", "elapsed": 64.883178, "delta": 15.058336}}
{"target": -9.048666072221927, "params": {"E_EA": 58.55079607796649, "E_MC": 24.15201111508737, "J": 7.212780536007074}, "datetime": {"datetime": "2024-05-07 22:49:27", "elapsed": 75.826117, "delta": 10.942939}}
{"target": -9.568787244914471, "params": {"E_EA": 60.44512735306506, "E_MC": 22.415778945290832, "J": 5.796239007574407}, "datetime": {"datetime": "2024-05-07 22:49:37", "elapsed": 86.262981, "delta": 10.436864}}
{"target": -6.997787076762147, "params": {"E_EA": 58.85282634768818, "E_MC": 25.102246827600815, "J": 8.872025931154866}, "datetime": {"datetime": "2024-05-07 22:49:47", "elapsed": 96.446382, "delta": 10.183401}}
{"target": -6.666584966391189, "params": {"E_EA": 62.184982974688175, "E_MC": 28.688001418081058, "J": 9.406622072037825}, "datetime": {"datetime": "2024-05-07 22:49:57", "elapsed": 105.826332, "delta": 9.37995}}
{"target": -7.989307195347327, "params": {"E_EA": 63.05118493119705, "E_MC": 24.88789997388775, "J": 8.63017370476216}, "datetime": {"datetime": "2024-05-07 22:50:44", "elapsed": 0.0, "delta": 0.0}}
{"target": -5.8492596121519425, "params": {"E_EA": 67.85878287826085, "E_MC": 27.75207191473892, "J": 7.2393292500884066}, "datetime": {"datetime": "2024-05-07 22:50:53", "elapsed": 8.542429, "delta": 8.542429}}
{"target": -6.21924131369061, "params": {"E_EA": 58.197107016535924, "E_MC": 18.860890511869655, "J": 4.8814408063434165}, "datetime": {"datetime": "2024-05-07 22:51:09", "elapsed": 25.233756, "delta": 16.691327}}
{"target": -6.607212192146154, "params": {"E_EA": 58.777924100138115, "E_MC": 20.103712467561195, "J": 5.357532632566308}, "datetime": {"datetime": "2024-05-07 22:51:25", "elapsed": 41.180126, "delta": 15.94637}}
{"target": -6.557234630145395, "params": {"E_EA": 62.1045123884031, "E_MC": 20.093058371223375, "J": 5.167642746547681}, "datetime": {"datetime": "2024-05-07 22:51:36", "elapsed": 51.870183, "delta": 10.690057}}
{"target": -7.091549068790906, "params": {"E_EA": 67.65118207933219, "E_MC": 25.288957617504813, "J": 6.589658862977789}, "datetime": {"datetime": "2024-05-07 22:51:45", "elapsed": 60.822445, "delta": 8.952262}}
{"target": -4.768089940847609, "params": {"E_EA": 66.36469916787436, "E_MC": 29.98698241748501, "J": 9.281618464206568}, "datetime": {"datetime": "2024-05-07 22:51:54", "elapsed": 70.370615, "delta": 9.54817}}
{"target": -8.419923000463243, "params": {"E_EA": 64.57800230673844, "E_MC": 27.069433166520888, "J": 9.537253521674089}, "datetime": {"datetime": "2024-05-07 22:52:01", "elapsed": 0.0, "delta": 0.0}}
{"target": -6.327039165181593, "params": {"E_EA": 57.004550372174705, "E_MC": 22.516855609227644, "J": 7.844426120074562}, "datetime": {"datetime": "2024-05-07 22:52:08", "elapsed": 83.586112, "delta": 13.215497}}
{"target": -9.043285243461888, "params": {"E_EA": 66.6286127446514, "E_MC": 24.507060979630847, "J": 5.621467871181526}, "datetime": {"datetime": "2024-05-07 22:52:14", "elapsed": 13.061064, "delta": 13.061064}}
{"target": -6.822788088202639, "params": {"E_EA": 61.44063051869054, "E_MC": 27.671854651756487, "J": 8.865221399295649}, "datetime": {"datetime": "2024-05-07 22:52:26", "elapsed": 102.43692, "delta": 18.850808}}
{"target": -6.4729737573046755, "params": {"E_EA": 60.06060406921454, "E_MC": 21.55106105708766, "J": 7.386694627414766}, "datetime": {"datetime": "2024-05-07 22:52:27", "elapsed": 26.225685, "delta": 13.164621}}
{"target": -6.353522319821801, "params": {"E_EA": 52.41988128366933, "E_MC": 16.530117767852857, "J": 5.5784900221943605}, "datetime": {"datetime": "2024-05-07 22:52:40", "elapsed": 116.014031, "delta": 13.577111}}
{"target": -12.204735474590482, "params": {"E_EA": 66.87714770149827, "E_MC": 28.895444938100347, "J": 10.41311861531269}, "datetime": {"datetime": "2024-05-07 22:52:41", "elapsed": 40.031016, "delta": 13.805331}}
{"target": -8.75224134006267, "params": {"E_EA": 59.02833210708495, "E_MC": 18.925880901083236, "J": 4.507522280077282}, "datetime": {"datetime": "2024-05-07 22:53:03", "elapsed": 62.541493, "delta": 22.510477}}
{"target": -7.21301666622056, "params": {"E_EA": 61.25660927568361, "E_MC": 19.70052524694343, "J": 4.67713091133686}, "datetime": {"datetime": "2024-05-07 22:53:20", "elapsed": 79.129723, "delta": 16.58823}}
{"target": -9.557491907607531, "params": {"E_EA": 72.91801925928004, "E_MC": 28.414970944922306, "J": 6.462001241252785}, "datetime": {"datetime": "2024-05-07 22:53:37", "elapsed": 95.663559, "delta": 16.533836}}
{"target": -9.243466664762913, "params": {"E_EA": 52.623052277191476, "E_MC": 17.813153308365557, "J": 6.051831598739874}, "datetime": {"datetime": "2024-05-07 22:53:54", "elapsed": 0.0, "delta": 0.0}}
{"target": -8.56444255032641, "params": {"E_EA": 66.74912006291541, "E_MC": 29.249420962286788, "J": 7.707770369883363}, "datetime": {"datetime": "2024-05-07 22:53:58", "elapsed": 117.227562, "delta": 21.564003}}
{"target": -7.116675389253832, "params": {"E_EA": 64.33668687811826, "E_MC": 28.193042676039063, "J": 8.018694798505006}, "datetime": {"datetime": "2024-05-07 22:54:08", "elapsed": 14.063397, "delta": 14.063397}}
{"target": -8.026335369625402, "params": {"E_EA": 61.36981783123597, "E_MC": 27.815030920071766, "J": 9.268607388115857}, "datetime": {"datetime": "2024-05-07 22:54:11", "elapsed": 130.018323, "delta": 12.790761}}
{"target": -7.943442398894519, "params": {"E_EA": 66.15661667804632, "E_MC": 24.954502455094108, "J": 7.611070013725612}, "datetime": {"datetime": "2024-05-07 22:54:21", "elapsed": 26.662931, "delta": 12.599534}}
{"target": -8.356313675526412, "params": {"E_EA": 63.33746898781604, "E_MC": 29.03296665181395, "J": 10.356824959142127}, "datetime": {"datetime": "2024-05-07 22:54:27", "elapsed": 145.968264, "delta": 15.949941}}
{"target": -8.898197050656247, "params": {"E_EA": 57.89945260104591, "E_MC": 20.51841634337067, "J": 5.5696812722567515}, "datetime": {"datetime": "2024-05-07 22:54:37", "elapsed": 43.502299, "delta": 16.839368}}
{"target": -5.283099018767029, "params": {"E_EA": 56.22439883861566, "E_MC": 16.84781536493456, "J": 4.683851835435245}, "datetime": {"datetime": "2024-05-07 22:54:51", "elapsed": 57.052323, "delta": 13.550024}}
{"target": -5.608525147837039, "params": {"E_EA": 61.51011602414527, "E_MC": 20.782191471013057, "J": 6.0084783920059195}, "datetime": {"datetime": "2024-05-07 22:55:11", "elapsed": 77.503344, "delta": 20.451021}}
{"target": -5.914684316419339, "params": {"E_EA": 53.87724905784873, "E_MC": 17.969530606025558, "J": 6.067815695547324}, "datetime": {"datetime": "2024-05-07 22:55:26", "elapsed": 0.0, "delta": 0.0}}
{"target": -5.276416971201235, "params": {"E_EA": 68.527969811119, "E_MC": 28.307736549894795, "J": 8.137654411032784}, "datetime": {"datetime": "2024-05-07 22:55:26", "elapsed": 92.196713, "delta": 14.693369}}
{"target": -9.080488776728405, "params": {"E_EA": 68.71877166572781, "E_MC": 24.34032276066072, "J": 6.142523067109579}, "datetime": {"datetime": "2024-05-07 22:55:39", "elapsed": 105.528815, "delta": 13.332102}}
{"target": -8.567696562986857, "params": {"E_EA": 66.56595227560803, "E_MC": 23.063540903064865, "J": 5.116920880042425}, "datetime": {"datetime": "2024-05-07 22:55:40", "elapsed": 13.801658, "delta": 13.801658}}
{"target": -4.9835411598265305, "params": {"E_EA": 58.6025300561445, "E_MC": 19.2018301312922, "J": 5.646511283388854}, "datetime": {"datetime": "2024-05-07 22:55:54", "elapsed": 120.036605, "delta": 14.50779}}
{"target": -10.798712898625405, "params": {"E_EA": 67.51632894910804, "E_MC": 27.695954341517616, "J": 9.42501476099348}, "datetime": {"datetime": "2024-05-07 22:55:57", "elapsed": 30.855822, "delta": 17.054164}}
{"target": -10.269217605087722, "params": {"E_EA": 56.84229468907142, "E_MC": 24.166418735591947, "J": 8.661259737908154}, "datetime": {"datetime": "2024-05-07 22:56:08", "elapsed": 134.122754, "delta": 14.086149}}
{"target": -9.957614132752227, "params": {"E_EA": 64.80458554524412, "E_MC": 21.248312531544784, "J": 4.3455967354441505}, "datetime": {"datetime": "2024-05-07 22:56:19", "elapsed": 52.732641, "delta": 21.876819}}
{"target": -5.869588147464183, "params": {"E_EA": 60.597535178196836, "E_MC": 25.545425925809916, "J": 7.982824499478308}, "datetime": {"datetime": "2024-05-07 22:56:31", "elapsed": 64.565631, "delta": 11.83299}}
{"target": -5.236263886654962, "params": {"E_EA": 62.061931579004124, "E_MC": 21.155977290316667, "J": 5.822066876288039}, "datetime": {"datetime": "2024-05-07 22:56:52", "elapsed": 86.409197, "delta": 21.843566}}
{"target": -5.757058824661192, "params": {"E_EA": 59.71821572072169, "E_MC": 24.63777079022492, "J": 7.735799869389286}, "datetime": {"datetime": "2024-05-07 22:57:15", "elapsed": 108.987272, "delta": 22.578075}}
{"target": -13.28745983962295, "params": {"E_EA": 59.61459957737256, "E_MC": 18.5169321773042, "J": 3.7135238239446338}, "datetime": {"datetime": "2024-05-07 22:57:27", "elapsed": 0.0, "delta": 0.0}}
{"target": -5.179163427203082, "params": {"E_EA": 67.6702367329658, "E_MC": 26.98620194028455, "J": 7.614818849915444}, "datetime": {"datetime": "2024-05-07 22:57:30", "elapsed": 123.722912, "delta": 14.73564}}
{"target": -10.333523075331188, "params": {"E_EA": 53.46532163041449, "E_MC": 15.432460564546925, "J": 5.472709079728702}, "datetime": {"datetime": "2024-05-07 22:57:39", "elapsed": 11.733496, "delta": 11.733496}}
{"target": -7.8753825906019, "params": {"E_EA": 63.12602501267847, "E_MC": 22.353104778638464, "J": 7.02242420302877}, "datetime": {"datetime": "2024-05-07 22:57:42", "elapsed": 135.915516, "delta": 12.192604}}
{"target": -6.909144723909836, "params": {"E_EA": 56.79494867252967, "E_MC": 18.857250161075058, "J": 6.562097059160784}, "datetime": {"datetime": "2024-05-07 22:57:52", "elapsed": 24.777063, "delta": 13.043567}}
{"target": -6.406728707845364, "params": {"E_EA": 60.0263428993294, "E_MC": 26.16689856191687, "J": 8.402803714245394}, "datetime": {"datetime": "2024-05-07 22:57:59", "elapsed": 153.287793, "delta": 17.372277}}
{"target": -11.853281179122973, "params": {"E_EA": 69.65535484258658, "E_MC": 25.495737155474416, "J": 7.092865713719519}, "datetime": {"datetime": "2024-05-07 22:58:08", "elapsed": 40.931954, "delta": 16.154891}}
{"target": -8.380767426091634, "params": {"E_EA": 67.82536741768712, "E_MC": 24.809434673641906, "J": 5.641429373563664}, "datetime": {"datetime": "2024-05-07 22:58:21", "elapsed": 53.651314, "delta": 12.71936}}
{"target": -12.980041527656784, "params": {"E_EA": 66.22670133467328, "E_MC": 21.821476038508663, "J": 5.735233040276011}, "datetime": {"datetime": "2024-05-07 22:58:39", "elapsed": 71.419789, "delta": 17.768475}}
{"target": -7.1744337256597195, "params": {"E_EA": 62.78243135890144, "E_MC": 20.942771874125256, "J": 4.898801642080305}, "datetime": {"datetime": "2024-05-07 22:58:54", "elapsed": 86.627052, "delta": 15.207263}}
{"target": -12.418092778063198, "params": {"E_EA": 65.51878905337693, "E_MC": 20.656925326722764, "J": 5.145228546739897}, "datetime": {"datetime": "2024-05-07 22:59:08", "elapsed": 0.0, "delta": 0.0}}
{"target": -6.191552443805824, "params": {"E_EA": 63.43590313390854, "E_MC": 22.702020977425853, "J": 6.987160977560776}, "datetime": {"datetime": "2024-05-07 22:59:12", "elapsed": 104.937742, "delta": 18.31069}}
{"target": -6.244767345001159, "params": {"E_EA": 54.95169304504667, "E_MC": 15.587384948194057, "J": 4.311355395188919}, "datetime": {"datetime": "2024-05-07 22:59:25", "elapsed": 17.573248, "delta": 17.573248}}
{"target": -4.55668823267024, "params": {"E_EA": 57.32957270374051, "E_MC": 20.625929854584957, "J": 6.330030734743936}, "datetime": {"datetime": "2024-05-07 22:59:26", "elapsed": 118.468538, "delta": 13.530796}}
{"target": -10.89812053867053, "params": {"E_EA": 58.90378624923282, "E_MC": 26.541970116505777, "J": 8.469776516866926}, "datetime": {"datetime": "2024-05-07 22:59:36", "elapsed": 28.598022, "delta": 11.024774}}
{"target": -5.215433742782317, "params": {"E_EA": 57.88303734172172, "E_MC": 17.799857004288405, "J": 4.831777812492987}, "datetime": {"datetime": "2024-05-07 22:59:37", "elapsed": 129.392017, "delta": 10.923479}}
{"target": -9.32615523729936, "params": {"E_EA": 72.58875298145375, "E_MC": 26.413290961346128, "J": 5.9174388894597385}, "datetime": {"datetime": "2024-05-07 22:59:46", "elapsed": 38.566576, "delta": 9.968554}}
{"target": -6.455187789466015, "params": {"E_EA": 56.73633411853151, "E_MC": 20.907248720892472, "J": 6.459850241050255}, "datetime": {"datetime": "2024-05-07 22:59:56", "elapsed": 48.200779, "delta": 9.634203}}
{"target": -8.532579308904658, "params": {"E_EA": 68.59090824645672, "E_MC": 27.558360846525783, "J": 6.713286221736809}, "datetime": {"datetime": "2024-05-07 23:00:09", "elapsed": 61.250359, "delta": 13.04958}}
{"target": -8.859551080097143, "params": {"E_EA": 69.27579521776875, "E_MC": 25.545686341803744, "J": 5.914983795415356}, "datetime": {"datetime": "2024-05-07 23:00:18", "elapsed": 70.477298, "delta": 9.226939}}
{"target": -8.300281537458606, "params": {"E_EA": 64.07183685512678, "E_MC": 22.81321589426972, "J": 7.05269786568437}, "datetime": {"datetime": "2024-05-07 23:00:35", "elapsed": 87.557977, "delta": 17.080679}}
{"target": -8.738300458162444, "params": {"E_EA": 66.55425467985428, "E_MC": 23.12689600710531, "J": 6.247665619017994}, "datetime": {"datetime": "2024-05-07 23:00:47", "elapsed": 98.845279, "delta": 11.287302}}
{"target": -8.162183245661934, "params": {"E_EA": 53.36666807447925, "E_MC": 16.186665589690328, "J": 4.781169537871651}, "datetime": {"datetime": "2024-05-07 23:01:03", "elapsed": 115.772879, "delta": 16.9276}}
{"target": -12.259811910321849, "params": {"E_EA": 65.91298551812227, "E_MC": 28.054406718870847, "J": 7.187940577758681}, "datetime": {"datetime": "2024-05-07 23:01:18", "elapsed": 0.0, "delta": 0.0}}
