{"target": -15.118664420442531, "params": {"E_EA": 62.76576273830453, "E_MC": 29.817237289985442, "J": 11.970165551868213}, "datetime": {"datetime": "2024-05-07 21:56:56", "elapsed": 0.0, "delta": 0.0}}
{"target": -23.472116681782484, "params": {"E_EA": 122.9613978426836, "E_MC": 27.063080523694698, "J": -11.099912450838087}, "datetime": {"datetime": "2024-05-07 21:57:00", "elapsed": 35.640704, "delta": 5.140089}}
{"target": -7.168836136181454, "params": {"E_EA": 53.554099053707375, "E_MC": 18.12767070123887, "J": 6.776322357057328}, "datetime": {"datetime": "2024-05-07 21:57:01", "elapsed": 4.968584, "delta": 4.968584}}
{"target": -24.46022267635565, "params": {"E_EA": 126.86954825292273, "E_MC": 10.637652937710104, "J": -19.877703960824014}, "datetime": {"datetime": "2024-05-07 21:57:04", "elapsed": 40.049514, "delta": 4.40881}}
{"target": -22.118675356479702, "params": {"E_EA": 127.62013865771708, "E_MC": 14.286495081750838, "J": -19.480482129682862}, "datetime": {"datetime": "2024-05-07 21:57:06", "elapsed": 9.807894, "delta": 4.83931}}
{"target": -13.02168651708817, "params": {"E_EA": 70.59550586485645, "E_MC": 20.93496907475607, "J": 2.3921283990341315}, "datetime": {"datetime": "2024-05-07 21:57:09", "elapsed": 45.084791, "delta": 5.035277}}
{"target": -45.2697387550266, "params": {"E_EA": 69.68691063829264, "E_MC": 28.295912101705373, "J": 11.349693635892656}, "datetime": {"datetime": "2024-05-07 21:57:10", "elapsed": 14.532133, "delta": 4.724239}}
{"target": -26.770105766525727, "params": {"E_EA": 83.1068954921211, "E_MC": 29.537573054722625, "J": 1.984148347961721}, "datetime": {"datetime": "2024-05-07 21:57:15", "elapsed": 19.371447, "delta": 4.839314}}
{"target": -46.833969961572635, "params": {"E_EA": 62.054565903103004, "E_MC": 25.951017729929436, "J": 12.934400288373155}, "datetime": {"datetime": "2024-05-07 21:57:19", "elapsed": 23.390769, "delta": 4.019322}}
{"target": -28.860228481405493, "params": {"E_EA": 130.19710804615983, "E_MC": 21.79054008002522, "J": -13.26592059201841}, "datetime": {"datetime": "2024-05-07 21:57:23", "elapsed": 27.410099, "delta": 4.01933}}
{"target": -27.858291798367134, "params": {"E_EA": 70.21314419851967, "E_MC": 25.669937818059065, "J": 3.600516204871994}, "datetime": {"datetime": "2024-05-07 21:57:29", "elapsed": 33.520053, "delta": 6.109954}}
{"target": -20.178035524065308, "params": {"E_EA": 78.0882769775865, "E_MC": 29.826934470815182, "J": 4.347605057437967}, "datetime": {"datetime": "2024-05-07 21:57:34", "elapsed": 38.107153, "delta": 4.5871}}
{"target": -21.248955168414994, "params": {"E_EA": 121.77140671993237, "E_MC": 28.481496381760397, "J": -10.727569109090727}, "datetime": {"datetime": "2024-05-07 21:57:39", "elapsed": 43.096425, "delta": 4.989272}}
{"target": -15.18972862283923, "params": {"E_EA": 72.74458524831368, "E_MC": 22.114711190329736, "J": 3.3994065695605116}, "datetime": {"datetime": "2024-05-07 21:57:58", "elapsed": 0.0, "delta": 0.0}}
{"target": -9.930706721776419, "params": {"E_EA": 56.50385733232157, "E_MC": 20.320646524867037, "J": 5.612850192939092}, "datetime": {"datetime": "2024-05-07 21:58:04", "elapsed": 5.378271, "delta": 5.378271}}
{"target": -17.85012102409533, "params": {"E_EA": 60.50513902343746, "E_MC": 18.808630492406298, "J": 6.19969064400356}, "datetime": {"datetime": "2024-05-07 21:58:09", "elapsed": 10.16735, "delta": 4.789079}}
{"target": -23.490919505172393, "params": {"E_EA": 60.19007454730783, "E_MC": 13.95686348964572, "J": 0.6765562704761763}, "datetime": {"datetime": "2024-05-07 21:58:14", "elapsed": 15.862548, "delta": 5.695198}}
{"target": -25.417467972809984, "params": {"E_EA": 122.25027640315568, "E_MC": 26.524794943268912, "J": -7.874692418473067}, "datetime": {"datetime": "2024-05-07 21:58:19", "elapsed": 20.7935, "delta": 4.930952}}
{"target": -21.984245957894043, "params": {"E_EA": 71.54792493007744, "E_MC": 20.317762820913533, "J": 0.6603033988238849}, "datetime": {"datetime": "2024-05-07 21:58:25", "elapsed": 26.198619, "delta": 5.405119}}
{"target": -42.99845479171197, "params": {"E_EA": 48.728660116947516, "E_MC": 17.645709291295727, "J": 5.1847043563533735}, "datetime": {"datetime": "2024-05-07 21:58:31", "elapsed": 32.270037, "delta": 6.071418}}
{"target": -21.913097080145114, "params": {"E_EA": 122.83345371013245, "E_MC": 18.9859123756806, "J": -16.382625562241223}, "datetime": {"datetime": "2024-05-07 21:58:35", "elapsed": 37.07713, "delta": 4.807093}}
{"target": -8.138366752195928, "params": {"E_EA": 57.51563431112704, "E_MC": 17.862919351062065, "J": 5.816475949363316}, "datetime": {"datetime": "2024-05-07 21:58:41", "elapsed": 43.058307, "delta": 5.981177}}
{"target": -21.9695773367272, "params": {"E_EA": 125.1982773802392, "E_MC": 15.646587573218998, "J": -16.886925675557336}, "datetime": {"datetime": "2024-05-07 21:58:46", "elapsed": 47.370658, "delta": 4.312351}}
{"target": -6.679118132511837, "params": {"E_EA": 66.96125943811388, "E_MC": 29.91808192159278, "J": 10.164460786307185}, "datetime": {"datetime": "2024-05-07 21:59:20", "elapsed": 0.0, "delta": 0.0}}
{"target": -33.700006656989736, "params": {"E_EA": 130.01351974789378, "E_MC": 13.031796592789851, "J": -16.97640734195648}, "datetime": {"datetime": "2024-05-07 21:59:24", "elapsed": 3.948587, "delta": 3.948587}}
{"target": -26.82030089155071, "params": {"E_EA": 82.36688533706703, "E_MC": 28.428906736240133, "J": 6.207312417229588}, "datetime": {"datetime": "2024-05-07 21:59:28", "elapsed": 8.234495, "delta": 4.285908}}
{"target": -19.2861300311179, "params": {"E_EA": 106.39665935622655, "E_MC": 21.548768426603562, "J": -8.259155434484118}, "datetime": {"datetime": "2024-05-07 21:59:32", "elapsed": 12.651447, "delta": 4.416952}}
{"target": -25.15918586099129, "params": {"E_EA": 108.77146333100602, "E_MC": 20.539691724814656, "J": -7.699694119863406}, "datetime": {"datetime": "2024-05-07 21:59:39", "elapsed": 18.753968, "delta": 6.102521}}
{"target": -29.2178431364902, "params": {"E_EA": 103.72548379617662, "E_MC": 22.290221151066387, "J": -9.72243276581407}, "datetime": {"datetime": "2024-05-07 21:59:43", "elapsed": 0.0, "delta": 0.0}}
{"target": -24.204416554740536, "params": {"E_EA": 104.05330545538071, "E_MC": 21.492532649937736, "J": -7.1178374241667015}, "datetime": {"datetime": "2024-05-07 21:59:43", "elapsed": 23.070318, "delta": 4.31635}}
{"target": -24.45446973203068, "params": {"E_EA": 119.28799293221135, "E_MC": 29.249893600859373, "J": -10.113091193774629}, "datetime": {"datetime": "2024-05-07 21:59:47", "elapsed": 4.827935, "delta": 4.827935}}
{"target": -31.232051986112964, "params": {"E_EA": 105.03095825721341, "E_MC": 22.33456173555519, "J": -10.16161869456198}, "datetime": {"datetime": "2024-05-07 21:59:48", "elapsed": 27.951649, "delta": 4.881331}}
{"target": -23.334677381545546, "params": {"E_EA": 125.29621867652062, "E_MC": 17.634089745378233, "J": -15.397890427172637}, "datetime": {"datetime": "2024-05-07 21:59:52", "elapsed": 9.526454, "delta": 4.698519}}
{"target": -25.87498904726999, "params": {"E_EA": 127.56349049193767, "E_MC": 23.06140213585824, "J": -16.689110613139356}, "datetime": {"datetime": "2024-05-07 21:59:54", "elapsed": 33.84727, "delta": 5.895621}}
{"target": -32.89427969264594, "params": {"E_EA": 104.51109616002094, "E_MC": 20.01481857298721, "J": -6.131028740902558}, "datetime": {"datetime": "2024-05-07 21:59:57", "elapsed": 14.10133, "delta": 4.574876}}
{"target": -17.64993485296325, "params": {"E_EA": 56.13764921364647, "E_MC": 14.540671581188324, "J": 4.421943697081218}, "datetime": {"datetime": "2024-05-07 21:59:59", "elapsed": 39.37811, "delta": 5.53084}}
{"target": -37.885281047418445, "params": {"E_EA": 55.796009552232775, "E_MC": 30.0, "J": 11.606902373502487}, "datetime": {"datetime": "2024-05-07 22:00:04", "elapsed": 21.077278, "delta": 6.975948}}
{"target": -48.48862627687786, "params": {"E_EA": 65.70532410604667, "E_MC": 25.806222260941, "J": 11.184811739158121}, "datetime": {"datetime": "2024-05-07 22:00:05", "elapsed": 45.207958, "delta": 5.829848}}
{"target": -23.325064307849537, "params": {"E_EA": 113.31900928819626, "E_MC": 16.808456201084113, "J": -13.061230005480416}, "datetime": {"datetime": "2024-05-07 22:00:10", "elapsed": 26.995383, "delta": 5.918105}}
{"target": -27.478269015076005, "params": {"E_EA": 109.19801388124189, "E_MC": 20.57170192599459, "J": -7.677575183741116}, "datetime": {"datetime": "2024-05-07 22:00:15", "elapsed": 32.404747, "delta": 5.409364}}
{"target": -20.86995105271595, "params": {"E_EA": 100.38938858647897, "E_MC": 26.35317555542489, "J": -2.503357121587044}, "datetime": {"datetime": "2024-05-07 22:00:20", "elapsed": 37.175987, "delta": 4.77124}}
{"target": -17.373280141557398, "params": {"E_EA": 101.86470459258307, "E_MC": 25.534883429523852, "J": -4.813931574650741}, "datetime": {"datetime": "2024-05-07 22:00:25", "elapsed": 42.241826, "delta": 5.065839}}
{"target": -18.62563564112759, "params": {"E_EA": 56.05727460283241, "E_MC": 14.237386026141587, "J": 4.252368909672427}, "datetime": {"datetime": "2024-05-07 22:00:29", "elapsed": 46.708991, "delta": 4.467165}}
{"target": -4.464484963748431, "params": {"E_EA": 64.14763750108087, "E_MC": 26.904635756903055, "J": 7.845747266206537}, "datetime": {"datetime": "2024-05-07 22:01:08", "elapsed": 0.0, "delta": 0.0}}
{"target": -35.49614789027721, "params": {"E_EA": 102.53906653041504, "E_MC": 23.483745646516816, "J": -2.85358876815409}, "datetime": {"datetime": "2024-05-07 22:01:12", "elapsed": 4.098723, "delta": 4.098723}}
{"target": -30.874797101098, "params": {"E_EA": 123.63282541765369, "E_MC": 20.946152682696805, "J": -18.759335866467623}, "datetime": {"datetime": "2024-05-07 22:01:18", "elapsed": 10.355656, "delta": 6.256933}}
{"target": -49.019236944566295, "params": {"E_EA": 57.33962071168323, "E_MC": 23.472945478174825, "J": 12.719835885713216}, "datetime": {"datetime": "2024-05-07 22:01:23", "elapsed": 15.425286, "delta": 5.06963}}
{"target": -32.582081108497356, "params": {"E_EA": 100.40845051088765, "E_MC": 26.700897358462896, "J": -6.8664869492323355}, "datetime": {"datetime": "2024-05-07 22:01:30", "elapsed": 21.694813, "delta": 6.269527}}
{"target": -21.824145745517974, "params": {"E_EA": 145.06431514329122, "E_MC": 21.47492608097631, "J": -18.853993260434688}, "datetime": {"datetime": "2024-05-07 22:01:34", "elapsed": 26.095433, "delta": 4.40062}}
{"target": -24.211441749749923, "params": {"E_EA": 102.80573941744642, "E_MC": 27.579125179537996, "J": -4.262346170738386}, "datetime": {"datetime": "2024-05-07 22:01:39", "elapsed": 31.186506, "delta": 5.091073}}
{"target": -18.10702112564567, "params": {"E_EA": 101.2346964013047, "E_MC": 28.708701952574152, "J": -1.357621499910067}, "datetime": {"datetime": "2024-05-07 22:01:44", "elapsed": 36.118819, "delta": 4.932313}}
{"target": -26.096023653539234, "params": {"E_EA": 117.63374618853855, "E_MC": 26.140382295757078, "J": -10.644929820635621}, "datetime": {"datetime": "2024-05-07 22:01:49", "elapsed": 41.026951, "delta": 4.908132}}
{"target": -22.14929856347599, "params": {"E_EA": 113.16311454747941, "E_MC": 20.769215844379783, "J": -11.899902168785616}, "datetime": {"datetime": "2024-05-07 22:01:54", "elapsed": 46.015539, "delta": 4.988588}}
{"target": -4.240883246353815, "params": {"E_EA": 58.56334489474112, "E_MC": 20.315315718777455, "J": 6.330305937645171}, "datetime": {"datetime": "2024-05-07 22:02:14", "elapsed": 0.0, "delta": 0.0}}
{"target": -30.95493657914785, "params": {"E_EA": 115.25451285077047, "E_MC": 18.06705098744678, "J": -10.584456297657967}, "datetime": {"datetime": "2024-05-07 22:02:19", "elapsed": 4.800285, "delta": 4.800285}}
{"target": -5.490385378884548, "params": {"E_EA": 59.99596692187536, "E_MC": 20.932880698553575, "J": 6.733718896794777}, "datetime": {"datetime": "2024-05-07 22:02:24", "elapsed": 10.565966, "delta": 5.765681}}
{"target": -39.044178722094856, "params": {"E_EA": 102.93918413753404, "E_MC": 27.02993250166653, "J": -0.5424204820027576}, "datetime": {"datetime": "2024-05-07 22:02:29", "elapsed": 15.486814, "delta": 4.920848}}
{"target": -22.75573103232275, "params": {"E_EA": 148.67107735172604, "E_MC": 23.480487697526446, "J": -18.814484264682886}, "datetime": {"datetime": "2024-05-07 22:02:35", "elapsed": 21.312252, "delta": 5.825438}}
{"target": -38.71804293451187, "params": {"E_EA": 147.099929942732, "E_MC": 21.407577392785868, "J": -16.48143243456465}, "datetime": {"datetime": "2024-05-07 22:02:39", "elapsed": 25.473467, "delta": 4.161215}}
{"target": -18.873392259077153, "params": {"E_EA": 120.79094108873575, "E_MC": 17.824703675223645, "J": -14.844693796505481}, "datetime": {"datetime": "2024-05-07 22:02:45", "elapsed": 30.844179, "delta": 5.370712}}
{"target": -16.85367743241583, "params": {"E_EA": 66.66435705688406, "E_MC": 17.949606896525385, "J": 1.730963112672643}, "datetime": {"datetime": "2024-05-07 22:02:51", "elapsed": 37.12037, "delta": 6.276191}}
{"target": -18.79967434149041, "params": {"E_EA": 80.1783413436976, "E_MC": 26.157046840838508, "J": 4.046551276212259}, "datetime": {"datetime": "2024-05-07 22:02:53", "elapsed": 0.0, "delta": 0.0}}
{"target": -4.939763301467396, "params": {"E_EA": 56.93821612833706, "E_MC": 19.773371008637522, "J": 6.841174753188515}, "datetime": {"datetime": "2024-05-07 22:02:56", "elapsed": 41.847244, "delta": 4.726874}}
{"target": -33.06601693520661, "params": {"E_EA": 122.31569595261828, "E_MC": 17.723896985295955, "J": -12.619696994969157}, "datetime": {"datetime": "2024-05-07 22:02:58", "elapsed": 5.608173, "delta": 5.608173}}
{"target": -33.08692934421991, "params": {"E_EA": 123.14154974839677, "E_MC": 17.48332591462811, "J": -12.801302474304016}, "datetime": {"datetime": "2024-05-07 22:03:01", "elapsed": 47.244462, "delta": 5.397218}}
{"target": -29.356590538084998, "params": {"E_EA": 98.21446994941336, "E_MC": 24.163032910634364, "J": -1.9782542238432619}, "datetime": {"datetime": "2024-05-07 22:03:04", "elapsed": 11.250357, "delta": 5.642184}}
{"target": -22.150217779291392, "params": {"E_EA": 147.56614877168744, "E_MC": 26.57650736698426, "J": -18.278342929426916}, "datetime": {"datetime": "2024-05-07 22:03:08", "elapsed": 15.65078, "delta": 4.400423}}
{"target": -23.986062644332208, "params": {"E_EA": 68.94609528536829, "E_MC": 21.615932206026685, "J": 2.032756858009691}, "datetime": {"datetime": "2024-05-07 22:03:15", "elapsed": 22.080951, "delta": 6.430171}}
{"target": -23.694467554065483, "params": {"E_EA": 119.93303433721913, "E_MC": 20.241377634281527, "J": -14.815726872035565}, "datetime": {"datetime": "2024-05-07 22:03:21", "elapsed": 28.193204, "delta": 6.112253}}
{"target": -9.512070858995918, "params": {"E_EA": 59.61859794902778, "E_MC": 27.067278243658645, "J": 8.809749737522097}, "datetime": {"datetime": "2024-05-07 22:03:27", "elapsed": 34.277186, "delta": 6.083982}}
{"target": -5.360577030038057, "params": {"E_EA": 66.4751141847675, "E_MC": 27.393548954937454, "J": 8.551781353603548}, "datetime": {"datetime": "2024-05-07 22:03:32", "elapsed": 39.557709, "delta": 5.280523}}
{"target": -20.386503845180073, "params": {"E_EA": 110.60912410369151, "E_MC": 16.387826005772048, "J": -11.727448414040369}, "datetime": {"datetime": "2024-05-07 22:03:37", "elapsed": 44.040056, "delta": 4.482347}}
{"target": -62.22743222269794, "params": {"E_EA": 112.14968264863697, "E_MC": 15.8610149839413, "J": -8.946998432179258}, "datetime": {"datetime": "2024-05-07 22:03:41", "elapsed": 47.984267, "delta": 3.944211}}
{"target": -18.884696151330907, "params": {"E_EA": 142.45819998153314, "E_MC": 21.11487888207896, "J": -20.0}, "datetime": {"datetime": "2024-05-07 22:03:42", "elapsed": 0.0, "delta": 0.0}}
{"target": -14.846952115316101, "params": {"E_EA": 53.381579048142015, "E_MC": 20.698390722244287, "J": 6.918533822663671}, "datetime": {"datetime": "2024-05-07 22:03:48", "elapsed": 5.793436, "delta": 5.793436}}
{"target": -25.587321006753022, "params": {"E_EA": 143.34733716420232, "E_MC": 23.473670883218176, "J": -20.0}, "datetime": {"datetime": "2024-05-07 22:03:53", "elapsed": 11.393516, "delta": 5.60008}}
{"target": -24.876762829312785, "params": {"E_EA": 142.45313041203661, "E_MC": 21.122665438182768, "J": -17.441245313898513}, "datetime": {"datetime": "2024-05-07 22:03:57", "elapsed": 15.653428, "delta": 4.259912}}
{"target": -19.34199673071486, "params": {"E_EA": 139.9640345760601, "E_MC": 20.492293860038327, "J": -18.99988741811432}, "datetime": {"datetime": "2024-05-07 22:04:04", "elapsed": 22.570312, "delta": 6.916884}}
{"target": -24.274843442887917, "params": {"E_EA": 141.44229790135802, "E_MC": 18.83982771747928, "J": -19.013571531535916}, "datetime": {"datetime": "2024-05-07 22:04:10", "elapsed": 28.118958, "delta": 5.548646}}
{"target": -19.712231318127728, "params": {"E_EA": 137.0896412333201, "E_MC": 19.90764929481971, "J": -18.223170218512532}, "datetime": {"datetime": "2024-05-07 22:04:14", "elapsed": 32.362234, "delta": 4.243276}}
{"target": -20.453249654970882, "params": {"E_EA": 138.30668913752433, "E_MC": 22.056166901482833, "J": -17.42434790848028}, "datetime": {"datetime": "2024-05-07 22:04:19", "elapsed": 37.113028, "delta": 4.750794}}
{"target": -32.72423624360799, "params": {"E_EA": 138.45996750230097, "E_MC": 20.583869206106534, "J": -14.961014841245621}, "datetime": {"datetime": "2024-05-07 22:04:22", "elapsed": 40.667351, "delta": 3.554323}}
{"target": -22.058779296590725, "params": {"E_EA": 138.82938368940586, "E_MC": 17.987790236662967, "J": -19.585568032660913}, "datetime": {"datetime": "2024-05-07 22:04:27", "elapsed": 45.0026, "delta": 4.335249}}
{"target": -22.93260445051253, "params": {"E_EA": 135.96841408615057, "E_MC": 21.61141150070152, "J": -19.08498281776422}, "datetime": {"datetime": "2024-05-07 22:04:36", "elapsed": 0.0, "delta": 0.0}}
{"target": -23.323585339184884, "params": {"E_EA": 119.60066525915198, "E_MC": 15.762312800229585, "J": -15.7338135649595}, "datetime": {"datetime": "2024-05-07 22:04:41", "elapsed": 5.028201, "delta": 5.028201}}
{"target": -23.0316981775212, "params": {"E_EA": 135.85878733893034, "E_MC": 18.385165193775233, "J": -20.0}, "datetime": {"datetime": "2024-05-07 22:04:45", "elapsed": 8.833395, "delta": 3.805194}}
{"target": -24.89915449899927, "params": {"E_EA": 134.52758671035826, "E_MC": 19.21047093927508, "J": -16.803392097226357}, "datetime": {"datetime": "2024-05-07 22:04:50", "elapsed": 13.770355, "delta": 4.93696}}
{"target": -28.970130014604127, "params": {"E_EA": 111.06034971524959, "E_MC": 18.955642526988935, "J": -13.743114993838802}, "datetime": {"datetime": "2024-05-07 22:04:55", "elapsed": 18.133373, "delta": 4.363018}}
{"target": -22.877742504472725, "params": {"E_EA": 110.20494155039343, "E_MC": 15.66479241446658, "J": -14.34405374782457}, "datetime": {"datetime": "2024-05-07 22:04:58", "elapsed": 0.0, "delta": 0.0}}
{"target": -27.73007382880192, "params": {"E_EA": 137.2184896983481, "E_MC": 25.027760994654592, "J": -17.649675237581732}, "datetime": {"datetime": "2024-05-07 22:05:00", "elapsed": 23.999056, "delta": 5.865683}}
{"target": -32.64124319973827, "params": {"E_EA": 137.30057257873037, "E_MC": 17.611256302595745, "J": -17.001716268598397}, "datetime": {"datetime": "2024-05-07 22:05:02", "elapsed": 4.165106, "delta": 4.165106}}
{"target": -4.163173585759228, "params": {"E_EA": 56.330335543952415, "E_MC": 18.419721177599016, "J": 5.639171277499738}, "datetime": {"datetime": "2024-05-07 22:05:06", "elapsed": 29.272624, "delta": 5.273568}}
{"target": -28.81377928177567, "params": {"E_EA": 111.20248568931848, "E_MC": 19.432138085467248, "J": -13.240974393317874}, "datetime": {"datetime": "2024-05-07 22:05:07", "elapsed": 9.047155, "delta": 4.882049}}
{"target": -32.26436298611879, "params": {"E_EA": 137.146802493625, "E_MC": 17.106611060689225, "J": -17.420805943947755}, "datetime": {"datetime": "2024-05-07 22:05:10", "elapsed": 33.816903, "delta": 4.544279}}
{"target": -21.00367724244776, "params": {"E_EA": 75.96292560625201, "E_MC": 25.38803875733733, "J": 2.1150916031258333}, "datetime": {"datetime": "2024-05-07 22:05:12", "elapsed": 14.444239, "delta": 5.397084}}
{"target": -21.78076035196702, "params": {"E_EA": 111.56311924236792, "E_MC": 14.586106297617585, "J": -13.728348828644643}, "datetime": {"datetime": "2024-05-07 22:05:15", "elapsed": 38.496913, "delta": 4.68001}}
{"target": -23.793808062973408, "params": {"E_EA": 145.1509397750768, "E_MC": 25.89432669203236, "J": -16.461284576916057}, "datetime": {"datetime": "2024-05-07 22:05:18", "elapsed": 19.971471, "delta": 5.527232}}
{"target": -31.58371013993663, "params": {"E_EA": 112.08731189053601, "E_MC": 23.28392692171563, "J": -12.906972952781036}, "datetime": {"datetime": "2024-05-07 22:05:21", "elapsed": 44.808971, "delta": 6.312058}}
{"target": -7.721765885742193, "params": {"E_EA": 64.47059629705426, "E_MC": 29.986636842162582, "J": 8.862560470574476}, "datetime": {"datetime": "2024-05-07 22:05:23", "elapsed": 25.086512, "delta": 5.115041}}
{"target": -24.054118942908836, "params": {"E_EA": 150.0, "E_MC": 25.711491004670116, "J": -16.86121723624244}, "datetime": {"datetime": "2024-05-07 22:05:30", "elapsed": 31.984981, "delta": 6.898469}}
{"target": -23.30035788543524, "params": {"E_EA": 100.49999210096335, "E_MC": 28.858380758541813, "J": -3.3629725156421224}, "datetime": {"datetime": "2024-05-07 22:05:35", "elapsed": 36.918287, "delta": 4.933306}}
{"target": -30.916774187484314, "params": {"E_EA": 68.51657453283929, "E_MC": 20.931496988059997, "J": 5.569854880156956}, "datetime": {"datetime": "2024-05-07 22:05:41", "elapsed": 43.325898, "delta": 6.407611}}
{"target": -6.9386554944784855, "params": {"E_EA": 65.06845047025695, "E_MC": 24.724410686346335, "J": 7.55968531564184}, "datetime": {"datetime": "2024-05-07 22:05:46", "elapsed": 48.250878, "delta": 4.92498}}
