{"target": -11.249001685215667, "params": {"E_EA": 59.746127258615765, "E_MC": 27.63613477972088, "J": 10.309212218159757}, "datetime": {"datetime": "2024-05-07 21:49:48", "elapsed": 13.800463, "delta": 4.840114}}
{"target": -7.68577234481005, "params": {"E_EA": 58.31738315960633, "E_MC": 24.561447004630104, "J": 8.07682980652459}, "datetime": {"datetime": "2024-05-07 21:49:53", "elapsed": 18.891544, "delta": 5.091081}}
{"target": -22.26489905520833, "params": {"E_EA": 58.29693305593651, "E_MC": 25.862848797490006, "J": 7.123228272336224}, "datetime": {"datetime": "2024-05-07 21:49:59", "elapsed": 24.378789, "delta": 5.487245}}
{"target": -11.367069447309554, "params": {"E_EA": 61.568139448517215, "E_MC": 28.341604968933915, "J": 10.624553517767737}, "datetime": {"datetime": "2024-05-07 21:50:04", "elapsed": 29.18323, "delta": 4.804441}}
{"target": -18.931556074804057, "params": {"E_EA": 59.20023012674178, "E_MC": 25.909679671088195, "J": 11.326630174668459}, "datetime": {"datetime": "2024-05-07 21:50:04", "elapsed": 0.0, "delta": 0.0}}
{"target": -14.184490064393694, "params": {"E_EA": 61.51668817687213, "E_MC": 28.452001724917668, "J": 11.074792723359705}, "datetime": {"datetime": "2024-05-07 21:50:08", "elapsed": 4.45433, "delta": 4.45433}}
{"target": -16.253693286901132, "params": {"E_EA": 60.490409764785475, "E_MC": 26.044540696971517, "J": 10.869818210504569}, "datetime": {"datetime": "2024-05-07 21:50:09", "elapsed": 34.333426, "delta": 5.150196}}
{"target": -10.746309044602429, "params": {"E_EA": 59.233010223980926, "E_MC": 24.501592802296077, "J": 9.622963853725977}, "datetime": {"datetime": "2024-05-07 21:50:13", "elapsed": 9.147108, "delta": 4.692778}}
{"target": -10.170568417386013, "params": {"E_EA": 58.60384987551954, "E_MC": 24.331824390683767, "J": 9.452524947868312}, "datetime": {"datetime": "2024-05-07 21:50:14", "elapsed": 39.158301, "delta": 4.824875}}
{"target": -15.379065791346132, "params": {"E_EA": 56.46775894763044, "E_MC": 25.32730898270005, "J": 8.8671761886851}, "datetime": {"datetime": "2024-05-07 21:50:19", "elapsed": 14.724804, "delta": 5.577696}}
{"target": -7.053454855084366, "params": {"E_EA": 64.17006512114462, "E_MC": 30.0, "J": 10.33402527105481}, "datetime": {"datetime": "2024-05-07 21:50:19", "elapsed": 44.31728, "delta": 5.158979}}
{"target": -6.632058951088083, "params": {"E_EA": 67.17252160073718, "E_MC": 29.757767036016233, "J": 8.181991165491162}, "datetime": {"datetime": "2024-05-07 21:50:23", "elapsed": 19.126323, "delta": 4.401519}}
{"target": -4.6465553703634965, "params": {"E_EA": 59.25890010013703, "E_MC": 22.993021566913207, "J": 7.878541218223006}, "datetime": {"datetime": "2024-05-07 21:50:28", "elapsed": 23.692161, "delta": 4.565838}}
{"target": -17.871414952314773, "params": {"E_EA": 77.57073748618497, "E_MC": 24.942743335297347, "J": 2.7448084943072644}, "datetime": {"datetime": "2024-05-07 21:50:32", "elapsed": 27.661185, "delta": 3.969024}}
{"target": -11.603156141649448, "params": {"E_EA": 65.69995788129059, "E_MC": 29.7847696251254, "J": 11.141502525434372}, "datetime": {"datetime": "2024-05-07 21:50:36", "elapsed": 31.979048, "delta": 4.317863}}
{"target": -27.801848037617237, "params": {"E_EA": 67.17046524509091, "E_MC": 20.523691344134107, "J": 1.5978809036709691}, "datetime": {"datetime": "2024-05-07 21:50:40", "elapsed": 36.538443, "delta": 4.559395}}
{"target": -30.72003312471521, "params": {"E_EA": 65.07753120832146, "E_MC": 28.93678122120074, "J": 12.741964726122461}, "datetime": {"datetime": "2024-05-07 21:50:45", "elapsed": 0.0, "delta": 0.0}}
{"target": -16.531758926746065, "params": {"E_EA": 60.08997630645249, "E_MC": 30.0, "J": 10.658561543191142}, "datetime": {"datetime": "2024-05-07 21:50:45", "elapsed": 41.392614, "delta": 4.854171}}
{"target": -5.821282233005466, "params": {"E_EA": 58.19714710495213, "E_MC": 22.792728761469903, "J": 7.224020989442096}, "datetime": {"datetime": "2024-05-07 21:50:49", "elapsed": 4.874893, "delta": 4.874893}}
{"target": -14.464531713868, "params": {"E_EA": 56.061134030388615, "E_MC": 23.87965681550377, "J": 7.561747117872763}, "datetime": {"datetime": "2024-05-07 21:50:54", "elapsed": 9.585915, "delta": 4.711022}}
{"target": -13.994084856944328, "params": {"E_EA": 56.616856159409735, "E_MC": 23.579166268243096, "J": 9.76157560056821}, "datetime": {"datetime": "2024-05-07 21:50:58", "elapsed": 13.837838, "delta": 4.251923}}
{"target": -7.655246988949651, "params": {"E_EA": 56.3025531702875, "E_MC": 21.743891011632268, "J": 7.6917374324018795}, "datetime": {"datetime": "2024-05-07 21:51:03", "elapsed": 18.195753, "delta": 4.357915}}
{"target": -33.273199724496386, "params": {"E_EA": 57.48212512074746, "E_MC": 22.54379188964587, "J": 5.064721978351848}, "datetime": {"datetime": "2024-05-07 21:51:08", "elapsed": 0.0, "delta": 0.0}}
{"target": -13.442350575076029, "params": {"E_EA": 54.988373758575435, "E_MC": 22.37915313331838, "J": 8.814844467927147}, "datetime": {"datetime": "2024-05-07 21:51:08", "elapsed": 23.279977, "delta": 5.084224}}
{"target": -23.14187131374534, "params": {"E_EA": 57.0905931007835, "E_MC": 27.71571565778627, "J": 8.881065964056315}, "datetime": {"datetime": "2024-05-07 21:51:13", "elapsed": 4.921348, "delta": 4.921348}}
{"target": -31.35533592936819, "params": {"E_EA": 56.50380670024719, "E_MC": 23.047850917375396, "J": 5.852249734301431}, "datetime": {"datetime": "2024-05-07 21:51:13", "elapsed": 28.319941, "delta": 5.039964}}
{"target": -28.21244972192306, "params": {"E_EA": 56.01888664820754, "E_MC": 20.388995417088665, "J": 9.205905077625289}, "datetime": {"datetime": "2024-05-07 21:51:17", "elapsed": 32.402666, "delta": 4.082725}}
{"target": -19.556087668456488, "params": {"E_EA": 57.994519481868025, "E_MC": 28.282582723802676, "J": 11.452159588539676}, "datetime": {"datetime": "2024-05-07 21:51:17", "elapsed": 9.548879, "delta": 4.627531}}
{"target": -16.664409121928532, "params": {"E_EA": 56.954078817497376, "E_MC": 25.4249647979346, "J": 10.925165235737362}, "datetime": {"datetime": "2024-05-07 21:51:22", "elapsed": 14.031754, "delta": 4.482875}}
{"target": -19.146216226632227, "params": {"E_EA": 58.7508493810424, "E_MC": 29.65595135889969, "J": 10.572218102974436}, "datetime": {"datetime": "2024-05-07 21:51:22", "elapsed": 37.336427, "delta": 4.933761}}
{"target": -37.34886136731914, "params": {"E_EA": 76.44646635068065, "E_MC": 21.857277100301573, "J": 4.065481899153923}, "datetime": {"datetime": "2024-05-07 21:51:25", "elapsed": 17.59912, "delta": 3.567366}}
{"target": -13.825706583761855, "params": {"E_EA": 60.77413383586259, "E_MC": 15.976836472917396, "J": 2.358674495608973}, "datetime": {"datetime": "2024-05-07 21:51:26", "elapsed": 41.707258, "delta": 4.370831}}
{"target": -26.964333153265777, "params": {"E_EA": 61.37674295242318, "E_MC": 16.820065453214063, "J": 1.5628284657455396}, "datetime": {"datetime": "2024-05-07 21:51:30", "elapsed": 21.919285, "delta": 4.320165}}
{"target": -7.499972552320538, "params": {"E_EA": 56.08502383717381, "E_MC": 22.159467970876342, "J": 8.114903519985667}, "datetime": {"datetime": "2024-05-07 21:51:34", "elapsed": 26.493057, "delta": 4.573772}}
{"target": -17.389756967028642, "params": {"E_EA": 74.52950158004116, "E_MC": 24.215649897596823, "J": 3.061496475152321}, "datetime": {"datetime": "2024-05-07 21:51:37", "elapsed": 0.0, "delta": 0.0}}
{"target": -17.065188465565623, "params": {"E_EA": 54.65091937508409, "E_MC": 22.929859071924632, "J": 8.963323934621528}, "datetime": {"datetime": "2024-05-07 21:51:39", "elapsed": 31.323983, "delta": 4.830926}}
{"target": -35.42149090796834, "params": {"E_EA": 59.36937868036473, "E_MC": 30.0, "J": 8.233136592146796}, "datetime": {"datetime": "2024-05-07 21:51:42", "elapsed": 5.811263, "delta": 5.811263}}
{"target": -4.485622902611184, "params": {"E_EA": 59.5347113164984, "E_MC": 19.849078472486333, "J": 5.483599632692332}, "datetime": {"datetime": "2024-05-07 21:51:43", "elapsed": 35.847397, "delta": 4.523414}}
{"target": -13.109479124364935, "params": {"E_EA": 54.95997546541604, "E_MC": 21.688985189452357, "J": 7.095545056757807}, "datetime": {"datetime": "2024-05-07 21:51:47", "elapsed": 10.662376, "delta": 4.851113}}
{"target": -7.438280922492146, "params": {"E_EA": 59.32000171386468, "E_MC": 18.071686990743746, "J": 5.044798838542981}, "datetime": {"datetime": "2024-05-07 21:51:48", "elapsed": 40.047468, "delta": 4.200071}}
{"target": -24.44779148148357, "params": {"E_EA": 59.58831062132251, "E_MC": 29.40061718221751, "J": 13.063051300837031}, "datetime": {"datetime": "2024-05-07 21:51:52", "elapsed": 15.676563, "delta": 5.014187}}
{"target": -21.708857111736236, "params": {"E_EA": 54.50311413588176, "E_MC": 24.41398417164629, "J": 9.456430974632738}, "datetime": {"datetime": "2024-05-07 21:51:57", "elapsed": 20.758764, "delta": 5.082201}}
{"target": -27.31754227000295, "params": {"E_EA": 60.23831093581188, "E_MC": 16.513870472947623, "J": 4.820594175821931}, "datetime": {"datetime": "2024-05-07 21:52:02", "elapsed": 25.550484, "delta": 4.79172}}
{"target": -44.38842297839436, "params": {"E_EA": 63.53603157145914, "E_MC": 28.803850088114057, "J": 6.185405798580149}, "datetime": {"datetime": "2024-05-07 21:52:07", "elapsed": 30.522429, "delta": 4.971945}}
{"target": -11.854131836227063, "params": {"E_EA": 71.92030329672144, "E_MC": 24.049650824862457, "J": 4.402943945007692}, "datetime": {"datetime": "2024-05-07 21:52:12", "elapsed": 35.346503, "delta": 4.824074}}
{"target": -4.076033807182036, "params": {"E_EA": 57.6945904056828, "E_MC": 19.30248700693909, "J": 5.828713442149862}, "datetime": {"datetime": "2024-05-07 21:52:15", "elapsed": 0.0, "delta": 0.0}}
{"target": -49.58557687482436, "params": {"E_EA": 71.61513070646193, "E_MC": 23.416928363034916, "J": 7.069311963584305}, "datetime": {"datetime": "2024-05-07 21:52:16", "elapsed": 38.984762, "delta": 3.638259}}
{"target": -21.83159538944032, "params": {"E_EA": 57.12161796427929, "E_MC": 18.587931359079064, "J": 3.957843908406357}, "datetime": {"datetime": "2024-05-07 21:52:20", "elapsed": 4.865241, "delta": 4.865241}}
{"target": -5.039788371555946, "params": {"E_EA": 62.48667734817465, "E_MC": 27.43561552868194, "J": 8.71280956734661}, "datetime": {"datetime": "2024-05-07 21:52:21", "elapsed": 43.910823, "delta": 4.926061}}
{"target": -5.43049935396306, "params": {"E_EA": 57.91082882216516, "E_MC": 21.328993638225892, "J": 6.485641547428159}, "datetime": {"datetime": "2024-05-07 21:52:25", "elapsed": 9.947133, "delta": 5.081892}}
{"target": -13.91722692013464, "params": {"E_EA": 76.54753698806803, "E_MC": 27.63453801197013, "J": 4.776661843599584}, "datetime": {"datetime": "2024-05-07 21:52:30", "elapsed": 14.717718, "delta": 4.770585}}
{"target": -12.853324495084314, "params": {"E_EA": 55.7407423930436, "E_MC": 19.17618687613568, "J": 5.023762381603021}, "datetime": {"datetime": "2024-05-07 21:52:35", "elapsed": 20.0029, "delta": 5.285182}}
{"target": -6.314624341656428, "params": {"E_EA": 56.324554066641724, "E_MC": 17.17811313436765, "J": 5.690298171482677}, "datetime": {"datetime": "2024-05-07 21:52:40", "elapsed": 24.893382, "delta": 4.890482}}
{"target": -8.067943733025, "params": {"E_EA": 54.7067196806252, "E_MC": 19.68731618279803, "J": 7.3767464189695815}, "datetime": {"datetime": "2024-05-07 21:52:45", "elapsed": 29.704985, "delta": 4.811603}}
{"target": -4.914704738488078, "params": {"E_EA": 54.86430056393332, "E_MC": 17.739732614503986, "J": 5.637125113257557}, "datetime": {"datetime": "2024-05-07 21:52:50", "elapsed": 34.358009, "delta": 4.653024}}
{"target": -5.706713333016395, "params": {"E_EA": 55.63005646410158, "E_MC": 19.95074686047709, "J": 6.576313473489094}, "datetime": {"datetime": "2024-05-07 21:52:55", "elapsed": 39.267318, "delta": 4.909309}}
{"target": -50.32230858913364, "params": {"E_EA": 55.613701445365464, "E_MC": 16.95174462293153, "J": 7.730792016579386}, "datetime": {"datetime": "2024-05-07 21:52:59", "elapsed": 0.0, "delta": 0.0}}
{"target": -18.81957269711036, "params": {"E_EA": 54.41243891919313, "E_MC": 16.266670775865336, "J": 6.410138711583997}, "datetime": {"datetime": "2024-05-07 21:53:00", "elapsed": 44.451411, "delta": 5.184093}}
{"target": -6.610158343274506, "params": {"E_EA": 55.690523649950755, "E_MC": 18.878660408065628, "J": 6.805328432095195}, "datetime": {"datetime": "2024-05-07 21:53:03", "elapsed": 4.530287, "delta": 4.530287}}
{"target": -6.621771347290645, "params": {"E_EA": 56.18606949303757, "E_MC": 16.111461230149587, "J": 4.142446245901617}, "datetime": {"datetime": "2024-05-07 21:53:08", "elapsed": 9.33893, "delta": 4.808643}}
{"target": -10.709324767509248, "params": {"E_EA": 53.11373121214482, "E_MC": 17.345844335765698, "J": 5.023315152748836}, "datetime": {"datetime": "2024-05-07 21:53:13", "elapsed": 14.154942, "delta": 4.816012}}
{"target": -23.69014146324185, "params": {"E_EA": 54.49167911668715, "E_MC": 17.06788103016266, "J": 3.6939670147129817}, "datetime": {"datetime": "2024-05-07 21:53:18", "elapsed": 19.281677, "delta": 5.126735}}
{"target": -36.47034233045785, "params": {"E_EA": 52.985197193402485, "E_MC": 19.29484610952443, "J": 4.836770734863531}, "datetime": {"datetime": "2024-05-07 21:53:24", "elapsed": 24.695103, "delta": 5.413426}}
{"target": -13.216433761708386, "params": {"E_EA": 52.44625491488866, "E_MC": 16.91277446132899, "J": 6.89828840335991}, "datetime": {"datetime": "2024-05-07 21:53:28", "elapsed": 29.501022, "delta": 4.805919}}
{"target": -14.592227096019682, "params": {"E_EA": 52.96697326821703, "E_MC": 19.63274465163572, "J": 8.194799350010204}, "datetime": {"datetime": "2024-05-07 21:53:33", "elapsed": 34.315295, "delta": 4.814273}}
{"target": -4.52190431325663, "params": {"E_EA": 58.97164949244643, "E_MC": 21.348621724945957, "J": 7.126316121021652}, "datetime": {"datetime": "2024-05-07 21:53:37", "elapsed": 38.649598, "delta": 4.334303}}
{"target": -37.24897951016114, "params": {"E_EA": 57.57898176204649, "E_MC": 15.610798034894971, "J": 5.593954657626448}, "datetime": {"datetime": "2024-05-07 21:53:43", "elapsed": 0.0, "delta": 0.0}}
{"target": -13.5082067636429, "params": {"E_EA": 54.983041988657, "E_MC": 15.626351731425174, "J": 5.477718270021924}, "datetime": {"datetime": "2024-05-07 21:53:43", "elapsed": 44.050844, "delta": 5.401246}}
{"target": -6.67925547199348, "params": {"E_EA": 52.467286185339766, "E_MC": 15.53319492348136, "J": 5.290493006085734}, "datetime": {"datetime": "2024-05-07 21:53:48", "elapsed": 5.453979, "delta": 5.453979}}
{"target": -13.303591684667978, "params": {"E_EA": 51.07274500056216, "E_MC": 16.6014277847789, "J": 5.271608341866615}, "datetime": {"datetime": "2024-05-07 21:53:53", "elapsed": 10.760299, "delta": 5.30632}}
{"target": -33.52630450081354, "params": {"E_EA": 50.8043646534098, "E_MC": 14.976479953908738, "J": 7.107875413374973}, "datetime": {"datetime": "2024-05-07 21:53:58", "elapsed": 15.61387, "delta": 4.853571}}
{"target": -12.216449357345208, "params": {"E_EA": 51.51263885837062, "E_MC": 14.053568695523287, "J": 3.857055005701767}, "datetime": {"datetime": "2024-05-07 21:54:04", "elapsed": 21.484287, "delta": 5.870417}}
{"target": -41.82562768155489, "params": {"E_EA": 52.539183066650736, "E_MC": 16.455157573643582, "J": 3.157730308859051}, "datetime": {"datetime": "2024-05-07 21:54:10", "elapsed": 27.111927, "delta": 5.62764}}
{"target": -9.367511968108808, "params": {"E_EA": 54.074174154225155, "E_MC": 14.445528537452802, "J": 4.3990927458097495}, "datetime": {"datetime": "2024-05-07 21:54:14", "elapsed": 31.936589, "delta": 4.824662}}
{"target": -26.159105767171866, "params": {"E_EA": 52.03275911141583, "E_MC": 13.424554839156817, "J": 5.275220349281078}, "datetime": {"datetime": "2024-05-07 21:54:20", "elapsed": 37.116635, "delta": 5.180046}}
{"target": -17.52502998379429, "params": {"E_EA": 52.745533966539405, "E_MC": 21.441557289995423, "J": 8.983277021055358}, "datetime": {"datetime": "2024-05-07 21:54:25", "elapsed": 42.202437, "delta": 5.085802}}
{"target": -46.16118832566402, "params": {"E_EA": 49.58863515005207, "E_MC": 13.92781008813536, "J": 2.7844150173399953}, "datetime": {"datetime": "2024-05-07 21:54:30", "elapsed": 47.848985, "delta": 5.646548}}
{"target": -29.39331103975301, "params": {"E_EA": 73.11249877617877, "E_MC": 25.932206918494984, "J": 3.090362407146504}, "datetime": {"datetime": "2024-05-07 21:54:49", "elapsed": 0.0, "delta": 0.0}}
{"target": -18.316350815464283, "params": {"E_EA": 50.71796426454093, "E_MC": 18.188197792289863, "J": 6.6935347587737795}, "datetime": {"datetime": "2024-05-07 21:54:54", "elapsed": 5.325985, "delta": 5.325985}}
{"target": -12.138126945695946, "params": {"E_EA": 77.11930482502862, "E_MC": 29.461014612369773, "J": 6.759785768977199}, "datetime": {"datetime": "2024-05-07 21:54:59", "elapsed": 9.711058, "delta": 4.385073}}
{"target": -14.113629023668281, "params": {"E_EA": 78.89291337488015, "E_MC": 28.673271686457213, "J": 5.258171292629996}, "datetime": {"datetime": "2024-05-07 21:55:03", "elapsed": 14.335446, "delta": 4.624388}}
{"target": -16.626301785545404, "params": {"E_EA": 58.92514423146768, "E_MC": 19.88817791045711, "J": 4.284878638673675}, "datetime": {"datetime": "2024-05-07 21:55:08", "elapsed": 19.438667, "delta": 5.103221}}
{"target": -16.285839366230572, "params": {"E_EA": 76.07517261115052, "E_MC": 30.0, "J": 5.3212349528973455}, "datetime": {"datetime": "2024-05-07 21:55:13", "elapsed": 24.359246, "delta": 4.920579}}
{"target": -15.426036341499447, "params": {"E_EA": 53.203964555513565, "E_MC": 13.619476353643135, "J": 2.837133761395208}, "datetime": {"datetime": "2024-05-07 21:55:19", "elapsed": 29.821916, "delta": 5.46267}}
{"target": -12.799374064885493, "params": {"E_EA": 55.09938601963295, "E_MC": 14.550265004343151, "J": 3.082325957160762}, "datetime": {"datetime": "2024-05-07 21:55:20", "elapsed": 0.0, "delta": 0.0}}
{"target": -14.950752839692314, "params": {"E_EA": 81.33094681150592, "E_MC": 27.9244318379741, "J": 4.138833630192089}, "datetime": {"datetime": "2024-05-07 21:55:24", "elapsed": 35.019787, "delta": 5.197871}}
{"target": -13.231023753698999, "params": {"E_EA": 70.20018012525654, "E_MC": 23.655246768271862, "J": 4.159514580034877}, "datetime": {"datetime": "2024-05-07 21:55:25", "elapsed": 5.244419, "delta": 5.244419}}
{"target": -14.538423502506246, "params": {"E_EA": 79.2233866330219, "E_MC": 30.0, "J": 7.014428754072303}, "datetime": {"datetime": "2024-05-07 21:55:28", "elapsed": 39.499704, "delta": 4.479917}}
{"target": -6.886998896991433, "params": {"E_EA": 57.71733657932065, "E_MC": 22.81854258895372, "J": 8.460701375481342}, "datetime": {"datetime": "2024-05-07 21:55:31", "elapsed": 10.73137, "delta": 5.486951}}
{"target": -31.163558963411454, "params": {"E_EA": 77.71297350267021, "E_MC": 29.695775257485725, "J": 8.98677920541083}, "datetime": {"datetime": "2024-05-07 21:55:33", "elapsed": 43.836369, "delta": 4.336665}}
{"target": -15.601987183906676, "params": {"E_EA": 81.14551476663283, "E_MC": 28.386224580330925, "J": 3.7851559422436907}, "datetime": {"datetime": "2024-05-07 21:55:36", "elapsed": 15.784956, "delta": 5.053586}}
{"target": -25.35687403404685, "params": {"E_EA": 83.35232945228705, "E_MC": 26.974511331747745, "J": 4.23365878933863}, "datetime": {"datetime": "2024-05-07 21:55:40", "elapsed": 20.509012, "delta": 4.724056}}
{"target": -23.745229280033897, "params": {"E_EA": 80.27369921114472, "E_MC": 29.930190519961993, "J": 3.412971077166894}, "datetime": {"datetime": "2024-05-07 21:55:45", "elapsed": 25.307426, "delta": 4.798414}}
{"target": -21.993921804145987, "params": {"E_EA": 50.81249863102998, "E_MC": 19.604885888448898, "J": 9.082595451541156}, "datetime": {"datetime": "2024-05-07 21:55:51", "elapsed": 30.844371, "delta": 5.536945}}
{"target": -19.34177949200284, "params": {"E_EA": 80.47089462346669, "E_MC": 29.960796324062798, "J": 7.080934993706265}, "datetime": {"datetime": "2024-05-07 21:55:55", "elapsed": 34.984118, "delta": 4.139747}}
{"target": -12.002504868451704, "params": {"E_EA": 53.09334955533399, "E_MC": 13.471173374788934, "J": 3.192383356781363}, "datetime": {"datetime": "2024-05-07 21:56:00", "elapsed": 40.446806, "delta": 5.462688}}
{"target": -31.760983256185508, "params": {"E_EA": 50.453209926396966, "E_MC": 21.12847131075978, "J": 7.1882020341270305}, "datetime": {"datetime": "2024-05-07 21:56:06", "elapsed": 46.654267, "delta": 6.207461}}
{"target": -41.27349339646517, "params": {"E_EA": 53.02570458800086, "E_MC": 19.65335666657943, "J": 10.613698828796446}, "datetime": {"datetime": "2024-05-07 21:56:24", "elapsed": 0.0, "delta": 0.0}}
{"target": -36.429989261044405, "params": {"E_EA": 56.01562549266881, "E_MC": 13.87920298175639, "J": 0.9867829834724731}, "datetime": {"datetime": "2024-05-07 21:56:30", "elapsed": 5.896968, "delta": 5.896968}}
{"target": -44.756932074444876, "params": {"E_EA": 53.62690166040055, "E_MC": 24.09508186618561, "J": 6.6276667979144435}, "datetime": {"datetime": "2024-05-07 21:56:35", "elapsed": 11.500934, "delta": 5.603966}}
{"target": -12.199747547176615, "params": {"E_EA": 68.95271846434352, "E_MC": 21.526642802242304, "J": 3.8006252050703466}, "datetime": {"datetime": "2024-05-07 21:56:40", "elapsed": 16.32482, "delta": 4.823886}}
{"target": -26.89643089641005, "params": {"E_EA": 124.0976375563378, "E_MC": 11.457453166290357, "J": -17.540931594229164}, "datetime": {"datetime": "2024-05-07 21:56:45", "elapsed": 20.832426, "delta": 4.507606}}
{"target": -25.622580600247293, "params": {"E_EA": 54.795398043344505, "E_MC": 25.453575847205432, "J": 11.873053338600066}, "datetime": {"datetime": "2024-05-07 21:56:50", "elapsed": 25.969917, "delta": 5.137491}}
{"target": -19.430717185823116, "params": {"E_EA": 127.87476917935061, "E_MC": 13.049516928710487, "J": -19.117457980956367}, "datetime": {"datetime": "2024-05-07 21:56:54", "elapsed": 30.500615, "delta": 4.530698}}
