{"target": -21.55327937236983, "params": {"E_EA": 123.58484029148191, "E_MC": 24.641680944863975, "J": -12.90621323489749}, "datetime": {"datetime": "2024-05-07 22:15:43", "elapsed": 0.0, "delta": 0.0}}
{"target": -100.0, "params": {"E_EA": 149.8900107691704, "E_MC": 29.351723260827953, "J": 12.942225974911345}, "datetime": {"datetime": "2024-05-07 22:15:45", "elapsed": 47.578518, "delta": 3.489507}}
{"target": -100.0, "params": {"E_EA": 31.4096460739022, "E_MC": 5.231232021386721, "J": -19.683307498903662}, "datetime": {"datetime": "2024-05-07 22:16:07", "elapsed": 69.450558, "delta": 21.87204}}
{"target": -26.58204299858666, "params": {"E_EA": 98.44111677994331, "E_MC": 3.067939093570388, "J": -15.464109486570283}, "datetime": {"datetime": "2024-05-07 22:16:12", "elapsed": 74.060661, "delta": 4.610103}}
{"target": -100.0, "params": {"E_EA": 20.140211366443435, "E_MC": 29.48607067095103, "J": 9.867455746616194}, "datetime": {"datetime": "2024-05-07 22:16:14", "elapsed": 30.458365, "delta": 30.458365}}
{"target": -100.0, "params": {"E_EA": 126.92931390970111, "E_MC": 3.5605569456133717, "J": 6.707964191613229}, "datetime": {"datetime": "2024-05-07 22:16:15", "elapsed": 77.484437, "delta": 3.423776}}
{"target": -30.363476900221677, "params": {"E_EA": 132.16876636662494, "E_MC": 17.100371472054555, "J": -16.46972875340977}, "datetime": {"datetime": "2024-05-07 22:16:22", "elapsed": 38.982169, "delta": 8.523804}}
{"target": -100.0, "params": {"E_EA": 149.2993482851519, "E_MC": 29.969087639128425, "J": 12.533702027647394}, "datetime": {"datetime": "2024-05-07 22:16:26", "elapsed": 42.421894, "delta": 3.439725}}
{"target": -100.0, "params": {"E_EA": 36.43751793947276, "E_MC": 29.20605221008368, "J": -2.9918298866130044}, "datetime": {"datetime": "2024-05-07 22:16:27", "elapsed": 88.898139, "delta": 11.413702}}
{"target": -100.0, "params": {"E_EA": 66.06379595794199, "E_MC": 3.313484401336704, "J": 19.758903801466168}, "datetime": {"datetime": "2024-05-07 22:16:30", "elapsed": 47.297304, "delta": 4.87541}}
{"target": -100.0, "params": {"E_EA": 64.97490929769823, "E_MC": 3.59134260686275, "J": 18.895545732175236}, "datetime": {"datetime": "2024-05-07 22:16:35", "elapsed": 97.082334, "delta": 8.184195}}
{"target": -100.0, "params": {"E_EA": 125.34536985687198, "E_MC": 3.46017189275699, "J": 6.83801988420759}, "datetime": {"datetime": "2024-05-07 22:16:35", "elapsed": 52.082372, "delta": 4.785068}}
{"target": -100.0, "params": {"E_EA": 34.4009116822921, "E_MC": 29.39858199468638, "J": -1.6442896427713407}, "datetime": {"datetime": "2024-05-07 22:16:52", "elapsed": 69.137998, "delta": 17.055626}}
{"target": -20.28445735306659, "params": {"E_EA": 104.28621094606888, "E_MC": 14.179592643459957, "J": -12.642343448872326}, "datetime": {"datetime": "2024-05-07 22:16:58", "elapsed": 75.128557, "delta": 5.990559}}
{"target": -21.261821221508267, "params": {"E_EA": 141.92480592537777, "E_MC": 24.283438617922194, "J": -16.329549559922334}, "datetime": {"datetime": "2024-05-07 22:17:04", "elapsed": 80.389507, "delta": 5.26095}}
{"target": -25.05549965951225, "params": {"E_EA": 113.20517613263475, "E_MC": 25.738791248708626, "J": -9.320327073432765}, "datetime": {"datetime": "2024-05-07 22:17:09", "elapsed": 86.078707, "delta": 5.6892}}
{"target": -55.19523795045274, "params": {"E_EA": 87.94110303468621, "E_MC": 9.033060481449972, "J": -17.4719827548881}, "datetime": {"datetime": "2024-05-07 22:17:09", "elapsed": 0.0, "delta": 0.0}}
{"target": -100.0, "params": {"E_EA": 106.64726145478019, "E_MC": 26.648623514367575, "J": 19.65254024841778}, "datetime": {"datetime": "2024-05-07 22:17:14", "elapsed": 5.008686, "delta": 5.008686}}
{"target": -100.0, "params": {"E_EA": 145.24991883798953, "E_MC": 4.29899088710052, "J": 19.943648184079812}, "datetime": {"datetime": "2024-05-07 22:17:41", "elapsed": 0.0, "delta": 0.0}}
{"target": -100.0, "params": {"E_EA": 20.19324629231132, "E_MC": 14.287191894655178, "J": 19.778791133506786}, "datetime": {"datetime": "2024-05-07 22:17:48", "elapsed": 38.672414, "delta": 33.663728}}
{"target": -23.800058660637426, "params": {"E_EA": 141.16054292240221, "E_MC": 23.844843600690005, "J": -15.960317432475835}, "datetime": {"datetime": "2024-05-07 22:17:53", "elapsed": 44.155647, "delta": 5.483233}}
{"target": -100.0, "params": {"E_EA": 141.8307880445981, "E_MC": 3.179059760184696, "J": 19.659209974939444}, "datetime": {"datetime": "2024-05-07 22:17:59", "elapsed": 50.085213, "delta": 5.929566}}
{"target": -23.62054414389027, "params": {"E_EA": 86.51609636757958, "E_MC": 26.314578392354843, "J": 2.7988240879609734}, "datetime": {"datetime": "2024-05-07 22:18:05", "elapsed": 55.711168, "delta": 5.625955}}
{"target": -20.36328113655015, "params": {"E_EA": 36.531261268869486, "E_MC": 3.610567318088913, "J": 1.2458908816002356}, "datetime": {"datetime": "2024-05-07 22:18:14", "elapsed": 33.20722, "delta": 33.20722}}
{"target": -28.781464651858407, "params": {"E_EA": 36.5413337808875, "E_MC": 3.1625641604999823, "J": 0.6907325432720697}, "datetime": {"datetime": "2024-05-07 22:18:38", "elapsed": 88.953568, "delta": 33.2424}}
{"target": -54.05813682460807, "params": {"E_EA": 39.433983890270994, "E_MC": 3.0153788552779734, "J": 0.39148629915497557}, "datetime": {"datetime": "2024-05-07 22:18:45", "elapsed": 64.549623, "delta": 31.342403}}
{"target": -100.0, "params": {"E_EA": 52.486142180572564, "E_MC": 4.039860462254962, "J": -19.60174286364062}, "datetime": {"datetime": "2024-05-07 22:18:47", "elapsed": 97.550229, "delta": 8.596661}}
{"target": -21.340062306328324, "params": {"E_EA": 114.38916527664661, "E_MC": 26.37975071055411, "J": -9.58417448238225}, "datetime": {"datetime": "2024-05-07 22:18:55", "elapsed": 105.46153, "delta": 7.911301}}
{"target": -24.37124445768635, "params": {"E_EA": 113.52940343109023, "E_MC": 28.529837134722143, "J": -7.2977577598571655}, "datetime": {"datetime": "2024-05-07 22:19:00", "elapsed": 110.58077, "delta": 5.11924}}
{"target": -59.63266315932827, "params": {"E_EA": 35.15939634862795, "E_MC": 4.636298288828435, "J": 3.9398980141340303}, "datetime": {"datetime": "2024-05-07 22:19:01", "elapsed": 0.0, "delta": 0.0}}
{"target": -61.22041115582381, "params": {"E_EA": 34.457567522423325, "E_MC": 5.864357602247644, "J": 2.128735798710526}, "datetime": {"datetime": "2024-05-07 22:19:18", "elapsed": 96.659619, "delta": 32.109996}}
{"target": -100.0, "params": {"E_EA": 38.25969440317125, "E_MC": 4.787237298459702, "J": -0.24957448713971075}, "datetime": {"datetime": "2024-05-07 22:19:32", "elapsed": 30.605989, "delta": 30.605989}}
{"target": -100.0, "params": {"E_EA": 53.545522562786864, "E_MC": 5.248336485450311, "J": -19.98039585603067}, "datetime": {"datetime": "2024-05-07 22:19:40", "elapsed": 38.988112, "delta": 8.382123}}
{"target": -100.0, "params": {"E_EA": 22.39251196091022, "E_MC": 16.912394075237458, "J": 19.896140282046623}, "datetime": {"datetime": "2024-05-07 22:19:48", "elapsed": 127.316292, "delta": 30.656673}}
{"target": -100.0, "params": {"E_EA": 69.77086880866125, "E_MC": 29.702485379432346, "J": -19.02925118645743}, "datetime": {"datetime": "2024-05-07 22:19:48", "elapsed": 47.137183, "delta": 8.149071}}
{"target": -100.0, "params": {"E_EA": 49.61127201186964, "E_MC": 6.449812674403317, "J": 19.840958695637184}, "datetime": {"datetime": "2024-05-07 22:19:52", "elapsed": 51.350894, "delta": 4.213711}}
{"target": -26.309776173821895, "params": {"E_EA": 113.19350285533551, "E_MC": 30.0, "J": -6.485230028304243}, "datetime": {"datetime": "2024-05-07 22:19:56", "elapsed": 134.838472, "delta": 7.52218}}
{"target": -23.624862160752063, "params": {"E_EA": 70.75108702713354, "E_MC": 14.957029509269484, "J": -0.0501836115362215}, "datetime": {"datetime": "2024-05-07 22:20:04", "elapsed": 142.658734, "delta": 7.820262}}
{"target": -37.36716109143851, "params": {"E_EA": 114.72184414510262, "E_MC": 28.369876153438135, "J": -12.126794254555211}, "datetime": {"datetime": "2024-05-07 22:20:05", "elapsed": 0.0, "delta": 0.0}}
{"target": -17.29694257140068, "params": {"E_EA": 107.7364918092895, "E_MC": 9.94186743007477, "J": -15.937758094874228}, "datetime": {"datetime": "2024-05-07 22:20:11", "elapsed": 5.267051, "delta": 5.267051}}
{"target": -100.0, "params": {"E_EA": 58.02623490006868, "E_MC": 13.266176874124426, "J": -19.69015632055031}, "datetime": {"datetime": "2024-05-07 22:20:11", "elapsed": 150.267728, "delta": 7.608994}}
{"target": -24.947054937020532, "params": {"E_EA": 87.32388600745618, "E_MC": 26.885745914747577, "J": 3.2203557564205845}, "datetime": {"datetime": "2024-05-07 22:20:15", "elapsed": 154.477129, "delta": 4.209401}}
{"target": -28.253313151858364, "params": {"E_EA": 106.82834004333137, "E_MC": 7.550347232059878, "J": -18.495689090029856}, "datetime": {"datetime": "2024-05-07 22:20:17", "elapsed": 11.510967, "delta": 6.243916}}
{"target": -100.0, "params": {"E_EA": 49.4294071241921, "E_MC": 3.247970271380097, "J": 18.085599525159715}, "datetime": {"datetime": "2024-05-07 22:20:18", "elapsed": 156.582455, "delta": 2.105326}}
{"target": -38.76363049075149, "params": {"E_EA": 108.27795861070278, "E_MC": 7.049613599425941, "J": -14.929029199944846}, "datetime": {"datetime": "2024-05-07 22:20:21", "elapsed": 15.985971, "delta": 4.475004}}
{"target": -100.0, "params": {"E_EA": 31.31055195949085, "E_MC": 3.108970867382075, "J": -0.397951986769133}, "datetime": {"datetime": "2024-05-07 22:20:23", "elapsed": 81.677869, "delta": 30.326975}}
{"target": -100.0, "params": {"E_EA": 133.11819642859777, "E_MC": 29.879714224884435, "J": 7.6015912421920575}, "datetime": {"datetime": "2024-05-07 22:20:25", "elapsed": 19.912315, "delta": 3.926344}}
{"target": -26.805070786949024, "params": {"E_EA": 113.2058360712618, "E_MC": 30.0, "J": -6.5123524703283024}, "datetime": {"datetime": "2024-05-07 22:20:29", "elapsed": 88.293746, "delta": 6.615877}}
{"target": -100.0, "params": {"E_EA": 87.18373999168723, "E_MC": 18.94856881098804, "J": 20.0}, "datetime": {"datetime": "2024-05-07 22:20:32", "elapsed": 26.027053, "delta": 6.114738}}
{"target": -100.0, "params": {"E_EA": 149.61458246523543, "E_MC": 3.4195144204413364, "J": -13.256837626555189}, "datetime": {"datetime": "2024-05-07 22:20:33", "elapsed": 91.498466, "delta": 3.20472}}
{"target": -100.0, "params": {"E_EA": 88.28955242962328, "E_MC": 19.228105565510266, "J": 19.91373553522382}, "datetime": {"datetime": "2024-05-07 22:20:37", "elapsed": 95.493551, "delta": 3.995085}}
{"target": -100.0, "params": {"E_EA": 147.98067311769276, "E_MC": 3.500950598422114, "J": -10.669866012922107}, "datetime": {"datetime": "2024-05-07 22:20:40", "elapsed": 34.872483, "delta": 8.84543}}
{"target": -31.35895308296988, "params": {"E_EA": 71.67234867512683, "E_MC": 11.958174098746541, "J": -5.613889301921876}, "datetime": {"datetime": "2024-05-07 22:20:46", "elapsed": 40.247159, "delta": 5.374676}}
{"target": -100.0, "params": {"E_EA": 39.82832512776221, "E_MC": 23.447064653904903, "J": -19.751658648151732}, "datetime": {"datetime": "2024-05-07 22:20:49", "elapsed": 107.774356, "delta": 12.280805}}
{"target": -100.0, "params": {"E_EA": 39.49658996194603, "E_MC": 24.570263542803893, "J": -18.710761344845082}, "datetime": {"datetime": "2024-05-07 22:20:57", "elapsed": 51.34044, "delta": 11.093281}}
{"target": -100.0, "params": {"E_EA": 38.832244299756766, "E_MC": 22.47978200180689, "J": -19.045447826686107}, "datetime": {"datetime": "2024-05-07 22:20:58", "elapsed": 0.0, "delta": 0.0}}
{"target": -100.0, "params": {"E_EA": 150.0, "E_MC": 19.2770797268373, "J": 1.3164655501339921}, "datetime": {"datetime": "2024-05-07 22:20:59", "elapsed": 53.612572, "delta": 2.272132}}
{"target": -100.0, "params": {"E_EA": 149.92919790482196, "E_MC": 18.653781144283567, "J": 0.4172437512487903}, "datetime": {"datetime": "2024-05-07 22:21:05", "elapsed": 6.99987, "delta": 6.99987}}
{"target": -21.57997845244593, "params": {"E_EA": 95.01834865779085, "E_MC": 13.539319990597285, "J": -10.604356029361481}, "datetime": {"datetime": "2024-05-07 22:21:10", "elapsed": 11.899718, "delta": 4.899848}}
{"target": -21.675578212693026, "params": {"E_EA": 92.95723449696206, "E_MC": 14.53602052501137, "J": -8.009150798335718}, "datetime": {"datetime": "2024-05-07 22:21:19", "elapsed": 21.398447, "delta": 9.498729}}
{"target": -30.12564162828621, "params": {"E_EA": 91.61778809531964, "E_MC": 13.03148699613201, "J": -11.603228457990502}, "datetime": {"datetime": "2024-05-07 22:21:29", "elapsed": 30.695794, "delta": 9.297347}}
{"target": -26.38052601898345, "params": {"E_EA": 96.70512790583301, "E_MC": 15.057244056498591, "J": -8.537545335803278}, "datetime": {"datetime": "2024-05-07 22:21:39", "elapsed": 41.341495, "delta": 10.645701}}
{"target": -32.75388278539286, "params": {"E_EA": 94.54066307849168, "E_MC": 16.805816213072934, "J": -11.265967961540952}, "datetime": {"datetime": "2024-05-07 22:21:51", "elapsed": 53.442078, "delta": 12.100583}}
{"target": -58.01725795429237, "params": {"E_EA": 94.97235555968938, "E_MC": 13.029684245032191, "J": -6.258044129585016}, "datetime": {"datetime": "2024-05-07 22:21:58", "elapsed": 59.558642, "delta": 6.116564}}
{"target": -25.54398306076871, "params": {"E_EA": 89.4104135643751, "E_MC": 14.238390996106082, "J": -8.635610882994884}, "datetime": {"datetime": "2024-05-07 22:22:07", "elapsed": 68.989101, "delta": 9.430459}}
{"target": -25.14203003579049, "params": {"E_EA": 91.31820505187366, "E_MC": 17.378360865475365, "J": -7.605726801110213}, "datetime": {"datetime": "2024-05-07 22:22:19", "elapsed": 81.212259, "delta": 12.223158}}
{"target": -22.80768187479099, "params": {"E_EA": 91.16343858425714, "E_MC": 16.796242620207593, "J": -6.26606798317634}, "datetime": {"datetime": "2024-05-07 22:22:30", "elapsed": 0.0, "delta": 0.0}}
{"target": -28.896684368382243, "params": {"E_EA": 91.25319230968438, "E_MC": 18.03387479059579, "J": -9.014944719615832}, "datetime": {"datetime": "2024-05-07 22:22:39", "elapsed": 8.730657, "delta": 8.730657}}
{"target": -34.02920157965063, "params": {"E_EA": 88.63224456276487, "E_MC": 14.534428716992283, "J": -4.724853978350459}, "datetime": {"datetime": "2024-05-07 22:22:47", "elapsed": 16.74041, "delta": 8.009753}}
{"target": -30.77938405052883, "params": {"E_EA": 96.97987404818139, "E_MC": 13.209583961116076, "J": -13.183080769465242}, "datetime": {"datetime": "2024-05-07 22:22:55", "elapsed": 24.647401, "delta": 7.906991}}
{"target": -20.80196699320033, "params": {"E_EA": 94.16800756310333, "E_MC": 18.29422847670179, "J": -6.217049048189223}, "datetime": {"datetime": "2024-05-07 22:23:04", "elapsed": 33.469675, "delta": 8.822274}}
{"target": -22.23613978821674, "params": {"E_EA": 91.8909878468732, "E_MC": 20.222620188509527, "J": -5.3261320769771725}, "datetime": {"datetime": "2024-05-07 22:23:12", "elapsed": 41.591346, "delta": 8.121671}}
{"target": -38.012397477647, "params": {"E_EA": 93.41852881607525, "E_MC": 18.369676189503654, "J": -3.372897860110559}, "datetime": {"datetime": "2024-05-07 22:23:19", "elapsed": 48.43644, "delta": 6.845094}}
{"target": -25.184127706577204, "params": {"E_EA": 88.65521753075332, "E_MC": 22.205518822577876, "J": -3.7651654885988926}, "datetime": {"datetime": "2024-05-07 22:23:32", "elapsed": 61.717795, "delta": 13.281355}}
{"target": -31.678252037130648, "params": {"E_EA": 94.04382660473836, "E_MC": 22.05083318709466, "J": -6.617289059203436}, "datetime": {"datetime": "2024-05-07 22:23:35", "elapsed": 0.0, "delta": 0.0}}
{"target": -30.193175213733824, "params": {"E_EA": 92.31771419964734, "E_MC": 23.616704895213747, "J": -5.5829729621102295}, "datetime": {"datetime": "2024-05-07 22:23:41", "elapsed": 70.530172, "delta": 8.812377}}
{"target": -29.893259112754876, "params": {"E_EA": 88.48556561281313, "E_MC": 21.078752587625686, "J": -5.601037713627592}, "datetime": {"datetime": "2024-05-07 22:23:42", "elapsed": 7.597849, "delta": 7.597849}}
{"target": -33.830176532282934, "params": {"E_EA": 87.52956933279677, "E_MC": 18.90302964705628, "J": -6.813302276072362}, "datetime": {"datetime": "2024-05-07 22:23:49", "elapsed": 78.32647, "delta": 7.796298}}
{"target": -48.75228059195689, "params": {"E_EA": 86.0579390967445, "E_MC": 16.395539906674045, "J": -10.925672080227233}, "datetime": {"datetime": "2024-05-07 22:23:51", "elapsed": 16.40265, "delta": 8.804801}}
{"target": -100.0, "params": {"E_EA": 93.53667963256463, "E_MC": 30.0, "J": -20.0}, "datetime": {"datetime": "2024-05-07 22:24:03", "elapsed": 28.380293, "delta": 11.977643}}
{"target": -100.0, "params": {"E_EA": 91.00358195568835, "E_MC": 3.024068871914219, "J": 6.081943832050776}, "datetime": {"datetime": "2024-05-07 22:24:09", "elapsed": 33.840561, "delta": 5.460268}}
{"target": -21.13252122842647, "params": {"E_EA": 91.0958218739671, "E_MC": 23.27154388244589, "J": -2.6726466923226937}, "datetime": {"datetime": "2024-05-07 22:24:17", "elapsed": 42.57999, "delta": 8.739429}}
{"target": -34.52435334302389, "params": {"E_EA": 89.55295536828388, "E_MC": 21.502910373224925, "J": -0.6064937747822796}, "datetime": {"datetime": "2024-05-07 22:24:27", "elapsed": 52.313907, "delta": 9.733917}}
{"target": -46.17650414636079, "params": {"E_EA": 88.94679336632835, "E_MC": 25.58261108180243, "J": -5.243142670565257}, "datetime": {"datetime": "2024-05-07 22:24:35", "elapsed": 60.550058, "delta": 8.236151}}
{"target": -100.0, "params": {"E_EA": 121.47126607046805, "E_MC": 4.923378148052818, "J": 20.0}, "datetime": {"datetime": "2024-05-07 22:24:40", "elapsed": 65.597248, "delta": 5.04719}}
{"target": -100.0, "params": {"E_EA": 121.35211028178968, "E_MC": 4.130436057029086, "J": 20.0}, "datetime": {"datetime": "2024-05-07 22:24:42", "elapsed": 0.0, "delta": 0.0}}
{"target": -100.0, "params": {"E_EA": 50.69257924583503, "E_MC": 30.0, "J": -5.550859000857292}, "datetime": {"datetime": "2024-05-07 22:24:51", "elapsed": 75.682253, "delta": 10.085005}}
{"target": -100.0, "params": {"E_EA": 20.840312750313785, "E_MC": 3.315137477285723, "J": 11.0571312979209}, "datetime": {"datetime": "2024-05-07 22:25:22", "elapsed": 39.726968, "delta": 39.726968}}
{"target": -100.0, "params": {"E_EA": 50.64058032758458, "E_MC": 30.0, "J": -5.615812556009373}, "datetime": {"datetime": "2024-05-07 22:25:34", "elapsed": 51.895525, "delta": 12.168557}}
{"target": -100.0, "params": {"E_EA": 30.400465759874155, "E_MC": 18.22511164873154, "J": 7.2240074753106205}, "datetime": {"datetime": "2024-05-07 22:26:16", "elapsed": 93.987842, "delta": 42.092317}}
{"target": -100.0, "params": {"E_EA": 73.89892965484538, "E_MC": 14.831994785567108, "J": 20.0}, "datetime": {"datetime": "2024-05-07 22:26:20", "elapsed": 97.359218, "delta": 3.371376}}
{"target": -100.0, "params": {"E_EA": 30.29713680418337, "E_MC": 18.218365859627625, "J": 7.102792705579692}, "datetime": {"datetime": "2024-05-07 22:26:22", "elapsed": 0.0, "delta": 0.0}}
{"target": -100.0, "params": {"E_EA": 135.8684871552059, "E_MC": 14.665250610736006, "J": 3.0965171759636445}, "datetime": {"datetime": "2024-05-07 22:26:30", "elapsed": 8.448023, "delta": 8.448023}}
{"target": -35.41740296517435, "params": {"E_EA": 89.28718129518901, "E_MC": 26.409592576593184, "J": -3.3481480804870998}, "datetime": {"datetime": "2024-05-07 22:26:34", "elapsed": 111.344156, "delta": 13.984938}}
{"target": -100.0, "params": {"E_EA": 150.0, "E_MC": 17.486170431149297, "J": 20.0}, "datetime": {"datetime": "2024-05-07 22:26:40", "elapsed": 117.925595, "delta": 6.581439}}
{"target": -34.57086640117105, "params": {"E_EA": 88.00779790456927, "E_MC": 9.26957119847172, "J": -7.906750876934311}, "datetime": {"datetime": "2024-05-07 22:26:40", "elapsed": 18.487541, "delta": 10.039518}}
{"target": -100.0, "params": {"E_EA": 135.3600022861835, "E_MC": 15.336304688272584, "J": 2.9591466488699902}, "datetime": {"datetime": "2024-05-07 22:26:44", "elapsed": 122.052688, "delta": 4.127093}}
{"target": -100.0, "params": {"E_EA": 20.183088825797203, "E_MC": 28.95288693542849, "J": -3.876061865047866}, "datetime": {"datetime": "2024-05-07 22:27:25", "elapsed": 162.58922, "delta": 40.536532}}
{"target": -100.0, "params": {"E_EA": 20.388007779069518, "E_MC": 29.747416400101162, "J": -4.257210861611021}, "datetime": {"datetime": "2024-05-07 22:27:25", "elapsed": 63.045489, "delta": 44.557948}}
{"target": -25.832352871801202, "params": {"E_EA": 88.45437904596956, "E_MC": 10.029794086138994, "J": -8.246982724767472}, "datetime": {"datetime": "2024-05-07 22:27:33", "elapsed": 171.17263, "delta": 8.58341}}
{"target": -88.09721172092028, "params": {"E_EA": 77.33934224489701, "E_MC": 3.0, "J": -20.0}, "datetime": {"datetime": "2024-05-07 22:27:56", "elapsed": 0.0, "delta": 0.0}}
{"target": -100.0, "params": {"E_EA": 31.807132207088067, "E_MC": 15.976317459992867, "J": -8.193865616013323}, "datetime": {"datetime": "2024-05-07 22:28:01", "elapsed": 99.570573, "delta": 36.525084}}
{"target": -24.019190676820823, "params": {"E_EA": 140.154369136306, "E_MC": 26.81467458627494, "J": -17.13746296915572}, "datetime": {"datetime": "2024-05-07 22:28:11", "elapsed": 109.476591, "delta": 9.906018}}
{"target": -100.0, "params": {"E_EA": 150.0, "E_MC": 17.498509198563873, "J": 20.0}, "datetime": {"datetime": "2024-05-07 22:28:16", "elapsed": 114.521156, "delta": 5.044565}}
{"target": -100.0, "params": {"E_EA": 115.80517850613748, "E_MC": 3.0, "J": -2.446765008426719}, "datetime": {"datetime": "2024-05-07 22:28:24", "elapsed": 121.682633, "delta": 7.161477}}
{"target": -100.0, "params": {"E_EA": 31.799878568473154, "E_MC": 15.924134574136744, "J": -8.243886826375018}, "datetime": {"datetime": "2024-05-07 22:28:31", "elapsed": 35.089909, "delta": 35.089909}}
{"target": -56.15047666216892, "params": {"E_EA": 97.08480238337434, "E_MC": 13.354092354816315, "J": -19.84084876961338}, "datetime": {"datetime": "2024-05-07 22:28:34", "elapsed": 131.90945, "delta": 10.226817}}
