{"target": -17.514125865537157, "params": {"E_EA": 60.799666950726575, "E_MC": 26.12274286316331, "J": 6.8939043252283625}, "datetime": {"datetime": "2024-05-08 13:20:49", "elapsed": 115.794828, "delta": 10.477521}}
{"target": -10.637198889024093, "params": {"E_EA": 56.76094611461156, "E_MC": 22.43574899836587, "J": 8.891925258676533}, "datetime": {"datetime": "2024-05-08 13:21:06", "elapsed": 132.085787, "delta": 25.336661}}
{"target": -19.041879725913212, "params": {"E_EA": 58.443132356538236, "E_MC": 17.390627412281624, "J": 5.874279864639767}, "datetime": {"datetime": "2024-05-08 13:21:07", "elapsed": 134.198222, "delta": 18.403394}}
{"target": -12.521475488044274, "params": {"E_EA": 72.62801497233346, "E_MC": 25.106456385745425, "J": 5.370300017250354}, "datetime": {"datetime": "2024-05-08 13:21:24", "elapsed": 149.992238, "delta": 17.906451}}
{"target": -13.681676673017769, "params": {"E_EA": 68.35028164625334, "E_MC": 24.515858631009575, "J": 7.197312338526089}, "datetime": {"datetime": "2024-05-08 13:21:26", "elapsed": 153.362909, "delta": 19.164687}}
{"target": -9.935580800322183, "params": {"E_EA": 54.41570043273317, "E_MC": 13.647250855327044, "J": 3.4419933346168072}, "datetime": {"datetime": "2024-05-08 13:21:34", "elapsed": 160.473696, "delta": 10.481458}}
