{"target": -9.89034731787156, "params": {"E_EA": 69.96681550521802, "E_MC": 27.33322001095626, "J": 8.122584343449722}, "datetime": {"datetime": "2024-05-07 21:44:21", "elapsed": 3.62007, "delta": 3.62007}}
{"target": -9.192906934254761, "params": {"E_EA": 71.51317909143054, "E_MC": 27.224349810562092, "J": 6.236150764793521}, "datetime": {"datetime": "2024-05-07 21:44:21", "elapsed": 30.02631, "delta": 3.789586}}
{"target": -8.95704746897536, "params": {"E_EA": 71.57906230737046, "E_MC": 27.371099125808847, "J": 6.394821177845728}, "datetime": {"datetime": "2024-05-07 21:44:24", "elapsed": 7.44955, "delta": 3.82948}}
{"target": -10.21758373128187, "params": {"E_EA": 68.73723431806815, "E_MC": 26.862956337916103, "J": 6.153385915133022}, "datetime": {"datetime": "2024-05-07 21:44:25", "elapsed": 34.044679, "delta": 4.018369}}
{"target": -12.672622390478763, "params": {"E_EA": 69.38598273338968, "E_MC": 28.306502713229985, "J": 9.009129824842734}, "datetime": {"datetime": "2024-05-07 21:44:28", "elapsed": 11.183043, "delta": 3.733493}}
{"target": -20.28445170867553, "params": {"E_EA": 73.38999827386823, "E_MC": 25.592789081601495, "J": 6.512496953543682}, "datetime": {"datetime": "2024-05-07 21:44:32", "elapsed": 14.843833, "delta": 3.66079}}
{"target": -9.542239914764348, "params": {"E_EA": 73.73124788769097, "E_MC": 29.66191647983925, "J": 8.156952484693655}, "datetime": {"datetime": "2024-05-07 21:44:35", "elapsed": 18.492919, "delta": 3.649086}}
{"target": -20.27815267008204, "params": {"E_EA": 75.20556978954701, "E_MC": 29.361219527311867, "J": 8.688633379006863}, "datetime": {"datetime": "2024-05-07 21:44:39", "elapsed": 21.931426, "delta": 3.438507}}
{"target": -14.476872454828316, "params": {"E_EA": 65.24199019919925, "E_MC": 21.475945652305132, "J": 6.25198864025494}, "datetime": {"datetime": "2024-05-07 21:44:39", "elapsed": 0.0, "delta": 0.0}}
{"target": -11.605769868278896, "params": {"E_EA": 71.29482884963046, "E_MC": 26.03545611091193, "J": 5.346012824307699}, "datetime": {"datetime": "2024-05-07 21:44:43", "elapsed": 26.175388, "delta": 4.243962}}
{"target": -8.77734558723004, "params": {"E_EA": 64.65518331642886, "E_MC": 22.288969339886425, "J": 4.728785410729728}, "datetime": {"datetime": "2024-05-07 21:44:44", "elapsed": 4.267027, "delta": 4.267027}}
{"target": -7.150062171532985, "params": {"E_EA": 64.26400016035339, "E_MC": 21.46204061652149, "J": 5.028558148530774}, "datetime": {"datetime": "2024-05-07 21:44:47", "elapsed": 30.172557, "delta": 3.997169}}
{"target": -6.5346465772415385, "params": {"E_EA": 65.39379904390026, "E_MC": 22.71158402830715, "J": 5.63158465114293}, "datetime": {"datetime": "2024-05-07 21:44:48", "elapsed": 8.324954, "delta": 4.057927}}
{"target": -21.374479583716024, "params": {"E_EA": 71.97672056121766, "E_MC": 26.301969512409414, "J": 7.647483752148204}, "datetime": {"datetime": "2024-05-07 21:44:51", "elapsed": 33.757941, "delta": 3.585384}}
{"target": -10.897788990548849, "params": {"E_EA": 64.94462545209336, "E_MC": 24.08221835744103, "J": 5.48606466639335}, "datetime": {"datetime": "2024-05-07 21:44:52", "elapsed": 12.498887, "delta": 4.173933}}
{"target": -17.654351667766313, "params": {"E_EA": 72.11965442213562, "E_MC": 28.099316850178482, "J": 5.0791415999339975}, "datetime": {"datetime": "2024-05-07 21:44:56", "elapsed": 16.731036, "delta": 4.232149}}
{"target": -10.843148713092964, "params": {"E_EA": 64.7849756878934, "E_MC": 20.047301390191915, "J": 4.38042739261698}, "datetime": {"datetime": "2024-05-07 21:45:00", "elapsed": 20.564529, "delta": 3.833493}}
{"target": -8.485768817102622, "params": {"E_EA": 63.776618068281266, "E_MC": 20.65856770029675, "J": 5.238466417759305}, "datetime": {"datetime": "2024-05-07 21:45:04", "elapsed": 24.427429, "delta": 3.8629}}
{"target": -12.34034407735829, "params": {"E_EA": 63.70016416995649, "E_MC": 18.666153068356504, "J": 4.081289226482923}, "datetime": {"datetime": "2024-05-07 21:45:05", "elapsed": 0.0, "delta": 0.0}}
{"target": -6.013103564521823, "params": {"E_EA": 69.05449778398538, "E_MC": 29.37791216200265, "J": 8.029503629866937}, "datetime": {"datetime": "2024-05-07 21:45:08", "elapsed": 28.636315, "delta": 4.208886}}
{"target": -5.636269388533628, "params": {"E_EA": 64.02640781011382, "E_MC": 22.65896913739463, "J": 6.03597580796222}, "datetime": {"datetime": "2024-05-07 21:45:10", "elapsed": 4.100998, "delta": 4.100998}}
{"target": -5.693054007270101, "params": {"E_EA": 69.08572530320424, "E_MC": 28.417891194033277, "J": 7.441335391135581}, "datetime": {"datetime": "2024-05-07 21:45:12", "elapsed": 32.610814, "delta": 3.974499}}
{"target": -7.3355505633182085, "params": {"E_EA": 68.94621470395444, "E_MC": 27.353248355361043, "J": 8.042020409574718}, "datetime": {"datetime": "2024-05-07 21:45:13", "elapsed": 7.729085, "delta": 3.628087}}
{"target": -18.77323254869637, "params": {"E_EA": 66.04300281385142, "E_MC": 24.22590305250649, "J": 4.554558525994345}, "datetime": {"datetime": "2024-05-07 21:45:16", "elapsed": 36.876525, "delta": 4.265711}}
{"target": -41.51240057508341, "params": {"E_EA": 65.06899289805617, "E_MC": 19.109834501885036, "J": 5.64861910349547}, "datetime": {"datetime": "2024-05-07 21:45:17", "elapsed": 11.322559, "delta": 3.593474}}
{"target": -11.638610673018539, "params": {"E_EA": 62.92896700590571, "E_MC": 20.08518714301704, "J": 5.718124532738113}, "datetime": {"datetime": "2024-05-07 21:45:21", "elapsed": 15.526626, "delta": 4.204067}}
{"target": -11.653366714083086, "params": {"E_EA": 72.95863346950395, "E_MC": 26.436537747256317, "J": 4.937345539325214}, "datetime": {"datetime": "2024-05-07 21:45:25", "elapsed": 19.429204, "delta": 3.902578}}
{"target": -17.26773227180896, "params": {"E_EA": 64.9296511758404, "E_MC": 17.375108386595166, "J": 3.090206027425179}, "datetime": {"datetime": "2024-05-07 21:45:29", "elapsed": 23.318373, "delta": 3.889169}}
{"target": -19.729708510302164, "params": {"E_EA": 73.70162399441475, "E_MC": 27.992519530856487, "J": 4.7088608045245515}, "datetime": {"datetime": "2024-05-07 21:45:32", "elapsed": 0.0, "delta": 0.0}}
{"target": -18.407250710335532, "params": {"E_EA": 69.06177028980532, "E_MC": 26.02506267017742, "J": 8.41109002223261}, "datetime": {"datetime": "2024-05-07 21:45:32", "elapsed": 26.914486, "delta": 3.596113}}
{"target": -16.926804537369545, "params": {"E_EA": 62.869195449520525, "E_MC": 18.253278388315387, "J": 2.745974309683824}, "datetime": {"datetime": "2024-05-07 21:45:37", "elapsed": 31.311725, "delta": 4.397239}}
{"target": -29.240132565214925, "params": {"E_EA": 137.733936377578, "E_MC": 30.0, "J": -14.932668298127437}, "datetime": {"datetime": "2024-05-07 21:45:37", "elapsed": 4.558108, "delta": 4.558108}}
{"target": -12.663887642286534, "params": {"E_EA": 62.913518466525886, "E_MC": 22.4343581675755, "J": 4.915529896233764}, "datetime": {"datetime": "2024-05-07 21:45:41", "elapsed": 8.912048, "delta": 4.35394}}
{"target": -20.299556783214673, "params": {"E_EA": 74.11603845492627, "E_MC": 28.07669867128625, "J": 4.47992966241268}, "datetime": {"datetime": "2024-05-07 21:45:41", "elapsed": 35.819965, "delta": 4.50824}}
{"target": -13.479331404596469, "params": {"E_EA": 62.633578336330324, "E_MC": 18.003345551384108, "J": 2.776999778810037}, "datetime": {"datetime": "2024-05-07 21:45:45", "elapsed": 13.189549, "delta": 4.277501}}
{"target": -12.394541038961913, "params": {"E_EA": 63.31174891945096, "E_MC": 23.784928885592862, "J": 5.455307668917918}, "datetime": {"datetime": "2024-05-07 21:45:50", "elapsed": 17.509365, "delta": 4.319816}}
{"target": -12.362410121650878, "params": {"E_EA": 75.12094569863213, "E_MC": 25.72857664727797, "J": 4.716405352146108}, "datetime": {"datetime": "2024-05-07 21:45:53", "elapsed": 21.12104, "delta": 3.611675}}
{"target": -13.546148134335278, "params": {"E_EA": 74.53329040974847, "E_MC": 25.38847188417634, "J": 5.06650285455067}, "datetime": {"datetime": "2024-05-07 21:45:56", "elapsed": 0.0, "delta": 0.0}}
{"target": -31.24473910197401, "params": {"E_EA": 62.93100858126612, "E_MC": 18.645677090642202, "J": 1.7421753231379355}, "datetime": {"datetime": "2024-05-07 21:45:58", "elapsed": 25.814547, "delta": 4.693507}}
{"target": -19.29092005207354, "params": {"E_EA": 62.892432686545284, "E_MC": 17.24535089490703, "J": 4.105662898796013}, "datetime": {"datetime": "2024-05-07 21:45:59", "elapsed": 3.793846, "delta": 3.793846}}
{"target": -4.677838460403695, "params": {"E_EA": 62.56370902004228, "E_MC": 22.42440254109557, "J": 6.367429373377504}, "datetime": {"datetime": "2024-05-07 21:46:02", "elapsed": 29.805775, "delta": 3.991228}}
{"target": -14.602412927987235, "params": {"E_EA": 65.69576313772174, "E_MC": 18.628457778427354, "J": 3.5389406190530472}, "datetime": {"datetime": "2024-05-07 21:46:03", "elapsed": 7.573954, "delta": 3.780108}}
{"target": -7.445998508347356, "params": {"E_EA": 68.38978560044677, "E_MC": 25.429793888443797, "J": 6.486203896449354}, "datetime": {"datetime": "2024-05-07 21:46:06", "elapsed": 33.794477, "delta": 3.988702}}
{"target": -10.666186666097527, "params": {"E_EA": 69.83917357771679, "E_MC": 29.84945795965203, "J": 9.892186404394256}, "datetime": {"datetime": "2024-05-07 21:46:07", "elapsed": 11.530839, "delta": 3.956885}}
{"target": -13.834661859870728, "params": {"E_EA": 76.00418842159633, "E_MC": 24.677873219140288, "J": 3.989713094003534}, "datetime": {"datetime": "2024-05-07 21:46:10", "elapsed": 37.435855, "delta": 3.641378}}
{"target": -10.430031624259623, "params": {"E_EA": 62.1632848883632, "E_MC": 20.084791591579364, "J": 4.223620441892336}, "datetime": {"datetime": "2024-05-07 21:46:11", "elapsed": 15.609512, "delta": 4.078673}}
{"target": -6.219987808078704, "params": {"E_EA": 64.45418401624856, "E_MC": 23.70667237236146, "J": 7.225697886943951}, "datetime": {"datetime": "2024-05-07 21:46:15", "elapsed": 19.564369, "delta": 3.954857}}
{"target": -15.38757492928715, "params": {"E_EA": 63.5563120981904, "E_MC": 20.71598902915661, "J": 3.6986668119791815}, "datetime": {"datetime": "2024-05-07 21:46:19", "elapsed": 23.843127, "delta": 4.278758}}
{"target": -6.529789240783921, "params": {"E_EA": 68.00190349322187, "E_MC": 29.042680507028543, "J": 9.342838752864438}, "datetime": {"datetime": "2024-05-07 21:46:23", "elapsed": 27.601586, "delta": 3.758459}}
{"target": -3.5350564502379815, "params": {"E_EA": 62.96856595300982, "E_MC": 24.460296865582333, "J": 7.238217533458634}, "datetime": {"datetime": "2024-05-07 21:46:27", "elapsed": 31.338917, "delta": 3.737331}}
{"target": -19.473793777446843, "params": {"E_EA": 63.02209054774721, "E_MC": 25.22069232283142, "J": 5.866504910953498}, "datetime": {"datetime": "2024-05-07 21:46:31", "elapsed": 35.533741, "delta": 4.194824}}
{"target": -4.00398713394247, "params": {"E_EA": 61.39996238532239, "E_MC": 23.768056092253993, "J": 7.334527012240937}, "datetime": {"datetime": "2024-05-07 21:46:49", "elapsed": 0.0, "delta": 0.0}}
{"target": -11.521024456896962, "params": {"E_EA": 68.5813991579759, "E_MC": 25.48305796112565, "J": 5.129901729278398}, "datetime": {"datetime": "2024-05-07 21:46:53", "elapsed": 4.296508, "delta": 4.296508}}
{"target": -16.11008294787596, "params": {"E_EA": 63.766612245559266, "E_MC": 23.7538933296101, "J": 8.524696301334771}, "datetime": {"datetime": "2024-05-07 21:46:57", "elapsed": 8.137035, "delta": 3.840527}}
{"target": -4.610024933241287, "params": {"E_EA": 61.986083140928976, "E_MC": 25.7385952012548, "J": 7.73077697178643}, "datetime": {"datetime": "2024-05-07 21:47:01", "elapsed": 12.58586, "delta": 4.448825}}
{"target": -4.923146755177245, "params": {"E_EA": 62.72846113118509, "E_MC": 23.329182954721873, "J": 6.424247146587305}, "datetime": {"datetime": "2024-05-07 21:47:05", "elapsed": 16.686712, "delta": 4.100852}}
{"target": -7.867336651548024, "params": {"E_EA": 61.95289678423126, "E_MC": 24.74912334165833, "J": 6.7773581516322}, "datetime": {"datetime": "2024-05-07 21:47:07", "elapsed": 0.0, "delta": 0.0}}
{"target": -6.619656342500945, "params": {"E_EA": 60.972037732477474, "E_MC": 25.62291121902565, "J": 9.065874224716953}, "datetime": {"datetime": "2024-05-07 21:47:10", "elapsed": 20.908492, "delta": 4.22178}}
{"target": -10.221045058516276, "params": {"E_EA": 69.79369683814718, "E_MC": 24.36385041364754, "J": 5.648656976304235}, "datetime": {"datetime": "2024-05-07 21:47:11", "elapsed": 3.892748, "delta": 3.892748}}
{"target": -13.562471571315616, "params": {"E_EA": 62.51877717575356, "E_MC": 24.96426332180088, "J": 9.478951660457113}, "datetime": {"datetime": "2024-05-07 21:47:14", "elapsed": 24.862959, "delta": 3.954467}}
{"target": -3.8450231939026147, "params": {"E_EA": 63.76450633130839, "E_MC": 25.342093810181975, "J": 7.9773016680860565}, "datetime": {"datetime": "2024-05-07 21:47:15", "elapsed": 7.985916, "delta": 4.093168}}
{"target": -7.062341411675872, "params": {"E_EA": 67.32284053887085, "E_MC": 23.883463563825373, "J": 5.857143515192789}, "datetime": {"datetime": "2024-05-07 21:47:18", "elapsed": 29.087525, "delta": 4.224566}}
{"target": -7.938792393399752, "params": {"E_EA": 67.43423478602698, "E_MC": 24.211486994800214, "J": 6.411142362192599}, "datetime": {"datetime": "2024-05-07 21:47:19", "elapsed": 11.844786, "delta": 3.85887}}
{"target": -11.111884275705162, "params": {"E_EA": 60.72347309728485, "E_MC": 24.953784628412787, "J": 6.854392908815193}, "datetime": {"datetime": "2024-05-07 21:47:22", "elapsed": 33.247086, "delta": 4.159561}}
{"target": -11.731421627936728, "params": {"E_EA": 62.866849855758836, "E_MC": 26.784171777054947, "J": 7.063574463492589}, "datetime": {"datetime": "2024-05-07 21:47:23", "elapsed": 16.18173, "delta": 4.336944}}
{"target": -13.642635132139462, "params": {"E_EA": 67.94592715752525, "E_MC": 23.51070500292808, "J": 4.5184526827143685}, "datetime": {"datetime": "2024-05-07 21:47:26", "elapsed": 37.288985, "delta": 4.041899}}
{"target": -6.921069426078521, "params": {"E_EA": 62.00023768613567, "E_MC": 25.275106591150973, "J": 8.977984400473318}, "datetime": {"datetime": "2024-05-07 21:47:27", "elapsed": 20.488354, "delta": 4.306624}}
{"target": -4.732951881027581, "params": {"E_EA": 67.5829603108825, "E_MC": 27.99681285532086, "J": 8.303379120868879}, "datetime": {"datetime": "2024-05-07 21:47:31", "elapsed": 24.524788, "delta": 4.036434}}
{"target": -5.299446611563268, "params": {"E_EA": 63.18348371194112, "E_MC": 26.20777653702484, "J": 8.767917716847524}, "datetime": {"datetime": "2024-05-07 21:47:36", "elapsed": 28.903108, "delta": 4.37832}}
{"target": -10.150083349944856, "params": {"E_EA": 66.856063800613, "E_MC": 22.499760780756485, "J": 5.883455432161753}, "datetime": {"datetime": "2024-05-07 21:47:41", "elapsed": 33.707032, "delta": 4.803924}}
{"target": -6.0507353365616625, "params": {"E_EA": 67.36105051542805, "E_MC": 26.276478672425174, "J": 6.7354964091463465}, "datetime": {"datetime": "2024-05-07 21:47:45", "elapsed": 37.659705, "delta": 3.952673}}
{"target": -9.66382760812325, "params": {"E_EA": 62.52645069471106, "E_MC": 22.79498558834362, "J": 7.817492557395238}, "datetime": {"datetime": "2024-05-07 21:47:46", "elapsed": 0.0, "delta": 0.0}}
{"target": -6.255477944045634, "params": {"E_EA": 60.52020839825762, "E_MC": 24.207555476394862, "J": 8.531894083425478}, "datetime": {"datetime": "2024-05-07 21:47:50", "elapsed": 4.027795, "delta": 4.027795}}
{"target": -18.168228308190148, "params": {"E_EA": 68.69693791397762, "E_MC": 23.185406710414924, "J": 6.246408965217326}, "datetime": {"datetime": "2024-05-07 21:47:54", "elapsed": 7.824303, "delta": 3.796508}}
{"target": -5.398188398836213, "params": {"E_EA": 65.52355866887493, "E_MC": 27.345600542855255, "J": 7.801514366418086}, "datetime": {"datetime": "2024-05-07 21:47:58", "elapsed": 11.838035, "delta": 4.013732}}
{"target": -12.537291407113386, "params": {"E_EA": 66.36039893243, "E_MC": 27.863712660554754, "J": 10.235272206835813}, "datetime": {"datetime": "2024-05-07 21:48:02", "elapsed": 15.997851, "delta": 4.159816}}
{"target": -7.509205806354961, "params": {"E_EA": 64.94938352054791, "E_MC": 26.490108389389402, "J": 8.963679285276223}, "datetime": {"datetime": "2024-05-07 21:48:06", "elapsed": 20.510206, "delta": 4.512355}}
{"target": -4.995524672165801, "params": {"E_EA": 66.88801880842898, "E_MC": 26.395609239654895, "J": 7.560766811614868}, "datetime": {"datetime": "2024-05-07 21:48:11", "elapsed": 24.995384, "delta": 4.485178}}
{"target": -12.843385369755568, "params": {"E_EA": 66.75751330297598, "E_MC": 27.482676671336137, "J": 6.532157149527919}, "datetime": {"datetime": "2024-05-07 21:48:15", "elapsed": 29.302436, "delta": 4.307052}}
{"target": -3.610612731040294, "params": {"E_EA": 60.70386810862206, "E_MC": 22.11141011104624, "J": 6.567685679937647}, "datetime": {"datetime": "2024-05-07 21:48:17", "elapsed": 0.0, "delta": 0.0}}
{"target": -4.259058815121643, "params": {"E_EA": 65.50564345820753, "E_MC": 29.437770515634973, "J": 9.266586734106298}, "datetime": {"datetime": "2024-05-07 21:48:19", "elapsed": 33.512232, "delta": 4.209796}}
{"target": -6.4517160055324005, "params": {"E_EA": 66.49229391869993, "E_MC": 24.99237939862148, "J": 6.5429549881337365}, "datetime": {"datetime": "2024-05-07 21:48:21", "elapsed": 4.207692, "delta": 4.207692}}
{"target": -4.350652835419782, "params": {"E_EA": 60.98085364739503, "E_MC": 21.649778734925857, "J": 6.1325779329798635}, "datetime": {"datetime": "2024-05-07 21:48:24", "elapsed": 37.939409, "delta": 4.427177}}
{"target": -7.5155334473870195, "params": {"E_EA": 61.008611297762094, "E_MC": 20.835654323002082, "J": 5.133571918282396}, "datetime": {"datetime": "2024-05-07 21:48:25", "elapsed": 8.348641, "delta": 4.140949}}
{"target": -4.629292857853041, "params": {"E_EA": 66.25695521170888, "E_MC": 28.88726856139205, "J": 9.250780348504044}, "datetime": {"datetime": "2024-05-07 21:48:29", "elapsed": 12.252496, "delta": 3.903855}}
{"target": -9.399425004009778, "params": {"E_EA": 59.475293437733576, "E_MC": 21.7214248830619, "J": 5.638766865782922}, "datetime": {"datetime": "2024-05-07 21:48:34", "elapsed": 16.764299, "delta": 4.511803}}
{"target": -4.216298260532423, "params": {"E_EA": 64.51534064378615, "E_MC": 25.927243615819098, "J": 7.389229600155684}, "datetime": {"datetime": "2024-05-07 21:48:38", "elapsed": 21.283094, "delta": 4.518795}}
{"target": -11.90393061631509, "params": {"E_EA": 59.42016549835879, "E_MC": 23.85315090486918, "J": 6.494182365150721}, "datetime": {"datetime": "2024-05-07 21:48:43", "elapsed": 25.726908, "delta": 4.443814}}
{"target": -5.8859614741679644, "params": {"E_EA": 61.7210884000074, "E_MC": 27.231216581363345, "J": 9.603904599435943}, "datetime": {"datetime": "2024-05-07 21:48:47", "elapsed": 29.730199, "delta": 4.003291}}
{"target": -12.670744518681708, "params": {"E_EA": 61.64332684236971, "E_MC": 20.78628276515585, "J": 6.956778769388485}, "datetime": {"datetime": "2024-05-07 21:48:51", "elapsed": 33.565583, "delta": 3.835384}}
{"target": -17.28436526944669, "params": {"E_EA": 67.99092361253709, "E_MC": 26.859962933542477, "J": 9.42040668546558}, "datetime": {"datetime": "2024-05-07 21:48:54", "elapsed": 37.125061, "delta": 3.559478}}
{"target": -4.216860240279611, "params": {"E_EA": 64.14267723851339, "E_MC": 28.126689000218263, "J": 8.918991832127325}, "datetime": {"datetime": "2024-05-07 21:49:02", "elapsed": 0.0, "delta": 0.0}}
{"target": -6.821895384531345, "params": {"E_EA": 63.020310750414836, "E_MC": 28.21776764032119, "J": 9.833612247081728}, "datetime": {"datetime": "2024-05-07 21:49:07", "elapsed": 4.418789, "delta": 4.418789}}
{"target": -14.762186637479353, "params": {"E_EA": 63.56990060510783, "E_MC": 26.73941133052936, "J": 10.463812008502138}, "datetime": {"datetime": "2024-05-07 21:49:11", "elapsed": 8.759406, "delta": 4.340617}}
{"target": -15.11058203275225, "params": {"E_EA": 60.683217810547234, "E_MC": 27.03407801071256, "J": 7.605330772060135}, "datetime": {"datetime": "2024-05-07 21:49:16", "elapsed": 13.568122, "delta": 4.808716}}
{"target": -8.341234137962061, "params": {"E_EA": 64.71571767045981, "E_MC": 28.304678391150343, "J": 10.280664382909727}, "datetime": {"datetime": "2024-05-07 21:49:20", "elapsed": 17.822791, "delta": 4.254669}}
{"target": -10.894379817297606, "params": {"E_EA": 65.64789295329399, "E_MC": 28.977565024647365, "J": 7.586947311941437}, "datetime": {"datetime": "2024-05-07 21:49:25", "elapsed": 22.331897, "delta": 4.509106}}
{"target": -12.979003788976152, "params": {"E_EA": 63.677544165484015, "E_MC": 29.184546968615816, "J": 8.11230839289177}, "datetime": {"datetime": "2024-05-07 21:49:29", "elapsed": 26.834782, "delta": 4.502885}}
{"target": -11.812481059524014, "params": {"E_EA": 60.88730085232278, "E_MC": 28.706168469919884, "J": 9.083715112330918}, "datetime": {"datetime": "2024-05-07 21:49:34", "elapsed": 31.525292, "delta": 4.69051}}
{"target": -14.469126950322364, "params": {"E_EA": 61.09440192353856, "E_MC": 28.52992718244939, "J": 8.41593023912072}, "datetime": {"datetime": "2024-05-07 21:49:34", "elapsed": 0.0, "delta": 0.0}}
{"target": -9.107392828835314, "params": {"E_EA": 62.084016419477365, "E_MC": 29.77196572181359, "J": 9.598362421746785}, "datetime": {"datetime": "2024-05-07 21:49:38", "elapsed": 36.070562, "delta": 4.54527}}
{"target": -9.39528279916186, "params": {"E_EA": 58.38678388321951, "E_MC": 25.820828566201104, "J": 9.224586292073646}, "datetime": {"datetime": "2024-05-07 21:49:39", "elapsed": 4.578772, "delta": 4.578772}}
{"target": -12.470520296499235, "params": {"E_EA": 59.2733047978142, "E_MC": 25.7218393647933, "J": 7.765483731895802}, "datetime": {"datetime": "2024-05-07 21:49:43", "elapsed": 40.629505, "delta": 4.558943}}
{"target": -8.517701488876382, "params": {"E_EA": 62.48107947156329, "E_MC": 29.761712956344425, "J": 9.93399043532822}, "datetime": {"datetime": "2024-05-07 21:49:43", "elapsed": 8.960349, "delta": 4.381577}}
