{"target": -9.266806896385265, "params": {"E_EA": 57.7751530370609, "E_MC": 23.86596737916948, "J": 8.88455468619503}, "datetime": {"datetime": "2024-05-07 23:01:35", "elapsed": 16.946154, "delta": 16.946154}}
{"target": -11.79313375228717, "params": {"E_EA": 62.38834956400473, "E_MC": 28.574327654454024, "J": 8.341778986867338}, "datetime": {"datetime": "2024-05-07 23:01:50", "elapsed": 31.906121, "delta": 14.959967}}
{"target": -9.807676355817351, "params": {"E_EA": 60.55233801473073, "E_MC": 26.90368922452093, "J": 9.892064896571219}, "datetime": {"datetime": "2024-05-07 23:02:10", "elapsed": 52.009356, "delta": 20.103235}}
{"target": -6.881186037039459, "params": {"E_EA": 63.58576904071329, "E_MC": 29.85928374012888, "J": 9.61998301373917}, "datetime": {"datetime": "2024-05-07 23:02:20", "elapsed": 62.480841, "delta": 10.471485}}
{"target": -15.120421647536562, "params": {"E_EA": 68.62776718520021, "E_MC": 24.36238061383462, "J": 4.620641387170412}, "datetime": {"datetime": "2024-05-07 23:02:36", "elapsed": 77.570701, "delta": 15.08986}}
{"target": -12.502200097121216, "params": {"E_EA": 57.93501437964379, "E_MC": 25.573517179159957, "J": 8.278590016579507}, "datetime": {"datetime": "2024-05-07 23:02:40", "elapsed": 0.0, "delta": 0.0}}
{"target": -7.5773001313077835, "params": {"E_EA": 53.57567756016427, "E_MC": 16.322816994727944, "J": 5.762490928536863}, "datetime": {"datetime": "2024-05-07 23:02:52", "elapsed": 94.250054, "delta": 16.679353}}
{"target": -7.310912641479252, "params": {"E_EA": 53.351459806084705, "E_MC": 16.645329413306982, "J": 5.885329446530434}, "datetime": {"datetime": "2024-05-07 23:02:52", "elapsed": 12.10608, "delta": 12.10608}}
{"target": -8.023551879375715, "params": {"E_EA": 67.20400296432636, "E_MC": 26.784533086760465, "J": 8.60638429247296}, "datetime": {"datetime": "2024-05-07 23:03:06", "elapsed": 107.622586, "delta": 13.372532}}
{"target": -7.693908272344642, "params": {"E_EA": 54.35534617452965, "E_MC": 16.48747640330371, "J": 4.584998586480758}, "datetime": {"datetime": "2024-05-07 23:03:09", "elapsed": 28.588652, "delta": 16.482572}}
{"target": -5.0045590805645945, "params": {"E_EA": 54.538469949124185, "E_MC": 16.6576368033553, "J": 5.063562267332645}, "datetime": {"datetime": "2024-05-07 23:03:19", "elapsed": 121.488592, "delta": 13.866006}}
{"target": -13.768681593079188, "params": {"E_EA": 61.4981352234869, "E_MC": 19.434131338860343, "J": 6.018025516799494}, "datetime": {"datetime": "2024-05-07 23:03:33", "elapsed": 52.578366, "delta": 23.989714}}
{"target": -5.109395348382258, "params": {"E_EA": 57.991380247015044, "E_MC": 20.73907660014525, "J": 7.1511335051672695}, "datetime": {"datetime": "2024-05-07 23:03:36", "elapsed": 138.472587, "delta": 16.983995}}
{"target": -9.446957621241259, "params": {"E_EA": 61.073437174720524, "E_MC": 21.708003064513278, "J": 7.4405701477542525}, "datetime": {"datetime": "2024-05-07 23:03:46", "elapsed": 65.517508, "delta": 12.939142}}
{"target": -11.548088346738155, "params": {"E_EA": 61.75247636697705, "E_MC": 18.621532933221413, "J": 3.819384129347263}, "datetime": {"datetime": "2024-05-07 23:03:56", "elapsed": 75.463942, "delta": 9.946434}}
{"target": -5.835831676700222, "params": {"E_EA": 57.54264212980138, "E_MC": 20.95396966877447, "J": 7.460412895012837}, "datetime": {"datetime": "2024-05-07 23:04:08", "elapsed": 87.646845, "delta": 12.182903}}
{"target": -13.62040723859064, "params": {"E_EA": 66.6640424803619, "E_MC": 23.932294483796078, "J": 7.31677690964483}, "datetime": {"datetime": "2024-05-07 23:04:21", "elapsed": 100.412084, "delta": 12.765239}}
{"target": -9.226870690293458, "params": {"E_EA": 67.06857660611928, "E_MC": 25.23483417521181, "J": 7.638287251349709}, "datetime": {"datetime": "2024-05-07 23:04:34", "elapsed": 113.930253, "delta": 13.518169}}
{"target": -7.176321909548034, "params": {"E_EA": 65.08245547766509, "E_MC": 26.755106884898634, "J": 7.226658772999407}, "datetime": {"datetime": "2024-05-07 23:04:44", "elapsed": 123.909184, "delta": 9.978931}}
{"target": -15.792735548630338, "params": {"E_EA": 52.560978623739, "E_MC": 15.684039276922352, "J": 6.318827173364422}, "datetime": {"datetime": "2024-05-07 23:05:17", "elapsed": 0.0, "delta": 0.0}}
{"target": -7.075009365832741, "params": {"E_EA": 64.72745277199115, "E_MC": 24.685033761983053, "J": 6.141374089664659}, "datetime": {"datetime": "2024-05-07 23:05:29", "elapsed": 12.614084, "delta": 12.614084}}
{"target": -6.9409632163345005, "params": {"E_EA": 66.30561886902902, "E_MC": 25.953372283964995, "J": 8.218386941118997}, "datetime": {"datetime": "2024-05-07 23:05:47", "elapsed": 30.155983, "delta": 17.541899}}
{"target": -8.102524530527727, "params": {"E_EA": 67.85392893502541, "E_MC": 25.9911382796166, "J": 7.49315994323414}, "datetime": {"datetime": "2024-05-07 23:05:58", "elapsed": 41.219682, "delta": 11.063699}}
{"target": -9.563836483450999, "params": {"E_EA": 59.54896477794776, "E_MC": 19.707619805013564, "J": 6.5004555352124616}, "datetime": {"datetime": "2024-05-07 23:06:18", "elapsed": 61.704535, "delta": 20.484853}}
{"target": -7.654915144437516, "params": {"E_EA": 68.79432949264773, "E_MC": 26.630479405529233, "J": 7.170437181184752}, "datetime": {"datetime": "2024-05-07 23:06:37", "elapsed": 80.198541, "delta": 18.494006}}
{"target": -11.349498849182524, "params": {"E_EA": 63.99164588205454, "E_MC": 26.144219335893702, "J": 6.569176520773254}, "datetime": {"datetime": "2024-05-07 23:06:47", "elapsed": 90.449914, "delta": 10.251373}}
{"target": -9.824617713287488, "params": {"E_EA": 56.20877484624638, "E_MC": 20.256283278522663, "J": 7.739419731698046}, "datetime": {"datetime": "2024-05-07 23:07:08", "elapsed": 111.664099, "delta": 21.214185}}
{"target": -10.637113359670757, "params": {"E_EA": 56.45734736886294, "E_MC": 23.319152545834655, "J": 8.282949682346551}, "datetime": {"datetime": "2024-05-07 23:07:25", "elapsed": 128.177615, "delta": 16.513516}}
{"target": -12.155204691894648, "params": {"E_EA": 54.33959943316254, "E_MC": 17.539847808058735, "J": 4.712161172087335}, "datetime": {"datetime": "2024-05-07 23:07:41", "elapsed": 144.857713, "delta": 16.680098}}
{"target": -9.851114179966185, "params": {"E_EA": 54.60481823927621, "E_MC": 20.766475062904767, "J": 6.760672569307431}, "datetime": {"datetime": "2024-05-07 23:07:55", "elapsed": 0.0, "delta": 0.0}}
{"target": -13.337707747200435, "params": {"E_EA": 66.59235266484367, "E_MC": 26.484699808003796, "J": 9.192816288468354}, "datetime": {"datetime": "2024-05-07 23:08:07", "elapsed": 11.502971, "delta": 11.502971}}
{"target": -14.119914462534243, "params": {"E_EA": 61.93467737611288, "E_MC": 21.194535917063384, "J": 4.44517927182099}, "datetime": {"datetime": "2024-05-07 23:08:22", "elapsed": 26.384206, "delta": 14.881235}}
{"target": -10.580008113244526, "params": {"E_EA": 61.5166262281026, "E_MC": 17.450363670282037, "J": 3.7892743845629013}, "datetime": {"datetime": "2024-05-07 23:08:37", "elapsed": 41.851236, "delta": 15.46703}}
{"target": -13.674792392066433, "params": {"E_EA": 75.56379699329096, "E_MC": 26.787075578933198, "J": 5.104762414292875}, "datetime": {"datetime": "2024-05-07 23:08:40", "elapsed": 0.0, "delta": 0.0}}
{"target": -11.687539990815521, "params": {"E_EA": 60.37666073433894, "E_MC": 27.93358353582839, "J": 8.839959779077518}, "datetime": {"datetime": "2024-05-07 23:08:54", "elapsed": 14.198676, "delta": 14.198676}}
{"target": -6.82390515673951, "params": {"E_EA": 57.49072842186311, "E_MC": 16.837527355335325, "J": 4.2377296971555936}, "datetime": {"datetime": "2024-05-07 23:08:56", "elapsed": 60.732499, "delta": 18.881263}}
{"target": -8.626752160805506, "params": {"E_EA": 61.28062596357553, "E_MC": 23.15299079387193, "J": 8.34577306105572}, "datetime": {"datetime": "2024-05-07 23:09:05", "elapsed": 69.496937, "delta": 8.764438}}
{"target": -10.51491400325373, "params": {"E_EA": 70.3709007198038, "E_MC": 25.29747329226638, "J": 5.265396886434832}, "datetime": {"datetime": "2024-05-07 23:09:11", "elapsed": 31.456869, "delta": 17.258193}}
{"target": -6.879181716123501, "params": {"E_EA": 52.93700657574029, "E_MC": 14.80548018469705, "J": 4.405973747558492}, "datetime": {"datetime": "2024-05-07 23:09:17", "elapsed": 81.743047, "delta": 12.24611}}
{"target": -12.593210577232128, "params": {"E_EA": 74.00813538841714, "E_MC": 26.410802414178576, "J": 4.6622733186680705}, "datetime": {"datetime": "2024-05-07 23:09:30", "elapsed": 50.61574, "delta": 19.158871}}
{"target": -9.537677048735532, "params": {"E_EA": 54.53354193930306, "E_MC": 20.893397645934158, "J": 7.943515589686498}, "datetime": {"datetime": "2024-05-07 23:09:35", "elapsed": 99.382858, "delta": 17.639811}}
{"target": -10.287512839146629, "params": {"E_EA": 61.491924404079604, "E_MC": 25.857399290268035, "J": 9.881776752892737}, "datetime": {"datetime": "2024-05-07 23:09:46", "elapsed": 66.701879, "delta": 16.086139}}
{"target": -13.093848862362364, "params": {"E_EA": 57.503223989788886, "E_MC": 25.467896278735687, "J": 9.732781781631907}, "datetime": {"datetime": "2024-05-07 23:09:49", "elapsed": 113.69815, "delta": 14.315292}}
{"target": -10.073882779466198, "params": {"E_EA": 62.6084772006592, "E_MC": 23.770337892638626, "J": 8.548239366238562}, "datetime": {"datetime": "2024-05-07 23:09:58", "elapsed": 78.620559, "delta": 11.91868}}
{"target": -15.198245520763983, "params": {"E_EA": 61.970214081004606, "E_MC": 26.613811511599675, "J": 10.68846583026734}, "datetime": {"datetime": "2024-05-07 23:10:07", "elapsed": 131.412582, "delta": 17.714432}}
{"target": -12.425396418524628, "params": {"E_EA": 59.898798488289216, "E_MC": 16.837837609222547, "J": 2.928292954977466}, "datetime": {"datetime": "2024-05-07 23:10:07", "elapsed": 87.678087, "delta": 9.057528}}
{"target": -11.923544610542423, "params": {"E_EA": 59.41199853326516, "E_MC": 21.881218061984566, "J": 8.337339707193227}, "datetime": {"datetime": "2024-05-07 23:10:21", "elapsed": 100.91183, "delta": 13.233743}}
{"target": -7.1188263267162375, "params": {"E_EA": 52.874078185740714, "E_MC": 15.084178875834912, "J": 4.412817533417105}, "datetime": {"datetime": "2024-05-07 23:10:35", "elapsed": 114.988157, "delta": 14.076327}}
{"target": -8.309272378623307, "params": {"E_EA": 65.39669749099251, "E_MC": 25.46968372137056, "J": 8.33667257995064}, "datetime": {"datetime": "2024-05-07 23:10:50", "elapsed": 130.128472, "delta": 15.140315}}
{"target": -9.192254817467251, "params": {"E_EA": 65.06844783426615, "E_MC": 22.389992057739672, "J": 6.463774218774834}, "datetime": {"datetime": "2024-05-07 23:11:01", "elapsed": 0.0, "delta": 0.0}}
{"target": -9.612772127265915, "params": {"E_EA": 55.467928885729926, "E_MC": 21.233041989210918, "J": 8.281825817236918}, "datetime": {"datetime": "2024-05-07 23:11:10", "elapsed": 8.885164, "delta": 8.885164}}
{"target": -6.962665599635058, "params": {"E_EA": 68.34167089421217, "E_MC": 29.97681336823105, "J": 10.023514099322846}, "datetime": {"datetime": "2024-05-07 23:11:19", "elapsed": 18.284235, "delta": 9.399071}}
{"target": -8.018861898061234, "params": {"E_EA": 51.78035594660574, "E_MC": 14.972296240120299, "J": 4.503204667630072}, "datetime": {"datetime": "2024-05-07 23:11:35", "elapsed": 34.090187, "delta": 15.805952}}
{"target": -12.030412427806416, "params": {"E_EA": 65.36540195387983, "E_MC": 29.955744477660115, "J": 8.115158374372161}, "datetime": {"datetime": "2024-05-07 23:11:49", "elapsed": 48.191682, "delta": 14.101495}}
{"target": -10.922948084384801, "params": {"E_EA": 71.09762179736036, "E_MC": 29.280255803430393, "J": 9.070294009860476}, "datetime": {"datetime": "2024-05-07 23:12:03", "elapsed": 62.195193, "delta": 14.003511}}
{"target": -10.945736339892912, "params": {"E_EA": 73.63350348208937, "E_MC": 26.819060987289628, "J": 5.745102622123529}, "datetime": {"datetime": "2024-05-07 23:12:17", "elapsed": 75.856656, "delta": 13.661463}}
{"target": -17.874221972153993, "params": {"E_EA": 64.00174854460758, "E_MC": 25.207000908072498, "J": 9.686115416840359}, "datetime": {"datetime": "2024-05-07 23:12:31", "elapsed": 90.436048, "delta": 14.579392}}
{"target": -10.274024644515602, "params": {"E_EA": 59.69179019404775, "E_MC": 23.402576981636262, "J": 8.991281549913424}, "datetime": {"datetime": "2024-05-07 23:12:38", "elapsed": 0.0, "delta": 0.0}}
{"target": -11.98250294243739, "params": {"E_EA": 71.8211705065918, "E_MC": 25.61230523201676, "J": 6.176326864018272}, "datetime": {"datetime": "2024-05-07 23:12:43", "elapsed": 102.04779, "delta": 11.611742}}
{"target": -11.205988800637343, "params": {"E_EA": 75.24435953819166, "E_MC": 29.110092615822886, "J": 6.131014413217017}, "datetime": {"datetime": "2024-05-07 23:12:53", "elapsed": 14.379438, "delta": 14.379438}}
{"target": -12.550477645390002, "params": {"E_EA": 56.91851069750292, "E_MC": 19.388409627632303, "J": 4.831730973544563}, "datetime": {"datetime": "2024-05-07 23:12:55", "elapsed": 113.966576, "delta": 11.918786}}
{"target": -19.22665066703759, "params": {"E_EA": 56.133243010787474, "E_MC": 17.26786692034964, "J": 3.5278671334783063}, "datetime": {"datetime": "2024-05-07 23:13:04", "elapsed": 25.335781, "delta": 10.956343}}
{"target": -10.38404044745093, "params": {"E_EA": 67.49603251358121, "E_MC": 22.168295809793907, "J": 4.847777108390403}, "datetime": {"datetime": "2024-05-07 23:13:21", "elapsed": 42.765167, "delta": 17.429386}}
{"target": -10.00370543761656, "params": {"E_EA": 60.578832185924526, "E_MC": 24.56330213059347, "J": 9.42515028140528}, "datetime": {"datetime": "2024-05-07 23:13:35", "elapsed": 56.610903, "delta": 13.845736}}
{"target": -10.621408901669197, "params": {"E_EA": 76.29771204093583, "E_MC": 28.83565003916653, "J": 6.158620756906007}, "datetime": {"datetime": "2024-05-07 23:13:47", "elapsed": 68.58928, "delta": 11.978377}}
{"target": -12.441819423544954, "params": {"E_EA": 60.43173827116331, "E_MC": 28.897295393691245, "J": 10.37853782716478}, "datetime": {"datetime": "2024-05-07 23:14:04", "elapsed": 85.609015, "delta": 17.019735}}
{"target": -12.454516133156767, "params": {"E_EA": 77.9551336994839, "E_MC": 29.141195589755444, "J": 6.070197744029969}, "datetime": {"datetime": "2024-05-07 23:14:27", "elapsed": 108.519229, "delta": 22.910214}}
{"target": -10.850749239256563, "params": {"E_EA": 68.78096474002761, "E_MC": 22.586238653373186, "J": 4.790580008941738}, "datetime": {"datetime": "2024-05-07 23:14:45", "elapsed": 126.918096, "delta": 18.398867}}
{"target": -15.590280193181515, "params": {"E_EA": 52.49710903385102, "E_MC": 14.493845562460725, "J": 3.468607814174765}, "datetime": {"datetime": "2024-05-07 23:14:56", "elapsed": 137.844601, "delta": 10.926505}}
{"target": -7.162989250018013, "params": {"E_EA": 55.461531828063414, "E_MC": 20.59099976021759, "J": 7.474944708393721}, "datetime": {"datetime": "2024-05-08 12:12:45", "elapsed": 0.0, "delta": 0.0}}
{"target": -11.886658706542487, "params": {"E_EA": 57.27618088859772, "E_MC": 24.377811724896123, "J": 7.850347489414201}, "datetime": {"datetime": "2024-05-08 12:12:52", "elapsed": 0.0, "delta": 0.0}}
{"target": -13.551548935067736, "params": {"E_EA": 62.90393847115919, "E_MC": 20.919237599013922, "J": 6.560185510358675}, "datetime": {"datetime": "2024-05-08 12:13:08", "elapsed": 16.108701, "delta": 16.108701}}
{"target": -16.651674183354952, "params": {"E_EA": 51.346461122040196, "E_MC": 17.688935067512276, "J": 5.552189163478399}, "datetime": {"datetime": "2024-05-08 12:13:09", "elapsed": 24.563709, "delta": 24.563709}}
{"target": -12.202055341462621, "params": {"E_EA": 60.257835813019646, "E_MC": 20.180100708919493, "J": 4.543938286312667}, "datetime": {"datetime": "2024-05-08 12:13:19", "elapsed": 27.235383, "delta": 11.126682}}
{"target": -13.82241244350954, "params": {"E_EA": 53.7999077008376, "E_MC": 14.890424361369313, "J": 3.2044003135289536}, "datetime": {"datetime": "2024-05-08 12:13:36", "elapsed": 51.795942, "delta": 27.232233}}
{"target": -9.366122010056056, "params": {"E_EA": 58.680463061956836, "E_MC": 16.65260397610127, "J": 4.358930835430815}, "datetime": {"datetime": "2024-05-08 12:13:37", "elapsed": 45.540689, "delta": 18.305306}}
{"target": -10.48708967610764, "params": {"E_EA": 67.42744948370348, "E_MC": 28.736884291106072, "J": 7.175261949117576}, "datetime": {"datetime": "2024-05-08 12:13:51", "elapsed": 66.134578, "delta": 14.338636}}
{"target": -4.948392972733534, "params": {"E_EA": 68.38103303989298, "E_MC": 29.899925587672925, "J": 9.157957658380443}, "datetime": {"datetime": "2024-05-08 12:13:56", "elapsed": 64.304896, "delta": 18.764207}}
{"target": -9.116764690459423, "params": {"E_EA": 61.16878464710326, "E_MC": 18.093441154864383, "J": 4.286095999000217}, "datetime": {"datetime": "2024-05-08 12:14:05", "elapsed": 80.642322, "delta": 14.507744}}
{"target": -12.616685220862129, "params": {"E_EA": 61.51044168057675, "E_MC": 22.025041668561386, "J": 5.1370575563305625}, "datetime": {"datetime": "2024-05-08 12:14:13", "elapsed": 81.269021, "delta": 16.964125}}
{"target": -10.673228036246906, "params": {"E_EA": 55.599759555364535, "E_MC": 21.228378028661798, "J": 6.426502819669452}, "datetime": {"datetime": "2024-05-08 12:14:20", "elapsed": 95.448611, "delta": 14.806289}}
{"target": -14.19982558322999, "params": {"E_EA": 61.50845033566249, "E_MC": 29.810552139065855, "J": 11.512934419608726}, "datetime": {"datetime": "2024-05-08 12:14:33", "elapsed": 101.340835, "delta": 20.071814}}
{"target": -13.898919560223657, "params": {"E_EA": 57.48174075498353, "E_MC": 24.512127014188213, "J": 7.409910280876542}, "datetime": {"datetime": "2024-05-08 12:14:38", "elapsed": 113.198268, "delta": 17.749657}}
{"target": -14.686188651704883, "params": {"E_EA": 62.6861685357871, "E_MC": 30.0, "J": 8.601272282380606}, "datetime": {"datetime": "2024-05-08 12:14:54", "elapsed": 122.975165, "delta": 21.63433}}
{"target": -5.107379222417804, "params": {"E_EA": 66.12019413877603, "E_MC": 29.152522622336626, "J": 8.537444903579157}, "datetime": {"datetime": "2024-05-08 12:14:55", "elapsed": 130.3518, "delta": 17.153532}}
{"target": -11.379091606979113, "params": {"E_EA": 64.28997352953004, "E_MC": 29.07286331544218, "J": 11.243797606786789}, "datetime": {"datetime": "2024-05-08 12:15:08", "elapsed": 136.982221, "delta": 14.007056}}
{"target": -12.230289079886449, "params": {"E_EA": 65.67269452359226, "E_MC": 19.75528972626022, "J": 3.3012652661318818}, "datetime": {"datetime": "2024-05-08 12:15:13", "elapsed": 148.373986, "delta": 18.022186}}
{"target": -14.613737209912346, "params": {"E_EA": 76.90949923351019, "E_MC": 29.452021268161626, "J": 5.078047595102596}, "datetime": {"datetime": "2024-05-08 12:15:30", "elapsed": 165.127188, "delta": 16.753202}}
{"target": -5.77303169993143, "params": {"E_EA": 55.94396078808657, "E_MC": 20.886086574270035, "J": 7.051909189021465}, "datetime": {"datetime": "2024-05-08 12:15:30", "elapsed": 158.685574, "delta": 21.703353}}
{"target": -15.775225235346682, "params": {"E_EA": 68.52953085772742, "E_MC": 29.82738150246756, "J": 7.1230781501738605}, "datetime": {"datetime": "2024-05-08 13:18:53", "elapsed": 0.0, "delta": 0.0}}
{"target": -13.848773520904691, "params": {"E_EA": 68.8097734472106, "E_MC": 22.501278618595354, "J": 3.727813275745852}, "datetime": {"datetime": "2024-05-08 13:18:54", "elapsed": 0.0, "delta": 0.0}}
{"target": -18.543357567823126, "params": {"E_EA": 72.60015224776976, "E_MC": 29.8173405021828, "J": 6.037600989686066}, "datetime": {"datetime": "2024-05-08 13:19:13", "elapsed": 19.468464, "delta": 19.468464}}
{"target": -12.866777821948128, "params": {"E_EA": 59.36424467811622, "E_MC": 26.393122301176607, "J": 10.074823782586257}, "datetime": {"datetime": "2024-05-08 13:19:27", "elapsed": 33.653252, "delta": 33.653252}}
{"target": -16.128284712916983, "params": {"E_EA": 58.52030138636672, "E_MC": 23.032671635166015, "J": 6.176010183841367}, "datetime": {"datetime": "2024-05-08 13:19:32", "elapsed": 38.639709, "delta": 19.171245}}
{"target": -13.12764932466523, "params": {"E_EA": 75.48203933244625, "E_MC": 28.084121993264368, "J": 4.906200393922319}, "datetime": {"datetime": "2024-05-08 13:19:39", "elapsed": 46.052688, "delta": 12.399436}}
{"target": -16.670083705581135, "params": {"E_EA": 62.04924852545681, "E_MC": 26.11298985007421, "J": 6.701686384581546}, "datetime": {"datetime": "2024-05-08 13:19:49", "elapsed": 55.265966, "delta": 16.626257}}
{"target": -12.26004836699644, "params": {"E_EA": 77.67031271575703, "E_MC": 28.152606453807902, "J": 4.90728401499133}, "datetime": {"datetime": "2024-05-08 13:19:53", "elapsed": 60.203027, "delta": 14.150339}}
{"target": -8.767789199160267, "params": {"E_EA": 62.73286179544465, "E_MC": 18.943308017280536, "J": 4.327348382088999}, "datetime": {"datetime": "2024-05-08 13:20:06", "elapsed": 72.724735, "delta": 12.521708}}
{"target": -14.284945092927643, "params": {"E_EA": 62.74453282067106, "E_MC": 28.092838351889657, "J": 11.206166934832353}, "datetime": {"datetime": "2024-05-08 13:20:07", "elapsed": 73.111203, "delta": 17.845237}}
{"target": -13.604458200005515, "params": {"E_EA": 51.779725113853964, "E_MC": 16.101515593630076, "J": 4.76583540902088}, "datetime": {"datetime": "2024-05-08 13:20:22", "elapsed": 89.349898, "delta": 16.625163}}
{"target": -14.505907453962498, "params": {"E_EA": 67.57988069332602, "E_MC": 22.41291671531266, "J": 3.707024236911929}, "datetime": {"datetime": "2024-05-08 13:20:23", "elapsed": 89.327953, "delta": 16.21675}}
{"target": -11.697841031421937, "params": {"E_EA": 55.30928720490531, "E_MC": 22.833838244488206, "J": 7.678565513104553}, "datetime": {"datetime": "2024-05-08 13:20:38", "elapsed": 105.317307, "delta": 15.967409}}
{"target": -35.066440456461514, "params": {"E_EA": 54.12928906335734, "E_MC": 3.158422341786912, "J": -4.702443173612934}, "datetime": {"datetime": "2024-05-08 13:20:40", "elapsed": 106.749126, "delta": 17.421173}}
