{"target": -20.492943294182744, "params": {"E_EA": 65.0, "E_MC": 14.5, "J": 0.0}, "datetime": {"datetime": "2024-05-07 21:36:59", "elapsed": 0.0, "delta": 0.0}}
{"target": -100.0, "params": {"E_EA": 107.49916322351147, "E_MC": 7.270928637400981, "J": 16.081804361125805}, "datetime": {"datetime": "2024-05-07 21:37:00", "elapsed": 1.010382, "delta": 1.010382}}
{"target": -100.0, "params": {"E_EA": 77.47868990767117, "E_MC": 4.632715738853147, "J": -3.504293885321882}, "datetime": {"datetime": "2024-05-07 21:37:00", "elapsed": 1.334649, "delta": 1.334649}}
{"target": -100.0, "params": {"E_EA": 102.36505116523793, "E_MC": 5.159160015454347, "J": -3.5252589018086127}, "datetime": {"datetime": "2024-05-07 21:37:01", "elapsed": 1.670868, "delta": 0.660486}}
{"target": -100.0, "params": {"E_EA": 134.63317177349, "E_MC": 17.567065486350455, "J": 16.51989511766206}, "datetime": {"datetime": "2024-05-07 21:37:01", "elapsed": 2.212023, "delta": 0.541155}}
{"target": -100.0, "params": {"E_EA": 108.02995784166671, "E_MC": 10.906779031410743, "J": 11.520572091422224}, "datetime": {"datetime": "2024-05-07 21:37:02", "elapsed": 2.737074, "delta": 0.525051}}
{"target": -100.0, "params": {"E_EA": 82.65375291378407, "E_MC": 25.724743859618627, "J": -10.419154446662407}, "datetime": {"datetime": "2024-05-07 21:37:05", "elapsed": 6.110204, "delta": 3.37313}}
{"target": -100.0, "params": {"E_EA": 54.87397561057921, "E_MC": 9.891037292307088, "J": 4.57171424365795}, "datetime": {"datetime": "2024-05-07 21:37:08", "elapsed": 8.778717, "delta": 2.668513}}
{"target": -31.48753753772443, "params": {"E_EA": 68.05388322303352, "E_MC": 15.70797650307017, "J": -1.238701751378476}, "datetime": {"datetime": "2024-05-07 21:37:12", "elapsed": 12.855966, "delta": 4.077249}}
{"target": -100.0, "params": {"E_EA": 62.05752441780653, "E_MC": 19.14181681717051, "J": -3.2635964270446074}, "datetime": {"datetime": "2024-05-07 21:37:17", "elapsed": 17.664971, "delta": 4.809005}}
{"target": -90.3728347896911, "params": {"E_EA": 67.43239015142544, "E_MC": 12.533541291112034, "J": 1.2616325362553118}, "datetime": {"datetime": "2024-05-07 21:37:20", "elapsed": 20.613711, "delta": 2.94874}}
{"target": -47.27443373828148, "params": {"E_EA": 39.68380451617908, "E_MC": 26.079845822963716, "J": 16.32217390444719}, "datetime": {"datetime": "2024-05-07 21:37:23", "elapsed": 24.333539, "delta": 22.99889}}
{"target": -37.20296712863123, "params": {"E_EA": 65.80436290609659, "E_MC": 15.782872993281675, "J": -1.0668030203548193}, "datetime": {"datetime": "2024-05-07 21:37:24", "elapsed": 24.717672, "delta": 4.103961}}
{"target": -25.29363142211636, "params": {"E_EA": 65.0799398765267, "E_MC": 13.570060476295087, "J": -1.670784506151499}, "datetime": {"datetime": "2024-05-07 21:37:28", "elapsed": 28.979107, "delta": 4.261435}}
{"target": -100.0, "params": {"E_EA": 45.76989918111336, "E_MC": 13.02767682501181, "J": -9.257145132000817}, "datetime": {"datetime": "2024-05-07 21:37:28", "elapsed": 29.3212, "delta": 4.987661}}
{"target": -100.0, "params": {"E_EA": 124.28936252411867, "E_MC": 21.107686268569253, "J": 18.945774646393005}, "datetime": {"datetime": "2024-05-07 21:37:29", "elapsed": 29.924682, "delta": 0.603482}}
{"target": -100.0, "params": {"E_EA": 135.25686911382934, "E_MC": 12.553854106748483, "J": -10.498291314785533}, "datetime": {"datetime": "2024-05-07 21:37:30", "elapsed": 31.321473, "delta": 1.396791}}
{"target": -45.820515116331464, "params": {"E_EA": 67.74760899417159, "E_MC": 14.213986436042727, "J": -3.6976698273807753}, "datetime": {"datetime": "2024-05-07 21:37:32", "elapsed": 33.234828, "delta": 4.255721}}
{"target": -23.11214200449179, "params": {"E_EA": 62.47516339906954, "E_MC": 13.593051927237806, "J": -0.2104041728608941}, "datetime": {"datetime": "2024-05-07 21:37:36", "elapsed": 37.278829, "delta": 4.044001}}
{"target": -39.819999039419734, "params": {"E_EA": 62.19595253832925, "E_MC": 14.393169646269312, "J": 3.0570587514197882}, "datetime": {"datetime": "2024-05-07 21:37:39", "elapsed": 40.525812, "delta": 3.246983}}
{"target": -37.158200112019045, "params": {"E_EA": 71.40025791807037, "E_MC": 18.14934812147392, "J": -2.2269497003575234}, "datetime": {"datetime": "2024-05-07 21:37:44", "elapsed": 44.915476, "delta": 4.389664}}
{"target": -35.5538453268288, "params": {"E_EA": 71.27454402068541, "E_MC": 18.032640831658636, "J": -2.320311200286937}, "datetime": {"datetime": "2024-05-07 21:37:48", "elapsed": 0.0, "delta": 0.0}}
{"target": -16.214985630879877, "params": {"E_EA": 69.72726493402467, "E_MC": 19.38625867652181, "J": 1.588760519287542}, "datetime": {"datetime": "2024-05-07 21:37:52", "elapsed": 4.163359, "delta": 4.163359}}
{"target": -18.837001761469786, "params": {"E_EA": 73.38857703773307, "E_MC": 20.379226610356937, "J": 2.25579295345585}, "datetime": {"datetime": "2024-05-07 21:37:56", "elapsed": 8.161585, "delta": 3.998226}}
{"target": -40.754398573161936, "params": {"E_EA": 70.90127267237801, "E_MC": 23.573226637807263, "J": 1.1565738953528446}, "datetime": {"datetime": "2024-05-07 21:38:01", "elapsed": 12.972696, "delta": 4.811111}}
{"target": -24.322279049320947, "params": {"E_EA": 70.62437158987821, "E_MC": 21.918011524012233, "J": 5.160025641979541}, "datetime": {"datetime": "2024-05-07 21:38:02", "elapsed": 0.0, "delta": 0.0}}
{"target": -58.419537568917136, "params": {"E_EA": 38.6842063416606, "E_MC": 25.66943868901952, "J": 16.058517300279085}, "datetime": {"datetime": "2024-05-07 21:38:04", "elapsed": 64.718346, "delta": 33.396873}}
{"target": -100.0, "params": {"E_EA": 72.98800947652761, "E_MC": 18.649805111502808, "J": 6.007374676748171}, "datetime": {"datetime": "2024-05-07 21:38:04", "elapsed": 16.03669, "delta": 3.063994}}
{"target": -42.50186717988405, "params": {"E_EA": 70.94480737889015, "E_MC": 24.12280046135144, "J": 1.2413581224571275}, "datetime": {"datetime": "2024-05-07 21:38:07", "elapsed": 4.853558, "delta": 4.853558}}
{"target": -16.814424675807803, "params": {"E_EA": 63.55430772124115, "E_MC": 17.074125166136998, "J": 1.6878247047005464}, "datetime": {"datetime": "2024-05-07 21:38:08", "elapsed": 69.159191, "delta": 4.440845}}
{"target": -26.209432366542355, "params": {"E_EA": 74.37495421768227, "E_MC": 19.35266370817446, "J": -1.0881142894479403}, "datetime": {"datetime": "2024-05-07 21:38:08", "elapsed": 20.490164, "delta": 4.453474}}
{"target": -100.0, "params": {"E_EA": 72.98313660002702, "E_MC": 17.966888629468784, "J": 5.864030340853206}, "datetime": {"datetime": "2024-05-07 21:38:10", "elapsed": 7.641922, "delta": 2.788364}}
{"target": -32.74888250640972, "params": {"E_EA": 74.77381063859126, "E_MC": 23.007391541642413, "J": 0.29378310538454144}, "datetime": {"datetime": "2024-05-07 21:38:13", "elapsed": 24.683976, "delta": 4.193812}}
{"target": -83.56629391006145, "params": {"E_EA": 65.85038314979072, "E_MC": 19.83098270399272, "J": -3.175160441824679}, "datetime": {"datetime": "2024-05-07 21:38:13", "elapsed": 73.814778, "delta": 4.655587}}
{"target": -12.143042806426907, "params": {"E_EA": 66.66868311810532, "E_MC": 21.462745392199075, "J": 3.843627648521624}, "datetime": {"datetime": "2024-05-07 21:38:14", "elapsed": 11.439799, "delta": 3.797877}}
{"target": -100.0, "params": {"E_EA": 63.06662999918157, "E_MC": 13.530750990470612, "J": 3.586435671797593}, "datetime": {"datetime": "2024-05-07 21:38:16", "elapsed": 76.827362, "delta": 3.012584}}
{"target": -21.465849575714834, "params": {"E_EA": 79.13321875641574, "E_MC": 19.480059531879206, "J": -0.47727316563079825}, "datetime": {"datetime": "2024-05-07 21:38:16", "elapsed": 28.225765, "delta": 3.541789}}
{"target": -20.292690138856425, "params": {"E_EA": 65.11580131065517, "E_MC": 25.588552535738327, "J": 5.390458876395492}, "datetime": {"datetime": "2024-05-07 21:38:18", "elapsed": 15.47715, "delta": 4.037351}}
{"target": -29.02976877336859, "params": {"E_EA": 80.69088313222039, "E_MC": 22.541083640153612, "J": 2.5273141714414216}, "datetime": {"datetime": "2024-05-07 21:38:20", "elapsed": 31.65989, "delta": 3.434125}}
{"target": -46.00684419569848, "params": {"E_EA": 64.22059109843892, "E_MC": 16.1008917707757, "J": -1.3509420770334302}, "datetime": {"datetime": "2024-05-07 21:38:20", "elapsed": 81.268193, "delta": 4.440831}}
{"target": -12.508084132498249, "params": {"E_EA": 63.86557425377926, "E_MC": 21.565729151248075, "J": 6.5690724111746945}, "datetime": {"datetime": "2024-05-07 21:38:21", "elapsed": 19.018627, "delta": 3.541477}}
{"target": -92.02533572192098, "params": {"E_EA": 83.73246568356218, "E_MC": 18.279591630202614, "J": 1.2679350182488645}, "datetime": {"datetime": "2024-05-07 21:38:22", "elapsed": 34.397441, "delta": 2.737551}}
{"target": -15.538716246043514, "params": {"E_EA": 65.63494409289301, "E_MC": 16.37809154694906, "J": 1.2139121520198712}, "datetime": {"datetime": "2024-05-07 21:38:23", "elapsed": 84.426461, "delta": 3.158268}}
{"target": -52.32758042358791, "params": {"E_EA": 66.43187930500224, "E_MC": 23.133629933279728, "J": 8.854903630988996}, "datetime": {"datetime": "2024-05-07 21:38:24", "elapsed": 21.587901, "delta": 2.569274}}
{"target": -17.409594965678295, "params": {"E_EA": 64.67550559556665, "E_MC": 19.190603759292866, "J": 2.4370887425290952}, "datetime": {"datetime": "2024-05-07 21:38:27", "elapsed": 87.816215, "delta": 3.389754}}
{"target": -51.15894331256875, "params": {"E_EA": 61.410859796288456, "E_MC": 23.75479338228804, "J": 3.7571166550220374}, "datetime": {"datetime": "2024-05-07 21:38:28", "elapsed": 25.710398, "delta": 4.122497}}
{"target": -24.89381009868538, "params": {"E_EA": 68.33563368558802, "E_MC": 13.81067150191527, "J": -0.1367921875645387}, "datetime": {"datetime": "2024-05-07 21:38:30", "elapsed": 90.908118, "delta": 3.091903}}
{"target": -13.287336573407275, "params": {"E_EA": 76.20309961426173, "E_MC": 23.747902698790597, "J": 2.9512270546012473}, "datetime": {"datetime": "2024-05-07 21:38:31", "elapsed": 28.666903, "delta": 2.956505}}
{"target": -27.781757980592225, "params": {"E_EA": 60.7792947033057, "E_MC": 19.990907752208695, "J": 3.2549481119331993}, "datetime": {"datetime": "2024-05-07 21:38:34", "elapsed": 94.765725, "delta": 3.857607}}
{"target": -12.473174093742555, "params": {"E_EA": 74.77272015511619, "E_MC": 26.777994641164717, "J": 6.1038157358277285}, "datetime": {"datetime": "2024-05-07 21:38:35", "elapsed": 32.113707, "delta": 3.446804}}
{"target": -24.704710904071952, "params": {"E_EA": 58.28353769989665, "E_MC": 15.86010602659604, "J": 1.750646607891042}, "datetime": {"datetime": "2024-05-07 21:38:35", "elapsed": 0.0, "delta": 0.0}}
{"target": -47.00574232630339, "params": {"E_EA": 69.444541670232, "E_MC": 17.764259355735327, "J": 3.638723820466521}, "datetime": {"datetime": "2024-05-07 21:38:37", "elapsed": 97.679801, "delta": 2.914076}}
{"target": -15.480122625827079, "params": {"E_EA": 62.02326533348088, "E_MC": 18.64478847296415, "J": 5.250840252909349}, "datetime": {"datetime": "2024-05-07 21:38:39", "elapsed": 3.407697, "delta": 3.407697}}
{"target": -13.735019962732025, "params": {"E_EA": 78.63501110959436, "E_MC": 27.04936092911613, "J": 3.8015796973585054}, "datetime": {"datetime": "2024-05-07 21:38:42", "elapsed": 6.51394, "delta": 3.106243}}
{"target": -10.400982829818354, "params": {"E_EA": 74.09789948480366, "E_MC": 27.740403257923255, "J": 6.286185213615649}, "datetime": {"datetime": "2024-05-07 21:38:45", "elapsed": 9.946615, "delta": 3.432675}}
{"target": -100.0, "params": {"E_EA": 78.50010595835535, "E_MC": 24.625620710156173, "J": 7.383917843055123}, "datetime": {"datetime": "2024-05-07 21:38:48", "elapsed": 12.284758, "delta": 2.338143}}
{"target": -59.70659100642843, "params": {"E_EA": 75.71660520170747, "E_MC": 28.868316236097897, "J": 1.8876857385216148}, "datetime": {"datetime": "2024-05-07 21:38:51", "elapsed": 15.888789, "delta": 3.604031}}
{"target": -42.1536076676193, "params": {"E_EA": 75.42371547568021, "E_MC": 28.601641331604284, "J": 2.652017876774393}, "datetime": {"datetime": "2024-05-07 21:38:52", "elapsed": 0.0, "delta": 0.0}}
{"target": -30.342179614908872, "params": {"E_EA": 79.34400219284599, "E_MC": 25.232372309969445, "J": 0.47929694179809273}, "datetime": {"datetime": "2024-05-07 21:38:55", "elapsed": 19.403278, "delta": 3.514489}}
{"target": -35.9470559778177, "params": {"E_EA": 80.8473483889504, "E_MC": 26.52325706372343, "J": -0.31224077507315684}, "datetime": {"datetime": "2024-05-07 21:38:56", "elapsed": 3.765112, "delta": 3.765112}}
{"target": -8.703304653498618, "params": {"E_EA": 70.65576252449678, "E_MC": 26.064224222924057, "J": 6.478884974638742}, "datetime": {"datetime": "2024-05-07 21:38:58", "elapsed": 22.887082, "delta": 3.483804}}
{"target": -9.157679563297263, "params": {"E_EA": 70.63995002704688, "E_MC": 26.60759959821729, "J": 7.012276351464806}, "datetime": {"datetime": "2024-05-07 21:38:59", "elapsed": 6.985749, "delta": 3.220637}}
{"target": -5.616584450243753, "params": {"E_EA": 70.70428613749289, "E_MC": 29.671287457694554, "J": 8.074277058120423}, "datetime": {"datetime": "2024-05-07 21:39:02", "elapsed": 26.161172, "delta": 3.27409}}
{"target": -48.03604776892388, "params": {"E_EA": 67.11529236210993, "E_MC": 29.66125593957356, "J": 5.386910363314019}, "datetime": {"datetime": "2024-05-07 21:39:03", "elapsed": 10.741789, "delta": 3.75604}}
{"target": -30.475362177992267, "params": {"E_EA": 69.61181589961359, "E_MC": 28.345290495990078, "J": 5.160401368607438}, "datetime": {"datetime": "2024-05-07 21:39:05", "elapsed": 29.695251, "delta": 3.534079}}
{"target": -22.976367266220702, "params": {"E_EA": 72.17107812721073, "E_MC": 13.585870335045687, "J": -2.137954495286426}, "datetime": {"datetime": "2024-05-07 21:39:06", "elapsed": 14.21258, "delta": 3.470791}}
{"target": -22.104763197913293, "params": {"E_EA": 72.41905928900931, "E_MC": 29.986242164015213, "J": 10.298101674744178}, "datetime": {"datetime": "2024-05-07 21:39:10", "elapsed": 17.645317, "delta": 3.432737}}
{"target": -28.6179311077714, "params": {"E_EA": 77.09479610667934, "E_MC": 16.244253746146185, "J": -4.119648679960838}, "datetime": {"datetime": "2024-05-07 21:39:13", "elapsed": 20.852065, "delta": 3.206748}}
{"target": -19.929698548116527, "params": {"E_EA": 67.89515038091707, "E_MC": 30.0, "J": 11.520675262758477}, "datetime": {"datetime": "2024-05-07 21:39:15", "elapsed": 0.0, "delta": 0.0}}
{"target": -45.57857783954559, "params": {"E_EA": 58.715954505518475, "E_MC": 18.934190316431927, "J": 8.04052426029994}, "datetime": {"datetime": "2024-05-07 21:39:16", "elapsed": 23.62625, "delta": 2.774185}}
{"target": -30.080656670630997, "params": {"E_EA": 77.1355868624012, "E_MC": 16.309177240666614, "J": -4.776933286765827}, "datetime": {"datetime": "2024-05-07 21:39:19", "elapsed": 3.805166, "delta": 3.805166}}
{"target": -52.09487982163794, "params": {"E_EA": 76.40438240986079, "E_MC": 15.768900712520276, "J": 0.2528514911936508}, "datetime": {"datetime": "2024-05-07 21:39:19", "elapsed": 26.804016, "delta": 3.177766}}
{"target": -84.58441720478507, "params": {"E_EA": 60.23975384215448, "E_MC": 20.89605120254447, "J": 10.246127932243002}, "datetime": {"datetime": "2024-05-07 21:39:22", "elapsed": 6.668309, "delta": 2.863143}}
{"target": -17.379107220609214, "params": {"E_EA": 83.41653160349892, "E_MC": 29.760011851746068, "J": 4.060570809974749}, "datetime": {"datetime": "2024-05-07 21:39:22", "elapsed": 29.933561, "delta": 3.129545}}
{"target": -100.0, "params": {"E_EA": 70.32476577490199, "E_MC": 28.835413058107648, "J": 16.74477262722214}, "datetime": {"datetime": "2024-05-07 21:39:24", "elapsed": 8.964337, "delta": 2.296028}}
{"target": -54.54656680919619, "params": {"E_EA": 46.51635719504888, "E_MC": 29.323669652765428, "J": 16.573711672301876}, "datetime": {"datetime": "2024-05-07 21:39:29", "elapsed": 13.761549, "delta": 4.797212}}
{"target": -70.81692354324683, "params": {"E_EA": 73.5366891524371, "E_MC": 14.747810713898161, "J": -8.691889253208718}, "datetime": {"datetime": "2024-05-07 21:39:33", "elapsed": 17.846335, "delta": 4.084786}}
{"target": -22.450960349242337, "params": {"E_EA": 87.6390941952099, "E_MC": 30.0, "J": 1.773258615927709}, "datetime": {"datetime": "2024-05-07 21:39:36", "elapsed": 0.0, "delta": 0.0}}
{"target": -16.30832016123063, "params": {"E_EA": 83.82834923631347, "E_MC": 29.542744141080995, "J": 3.800272395269644}, "datetime": {"datetime": "2024-05-07 21:39:37", "elapsed": 21.365675, "delta": 3.51934}}
{"target": -50.657871131815135, "params": {"E_EA": 87.10522942202036, "E_MC": 29.424275790814185, "J": 6.566669469963831}, "datetime": {"datetime": "2024-05-07 21:39:39", "elapsed": 2.656517, "delta": 2.656517}}
{"target": -23.653646511824956, "params": {"E_EA": 89.02573254674459, "E_MC": 29.442370297934175, "J": 4.168676388715937}, "datetime": {"datetime": "2024-05-07 21:39:39", "elapsed": 24.085297, "delta": 2.719622}}
{"target": -100.0, "params": {"E_EA": 87.59255977807706, "E_MC": 29.808656223821128, "J": 9.17988041095888}, "datetime": {"datetime": "2024-05-07 21:39:42", "elapsed": 26.433451, "delta": 2.348154}}
{"target": -32.659841893341145, "params": {"E_EA": 91.72334176098542, "E_MC": 30.0, "J": -1.7948032336859043}, "datetime": {"datetime": "2024-05-07 21:39:42", "elapsed": 6.28761, "delta": 3.631093}}
{"target": -28.688177595620513, "params": {"E_EA": 86.71342186749344, "E_MC": 27.893801485280676, "J": -0.01566500533591153}, "datetime": {"datetime": "2024-05-07 21:39:45", "elapsed": 29.982255, "delta": 3.548804}}
{"target": -51.57834534255932, "params": {"E_EA": 85.79773376251909, "E_MC": 29.63816150339521, "J": -1.780044849875253}, "datetime": {"datetime": "2024-05-07 21:39:46", "elapsed": 9.970967, "delta": 3.683357}}
{"target": -25.70831580807248, "params": {"E_EA": 93.86166899053093, "E_MC": 30.0, "J": 3.231698266744369}, "datetime": {"datetime": "2024-05-07 21:39:50", "elapsed": 13.359909, "delta": 3.388942}}
{"target": -35.34300446594863, "params": {"E_EA": 91.62037657942462, "E_MC": 25.735623848625316, "J": 1.787603909691735}, "datetime": {"datetime": "2024-05-07 21:39:53", "elapsed": 16.332137, "delta": 2.972228}}
{"target": -21.457007559172904, "params": {"E_EA": 97.84339912238056, "E_MC": 28.578004924124098, "J": -0.23028444786076907}, "datetime": {"datetime": "2024-05-07 21:39:56", "elapsed": 19.677803, "delta": 3.345666}}
{"target": -22.679321025576293, "params": {"E_EA": 98.3091587291787, "E_MC": 30.0, "J": -0.5558559847024162}, "datetime": {"datetime": "2024-05-07 21:39:59", "elapsed": 0.0, "delta": 0.0}}
{"target": -100.0, "params": {"E_EA": 98.52265925209161, "E_MC": 26.808167506114298, "J": 4.394871482077812}, "datetime": {"datetime": "2024-05-07 21:39:59", "elapsed": 22.50906, "delta": 2.831257}}
{"target": -100.0, "params": {"E_EA": 99.45968449215916, "E_MC": 27.38021785119716, "J": 3.8424664937228763}, "datetime": {"datetime": "2024-05-07 21:40:02", "elapsed": 2.986279, "delta": 2.986279}}
{"target": -35.41730249780744, "params": {"E_EA": 97.58010194943293, "E_MC": 30.0, "J": -4.250042193952158}, "datetime": {"datetime": "2024-05-07 21:40:03", "elapsed": 26.660067, "delta": 4.151007}}
{"target": -36.124308584934795, "params": {"E_EA": 97.58359698614247, "E_MC": 30.0, "J": -5.12618243010987}, "datetime": {"datetime": "2024-05-07 21:40:06", "elapsed": 6.99445, "delta": 4.008171}}
{"target": -27.76260409600738, "params": {"E_EA": 94.68975751462148, "E_MC": 26.234516405026604, "J": -3.1989895385583687}, "datetime": {"datetime": "2024-05-07 21:40:07", "elapsed": 30.395661, "delta": 3.735594}}
{"target": -24.058734462591293, "params": {"E_EA": 103.44671113747714, "E_MC": 30.0, "J": -3.7876365222792905}, "datetime": {"datetime": "2024-05-07 21:40:09", "elapsed": 10.577237, "delta": 3.582787}}
{"target": -34.41035779729181, "params": {"E_EA": 104.33435560178758, "E_MC": 26.52416240422172, "J": -8.146284288113623}, "datetime": {"datetime": "2024-05-07 21:40:12", "elapsed": 13.836956, "delta": 3.259719}}
{"target": -22.838681682308327, "params": {"E_EA": 108.44313472431114, "E_MC": 29.15090474198297, "J": -4.561276183274273}, "datetime": {"datetime": "2024-05-07 21:40:16", "elapsed": 17.237897, "delta": 3.400941}}
{"target": -24.11535055979194, "params": {"E_EA": 109.10864872228129, "E_MC": 30.0, "J": -4.725871717368919}, "datetime": {"datetime": "2024-05-07 21:40:16", "elapsed": 0.0, "delta": 0.0}}
{"target": -44.40670769584959, "params": {"E_EA": 107.3577285111222, "E_MC": 24.450449253971843, "J": -3.055330281095473}, "datetime": {"datetime": "2024-05-07 21:40:19", "elapsed": 20.087412, "delta": 2.849515}}
{"target": -41.28117409440043, "params": {"E_EA": 107.50111794105842, "E_MC": 25.366918638135918, "J": -2.757710593665994}, "datetime": {"datetime": "2024-05-07 21:40:19", "elapsed": 2.651023, "delta": 2.651023}}
{"target": -41.68582871585023, "params": {"E_EA": 109.42182113908116, "E_MC": 30.0, "J": -9.607541189110094}, "datetime": {"datetime": "2024-05-07 21:40:22", "elapsed": 23.389596, "delta": 3.302184}}
{"target": -44.84356362173208, "params": {"E_EA": 109.68017560117971, "E_MC": 30.0, "J": -10.28673807300042}, "datetime": {"datetime": "2024-05-07 21:40:23", "elapsed": 6.175332, "delta": 3.524309}}
{"target": -26.159976599374676, "params": {"E_EA": 112.87405962038505, "E_MC": 29.584158887387513, "J": -3.162847180062837}, "datetime": {"datetime": "2024-05-07 21:40:25", "elapsed": 26.306254, "delta": 2.916658}}
{"target": -20.81458162375058, "params": {"E_EA": 99.35305005399076, "E_MC": 24.369388950245295, "J": -4.399459810659781}, "datetime": {"datetime": "2024-05-07 21:40:26", "elapsed": 9.301119, "delta": 3.125787}}
{"target": -45.737627853982815, "params": {"E_EA": 109.06046821421762, "E_MC": 30.0, "J": 0.39021940749924144}, "datetime": {"datetime": "2024-05-07 21:40:27", "elapsed": 28.666852, "delta": 2.360598}}
{"target": -37.12561288133133, "params": {"E_EA": 97.50478499401831, "E_MC": 23.666411137740575, "J": -9.3257644402516}, "datetime": {"datetime": "2024-05-07 21:40:29", "elapsed": 12.566715, "delta": 3.265596}}
