{"target": -30.866190779571028, "params": {"E_EA": 99.20496538597548, "E_MC": 19.456820323857592, "J": -5.205527846233542}, "datetime": {"datetime": "2024-05-07 21:40:32", "elapsed": 15.346343, "delta": 2.779628}}
{"target": -35.0106736395492, "params": {"E_EA": 114.05558139939147, "E_MC": 30.0, "J": -1.806783709587029}, "datetime": {"datetime": "2024-05-07 21:40:34", "elapsed": 17.859355, "delta": 2.513012}}
{"target": -29.338877049884644, "params": {"E_EA": 115.76453475632776, "E_MC": 25.432835271381375, "J": -6.154760192198939}, "datetime": {"datetime": "2024-05-07 21:40:36", "elapsed": 0.0, "delta": 0.0}}
{"target": -19.486323564035253, "params": {"E_EA": 104.25567762954266, "E_MC": 19.584863803316164, "J": -8.843568644412308}, "datetime": {"datetime": "2024-05-07 21:40:37", "elapsed": 20.84434, "delta": 2.984985}}
{"target": -32.515980417857044, "params": {"E_EA": 119.11698682977227, "E_MC": 30.0, "J": -3.774131279513202}, "datetime": {"datetime": "2024-05-07 21:40:38", "elapsed": 2.547724, "delta": 2.547724}}
{"target": -100.0, "params": {"E_EA": 117.18046812611057, "E_MC": 24.650798830230226, "J": -0.95690480042283}, "datetime": {"datetime": "2024-05-07 21:40:40", "elapsed": 4.58006, "delta": 2.032336}}
{"target": -32.05538365930927, "params": {"E_EA": 101.21155229566698, "E_MC": 17.3265055207079, "J": -12.108384559758479}, "datetime": {"datetime": "2024-05-07 21:40:40", "elapsed": 24.084417, "delta": 3.240077}}
{"target": -26.631461542897217, "params": {"E_EA": 116.3053803525258, "E_MC": 30.0, "J": -8.360338751241887}, "datetime": {"datetime": "2024-05-07 21:40:43", "elapsed": 7.512247, "delta": 2.932187}}
{"target": -39.49591941286952, "params": {"E_EA": 107.2492847124008, "E_MC": 19.91533764454502, "J": -12.973816834505824}, "datetime": {"datetime": "2024-05-07 21:40:44", "elapsed": 27.23762, "delta": 3.153203}}
{"target": -23.870901361696465, "params": {"E_EA": 115.94921836179647, "E_MC": 23.425381938182774, "J": -11.920029986859042}, "datetime": {"datetime": "2024-05-07 21:40:46", "elapsed": 10.330958, "delta": 2.818711}}
{"target": -19.3519256870994, "params": {"E_EA": 120.36468716469933, "E_MC": 26.268714453534518, "J": -10.24052625392701}, "datetime": {"datetime": "2024-05-07 21:40:49", "elapsed": 13.13899, "delta": 2.808032}}
{"target": -41.35167380680009, "params": {"E_EA": 119.44043235798668, "E_MC": 27.897119360995895, "J": -15.497758434858696}, "datetime": {"datetime": "2024-05-07 21:40:52", "elapsed": 16.5775, "delta": 3.43851}}
{"target": -26.168056879423037, "params": {"E_EA": 121.84920944565073, "E_MC": 21.838059326208032, "J": -13.514586428141593}, "datetime": {"datetime": "2024-05-07 21:40:55", "elapsed": 0.0, "delta": 0.0}}
{"target": -31.398292912495997, "params": {"E_EA": 119.81570966523007, "E_MC": 22.155481140820683, "J": -9.283231176694308}, "datetime": {"datetime": "2024-05-07 21:40:55", "elapsed": 19.1777, "delta": 2.6002}}
{"target": -23.627675447274335, "params": {"E_EA": 123.4838842259419, "E_MC": 30.0, "J": -8.270546077431097}, "datetime": {"datetime": "2024-05-07 21:40:58", "elapsed": 22.009514, "delta": 2.831814}}
{"target": -46.58057851500023, "params": {"E_EA": 119.1586222528238, "E_MC": 26.979459970605635, "J": -15.248334347999968}, "datetime": {"datetime": "2024-05-07 21:40:58", "elapsed": 3.489154, "delta": 3.489154}}
{"target": -23.98217358127321, "params": {"E_EA": 126.33636700312509, "E_MC": 26.553356811930108, "J": -12.873467584078497}, "datetime": {"datetime": "2024-05-07 21:41:01", "elapsed": 24.950877, "delta": 2.941363}}
{"target": -33.42110096269389, "params": {"E_EA": 119.04445486746044, "E_MC": 22.069019906001504, "J": -8.645637458353317}, "datetime": {"datetime": "2024-05-07 21:41:01", "elapsed": 5.860451, "delta": 2.371297}}
{"target": -23.967306940038945, "params": {"E_EA": 123.13329862119556, "E_MC": 29.794776944735307, "J": -7.126248701450958}, "datetime": {"datetime": "2024-05-07 21:41:04", "elapsed": 8.768545, "delta": 2.908094}}
{"target": -23.1513388394023, "params": {"E_EA": 125.06515506850866, "E_MC": 24.834067376494424, "J": -10.098403753331384}, "datetime": {"datetime": "2024-05-07 21:41:07", "elapsed": 12.055918, "delta": 3.287373}}
{"target": -22.425927370937977, "params": {"E_EA": 128.14427676291893, "E_MC": 29.51102011737379, "J": -11.543075883177387}, "datetime": {"datetime": "2024-05-07 21:41:10", "elapsed": 15.186168, "delta": 3.13025}}
{"target": -55.45566041980386, "params": {"E_EA": 128.77270838966263, "E_MC": 27.14100404049758, "J": -6.55841206268259}, "datetime": {"datetime": "2024-05-07 21:41:13", "elapsed": 18.289009, "delta": 3.102841}}
{"target": -43.82622798550601, "params": {"E_EA": 130.8055627401863, "E_MC": 26.032522065797814, "J": -8.417891835233075}, "datetime": {"datetime": "2024-05-07 21:41:13", "elapsed": 0.0, "delta": 0.0}}
{"target": -65.29673722559176, "params": {"E_EA": 105.25954891479553, "E_MC": 15.37668800756754, "J": -7.253519423558297}, "datetime": {"datetime": "2024-05-07 21:41:16", "elapsed": 2.865555, "delta": 2.865555}}
{"target": -21.00223440729538, "params": {"E_EA": 128.73651476936664, "E_MC": 24.564619842427156, "J": -14.415241939961941}, "datetime": {"datetime": "2024-05-07 21:41:17", "elapsed": 22.010912, "delta": 3.721903}}
{"target": -40.12928708119268, "params": {"E_EA": 127.81994728782699, "E_MC": 29.675325142809132, "J": -18.486601512771735}, "datetime": {"datetime": "2024-05-07 21:41:20", "elapsed": 6.154043, "delta": 3.288488}}
{"target": -36.07335629778359, "params": {"E_EA": 125.29481277001116, "E_MC": 27.349123257280777, "J": -15.651681980235095}, "datetime": {"datetime": "2024-05-07 21:41:20", "elapsed": 25.176104, "delta": 3.165192}}
{"target": -24.292139998462236, "params": {"E_EA": 117.2140129521583, "E_MC": 17.115304186103657, "J": -13.97746236556273}, "datetime": {"datetime": "2024-05-07 21:41:22", "elapsed": 8.903214, "delta": 2.749171}}
{"target": -30.559925667496707, "params": {"E_EA": 132.4650164613023, "E_MC": 27.63619742140828, "J": -15.931927491232166}, "datetime": {"datetime": "2024-05-07 21:41:23", "elapsed": 28.15992, "delta": 2.983816}}
{"target": -21.667078852916834, "params": {"E_EA": 122.35136171255168, "E_MC": 16.132777829845796, "J": -16.285483496526606}, "datetime": {"datetime": "2024-05-07 21:41:25", "elapsed": 11.614614, "delta": 2.7114}}
{"target": -38.13818452409065, "params": {"E_EA": 118.53638154142683, "E_MC": 17.898381691613377, "J": -19.53146889315325}, "datetime": {"datetime": "2024-05-07 21:41:28", "elapsed": 14.764725, "delta": 3.150111}}
{"target": -100.0, "params": {"E_EA": 120.64458751611224, "E_MC": 13.598122959153752, "J": -10.291044468087303}, "datetime": {"datetime": "2024-05-07 21:41:30", "elapsed": 16.80431, "delta": 2.039585}}
{"target": -23.122744655920958, "params": {"E_EA": 125.8515104633747, "E_MC": 18.371946680514583, "J": -18.17892993175469}, "datetime": {"datetime": "2024-05-07 21:41:33", "elapsed": 19.700359, "delta": 2.896049}}
{"target": -25.831882447777698, "params": {"E_EA": 126.30332916590397, "E_MC": 18.451844190058335, "J": -18.31803007035854}, "datetime": {"datetime": "2024-05-07 21:41:34", "elapsed": 0.0, "delta": 0.0}}
{"target": -25.79286469824094, "params": {"E_EA": 123.7885804719585, "E_MC": 14.261611684514229, "J": -19.872918087456}, "datetime": {"datetime": "2024-05-07 21:41:36", "elapsed": 22.810611, "delta": 3.110252}}
{"target": -35.760023789844006, "params": {"E_EA": 131.4214849965032, "E_MC": 22.067170320615176, "J": -19.15966635185731}, "datetime": {"datetime": "2024-05-07 21:41:37", "elapsed": 3.046738, "delta": 3.046738}}
{"target": -20.43935925473993, "params": {"E_EA": 129.5316166987049, "E_MC": 22.17512217967567, "J": -15.757350438003428}, "datetime": {"datetime": "2024-05-07 21:41:39", "elapsed": 25.550573, "delta": 2.739962}}
{"target": -25.706335916242473, "params": {"E_EA": 127.18649794343283, "E_MC": 19.926319792029812, "J": -13.390304427757233}, "datetime": {"datetime": "2024-05-07 21:41:40", "elapsed": 5.766131, "delta": 2.719393}}
{"target": -18.73193086057462, "params": {"E_EA": 125.67435190248877, "E_MC": 12.69452863495234, "J": -19.758032178609092}, "datetime": {"datetime": "2024-05-07 21:41:43", "elapsed": 9.31929, "delta": 3.553159}}
{"target": -23.836491932333974, "params": {"E_EA": 123.41021388447561, "E_MC": 8.214997316025642, "J": -19.41555693428463}, "datetime": {"datetime": "2024-05-07 21:41:47", "elapsed": 12.697893, "delta": 3.378603}}
{"target": -23.243963117539582, "params": {"E_EA": 120.81533897047666, "E_MC": 12.352906160872521, "J": -20.0}, "datetime": {"datetime": "2024-05-07 21:41:50", "elapsed": 16.388366, "delta": 3.690473}}
{"target": -68.90121750379647, "params": {"E_EA": 128.52196754254038, "E_MC": 5.594046698233742, "J": -19.333770072773326}, "datetime": {"datetime": "2024-05-07 21:41:53", "elapsed": 19.317659, "delta": 2.929293}}
{"target": -25.73477360684448, "params": {"E_EA": 116.89820474892714, "E_MC": 7.668974830484692, "J": -19.156990688597894}, "datetime": {"datetime": "2024-05-07 21:41:56", "elapsed": 22.476439, "delta": 3.15878}}
{"target": -22.816755378828947, "params": {"E_EA": 113.05496121513802, "E_MC": 14.623437352250505, "J": -16.744499569234907}, "datetime": {"datetime": "2024-05-07 21:42:00", "elapsed": 25.728736, "delta": 3.252297}}
{"target": -30.090978594879147, "params": {"E_EA": 110.45728718786927, "E_MC": 11.822078922845323, "J": -19.93149122665365}, "datetime": {"datetime": "2024-05-07 21:42:03", "elapsed": 29.318346, "delta": 3.58961}}
{"target": -32.726839048242596, "params": {"E_EA": 111.23799573609965, "E_MC": 10.164506295730357, "J": -20.0}, "datetime": {"datetime": "2024-05-07 21:42:04", "elapsed": 0.0, "delta": 0.0}}
{"target": -49.342569182890095, "params": {"E_EA": 111.73490085975739, "E_MC": 19.128113452020905, "J": -19.623400335389572}, "datetime": {"datetime": "2024-05-07 21:42:07", "elapsed": 3.416859, "delta": 3.416859}}
{"target": -46.214039700262276, "params": {"E_EA": 113.2629412519862, "E_MC": 8.889520754347602, "J": -14.239818789793492}, "datetime": {"datetime": "2024-05-07 21:42:09", "elapsed": 5.859599, "delta": 2.44274}}
{"target": -24.15665430053663, "params": {"E_EA": 110.56509107325655, "E_MC": 23.51763094757972, "J": -8.811197205587483}, "datetime": {"datetime": "2024-05-07 21:42:12", "elapsed": 8.766656, "delta": 2.907057}}
{"target": -21.335094993600496, "params": {"E_EA": 112.28436283818067, "E_MC": 18.309949916098052, "J": -10.745023101286982}, "datetime": {"datetime": "2024-05-07 21:42:15", "elapsed": 11.701407, "delta": 2.934751}}
{"target": -35.662897968361555, "params": {"E_EA": 119.7542221037231, "E_MC": 3.894572609983121, "J": -19.81819419863525}, "datetime": {"datetime": "2024-05-07 21:42:18", "elapsed": 14.231248, "delta": 2.529841}}
{"target": -86.49679717831843, "params": {"E_EA": 119.27571468563629, "E_MC": 3.41043202371806, "J": -18.417272769443137}, "datetime": {"datetime": "2024-05-07 21:42:18", "elapsed": 0.0, "delta": 0.0}}
{"target": -20.153698631937996, "params": {"E_EA": 137.7071640293791, "E_MC": 30.0, "J": -11.821308133969474}, "datetime": {"datetime": "2024-05-07 21:42:21", "elapsed": 16.979483, "delta": 2.748235}}
{"target": -28.17809236032768, "params": {"E_EA": 116.24270979336097, "E_MC": 12.868243249564395, "J": -19.44844615799715}, "datetime": {"datetime": "2024-05-07 21:42:22", "elapsed": 3.25294, "delta": 3.25294}}
{"target": -23.407744182172284, "params": {"E_EA": 138.81911462958976, "E_MC": 25.9286527356857, "J": -13.96714147051985}, "datetime": {"datetime": "2024-05-07 21:42:23", "elapsed": 19.837816, "delta": 2.858333}}
{"target": -21.870997804787617, "params": {"E_EA": 137.71130661676543, "E_MC": 30.0, "J": -11.811813844587046}, "datetime": {"datetime": "2024-05-07 21:42:25", "elapsed": 6.322981, "delta": 3.070041}}
{"target": -76.61705106936246, "params": {"E_EA": 139.9124303905104, "E_MC": 26.52366926238644, "J": -8.626580468902976}, "datetime": {"datetime": "2024-05-07 21:42:26", "elapsed": 22.301891, "delta": 2.464075}}
{"target": -32.34232683085307, "params": {"E_EA": 141.16388479012505, "E_MC": 26.688425337085047, "J": -13.498074024171395}, "datetime": {"datetime": "2024-05-07 21:42:28", "elapsed": 9.062824, "delta": 2.739843}}
{"target": -25.460881931090345, "params": {"E_EA": 138.65948918717876, "E_MC": 30.0, "J": -16.654627399300104}, "datetime": {"datetime": "2024-05-07 21:42:30", "elapsed": 25.868742, "delta": 3.566851}}
{"target": -75.0512838442841, "params": {"E_EA": 140.98980373265823, "E_MC": 29.278947025177207, "J": -6.826699871335734}, "datetime": {"datetime": "2024-05-07 21:42:30", "elapsed": 11.772908, "delta": 2.710084}}
{"target": -29.949622122068526, "params": {"E_EA": 138.234728710072, "E_MC": 30.0, "J": -17.03468774641435}, "datetime": {"datetime": "2024-05-07 21:42:33", "elapsed": 14.930165, "delta": 3.157257}}
{"target": -31.930363102823613, "params": {"E_EA": 135.3195318287105, "E_MC": 23.993017951484497, "J": -13.01489513182792}, "datetime": {"datetime": "2024-05-07 21:42:36", "elapsed": 17.895819, "delta": 2.965654}}
{"target": -20.702963607073155, "params": {"E_EA": 137.26777119476128, "E_MC": 29.954648708013863, "J": -13.607255253902881}, "datetime": {"datetime": "2024-05-07 21:42:40", "elapsed": 0.0, "delta": 0.0}}
{"target": -26.99937635934096, "params": {"E_EA": 145.4205781712694, "E_MC": 30.0, "J": -18.85925969755431}, "datetime": {"datetime": "2024-05-07 21:42:40", "elapsed": 21.427155, "delta": 3.531336}}
{"target": -24.080194945499926, "params": {"E_EA": 137.32847656535333, "E_MC": 30.0, "J": -12.49479510880226}, "datetime": {"datetime": "2024-05-07 21:42:43", "elapsed": 3.118315, "delta": 3.118315}}
{"target": -21.54140816560661, "params": {"E_EA": 145.88192922122863, "E_MC": 24.27810162627385, "J": -18.978047503965477}, "datetime": {"datetime": "2024-05-07 21:42:43", "elapsed": 24.744175, "delta": 3.31702}}
{"target": -100.0, "params": {"E_EA": 98.86529424371922, "E_MC": 15.64961408693691, "J": 7.598301231489852}, "datetime": {"datetime": "2024-05-07 21:42:44", "elapsed": 3.941707, "delta": 0.823392}}
{"target": -25.970284285077227, "params": {"E_EA": 139.76610512355379, "E_MC": 24.295868472189753, "J": -19.482669728485455}, "datetime": {"datetime": "2024-05-07 21:42:47", "elapsed": 28.250529, "delta": 3.506354}}
{"target": -7.749100389883719, "params": {"E_EA": 69.7807660047232, "E_MC": 26.241211578540142, "J": 6.106916412143288}, "datetime": {"datetime": "2024-05-07 21:42:47", "elapsed": 7.24095, "delta": 3.299243}}
{"target": -12.646114666693485, "params": {"E_EA": 74.44094028127881, "E_MC": 27.802467890045914, "J": 7.152532721869136}, "datetime": {"datetime": "2024-05-07 21:42:50", "elapsed": 10.412906, "delta": 3.171956}}
{"target": -14.381450466543914, "params": {"E_EA": 75.07997167691616, "E_MC": 28.281460290048468, "J": 7.023177932030222}, "datetime": {"datetime": "2024-05-07 21:42:53", "elapsed": 13.474841, "delta": 3.061935}}
{"target": -16.809375965762086, "params": {"E_EA": 66.09180784667087, "E_MC": 22.174261301389013, "J": 3.8202505410327383}, "datetime": {"datetime": "2024-05-07 21:42:57", "elapsed": 17.448726, "delta": 3.973885}}
{"target": -20.883372222647218, "params": {"E_EA": 75.51476985921539, "E_MC": 27.196970593162092, "J": 6.982824998471656}, "datetime": {"datetime": "2024-05-07 21:43:01", "elapsed": 0.0, "delta": 0.0}}
{"target": -10.325068560929758, "params": {"E_EA": 73.70103972245701, "E_MC": 28.584952326662755, "J": 7.248290666279779}, "datetime": {"datetime": "2024-05-07 21:43:01", "elapsed": 21.283993, "delta": 3.835267}}
{"target": -6.539618252140868, "params": {"E_EA": 70.79330339696602, "E_MC": 28.86389832145195, "J": 8.05158933538393}, "datetime": {"datetime": "2024-05-07 21:43:05", "elapsed": 3.823941, "delta": 3.823941}}
{"target": -8.435996741158748, "params": {"E_EA": 70.35657826652468, "E_MC": 26.82264259903567, "J": 6.234473759579287}, "datetime": {"datetime": "2024-05-07 21:43:05", "elapsed": 25.354173, "delta": 4.07018}}
{"target": -9.43748988575338, "params": {"E_EA": 66.06673604084189, "E_MC": 21.363723557499952, "J": 4.516932273921359}, "datetime": {"datetime": "2024-05-07 21:43:08", "elapsed": 7.720141, "delta": 3.8962}}
{"target": -19.21522939688878, "params": {"E_EA": 64.62572153137626, "E_MC": 16.73885358317477, "J": 1.4484760803805488}, "datetime": {"datetime": "2024-05-07 21:43:09", "elapsed": 29.58659, "delta": 4.232417}}
{"target": -13.502741656089874, "params": {"E_EA": 65.667539589396, "E_MC": 21.326020036130775, "J": 3.6052106399022854}, "datetime": {"datetime": "2024-05-07 21:43:13", "elapsed": 11.821151, "delta": 4.10101}}
{"target": -7.867689543905381, "params": {"E_EA": 70.55970852930626, "E_MC": 28.664436148294854, "J": 6.97850720568837}, "datetime": {"datetime": "2024-05-07 21:43:17", "elapsed": 15.90824, "delta": 4.087089}}
{"target": -7.61716703313142, "params": {"E_EA": 69.71584397079042, "E_MC": 26.592369675624614, "J": 6.721763827171124}, "datetime": {"datetime": "2024-05-07 21:43:21", "elapsed": 20.135437, "delta": 4.227197}}
{"target": -12.072453813614874, "params": {"E_EA": 66.6782548596758, "E_MC": 21.007491033838157, "J": 4.915335367447145}, "datetime": {"datetime": "2024-05-07 21:43:25", "elapsed": 23.890589, "delta": 3.755152}}
{"target": -11.654041342309991, "params": {"E_EA": 70.91332877012556, "E_MC": 28.247607630920697, "J": 8.601588921798648}, "datetime": {"datetime": "2024-05-07 21:43:28", "elapsed": 27.530989, "delta": 3.6404}}
{"target": -10.55499670917448, "params": {"E_EA": 66.26369846908874, "E_MC": 20.480374533256477, "J": 4.0936691031532035}, "datetime": {"datetime": "2024-05-07 21:43:29", "elapsed": 0.0, "delta": 0.0}}
{"target": -17.382332044411655, "params": {"E_EA": 70.84239539618123, "E_MC": 29.401021515193342, "J": 6.283340940798393}, "datetime": {"datetime": "2024-05-07 21:43:32", "elapsed": 31.539945, "delta": 4.008956}}
{"target": -11.25713622373078, "params": {"E_EA": 71.63890058972765, "E_MC": 29.01902281309459, "J": 6.440061867462678}, "datetime": {"datetime": "2024-05-07 21:43:33", "elapsed": 3.902528, "delta": 3.902528}}
{"target": -6.874596607978968, "params": {"E_EA": 71.35545413783055, "E_MC": 29.76191400569177, "J": 7.4710189709843675}, "datetime": {"datetime": "2024-05-07 21:43:36", "elapsed": 35.360071, "delta": 3.820126}}
{"target": -9.15812413766329, "params": {"E_EA": 72.20861496905759, "E_MC": 29.18650258192919, "J": 8.209809160763754}, "datetime": {"datetime": "2024-05-07 21:43:36", "elapsed": 7.554639, "delta": 3.652111}}
{"target": -6.231253803398746, "params": {"E_EA": 70.12980867855453, "E_MC": 29.386291218737263, "J": 7.524099246191188}, "datetime": {"datetime": "2024-05-07 21:43:40", "elapsed": 11.491343, "delta": 3.936704}}
{"target": -8.775544233595848, "params": {"E_EA": 71.7789140371952, "E_MC": 29.606797396998005, "J": 7.048953179576408}, "datetime": {"datetime": "2024-05-07 21:43:44", "elapsed": 15.432816, "delta": 3.941473}}
{"target": -22.5935353461775, "params": {"E_EA": 138.31502576327492, "E_MC": 29.383553477300744, "J": -12.810310058167222}, "datetime": {"datetime": "2024-05-07 21:43:48", "elapsed": 19.281432, "delta": 3.848616}}
{"target": -8.70415158232814, "params": {"E_EA": 73.41017341005299, "E_MC": 29.651464547956614, "J": 6.858225660603736}, "datetime": {"datetime": "2024-05-07 21:43:51", "elapsed": 0.0, "delta": 0.0}}
{"target": -8.04527269573034, "params": {"E_EA": 72.16615906614592, "E_MC": 28.826828210618128, "J": 7.2445592666386105}, "datetime": {"datetime": "2024-05-07 21:43:52", "elapsed": 23.186648, "delta": 3.905216}}
{"target": -7.056241300620886, "params": {"E_EA": 69.91567222279122, "E_MC": 27.929477408057377, "J": 7.089949566971718}, "datetime": {"datetime": "2024-05-07 21:43:55", "elapsed": 3.914293, "delta": 3.914293}}
{"target": -10.766230559456071, "params": {"E_EA": 72.94069080711726, "E_MC": 27.285878279572973, "J": 6.689156312794019}, "datetime": {"datetime": "2024-05-07 21:43:56", "elapsed": 26.912845, "delta": 3.726197}}
{"target": -7.945842391906664, "params": {"E_EA": 71.80164786107154, "E_MC": 28.32601419400393, "J": 7.479835260472706}, "datetime": {"datetime": "2024-05-07 21:43:59", "elapsed": 7.914432, "delta": 4.000139}}
{"target": -9.381259826810298, "params": {"E_EA": 71.33029932227925, "E_MC": 27.811052736254634, "J": 7.752233418762337}, "datetime": {"datetime": "2024-05-07 21:43:59", "elapsed": 30.727634, "delta": 3.814789}}
{"target": -13.347749882552728, "params": {"E_EA": 72.72919341342974, "E_MC": 27.89341936657765, "J": 7.7858095866984325}, "datetime": {"datetime": "2024-05-07 21:44:03", "elapsed": 34.297725, "delta": 3.570091}}
{"target": -16.762241086301273, "params": {"E_EA": 73.60794592361148, "E_MC": 29.375897964692356, "J": 5.690536378234199}, "datetime": {"datetime": "2024-05-07 21:44:03", "elapsed": 12.206851, "delta": 4.292419}}
{"target": -14.81994174681511, "params": {"E_EA": 72.10890642175845, "E_MC": 27.806483102410052, "J": 8.239449449693549}, "datetime": {"datetime": "2024-05-07 21:44:07", "elapsed": 15.882862, "delta": 3.676011}}
{"target": -10.09858080498006, "params": {"E_EA": 74.87088086666722, "E_MC": 29.67655827997547, "J": 7.224607695009048}, "datetime": {"datetime": "2024-05-07 21:44:10", "elapsed": 19.40845, "delta": 3.525588}}
{"target": -19.294675060611667, "params": {"E_EA": 74.02567191176661, "E_MC": 29.161286863349382, "J": 8.866765102686372}, "datetime": {"datetime": "2024-05-07 21:44:14", "elapsed": 22.923364, "delta": 3.514914}}
{"target": -25.95677499702312, "params": {"E_EA": 71.85125488252712, "E_MC": 28.689518453784483, "J": 9.905731439140855}, "datetime": {"datetime": "2024-05-07 21:44:17", "elapsed": 0.0, "delta": 0.0}}
{"target": -19.964522255009648, "params": {"E_EA": 73.88610928532427, "E_MC": 27.829941569353, "J": 8.094808732241155}, "datetime": {"datetime": "2024-05-07 21:44:17", "elapsed": 26.236724, "delta": 3.31336}}
