{"target": -18.883369253169455, "params": {"E_EA": 73.7896347879597, "E_MC": 23.33578107831558, "J": 4.699620006802338}, "datetime": {"datetime": "2024-05-07 22:05:56", "elapsed": 0.0, "delta": 0.0}}
{"target": -21.214308538030032, "params": {"E_EA": 108.65197120763834, "E_MC": 14.811376670240929, "J": -12.05366046751665}, "datetime": {"datetime": "2024-05-07 22:06:00", "elapsed": 4.194883, "delta": 4.194883}}
{"target": -23.683827377149683, "params": {"E_EA": 144.50490547784796, "E_MC": 19.076570639658378, "J": -19.312912918996595}, "datetime": {"datetime": "2024-05-07 22:06:05", "elapsed": 9.110883, "delta": 4.916}}
{"target": -24.824424766364437, "params": {"E_EA": 106.49524917238017, "E_MC": 11.790244685798017, "J": -12.441421163943449}, "datetime": {"datetime": "2024-05-07 22:06:09", "elapsed": 13.283283, "delta": 4.1724}}
{"target": -21.80535922295308, "params": {"E_EA": 149.9221688523501, "E_MC": 28.940898001295174, "J": -18.780229821183575}, "datetime": {"datetime": "2024-05-07 22:06:14", "elapsed": 18.154337, "delta": 4.871054}}
{"target": -31.74504933851584, "params": {"E_EA": 79.2247313208531, "E_MC": 21.259353357255417, "J": -2.439663661997379}, "datetime": {"datetime": "2024-05-07 22:06:20", "elapsed": 24.060372, "delta": 5.906035}}
{"target": -24.57562334438023, "params": {"E_EA": 126.27065290856599, "E_MC": 13.074678715474777, "J": -17.35415675388884}, "datetime": {"datetime": "2024-05-07 22:06:25", "elapsed": 29.541329, "delta": 5.480957}}
{"target": -22.982304963928215, "params": {"E_EA": 149.82371583017613, "E_MC": 29.634163183232964, "J": -15.358744630748046}, "datetime": {"datetime": "2024-05-07 22:06:29", "elapsed": 33.12484, "delta": 3.583511}}
{"target": -13.750586507392297, "params": {"E_EA": 58.811850663560946, "E_MC": 17.507532269556993, "J": 3.4620308939239095}, "datetime": {"datetime": "2024-05-07 22:06:34", "elapsed": 38.522643, "delta": 5.397803}}
{"target": -21.738116945681607, "params": {"E_EA": 146.51845889092004, "E_MC": 28.563806670143617, "J": -15.054282102916044}, "datetime": {"datetime": "2024-05-07 22:06:38", "elapsed": 42.71305, "delta": 4.190407}}
{"target": -9.95534609201507, "params": {"E_EA": 60.47960828355075, "E_MC": 17.71597326682674, "J": 3.4386167173629936}, "datetime": {"datetime": "2024-05-07 22:07:00", "elapsed": 0.0, "delta": 0.0}}
{"target": -52.6019135439847, "params": {"E_EA": 148.35090374518708, "E_MC": 25.34264844489248, "J": -12.710115159073938}, "datetime": {"datetime": "2024-05-07 22:07:04", "elapsed": 4.256028, "delta": 4.256028}}
{"target": -21.15155827047807, "params": {"E_EA": 138.68296496294155, "E_MC": 21.687056687627845, "J": -19.928069170663143}, "datetime": {"datetime": "2024-05-07 22:07:11", "elapsed": 11.115978, "delta": 6.85995}}
{"target": -25.28674809805922, "params": {"E_EA": 110.05449828350169, "E_MC": 12.123222082431074, "J": -13.17926359465362}, "datetime": {"datetime": "2024-05-07 22:07:17", "elapsed": 16.588998, "delta": 5.47302}}
{"target": -24.870036390042134, "params": {"E_EA": 145.34828845003346, "E_MC": 29.759243743560496, "J": -13.053552212910606}, "datetime": {"datetime": "2024-05-07 22:07:22", "elapsed": 21.706934, "delta": 5.117936}}
{"target": -22.401845830476436, "params": {"E_EA": 106.64571948241883, "E_MC": 15.04118366053046, "J": -14.687323805104452}, "datetime": {"datetime": "2024-05-07 22:07:27", "elapsed": 27.149622, "delta": 5.442688}}
{"target": -25.299291381094687, "params": {"E_EA": 105.14580029098198, "E_MC": 12.656072841341434, "J": -15.865451212602926}, "datetime": {"datetime": "2024-05-07 22:07:31", "elapsed": 31.405956, "delta": 4.256334}}
{"target": -42.943768336625524, "params": {"E_EA": 105.8485214970486, "E_MC": 16.49856036414611, "J": -17.657647852550973}, "datetime": {"datetime": "2024-05-07 22:07:34", "elapsed": 0.0, "delta": 0.0}}
{"target": -5.077090952733654, "params": {"E_EA": 60.70938486971885, "E_MC": 22.798315431232922, "J": 7.607878592818956}, "datetime": {"datetime": "2024-05-07 22:07:36", "elapsed": 35.81865, "delta": 4.412694}}
{"target": -9.105897836557768, "params": {"E_EA": 61.31077487526393, "E_MC": 23.113552673211775, "J": 5.914543064140311}, "datetime": {"datetime": "2024-05-07 22:07:38", "elapsed": 3.939397, "delta": 3.939397}}
{"target": -23.01443396665045, "params": {"E_EA": 108.63922909301002, "E_MC": 13.257327964769877, "J": -16.245939470499202}, "datetime": {"datetime": "2024-05-07 22:07:41", "elapsed": 41.254378, "delta": 5.435728}}
{"target": -33.6309187615941, "params": {"E_EA": 61.33660267156876, "E_MC": 11.374853616148336, "J": -2.237329291731921}, "datetime": {"datetime": "2024-05-07 22:07:43", "elapsed": 9.088664, "delta": 5.149267}}
{"target": -47.55020295441464, "params": {"E_EA": 106.75169614022188, "E_MC": 14.27809477764821, "J": -18.77557916153558}, "datetime": {"datetime": "2024-05-07 22:07:47", "elapsed": 47.037436, "delta": 5.783058}}
{"target": -38.3204578223343, "params": {"E_EA": 50.569620312633816, "E_MC": 23.12250013252573, "J": 10.622018904786074}, "datetime": {"datetime": "2024-05-07 22:07:48", "elapsed": 14.176877, "delta": 5.088213}}
{"target": -21.78773852833939, "params": {"E_EA": 114.71391386898068, "E_MC": 14.800316558380414, "J": -14.304556170875848}, "datetime": {"datetime": "2024-05-07 22:07:53", "elapsed": 19.246232, "delta": 5.069355}}
{"target": -28.879130976931076, "params": {"E_EA": 122.67568682906021, "E_MC": 17.374111122767737, "J": -18.814954705399877}, "datetime": {"datetime": "2024-05-07 22:07:59", "elapsed": 24.398274, "delta": 5.152042}}
{"target": -23.62720564509802, "params": {"E_EA": 52.259951416770875, "E_MC": 17.960475865223145, "J": 8.434419654505533}, "datetime": {"datetime": "2024-05-07 22:08:03", "elapsed": 29.246141, "delta": 4.847867}}
{"target": -44.16994838734597, "params": {"E_EA": 144.35770128952262, "E_MC": 15.168742460921731, "J": -18.58181265548061}, "datetime": {"datetime": "2024-05-07 22:08:09", "elapsed": 34.893778, "delta": 5.647637}}
{"target": -7.3079437187625675, "params": {"E_EA": 60.33236863043753, "E_MC": 18.8118375044216, "J": 4.6210053915969915}, "datetime": {"datetime": "2024-05-07 22:08:15", "elapsed": 40.94436, "delta": 6.050582}}
{"target": -5.737750777667732, "params": {"E_EA": 60.60785770046613, "E_MC": 22.662388632337603, "J": 7.822049237610329}, "datetime": {"datetime": "2024-05-07 22:08:20", "elapsed": 45.897737, "delta": 4.953377}}
{"target": -20.71833191598902, "params": {"E_EA": 149.96839657456118, "E_MC": 25.37759481701403, "J": -19.736459033288636}, "datetime": {"datetime": "2024-05-07 22:08:39", "elapsed": 0.0, "delta": 0.0}}
{"target": -22.29300742327788, "params": {"E_EA": 67.06546742499168, "E_MC": 26.00932687274786, "J": 5.136948791076964}, "datetime": {"datetime": "2024-05-07 22:08:46", "elapsed": 6.379379, "delta": 6.379379}}
{"target": -28.745925411639856, "params": {"E_EA": 141.7028399362482, "E_MC": 29.600661680158858, "J": -17.989407243758933}, "datetime": {"datetime": "2024-05-07 22:08:53", "elapsed": 13.807636, "delta": 7.428257}}
{"target": -28.352720940072746, "params": {"E_EA": 115.72717565438428, "E_MC": 20.214008063883238, "J": -14.654125115386393}, "datetime": {"datetime": "2024-05-07 22:08:59", "elapsed": 19.512489, "delta": 5.704853}}
{"target": -24.933241639207015, "params": {"E_EA": 124.81533603155759, "E_MC": 29.97313212750078, "J": -11.684568868021579}, "datetime": {"datetime": "2024-05-07 22:09:04", "elapsed": 24.943284, "delta": 5.430795}}
{"target": -25.30499006682779, "params": {"E_EA": 126.21644686436657, "E_MC": 22.797876741758852, "J": -13.022680207962418}, "datetime": {"datetime": "2024-05-07 22:09:11", "elapsed": 31.181364, "delta": 6.23808}}
{"target": -23.190917242018678, "params": {"E_EA": 73.24394541940191, "E_MC": 10.493038722329091, "J": -4.102680832208932}, "datetime": {"datetime": "2024-05-07 22:09:12", "elapsed": 0.0, "delta": 0.0}}
{"target": -100.0, "params": {"E_EA": 73.1257417584912, "E_MC": 9.990366033021484, "J": -1.4543878960888854}, "datetime": {"datetime": "2024-05-07 22:09:15", "elapsed": 35.124333, "delta": 3.942969}}
{"target": -23.69789057007384, "params": {"E_EA": 129.358999419248, "E_MC": 27.159132210177425, "J": -13.009942592577639}, "datetime": {"datetime": "2024-05-07 22:09:16", "elapsed": 4.043788, "delta": 4.043788}}
{"target": -21.168293694352094, "params": {"E_EA": 102.57183413851878, "E_MC": 9.223409128098009, "J": -15.027376429152635}, "datetime": {"datetime": "2024-05-07 22:09:21", "elapsed": 41.398007, "delta": 6.273674}}
{"target": -7.984587858758388, "params": {"E_EA": 55.53844069966085, "E_MC": 17.368428720284708, "J": 4.589024558657098}, "datetime": {"datetime": "2024-05-07 22:09:23", "elapsed": 10.47279, "delta": 6.429002}}
{"target": -21.496730666629087, "params": {"E_EA": 100.7685897826633, "E_MC": 7.016340455629707, "J": -16.33808512990175}, "datetime": {"datetime": "2024-05-07 22:09:26", "elapsed": 46.454886, "delta": 5.056879}}
{"target": -22.251625263351475, "params": {"E_EA": 72.32854251581432, "E_MC": 8.378564491340349, "J": -6.496243568622093}, "datetime": {"datetime": "2024-05-07 22:09:27", "elapsed": 15.048028, "delta": 4.575238}}
{"target": -24.064894302707085, "params": {"E_EA": 103.54222343114782, "E_MC": 6.608913312288076, "J": -15.581494593360427}, "datetime": {"datetime": "2024-05-07 22:09:31", "elapsed": 51.543858, "delta": 5.088972}}
{"target": -40.693244768594425, "params": {"E_EA": 70.83361725788176, "E_MC": 8.182528632143175, "J": -3.846869969982685}, "datetime": {"datetime": "2024-05-07 22:09:32", "elapsed": 19.698819, "delta": 4.650791}}
{"target": -25.52530553838175, "params": {"E_EA": 72.1886316366803, "E_MC": 6.257986503388893, "J": -8.514509470580673}, "datetime": {"datetime": "2024-05-07 22:09:38", "elapsed": 25.809632, "delta": 6.110813}}
{"target": -9.03492286524066, "params": {"E_EA": 57.55877504418918, "E_MC": 21.556746424525144, "J": 8.146890389744485}, "datetime": {"datetime": "2024-05-07 22:09:43", "elapsed": 30.578735, "delta": 4.769103}}
{"target": -24.993579492401288, "params": {"E_EA": 101.33125629383039, "E_MC": 23.475018626622802, "J": -6.186228163589706}, "datetime": {"datetime": "2024-05-07 22:09:48", "elapsed": 35.881124, "delta": 5.302389}}
{"target": -23.131322963106566, "params": {"E_EA": 113.85574656561626, "E_MC": 22.41028409072234, "J": -8.909336155759364}, "datetime": {"datetime": "2024-05-07 22:09:53", "elapsed": 40.776964, "delta": 4.89584}}
{"target": -27.124891256030935, "params": {"E_EA": 56.057391982511504, "E_MC": 16.001438673849993, "J": 2.560339001790112}, "datetime": {"datetime": "2024-05-07 22:09:59", "elapsed": 46.901712, "delta": 6.124748}}
{"target": -28.435699284154023, "params": {"E_EA": 102.53160451646806, "E_MC": 8.110573069367907, "J": -18.06444701325728}, "datetime": {"datetime": "2024-05-07 22:10:21", "elapsed": 0.0, "delta": 0.0}}
{"target": -29.195090653892713, "params": {"E_EA": 98.63223100543155, "E_MC": 9.153684297452052, "J": -16.003133929501438}, "datetime": {"datetime": "2024-05-07 22:10:27", "elapsed": 5.963884, "delta": 5.963884}}
{"target": -31.97051325016379, "params": {"E_EA": 100.8692944306747, "E_MC": 6.451754440116202, "J": -13.267885786615977}, "datetime": {"datetime": "2024-05-07 22:10:32", "elapsed": 11.500308, "delta": 5.536424}}
{"target": -24.342814694115972, "params": {"E_EA": 74.94364073582932, "E_MC": 9.822280072613733, "J": -6.208991560851672}, "datetime": {"datetime": "2024-05-07 22:10:38", "elapsed": 17.317862, "delta": 5.817554}}
{"target": -24.523705639514333, "params": {"E_EA": 103.04888031807968, "E_MC": 10.442188999399722, "J": -12.585367501161793}, "datetime": {"datetime": "2024-05-07 22:10:43", "elapsed": 22.276728, "delta": 4.958866}}
{"target": -22.644025108017118, "params": {"E_EA": 101.67684912975702, "E_MC": 4.319106299034763, "J": -17.133917554796856}, "datetime": {"datetime": "2024-05-07 22:10:49", "elapsed": 28.422754, "delta": 6.146026}}
{"target": -25.43058224348632, "params": {"E_EA": 99.23621329015484, "E_MC": 4.178201848955084, "J": -18.688923498191322}, "datetime": {"datetime": "2024-05-07 22:10:54", "elapsed": 33.751532, "delta": 5.328778}}
{"target": -33.00173571362161, "params": {"E_EA": 104.99655179874765, "E_MC": 8.028932837064053, "J": -13.229769797779142}, "datetime": {"datetime": "2024-05-07 22:10:58", "elapsed": 37.288377, "delta": 3.536845}}
{"target": -56.78515704786414, "params": {"E_EA": 104.00109599211834, "E_MC": 3.3104489270427933, "J": -15.250355501890152}, "datetime": {"datetime": "2024-05-07 22:11:03", "elapsed": 0.0, "delta": 0.0}}
{"target": -27.813669905161543, "params": {"E_EA": 101.57900618898475, "E_MC": 12.615967400708675, "J": -15.44931836030678}, "datetime": {"datetime": "2024-05-07 22:11:04", "elapsed": 42.991467, "delta": 5.70309}}
{"target": -23.843752402812964, "params": {"E_EA": 119.41550284208272, "E_MC": 27.36321736845806, "J": -7.857490965458865}, "datetime": {"datetime": "2024-05-07 22:11:06", "elapsed": 3.81129, "delta": 3.81129}}
{"target": -6.705750426094877, "params": {"E_EA": 65.75783319417025, "E_MC": 26.105083334802334, "J": 6.734183765696521}, "datetime": {"datetime": "2024-05-07 22:11:08", "elapsed": 47.862533, "delta": 4.871066}}
{"target": -25.458819474250156, "params": {"E_EA": 129.63740353256347, "E_MC": 18.917778931510902, "J": -15.955860791431643}, "datetime": {"datetime": "2024-05-07 22:11:11", "elapsed": 8.339688, "delta": 4.528398}}
{"target": -22.15942017531342, "params": {"E_EA": 107.68497612977718, "E_MC": 23.558019894317987, "J": -7.606658503672704}, "datetime": {"datetime": "2024-05-07 22:11:18", "elapsed": 15.057877, "delta": 6.718189}}
{"target": -33.02530847769615, "params": {"E_EA": 48.171251494537735, "E_MC": 18.287381043949416, "J": 10.34196191190662}, "datetime": {"datetime": "2024-05-07 22:11:24", "elapsed": 21.149381, "delta": 6.091504}}
{"target": -47.4440151571806, "params": {"E_EA": 73.87066685103886, "E_MC": 8.988392609673854, "J": -9.117111578191324}, "datetime": {"datetime": "2024-05-07 22:11:29", "elapsed": 26.116208, "delta": 4.966827}}
{"target": -7.323361574565717, "params": {"E_EA": 54.34957201031238, "E_MC": 19.173956204998614, "J": 6.048547749966566}, "datetime": {"datetime": "2024-05-07 22:11:34", "elapsed": 31.087564, "delta": 4.971356}}
{"target": -26.709527655586307, "params": {"E_EA": 101.70672855960152, "E_MC": 11.944290911443083, "J": -15.254754736292593}, "datetime": {"datetime": "2024-05-07 22:11:38", "elapsed": 35.56933, "delta": 4.481766}}
{"target": -65.90295279142956, "params": {"E_EA": 68.02758404192622, "E_MC": 4.199087850980936, "J": -11.238748270305363}, "datetime": {"datetime": "2024-05-07 22:11:44", "elapsed": 41.829181, "delta": 6.259851}}
{"target": -27.458493035055792, "params": {"E_EA": 119.8716882930195, "E_MC": 10.33320911296742, "J": -17.350282332329925}, "datetime": {"datetime": "2024-05-07 22:11:50", "elapsed": 0.0, "delta": 0.0}}
{"target": -22.22277212962207, "params": {"E_EA": 106.81609491697564, "E_MC": 19.325756811912132, "J": -9.132639721078366}, "datetime": {"datetime": "2024-05-07 22:11:51", "elapsed": 48.728912, "delta": 6.899731}}
{"target": -46.523639587811, "params": {"E_EA": 126.64514553914015, "E_MC": 14.944299723062247, "J": -14.14498918604144}, "datetime": {"datetime": "2024-05-07 22:11:57", "elapsed": 6.742424, "delta": 6.742424}}
{"target": -27.038149392418113, "params": {"E_EA": 144.58528448966572, "E_MC": 26.439963659326395, "J": -19.83349486036476}, "datetime": {"datetime": "2024-05-07 22:12:02", "elapsed": 11.537914, "delta": 4.79549}}
{"target": -24.075623684122842, "params": {"E_EA": 102.17866813752838, "E_MC": 4.064613092060771, "J": -19.95838022807572}, "datetime": {"datetime": "2024-05-07 22:12:10", "elapsed": 19.519824, "delta": 7.98191}}
{"target": -6.875372106054649, "params": {"E_EA": 65.79822311131346, "E_MC": 23.71470896928395, "J": 6.54083477398013}, "datetime": {"datetime": "2024-05-07 22:12:15", "elapsed": 24.640843, "delta": 5.121019}}
{"target": -21.050222727946974, "params": {"E_EA": 122.01358308580505, "E_MC": 24.048366276477243, "J": -10.758157564573313}, "datetime": {"datetime": "2024-05-07 22:12:20", "elapsed": 29.6545, "delta": 5.013657}}
{"target": -26.39204107252323, "params": {"E_EA": 68.43417726674906, "E_MC": 4.099765561729829, "J": -8.498646748098526}, "datetime": {"datetime": "2024-05-07 22:12:25", "elapsed": 35.496584, "delta": 5.842084}}
{"target": -72.21998918447326, "params": {"E_EA": 124.30116495086001, "E_MC": 21.97655440738137, "J": -7.424955982022352}, "datetime": {"datetime": "2024-05-07 22:12:30", "elapsed": 40.417828, "delta": 4.921244}}
{"target": -13.483722790656167, "params": {"E_EA": 77.00097391621473, "E_MC": 26.211301219910126, "J": 3.9987204361851436}, "datetime": {"datetime": "2024-05-07 22:12:35", "elapsed": 45.127628, "delta": 4.7098}}
{"target": -21.765588387949478, "params": {"E_EA": 114.99910206488288, "E_MC": 16.530076043798474, "J": -16.452294538320587}, "datetime": {"datetime": "2024-05-07 22:12:48", "elapsed": 0.0, "delta": 0.0}}
{"target": -100.0, "params": {"E_EA": 23.528242442038945, "E_MC": 23.375530478661965, "J": -16.760835417025408}, "datetime": {"datetime": "2024-05-07 22:13:04", "elapsed": 74.084435, "delta": 28.956807}}
{"target": -100.0, "params": {"E_EA": 20.78866766995722, "E_MC": 9.685546184261344, "J": -1.734096480915639}, "datetime": {"datetime": "2024-05-07 22:13:17", "elapsed": 29.263831, "delta": 29.263831}}
{"target": -100.0, "params": {"E_EA": 67.9912486324647, "E_MC": 3.0111141418177594, "J": -5.335842504110083}, "datetime": {"datetime": "2024-05-07 22:13:22", "elapsed": 34.4484, "delta": 5.184569}}
{"target": -21.8415008562101, "params": {"E_EA": 117.1104241187476, "E_MC": 14.091288274979663, "J": -16.035445580520296}, "datetime": {"datetime": "2024-05-07 22:13:28", "elapsed": 39.832958, "delta": 5.384558}}
{"target": -22.17321792625694, "params": {"E_EA": 147.69691807825816, "E_MC": 29.9418414383282, "J": -17.08613236415455}, "datetime": {"datetime": "2024-05-07 22:13:57", "elapsed": 0.0, "delta": 0.0}}
{"target": -100.0, "params": {"E_EA": 25.333193803493625, "E_MC": 29.506863441131113, "J": -18.073862645562006}, "datetime": {"datetime": "2024-05-07 22:13:57", "elapsed": 69.759151, "delta": 29.926193}}
{"target": -34.219371416652855, "params": {"E_EA": 93.27970232478012, "E_MC": 3.3246307024389625, "J": -18.327075382428085}, "datetime": {"datetime": "2024-05-07 22:14:06", "elapsed": 8.35875, "delta": 8.35875}}
{"target": -24.474423922720547, "params": {"E_EA": 94.7800175442834, "E_MC": 3.3561391682820125, "J": -16.619855017116805}, "datetime": {"datetime": "2024-05-07 22:14:07", "elapsed": 79.093168, "delta": 9.334017}}
{"target": -25.468895402119657, "params": {"E_EA": 121.15001711268238, "E_MC": 13.630318335935943, "J": -17.1527638171537}, "datetime": {"datetime": "2024-05-07 22:14:10", "elapsed": 12.737398, "delta": 4.378648}}
{"target": -100.0, "params": {"E_EA": 33.39470999787383, "E_MC": 4.234208514328589, "J": 17.968733097297388}, "datetime": {"datetime": "2024-05-07 22:14:13", "elapsed": 15.232336, "delta": 2.494938}}
{"target": -27.862147163614836, "params": {"E_EA": 91.57617454997447, "E_MC": 5.15101129786199, "J": -16.535402569719103}, "datetime": {"datetime": "2024-05-07 22:14:15", "elapsed": 86.812066, "delta": 7.718898}}
{"target": -100.0, "params": {"E_EA": 149.74212127024364, "E_MC": 4.406205309469046, "J": 4.299243581026232}, "datetime": {"datetime": "2024-05-07 22:14:15", "elapsed": 17.627103, "delta": 2.394767}}
{"target": -100.0, "params": {"E_EA": 86.18096233561668, "E_MC": 3.296025777558104, "J": 19.35046084662644}, "datetime": {"datetime": "2024-05-07 22:14:18", "elapsed": 20.490926, "delta": 2.863823}}
{"target": -100.0, "params": {"E_EA": 93.71464573345517, "E_MC": 3.4542683167721084, "J": -11.514853902890065}, "datetime": {"datetime": "2024-05-07 22:14:20", "elapsed": 92.415222, "delta": 5.603156}}
{"target": -20.375496657424293, "params": {"E_EA": 132.9529409552853, "E_MC": 16.323180315985162, "J": -19.901163952558317}, "datetime": {"datetime": "2024-05-07 22:14:23", "elapsed": 26.01001, "delta": 5.519084}}
{"target": -36.123951509149784, "params": {"E_EA": 95.72081394545535, "E_MC": 5.497447645427345, "J": -19.347286077575184}, "datetime": {"datetime": "2024-05-07 22:14:26", "elapsed": 98.078203, "delta": 5.662981}}
{"target": -31.07324890748713, "params": {"E_EA": 134.69452621319385, "E_MC": 14.112503125393127, "J": -18.12278284812674}, "datetime": {"datetime": "2024-05-07 22:14:29", "elapsed": 31.510253, "delta": 5.500243}}
{"target": -23.121267088207762, "params": {"E_EA": 111.34454290348971, "E_MC": 27.558467900243503, "J": -5.440229575045198}, "datetime": {"datetime": "2024-05-07 22:14:31", "elapsed": 103.547935, "delta": 5.469732}}
{"target": -100.0, "params": {"E_EA": 54.17143138719648, "E_MC": 29.891764643489655, "J": -19.57363523163886}, "datetime": {"datetime": "2024-05-07 22:14:36", "elapsed": 38.610751, "delta": 7.100498}}
{"target": -20.84620362819452, "params": {"E_EA": 130.87631636065305, "E_MC": 17.79503809977175, "J": -19.827209942341977}, "datetime": {"datetime": "2024-05-07 22:14:58", "elapsed": 0.0, "delta": 0.0}}
{"target": -100.0, "params": {"E_EA": 30.274139063137905, "E_MC": 3.6656615273980275, "J": -19.25030856658321}, "datetime": {"datetime": "2024-05-07 22:14:58", "elapsed": 60.316095, "delta": 21.705344}}
{"target": -28.394225787019533, "params": {"E_EA": 100.36557738818304, "E_MC": 11.37430666590124, "J": -10.486836451638851}, "datetime": {"datetime": "2024-05-07 22:15:04", "elapsed": 6.872386, "delta": 6.872386}}
{"target": -28.00169121845118, "params": {"E_EA": 111.57394481727721, "E_MC": 24.129905514125653, "J": -5.861397566154896}, "datetime": {"datetime": "2024-05-07 22:15:10", "elapsed": 12.606149, "delta": 5.733763}}
{"target": -100.0, "params": {"E_EA": 20.085580590753246, "E_MC": 28.86204499706333, "J": 9.580719463003447}, "datetime": {"datetime": "2024-05-07 22:15:42", "elapsed": 44.089011, "delta": 31.482862}}
