{"target": -100.0, "params": {"E_EA": 76.02264706136556, "E_MC": 3.0, "J": 10.335921637527104}, "datetime": {"datetime": "2024-05-07 22:28:35", "elapsed": 39.039837, "delta": 3.949928}}
{"target": -100.0, "params": {"E_EA": 73.92456808329577, "E_MC": 14.805544107392276, "J": 20.0}, "datetime": {"datetime": "2024-05-07 22:28:38", "elapsed": 136.269329, "delta": 4.359879}}
{"target": -55.597235976468305, "params": {"E_EA": 98.25705118354986, "E_MC": 12.804986633081494, "J": -20.0}, "datetime": {"datetime": "2024-05-07 22:28:45", "elapsed": 49.330152, "delta": 10.290315}}
{"target": -22.19127764284422, "params": {"E_EA": 140.31254248051988, "E_MC": 26.6173678207991, "J": -17.122016446693543}, "datetime": {"datetime": "2024-05-07 22:28:52", "elapsed": 55.950713, "delta": 6.620561}}
{"target": -100.0, "params": {"E_EA": 114.66912030444124, "E_MC": 3.021008455333478, "J": 0.3789276081355588}, "datetime": {"datetime": "2024-05-07 22:28:58", "elapsed": 62.408761, "delta": 6.458048}}
{"target": -100.0, "params": {"E_EA": 117.45535955104768, "E_MC": 30.0, "J": 11.560888027032425}, "datetime": {"datetime": "2024-05-07 22:29:05", "elapsed": 69.246316, "delta": 6.837555}}
{"target": -100.0, "params": {"E_EA": 120.4441088994871, "E_MC": 15.425625938738746, "J": 7.552992141201895}, "datetime": {"datetime": "2024-05-07 22:29:11", "elapsed": 75.278647, "delta": 6.032331}}
{"target": -100.0, "params": {"E_EA": 20.36315105538656, "E_MC": 11.369415812067565, "J": -15.22741019399767}, "datetime": {"datetime": "2024-05-07 22:29:44", "elapsed": 108.180595, "delta": 32.901948}}
{"target": -34.75722378375478, "params": {"E_EA": 149.95336151469903, "E_MC": 18.06741227790223, "J": -19.876727425148403}, "datetime": {"datetime": "2024-05-07 22:29:51", "elapsed": 115.347005, "delta": 7.16641}}
{"target": -100.0, "params": {"E_EA": 135.8199444441617, "E_MC": 29.747304148050397, "J": 19.86606481259787}, "datetime": {"datetime": "2024-05-07 22:30:11", "elapsed": 0.0, "delta": 0.0}}
{"target": -100.0, "params": {"E_EA": 20.0, "E_MC": 11.198446590175838, "J": -20.0}, "datetime": {"datetime": "2024-05-07 22:30:13", "elapsed": 0.0, "delta": 0.0}}
{"target": -22.989823242305235, "params": {"E_EA": 120.60052370177979, "E_MC": 6.7242717669995296, "J": -19.875852643384246}, "datetime": {"datetime": "2024-05-07 22:30:21", "elapsed": 7.535238, "delta": 7.535238}}
{"target": -43.95154901938031, "params": {"E_EA": 28.961299822693206, "E_MC": 29.860047596569846, "J": 19.48466272586903}, "datetime": {"datetime": "2024-05-07 22:30:50", "elapsed": 39.233339, "delta": 39.233339}}
{"target": -74.48443476367916, "params": {"E_EA": 54.07662174151831, "E_MC": 3.0, "J": -6.46303295645716}, "datetime": {"datetime": "2024-05-07 22:30:58", "elapsed": 47.351702, "delta": 8.118363}}
{"target": -34.332221459248316, "params": {"E_EA": 27.89152747644893, "E_MC": 30.0, "J": 20.0}, "datetime": {"datetime": "2024-05-07 22:31:03", "elapsed": 50.04509, "delta": 42.509852}}
{"target": -100.0, "params": {"E_EA": 74.92359621124868, "E_MC": 17.019506296678433, "J": -19.479183212653545}, "datetime": {"datetime": "2024-05-07 22:31:07", "elapsed": 55.867143, "delta": 8.515441}}
{"target": -100.0, "params": {"E_EA": 137.36725900693006, "E_MC": 3.0, "J": -1.8502148283514137}, "datetime": {"datetime": "2024-05-07 22:31:12", "elapsed": 61.152118, "delta": 5.284975}}
{"target": -100.0, "params": {"E_EA": 78.09982605784577, "E_MC": 16.766891376975117, "J": -19.59391119489608}, "datetime": {"datetime": "2024-05-07 22:31:12", "elapsed": 59.299487, "delta": 9.254397}}
{"target": -100.0, "params": {"E_EA": 40.48370586208329, "E_MC": 15.570861179685991, "J": 19.979825813355312}, "datetime": {"datetime": "2024-05-07 22:31:15", "elapsed": 64.185831, "delta": 3.033713}}
{"target": -100.0, "params": {"E_EA": 62.92249032328094, "E_MC": 30.0, "J": -8.964022183184724}, "datetime": {"datetime": "2024-05-07 22:31:24", "elapsed": 73.135641, "delta": 8.94981}}
{"target": -67.37409545034798, "params": {"E_EA": 54.06804270530654, "E_MC": 3.0, "J": -6.457406524004007}, "datetime": {"datetime": "2024-05-07 22:31:25", "elapsed": 72.356434, "delta": 13.056947}}
{"target": -21.055709864156384, "params": {"E_EA": 120.07773277285237, "E_MC": 6.710467031704155, "J": -19.988284531685615}, "datetime": {"datetime": "2024-05-07 22:31:32", "elapsed": 80.912558, "delta": 7.776917}}
{"target": -100.0, "params": {"E_EA": 40.748559628670066, "E_MC": 14.102949528139462, "J": 14.459036294076771}, "datetime": {"datetime": "2024-05-07 22:31:35", "elapsed": 82.36486, "delta": 10.008426}}
{"target": -100.0, "params": {"E_EA": 96.55782008602945, "E_MC": 10.236034983141757, "J": 20.0}, "datetime": {"datetime": "2024-05-07 22:31:38", "elapsed": 87.372379, "delta": 6.459821}}
{"target": -100.0, "params": {"E_EA": 137.36971601832903, "E_MC": 3.0, "J": -1.8503380415767818}, "datetime": {"datetime": "2024-05-07 22:31:44", "elapsed": 91.112672, "delta": 8.747812}}
{"target": -100.0, "params": {"E_EA": 95.30366046873168, "E_MC": 28.418682014559046, "J": 17.95759697755542}, "datetime": {"datetime": "2024-05-07 22:31:45", "elapsed": 93.993846, "delta": 6.621467}}
{"target": -100.0, "params": {"E_EA": 126.803068504828, "E_MC": 3.0, "J": -7.620168864711089}, "datetime": {"datetime": "2024-05-07 22:31:48", "elapsed": 94.870537, "delta": 3.757865}}
{"target": -100.0, "params": {"E_EA": 94.5623916747928, "E_MC": 29.298437710062117, "J": 19.85287044954103}, "datetime": {"datetime": "2024-05-07 22:31:51", "elapsed": 98.192903, "delta": 3.322366}}
{"target": -73.41458654826748, "params": {"E_EA": 58.07268328558057, "E_MC": 30.0, "J": 20.0}, "datetime": {"datetime": "2024-05-07 22:31:59", "elapsed": 106.15601, "delta": 7.963107}}
{"target": -5.095239397453186, "params": {"E_EA": 65.9134647005331, "E_MC": 29.47889123993717, "J": 10.004958614642206}, "datetime": {"datetime": "2024-05-07 22:32:10", "elapsed": 0.0, "delta": 0.0}}
{"target": -3.7334305708425877, "params": {"E_EA": 62.5536334409088, "E_MC": 25.206102532203904, "J": 7.836888813574397}, "datetime": {"datetime": "2024-05-07 22:32:19", "elapsed": 8.778777, "delta": 8.778777}}
{"target": -92.4229007270029, "params": {"E_EA": 53.50581041285372, "E_MC": 3.157986642730658, "J": -6.874408430208806}, "datetime": {"datetime": "2024-05-07 22:32:34", "elapsed": 24.350703, "delta": 15.571926}}
{"target": -4.531816276619947, "params": {"E_EA": 58.061503458153695, "E_MC": 21.990891567903958, "J": 7.140412106417301}, "datetime": {"datetime": "2024-05-07 22:32:43", "elapsed": 33.382542, "delta": 9.031839}}
{"target": -4.588381581703953, "params": {"E_EA": 66.40406797025757, "E_MC": 28.276664727708138, "J": 8.21394270834302}, "datetime": {"datetime": "2024-05-07 22:32:53", "elapsed": 43.098196, "delta": 9.715654}}
{"target": -4.704722317513826, "params": {"E_EA": 63.31418892464045, "E_MC": 26.632392365112192, "J": 7.958142616831985}, "datetime": {"datetime": "2024-05-07 22:33:01", "elapsed": 51.50766, "delta": 8.409464}}
{"target": -5.462309160728197, "params": {"E_EA": 64.69455404169011, "E_MC": 23.57425872746086, "J": 6.36519449763588}, "datetime": {"datetime": "2024-05-07 22:33:09", "elapsed": 59.583338, "delta": 8.075678}}
{"target": -6.368017146793257, "params": {"E_EA": 69.64352561468247, "E_MC": 28.505458140493236, "J": 8.069457777809777}, "datetime": {"datetime": "2024-05-07 22:33:19", "elapsed": 69.234917, "delta": 9.651579}}
{"target": -4.294202952741872, "params": {"E_EA": 61.53451029666749, "E_MC": 22.959594254185845, "J": 6.648543878991738}, "datetime": {"datetime": "2024-05-07 22:33:28", "elapsed": 78.607898, "delta": 9.372981}}
{"target": -81.99076997445972, "params": {"E_EA": 53.97316022148126, "E_MC": 3.752681377536418, "J": -5.9992929443911045}, "datetime": {"datetime": "2024-05-07 22:33:39", "elapsed": 89.171061, "delta": 10.563163}}
{"target": -6.1311373181456394, "params": {"E_EA": 62.47670034410472, "E_MC": 27.606149059405563, "J": 9.509932697365752}, "datetime": {"datetime": "2024-05-07 22:34:03", "elapsed": 0.0, "delta": 0.0}}
{"target": -4.108381100462863, "params": {"E_EA": 62.91298309766847, "E_MC": 26.019359961638983, "J": 8.104484845066683}, "datetime": {"datetime": "2024-05-07 22:34:10", "elapsed": 7.331185, "delta": 7.331185}}
{"target": -5.918362873120131, "params": {"E_EA": 55.89285944472472, "E_MC": 17.779174390683778, "J": 5.858600877548213}, "datetime": {"datetime": "2024-05-07 22:34:19", "elapsed": 16.471939, "delta": 9.140754}}
{"target": -100.0, "params": {"E_EA": 143.0442206214953, "E_MC": 13.465655718355418, "J": 7.782712606438693}, "datetime": {"datetime": "2024-05-07 22:34:22", "elapsed": 19.807328, "delta": 3.335389}}
{"target": -4.948475884425925, "params": {"E_EA": 64.60725755199677, "E_MC": 29.085401835210277, "J": 9.909110410426834}, "datetime": {"datetime": "2024-05-07 22:34:32", "elapsed": 29.165683, "delta": 9.358355}}
{"target": -100.0, "params": {"E_EA": 56.12105482126943, "E_MC": 21.125872599698795, "J": 2.089692429141806}, "datetime": {"datetime": "2024-05-07 22:34:40", "elapsed": 37.477875, "delta": 8.312192}}
{"target": -5.106826556492103, "params": {"E_EA": 65.3465566024161, "E_MC": 28.71084235441659, "J": 9.53465028952425}, "datetime": {"datetime": "2024-05-07 22:34:49", "elapsed": 46.176946, "delta": 8.699071}}
{"target": -3.714597182940139, "params": {"E_EA": 63.93648127119149, "E_MC": 26.315667025037506, "J": 7.931639449926706}, "datetime": {"datetime": "2024-05-07 22:34:56", "elapsed": 53.458388, "delta": 7.281442}}
{"target": -5.858391937459737, "params": {"E_EA": 64.31523132796735, "E_MC": 26.024480195934466, "J": 8.649213803772732}, "datetime": {"datetime": "2024-05-07 22:35:10", "elapsed": 67.492223, "delta": 14.033835}}
{"target": -3.730326388072519, "params": {"E_EA": 59.606061351222145, "E_MC": 20.58920737086624, "J": 5.986292385610778}, "datetime": {"datetime": "2024-05-07 22:35:20", "elapsed": 77.508277, "delta": 10.016054}}
{"target": -100.0, "params": {"E_EA": 106.20917983704703, "E_MC": 11.345441493459907, "J": 4.898632197512992}, "datetime": {"datetime": "2024-05-07 22:35:54", "elapsed": 0.0, "delta": 0.0}}
{"target": -7.218997124010171, "params": {"E_EA": 64.2016824444716, "E_MC": 21.871199070986098, "J": 5.722726102581351}, "datetime": {"datetime": "2024-05-07 22:36:04", "elapsed": 9.787101, "delta": 9.787101}}
{"target": -3.653152697016786, "params": {"E_EA": 59.44654450973236, "E_MC": 21.32976127100969, "J": 6.476422804065752}, "datetime": {"datetime": "2024-05-07 22:36:11", "elapsed": 17.413098, "delta": 7.625997}}
{"target": -5.999686570979143, "params": {"E_EA": 64.69985490981256, "E_MC": 29.112591030806215, "J": 8.690405808840858}, "datetime": {"datetime": "2024-05-07 22:36:21", "elapsed": 26.681864, "delta": 9.268766}}
{"target": -6.566155456792764, "params": {"E_EA": 63.89635853330298, "E_MC": 24.191722862042468, "J": 7.743831810137195}, "datetime": {"datetime": "2024-05-07 22:36:22", "elapsed": 0.0, "delta": 0.0}}
{"target": -4.176997501232295, "params": {"E_EA": 65.5179020880434, "E_MC": 28.233495664114102, "J": 8.55330686689973}, "datetime": {"datetime": "2024-05-07 22:36:31", "elapsed": 36.85449, "delta": 10.172626}}
{"target": -5.271447303225385, "params": {"E_EA": 56.643268168856835, "E_MC": 17.68014115536102, "J": 4.9846767261750635}, "datetime": {"datetime": "2024-05-07 22:36:35", "elapsed": 12.808521, "delta": 12.808521}}
{"target": -4.477299687939513, "params": {"E_EA": 65.3032069888896, "E_MC": 27.56212151917931, "J": 8.930415940906336}, "datetime": {"datetime": "2024-05-07 22:36:40", "elapsed": 46.659641, "delta": 9.805151}}
{"target": -4.819910118135205, "params": {"E_EA": 61.97612832143785, "E_MC": 26.322268297591705, "J": 8.946189056958517}, "datetime": {"datetime": "2024-05-07 22:36:44", "elapsed": 22.641961, "delta": 9.83344}}
{"target": -72.00635657175684, "params": {"E_EA": 53.62468353745904, "E_MC": 3.3228237725219056, "J": -6.285280562730122}, "datetime": {"datetime": "2024-05-07 22:36:51", "elapsed": 56.826128, "delta": 10.166487}}
{"target": -4.532682273230627, "params": {"E_EA": 63.18616885754857, "E_MC": 25.625055819321744, "J": 7.432988976059747}, "datetime": {"datetime": "2024-05-07 22:36:54", "elapsed": 32.134648, "delta": 9.492687}}
{"target": -5.140745918416253, "params": {"E_EA": 64.8842211676243, "E_MC": 28.062293726282732, "J": 9.484309239315753}, "datetime": {"datetime": "2024-05-07 22:37:02", "elapsed": 68.004445, "delta": 11.178317}}
{"target": -7.4052264165844175, "params": {"E_EA": 65.69809016491793, "E_MC": 23.538845318219987, "J": 5.628230786410352}, "datetime": {"datetime": "2024-05-07 22:37:04", "elapsed": 42.054944, "delta": 9.920296}}
{"target": -5.2421450784532215, "params": {"E_EA": 64.85552933806889, "E_MC": 29.789317696313613, "J": 9.864912410123182}, "datetime": {"datetime": "2024-05-07 22:37:09", "elapsed": 75.581107, "delta": 7.576662}}
{"target": -5.535693294343778, "params": {"E_EA": 66.15172860246287, "E_MC": 26.807193970535035, "J": 7.2223899632562265}, "datetime": {"datetime": "2024-05-07 22:37:12", "elapsed": 49.989736, "delta": 7.934792}}
{"target": -4.380506895512786, "params": {"E_EA": 56.34719944105222, "E_MC": 19.046197061136688, "J": 6.0389869153146805}, "datetime": {"datetime": "2024-05-07 22:37:20", "elapsed": 86.572371, "delta": 10.991264}}
{"target": -3.726680141338923, "params": {"E_EA": 62.44297098206375, "E_MC": 23.958411271124987, "J": 7.123168636156109}, "datetime": {"datetime": "2024-05-07 22:37:24", "elapsed": 62.515617, "delta": 12.525881}}
{"target": -4.894410004179408, "params": {"E_EA": 63.50242249242308, "E_MC": 27.564738703762163, "J": 9.022654050222108}, "datetime": {"datetime": "2024-05-07 22:37:38", "elapsed": 75.919302, "delta": 13.403685}}
{"target": -4.873671581422638, "params": {"E_EA": 60.4071464506584, "E_MC": 23.653070353555442, "J": 6.997714381902579}, "datetime": {"datetime": "2024-05-07 22:37:47", "elapsed": 84.806863, "delta": 8.887561}}
{"target": -3.340420128418979, "params": {"E_EA": 58.694440988141665, "E_MC": 20.96945951663303, "J": 6.478253216383926}, "datetime": {"datetime": "2024-05-07 22:38:00", "elapsed": 98.153946, "delta": 13.347083}}
{"target": -4.637978368351804, "params": {"E_EA": 67.6438854540319, "E_MC": 28.75444804868816, "J": 8.279234747205336}, "datetime": {"datetime": "2024-05-07 22:38:05", "elapsed": 0.0, "delta": 0.0}}
{"target": -4.452240059500888, "params": {"E_EA": 60.18727903648106, "E_MC": 21.382555616621016, "J": 6.099433985048636}, "datetime": {"datetime": "2024-05-07 22:38:16", "elapsed": 11.124669, "delta": 11.124669}}
{"target": -4.5009392920276925, "params": {"E_EA": 61.65089809114738, "E_MC": 25.771585793016303, "J": 8.476731460851532}, "datetime": {"datetime": "2024-05-07 22:38:27", "elapsed": 21.817952, "delta": 10.693283}}
{"target": -5.477091321605629, "params": {"E_EA": 54.998856632234755, "E_MC": 18.465710566832072, "J": 5.959615926177555}, "datetime": {"datetime": "2024-05-07 22:38:40", "elapsed": 34.587269, "delta": 12.769317}}
{"target": -5.546995742351934, "params": {"E_EA": 58.578044681777484, "E_MC": 21.744320610068606, "J": 6.398913797798187}, "datetime": {"datetime": "2024-05-07 22:38:48", "elapsed": 43.160464, "delta": 8.573195}}
{"target": -5.167847930069003, "params": {"E_EA": 63.56156053576619, "E_MC": 23.47717144158387, "J": 6.294724819072691}, "datetime": {"datetime": "2024-05-07 22:38:58", "elapsed": 52.657462, "delta": 9.496998}}
{"target": -4.27539402213918, "params": {"E_EA": 64.2946807753836, "E_MC": 26.762348449856642, "J": 8.559783518295884}, "datetime": {"datetime": "2024-05-07 22:39:11", "elapsed": 65.722619, "delta": 13.065157}}
{"target": -100.0, "params": {"E_EA": 78.7351157410545, "E_MC": 4.801941860113251, "J": 0.06720991436475998}, "datetime": {"datetime": "2024-05-07 22:39:15", "elapsed": 70.084465, "delta": 4.361846}}
{"target": -5.269879591559701, "params": {"E_EA": 63.22461243112753, "E_MC": 23.779366594370167, "J": 7.3866964308638146}, "datetime": {"datetime": "2024-05-07 22:39:25", "elapsed": 0.0, "delta": 0.0}}
{"target": -7.691106194156394, "params": {"E_EA": 65.94963424313278, "E_MC": 27.621354306002292, "J": 9.58286620108045}, "datetime": {"datetime": "2024-05-07 22:39:32", "elapsed": 86.763393, "delta": 16.678928}}
{"target": -6.591342536052829, "params": {"E_EA": 69.79433510065599, "E_MC": 28.82191659023815, "J": 7.436364448260161}, "datetime": {"datetime": "2024-05-07 22:39:36", "elapsed": 11.028295, "delta": 11.028295}}
{"target": -8.691397568371958, "params": {"E_EA": 64.69555697622445, "E_MC": 23.38633460638124, "J": 5.361753235656003}, "datetime": {"datetime": "2024-05-07 22:39:44", "elapsed": 19.368108, "delta": 8.339813}}
{"target": -5.327857664612228, "params": {"E_EA": 66.11150584521866, "E_MC": 28.119364319222136, "J": 9.146175373588385}, "datetime": {"datetime": "2024-05-07 22:39:46", "elapsed": 100.723878, "delta": 13.960485}}
{"target": -5.638317047787808, "params": {"E_EA": 69.86034457843674, "E_MC": 29.318630413524573, "J": 8.477133134970405}, "datetime": {"datetime": "2024-05-07 22:39:53", "elapsed": 28.613531, "delta": 9.245423}}
{"target": -3.9829267109381665, "params": {"E_EA": 59.78253665315188, "E_MC": 23.007917034180394, "J": 7.548263072578489}, "datetime": {"datetime": "2024-05-07 22:40:07", "elapsed": 41.981252, "delta": 13.367721}}
{"target": -4.660694465671881, "params": {"E_EA": 63.20861732130669, "E_MC": 28.1986762954602, "J": 8.937854922713285}, "datetime": {"datetime": "2024-05-07 22:40:16", "elapsed": 51.558777, "delta": 9.577525}}
{"target": -5.644100106907523, "params": {"E_EA": 61.03221835662531, "E_MC": 24.324807801072865, "J": 7.0928600297714475}, "datetime": {"datetime": "2024-05-07 22:40:28", "elapsed": 63.744611, "delta": 12.185834}}
{"target": -100.0, "params": {"E_EA": 91.82195177644009, "E_MC": 18.481853922316947, "J": 6.399935613395925}, "datetime": {"datetime": "2024-05-07 22:40:35", "elapsed": 0.0, "delta": 0.0}}
{"target": -55.123637391473174, "params": {"E_EA": 71.97703825600314, "E_MC": 11.018545568641118, "J": -8.568466057617927}, "datetime": {"datetime": "2024-05-07 22:40:36", "elapsed": 71.542449, "delta": 7.797838}}
{"target": -5.06334598532461, "params": {"E_EA": 67.14396817378714, "E_MC": 28.557519472292157, "J": 8.932019063567974}, "datetime": {"datetime": "2024-05-07 22:40:44", "elapsed": 8.934672, "delta": 8.934672}}
{"target": -6.346353368756723, "params": {"E_EA": 61.9241773863749, "E_MC": 22.16026681885672, "J": 7.0265323076092585}, "datetime": {"datetime": "2024-05-07 22:40:46", "elapsed": 81.08926, "delta": 9.546811}}
{"target": -8.35892257659397, "params": {"E_EA": 73.10898260290739, "E_MC": 29.46379669528788, "J": 7.694259996894026}, "datetime": {"datetime": "2024-05-07 22:40:52", "elapsed": 17.595635, "delta": 8.660963}}
{"target": -6.714203818661462, "params": {"E_EA": 62.996259155789964, "E_MC": 22.864983027652073, "J": 5.782320057551118}, "datetime": {"datetime": "2024-05-07 22:41:02", "elapsed": 97.111018, "delta": 16.021758}}
{"target": -4.684875830514607, "params": {"E_EA": 59.49439223137396, "E_MC": 23.737998253616055, "J": 7.550587273187823}, "datetime": {"datetime": "2024-05-07 22:41:04", "elapsed": 29.278668, "delta": 11.683033}}
{"target": -7.46043221982464, "params": {"E_EA": 53.79314566214318, "E_MC": 19.070117177182254, "J": 6.912783712495223}, "datetime": {"datetime": "2024-05-07 22:41:16", "elapsed": 40.999222, "delta": 11.720554}}
{"target": -4.904751473265778, "params": {"E_EA": 61.284608848181925, "E_MC": 24.92413960484644, "J": 7.811129710120625}, "datetime": {"datetime": "2024-05-07 22:41:25", "elapsed": 49.954921, "delta": 8.955699}}
{"target": -4.581784432589601, "params": {"E_EA": 58.8374159655741, "E_MC": 22.156601237894318, "J": 7.554802131118187}, "datetime": {"datetime": "2024-05-07 22:41:40", "elapsed": 64.769817, "delta": 14.814896}}
{"target": -5.236186659319654, "params": {"E_EA": 64.15213229656663, "E_MC": 25.06231243898372, "J": 7.162053941691088}, "datetime": {"datetime": "2024-05-07 22:41:54", "elapsed": 78.79944, "delta": 14.029623}}
{"target": -5.015752575365123, "params": {"E_EA": 61.76239545647251, "E_MC": 23.072334226981546, "J": 7.516824175072394}, "datetime": {"datetime": "2024-05-07 22:42:05", "elapsed": 90.355019, "delta": 11.555579}}
{"target": -7.083404410521652, "params": {"E_EA": 63.08366268999145, "E_MC": 24.324317261725863, "J": 6.3602004400987155}, "datetime": {"datetime": "2024-05-07 22:42:19", "elapsed": 104.392592, "delta": 14.037573}}
{"target": -5.26729809197674, "params": {"E_EA": 54.98081502733335, "E_MC": 19.291974168192198, "J": 6.592312777930237}, "datetime": {"datetime": "2024-05-07 22:42:24", "elapsed": 0.0, "delta": 0.0}}
{"target": -4.5646094946729985, "params": {"E_EA": 66.58005062174948, "E_MC": 25.95502929892498, "J": 6.891831283620277}, "datetime": {"datetime": "2024-05-07 22:42:39", "elapsed": 14.365929, "delta": 14.365929}}
{"target": -100.0, "params": {"E_EA": 36.2426150823551, "E_MC": 22.65075999525027, "J": 10.856911748610173}, "datetime": {"datetime": "2024-05-07 22:43:19", "elapsed": 54.869593, "delta": 40.503664}}
{"target": -4.4130629131188055, "params": {"E_EA": 63.79766127471403, "E_MC": 23.928061941465177, "J": 6.811556735608164}, "datetime": {"datetime": "2024-05-07 22:43:30", "elapsed": 65.521959, "delta": 10.652366}}
{"target": -4.864106885271011, "params": {"E_EA": 62.00260772102087, "E_MC": 24.127462491298186, "J": 7.841533909228371}, "datetime": {"datetime": "2024-05-07 22:43:38", "elapsed": 73.858571, "delta": 8.336612}}
{"target": -5.094834103999149, "params": {"E_EA": 61.93006506671254, "E_MC": 25.13770054354574, "J": 7.455379475749268}, "datetime": {"datetime": "2024-05-07 22:43:48", "elapsed": 83.920498, "delta": 10.061927}}
{"target": -5.703959635242764, "params": {"E_EA": 60.21416602787402, "E_MC": 23.635764076562523, "J": 8.156439136011585}, "datetime": {"datetime": "2024-05-07 22:43:58", "elapsed": 93.671171, "delta": 9.750673}}
